[                                               
   {                                             
     "Plan": {                                   
       "Node Type": "Nested Loop",               
       "Parallel Aware": false,                  
       "Join Type": "Inner",                     
       "Startup Cost": 0.00,                     
       "Total Cost": 116978.05,                  
       "Plan Rows": 120,                         
       "Plan Width": 196,                        
       "Actual Startup Time": 2679.077,          
       "Actual Total Time": 69559.378,           
       "Actual Rows": 8782,                      
       "Actual Loops": 1,                        
       "Inner Unique": true,                     
       "Join Filter": "(pi.person_id = n.id)",   
       "Rows Removed by Join Filter": 457898037, 
       "Shared Hit Blocks": 0,                   
       "Shared Read Blocks": 106431,             
       "Shared Dirtied Blocks": 0,               
       "Shared Written Blocks": 0,               
       "Local Hit Blocks": 0,                    
       "Local Read Blocks": 0,                   
       "Local Dirtied Blocks": 0,                
       "Local Written Blocks": 0,                
       "Temp Read Blocks": 0,                    
       "Temp Written Blocks": 0,                 
       "Plans": [                                
         {                                       
           "Node Type": "Seq Scan",              
           "Parent Relationship": "Outer",       
           "Parallel Aware": false,              
           "Relation Name": "person_info",       
           "Alias": "pi",                        
           "Startup Cost": 0.00,                 
           "Total Cost": 2029.02,                
           "Plan Rows": 50000,                   
           "Plan Width": 122,                    
           "Actual Startup Time": 30.719,        
           "Actual Total Time": 2379.075,        
           "Actual Rows": 50000,                 
           "Actual Loops": 1,                    
           "Filter": "(id <= 50000)",            
           "Rows Removed by Filter": 2913664,    
           "Shared Hit Blocks": 0,               
           "Shared Read Blocks": 50818,          
           "Shared Dirtied Blocks": 0,           
           "Shared Written Blocks": 0,           
           "Local Hit Blocks": 0,                
           "Local Read Blocks": 0,               
           "Local Dirtied Blocks": 0,            
           "Local Written Blocks": 0,            
           "Temp Read Blocks": 0,                
           "Temp Written Blocks": 0              
         },                                      
         {                                       
           "Node Type": "Materialize",           
           "Parent Relationship": "Inner",       
           "Parallel Aware": false,              
           "Startup Cost": 0.00,                 
           "Total Cost": 2357.68,                
           "Plan Rows": 10034,                   
           "Plan Width": 74,                     
           "Actual Startup Time": 0.001,         
           "Actual Total Time": 0.472,           
           "Actual Rows": 9158,                  
           "Actual Loops": 50000,                
           "Shared Hit Blocks": 0,               
           "Shared Read Blocks": 55613,          
           "Shared Dirtied Blocks": 0,           
           "Shared Written Blocks": 0,           
           "Local Hit Blocks": 0,                
           "Local Read Blocks": 0,               
           "Local Dirtied Blocks": 0,            
           "Local Written Blocks": 0,            
           "Temp Read Blocks": 0,                
           "Temp Written Blocks": 0,             
           "Plans": [                            
             {                                   
               "Node Type": "Seq Scan",          
               "Parent Relationship": "Outer",   
               "Parallel Aware": false,          
               "Relation Name": "name",          
               "Alias": "n",                     
               "Startup Cost": 0.00,             
               "Total Cost": 2356.12,            
               "Plan Rows": 10034,               
               "Plan Width": 74,                 
               "Actual Startup Time": 42.175,    
               "Actual Total Time": 2632.632,    
               "Actual Rows": 10000,             
               "Actual Loops": 1,                
               "Filter": "(id <= 10000)",        
               "Rows Removed by Filter": 4157491,
               "Shared Hit Blocks": 0,           
               "Shared Read Blocks": 55613,      
               "Shared Dirtied Blocks": 0,       
               "Shared Written Blocks": 0,       
               "Local Hit Blocks": 0,            
               "Local Read Blocks": 0,           
               "Local Dirtied Blocks": 0,        
               "Local Written Blocks": 0,        
               "Temp Read Blocks": 0,            
               "Temp Written Blocks": 0          
             }                                   
           ]                                     
         }                                       
       ]                                         
     },                                          
     "Planning Time": 416.768,                   
     "Triggers": [                               
     ],                                          
     "Execution Time": 69563.031                 
   }                                             
 ]
