                                                                                               QUERY PLAN                                                                                                
---------------------------------------------------------------------------------------------------------------------------------------------------------------------------------------------------------
 Aggregate  (cost=131.31..131.31 rows=1 width=64) (actual time=27594.593..27594.593 rows=1 loops=1)
   Buffers: shared hit=144751 read=38347
   ->  Nested Loop  (cost=0.11..131.30 rows=18 width=33) (actual time=1075.027..27593.470 rows=385 loops=1)
         Join Filter: (an.person_id = n.id)
         Buffers: shared hit=144751 read=38347
         ->  Nested Loop  (cost=0.10..130.95 rows=18 width=41) (actual time=1048.071..26146.543 rows=385 loops=1)
               Buffers: shared hit=143420 read=38138
               ->  Nested Loop  (cost=0.08..130.64 rows=21 width=21) (actual time=999.266..21733.358 rows=323 loops=1)
                     Join Filter: (t.id = ci.movie_id)
                     Buffers: shared hit=142468 read=37853
                     ->  Nested Loop  (cost=0.07..130.11 rows=2 width=29) (actual time=944.920..19215.073 rows=25 loops=1)
                           Buffers: shared hit=142310 read=37635
                           ->  Nested Loop  (cost=0.05..130.02 rows=5 width=33) (actual time=854.133..18511.226 rows=54 loops=1)
                                 Join Filter: (t.id = mc.movie_id)
                                 Buffers: shared hit=142136 read=37593
                                 ->  Nested Loop  (cost=0.04..129.99 rows=1 width=25) (actual time=728.305..17665.157 rows=146 loops=1)
                                       Buffers: shared hit=141716 read=37530
                                       ->  Nested Loop  (cost=0.03..128.54 rows=34 width=4) (actual time=52.038..2416.661 rows=41840 loops=1)
                                             Buffers: shared hit=3 read=11659
                                             ->  Index Scan using keyword_idx_keyword on keyword k  (cost=0.01..6.13 rows=1 width=4) (actual time=41.685..41.687 rows=1 loops=1)
                                                   Index Cond: (keyword = 'character-name-in-title'::text)
                                                   Buffers: shared read=4
                                             ->  Index Scan using movie_keyword_idx_keywordid on movie_keyword mk  (cost=0.01..122.40 rows=39 width=8) (actual time=10.307..2355.808 rows=41840 loops=1)
                                                   Index Cond: (keyword_id = k.id)
                                                   Buffers: shared hit=3 read=11655
                                       ->  Index Scan using title_idx_id on title t  (cost=0.01..0.04 rows=1 width=21) (actual time=0.363..0.363 rows=0 loops=41840)
                                             Index Cond: (id = mk.movie_id)
                                             Filter: ((episode_nr >= 50) AND (episode_nr < 100))
                                             Rows Removed by Filter: 1
                                             Buffers: shared hit=141713 read=25871
                                 ->  Index Scan using movie_companies_idx_mid on movie_companies mc  (cost=0.01..0.03 rows=2 width=8) (actual time=5.018..5.792 rows=0 loops=146)
                                       Index Cond: (movie_id = mk.movie_id)
                                       Buffers: shared hit=420 read=63
                           ->  Index Scan using company_name_pkey on company_name cn  (cost=0.01..0.02 rows=1 width=4) (actual time=13.028..13.028 rows=0 loops=54)
                                 Index Cond: (id = mc.company_id)
                                 Filter: ((country_code)::text = '[us]'::text)
                                 Rows Removed by Filter: 1
                                 Buffers: shared hit=174 read=42
                     ->  Index Scan using cast_info_idx_mid on cast_info ci  (cost=0.02..0.26 rows=23 width=8) (actual time=26.789..100.687 rows=13 loops=25)
                           Index Cond: (movie_id = mk.movie_id)
                           Buffers: shared hit=158 read=218
               ->  Index Scan using aka_name_idx_person on aka_name an  (cost=0.01..0.01 rows=2 width=20) (actual time=12.872..13.657 rows=1 loops=323)
                     Index Cond: (person_id = ci.person_id)
                     Buffers: shared hit=952 read=285
         ->  Index Scan using name_pkey on name n  (cost=0.01..0.02 rows=1 width=4) (actual time=3.753..3.753 rows=1 loops=385)
               Index Cond: (id = ci.person_id)
               Buffers: shared hit=1331 read=209
 Planning Time: 7661.883 ms
 Execution Time: 27595.369 ms
(49 rows)

