                                                                                                     QUERY PLAN                                                                                                     
--------------------------------------------------------------------------------------------------------------------------------------------------------------------------------------------------------------------
 Aggregate  (cost=1029.72..1029.72 rows=1 width=32) (actual time=1098709.727..1098709.728 rows=1 loops=1)
   Buffers: shared hit=1692370 read=195388
   ->  Nested Loop  (cost=0.10..1029.72 rows=1 width=17) (actual time=33696.942..1098709.580 rows=33 loops=1)
         Buffers: shared hit=1692370 read=195388
         ->  Nested Loop  (cost=0.08..1029.70 rows=1 width=21) (actual time=33673.790..1098640.159 rows=33 loops=1)
               Buffers: shared hit=1692252 read=195374
               ->  Nested Loop  (cost=0.07..1029.60 rows=6 width=25) (actual time=1879.728..880965.028 rows=532809 loops=1)
                     Join Filter: (t.id = ci.movie_id)
                     Buffers: shared hit=714028 read=151414
                     ->  Nested Loop  (cost=0.05..1029.33 rows=1 width=29) (actual time=1829.930..81221.850 rows=6016 loops=1)
                           Join Filter: (t.kind_id = kt.id)
                           Rows Removed by Join Filter: 1347
                           Buffers: shared hit=297972 read=23645
                           ->  Seq Scan on kind_type kt  (cost=0.00..0.03 rows=1 width=4) (actual time=0.006..0.012 rows=1 loops=1)
                                 Filter: ((kind)::text = 'movie'::text)
                                 Rows Removed by Filter: 6
                                 Buffers: shared hit=1
                           ->  Nested Loop  (cost=0.05..1029.30 rows=5 width=33) (actual time=139.722..81210.161 rows=7363 loops=1)
                                 Buffers: shared hit=297971 read=23645
                                 ->  Nested Loop  (cost=0.04..1029.09 rows=5 width=8) (actual time=90.644..21826.753 rows=8765 loops=1)
                                       Join Filter: (cc.status_id = cct2.id)
                                       Rows Removed by Join Filter: 8765
                                       Buffers: shared hit=270584 read=15952
                                       ->  Seq Scan on comp_cast_type cct2  (cost=0.00..0.03 rows=1 width=4) (actual time=0.004..0.008 rows=2 loops=1)
                                             Filter: ((kind)::text ~~ '%complete%'::text)
                                             Rows Removed by Filter: 2
                                             Buffers: shared hit=1
                                       ->  Nested Loop  (cost=0.04..1029.05 rows=20 width=12) (actual time=45.408..10906.260 rows=8765 loops=2)
                                             Join Filter: (cc.subject_id = cct1.id)
                                             Rows Removed by Join Filter: 4045
                                             Buffers: shared hit=270583 read=15952
                                             ->  Seq Scan on comp_cast_type cct1  (cost=0.00..0.03 rows=1 width=4) (actual time=0.002..0.010 rows=1 loops=2)
                                                   Filter: ((kind)::text = 'cast'::text)
                                                   Rows Removed by Filter: 3
                                                   Buffers: shared hit=2
                                             ->  Nested Loop  (cost=0.04..1029.01 rows=82 width=16) (actual time=45.394..10894.214 rows=12810 loops=2)
                                                   Buffers: shared hit=270581 read=15952
                                                   ->  Nested Loop  (cost=0.03..1025.21 rows=270 width=4) (actual time=22.163..9087.390 rows=35548 loops=2)
                                                         Buffers: shared hit=32379 read=14908
                                                         ->  Index Scan using keyword_idx_keyword on keyword k  (cost=0.01..49.06 rows=8 width=4) (actual time=17.358..132.423 rows=8 loops=2)
                                                               Index Cond: (keyword = ANY ('{superhero,sequel,second-part,marvel-comics,based-on-comic,tv-special,fight,violence}'::text[]))
                                                               Buffers: shared hit=47 read=20
                                                         ->  Index Scan using movie_keyword_idx_keywordid on movie_keyword mk  (cost=0.01..122.02 rows=39 width=8) (actual time=9.897..1116.338 rows=4444 loops=16)
                                                               Index Cond: (keyword_id = k.id)
                                                               Buffers: shared hit=32332 read=14888
                                                   ->  Index Scan using complete_cast_idx_mid on complete_cast cc  (cost=0.01..0.01 rows=1 width=12) (actual time=0.034..0.049 rows=0 loops=71096)
                                                         Index Cond: (movie_id = mk.movie_id)
                                                         Buffers: shared hit=238202 read=1044
                                 ->  Index Scan using title_idx_id on title t  (cost=0.01..0.04 rows=1 width=25) (actual time=6.771..6.771 rows=1 loops=8765)
                                       Index Cond: (id = mk.movie_id)
                                       Filter: (production_year > 1950)
                                       Rows Removed by Filter: 0
                                       Buffers: shared hit=27387 read=7693
                     ->  Index Scan using cast_info_idx_mid on cast_info ci  (cost=0.02..0.26 rows=23 width=12) (actual time=15.153..132.788 rows=89 loops=6016)
                           Index Cond: (movie_id = mk.movie_id)
                           Buffers: shared hit=416056 read=127769
               ->  Index Scan using char_name_pkey on char_name chn  (cost=0.01..0.02 rows=1 width=4) (actual time=0.406..0.406 rows=0 loops=532809)
                     Index Cond: (id = ci.person_role_id)
                     Filter: ((name !~~ '%Sherlock%'::text) AND ((name ~~ '%Tony%Stark%'::text) OR (name ~~ '%Iron%Man%'::text)))
                     Rows Removed by Filter: 0
                     Buffers: shared hit=978224 read=43960
         ->  Index Scan using name_pkey on name n  (cost=0.01..0.02 rows=1 width=4) (actual time=2.100..2.100 rows=1 loops=33)
               Index Cond: (id = ci.person_id)
               Buffers: shared hit=118 read=14
 Planning Time: 5824.553 ms
 Execution Time: 1098710.189 ms
(66 rows)

