                                                                                                   QUERY PLAN                                                                                                   
----------------------------------------------------------------------------------------------------------------------------------------------------------------------------------------------------------------
 Aggregate  (cost=559.52..559.52 rows=1 width=128) (actual time=309670.112..309670.113 rows=1 loops=1)
   Buffers: shared hit=1284387 read=71604
   ->  Nested Loop  (cost=0.15..559.52 rows=1 width=54) (actual time=10525.429..309644.782 rows=1728 loops=1)
         Buffers: shared hit=1284387 read=71604
         ->  Nested Loop  (cost=0.13..559.50 rows=1 width=43) (actual time=10511.500..296577.029 rows=1728 loops=1)
               Buffers: shared hit=1279405 read=69671
               ->  Nested Loop  (cost=0.12..559.25 rows=14 width=31) (actual time=9754.613..218460.744 rows=58947 loops=1)
                     Join Filter: (t.id = ci.movie_id)
                     Buffers: shared hit=1200220 read=56801
                     ->  Nested Loop  (cost=0.10..558.99 rows=1 width=39) (actual time=9705.643..61227.738 rows=326 loops=1)
                           Buffers: shared hit=1168243 read=30237
                           ->  Nested Loop  (cost=0.09..558.93 rows=4 width=43) (actual time=9402.643..57514.118 rows=79039 loops=1)
                                 Buffers: shared hit=852717 read=28808
                                 ->  Nested Loop  (cost=0.07..558.73 rows=2 width=35) (actual time=9370.015..40704.585 rows=647 loops=1)
                                       Join Filter: (t.kind_id = kt.id)
                                       Rows Removed by Join Filter: 5355
                                       Buffers: shared hit=851387 read=26982
                                       ->  Seq Scan on kind_type kt  (cost=0.00..0.03 rows=1 width=4) (actual time=0.006..0.009 rows=1 loops=1)
                                             Filter: ((kind)::text = 'movie'::text)
                                             Rows Removed by Filter: 6
                                             Buffers: shared hit=1
                                       ->  Nested Loop  (cost=0.07..558.70 rows=17 width=39) (actual time=317.771..40701.421 rows=6002 loops=1)
                                             Join Filter: (cc.movie_id = t.id)
                                             Buffers: shared hit=851386 read=26982
                                             ->  Nested Loop  (cost=0.06..536.47 rows=32 width=14) (actual time=0.084..3017.248 rows=17898 loops=1)
                                                   Join Filter: (cct2.id = cc.status_id)
                                                   Rows Removed by Join Filter: 17898
                                                   Buffers: shared hit=797196 read=9501
                                                   ->  Seq Scan on comp_cast_type cct2  (cost=0.00..0.03 rows=1 width=4) (actual time=0.004..0.007 rows=2 loops=1)
                                                         Filter: ((kind)::text ~~ '%complete%'::text)
                                                         Rows Removed by Filter: 2
                                                         Buffers: shared hit=1
                                                   ->  Nested Loop  (cost=0.06..536.42 rows=126 width=18) (actual time=0.061..1500.059 rows=17898 loops=2)
                                                         Join Filter: (cct1.id = cc.subject_id)
                                                         Rows Removed by Join Filter: 12016
                                                         Buffers: shared hit=797195 read=9501
                                                         ->  Seq Scan on comp_cast_type cct1  (cost=0.00..0.03 rows=1 width=4) (actual time=0.002..0.005 rows=1 loops=2)
                                                               Filter: ((kind)::text = 'cast'::text)
                                                               Rows Removed by Filter: 3
                                                               Buffers: shared hit=2
                                                         ->  Nested Loop  (cost=0.06..536.31 rows=502 width=22) (actual time=0.057..1484.831 rows=29914 loops=2)
                                                               Buffers: shared hit=797193 read=9501
                                                               ->  Hash Join  (cost=0.05..483.66 rows=1708 width=10) (actual time=0.041..733.583 rows=121572 loops=2)
                                                                     Hash Cond: (mi_idx.info_type_id = it2.id)
                                                                     Buffers: shared hit=8459 read=8451
                                                                     ->  Seq Scan on movie_info_idx mi_idx  (cost=0.00..467.71 rows=192955 width=14) (actual time=0.021..633.956 rows=192967 loops=2)
                                                                           Filter: (info > '7.0'::text)
                                                                           Rows Removed by Filter: 1187068
                                                                           Buffers: shared hit=8455 read=8451
                                                                     ->  Hash  (cost=0.05..0.05 rows=1 width=4) (actual time=0.019..0.019 rows=1 loops=1)
                                                                           Buckets: 1024  Batches: 1  Memory Usage: 9kB
                                                                           Buffers: shared hit=1
                                                                           ->  Seq Scan on info_type it2  (cost=0.00..0.05 rows=1 width=4) (actual time=0.013..0.015 rows=1 loops=1)
                                                                                 Filter: ((info)::text = 'rating'::text)
                                                                                 Rows Removed by Filter: 112
                                                                                 Buffers: shared hit=1
                                                               ->  Index Scan using complete_cast_idx_mid on complete_cast cc  (cost=0.01..0.03 rows=1 width=12) (actual time=0.005..0.005 rows=0 loops=243144)
                                                                     Index Cond: (movie_id = mi_idx.movie_id)
                                                                     Buffers: shared hit=788734 read=1050
                                             ->  Index Scan using title_idx_id on title t  (cost=0.01..0.69 rows=1 width=25) (actual time=2.104..2.104 rows=0 loops=17898)
                                                   Index Cond: (id = mi_idx.movie_id)
                                                   Filter: (production_year > 2000)
                                                   Rows Removed by Filter: 1
                                                   Buffers: shared hit=54190 read=17481
                                 ->  Index Scan using movie_keyword_idx_mid on movie_keyword mk  (cost=0.01..0.10 rows=11 width=8) (actual time=22.665..25.901 rows=122 loops=647)
                                       Index Cond: (movie_id = t.id)
                                       Buffers: shared hit=1330 read=1826
                           ->  Index Scan using keyword_pkey on keyword k  (cost=0.01..0.01 rows=1 width=4) (actual time=0.046..0.046 rows=0 loops=79039)
                                 Index Cond: (id = mk.keyword_id)
                                 Filter: (keyword = ANY ('{superhero,marvel-comics,based-on-comic,tv-special,fight,violence,magnet,web,claw,laser}'::text[]))
                                 Rows Removed by Filter: 1
                                 Buffers: shared hit=315526 read=1429
                     ->  Index Scan using cast_info_idx_mid on cast_info ci  (cost=0.02..0.26 rows=23 width=12) (actual time=26.077..481.851 rows=181 loops=326)
                           Index Cond: (movie_id = mk.movie_id)
                           Buffers: shared hit=31977 read=26564
               ->  Index Scan using char_name_pkey on char_name chn  (cost=0.01..0.02 rows=1 width=20) (actual time=1.322..1.322 rows=0 loops=58947)
                     Index Cond: (id = ci.person_role_id)
                     Filter: ((name IS NOT NULL) AND ((name ~~ '%man%'::text) OR (name ~~ '%Man%'::text)))
                     Rows Removed by Filter: 0
                     Buffers: shared hit=79185 read=12870
         ->  Index Scan using name_pkey on name n  (cost=0.01..0.02 rows=1 width=19) (actual time=7.556..7.556 rows=1 loops=1728)
               Index Cond: (id = ci.person_id)
               Buffers: shared hit=4982 read=1933
 Planning Time: 10215.251 ms
 Execution Time: 309670.561 ms
(85 rows)

