                                                                                                          QUERY PLAN                                                                                                           
-------------------------------------------------------------------------------------------------------------------------------------------------------------------------------------------------------------------------------
 Aggregate  (cost=129.28..129.28 rows=1 width=96) (actual time=3430.725..3430.725 rows=1 loops=1)
   Buffers: shared hit=63582 read=5857
   ->  Nested Loop  (cost=0.10..129.28 rows=1 width=48) (actual time=1208.944..3406.780 rows=477 loops=1)
         Buffers: shared hit=63582 read=5857
         ->  Nested Loop  (cost=0.09..129.26 rows=1 width=33) (actual time=1113.459..3207.033 rows=1106 loops=1)
               Join Filter: (cc.status_id = cct2.id)
               Rows Removed by Join Filter: 456
               Buffers: shared hit=59178 read=5837
               ->  Nested Loop  (cost=0.09..129.23 rows=1 width=37) (actual time=1113.436..3201.070 rows=1562 loops=1)
                     Join Filter: (ml.movie_id = mi.movie_id)
                     Buffers: shared hit=57616 read=5837
                     ->  Nested Loop  (cost=0.08..129.08 rows=1 width=57) (actual time=219.924..2420.623 rows=552 loops=1)
                           Join Filter: (ct.id = mc.company_type_id)
                           Rows Removed by Join Filter: 29
                           Buffers: shared hit=49647 read=5738
                           ->  Seq Scan on company_type ct  (cost=0.00..0.03 rows=1 width=4) (actual time=0.006..0.008 rows=1 loops=1)
                                 Filter: ((kind)::text = 'production companies'::text)
                                 Rows Removed by Filter: 3
                                 Buffers: shared hit=1
                           ->  Nested Loop  (cost=0.08..129.04 rows=1 width=61) (actual time=219.913..2420.221 rows=581 loops=1)
                                 Join Filter: (ml.movie_id = mc.movie_id)
                                 Buffers: shared hit=49646 read=5738
                                 ->  Nested Loop  (cost=0.06..129.01 rows=1 width=49) (actual time=165.348..2148.687 rows=98 loops=1)
                                       Join Filter: (cct1.id = cc.subject_id)
                                       Rows Removed by Join Filter: 20
                                       Buffers: shared hit=49195 read=5714
                                       ->  Nested Loop  (cost=0.06..128.98 rows=1 width=53) (actual time=165.329..2148.124 rows=98 loops=1)
                                             Join Filter: (ml.movie_id = cc.movie_id)
                                             Buffers: shared hit=49097 read=5714
                                             ->  Nested Loop  (cost=0.05..128.97 rows=1 width=41) (actual time=121.395..2062.057 rows=152 loops=1)
                                                   Join Filter: (ml.movie_id = t.id)
                                                   Buffers: shared hit=48562 read=5695
                                                   ->  Nested Loop  (cost=0.04..128.92 rows=1 width=20) (actual time=34.234..1443.497 rows=199 loops=1)
                                                         Join Filter: (ml.link_type_id = lt.id)
                                                         Rows Removed by Join Filter: 303
                                                         Buffers: shared hit=47817 read=5644
                                                         ->  Seq Scan on link_type lt  (cost=0.00..0.03 rows=1 width=16) (actual time=0.004..0.016 rows=2 loops=1)
                                                               Filter: ((link)::text ~~ '%follow%'::text)
                                                               Rows Removed by Filter: 16
                                                               Buffers: shared hit=1
                                                         ->  Nested Loop  (cost=0.04..128.89 rows=3 width=12) (actual time=17.132..721.609 rows=251 loops=2)
                                                               Buffers: shared hit=47816 read=5644
                                                               ->  Nested Loop  (cost=0.03..128.54 rows=34 width=4) (actual time=17.111..635.203 rows=10544 loops=2)
                                                                     Buffers: shared hit=5608 read=5604
                                                                     ->  Index Scan using keyword_idx_keyword on keyword k  (cost=0.01..6.13 rows=1 width=4) (actual time=9.215..9.217 rows=1 loops=2)
                                                                           Index Cond: (keyword = 'sequel'::text)
                                                                           Buffers: shared hit=4 read=4
                                                                     ->  Index Scan using movie_keyword_idx_keywordid on movie_keyword mk  (cost=0.01..122.40 rows=39 width=8) (actual time=7.891..621.973 rows=10544 loops=2)
                                                                           Index Cond: (keyword_id = k.id)
                                                                           Buffers: shared hit=5604 read=5600
                                                               ->  Index Scan using movie_link_idx_mid on movie_link ml  (cost=0.01..0.01 rows=5 width=8) (actual time=0.007..0.007 rows=0 loops=21088)
                                                                     Index Cond: (movie_id = mk.movie_id)
                                                                     Buffers: shared hit=42208 read=40
                                                   ->  Index Scan using title_idx_id on title t  (cost=0.01..0.04 rows=1 width=21) (actual time=3.106..3.106 rows=1 loops=199)
                                                         Index Cond: (id = mk.movie_id)
                                                         Filter: ((production_year >= 1950) AND (production_year <= 2000))
                                                         Rows Removed by Filter: 0
                                                         Buffers: shared hit=745 read=51
                                             ->  Index Scan using complete_cast_idx_mid on complete_cast cc  (cost=0.01..0.01 rows=1 width=12) (actual time=0.435..0.564 rows=1 loops=152)
                                                   Index Cond: (movie_id = mk.movie_id)
                                                   Buffers: shared hit=535 read=19
                                       ->  Seq Scan on comp_cast_type cct1  (cost=0.00..0.03 rows=2 width=4) (actual time=0.002..0.002 rows=1 loops=98)
                                             Filter: ((kind)::text = ANY ('{cast,crew}'::text[]))
                                             Buffers: shared hit=98
                                 ->  Index Scan using movie_companies_idx_mid on movie_companies mc  (cost=0.01..0.03 rows=1 width=12) (actual time=2.391..2.765 rows=6 loops=98)
                                       Index Cond: (movie_id = mk.movie_id)
                                       Filter: (note IS NULL)
                                       Rows Removed by Filter: 1
                                       Buffers: shared hit=451 read=24
                     ->  Index Scan using movie_info_idx_mid on movie_info mi  (cost=0.01..0.15 rows=1 width=4) (actual time=1.295..1.411 rows=3 loops=552)
                           Index Cond: (movie_id = mk.movie_id)
                           Filter: (info = ANY ('{Sweden,Germany,Swedish,German}'::text[]))
                           Rows Removed by Filter: 17
                           Buffers: shared hit=7969 read=99
               ->  Seq Scan on comp_cast_type cct2  (cost=0.00..0.03 rows=1 width=4) (actual time=0.002..0.002 rows=1 loops=1562)
                     Filter: ((kind)::text = 'complete'::text)
                     Rows Removed by Filter: 2
                     Buffers: shared hit=1562
         ->  Index Scan using company_name_pkey on company_name cn  (cost=0.01..0.02 rows=1 width=23) (actual time=0.179..0.179 rows=0 loops=1106)
               Index Cond: (id = mc.company_id)
               Filter: (((country_code)::text <> '[pl]'::text) AND ((name ~~ '%Film%'::text) OR (name ~~ '%Warner%'::text)))
               Rows Removed by Filter: 1
               Buffers: shared hit=4404 read=20
 Planning Time: 11044.425 ms
 Execution Time: 3431.163 ms
(85 rows)

