                                                                                                        QUERY PLAN                                                                                                        
--------------------------------------------------------------------------------------------------------------------------------------------------------------------------------------------------------------------------
 Aggregate  (cost=903.25..903.25 rows=1 width=128) (actual time=263370.100..263370.101 rows=1 loops=1)
   Buffers: shared hit=3208899 read=84971
   ->  Nested Loop  (cost=0.12..903.25 rows=1 width=80) (actual time=13437.603..263366.484 rows=1273 loops=1)
         Join Filter: (mi.movie_id = t.id)
         Buffers: shared hit=3208899 read=84971
         ->  Nested Loop  (cost=0.11..903.21 rows=1 width=83) (actual time=13384.930..259217.101 rows=1273 loops=1)
               Buffers: shared hit=3204018 read=84760
               ->  Nested Loop  (cost=0.10..903.02 rows=1 width=72) (actual time=13355.983..254919.558 rows=1556 loops=1)
                     Join Filter: (mi.info_type_id = it.id)
                     Rows Removed by Join Filter: 60
                     Buffers: shared hit=3198182 read=84360
                     ->  Nested Loop  (cost=0.10..902.98 rows=1 width=76) (actual time=13355.950..254904.639 rows=1616 loops=1)
                           Join Filter: (mi_idx.movie_id = mi.movie_id)
                           Buffers: shared hit=3196566 read=84360
                           ->  Nested Loop  (cost=0.08..902.82 rows=1 width=26) (actual time=2859.296..228029.014 rows=1471 loops=1)
                                 Join Filter: (mi_idx.movie_id = ci.movie_id)
                                 Buffers: shared hit=3163643 read=80781
                                 ->  Nested Loop  (cost=0.07..902.56 rows=1 width=18) (actual time=2663.600..77491.685 rows=1547 loops=1)
                                       Buffers: shared hit=3002936 read=55516
                                       ->  Nested Loop  (cost=0.05..902.29 rows=15 width=22) (actual time=38.597..55585.072 rows=598256 loops=1)
                                             Join Filter: (mi_idx.movie_id = mc.movie_id)
                                             Buffers: shared hit=609833 read=51681
                                             ->  Nested Loop  (cost=0.04..902.10 rows=6 width=14) (actual time=38.388..32163.141 rows=63701 loops=1)
                                                   Join Filter: (mi_idx.info_type_id = it.id)
                                                   Rows Removed by Join Filter: 127988
                                                   Buffers: shared hit=318300 read=31124
                                                   ->  Seq Scan on info_type it  (cost=0.00..0.05 rows=1 width=4) (actual time=0.054..0.057 rows=1 loops=1)
                                                         Filter: ((info)::text = 'votes'::text)
                                                         Rows Removed by Filter: 112
                                                         Buffers: shared hit=1
                                                   ->  Nested Loop  (cost=0.04..901.95 rows=710 width=18) (actual time=38.324..32089.838 rows=191689 loops=1)
                                                         Buffers: shared hit=318299 read=31124
                                                         ->  Nested Loop  (cost=0.03..896.68 rows=236 width=4) (actual time=37.788..18075.218 rows=76714 loops=1)
                                                               Buffers: shared hit=32400 read=21098
                                                               ->  Index Scan using keyword_idx_keyword on keyword k  (cost=0.01..42.93 rows=7 width=4) (actual time=22.837..220.394 rows=7 loops=1)
                                                                     Index Cond: (keyword = ANY ('{murder,violence,blood,gore,death,female-nudity,hospital}'::text[]))
                                                                     Buffers: shared hit=14 read=17
                                                               ->  Index Scan using movie_keyword_idx_keywordid on movie_keyword mk  (cost=0.01..121.96 rows=39 width=8) (actual time=9.660..2545.199 rows=10959 loops=7)
                                                                     Index Cond: (keyword_id = k.id)
                                                                     Buffers: shared hit=32386 read=21081
                                                         ->  Index Scan using movie_info_idx_idx_mid on movie_info_idx mi_idx  (cost=0.01..0.02 rows=3 width=14) (actual time=0.177..0.180 rows=2 loops=76714)
                                                               Index Cond: (movie_id = mk.movie_id)
                                                               Buffers: shared hit=285899 read=10026
                                             ->  Index Scan using movie_companies_idx_mid on movie_companies mc  (cost=0.01..0.03 rows=2 width=8) (actual time=0.270..0.361 rows=9 loops=63701)
                                                   Index Cond: (movie_id = mk.movie_id)
                                                   Buffers: shared hit=291533 read=20557
                                       ->  Index Scan using company_name_pkey on company_name cn  (cost=0.01..0.02 rows=1 width=4) (actual time=0.036..0.036 rows=0 loops=598256)
                                             Index Cond: (id = mc.company_id)
                                             Filter: (name ~~ 'Lionsgate%'::text)
                                             Rows Removed by Filter: 1
                                             Buffers: shared hit=2393103 read=3835
                                 ->  Index Scan using cast_info_idx_mid on cast_info ci  (cost=0.02..0.26 rows=1 width=8) (actual time=75.185..97.306 rows=1 loops=1547)
                                       Index Cond: (movie_id = mk.movie_id)
                                       Filter: (note = ANY ('{(writer),"(head writer)","(written by)",(story),"(story editor)"}'::text[]))
                                       Rows Removed by Filter: 119
                                       Buffers: shared hit=160707 read=25265
                           ->  Index Scan using movie_info_idx_mid on movie_info mi  (cost=0.01..0.15 rows=1 width=50) (actual time=18.159..18.267 rows=1 loops=1471)
                                 Index Cond: (movie_id = mk.movie_id)
                                 Filter: (info = ANY ('{Horror,Thriller}'::text[]))
                                 Rows Removed by Filter: 173
                                 Buffers: shared hit=32923 read=3579
                     ->  Seq Scan on info_type it  (cost=0.00..0.05 rows=1 width=4) (actual time=0.005..0.006 rows=1 loops=1616)
                           Filter: ((info)::text = 'genres'::text)
                           Rows Removed by Filter: 6
                           Buffers: shared hit=1616
               ->  Index Scan using name_pkey on name n  (cost=0.01..0.19 rows=1 width=19) (actual time=2.759..2.759 rows=1 loops=1556)
                     Index Cond: (id = ci.person_id)
                     Filter: ((gender)::text = 'm'::text)
                     Rows Removed by Filter: 0
                     Buffers: shared hit=5836 read=400
         ->  Index Scan using title_idx_id on title t  (cost=0.01..0.04 rows=1 width=21) (actual time=3.256..3.256 rows=1 loops=1273)
               Index Cond: (id = mk.movie_id)
               Buffers: shared hit=4881 read=211
 Planning Time: 15329.299 ms
 Execution Time: 263388.468 ms
(75 rows)

