                                                                                                       QUERY PLAN                                                                                                        
-------------------------------------------------------------------------------------------------------------------------------------------------------------------------------------------------------------------------
 Aggregate  (cost=650.49..650.49 rows=1 width=192) (actual time=12136.092..12136.093 rows=1 loops=1)
   Buffers: shared hit=3976 read=9453
   ->  Nested Loop  (cost=523.02..650.49 rows=1 width=84) (actual time=2628.290..12136.022 rows=8 loops=1)
         Buffers: shared hit=3976 read=9453
         ->  Nested Loop  (cost=523.02..650.49 rows=1 width=88) (actual time=2628.247..12135.915 rows=8 loops=1)
               Buffers: shared hit=3960 read=9453
               ->  Nested Loop  (cost=523.00..650.47 rows=1 width=73) (actual time=2602.614..11878.488 rows=28 loops=1)
                     Buffers: shared hit=3865 read=9436
                     ->  Nested Loop  (cost=523.00..650.46 rows=1 width=77) (actual time=2602.584..11878.226 rows=28 loops=1)
                           Join Filter: ((t1.id = mi_idx1.movie_id) AND (it1.id = mi_idx1.info_type_id))
                           Rows Removed by Join Filter: 56
                           Buffers: shared hit=3809 read=9436
                           ->  Nested Loop  (cost=522.99..650.15 rows=11 width=87) (actual time=2581.441..11812.678 rows=29 loops=1)
                                 Buffers: shared hit=3700 read=9430
                                 ->  Nested Loop  (cost=522.97..649.65 rows=11 width=79) (actual time=2571.424..11729.182 rows=11 loops=1)
                                       Buffers: shared hit=3662 read=9416
                                       ->  Nested Loop  (cost=522.96..617.95 rows=11 width=54) (actual time=2565.362..11639.014 rows=11 loops=1)
                                             Buffers: shared hit=3629 read=9405
                                             ->  Seq Scan on info_type it1  (cost=0.00..0.05 rows=1 width=4) (actual time=0.016..0.027 rows=1 loops=1)
                                                   Filter: ((info)::text = 'rating'::text)
                                                   Rows Removed by Filter: 112
                                                   Buffers: shared hit=1
                                             ->  Nested Loop  (cost=522.96..617.90 rows=11 width=50) (actual time=2565.342..11638.967 rows=11 loops=1)
                                                   Buffers: shared hit=3628 read=9405
                                                   ->  Nested Loop  (cost=522.95..617.71 rows=11 width=35) (actual time=2523.249..11497.874 rows=11 loops=1)
                                                         Join Filter: (t2.id = mc2.movie_id)
                                                         Buffers: shared hit=3596 read=9393
                                                         ->  Hash Join  (cost=522.93..616.23 rows=11 width=43) (actual time=2474.394..11342.607 rows=6 loops=1)
                                                               Hash Cond: (ml.link_type_id = lt.id)
                                                               Buffers: shared hit=3581 read=9381
                                                               ->  Nested Loop  (cost=522.90..616.19 rows=68 width=47) (actual time=652.119..11341.977 rows=353 loops=1)
                                                                     Join Filter: (ml.linked_movie_id = t2.id)
                                                                     Buffers: shared hit=3577 read=9381
                                                                     ->  Hash Join  (cost=522.89..533.59 rows=387 width=22) (actual time=612.787..648.580 rows=1085 loops=1)
                                                                           Hash Cond: (ml.linked_movie_id = mi_idx2.movie_id)
                                                                           Buffers: shared hit=5 read=8612
                                                                           ->  Seq Scan on movie_link ml  (cost=0.00..7.19 rows=29997 width=12) (actual time=0.003..12.684 rows=29997 loops=1)
                                                                                 Buffers: shared hit=2 read=161
                                                                           ->  Hash  (cost=522.03..522.03 rows=5826 width=10) (actual time=612.749..612.749 rows=25591 loops=1)
                                                                                 Buckets: 32768 (originally 8192)  Batches: 1 (originally 1)  Memory Usage: 1256kB
                                                                                 Buffers: shared hit=3 read=8451
                                                                                 ->  Hash Join  (cost=0.05..522.03 rows=5826 width=10) (actual time=0.047..603.496 rows=25591 loops=1)
                                                                                       Hash Cond: (mi_idx2.info_type_id = it2.id)
                                                                                       Buffers: shared hit=3 read=8451
                                                                                       ->  Seq Scan on movie_info_idx mi_idx2  (cost=0.00..467.71 rows=658313 width=14) (actual time=0.004..502.130 rows=658295 loops=1)
                                                                                             Filter: (info < '3.0'::text)
                                                                                             Rows Removed by Filter: 721740
                                                                                             Buffers: shared hit=2 read=8451
                                                                                       ->  Hash  (cost=0.05..0.05 rows=1 width=4) (actual time=0.016..0.016 rows=1 loops=1)
                                                                                             Buckets: 1024  Batches: 1  Memory Usage: 9kB
                                                                                             Buffers: shared hit=1
                                                                                             ->  Seq Scan on info_type it2  (cost=0.00..0.05 rows=1 width=4) (actual time=0.012..0.013 rows=1 loops=1)
                                                                                                   Filter: ((info)::text = 'rating'::text)
                                                                                                   Rows Removed by Filter: 112
                                                                                                   Buffers: shared hit=1
                                                                     ->  Index Scan using title_idx_id on title t2  (cost=0.01..0.21 rows=1 width=25) (actual time=9.852..9.852 rows=0 loops=1085)
                                                                           Index Cond: (id = mi_idx2.movie_id)
                                                                           Filter: ((production_year >= 2005) AND (production_year <= 2008))
                                                                           Rows Removed by Filter: 1
                                                                           Buffers: shared hit=3572 read=769
                                                               ->  Hash  (cost=0.03..0.03 rows=3 width=4) (actual time=0.011..0.011 rows=2 loops=1)
                                                                     Buckets: 1024  Batches: 1  Memory Usage: 9kB
                                                                     Buffers: shared hit=1
                                                                     ->  Seq Scan on link_type lt  (cost=0.00..0.03 rows=3 width=4) (actual time=0.003..0.007 rows=2 loops=1)
                                                                           Filter: ((link)::text = ANY ('{sequel,follows,"followed by"}'::text[]))
                                                                           Rows Removed by Filter: 16
                                                                           Buffers: shared hit=1
                                                         ->  Index Scan using movie_companies_idx_mid on movie_companies mc2  (cost=0.01..0.13 rows=2 width=8) (actual time=24.875..25.866 rows=2 loops=6)
                                                               Index Cond: (movie_id = mi_idx2.movie_id)
                                                               Buffers: shared hit=15 read=12
                                                   ->  Index Scan using company_name_pkey on company_name cn2  (cost=0.01..0.02 rows=1 width=23) (actual time=12.819..12.819 rows=1 loops=11)
                                                         Index Cond: (id = mc2.company_id)
                                                         Buffers: shared hit=32 read=12
                                       ->  Index Scan using title_idx_id on title t1  (cost=0.01..2.88 rows=1 width=25) (actual time=8.189..8.189 rows=1 loops=11)
                                             Index Cond: (id = ml.movie_id)
                                             Buffers: shared hit=33 read=11
                                 ->  Index Scan using movie_companies_idx_mid on movie_companies mc1  (cost=0.01..0.05 rows=2 width=8) (actual time=6.532..7.579 rows=3 loops=11)
                                       Index Cond: (movie_id = t1.id)
                                       Buffers: shared hit=38 read=14
                           ->  Index Scan using movie_info_idx_idx_mid on movie_info_idx mi_idx1  (cost=0.01..0.03 rows=3 width=14) (actual time=2.251..2.254 rows=3 loops=29)
                                 Index Cond: (movie_id = mc1.movie_id)
                                 Buffers: shared hit=109 read=6
                     ->  Index Scan using kind_type_pkey on kind_type kt2  (cost=0.00..0.00 rows=1 width=4) (actual time=0.006..0.006 rows=1 loops=28)
                           Index Cond: (id = t2.kind_id)
                           Filter: ((kind)::text = 'tv series'::text)
                           Buffers: shared hit=56
               ->  Index Scan using company_name_pkey on company_name cn1  (cost=0.01..0.02 rows=1 width=23) (actual time=9.191..9.191 rows=0 loops=28)
                     Index Cond: (id = mc1.company_id)
                     Filter: ((country_code)::text = '[us]'::text)
                     Rows Removed by Filter: 1
                     Buffers: shared hit=95 read=17
         ->  Index Scan using kind_type_pkey on kind_type kt1  (cost=0.00..0.00 rows=1 width=4) (actual time=0.009..0.009 rows=1 loops=8)
               Index Cond: (id = t1.kind_id)
               Filter: ((kind)::text = 'tv series'::text)
               Buffers: shared hit=16
 Planning Time: 5954.602 ms
 Execution Time: 12136.681 ms
(97 rows)

