 [                                                                                                                        
   {                                                                                                                      
     "Plan": {                                                                                                            
       "Node Type": "Aggregate",                                                                                          
       "Strategy": "Plain",                                                                                               
       "Partial Mode": "Simple",                                                                                          
       "Parallel Aware": false,                                                                                           
       "Startup Cost": 833096.36,                                                                                         
       "Total Cost": 833096.36,                                                                                           
       "Plan Rows": 1,                                                                                                    
       "Plan Width": 64,                                                                                                  
       "Actual Startup Time": 613582.043,                                                                                 
       "Actual Total Time": 613582.044,                                                                                   
       "Actual Rows": 1,                                                                                                  
       "Actual Loops": 1,                                                                                                 
       "Shared Hit Blocks": 0,                                                                                            
       "Shared Read Blocks": 346884,                                                                                      
       "Shared Dirtied Blocks": 0,                                                                                        
       "Shared Written Blocks": 0,                                                                                        
       "Local Hit Blocks": 0,                                                                                             
       "Local Read Blocks": 0,                                                                                            
       "Local Dirtied Blocks": 0,                                                                                         
       "Local Written Blocks": 0,                                                                                         
       "Temp Read Blocks": 0,                                                                                             
       "Temp Written Blocks": 0,                                                                                          
       "Plans": [                                                                                                         
         {                                                                                                                
           "Node Type": "Nested Loop",                                                                                    
           "Parent Relationship": "Outer",                                                                                
           "Parallel Aware": false,                                                                                       
           "Join Type": "Inner",                                                                                          
           "Startup Cost": 0.00,                                                                                          
           "Total Cost": 833096.35,                                                                                       
           "Plan Rows": 4,                                                                                                
           "Plan Width": 33,                                                                                              
           "Actual Startup Time": 565234.250,                                                                             
           "Actual Total Time": 613581.826,                                                                               
           "Actual Rows": 104,                                                                                            
           "Actual Loops": 1,                                                                                             
           "Inner Unique": true,                                                                                          
           "Join Filter": "(mc.company_type_id = ct.id)",                                                                 
           "Rows Removed by Join Filter": 18,                                                                             
           "Shared Hit Blocks": 0,                                                                                        
           "Shared Read Blocks": 346884,                                                                                  
           "Shared Dirtied Blocks": 0,                                                                                    
           "Shared Written Blocks": 0,                                                                                    
           "Local Hit Blocks": 0,                                                                                         
           "Local Read Blocks": 0,                                                                                        
           "Local Dirtied Blocks": 0,                                                                                     
           "Local Written Blocks": 0,                                                                                     
           "Temp Read Blocks": 0,                                                                                         
           "Temp Written Blocks": 0,                                                                                      
           "Plans": [                                                                                                     
             {                                                                                                            
               "Node Type": "Nested Loop",                                                                                
               "Parent Relationship": "Outer",                                                                            
               "Parallel Aware": false,                                                                                   
               "Join Type": "Inner",                                                                                      
               "Startup Cost": 0.00,                                                                                      
               "Total Cost": 833096.32,                                                                                   
               "Plan Rows": 4,                                                                                            
               "Plan Width": 37,                                                                                          
               "Actual Startup Time": 565212.421,                                                                         
               "Actual Total Time": 613559.915,                                                                           
               "Actual Rows": 104,                                                                                        
               "Actual Loops": 1,                                                                                         
               "Inner Unique": false,                                                                                     
               "Join Filter": "(ci.person_role_id = chn.id)",                                                             
               "Rows Removed by Join Filter": 351717864,                                                                  
               "Shared Hit Blocks": 0,                                                                                    
               "Shared Read Blocks": 346883,                                                                              
               "Shared Dirtied Blocks": 0,                                                                                
               "Shared Written Blocks": 0,                                                                                
               "Local Hit Blocks": 0,                                                                                     
               "Local Read Blocks": 0,                                                                                    
               "Local Dirtied Blocks": 0,                                                                                 
               "Local Written Blocks": 0,                                                                                 
               "Temp Read Blocks": 0,                                                                                     
               "Temp Written Blocks": 0,                                                                                  
               "Plans": [                                                                                                 
                 {                                                                                                        
                   "Node Type": "Seq Scan",                                                                               
                   "Parent Relationship": "Outer",                                                                        
                   "Parallel Aware": false,                                                                               
                   "Relation Name": "char_name",                                                                          
                   "Alias": "chn",                                                                                        
                   "Startup Cost": 0.00,                                                                                  
                   "Total Cost": 1360.36,                                                                                 
                   "Plan Rows": 3140339,                                                                                  
                   "Plan Width": 20,                                                                                      
                   "Actual Startup Time": 25.088,                                                                         
                   "Actual Total Time": 484.007,                                                                          
                   "Actual Rows": 3140339,                                                                                
                   "Actual Loops": 1,                                                                                     
                   "Shared Hit Blocks": 0,                                                                                
                   "Shared Read Blocks": 36447,                                                                           
                   "Shared Dirtied Blocks": 0,                                                                            
                   "Shared Written Blocks": 0,                                                                            
                   "Local Hit Blocks": 0,                                                                                 
                   "Local Read Blocks": 0,                                                                                
                   "Local Dirtied Blocks": 0,                                                                             
                   "Local Written Blocks": 0,                                                                             
                   "Temp Read Blocks": 0,                                                                                 
                   "Temp Written Blocks": 0                                                                               
                 },                                                                                                       
                 {                                                                                                        
                   "Node Type": "Materialize",                                                                            
                   "Parent Relationship": "Inner",                                                                        
                   "Parallel Aware": false,                                                                               
                   "Startup Cost": 0.00,                                                                                  
                   "Total Cost": 826097.89,                                                                               
                   "Plan Rows": 8,                                                                                        
                   "Plan Width": 25,                                                                                      
                   "Actual Startup Time": 0.173,                                                                          
                   "Actual Total Time": 0.185,                                                                            
                   "Actual Rows": 112,                                                                                    
                   "Actual Loops": 3140339,                                                                               
                   "Shared Hit Blocks": 0,                                                                                
                   "Shared Read Blocks": 310436,                                                                          
                   "Shared Dirtied Blocks": 0,                                                                            
                   "Shared Written Blocks": 0,                                                                            
                   "Local Hit Blocks": 0,                                                                                 
                   "Local Read Blocks": 0,                                                                                
                   "Local Dirtied Blocks": 0,                                                                             
                   "Local Written Blocks": 0,                                                                             
                   "Temp Read Blocks": 0,                                                                                 
                   "Temp Written Blocks": 0,                                                                              
                   "Plans": [                                                                                             
                     {                                                                                                    
                       "Node Type": "Nested Loop",                                                                        
                       "Parent Relationship": "Outer",                                                                    
                       "Parallel Aware": false,                                                                           
                       "Join Type": "Inner",                                                                              
                       "Startup Cost": 0.00,                                                                              
                       "Total Cost": 826097.89,                                                                           
                       "Plan Rows": 8,                                                                                    
                       "Plan Width": 25,                                                                                  
                       "Actual Startup Time": 543966.395,                                                                 
                       "Actual Total Time": 565168.323,                                                                   
                       "Actual Rows": 112,                                                                                
                       "Actual Loops": 1,                                                                                 
                       "Inner Unique": false,                                                                             
                       "Join Filter": "(mc.movie_id = t.id)",                                                             
                       "Rows Removed by Join Filter": 278552888,                                                          
                       "Shared Hit Blocks": 0,                                                                            
                       "Shared Read Blocks": 310436,                                                                      
                       "Shared Dirtied Blocks": 0,                                                                        
                       "Shared Written Blocks": 0,                                                                        
                       "Local Hit Blocks": 0,                                                                             
                       "Local Read Blocks": 0,                                                                            
                       "Local Dirtied Blocks": 0,                                                                         
                       "Local Written Blocks": 0,                                                                         
                       "Temp Read Blocks": 0,                                                                             
                       "Temp Written Blocks": 0,                                                                          
                       "Plans": [                                                                                         
                         {                                                                                                
                           "Node Type": "Seq Scan",                                                                       
                           "Parent Relationship": "Outer",                                                                
                           "Parallel Aware": false,                                                                       
                           "Relation Name": "title",                                                                      
                           "Alias": "t",                                                                                  
                           "Startup Cost": 0.00,                                                                          
                           "Total Cost": 1500.26,                                                                         
                           "Plan Rows": 1012920,                                                                          
                           "Plan Width": 21,                                                                              
                           "Actual Startup Time": 4.828,                                                                  
                           "Actual Total Time": 576.760,                                                                  
                           "Actual Rows": 1012920,                                                                        
                           "Actual Loops": 1,                                                                             
                           "Filter": "(production_year > 2005)",                                                          
                           "Rows Removed by Filter": 1515392,                                                             
                           "Shared Hit Blocks": 0,                                                                        
                           "Shared Read Blocks": 35998,                                                                   
                           "Shared Dirtied Blocks": 0,                                                                    
                           "Shared Written Blocks": 0,                                                                    
                           "Local Hit Blocks": 0,                                                                         
                           "Local Read Blocks": 0,                                                                        
                           "Local Dirtied Blocks": 0,                                                                     
                           "Local Written Blocks": 0,                                                                     
                           "Temp Read Blocks": 0,                                                                         
                           "Temp Written Blocks": 0                                                                       
                         },                                                                                               
                         {                                                                                                
                           "Node Type": "Materialize",                                                                    
                           "Parent Relationship": "Inner",                                                                
                           "Parallel Aware": false,                                                                       
                           "Startup Cost": 0.00,                                                                          
                           "Total Cost": 820051.21,                                                                       
                           "Plan Rows": 20,                                                                               
                           "Plan Width": 16,                                                                              
                           "Actual Startup Time": 0.065,                                                                  
                           "Actual Total Time": 0.529,                                                                    
                           "Actual Rows": 275,                                                                            
                           "Actual Loops": 1012920,                                                                       
                           "Shared Hit Blocks": 0,                                                                        
                           "Shared Read Blocks": 274438,                                                                  
                           "Shared Dirtied Blocks": 0,                                                                    
                           "Shared Written Blocks": 0,                                                                    
                           "Local Hit Blocks": 0,                                                                         
                           "Local Read Blocks": 0,                                                                        
                           "Local Dirtied Blocks": 0,                                                                     
                           "Local Written Blocks": 0,                                                                     
                           "Temp Read Blocks": 0,                                                                         
                           "Temp Written Blocks": 0,                                                                      
                           "Plans": [                                                                                     
                             {                                                                                            
                               "Node Type": "Nested Loop",                                                                
                               "Parent Relationship": "Outer",                                                            
                               "Parallel Aware": false,                                                                   
                               "Join Type": "Inner",                                                                      
                               "Startup Cost": 0.00,                                                                      
                               "Total Cost": 820051.21,                                                                   
                               "Plan Rows": 20,                                                                           
                               "Plan Width": 16,                                                                          
                               "Actual Startup Time": 65526.392,                                                          
                               "Actual Total Time": 523476.045,                                                           
                               "Actual Rows": 275,                                                                        
                               "Actual Loops": 1,                                                                         
                               "Inner Unique": false,                                                                     
                               "Join Filter": "(ci.movie_id = mc.movie_id)",                                              
                               "Rows Removed by Join Filter": 227432185,                                                  
                               "Shared Hit Blocks": 0,                                                                    
                               "Shared Read Blocks": 274438,                                                              
                               "Shared Dirtied Blocks": 0,                                                                
                               "Shared Written Blocks": 0,                                                                
                               "Local Hit Blocks": 0,                                                                     
                               "Local Read Blocks": 0,                                                                    
                               "Local Dirtied Blocks": 0,                                                                 
                               "Local Written Blocks": 0,                                                                 
                               "Temp Read Blocks": 0,                                                                     
                               "Temp Written Blocks": 0,                                                                  
                               "Plans": [                                                                                 
                                 {                                                                                        
                                   "Node Type": "Nested Loop",                                                            
                                   "Parent Relationship": "Outer",                                                        
                                   "Parallel Aware": false,                                                               
                                   "Join Type": "Inner",                                                                  
                                   "Startup Cost": 0.00,                                                                  
                                   "Total Cost": 797820.19,                                                               
                                   "Plan Rows": 15111,                                                                    
                                   "Plan Width": 8,                                                                       
                                   "Actual Startup Time": 406.174,                                                        
                                   "Actual Total Time": 480382.425,                                                       
                                   "Actual Rows": 8790,                                                                   
                                   "Actual Loops": 1,                                                                     
                                   "Inner Unique": true,                                                                  
                                   "Join Filter": "(cn.id = mc.company_id)",                                              
                                   "Rows Removed by Join Filter": 3542204069,                                             
                                   "Shared Hit Blocks": 0,                                                                
                                   "Shared Read Blocks": 21783,                                                           
                                   "Shared Dirtied Blocks": 0,                                                            
                                   "Shared Written Blocks": 0,                                                            
                                   "Local Hit Blocks": 0,                                                                 
                                   "Local Read Blocks": 0,                                                                
                                   "Local Dirtied Blocks": 0,                                                             
                                   "Local Written Blocks": 0,                                                             
                                   "Temp Read Blocks": 0,                                                                 
                                   "Temp Written Blocks": 0,                                                              
                                   "Plans": [                                                                             
                                     {                                                                                    
                                       "Node Type": "Seq Scan",                                                           
                                       "Parent Relationship": "Outer",                                                    
                                       "Parallel Aware": false,                                                           
                                       "Relation Name": "movie_companies",                                                
                                       "Alias": "mc",                                                                     
                                       "Startup Cost": 0.00,                                                              
                                       "Total Cost": 769.75,                                                              
                                       "Plan Rows": 2609129,                                                              
                                       "Plan Width": 12,                                                                  
                                       "Actual Startup Time": 4.782,                                                      
                                       "Actual Total Time": 343.578,                                                      
                                       "Actual Rows": 2609129,                                                            
                                       "Actual Loops": 1,                                                                 
                                       "Shared Hit Blocks": 0,                                                            
                                       "Shared Read Blocks": 18789,                                                       
                                       "Shared Dirtied Blocks": 0,                                                        
                                       "Shared Written Blocks": 0,                                                        
                                       "Local Hit Blocks": 0,                                                             
                                       "Local Read Blocks": 0,                                                            
                                       "Local Dirtied Blocks": 0,                                                         
                                       "Local Written Blocks": 0,                                                         
                                       "Temp Read Blocks": 0,                                                             
                                       "Temp Written Blocks": 0                                                           
                                     },                                                                                   
                                     {                                                                                    
                                       "Node Type": "Materialize",                                                        
                                       "Parent Relationship": "Inner",                                                    
                                       "Parallel Aware": false,                                                           
                                       "Startup Cost": 0.00,                                                              
                                       "Total Cost": 128.62,                                                              
                                       "Plan Rows": 1361,                                                                 
                                       "Plan Width": 4,                                                                   
                                       "Actual Startup Time": 0.000,                                                      
                                       "Actual Total Time": 0.058,                                                        
                                       "Actual Rows": 1358,                                                               
                                       "Actual Loops": 2609129,                                                           
                                       "Shared Hit Blocks": 0,                                                            
                                       "Shared Read Blocks": 2994,                                                        
                                       "Shared Dirtied Blocks": 0,                                                        
                                       "Shared Written Blocks": 0,                                                        
                                       "Local Hit Blocks": 0,                                                             
                                       "Local Read Blocks": 0,                                                            
                                       "Local Dirtied Blocks": 0,                                                         
                                       "Local Written Blocks": 0,                                                         
                                       "Temp Read Blocks": 0,                                                             
                                       "Temp Written Blocks": 0,                                                          
                                       "Plans": [                                                                         
                                         {                                                                                
                                           "Node Type": "Seq Scan",                                                       
                                           "Parent Relationship": "Outer",                                                
                                           "Parallel Aware": false,                                                       
                                           "Relation Name": "company_name",                                               
                                           "Alias": "cn",                                                                 
                                           "Startup Cost": 0.00,                                                          
                                           "Total Cost": 128.41,                                                          
                                           "Plan Rows": 1361,                                                             
                                           "Plan Width": 4,                                                               
                                           "Actual Startup Time": 3.264,                                                  
                                           "Actual Total Time": 137.857,                                                  
                                           "Actual Rows": 1361,                                                           
                                           "Actual Loops": 1,                                                             
                                           "Filter": "((country_code)::text = '[ru]'::text)",                             
                                           "Rows Removed by Filter": 233636,                                              
                                           "Shared Hit Blocks": 0,                                                        
                                           "Shared Read Blocks": 2994,                                                    
                                           "Shared Dirtied Blocks": 0,                                                    
                                           "Shared Written Blocks": 0,                                                    
                                           "Local Hit Blocks": 0,                                                         
                                           "Local Read Blocks": 0,                                                        
                                           "Local Dirtied Blocks": 0,                                                     
                                           "Local Written Blocks": 0,                                                     
                                           "Temp Read Blocks": 0,                                                         
                                           "Temp Written Blocks": 0                                                       
                                         }                                                                                
                                       ]                                                                                  
                                     }                                                                                    
                                   ]                                                                                      
                                 },                                                                                       
                                 {                                                                                        
                                   "Node Type": "Materialize",                                                            
                                   "Parent Relationship": "Inner",                                                        
                                   "Parallel Aware": false,                                                               
                                   "Startup Cost": 0.00,                                                                  
                                   "Total Cost": 16062.52,                                                                
                                   "Plan Rows": 1819,                                                                     
                                   "Plan Width": 8,                                                                       
                                   "Actual Startup Time": 0.006,                                                          
                                   "Actual Total Time": 2.499,                                                            
                                   "Actual Rows": 25874,                                                                  
                                   "Actual Loops": 8790,                                                                  
                                   "Shared Hit Blocks": 0,                                                                
                                   "Shared Read Blocks": 252655,                                                          
                                   "Shared Dirtied Blocks": 0,                                                            
                                   "Shared Written Blocks": 0,                                                            
                                   "Local Hit Blocks": 0,                                                                 
                                   "Local Read Blocks": 0,                                                                
                                   "Local Dirtied Blocks": 0,                                                             
                                   "Local Written Blocks": 0,                                                             
                                   "Temp Read Blocks": 0,                                                                 
                                   "Temp Written Blocks": 0,                                                              
                                   "Plans": [                                                                             
                                     {                                                                                    
                                       "Node Type": "Nested Loop",                                                        
                                       "Parent Relationship": "Outer",                                                    
                                       "Parallel Aware": false,                                                           
                                       "Join Type": "Inner",                                                              
                                       "Startup Cost": 0.00,                                                              
                                       "Total Cost": 16062.24,                                                            
                                       "Plan Rows": 1819,                                                                 
                                       "Plan Width": 8,                                                                   
                                       "Actual Startup Time": 50.507,                                                     
                                       "Actual Total Time": 12257.139,                                                    
                                       "Actual Rows": 25874,                                                              
                                       "Actual Loops": 1,                                                                 
                                       "Inner Unique": false,                                                             
                                       "Join Filter": "(ci.role_id = rt.id)",                                             
                                       "Rows Removed by Join Filter": 6414,                                               
                                       "Shared Hit Blocks": 0,                                                            
                                       "Shared Read Blocks": 252655,                                                      
                                       "Shared Dirtied Blocks": 0,                                                        
                                       "Shared Written Blocks": 0,                                                        
                                       "Local Hit Blocks": 0,                                                             
                                       "Local Read Blocks": 0,                                                            
                                       "Local Dirtied Blocks": 0,                                                         
                                       "Local Written Blocks": 0,                                                         
                                       "Temp Read Blocks": 0,                                                             
                                       "Temp Written Blocks": 0,                                                          
                                       "Plans": [                                                                         
                                         {                                                                                
                                           "Node Type": "Seq Scan",                                                       
                                           "Parent Relationship": "Outer",                                                
                                           "Parallel Aware": false,                                                       
                                           "Relation Name": "role_type",                                                  
                                           "Alias": "rt",                                                                 
                                           "Startup Cost": 0.00,                                                          
                                           "Total Cost": 0.03,                                                            
                                           "Plan Rows": 1,                                                                
                                           "Plan Width": 4,                                                               
                                           "Actual Startup Time": 20.864,                                                 
                                           "Actual Total Time": 20.870,                                                   
                                           "Actual Rows": 1,                                                              
                                           "Actual Loops": 1,                                                             
                                           "Filter": "((role)::text = 'actor'::text)",                                    
                                           "Rows Removed by Filter": 11,                                                  
                                           "Shared Hit Blocks": 0,                                                        
                                           "Shared Read Blocks": 1,                                                       
                                           "Shared Dirtied Blocks": 0,                                                    
                                           "Shared Written Blocks": 0,                                                    
                                           "Local Hit Blocks": 0,                                                         
                                           "Local Read Blocks": 0,                                                        
                                           "Local Dirtied Blocks": 0,                                                     
                                           "Local Written Blocks": 0,                                                     
                                           "Temp Read Blocks": 0,                                                         
                                           "Temp Written Blocks": 0                                                       
                                         },                                                                               
                                         {                                                                                
                                           "Node Type": "Seq Scan",                                                       
                                           "Parent Relationship": "Inner",                                                
                                           "Parallel Aware": false,                                                       
                                           "Relation Name": "cast_info",                                                  
                                           "Alias": "ci",                                                                 
                                           "Startup Cost": 0.00,                                                          
                                           "Total Cost": 16059.00,                                                        
                                           "Plan Rows": 21830,                                                            
                                           "Plan Width": 12,                                                              
                                           "Actual Startup Time": 29.633,                                                 
                                           "Actual Total Time": 12226.313,                                                
                                           "Actual Rows": 32288,                                                          
                                           "Actual Loops": 1,                                                             
                                           "Filter": "((note ~~ '%(voice)%'::text) AND (note ~~ '%(uncredited)%'::text))",
                                           "Rows Removed by Filter": 36212056,                                            
                                           "Shared Hit Blocks": 0,                                                        
                                           "Shared Read Blocks": 252654,                                                  
                                           "Shared Dirtied Blocks": 0,                                                    
                                           "Shared Written Blocks": 0,                                                    
                                           "Local Hit Blocks": 0,                                                         
                                           "Local Read Blocks": 0,                                                        
                                           "Local Dirtied Blocks": 0,                                                     
                                           "Local Written Blocks": 0,                                                     
                                           "Temp Read Blocks": 0,                                                         
                                           "Temp Written Blocks": 0                                                       
                                         }                                                                                
                                       ]                                                                                  
                                     }                                                                                    
                                   ]                                                                                      
                                 }                                                                                        
                               ]                                                                                          
                             }                                                                                            
                           ]                                                                                              
                         }                                                                                                
                       ]                                                                                                  
                     }                                                                                                    
                   ]                                                                                                      
                 }                                                                                                        
               ]                                                                                                          
             },                                                                                                           
             {                                                                                                            
               "Node Type": "Materialize",                                                                                
               "Parent Relationship": "Inner",                                                                            
               "Parallel Aware": false,                                                                                   
               "Startup Cost": 0.00,                                                                                      
               "Total Cost": 0.03,                                                                                        
               "Plan Rows": 4,                                                                                            
               "Plan Width": 4,                                                                                           
               "Actual Startup Time": 0.210,                                                                              
               "Actual Total Time": 0.210,                                                                                
               "Actual Rows": 1,                                                                                          
               "Actual Loops": 104,                                                                                       
               "Shared Hit Blocks": 0,                                                                                    
               "Shared Read Blocks": 1,                                                                                   
               "Shared Dirtied Blocks": 0,                                                                                
               "Shared Written Blocks": 0,                                                                                
               "Local Hit Blocks": 0,                                                                                     
               "Local Read Blocks": 0,                                                                                    
               "Local Dirtied Blocks": 0,                                                                                 
               "Local Written Blocks": 0,                                                                                 
               "Temp Read Blocks": 0,                                                                                     
               "Temp Written Blocks": 0,                                                                                  
               "Plans": [                                                                                                 
                 {                                                                                                        
                   "Node Type": "Seq Scan",                                                                               
                   "Parent Relationship": "Outer",                                                                        
                   "Parallel Aware": false,                                                                               
                   "Relation Name": "company_type",                                                                       
                   "Alias": "ct",                                                                                         
                   "Startup Cost": 0.00,                                                                                  
                   "Total Cost": 0.03,                                                                                    
                   "Plan Rows": 4,                                                                                        
                   "Plan Width": 4,                                                                                       
                   "Actual Startup Time": 21.814,                                                                         
                   "Actual Total Time": 21.815,                                                                           
                   "Actual Rows": 2,                                                                                      
                   "Actual Loops": 1,                                                                                     
                   "Shared Hit Blocks": 0,                                                                                
                   "Shared Read Blocks": 1,                                                                               
                   "Shared Dirtied Blocks": 0,                                                                            
                   "Shared Written Blocks": 0,                                                                            
                   "Local Hit Blocks": 0,                                                                                 
                   "Local Read Blocks": 0,                                                                                
                   "Local Dirtied Blocks": 0,                                                                             
                   "Local Written Blocks": 0,                                                                             
                   "Temp Read Blocks": 0,                                                                                 
                   "Temp Written Blocks": 0                                                                               
                 }                                                                                                        
               ]                                                                                                          
             }                                                                                                            
           ]                                                                                                              
         }                                                                                                                
       ]                                                                                                                  
     },                                                                                                                   
     "Planning Time": 1657.048,                                                                                           
     "Triggers": [                                                                                                        
     ],                                                                                                                   
     "Execution Time": 613649.124                                                                                         
   }                                                                                                                      
 ]
