 [                                                                                               
   {                                                                                             
     "Plan": {                                                                                   
       "Node Type": "Aggregate",                                                                 
       "Strategy": "Plain",                                                                      
       "Partial Mode": "Simple",                                                                 
       "Parallel Aware": false,                                                                  
       "Startup Cost": 1479146.37,                                                               
       "Total Cost": 1479146.37,                                                                 
       "Plan Rows": 1,                                                                           
       "Plan Width": 64,                                                                         
       "Actual Startup Time": 498083.235,                                                        
       "Actual Total Time": 498083.235,                                                          
       "Actual Rows": 1,                                                                         
       "Actual Loops": 1,                                                                        
       "Shared Hit Blocks": 0,                                                                   
       "Shared Read Blocks": 346883,                                                             
       "Shared Dirtied Blocks": 0,                                                               
       "Shared Written Blocks": 0,                                                               
       "Local Hit Blocks": 0,                                                                    
       "Local Read Blocks": 0,                                                                   
       "Local Dirtied Blocks": 0,                                                                
       "Local Written Blocks": 0,                                                                
       "Temp Read Blocks": 0,                                                                    
       "Temp Written Blocks": 0,                                                                 
       "Plans": [                                                                                
         {                                                                                       
           "Node Type": "Nested Loop",                                                           
           "Parent Relationship": "Outer",                                                       
           "Parallel Aware": false,                                                              
           "Join Type": "Inner",                                                                 
           "Startup Cost": 0.00,                                                                 
           "Total Cost": 1479146.35,                                                             
           "Plan Rows": 100,                                                                     
           "Plan Width": 33,                                                                     
           "Actual Startup Time": 498083.221,                                                    
           "Actual Total Time": 498083.221,                                                      
           "Actual Rows": 0,                                                                     
           "Actual Loops": 1,                                                                    
           "Inner Unique": true,                                                                 
           "Join Filter": "(mc.company_type_id = ct.id)",                                        
           "Rows Removed by Join Filter": 0,                                                     
           "Shared Hit Blocks": 0,                                                               
           "Shared Read Blocks": 346883,                                                         
           "Shared Dirtied Blocks": 0,                                                           
           "Shared Written Blocks": 0,                                                           
           "Local Hit Blocks": 0,                                                                
           "Local Read Blocks": 0,                                                               
           "Local Dirtied Blocks": 0,                                                            
           "Local Written Blocks": 0,                                                            
           "Temp Read Blocks": 0,                                                                
           "Temp Written Blocks": 0,                                                             
           "Plans": [                                                                            
             {                                                                                   
               "Node Type": "Nested Loop",                                                       
               "Parent Relationship": "Outer",                                                   
               "Parallel Aware": false,                                                          
               "Join Type": "Inner",                                                             
               "Startup Cost": 0.00,                                                             
               "Total Cost": 1479146.24,                                                         
               "Plan Rows": 100,                                                                 
               "Plan Width": 37,                                                                 
               "Actual Startup Time": 498083.220,                                                
               "Actual Total Time": 498083.220,                                                  
               "Actual Rows": 0,                                                                 
               "Actual Loops": 1,                                                                
               "Inner Unique": false,                                                            
               "Join Filter": "(ci.person_role_id = chn.id)",                                    
               "Rows Removed by Join Filter": 0,                                                 
               "Shared Hit Blocks": 0,                                                           
               "Shared Read Blocks": 346883,                                                     
               "Shared Dirtied Blocks": 0,                                                       
               "Shared Written Blocks": 0,                                                       
               "Local Hit Blocks": 0,                                                            
               "Local Read Blocks": 0,                                                           
               "Local Dirtied Blocks": 0,                                                        
               "Local Written Blocks": 0,                                                        
               "Temp Read Blocks": 0,                                                            
               "Temp Written Blocks": 0,                                                         
               "Plans": [                                                                        
                 {                                                                               
                   "Node Type": "Seq Scan",                                                      
                   "Parent Relationship": "Outer",                                               
                   "Parallel Aware": false,                                                      
                   "Relation Name": "char_name",                                                 
                   "Alias": "chn",                                                               
                   "Startup Cost": 0.00,                                                         
                   "Total Cost": 1360.36,                                                        
                   "Plan Rows": 3140339,                                                         
                   "Plan Width": 20,                                                             
                   "Actual Startup Time": 25.078,                                                
                   "Actual Total Time": 930.970,                                                 
                   "Actual Rows": 3140339,                                                       
                   "Actual Loops": 1,                                                            
                   "Shared Hit Blocks": 0,                                                       
                   "Shared Read Blocks": 36447,                                                  
                   "Shared Dirtied Blocks": 0,                                                   
                   "Shared Written Blocks": 0,                                                   
                   "Local Hit Blocks": 0,                                                        
                   "Local Read Blocks": 0,                                                       
                   "Local Dirtied Blocks": 0,                                                    
                   "Local Written Blocks": 0,                                                    
                   "Temp Read Blocks": 0,                                                        
                   "Temp Written Blocks": 0                                                      
                 },                                                                              
                 {                                                                               
                   "Node Type": "Materialize",                                                   
                   "Parent Relationship": "Inner",                                               
                   "Parallel Aware": false,                                                      
                   "Startup Cost": 0.00,                                                         
                   "Total Cost": 1333310.36,                                                     
                   "Plan Rows": 205,                                                             
                   "Plan Width": 25,                                                             
                   "Actual Startup Time": 0.158,                                                 
                   "Actual Total Time": 0.158,                                                   
                   "Actual Rows": 0,                                                             
                   "Actual Loops": 3140339,                                                      
                   "Shared Hit Blocks": 0,                                                       
                   "Shared Read Blocks": 310436,                                                 
                   "Shared Dirtied Blocks": 0,                                                   
                   "Shared Written Blocks": 0,                                                   
                   "Local Hit Blocks": 0,                                                        
                   "Local Read Blocks": 0,                                                       
                   "Local Dirtied Blocks": 0,                                                    
                   "Local Written Blocks": 0,                                                    
                   "Temp Read Blocks": 0,                                                        
                   "Temp Written Blocks": 0,                                                     
                   "Plans": [                                                                    
                     {                                                                           
                       "Node Type": "Nested Loop",                                               
                       "Parent Relationship": "Outer",                                           
                       "Parallel Aware": false,                                                  
                       "Join Type": "Inner",                                                     
                       "Startup Cost": 0.00,                                                     
                       "Total Cost": 1333310.33,                                                 
                       "Plan Rows": 205,                                                         
                       "Plan Width": 25,                                                         
                       "Actual Startup Time": 496334.866,                                        
                       "Actual Total Time": 496334.866,                                          
                       "Actual Rows": 0,                                                         
                       "Actual Loops": 1,                                                        
                       "Inner Unique": false,                                                    
                       "Join Filter": "(mc.movie_id = t.id)",                                    
                       "Rows Removed by Join Filter": 0,                                         
                       "Shared Hit Blocks": 0,                                                   
                       "Shared Read Blocks": 310436,                                             
                       "Shared Dirtied Blocks": 0,                                               
                       "Shared Written Blocks": 0,                                               
                       "Local Hit Blocks": 0,                                                    
                       "Local Read Blocks": 0,                                                   
                       "Local Dirtied Blocks": 0,                                                
                       "Local Written Blocks": 0,                                                
                       "Temp Read Blocks": 0,                                                    
                       "Temp Written Blocks": 0,                                                 
                       "Plans": [                                                                
                         {                                                                       
                           "Node Type": "Seq Scan",                                              
                           "Parent Relationship": "Outer",                                       
                           "Parallel Aware": false,                                              
                           "Relation Name": "title",                                             
                           "Alias": "t",                                                         
                           "Startup Cost": 0.00,                                                 
                           "Total Cost": 1500.26,                                                
                           "Plan Rows": 391667,                                                  
                           "Plan Width": 21,                                                     
                           "Actual Startup Time": 4.832,                                         
                           "Actual Total Time": 1567.715,                                        
                           "Actual Rows": 391666,                                                
                           "Actual Loops": 1,                                                    
                           "Filter": "(production_year > 2010)",                                 
                           "Rows Removed by Filter": 2136646,                                    
                           "Shared Hit Blocks": 0,                                               
                           "Shared Read Blocks": 35998,                                          
                           "Shared Dirtied Blocks": 0,                                           
                           "Shared Written Blocks": 0,                                           
                           "Local Hit Blocks": 0,                                                
                           "Local Read Blocks": 0,                                               
                           "Local Dirtied Blocks": 0,                                            
                           "Local Written Blocks": 0,                                            
                           "Temp Read Blocks": 0,                                                
                           "Temp Written Blocks": 0                                              
                         },                                                                      
                         {                                                                       
                           "Node Type": "Materialize",                                           
                           "Parent Relationship": "Inner",                                       
                           "Parallel Aware": false,                                              
                           "Startup Cost": 0.00,                                                 
                           "Total Cost": 1215344.81,                                             
                           "Plan Rows": 1325,                                                    
                           "Plan Width": 16,                                                     
                           "Actual Startup Time": 1.263,                                         
                           "Actual Total Time": 1.263,                                           
                           "Actual Rows": 0,                                                     
                           "Actual Loops": 391666,                                               
                           "Shared Hit Blocks": 0,                                               
                           "Shared Read Blocks": 274438,                                         
                           "Shared Dirtied Blocks": 0,                                           
                           "Shared Written Blocks": 0,                                           
                           "Local Hit Blocks": 0,                                                
                           "Local Read Blocks": 0,                                               
                           "Local Dirtied Blocks": 0,                                            
                           "Local Written Blocks": 0,                                            
                           "Temp Read Blocks": 0,                                                
                           "Temp Written Blocks": 0,                                             
                           "Plans": [                                                            
                             {                                                                   
                               "Node Type": "Nested Loop",                                       
                               "Parent Relationship": "Outer",                                   
                               "Parallel Aware": false,                                          
                               "Join Type": "Inner",                                             
                               "Startup Cost": 0.00,                                             
                               "Total Cost": 1215344.60,                                         
                               "Plan Rows": 1325,                                                
                               "Plan Width": 16,                                                 
                               "Actual Startup Time": 494612.823,                                
                               "Actual Total Time": 494612.823,                                  
                               "Actual Rows": 0,                                                 
                               "Actual Loops": 1,                                                
                               "Inner Unique": false,                                            
                               "Join Filter": "(ci.movie_id = mc.movie_id)",                     
                               "Rows Removed by Join Filter": 114270,                            
                               "Shared Hit Blocks": 0,                                           
                               "Shared Read Blocks": 274438,                                     
                               "Shared Dirtied Blocks": 0,                                       
                               "Shared Written Blocks": 0,                                       
                               "Local Hit Blocks": 0,                                            
                               "Local Read Blocks": 0,                                           
                               "Local Dirtied Blocks": 0,                                        
                               "Local Written Blocks": 0,                                        
                               "Temp Read Blocks": 0,                                            
                               "Temp Written Blocks": 0,                                         
                               "Plans": [                                                        
                                 {                                                               
                                   "Node Type": "Nested Loop",                                   
                                   "Parent Relationship": "Outer",                               
                                   "Parallel Aware": false,                                      
                                   "Join Type": "Inner",                                         
                                   "Startup Cost": 0.00,                                         
                                   "Total Cost": 13454.90,                                       
                                   "Plan Rows": 119151,                                          
                                   "Plan Width": 8,                                              
                                   "Actual Startup Time": 842.833,                               
                                   "Actual Total Time": 11841.771,                               
                                   "Actual Rows": 13,                                            
                                   "Actual Loops": 1,                                            
                                   "Inner Unique": false,                                        
                                   "Join Filter": "(ci.role_id = rt.id)",                        
                                   "Rows Removed by Join Filter": 1435426,                       
                                   "Shared Hit Blocks": 0,                                       
                                   "Shared Read Blocks": 252655,                                 
                                   "Shared Dirtied Blocks": 0,                                   
                                   "Shared Written Blocks": 0,                                   
                                   "Local Hit Blocks": 0,                                        
                                   "Local Read Blocks": 0,                                       
                                   "Local Dirtied Blocks": 0,                                    
                                   "Local Written Blocks": 0,                                    
                                   "Temp Read Blocks": 0,                                        
                                   "Temp Written Blocks": 0,                                     
                                   "Plans": [                                                    
                                     {                                                           
                                       "Node Type": "Seq Scan",                                  
                                       "Parent Relationship": "Outer",                           
                                       "Parallel Aware": false,                                  
                                       "Relation Name": "role_type",                             
                                       "Alias": "rt",                                            
                                       "Startup Cost": 0.00,                                     
                                       "Total Cost": 0.03,                                       
                                       "Plan Rows": 1,                                           
                                       "Plan Width": 4,                                          
                                       "Actual Startup Time": 0.121,                             
                                       "Actual Total Time": 0.124,                               
                                       "Actual Rows": 1,                                         
                                       "Actual Loops": 1,                                        
                                       "Filter": "((role)::text = 'actor'::text)",               
                                       "Rows Removed by Filter": 11,                             
                                       "Shared Hit Blocks": 0,                                   
                                       "Shared Read Blocks": 1,                                  
                                       "Shared Dirtied Blocks": 0,                               
                                       "Shared Written Blocks": 0,                               
                                       "Local Hit Blocks": 0,                                    
                                       "Local Read Blocks": 0,                                   
                                       "Local Dirtied Blocks": 0,                                
                                       "Local Written Blocks": 0,                                
                                       "Temp Read Blocks": 0,                                    
                                       "Temp Written Blocks": 0                                  
                                     },                                                          
                                     {                                                           
                                       "Node Type": "Seq Scan",                                  
                                       "Parent Relationship": "Inner",                           
                                       "Parallel Aware": false,                                  
                                       "Relation Name": "cast_info",                             
                                       "Alias": "ci",                                            
                                       "Startup Cost": 0.00,                                     
                                       "Total Cost": 13245.00,                                   
                                       "Plan Rows": 1429807,                                     
                                       "Plan Width": 12,                                         
                                       "Actual Startup Time": 842.706,                           
                                       "Actual Total Time": 11658.833,                           
                                       "Actual Rows": 1435439,                                   
                                       "Actual Loops": 1,                                        
                                       "Filter": "(note ~~ '%(producer)%'::text)",               
                                       "Rows Removed by Filter": 34808905,                       
                                       "Shared Hit Blocks": 0,                                   
                                       "Shared Read Blocks": 252654,                             
                                       "Shared Dirtied Blocks": 0,                               
                                       "Shared Written Blocks": 0,                               
                                       "Local Hit Blocks": 0,                                    
                                       "Local Read Blocks": 0,                                   
                                       "Local Dirtied Blocks": 0,                                
                                       "Local Written Blocks": 0,                                
                                       "Temp Read Blocks": 0,                                    
                                       "Temp Written Blocks": 0                                  
                                     }                                                           
                                   ]                                                             
                                 },                                                              
                                 {                                                               
                                   "Node Type": "Materialize",                                   
                                   "Parent Relationship": "Inner",                               
                                   "Parallel Aware": false,                                      
                                   "Startup Cost": 0.00,                                         
                                   "Total Cost": 797822.53,                                      
                                   "Plan Rows": 15111,                                           
                                   "Plan Width": 8,                                              
                                   "Actual Startup Time": 31.581,                                
                                   "Actual Total Time": 37135.046,                               
                                   "Actual Rows": 8790,                                          
                                   "Actual Loops": 13,                                           
                                   "Shared Hit Blocks": 0,                                       
                                   "Shared Read Blocks": 21783,                                  
                                   "Shared Dirtied Blocks": 0,                                   
                                   "Shared Written Blocks": 0,                                   
                                   "Local Hit Blocks": 0,                                        
                                   "Local Read Blocks": 0,                                       
                                   "Local Dirtied Blocks": 0,                                    
                                   "Local Written Blocks": 0,                                    
                                   "Temp Read Blocks": 0,                                        
                                   "Temp Written Blocks": 0,                                     
                                   "Plans": [                                                    
                                     {                                                           
                                       "Node Type": "Nested Loop",                               
                                       "Parent Relationship": "Outer",                           
                                       "Parallel Aware": false,                                  
                                       "Join Type": "Inner",                                     
                                       "Startup Cost": 0.00,                                     
                                       "Total Cost": 797820.19,                                  
                                       "Plan Rows": 15111,                                       
                                       "Plan Width": 8,                                          
                                       "Actual Startup Time": 410.540,                           
                                       "Actual Total Time": 482746.312,                          
                                       "Actual Rows": 8790,                                      
                                       "Actual Loops": 1,                                        
                                       "Inner Unique": true,                                     
                                       "Join Filter": "(cn.id = mc.company_id)",                 
                                       "Rows Removed by Join Filter": 3542204069,                
                                       "Shared Hit Blocks": 0,                                   
                                       "Shared Read Blocks": 21783,                              
                                       "Shared Dirtied Blocks": 0,                               
                                       "Shared Written Blocks": 0,                               
                                       "Local Hit Blocks": 0,                                    
                                       "Local Read Blocks": 0,                                   
                                       "Local Dirtied Blocks": 0,                                
                                       "Local Written Blocks": 0,                                
                                       "Temp Read Blocks": 0,                                    
                                       "Temp Written Blocks": 0,                                 
                                       "Plans": [                                                
                                         {                                                       
                                           "Node Type": "Seq Scan",                              
                                           "Parent Relationship": "Outer",                       
                                           "Parallel Aware": false,                              
                                           "Relation Name": "movie_companies",                   
                                           "Alias": "mc",                                        
                                           "Startup Cost": 0.00,                                 
                                           "Total Cost": 769.75,                                 
                                           "Plan Rows": 2609129,                                 
                                           "Plan Width": 12,                                     
                                           "Actual Startup Time": 11.896,                        
                                           "Actual Total Time": 330.578,                         
                                           "Actual Rows": 2609129,                               
                                           "Actual Loops": 1,                                    
                                           "Shared Hit Blocks": 0,                               
                                           "Shared Read Blocks": 18789,                          
                                           "Shared Dirtied Blocks": 0,                           
                                           "Shared Written Blocks": 0,                           
                                           "Local Hit Blocks": 0,                                
                                           "Local Read Blocks": 0,                               
                                           "Local Dirtied Blocks": 0,                            
                                           "Local Written Blocks": 0,                            
                                           "Temp Read Blocks": 0,                                
                                           "Temp Written Blocks": 0                              
                                         },                                                      
                                         {                                                       
                                           "Node Type": "Materialize",                           
                                           "Parent Relationship": "Inner",                       
                                           "Parallel Aware": false,                              
                                           "Startup Cost": 0.00,                                 
                                           "Total Cost": 128.62,                                 
                                           "Plan Rows": 1361,                                    
                                           "Plan Width": 4,                                      
                                           "Actual Startup Time": 0.000,                         
                                           "Actual Total Time": 0.059,                           
                                           "Actual Rows": 1358,                                  
                                           "Actual Loops": 2609129,                              
                                           "Shared Hit Blocks": 0,                               
                                           "Shared Read Blocks": 2994,                           
                                           "Shared Dirtied Blocks": 0,                           
                                           "Shared Written Blocks": 0,                           
                                           "Local Hit Blocks": 0,                                
                                           "Local Read Blocks": 0,                               
                                           "Local Dirtied Blocks": 0,                            
                                           "Local Written Blocks": 0,                            
                                           "Temp Read Blocks": 0,                                
                                           "Temp Written Blocks": 0,                             
                                           "Plans": [                                            
                                             {                                                   
                                               "Node Type": "Seq Scan",                          
                                               "Parent Relationship": "Outer",                   
                                               "Parallel Aware": false,                          
                                               "Relation Name": "company_name",                  
                                               "Alias": "cn",                                    
                                               "Startup Cost": 0.00,                             
                                               "Total Cost": 128.41,                             
                                               "Plan Rows": 1361,                                
                                               "Plan Width": 4,                                  
                                               "Actual Startup Time": 3.263,                     
                                               "Actual Total Time": 137.870,                     
                                               "Actual Rows": 1361,                              
                                               "Actual Loops": 1,                                
                                               "Filter": "((country_code)::text = '[ru]'::text)",
                                               "Rows Removed by Filter": 233636,                 
                                               "Shared Hit Blocks": 0,                           
                                               "Shared Read Blocks": 2994,                       
                                               "Shared Dirtied Blocks": 0,                       
                                               "Shared Written Blocks": 0,                       
                                               "Local Hit Blocks": 0,                            
                                               "Local Read Blocks": 0,                           
                                               "Local Dirtied Blocks": 0,                        
                                               "Local Written Blocks": 0,                        
                                               "Temp Read Blocks": 0,                            
                                               "Temp Written Blocks": 0                          
                                             }                                                   
                                           ]                                                     
                                         }                                                       
                                       ]                                                         
                                     }                                                           
                                   ]                                                             
                                 }                                                               
                               ]                                                                 
                             }                                                                   
                           ]                                                                     
                         }                                                                       
                       ]                                                                         
                     }                                                                           
                   ]                                                                             
                 }                                                                               
               ]                                                                                 
             },                                                                                  
             {                                                                                   
               "Node Type": "Materialize",                                                       
               "Parent Relationship": "Inner",                                                   
               "Parallel Aware": false,                                                          
               "Startup Cost": 0.00,                                                             
               "Total Cost": 0.03,                                                               
               "Plan Rows": 4,                                                                   
               "Plan Width": 4,                                                                  
               "Actual Startup Time": 0.000,                                                     
               "Actual Total Time": 0.000,                                                       
               "Actual Rows": 0,                                                                 
               "Actual Loops": 0,                                                                
               "Shared Hit Blocks": 0,                                                           
               "Shared Read Blocks": 0,                                                          
               "Shared Dirtied Blocks": 0,                                                       
               "Shared Written Blocks": 0,                                                       
               "Local Hit Blocks": 0,                                                            
               "Local Read Blocks": 0,                                                           
               "Local Dirtied Blocks": 0,                                                        
               "Local Written Blocks": 0,                                                        
               "Temp Read Blocks": 0,                                                            
               "Temp Written Blocks": 0,                                                         
               "Plans": [                                                                        
                 {                                                                               
                   "Node Type": "Seq Scan",                                                      
                   "Parent Relationship": "Outer",                                               
                   "Parallel Aware": false,                                                      
                   "Relation Name": "company_type",                                              
                   "Alias": "ct",                                                                
                   "Startup Cost": 0.00,                                                         
                   "Total Cost": 0.03,                                                           
                   "Plan Rows": 4,                                                               
                   "Plan Width": 4,                                                              
                   "Actual Startup Time": 0.000,                                                 
                   "Actual Total Time": 0.000,                                                   
                   "Actual Rows": 0,                                                             
                   "Actual Loops": 0,                                                            
                   "Shared Hit Blocks": 0,                                                       
                   "Shared Read Blocks": 0,                                                      
                   "Shared Dirtied Blocks": 0,                                                   
                   "Shared Written Blocks": 0,                                                   
                   "Local Hit Blocks": 0,                                                        
                   "Local Read Blocks": 0,                                                       
                   "Local Dirtied Blocks": 0,                                                    
                   "Local Written Blocks": 0,                                                    
                   "Temp Read Blocks": 0,                                                        
                   "Temp Written Blocks": 0                                                      
                 }                                                                               
               ]                                                                                 
             }                                                                                   
           ]                                                                                     
         }                                                                                       
       ]                                                                                         
     },                                                                                          
     "Planning Time": 1960.036,                                                                  
     "Triggers": [                                                                               
     ],                                                                                          
     "Execution Time": 498121.466                                                                
   }                                                                                             
 ]
