 [                                                                                                                                           
   {                                                                                                                                         
     "Plan": {                                                                                                                               
       "Node Type": "Aggregate",                                                                                                             
       "Strategy": "Plain",                                                                                                                  
       "Partial Mode": "Simple",                                                                                                             
       "Parallel Aware": false,                                                                                                              
       "Startup Cost": 5303.32,                                                                                                              
       "Total Cost": 5303.32,                                                                                                                
       "Plan Rows": 1,                                                                                                                       
       "Plan Width": 96,                                                                                                                     
       "Actual Startup Time": 108343.324,                                                                                                    
       "Actual Total Time": 108343.325,                                                                                                      
       "Actual Rows": 1,                                                                                                                     
       "Actual Loops": 1,                                                                                                                    
       "Shared Hit Blocks": 0,                                                                                                               
       "Shared Read Blocks": 83349,                                                                                                          
       "Shared Dirtied Blocks": 0,                                                                                                           
       "Shared Written Blocks": 0,                                                                                                           
       "Local Hit Blocks": 0,                                                                                                                
       "Local Read Blocks": 0,                                                                                                               
       "Local Dirtied Blocks": 0,                                                                                                            
       "Local Written Blocks": 0,                                                                                                            
       "Temp Read Blocks": 0,                                                                                                                
       "Temp Written Blocks": 0,                                                                                                             
       "Plans": [                                                                                                                            
         {                                                                                                                                   
           "Node Type": "Nested Loop",                                                                                                       
           "Parent Relationship": "Outer",                                                                                                   
           "Parallel Aware": false,                                                                                                          
           "Join Type": "Inner",                                                                                                             
           "Startup Cost": 0.00,                                                                                                             
           "Total Cost": 5303.32,                                                                                                            
           "Plan Rows": 1,                                                                                                                   
           "Plan Width": 48,                                                                                                                 
           "Actual Startup Time": 50666.470,                                                                                                 
           "Actual Total Time": 108326.555,                                                                                                  
           "Actual Rows": 310,                                                                                                               
           "Actual Loops": 1,                                                                                                                
           "Inner Unique": false,                                                                                                            
           "Join Filter": "(ml.movie_id = t.id)",                                                                                            
           "Rows Removed by Join Filter": 366053252,                                                                                         
           "Shared Hit Blocks": 0,                                                                                                           
           "Shared Read Blocks": 83349,                                                                                                      
           "Shared Dirtied Blocks": 0,                                                                                                       
           "Shared Written Blocks": 0,                                                                                                       
           "Local Hit Blocks": 0,                                                                                                            
           "Local Read Blocks": 0,                                                                                                           
           "Local Dirtied Blocks": 0,                                                                                                        
           "Local Written Blocks": 0,                                                                                                        
           "Temp Read Blocks": 0,                                                                                                            
           "Temp Written Blocks": 0,                                                                                                         
           "Plans": [                                                                                                                        
             {                                                                                                                               
               "Node Type": "Seq Scan",                                                                                                      
               "Parent Relationship": "Outer",                                                                                               
               "Parallel Aware": false,                                                                                                      
               "Relation Name": "title",                                                                                                     
               "Alias": "t",                                                                                                                 
               "Startup Cost": 0.00,                                                                                                         
               "Total Cost": 1696.56,                                                                                                        
               "Plan Rows": 910581,                                                                                                          
               "Plan Width": 21,                                                                                                             
               "Actual Startup Time": 21.555,                                                                                                
               "Actual Total Time": 625.693,                                                                                                 
               "Actual Rows": 910581,                                                                                                        
               "Actual Loops": 1,                                                                                                            
               "Filter": "((production_year >= 1950) AND (production_year <= 2000))",                                                        
               "Rows Removed by Filter": 1617731,                                                                                            
               "Shared Hit Blocks": 0,                                                                                                       
               "Shared Read Blocks": 35998,                                                                                                  
               "Shared Dirtied Blocks": 0,                                                                                                   
               "Shared Written Blocks": 0,                                                                                                   
               "Local Hit Blocks": 0,                                                                                                        
               "Local Read Blocks": 0,                                                                                                       
               "Local Dirtied Blocks": 0,                                                                                                    
               "Local Written Blocks": 0,                                                                                                    
               "Temp Read Blocks": 0,                                                                                                        
               "Temp Written Blocks": 0                                                                                                      
             },                                                                                                                              
             {                                                                                                                               
               "Node Type": "Materialize",                                                                                                   
               "Parent Relationship": "Inner",                                                                                               
               "Parallel Aware": false,                                                                                                      
               "Startup Cost": 0.00,                                                                                                         
               "Total Cost": 3402.41,                                                                                                        
               "Plan Rows": 1,                                                                                                               
               "Plan Width": 43,                                                                                                             
               "Actual Startup Time": 0.047,                                                                                                 
               "Actual Total Time": 0.073,                                                                                                   
               "Actual Rows": 402,                                                                                                           
               "Actual Loops": 910581,                                                                                                       
               "Shared Hit Blocks": 0,                                                                                                       
               "Shared Read Blocks": 47351,                                                                                                  
               "Shared Dirtied Blocks": 0,                                                                                                   
               "Shared Written Blocks": 0,                                                                                                   
               "Local Hit Blocks": 0,                                                                                                        
               "Local Read Blocks": 0,                                                                                                       
               "Local Dirtied Blocks": 0,                                                                                                    
               "Local Written Blocks": 0,                                                                                                    
               "Temp Read Blocks": 0,                                                                                                        
               "Temp Written Blocks": 0,                                                                                                     
               "Plans": [                                                                                                                    
                 {                                                                                                                           
                   "Node Type": "Nested Loop",                                                                                               
                   "Parent Relationship": "Outer",                                                                                           
                   "Parallel Aware": false,                                                                                                  
                   "Join Type": "Inner",                                                                                                     
                   "Startup Cost": 0.00,                                                                                                     
                   "Total Cost": 3402.41,                                                                                                    
                   "Plan Rows": 1,                                                                                                           
                   "Plan Width": 43,                                                                                                         
                   "Actual Startup Time": 42875.960,                                                                                         
                   "Actual Total Time": 50438.002,                                                                                           
                   "Actual Rows": 402,                                                                                                       
                   "Actual Loops": 1,                                                                                                        
                   "Inner Unique": true,                                                                                                     
                   "Join Filter": "(mc.company_type_id = ct.id)",                                                                            
                   "Rows Removed by Join Filter": 20,                                                                                        
                   "Shared Hit Blocks": 0,                                                                                                   
                   "Shared Read Blocks": 47351,                                                                                              
                   "Shared Dirtied Blocks": 0,                                                                                               
                   "Shared Written Blocks": 0,                                                                                               
                   "Local Hit Blocks": 0,                                                                                                    
                   "Local Read Blocks": 0,                                                                                                   
                   "Local Dirtied Blocks": 0,                                                                                                
                   "Local Written Blocks": 0,                                                                                                
                   "Temp Read Blocks": 0,                                                                                                    
                   "Temp Written Blocks": 0,                                                                                                 
                   "Plans": [                                                                                                                
                     {                                                                                                                       
                       "Node Type": "Nested Loop",                                                                                           
                       "Parent Relationship": "Outer",                                                                                       
                       "Parallel Aware": false,                                                                                              
                       "Join Type": "Inner",                                                                                                 
                       "Startup Cost": 0.00,                                                                                                 
                       "Total Cost": 3402.38,                                                                                                
                       "Plan Rows": 1,                                                                                                       
                       "Plan Width": 47,                                                                                                     
                       "Actual Startup Time": 42857.324,                                                                                     
                       "Actual Total Time": 50419.094,                                                                                       
                       "Actual Rows": 422,                                                                                                   
                       "Actual Loops": 1,                                                                                                    
                       "Inner Unique": false,                                                                                                
                       "Join Filter": "(mc.company_id = cn.id)",                                                                             
                       "Rows Removed by Join Filter": 49315920,                                                                              
                       "Shared Hit Blocks": 0,                                                                                               
                       "Shared Read Blocks": 47350,                                                                                          
                       "Shared Dirtied Blocks": 0,                                                                                           
                       "Shared Written Blocks": 0,                                                                                           
                       "Local Hit Blocks": 0,                                                                                                
                       "Local Read Blocks": 0,                                                                                               
                       "Local Dirtied Blocks": 0,                                                                                            
                       "Local Written Blocks": 0,                                                                                            
                       "Temp Read Blocks": 0,                                                                                                
                       "Temp Written Blocks": 0,                                                                                             
                       "Plans": [                                                                                                            
                         {                                                                                                                   
                           "Node Type": "Seq Scan",                                                                                          
                           "Parent Relationship": "Outer",                                                                                   
                           "Parallel Aware": false,                                                                                          
                           "Relation Name": "company_name",                                                                                  
                           "Alias": "cn",                                                                                                    
                           "Startup Cost": 0.00,                                                                                             
                           "Total Cost": 164.90,                                                                                             
                           "Plan Rows": 49161,                                                                                               
                           "Plan Width": 23,                                                                                                 
                           "Actual Startup Time": 8.048,                                                                                     
                           "Actual Total Time": 101.535,                                                                                     
                           "Actual Rows": 48302,                                                                                             
                           "Actual Loops": 1,                                                                                                
                           "Filter": "(((country_code)::text <> '[pl]'::text) AND ((name ~~ '%Film%'::text) OR (name ~~ '%Warner%'::text)))",
                           "Rows Removed by Filter": 186695,                                                                                 
                           "Shared Hit Blocks": 0,                                                                                           
                           "Shared Read Blocks": 2994,                                                                                       
                           "Shared Dirtied Blocks": 0,                                                                                       
                           "Shared Written Blocks": 0,                                                                                       
                           "Local Hit Blocks": 0,                                                                                            
                           "Local Read Blocks": 0,                                                                                           
                           "Local Dirtied Blocks": 0,                                                                                        
                           "Local Written Blocks": 0,                                                                                        
                           "Temp Read Blocks": 0,                                                                                            
                           "Temp Written Blocks": 0                                                                                          
                         },                                                                                                                  
                         {                                                                                                                   
                           "Node Type": "Materialize",                                                                                       
                           "Parent Relationship": "Inner",                                                                                   
                           "Parallel Aware": false,                                                                                          
                           "Startup Cost": 0.00,                                                                                             
                           "Total Cost": 3226.45,                                                                                            
                           "Plan Rows": 1,                                                                                                   
                           "Plan Width": 32,                                                                                                 
                           "Actual Startup Time": 0.124,                                                                                     
                           "Actual Total Time": 0.930,                                                                                       
                           "Actual Rows": 1021,                                                                                              
                           "Actual Loops": 48302,                                                                                            
                           "Shared Hit Blocks": 0,                                                                                           
                           "Shared Read Blocks": 44356,                                                                                      
                           "Shared Dirtied Blocks": 0,                                                                                       
                           "Shared Written Blocks": 0,                                                                                       
                           "Local Hit Blocks": 0,                                                                                            
                           "Local Read Blocks": 0,                                                                                           
                           "Local Dirtied Blocks": 0,                                                                                        
                           "Local Written Blocks": 0,                                                                                        
                           "Temp Read Blocks": 0,                                                                                            
                           "Temp Written Blocks": 0,                                                                                         
                           "Plans": [                                                                                                        
                             {                                                                                                               
                               "Node Type": "Nested Loop",                                                                                   
                               "Parent Relationship": "Outer",                                                                               
                               "Parallel Aware": false,                                                                                      
                               "Join Type": "Inner",                                                                                         
                               "Startup Cost": 0.00,                                                                                         
                               "Total Cost": 3226.45,                                                                                        
                               "Plan Rows": 1,                                                                                               
                               "Plan Width": 32,                                                                                             
                               "Actual Startup Time": 5963.083,                                                                              
                               "Actual Total Time": 42597.374,                                                                               
                               "Actual Rows": 1021,                                                                                          
                               "Actual Loops": 1,                                                                                            
                               "Inner Unique": false,                                                                                        
                               "Join Filter": "(ml.movie_id = mc.movie_id)",                                                                 
                               "Rows Removed by Join Filter": 253124790,                                                                     
                               "Shared Hit Blocks": 0,                                                                                       
                               "Shared Read Blocks": 44356,                                                                                  
                               "Shared Dirtied Blocks": 0,                                                                                   
                               "Shared Written Blocks": 0,                                                                                   
                               "Local Hit Blocks": 0,                                                                                        
                               "Local Read Blocks": 0,                                                                                       
                               "Local Dirtied Blocks": 0,                                                                                    
                               "Local Written Blocks": 0,                                                                                    
                               "Temp Read Blocks": 0,                                                                                        
                               "Temp Written Blocks": 0,                                                                                     
                               "Plans": [                                                                                                    
                                 {                                                                                                           
                                   "Node Type": "Seq Scan",                                                                                  
                                   "Parent Relationship": "Outer",                                                                           
                                   "Parallel Aware": false,                                                                                  
                                   "Relation Name": "movie_companies",                                                                       
                                   "Alias": "mc",                                                                                            
                                   "Startup Cost": 0.00,                                                                                     
                                   "Total Cost": 769.75,                                                                                     
                                   "Plan Rows": 1271989,                                                                                     
                                   "Plan Width": 12,                                                                                         
                                   "Actual Startup Time": 5.104,                                                                             
                                   "Actual Total Time": 529.923,                                                                             
                                   "Actual Rows": 1271989,                                                                                   
                                   "Actual Loops": 1,                                                                                        
                                   "Filter": "(note IS NULL)",                                                                               
                                   "Rows Removed by Filter": 1337140,                                                                        
                                   "Shared Hit Blocks": 0,                                                                                   
                                   "Shared Read Blocks": 18789,                                                                              
                                   "Shared Dirtied Blocks": 0,                                                                               
                                   "Shared Written Blocks": 0,                                                                               
                                   "Local Hit Blocks": 0,                                                                                    
                                   "Local Read Blocks": 0,                                                                                   
                                   "Local Dirtied Blocks": 0,                                                                                
                                   "Local Written Blocks": 0,                                                                                
                                   "Temp Read Blocks": 0,                                                                                    
                                   "Temp Written Blocks": 0                                                                                  
                                 },                                                                                                          
                                 {                                                                                                           
                                   "Node Type": "Materialize",                                                                               
                                   "Parent Relationship": "Inner",                                                                           
                                   "Parallel Aware": false,                                                                                  
                                   "Startup Cost": 0.00,                                                                                     
                                   "Total Cost": 2171.24,                                                                                    
                                   "Plan Rows": 1,                                                                                           
                                   "Plan Width": 20,                                                                                         
                                   "Actual Startup Time": 0.002,                                                                             
                                   "Actual Total Time": 0.013,                                                                               
                                   "Actual Rows": 199,                                                                                       
                                   "Actual Loops": 1271989,                                                                                  
                                   "Shared Hit Blocks": 0,                                                                                   
                                   "Shared Read Blocks": 25567,                                                                              
                                   "Shared Dirtied Blocks": 0,                                                                               
                                   "Shared Written Blocks": 0,                                                                               
                                   "Local Hit Blocks": 0,                                                                                    
                                   "Local Read Blocks": 0,                                                                                   
                                   "Local Dirtied Blocks": 0,                                                                                
                                   "Local Written Blocks": 0,                                                                                
                                   "Temp Read Blocks": 0,                                                                                    
                                   "Temp Written Blocks": 0,                                                                                 
                                   "Plans": [                                                                                                
                                     {                                                                                                       
                                       "Node Type": "Nested Loop",                                                                           
                                       "Parent Relationship": "Outer",                                                                       
                                       "Parallel Aware": false,                                                                              
                                       "Join Type": "Inner",                                                                                 
                                       "Startup Cost": 0.00,                                                                                 
                                       "Total Cost": 2171.24,                                                                                
                                       "Plan Rows": 1,                                                                                       
                                       "Plan Width": 20,                                                                                     
                                       "Actual Startup Time": 2516.589,                                                                      
                                       "Actual Total Time": 5910.292,                                                                        
                                       "Actual Rows": 199,                                                                                   
                                       "Actual Loops": 1,                                                                                    
                                       "Inner Unique": false,                                                                                
                                       "Join Filter": "(mk.movie_id = ml.movie_id)",                                                         
                                       "Rows Removed by Join Filter": 24409161,                                                              
                                       "Shared Hit Blocks": 0,                                                                               
                                       "Shared Read Blocks": 25567,                                                                          
                                       "Shared Dirtied Blocks": 0,                                                                           
                                       "Shared Written Blocks": 0,                                                                           
                                       "Local Hit Blocks": 0,                                                                                
                                       "Local Read Blocks": 0,                                                                               
                                       "Local Dirtied Blocks": 0,                                                                            
                                       "Local Written Blocks": 0,                                                                            
                                       "Temp Read Blocks": 0,                                                                                
                                       "Temp Written Blocks": 0,                                                                             
                                       "Plans": [                                                                                            
                                         {                                                                                                   
                                           "Node Type": "Nested Loop",                                                                       
                                           "Parent Relationship": "Outer",                                                                   
                                           "Parallel Aware": false,                                                                          
                                           "Join Type": "Inner",                                                                             
                                           "Startup Cost": 0.00,                                                                             
                                           "Total Cost": 13.95,                                                                              
                                           "Plan Rows": 1666,                                                                                
                                           "Plan Width": 16,                                                                                 
                                           "Actual Startup Time": 24.604,                                                                    
                                           "Actual Total Time": 51.858,                                                                      
                                           "Actual Rows": 2315,                                                                              
                                           "Actual Loops": 1,                                                                                
                                           "Inner Unique": true,                                                                             
                                           "Join Filter": "(lt.id = ml.link_type_id)",                                                       
                                           "Rows Removed by Join Filter": 56521,                                                             
                                           "Shared Hit Blocks": 0,                                                                           
                                           "Shared Read Blocks": 164,                                                                        
                                           "Shared Dirtied Blocks": 0,                                                                       
                                           "Shared Written Blocks": 0,                                                                       
                                           "Local Hit Blocks": 0,                                                                            
                                           "Local Read Blocks": 0,                                                                           
                                           "Local Dirtied Blocks": 0,                                                                        
                                           "Local Written Blocks": 0,                                                                        
                                           "Temp Read Blocks": 0,                                                                            
                                           "Temp Written Blocks": 0,                                                                         
                                           "Plans": [                                                                                        
                                             {                                                                                               
                                               "Node Type": "Seq Scan",                                                                      
                                               "Parent Relationship": "Outer",                                                               
                                               "Parallel Aware": false,                                                                      
                                               "Relation Name": "movie_link",                                                                
                                               "Alias": "ml",                                                                                
                                               "Startup Cost": 0.00,                                                                         
                                               "Total Cost": 7.19,                                                                           
                                               "Plan Rows": 29997,                                                                           
                                               "Plan Width": 8,                                                                              
                                               "Actual Startup Time": 24.365,                                                                
                                               "Actual Total Time": 36.617,                                                                  
                                               "Actual Rows": 29997,                                                                         
                                               "Actual Loops": 1,                                                                            
                                               "Shared Hit Blocks": 0,                                                                       
                                               "Shared Read Blocks": 163,                                                                    
                                               "Shared Dirtied Blocks": 0,                                                                   
                                               "Shared Written Blocks": 0,                                                                   
                                               "Local Hit Blocks": 0,                                                                        
                                               "Local Read Blocks": 0,                                                                       
                                               "Local Dirtied Blocks": 0,                                                                    
                                               "Local Written Blocks": 0,                                                                    
                                               "Temp Read Blocks": 0,                                                                        
                                               "Temp Written Blocks": 0                                                                      
                                             },                                                                                              
                                             {                                                                                               
                                               "Node Type": "Materialize",                                                                   
                                               "Parent Relationship": "Inner",                                                               
                                               "Parallel Aware": false,                                                                      
                                               "Startup Cost": 0.00,                                                                         
                                               "Total Cost": 0.03,                                                                           
                                               "Plan Rows": 1,                                                                               
                                               "Plan Width": 16,                                                                             
                                               "Actual Startup Time": 0.000,                                                                 
                                               "Actual Total Time": 0.000,                                                                   
                                               "Actual Rows": 2,                                                                             
                                               "Actual Loops": 29997,                                                                        
                                               "Shared Hit Blocks": 0,                                                                       
                                               "Shared Read Blocks": 1,                                                                      
                                               "Shared Dirtied Blocks": 0,                                                                   
                                               "Shared Written Blocks": 0,                                                                   
                                               "Local Hit Blocks": 0,                                                                        
                                               "Local Read Blocks": 0,                                                                       
                                               "Local Dirtied Blocks": 0,                                                                    
                                               "Local Written Blocks": 0,                                                                    
                                               "Temp Read Blocks": 0,                                                                        
                                               "Temp Written Blocks": 0,                                                                     
                                               "Plans": [                                                                                    
                                                 {                                                                                           
                                                   "Node Type": "Seq Scan",                                                                  
                                                   "Parent Relationship": "Outer",                                                           
                                                   "Parallel Aware": false,                                                                  
                                                   "Relation Name": "link_type",                                                             
                                                   "Alias": "lt",                                                                            
                                                   "Startup Cost": 0.00,                                                                     
                                                   "Total Cost": 0.03,                                                                       
                                                   "Plan Rows": 1,                                                                           
                                                   "Plan Width": 16,                                                                         
                                                   "Actual Startup Time": 0.114,                                                             
                                                   "Actual Total Time": 0.128,                                                               
                                                   "Actual Rows": 2,                                                                         
                                                   "Actual Loops": 1,                                                                        
                                                   "Filter": "((link)::text ~~ '%follow%'::text)",                                           
                                                   "Rows Removed by Filter": 16,                                                             
                                                   "Shared Hit Blocks": 0,                                                                   
                                                   "Shared Read Blocks": 1,                                                                  
                                                   "Shared Dirtied Blocks": 0,                                                               
                                                   "Shared Written Blocks": 0,                                                               
                                                   "Local Hit Blocks": 0,                                                                    
                                                   "Local Read Blocks": 0,                                                                   
                                                   "Local Dirtied Blocks": 0,                                                                
                                                   "Local Written Blocks": 0,                                                                
                                                   "Temp Read Blocks": 0,                                                                    
                                                   "Temp Written Blocks": 0                                                                  
                                                 }                                                                                           
                                               ]                                                                                             
                                             }                                                                                               
                                           ]                                                                                                 
                                         },                                                                                                  
                                         {                                                                                                   
                                           "Node Type": "Materialize",                                                                       
                                           "Parent Relationship": "Inner",                                                                   
                                           "Parallel Aware": false,                                                                          
                                           "Startup Cost": 0.00,                                                                             
                                           "Total Cost": 2144.57,                                                                            
                                           "Plan Rows": 34,                                                                                  
                                           "Plan Width": 4,                                                                                  
                                           "Actual Startup Time": 0.050,                                                                     
                                           "Actual Total Time": 1.522,                                                                       
                                           "Actual Rows": 10544,                                                                             
                                           "Actual Loops": 2315,                                                                             
                                           "Shared Hit Blocks": 0,                                                                           
                                           "Shared Read Blocks": 25403,                                                                      
                                           "Shared Dirtied Blocks": 0,                                                                       
                                           "Shared Written Blocks": 0,                                                                       
                                           "Local Hit Blocks": 0,                                                                            
                                           "Local Read Blocks": 0,                                                                           
                                           "Local Dirtied Blocks": 0,                                                                        
                                           "Local Written Blocks": 0,                                                                        
                                           "Temp Read Blocks": 0,                                                                            
                                           "Temp Written Blocks": 0,                                                                         
                                           "Plans": [                                                                                        
                                             {                                                                                               
                                               "Node Type": "Nested Loop",                                                                   
                                               "Parent Relationship": "Outer",                                                               
                                               "Parallel Aware": false,                                                                      
                                               "Join Type": "Inner",                                                                         
                                               "Startup Cost": 0.00,                                                                         
                                               "Total Cost": 2144.57,                                                                        
                                               "Plan Rows": 34,                                                                              
                                               "Plan Width": 4,                                                                              
                                               "Actual Startup Time": 116.580,                                                               
                                               "Actual Total Time": 2452.518,                                                                
                                               "Actual Rows": 10544,                                                                         
                                               "Actual Loops": 1,                                                                            
                                               "Inner Unique": true,                                                                         
                                               "Join Filter": "(k.id = mk.keyword_id)",                                                      
                                               "Rows Removed by Join Filter": 4513386,                                                       
                                               "Shared Hit Blocks": 0,                                                                       
                                               "Shared Read Blocks": 25403,                                                                  
                                               "Shared Dirtied Blocks": 0,                                                                   
                                               "Shared Written Blocks": 0,                                                                   
                                               "Local Hit Blocks": 0,                                                                        
                                               "Local Read Blocks": 0,                                                                       
                                               "Local Dirtied Blocks": 0,                                                                    
                                               "Local Written Blocks": 0,                                                                    
                                               "Temp Read Blocks": 0,                                                                        
                                               "Temp Written Blocks": 0,                                                                     
                                               "Plans": [                                                                                    
                                                 {                                                                                           
                                                   "Node Type": "Seq Scan",                                                                  
                                                   "Parent Relationship": "Outer",                                                           
                                                   "Parallel Aware": false,                                                                  
                                                   "Relation Name": "movie_keyword",                                                         
                                                   "Alias": "mk",                                                                            
                                                   "Startup Cost": 0.00,                                                                     
                                                   "Total Cost": 1079.84,                                                                    
                                                   "Plan Rows": 4523930,                                                                     
                                                   "Plan Width": 8,                                                                          
                                                   "Actual Startup Time": 24.917,                                                            
                                                   "Actual Total Time": 699.676,                                                             
                                                   "Actual Rows": 4523930,                                                                   
                                                   "Actual Loops": 1,                                                                        
                                                   "Shared Hit Blocks": 0,                                                                   
                                                   "Shared Read Blocks": 24454,                                                              
                                                   "Shared Dirtied Blocks": 0,                                                               
                                                   "Shared Written Blocks": 0,                                                               
                                                   "Local Hit Blocks": 0,                                                                    
                                                   "Local Read Blocks": 0,                                                                   
                                                   "Local Dirtied Blocks": 0,                                                                
                                                   "Local Written Blocks": 0,                                                                
                                                   "Temp Read Blocks": 0,                                                                    
                                                   "Temp Written Blocks": 0                                                                  
                                                 },                                                                                          
                                                 {                                                                                           
                                                   "Node Type": "Materialize",                                                               
                                                   "Parent Relationship": "Inner",                                                           
                                                   "Parallel Aware": false,                                                                  
                                                   "Startup Cost": 0.00,                                                                     
                                                   "Total Cost": 49.46,                                                                      
                                                   "Plan Rows": 1,                                                                           
                                                   "Plan Width": 4,                                                                          
                                                   "Actual Startup Time": 0.000,                                                             
                                                   "Actual Total Time": 0.000,                                                               
                                                   "Actual Rows": 1,                                                                         
                                                   "Actual Loops": 4523930,                                                                  
                                                   "Shared Hit Blocks": 0,                                                                   
                                                   "Shared Read Blocks": 949,                                                                
                                                   "Shared Dirtied Blocks": 0,                                                               
                                                   "Shared Written Blocks": 0,                                                               
                                                   "Local Hit Blocks": 0,                                                                    
                                                   "Local Read Blocks": 0,                                                                   
                                                   "Local Dirtied Blocks": 0,                                                                
                                                   "Local Written Blocks": 0,                                                                
                                                   "Temp Read Blocks": 0,                                                                    
                                                   "Temp Written Blocks": 0,                                                                 
                                                   "Plans": [                                                                                
                                                     {                                                                                       
                                                       "Node Type": "Seq Scan",                                                              
                                                       "Parent Relationship": "Outer",                                                       
                                                       "Parallel Aware": false,                                                              
                                                       "Relation Name": "keyword",                                                           
                                                       "Alias": "k",                                                                         
                                                       "Startup Cost": 0.00,                                                                 
                                                       "Total Cost": 49.46,                                                                  
                                                       "Plan Rows": 1,                                                                       
                                                       "Plan Width": 4,                                                                      
                                                       "Actual Startup Time": 31.510,                                                        
                                                       "Actual Total Time": 91.354,                                                          
                                                       "Actual Rows": 1,                                                                     
                                                       "Actual Loops": 1,                                                                    
                                                       "Filter": "(keyword = 'sequel'::text)",                                               
                                                       "Rows Removed by Filter": 134169,                                                     
                                                       "Shared Hit Blocks": 0,                                                               
                                                       "Shared Read Blocks": 949,                                                            
                                                       "Shared Dirtied Blocks": 0,                                                           
                                                       "Shared Written Blocks": 0,                                                           
                                                       "Local Hit Blocks": 0,                                                                
                                                       "Local Read Blocks": 0,                                                               
                                                       "Local Dirtied Blocks": 0,                                                            
                                                       "Local Written Blocks": 0,                                                            
                                                       "Temp Read Blocks": 0,                                                                
                                                       "Temp Written Blocks": 0                                                              
                                                     }                                                                                       
                                                   ]                                                                                         
                                                 }                                                                                           
                                               ]                                                                                             
                                             }                                                                                               
                                           ]                                                                                                 
                                         }                                                                                                   
                                       ]                                                                                                     
                                     }                                                                                                       
                                   ]                                                                                                         
                                 }                                                                                                           
                               ]                                                                                                             
                             }                                                                                                               
                           ]                                                                                                                 
                         }                                                                                                                   
                       ]                                                                                                                     
                     },                                                                                                                      
                     {                                                                                                                       
                       "Node Type": "Materialize",                                                                                           
                       "Parent Relationship": "Inner",                                                                                       
                       "Parallel Aware": false,                                                                                              
                       "Startup Cost": 0.00,                                                                                                 
                       "Total Cost": 0.03,                                                                                                   
                       "Plan Rows": 1,                                                                                                       
                       "Plan Width": 4,                                                                                                      
                       "Actual Startup Time": 0.044,                                                                                         
                       "Actual Total Time": 0.044,                                                                                           
                       "Actual Rows": 1,                                                                                                     
                       "Actual Loops": 422,                                                                                                  
                       "Shared Hit Blocks": 0,                                                                                               
                       "Shared Read Blocks": 1,                                                                                              
                       "Shared Dirtied Blocks": 0,                                                                                           
                       "Shared Written Blocks": 0,                                                                                           
                       "Local Hit Blocks": 0,                                                                                                
                       "Local Read Blocks": 0,                                                                                               
                       "Local Dirtied Blocks": 0,                                                                                            
                       "Local Written Blocks": 0,                                                                                            
                       "Temp Read Blocks": 0,                                                                                                
                       "Temp Written Blocks": 0,                                                                                             
                       "Plans": [                                                                                                            
                         {                                                                                                                   
                           "Node Type": "Seq Scan",                                                                                          
                           "Parent Relationship": "Outer",                                                                                   
                           "Parallel Aware": false,                                                                                          
                           "Relation Name": "company_type",                                                                                  
                           "Alias": "ct",                                                                                                    
                           "Startup Cost": 0.00,                                                                                             
                           "Total Cost": 0.03,                                                                                               
                           "Plan Rows": 1,                                                                                                   
                           "Plan Width": 4,                                                                                                  
                           "Actual Startup Time": 18.624,                                                                                    
                           "Actual Total Time": 18.626,                                                                                      
                           "Actual Rows": 1,                                                                                                 
                           "Actual Loops": 1,                                                                                                
                           "Filter": "((kind)::text = 'production companies'::text)",                                                        
                           "Rows Removed by Filter": 3,                                                                                      
                           "Shared Hit Blocks": 0,                                                                                           
                           "Shared Read Blocks": 1,                                                                                          
                           "Shared Dirtied Blocks": 0,                                                                                       
                           "Shared Written Blocks": 0,                                                                                       
                           "Local Hit Blocks": 0,                                                                                            
                           "Local Read Blocks": 0,                                                                                           
                           "Local Dirtied Blocks": 0,                                                                                        
                           "Local Written Blocks": 0,                                                                                        
                           "Temp Read Blocks": 0,                                                                                            
                           "Temp Written Blocks": 0                                                                                          
                         }                                                                                                                   
                       ]                                                                                                                     
                     }                                                                                                                       
                   ]                                                                                                                         
                 }                                                                                                                           
               ]                                                                                                                             
             }                                                                                                                               
           ]                                                                                                                                 
         }                                                                                                                                   
       ]                                                                                                                                     
     },                                                                                                                                      
     "Planning Time": 3240.706,                                                                                                              
     "Triggers": [                                                                                                                           
     ],                                                                                                                                      
     "Execution Time": 108386.711                                                                                                            
   }                                                                                                                                         
 ]
