 [                                                                                                                                               
   {                                                                                                                                             
     "Plan": {                                                                                                                                   
       "Node Type": "Aggregate",                                                                                                                 
       "Strategy": "Plain",                                                                                                                      
       "Partial Mode": "Simple",                                                                                                                 
       "Parallel Aware": false,                                                                                                                  
       "Startup Cost": 5086.44,                                                                                                                  
       "Total Cost": 5086.44,                                                                                                                    
       "Plan Rows": 1,                                                                                                                           
       "Plan Width": 96,                                                                                                                         
       "Actual Startup Time": 5516.153,                                                                                                          
       "Actual Total Time": 5516.154,                                                                                                            
       "Actual Rows": 1,                                                                                                                         
       "Actual Loops": 1,                                                                                                                        
       "Shared Hit Blocks": 0,                                                                                                                   
       "Shared Read Blocks": 83349,                                                                                                              
       "Shared Dirtied Blocks": 0,                                                                                                               
       "Shared Written Blocks": 0,                                                                                                               
       "Local Hit Blocks": 0,                                                                                                                    
       "Local Read Blocks": 0,                                                                                                                   
       "Local Dirtied Blocks": 0,                                                                                                                
       "Local Written Blocks": 0,                                                                                                                
       "Temp Read Blocks": 0,                                                                                                                    
       "Temp Written Blocks": 0,                                                                                                                 
       "Plans": [                                                                                                                                
         {                                                                                                                                       
           "Node Type": "Nested Loop",                                                                                                           
           "Parent Relationship": "Outer",                                                                                                       
           "Parallel Aware": false,                                                                                                              
           "Join Type": "Inner",                                                                                                                 
           "Startup Cost": 0.00,                                                                                                                 
           "Total Cost": 5086.44,                                                                                                                
           "Plan Rows": 1,                                                                                                                       
           "Plan Width": 48,                                                                                                                     
           "Actual Startup Time": 5509.604,                                                                                                      
           "Actual Total Time": 5516.097,                                                                                                        
           "Actual Rows": 14,                                                                                                                    
           "Actual Loops": 1,                                                                                                                    
           "Inner Unique": true,                                                                                                                 
           "Join Filter": "(ml.link_type_id = lt.id)",                                                                                           
           "Rows Removed by Join Filter": 24,                                                                                                    
           "Shared Hit Blocks": 0,                                                                                                               
           "Shared Read Blocks": 83349,                                                                                                          
           "Shared Dirtied Blocks": 0,                                                                                                           
           "Shared Written Blocks": 0,                                                                                                           
           "Local Hit Blocks": 0,                                                                                                                
           "Local Read Blocks": 0,                                                                                                               
           "Local Dirtied Blocks": 0,                                                                                                            
           "Local Written Blocks": 0,                                                                                                            
           "Temp Read Blocks": 0,                                                                                                                
           "Temp Written Blocks": 0,                                                                                                             
           "Plans": [                                                                                                                            
             {                                                                                                                                   
               "Node Type": "Nested Loop",                                                                                                       
               "Parent Relationship": "Outer",                                                                                                   
               "Parallel Aware": false,                                                                                                          
               "Join Type": "Inner",                                                                                                             
               "Startup Cost": 0.00,                                                                                                             
               "Total Cost": 5086.41,                                                                                                            
               "Plan Rows": 1,                                                                                                                   
               "Plan Width": 40,                                                                                                                 
               "Actual Startup Time": 5509.394,                                                                                                  
               "Actual Total Time": 5515.901,                                                                                                    
               "Actual Rows": 38,                                                                                                                
               "Actual Loops": 1,                                                                                                                
               "Inner Unique": false,                                                                                                            
               "Join Filter": "(t.id = ml.movie_id)",                                                                                            
               "Rows Removed by Join Filter": 59956,                                                                                             
               "Shared Hit Blocks": 0,                                                                                                           
               "Shared Read Blocks": 83348,                                                                                                      
               "Shared Dirtied Blocks": 0,                                                                                                       
               "Shared Written Blocks": 0,                                                                                                       
               "Local Hit Blocks": 0,                                                                                                            
               "Local Read Blocks": 0,                                                                                                           
               "Local Dirtied Blocks": 0,                                                                                                        
               "Local Written Blocks": 0,                                                                                                        
               "Temp Read Blocks": 0,                                                                                                            
               "Temp Written Blocks": 0,                                                                                                         
               "Plans": [                                                                                                                        
                 {                                                                                                                               
                   "Node Type": "Seq Scan",                                                                                                      
                   "Parent Relationship": "Outer",                                                                                               
                   "Parallel Aware": false,                                                                                                      
                   "Relation Name": "movie_link",                                                                                                
                   "Alias": "ml",                                                                                                                
                   "Startup Cost": 0.00,                                                                                                         
                   "Total Cost": 7.19,                                                                                                           
                   "Plan Rows": 29997,                                                                                                           
                   "Plan Width": 8,                                                                                                              
                   "Actual Startup Time": 0.177,                                                                                                 
                   "Actual Total Time": 28.250,                                                                                                  
                   "Actual Rows": 29997,                                                                                                         
                   "Actual Loops": 1,                                                                                                            
                   "Shared Hit Blocks": 0,                                                                                                       
                   "Shared Read Blocks": 163,                                                                                                    
                   "Shared Dirtied Blocks": 0,                                                                                                   
                   "Shared Written Blocks": 0,                                                                                                   
                   "Local Hit Blocks": 0,                                                                                                        
                   "Local Read Blocks": 0,                                                                                                       
                   "Local Dirtied Blocks": 0,                                                                                                    
                   "Local Written Blocks": 0,                                                                                                    
                   "Temp Read Blocks": 0,                                                                                                        
                   "Temp Written Blocks": 0                                                                                                      
                 },                                                                                                                              
                 {                                                                                                                               
                   "Node Type": "Materialize",                                                                                                   
                   "Parent Relationship": "Inner",                                                                                               
                   "Parallel Aware": false,                                                                                                      
                   "Startup Cost": 0.00,                                                                                                         
                   "Total Cost": 5072.49,                                                                                                        
                   "Plan Rows": 1,                                                                                                               
                   "Plan Width": 48,                                                                                                             
                   "Actual Startup Time": 0.176,                                                                                                 
                   "Actual Total Time": 0.182,                                                                                                   
                   "Actual Rows": 2,                                                                                                             
                   "Actual Loops": 29997,                                                                                                        
                   "Shared Hit Blocks": 0,                                                                                                       
                   "Shared Read Blocks": 83185,                                                                                                  
                   "Shared Dirtied Blocks": 0,                                                                                                   
                   "Shared Written Blocks": 0,                                                                                                   
                   "Local Hit Blocks": 0,                                                                                                        
                   "Local Read Blocks": 0,                                                                                                       
                   "Local Dirtied Blocks": 0,                                                                                                    
                   "Local Written Blocks": 0,                                                                                                    
                   "Temp Read Blocks": 0,                                                                                                        
                   "Temp Written Blocks": 0,                                                                                                     
                   "Plans": [                                                                                                                    
                     {                                                                                                                           
                       "Node Type": "Nested Loop",                                                                                               
                       "Parent Relationship": "Outer",                                                                                           
                       "Parallel Aware": false,                                                                                                  
                       "Join Type": "Inner",                                                                                                     
                       "Startup Cost": 0.00,                                                                                                     
                       "Total Cost": 5072.49,                                                                                                    
                       "Plan Rows": 1,                                                                                                           
                       "Plan Width": 48,                                                                                                         
                       "Actual Startup Time": 5291.209,                                                                                          
                       "Actual Total Time": 5450.159,                                                                                            
                       "Actual Rows": 2,                                                                                                         
                       "Actual Loops": 1,                                                                                                        
                       "Inner Unique": true,                                                                                                     
                       "Join Filter": "(mc.company_type_id = ct.id)",                                                                            
                       "Rows Removed by Join Filter": 0,                                                                                         
                       "Shared Hit Blocks": 0,                                                                                                   
                       "Shared Read Blocks": 83185,                                                                                              
                       "Shared Dirtied Blocks": 0,                                                                                               
                       "Shared Written Blocks": 0,                                                                                               
                       "Local Hit Blocks": 0,                                                                                                    
                       "Local Read Blocks": 0,                                                                                                   
                       "Local Dirtied Blocks": 0,                                                                                                
                       "Local Written Blocks": 0,                                                                                                
                       "Temp Read Blocks": 0,                                                                                                    
                       "Temp Written Blocks": 0,                                                                                                 
                       "Plans": [                                                                                                                
                         {                                                                                                                       
                           "Node Type": "Nested Loop",                                                                                           
                           "Parent Relationship": "Outer",                                                                                       
                           "Parallel Aware": false,                                                                                              
                           "Join Type": "Inner",                                                                                                 
                           "Startup Cost": 0.00,                                                                                                 
                           "Total Cost": 5072.46,                                                                                                
                           "Plan Rows": 1,                                                                                                       
                           "Plan Width": 52,                                                                                                     
                           "Actual Startup Time": 5268.169,                                                                                      
                           "Actual Total Time": 5427.116,                                                                                        
                           "Actual Rows": 2,                                                                                                     
                           "Actual Loops": 1,                                                                                                    
                           "Inner Unique": false,                                                                                                
                           "Join Filter": "(mc.company_id = cn.id)",                                                                             
                           "Rows Removed by Join Filter": 144904,                                                                                
                           "Shared Hit Blocks": 0,                                                                                               
                           "Shared Read Blocks": 83184,                                                                                          
                           "Shared Dirtied Blocks": 0,                                                                                           
                           "Shared Written Blocks": 0,                                                                                           
                           "Local Hit Blocks": 0,                                                                                                
                           "Local Read Blocks": 0,                                                                                               
                           "Local Dirtied Blocks": 0,                                                                                            
                           "Local Written Blocks": 0,                                                                                            
                           "Temp Read Blocks": 0,                                                                                                
                           "Temp Written Blocks": 0,                                                                                             
                           "Plans": [                                                                                                            
                             {                                                                                                                   
                               "Node Type": "Seq Scan",                                                                                          
                               "Parent Relationship": "Outer",                                                                                   
                               "Parallel Aware": false,                                                                                          
                               "Relation Name": "company_name",                                                                                  
                               "Alias": "cn",                                                                                                    
                               "Startup Cost": 0.00,                                                                                             
                               "Total Cost": 164.90,                                                                                             
                               "Plan Rows": 49161,                                                                                               
                               "Plan Width": 23,                                                                                                 
                               "Actual Startup Time": 21.167,                                                                                    
                               "Actual Total Time": 145.486,                                                                                     
                               "Actual Rows": 48302,                                                                                             
                               "Actual Loops": 1,                                                                                                
                               "Filter": "(((country_code)::text <> '[pl]'::text) AND ((name ~~ '%Film%'::text) OR (name ~~ '%Warner%'::text)))",
                               "Rows Removed by Filter": 186695,                                                                                 
                               "Shared Hit Blocks": 0,                                                                                           
                               "Shared Read Blocks": 2994,                                                                                       
                               "Shared Dirtied Blocks": 0,                                                                                       
                               "Shared Written Blocks": 0,                                                                                       
                               "Local Hit Blocks": 0,                                                                                            
                               "Local Read Blocks": 0,                                                                                           
                               "Local Dirtied Blocks": 0,                                                                                        
                               "Local Written Blocks": 0,                                                                                        
                               "Temp Read Blocks": 0,                                                                                            
                               "Temp Written Blocks": 0                                                                                          
                             },                                                                                                                  
                             {                                                                                                                   
                               "Node Type": "Materialize",                                                                                       
                               "Parent Relationship": "Inner",                                                                                   
                               "Parallel Aware": false,                                                                                          
                               "Startup Cost": 0.00,                                                                                             
                               "Total Cost": 4896.53,                                                                                            
                               "Plan Rows": 1,                                                                                                   
                               "Plan Width": 37,                                                                                                 
                               "Actual Startup Time": 0.096,                                                                                     
                               "Actual Total Time": 0.109,                                                                                       
                               "Actual Rows": 3,                                                                                                 
                               "Actual Loops": 48302,                                                                                            
                               "Shared Hit Blocks": 0,                                                                                           
                               "Shared Read Blocks": 80190,                                                                                      
                               "Shared Dirtied Blocks": 0,                                                                                       
                               "Shared Written Blocks": 0,                                                                                       
                               "Local Hit Blocks": 0,                                                                                            
                               "Local Read Blocks": 0,                                                                                           
                               "Local Dirtied Blocks": 0,                                                                                        
                               "Local Written Blocks": 0,                                                                                        
                               "Temp Read Blocks": 0,                                                                                            
                               "Temp Written Blocks": 0,                                                                                         
                               "Plans": [                                                                                                        
                                 {                                                                                                               
                                   "Node Type": "Nested Loop",                                                                                   
                                   "Parent Relationship": "Outer",                                                                               
                                   "Parallel Aware": false,                                                                                      
                                   "Join Type": "Inner",                                                                                         
                                   "Startup Cost": 0.00,                                                                                         
                                   "Total Cost": 4896.53,                                                                                        
                                   "Plan Rows": 1,                                                                                               
                                   "Plan Width": 37,                                                                                             
                                   "Actual Startup Time": 4640.820,                                                                              
                                   "Actual Total Time": 5238.552,                                                                                
                                   "Actual Rows": 3,                                                                                             
                                   "Actual Loops": 1,                                                                                            
                                   "Inner Unique": false,                                                                                        
                                   "Join Filter": "(t.id = mc.movie_id)",                                                                        
                                   "Rows Removed by Join Filter": 1271986,                                                                       
                                   "Shared Hit Blocks": 0,                                                                                       
                                   "Shared Read Blocks": 80190,                                                                                  
                                   "Shared Dirtied Blocks": 0,                                                                                   
                                   "Shared Written Blocks": 0,                                                                                   
                                   "Local Hit Blocks": 0,                                                                                        
                                   "Local Read Blocks": 0,                                                                                       
                                   "Local Dirtied Blocks": 0,                                                                                    
                                   "Local Written Blocks": 0,                                                                                    
                                   "Temp Read Blocks": 0,                                                                                        
                                   "Temp Written Blocks": 0,                                                                                     
                                   "Plans": [                                                                                                    
                                     {                                                                                                           
                                       "Node Type": "Seq Scan",                                                                                  
                                       "Parent Relationship": "Outer",                                                                           
                                       "Parallel Aware": false,                                                                                  
                                       "Relation Name": "movie_companies",                                                                       
                                       "Alias": "mc",                                                                                            
                                       "Startup Cost": 0.00,                                                                                     
                                       "Total Cost": 769.75,                                                                                     
                                       "Plan Rows": 1271989,                                                                                     
                                       "Plan Width": 12,                                                                                         
                                       "Actual Startup Time": 5.094,                                                                             
                                       "Actual Total Time": 718.570,                                                                             
                                       "Actual Rows": 1271989,                                                                                   
                                       "Actual Loops": 1,                                                                                        
                                       "Filter": "(note IS NULL)",                                                                               
                                       "Rows Removed by Filter": 1337140,                                                                        
                                       "Shared Hit Blocks": 0,                                                                                   
                                       "Shared Read Blocks": 18789,                                                                              
                                       "Shared Dirtied Blocks": 0,                                                                               
                                       "Shared Written Blocks": 0,                                                                               
                                       "Local Hit Blocks": 0,                                                                                    
                                       "Local Read Blocks": 0,                                                                                   
                                       "Local Dirtied Blocks": 0,                                                                                
                                       "Local Written Blocks": 0,                                                                                
                                       "Temp Read Blocks": 0,                                                                                    
                                       "Temp Written Blocks": 0                                                                                  
                                     },                                                                                                          
                                     {                                                                                                           
                                       "Node Type": "Materialize",                                                                               
                                       "Parent Relationship": "Inner",                                                                           
                                       "Parallel Aware": false,                                                                                  
                                       "Startup Cost": 0.00,                                                                                     
                                       "Total Cost": 3841.31,                                                                                    
                                       "Plan Rows": 1,                                                                                           
                                       "Plan Width": 25,                                                                                         
                                       "Actual Startup Time": 0.002,                                                                             
                                       "Actual Total Time": 0.003,                                                                               
                                       "Actual Rows": 1,                                                                                         
                                       "Actual Loops": 1271989,                                                                                  
                                       "Shared Hit Blocks": 0,                                                                                   
                                       "Shared Read Blocks": 61401,                                                                              
                                       "Shared Dirtied Blocks": 0,                                                                               
                                       "Shared Written Blocks": 0,                                                                               
                                       "Local Hit Blocks": 0,                                                                                    
                                       "Local Read Blocks": 0,                                                                                   
                                       "Local Dirtied Blocks": 0,                                                                                
                                       "Local Written Blocks": 0,                                                                                
                                       "Temp Read Blocks": 0,                                                                                    
                                       "Temp Written Blocks": 0,                                                                                 
                                       "Plans": [                                                                                                
                                         {                                                                                                       
                                           "Node Type": "Nested Loop",                                                                           
                                           "Parent Relationship": "Outer",                                                                       
                                           "Parallel Aware": false,                                                                              
                                           "Join Type": "Inner",                                                                                 
                                           "Startup Cost": 0.00,                                                                                 
                                           "Total Cost": 3841.31,                                                                                
                                           "Plan Rows": 1,                                                                                       
                                           "Plan Width": 25,                                                                                     
                                           "Actual Startup Time": 2014.559,                                                                      
                                           "Actual Total Time": 4063.049,                                                                        
                                           "Actual Rows": 1,                                                                                     
                                           "Actual Loops": 1,                                                                                    
                                           "Inner Unique": true,                                                                                 
                                           "Join Filter": "(mk.movie_id = t.id)",                                                                
                                           "Rows Removed by Join Filter": 379549,                                                                
                                           "Shared Hit Blocks": 0,                                                                               
                                           "Shared Read Blocks": 61401,                                                                          
                                           "Shared Dirtied Blocks": 0,                                                                           
                                           "Shared Written Blocks": 0,                                                                           
                                           "Local Hit Blocks": 0,                                                                                
                                           "Local Read Blocks": 0,                                                                               
                                           "Local Dirtied Blocks": 0,                                                                            
                                           "Local Written Blocks": 0,                                                                            
                                           "Temp Read Blocks": 0,                                                                                
                                           "Temp Written Blocks": 0,                                                                             
                                           "Plans": [                                                                                            
                                             {                                                                                                   
                                               "Node Type": "Nested Loop",                                                                       
                                               "Parent Relationship": "Outer",                                                                   
                                               "Parallel Aware": false,                                                                          
                                               "Join Type": "Inner",                                                                             
                                               "Startup Cost": 0.00,                                                                             
                                               "Total Cost": 2144.57,                                                                            
                                               "Plan Rows": 34,                                                                                  
                                               "Plan Width": 4,                                                                                  
                                               "Actual Startup Time": 100.082,                                                                   
                                               "Actual Total Time": 2141.984,                                                                    
                                               "Actual Rows": 10544,                                                                             
                                               "Actual Loops": 1,                                                                                
                                               "Inner Unique": true,                                                                             
                                               "Join Filter": "(k.id = mk.keyword_id)",                                                          
                                               "Rows Removed by Join Filter": 4513386,                                                           
                                               "Shared Hit Blocks": 0,                                                                           
                                               "Shared Read Blocks": 25403,                                                                      
                                               "Shared Dirtied Blocks": 0,                                                                       
                                               "Shared Written Blocks": 0,                                                                       
                                               "Local Hit Blocks": 0,                                                                            
                                               "Local Read Blocks": 0,                                                                           
                                               "Local Dirtied Blocks": 0,                                                                        
                                               "Local Written Blocks": 0,                                                                        
                                               "Temp Read Blocks": 0,                                                                            
                                               "Temp Written Blocks": 0,                                                                         
                                               "Plans": [                                                                                        
                                                 {                                                                                               
                                                   "Node Type": "Seq Scan",                                                                      
                                                   "Parent Relationship": "Outer",                                                               
                                                   "Parallel Aware": false,                                                                      
                                                   "Relation Name": "movie_keyword",                                                             
                                                   "Alias": "mk",                                                                                
                                                   "Startup Cost": 0.00,                                                                         
                                                   "Total Cost": 1079.84,                                                                        
                                                   "Plan Rows": 4523930,                                                                         
                                                   "Plan Width": 8,                                                                              
                                                   "Actual Startup Time": 7.876,                                                                 
                                                   "Actual Total Time": 472.652,                                                                 
                                                   "Actual Rows": 4523930,                                                                       
                                                   "Actual Loops": 1,                                                                            
                                                   "Shared Hit Blocks": 0,                                                                       
                                                   "Shared Read Blocks": 24454,                                                                  
                                                   "Shared Dirtied Blocks": 0,                                                                   
                                                   "Shared Written Blocks": 0,                                                                   
                                                   "Local Hit Blocks": 0,                                                                        
                                                   "Local Read Blocks": 0,                                                                       
                                                   "Local Dirtied Blocks": 0,                                                                    
                                                   "Local Written Blocks": 0,                                                                    
                                                   "Temp Read Blocks": 0,                                                                        
                                                   "Temp Written Blocks": 0                                                                      
                                                 },                                                                                              
                                                 {                                                                                               
                                                   "Node Type": "Materialize",                                                                   
                                                   "Parent Relationship": "Inner",                                                               
                                                   "Parallel Aware": false,                                                                      
                                                   "Startup Cost": 0.00,                                                                         
                                                   "Total Cost": 49.46,                                                                          
                                                   "Plan Rows": 1,                                                                               
                                                   "Plan Width": 4,                                                                              
                                                   "Actual Startup Time": 0.000,                                                                 
                                                   "Actual Total Time": 0.000,                                                                   
                                                   "Actual Rows": 1,                                                                             
                                                   "Actual Loops": 4523930,                                                                      
                                                   "Shared Hit Blocks": 0,                                                                       
                                                   "Shared Read Blocks": 949,                                                                    
                                                   "Shared Dirtied Blocks": 0,                                                                   
                                                   "Shared Written Blocks": 0,                                                                   
                                                   "Local Hit Blocks": 0,                                                                        
                                                   "Local Read Blocks": 0,                                                                       
                                                   "Local Dirtied Blocks": 0,                                                                    
                                                   "Local Written Blocks": 0,                                                                    
                                                   "Temp Read Blocks": 0,                                                                        
                                                   "Temp Written Blocks": 0,                                                                     
                                                   "Plans": [                                                                                    
                                                     {                                                                                           
                                                       "Node Type": "Seq Scan",                                                                  
                                                       "Parent Relationship": "Outer",                                                           
                                                       "Parallel Aware": false,                                                                  
                                                       "Relation Name": "keyword",                                                               
                                                       "Alias": "k",                                                                             
                                                       "Startup Cost": 0.00,                                                                     
                                                       "Total Cost": 49.46,                                                                      
                                                       "Plan Rows": 1,                                                                           
                                                       "Plan Width": 4,                                                                          
                                                       "Actual Startup Time": 31.452,                                                            
                                                       "Actual Total Time": 91.844,                                                              
                                                       "Actual Rows": 1,                                                                         
                                                       "Actual Loops": 1,                                                                        
                                                       "Filter": "(keyword = 'sequel'::text)",                                                   
                                                       "Rows Removed by Filter": 134169,                                                         
                                                       "Shared Hit Blocks": 0,                                                                   
                                                       "Shared Read Blocks": 949,                                                                
                                                       "Shared Dirtied Blocks": 0,                                                               
                                                       "Shared Written Blocks": 0,                                                               
                                                       "Local Hit Blocks": 0,                                                                    
                                                       "Local Read Blocks": 0,                                                                   
                                                       "Local Dirtied Blocks": 0,                                                                
                                                       "Local Written Blocks": 0,                                                                
                                                       "Temp Read Blocks": 0,                                                                    
                                                       "Temp Written Blocks": 0                                                                  
                                                     }                                                                                           
                                                   ]                                                                                             
                                                 }                                                                                               
                                               ]                                                                                                 
                                             },                                                                                                  
                                             {                                                                                                   
                                               "Node Type": "Materialize",                                                                       
                                               "Parent Relationship": "Inner",                                                                   
                                               "Parallel Aware": false,                                                                          
                                               "Startup Cost": 0.00,                                                                             
                                               "Total Cost": 1696.56,                                                                            
                                               "Plan Rows": 24,                                                                                  
                                               "Plan Width": 21,                                                                                 
                                               "Actual Startup Time": 0.007,                                                                     
                                               "Actual Total Time": 0.178,                                                                       
                                               "Actual Rows": 36,                                                                                
                                               "Actual Loops": 10544,                                                                            
                                               "Shared Hit Blocks": 0,                                                                           
                                               "Shared Read Blocks": 35998,                                                                      
                                               "Shared Dirtied Blocks": 0,                                                                       
                                               "Shared Written Blocks": 0,                                                                       
                                               "Local Hit Blocks": 0,                                                                            
                                               "Local Read Blocks": 0,                                                                           
                                               "Local Dirtied Blocks": 0,                                                                        
                                               "Local Written Blocks": 0,                                                                        
                                               "Temp Read Blocks": 0,                                                                            
                                               "Temp Written Blocks": 0,                                                                         
                                               "Plans": [                                                                                        
                                                 {                                                                                               
                                                   "Node Type": "Seq Scan",                                                                      
                                                   "Parent Relationship": "Outer",                                                               
                                                   "Parallel Aware": false,                                                                      
                                                   "Relation Name": "title",                                                                     
                                                   "Alias": "t",                                                                                 
                                                   "Startup Cost": 0.00,                                                                         
                                                   "Total Cost": 1696.56,                                                                        
                                                   "Plan Rows": 24,                                                                              
                                                   "Plan Width": 21,                                                                             
                                                   "Actual Startup Time": 70.595,                                                                
                                                   "Actual Total Time": 1862.028,                                                                
                                                   "Actual Rows": 36,                                                                            
                                                   "Actual Loops": 1,                                                                            
                                                   "Filter": "((title ~~ '%Money%'::text) AND (production_year = 1998))",                        
                                                   "Rows Removed by Filter": 2528276,                                                            
                                                   "Shared Hit Blocks": 0,                                                                       
                                                   "Shared Read Blocks": 35998,                                                                  
                                                   "Shared Dirtied Blocks": 0,                                                                   
                                                   "Shared Written Blocks": 0,                                                                   
                                                   "Local Hit Blocks": 0,                                                                        
                                                   "Local Read Blocks": 0,                                                                       
                                                   "Local Dirtied Blocks": 0,                                                                    
                                                   "Local Written Blocks": 0,                                                                    
                                                   "Temp Read Blocks": 0,                                                                        
                                                   "Temp Written Blocks": 0                                                                      
                                                 }                                                                                               
                                               ]                                                                                                 
                                             }                                                                                                   
                                           ]                                                                                                     
                                         }                                                                                                       
                                       ]                                                                                                         
                                     }                                                                                                           
                                   ]                                                                                                             
                                 }                                                                                                               
                               ]                                                                                                                 
                             }                                                                                                                   
                           ]                                                                                                                     
                         },                                                                                                                      
                         {                                                                                                                       
                           "Node Type": "Materialize",                                                                                           
                           "Parent Relationship": "Inner",                                                                                       
                           "Parallel Aware": false,                                                                                              
                           "Startup Cost": 0.00,                                                                                                 
                           "Total Cost": 0.03,                                                                                                   
                           "Plan Rows": 1,                                                                                                       
                           "Plan Width": 4,                                                                                                      
                           "Actual Startup Time": 11.518,                                                                                        
                           "Actual Total Time": 11.518,                                                                                          
                           "Actual Rows": 1,                                                                                                     
                           "Actual Loops": 2,                                                                                                    
                           "Shared Hit Blocks": 0,                                                                                               
                           "Shared Read Blocks": 1,                                                                                              
                           "Shared Dirtied Blocks": 0,                                                                                           
                           "Shared Written Blocks": 0,                                                                                           
                           "Local Hit Blocks": 0,                                                                                                
                           "Local Read Blocks": 0,                                                                                               
                           "Local Dirtied Blocks": 0,                                                                                            
                           "Local Written Blocks": 0,                                                                                            
                           "Temp Read Blocks": 0,                                                                                                
                           "Temp Written Blocks": 0,                                                                                             
                           "Plans": [                                                                                                            
                             {                                                                                                                   
                               "Node Type": "Seq Scan",                                                                                          
                               "Parent Relationship": "Outer",                                                                                   
                               "Parallel Aware": false,                                                                                          
                               "Relation Name": "company_type",                                                                                  
                               "Alias": "ct",                                                                                                    
                               "Startup Cost": 0.00,                                                                                             
                               "Total Cost": 0.03,                                                                                               
                               "Plan Rows": 1,                                                                                                   
                               "Plan Width": 4,                                                                                                  
                               "Actual Startup Time": 23.026,                                                                                    
                               "Actual Total Time": 23.026,                                                                                      
                               "Actual Rows": 1,                                                                                                 
                               "Actual Loops": 1,                                                                                                
                               "Filter": "((kind)::text = 'production companies'::text)",                                                        
                               "Rows Removed by Filter": 1,                                                                                      
                               "Shared Hit Blocks": 0,                                                                                           
                               "Shared Read Blocks": 1,                                                                                          
                               "Shared Dirtied Blocks": 0,                                                                                       
                               "Shared Written Blocks": 0,                                                                                       
                               "Local Hit Blocks": 0,                                                                                            
                               "Local Read Blocks": 0,                                                                                           
                               "Local Dirtied Blocks": 0,                                                                                        
                               "Local Written Blocks": 0,                                                                                        
                               "Temp Read Blocks": 0,                                                                                            
                               "Temp Written Blocks": 0                                                                                          
                             }                                                                                                                   
                           ]                                                                                                                     
                         }                                                                                                                       
                       ]                                                                                                                         
                     }                                                                                                                           
                   ]                                                                                                                             
                 }                                                                                                                               
               ]                                                                                                                                 
             },                                                                                                                                  
             {                                                                                                                                   
               "Node Type": "Materialize",                                                                                                       
               "Parent Relationship": "Inner",                                                                                                   
               "Parallel Aware": false,                                                                                                          
               "Startup Cost": 0.00,                                                                                                             
               "Total Cost": 0.03,                                                                                                               
               "Plan Rows": 1,                                                                                                                   
               "Plan Width": 16,                                                                                                                 
               "Actual Startup Time": 0.004,                                                                                                     
               "Actual Total Time": 0.004,                                                                                                       
               "Actual Rows": 1,                                                                                                                 
               "Actual Loops": 38,                                                                                                               
               "Shared Hit Blocks": 0,                                                                                                           
               "Shared Read Blocks": 1,                                                                                                          
               "Shared Dirtied Blocks": 0,                                                                                                       
               "Shared Written Blocks": 0,                                                                                                       
               "Local Hit Blocks": 0,                                                                                                            
               "Local Read Blocks": 0,                                                                                                           
               "Local Dirtied Blocks": 0,                                                                                                        
               "Local Written Blocks": 0,                                                                                                        
               "Temp Read Blocks": 0,                                                                                                            
               "Temp Written Blocks": 0,                                                                                                         
               "Plans": [                                                                                                                        
                 {                                                                                                                               
                   "Node Type": "Seq Scan",                                                                                                      
                   "Parent Relationship": "Outer",                                                                                               
                   "Parallel Aware": false,                                                                                                      
                   "Relation Name": "link_type",                                                                                                 
                   "Alias": "lt",                                                                                                                
                   "Startup Cost": 0.00,                                                                                                         
                   "Total Cost": 0.03,                                                                                                           
                   "Plan Rows": 1,                                                                                                               
                   "Plan Width": 16,                                                                                                             
                   "Actual Startup Time": 0.139,                                                                                                 
                   "Actual Total Time": 0.147,                                                                                                   
                   "Actual Rows": 1,                                                                                                             
                   "Actual Loops": 1,                                                                                                            
                   "Filter": "((link)::text ~~ '%follows%'::text)",                                                                              
                   "Rows Removed by Filter": 17,                                                                                                 
                   "Shared Hit Blocks": 0,                                                                                                       
                   "Shared Read Blocks": 1,                                                                                                      
                   "Shared Dirtied Blocks": 0,                                                                                                   
                   "Shared Written Blocks": 0,                                                                                                   
                   "Local Hit Blocks": 0,                                                                                                        
                   "Local Read Blocks": 0,                                                                                                       
                   "Local Dirtied Blocks": 0,                                                                                                    
                   "Local Written Blocks": 0,                                                                                                    
                   "Temp Read Blocks": 0,                                                                                                        
                   "Temp Written Blocks": 0                                                                                                      
                 }                                                                                                                               
               ]                                                                                                                                 
             }                                                                                                                                   
           ]                                                                                                                                     
         }                                                                                                                                       
       ]                                                                                                                                         
     },                                                                                                                                          
     "Planning Time": 3098.725,                                                                                                                  
     "Triggers": [                                                                                                                               
     ],                                                                                                                                          
     "Execution Time": 5540.206                                                                                                                  
   }                                                                                                                                             
 ]
