 [                                                                                                 
   {                                                                                               
     "Plan": {                                                                                     
       "Node Type": "Aggregate",                                                                   
       "Strategy": "Plain",                                                                        
       "Partial Mode": "Simple",                                                                   
       "Parallel Aware": false,                                                                    
       "Startup Cost": 11350.33,                                                                   
       "Total Cost": 11350.33,                                                                     
       "Plan Rows": 1,                                                                             
       "Plan Width": 96,                                                                           
       "Actual Startup Time": 1449395.280,                                                         
       "Actual Total Time": 1449395.280,                                                           
       "Actual Rows": 1,                                                                           
       "Actual Loops": 1,                                                                          
       "Shared Hit Blocks": 1,                                                                     
       "Shared Read Blocks": 228128,                                                               
       "Shared Dirtied Blocks": 0,                                                                 
       "Shared Written Blocks": 0,                                                                 
       "Local Hit Blocks": 0,                                                                      
       "Local Read Blocks": 0,                                                                     
       "Local Dirtied Blocks": 0,                                                                  
       "Local Written Blocks": 0,                                                                  
       "Temp Read Blocks": 0,                                                                      
       "Temp Written Blocks": 0,                                                                   
       "Plans": [                                                                                  
         {                                                                                         
           "Node Type": "Nested Loop",                                                             
           "Parent Relationship": "Outer",                                                         
           "Parallel Aware": false,                                                                
           "Join Type": "Inner",                                                                   
           "Startup Cost": 0.00,                                                                   
           "Total Cost": 11350.33,                                                                 
           "Plan Rows": 1,                                                                         
           "Plan Width": 42,                                                                       
           "Actual Startup Time": 1360743.566,                                                     
           "Actual Total Time": 1449394.752,                                                       
           "Actual Rows": 397,                                                                     
           "Actual Loops": 1,                                                                      
           "Inner Unique": false,                                                                  
           "Join Filter": "(mi.movie_id = t.id)",                                                  
           "Rows Removed by Join Filter": 584522063,                                               
           "Shared Hit Blocks": 1,                                                                 
           "Shared Read Blocks": 228128,                                                           
           "Shared Dirtied Blocks": 0,                                                             
           "Shared Written Blocks": 0,                                                             
           "Local Hit Blocks": 0,                                                                  
           "Local Read Blocks": 0,                                                                 
           "Local Dirtied Blocks": 0,                                                              
           "Local Written Blocks": 0,                                                              
           "Temp Read Blocks": 0,                                                                  
           "Temp Written Blocks": 0,                                                               
           "Plans": [                                                                              
             {                                                                                     
               "Node Type": "Seq Scan",                                                            
               "Parent Relationship": "Outer",                                                     
               "Parallel Aware": false,                                                            
               "Relation Name": "title",                                                           
               "Alias": "t",                                                                       
               "Startup Cost": 0.00,                                                               
               "Total Cost": 1696.56,                                                              
               "Plan Rows": 445860,                                                                
               "Plan Width": 21,                                                                   
               "Actual Startup Time": 21.587,                                                      
               "Actual Total Time": 582.378,                                                       
               "Actual Rows": 445860,                                                              
               "Actual Loops": 1,                                                                  
               "Filter": "((production_year >= 2005) AND (production_year <= 2008))",              
               "Rows Removed by Filter": 2082452,                                                  
               "Shared Hit Blocks": 0,                                                             
               "Shared Read Blocks": 35998,                                                        
               "Shared Dirtied Blocks": 0,                                                         
               "Shared Written Blocks": 0,                                                         
               "Local Hit Blocks": 0,                                                              
               "Local Read Blocks": 0,                                                             
               "Local Dirtied Blocks": 0,                                                          
               "Local Written Blocks": 0,                                                          
               "Temp Read Blocks": 0,                                                              
               "Temp Written Blocks": 0                                                            
             },                                                                                    
             {                                                                                     
               "Node Type": "Materialize",                                                         
               "Parent Relationship": "Inner",                                                     
               "Parallel Aware": false,                                                            
               "Startup Cost": 0.00,                                                               
               "Total Cost": 9553.71,                                                              
               "Plan Rows": 1,                                                                     
               "Plan Width": 37,                                                                   
               "Actual Startup Time": 2.976,                                                       
               "Actual Total Time": 3.105,                                                         
               "Actual Rows": 1311,                                                                
               "Actual Loops": 445860,                                                             
               "Shared Hit Blocks": 1,                                                             
               "Shared Read Blocks": 192130,                                                       
               "Shared Dirtied Blocks": 0,                                                         
               "Shared Written Blocks": 0,                                                         
               "Local Hit Blocks": 0,                                                              
               "Local Read Blocks": 0,                                                             
               "Local Dirtied Blocks": 0,                                                          
               "Local Written Blocks": 0,                                                          
               "Temp Read Blocks": 0,                                                              
               "Temp Written Blocks": 0,                                                           
               "Plans": [                                                                          
                 {                                                                                 
                   "Node Type": "Nested Loop",                                                     
                   "Parent Relationship": "Outer",                                                 
                   "Parallel Aware": false,                                                        
                   "Join Type": "Inner",                                                           
                   "Startup Cost": 0.00,                                                           
                   "Total Cost": 9553.71,                                                          
                   "Plan Rows": 1,                                                                 
                   "Plan Width": 37,                                                               
                   "Actual Startup Time": 1326939.058,                                             
                   "Actual Total Time": 1357691.823,                                               
                   "Actual Rows": 1311,                                                            
                   "Actual Loops": 1,                                                              
                   "Inner Unique": false,                                                          
                   "Join Filter": "(mc.company_id = cn.id)",                                       
                   "Rows Removed by Join Filter": 213633363,                                       
                   "Shared Hit Blocks": 1,                                                         
                   "Shared Read Blocks": 192130,                                                   
                   "Shared Dirtied Blocks": 0,                                                     
                   "Shared Written Blocks": 0,                                                     
                   "Local Hit Blocks": 0,                                                          
                   "Local Read Blocks": 0,                                                         
                   "Local Dirtied Blocks": 0,                                                      
                   "Local Written Blocks": 0,                                                      
                   "Temp Read Blocks": 0,                                                          
                   "Temp Written Blocks": 0,                                                       
                   "Plans": [                                                                      
                     {                                                                             
                       "Node Type": "Seq Scan",                                                    
                       "Parent Relationship": "Outer",                                             
                       "Parallel Aware": false,                                                    
                       "Relation Name": "company_name",                                            
                       "Alias": "cn",                                                              
                       "Startup Cost": 0.00,                                                       
                       "Total Cost": 128.41,                                                       
                       "Plan Rows": 84843,                                                         
                       "Plan Width": 23,                                                           
                       "Actual Startup Time": 49.679,                                              
                       "Actual Total Time": 103.256,                                               
                       "Actual Rows": 84843,                                                       
                       "Actual Loops": 1,                                                          
                       "Filter": "((country_code)::text = '[us]'::text)",                          
                       "Rows Removed by Filter": 150154,                                           
                       "Shared Hit Blocks": 0,                                                     
                       "Shared Read Blocks": 2994,                                                 
                       "Shared Dirtied Blocks": 0,                                                 
                       "Shared Written Blocks": 0,                                                 
                       "Local Hit Blocks": 0,                                                      
                       "Local Read Blocks": 0,                                                     
                       "Local Dirtied Blocks": 0,                                                  
                       "Local Written Blocks": 0,                                                  
                       "Temp Read Blocks": 0,                                                      
                       "Temp Written Blocks": 0                                                    
                     },                                                                            
                     {                                                                             
                       "Node Type": "Materialize",                                                 
                       "Parent Relationship": "Inner",                                             
                       "Parallel Aware": false,                                                    
                       "Startup Cost": 0.00,                                                       
                       "Total Cost": 9406.26,                                                      
                       "Plan Rows": 1,                                                             
                       "Plan Width": 22,                                                           
                       "Actual Startup Time": 11.467,                                              
                       "Actual Total Time": 15.752,                                                
                       "Actual Rows": 2518,                                                        
                       "Actual Loops": 84843,                                                      
                       "Shared Hit Blocks": 1,                                                     
                       "Shared Read Blocks": 189136,                                               
                       "Shared Dirtied Blocks": 0,                                                 
                       "Shared Written Blocks": 0,                                                 
                       "Local Hit Blocks": 0,                                                      
                       "Local Read Blocks": 0,                                                     
                       "Local Dirtied Blocks": 0,                                                  
                       "Local Written Blocks": 0,                                                  
                       "Temp Read Blocks": 0,                                                      
                       "Temp Written Blocks": 0,                                                   
                       "Plans": [                                                                  
                         {                                                                         
                           "Node Type": "Nested Loop",                                             
                           "Parent Relationship": "Outer",                                         
                           "Parallel Aware": false,                                                
                           "Join Type": "Inner",                                                   
                           "Startup Cost": 0.00,                                                   
                           "Total Cost": 9406.26,                                                  
                           "Plan Rows": 1,                                                         
                           "Plan Width": 22,                                                       
                           "Actual Startup Time": 972932.329,                                      
                           "Actual Total Time": 1326882.348,                                       
                           "Actual Rows": 2518,                                                    
                           "Actual Loops": 1,                                                      
                           "Inner Unique": true,                                                   
                           "Join Filter": "(mc.company_type_id = ct.id)",                          
                           "Rows Removed by Join Filter": 8341,                                    
                           "Shared Hit Blocks": 1,                                                 
                           "Shared Read Blocks": 189136,                                           
                           "Shared Dirtied Blocks": 0,                                             
                           "Shared Written Blocks": 0,                                             
                           "Local Hit Blocks": 0,                                                  
                           "Local Read Blocks": 0,                                                 
                           "Local Dirtied Blocks": 0,                                              
                           "Local Written Blocks": 0,                                              
                           "Temp Read Blocks": 0,                                                  
                           "Temp Written Blocks": 0,                                               
                           "Plans": [                                                              
                             {                                                                     
                               "Node Type": "Nested Loop",                                         
                               "Parent Relationship": "Outer",                                     
                               "Parallel Aware": false,                                            
                               "Join Type": "Inner",                                               
                               "Startup Cost": 0.00,                                               
                               "Total Cost": 9406.23,                                              
                               "Plan Rows": 3,                                                     
                               "Plan Width": 26,                                                   
                               "Actual Startup Time": 634336.735,                                  
                               "Actual Total Time": 1326855.795,                                   
                               "Actual Rows": 10859,                                               
                               "Actual Loops": 1,                                                  
                               "Inner Unique": false,                                              
                               "Join Filter": "(mi.movie_id = mc.movie_id)",                       
                               "Rows Removed by Join Filter": 5069526788,                          
                               "Shared Hit Blocks": 1,                                             
                               "Shared Read Blocks": 189135,                                       
                               "Shared Dirtied Blocks": 0,                                         
                               "Shared Written Blocks": 0,                                         
                               "Local Hit Blocks": 0,                                              
                               "Local Read Blocks": 0,                                             
                               "Local Dirtied Blocks": 0,                                          
                               "Local Written Blocks": 0,                                          
                               "Temp Read Blocks": 0,                                              
                               "Temp Written Blocks": 0,                                           
                               "Plans": [                                                          
                                 {                                                                 
                                   "Node Type": "Seq Scan",                                        
                                   "Parent Relationship": "Outer",                                 
                                   "Parallel Aware": false,                                        
                                   "Relation Name": "movie_companies",                             
                                   "Alias": "mc",                                                  
                                   "Startup Cost": 0.00,                                           
                                   "Total Cost": 769.75,                                           
                                   "Plan Rows": 2609129,                                           
                                   "Plan Width": 12,                                               
                                   "Actual Startup Time": 55.054,                                  
                                   "Actual Total Time": 389.824,                                   
                                   "Actual Rows": 2609129,                                         
                                   "Actual Loops": 1,                                              
                                   "Shared Hit Blocks": 0,                                         
                                   "Shared Read Blocks": 18789,                                    
                                   "Shared Dirtied Blocks": 0,                                     
                                   "Shared Written Blocks": 0,                                     
                                   "Local Hit Blocks": 0,                                          
                                   "Local Read Blocks": 0,                                         
                                   "Local Dirtied Blocks": 0,                                      
                                   "Local Written Blocks": 0,                                      
                                   "Temp Read Blocks": 0,                                          
                                   "Temp Written Blocks": 0                                        
                                 },                                                                
                                 {                                                                 
                                   "Node Type": "Materialize",                                     
                                   "Parent Relationship": "Inner",                                 
                                   "Parallel Aware": false,                                        
                                   "Startup Cost": 0.00,                                           
                                   "Total Cost": 8050.93,                                          
                                   "Plan Rows": 1,                                                 
                                   "Plan Width": 14,                                               
                                   "Actual Startup Time": 0.003,                                   
                                   "Actual Total Time": 0.328,                                     
                                   "Actual Rows": 1943,                                            
                                   "Actual Loops": 2609129,                                        
                                   "Shared Hit Blocks": 1,                                         
                                   "Shared Read Blocks": 170346,                                   
                                   "Shared Dirtied Blocks": 0,                                     
                                   "Shared Written Blocks": 0,                                     
                                   "Local Hit Blocks": 0,                                          
                                   "Local Read Blocks": 0,                                         
                                   "Local Dirtied Blocks": 0,                                      
                                   "Local Written Blocks": 0,                                      
                                   "Temp Read Blocks": 0,                                          
                                   "Temp Written Blocks": 0,                                       
                                   "Plans": [                                                      
                                     {                                                             
                                       "Node Type": "Nested Loop",                                 
                                       "Parent Relationship": "Outer",                             
                                       "Parallel Aware": false,                                    
                                       "Join Type": "Inner",                                       
                                       "Startup Cost": 0.00,                                       
                                       "Total Cost": 8050.93,                                      
                                       "Plan Rows": 1,                                             
                                       "Plan Width": 14,                                           
                                       "Actual Startup Time": 8519.450,                            
                                       "Actual Total Time": 633473.491,                            
                                       "Actual Rows": 1943,                                        
                                       "Actual Loops": 1,                                          
                                       "Inner Unique": false,                                      
                                       "Join Filter": "(mi.movie_id = mi_idx.movie_id)",           
                                       "Rows Removed by Join Filter": 4322337337,                  
                                       "Shared Hit Blocks": 1,                                     
                                       "Shared Read Blocks": 170346,                               
                                       "Shared Dirtied Blocks": 0,                                 
                                       "Shared Written Blocks": 0,                                 
                                       "Local Hit Blocks": 0,                                      
                                       "Local Read Blocks": 0,                                     
                                       "Local Dirtied Blocks": 0,                                  
                                       "Local Written Blocks": 0,                                  
                                       "Temp Read Blocks": 0,                                      
                                       "Temp Written Blocks": 0,                                   
                                       "Plans": [                                                  
                                         {                                                         
                                           "Node Type": "Nested Loop",                             
                                           "Parent Relationship": "Outer",                         
                                           "Parallel Aware": false,                                
                                           "Join Type": "Inner",                                   
                                           "Startup Cost": 0.00,                                   
                                           "Total Cost": 7317.11,                                  
                                           "Plan Rows": 2420,                                      
                                           "Plan Width": 4,                                        
                                           "Actual Startup Time": 7690.022,                        
                                           "Actual Total Time": 8300.407,                          
                                           "Actual Rows": 272720,                                  
                                           "Actual Loops": 1,                                      
                                           "Inner Unique": true,                                   
                                           "Join Filter": "(it.id = mi.info_type_id)",            
                                           "Rows Removed by Join Filter": 1924,                    
                                           "Shared Hit Blocks": 0,                                 
                                           "Shared Read Blocks": 161893,                           
                                           "Shared Dirtied Blocks": 0,                             
                                           "Shared Written Blocks": 0,                             
                                           "Local Hit Blocks": 0,                                  
                                           "Local Read Blocks": 0,                                 
                                           "Local Dirtied Blocks": 0,                              
                                           "Local Written Blocks": 0,                              
                                           "Temp Read Blocks": 0,                                  
                                           "Temp Written Blocks": 0,                               
                                           "Plans": [                                              
                                             {                                                     
                                               "Node Type": "Seq Scan",                            
                                               "Parent Relationship": "Outer",                     
                                               "Parallel Aware": false,                            
                                               "Relation Name": "movie_info",                      
                                               "Alias": "mi",                                      
                                               "Startup Cost": 0.00,                               
                                               "Total Cost": 7255.68,                              
                                               "Plan Rows": 273506,                                
                                               "Plan Width": 8,                                    
                                               "Actual Startup Time": 4852.723,                    
                                               "Actual Total Time": 8166.048,                      
                                               "Actual Rows": 274644,                              
                                               "Actual Loops": 1,                                  
                                               "Filter": "(info = ANY ('{Drama,Horror}'::text[]))",
                                               "Rows Removed by Filter": 14561076,                 
                                               "Shared Hit Blocks": 0,                             
                                               "Shared Read Blocks": 161892,                       
                                               "Shared Dirtied Blocks": 0,                         
                                               "Shared Written Blocks": 0,                         
                                               "Local Hit Blocks": 0,                              
                                               "Local Read Blocks": 0,                             
                                               "Local Dirtied Blocks": 0,                          
                                               "Local Written Blocks": 0,                          
                                               "Temp Read Blocks": 0,                              
                                               "Temp Written Blocks": 0                            
                                             },                                                    
                                             {                                                     
                                               "Node Type": "Materialize",                         
                                               "Parent Relationship": "Inner",                     
                                               "Parallel Aware": false,                            
                                               "Startup Cost": 0.00,                               
                                               "Total Cost": 0.05,                                 
                                               "Plan Rows": 1,                                     
                                               "Plan Width": 4,                                    
                                               "Actual Startup Time": 0.000,                       
                                               "Actual Total Time": 0.000,                         
                                               "Actual Rows": 1,                                   
                                               "Actual Loops": 274644,                             
                                               "Shared Hit Blocks": 0,                             
                                               "Shared Read Blocks": 1,                            
                                               "Shared Dirtied Blocks": 0,                         
                                               "Shared Written Blocks": 0,                         
                                               "Local Hit Blocks": 0,                              
                                               "Local Read Blocks": 0,                             
                                               "Local Dirtied Blocks": 0,                          
                                               "Local Written Blocks": 0,                          
                                               "Temp Read Blocks": 0,                              
                                               "Temp Written Blocks": 0,                           
                                               "Plans": [                                          
                                                 {                                                 
                                                   "Node Type": "Seq Scan",                        
                                                   "Parent Relationship": "Outer",                 
                                                   "Parallel Aware": false,                        
                                                   "Relation Name": "info_type",                   
                                                   "Alias": "it",                                 
                                                   "Startup Cost": 0.00,                           
                                                   "Total Cost": 0.05,                             
                                                   "Plan Rows": 1,                                 
                                                   "Plan Width": 4,                                
                                                   "Actual Startup Time": 23.373,                  
                                                   "Actual Total Time": 23.413,                    
                                                   "Actual Rows": 1,                               
                                                   "Actual Loops": 1,                              
                                                   "Filter": "((info)::text = 'genres'::text)",    
                                                   "Rows Removed by Filter": 112,                  
                                                   "Shared Hit Blocks": 0,                         
                                                   "Shared Read Blocks": 1,                        
                                                   "Shared Dirtied Blocks": 0,                     
                                                   "Shared Written Blocks": 0,                     
                                                   "Local Hit Blocks": 0,                          
                                                   "Local Read Blocks": 0,                         
                                                   "Local Dirtied Blocks": 0,                      
                                                   "Local Written Blocks": 0,                      
                                                   "Temp Read Blocks": 0,                          
                                                   "Temp Written Blocks": 0                        
                                                 }                                                 
                                               ]                                                   
                                             }                                                     
                                           ]                                                       
                                         },                                                        
                                         {                                                         
                                           "Node Type": "Materialize",                             
                                           "Parent Relationship": "Inner",                         
                                           "Parallel Aware": false,                                
                                           "Startup Cost": 0.00,                                   
                                           "Total Cost": 479.69,                                   
                                           "Plan Rows": 468,                                       
                                           "Plan Width": 10,                                       
                                           "Actual Startup Time": 0.000,                           
                                           "Actual Total Time": 0.699,                             
                                           "Actual Rows": 15849,                                   
                                           "Actual Loops": 272720,                                 
                                           "Shared Hit Blocks": 1,                                 
                                           "Shared Read Blocks": 8453,                             
                                           "Shared Dirtied Blocks": 0,                             
                                           "Shared Written Blocks": 0,                             
                                           "Local Hit Blocks": 0,                                  
                                           "Local Read Blocks": 0,                                 
                                           "Local Dirtied Blocks": 0,                              
                                           "Local Written Blocks": 0,                              
                                           "Temp Read Blocks": 0,                                  
                                           "Temp Written Blocks": 0,                               
                                           "Plans": [                                              
                                             {                                                     
                                               "Node Type": "Nested Loop",                         
                                               "Parent Relationship": "Outer",                     
                                               "Parallel Aware": false,                            
                                               "Join Type": "Inner",                               
                                               "Startup Cost": 0.00,                               
                                               "Total Cost": 479.62,                               
                                               "Plan Rows": 468,                                   
                                               "Plan Width": 10,                                   
                                               "Actual Startup Time": 11.879,                      
                                               "Actual Total Time": 600.966,                       
                                               "Actual Rows": 15849,                               
                                               "Actual Loops": 1,                                  
                                               "Inner Unique": true,                               
                                               "Join Filter": "(it.id = mi_idx.info_type_id)",    
                                               "Rows Removed by Join Filter": 37013,               
                                               "Shared Hit Blocks": 1,                             
                                               "Shared Read Blocks": 8453,                         
                                               "Shared Dirtied Blocks": 0,                         
                                               "Shared Written Blocks": 0,                         
                                               "Local Hit Blocks": 0,                              
                                               "Local Read Blocks": 0,                             
                                               "Local Dirtied Blocks": 0,                          
                                               "Local Written Blocks": 0,                          
                                               "Temp Read Blocks": 0,                              
                                               "Temp Written Blocks": 0,                           
                                               "Plans": [                                          
                                                 {                                                 
                                                   "Node Type": "Seq Scan",                        
                                                   "Parent Relationship": "Outer",                 
                                                   "Parallel Aware": false,                        
                                                   "Relation Name": "movie_info_idx",              
                                                   "Alias": "mi_idx",                              
                                                   "Startup Cost": 0.00,                           
                                                   "Total Cost": 467.71,                           
                                                   "Plan Rows": 52860,                             
                                                   "Plan Width": 14,                               
                                                   "Actual Startup Time": 11.809,                  
                                                   "Actual Total Time": 567.543,                   
                                                   "Actual Rows": 52862,                           
                                                   "Actual Loops": 1,                              
                                                   "Filter": "(info > '8.0'::text)",               
                                                   "Rows Removed by Filter": 1327173,              
                                                   "Shared Hit Blocks": 0,                         
                                                   "Shared Read Blocks": 8453,                     
                                                   "Shared Dirtied Blocks": 0,                     
                                                   "Shared Written Blocks": 0,                     
                                                   "Local Hit Blocks": 0,                          
                                                   "Local Read Blocks": 0,                         
                                                   "Local Dirtied Blocks": 0,                      
                                                   "Local Written Blocks": 0,                      
                                                   "Temp Read Blocks": 0,                          
                                                   "Temp Written Blocks": 0                        
                                                 },                                                
                                                 {                                                 
                                                   "Node Type": "Materialize",                     
                                                   "Parent Relationship": "Inner",                 
                                                   "Parallel Aware": false,                        
                                                   "Startup Cost": 0.00,                           
                                                   "Total Cost": 0.05,                             
                                                   "Plan Rows": 1,                                 
                                                   "Plan Width": 4,                                
                                                   "Actual Startup Time": 0.000,                   
                                                   "Actual Total Time": 0.000,                     
                                                   "Actual Rows": 1,                               
                                                   "Actual Loops": 52862,                          
                                                   "Shared Hit Blocks": 1,                         
                                                   "Shared Read Blocks": 0,                        
                                                   "Shared Dirtied Blocks": 0,                     
                                                   "Shared Written Blocks": 0,                     
                                                   "Local Hit Blocks": 0,                          
                                                   "Local Read Blocks": 0,                         
                                                   "Local Dirtied Blocks": 0,                      
                                                   "Local Written Blocks": 0,                      
                                                   "Temp Read Blocks": 0,                          
                                                   "Temp Written Blocks": 0,                       
                                                   "Plans": [                                      
                                                     {                                             
                                                       "Node Type": "Seq Scan",                    
                                                       "Parent Relationship": "Outer",             
                                                       "Parallel Aware": false,                    
                                                       "Relation Name": "info_type",               
                                                       "Alias": "it",                             
                                                       "Startup Cost": 0.00,                       
                                                       "Total Cost": 0.05,                         
                                                       "Plan Rows": 1,                             
                                                       "Plan Width": 4,                            
                                                       "Actual Startup Time": 0.052,               
                                                       "Actual Total Time": 0.058,                 
                                                       "Actual Rows": 1,                           
                                                       "Actual Loops": 1,                          
                                                       "Filter": "((info)::text = 'rating'::text)",
                                                       "Rows Removed by Filter": 112,              
                                                       "Shared Hit Blocks": 1,                     
                                                       "Shared Read Blocks": 0,                    
                                                       "Shared Dirtied Blocks": 0,                 
                                                       "Shared Written Blocks": 0,                 
                                                       "Local Hit Blocks": 0,                      
                                                       "Local Read Blocks": 0,                     
                                                       "Local Dirtied Blocks": 0,                  
                                                       "Local Written Blocks": 0,                  
                                                       "Temp Read Blocks": 0,                      
                                                       "Temp Written Blocks": 0                    
                                                     }                                             
                                                   ]                                               
                                                 }                                                 
                                               ]                                                   
                                             }                                                     
                                           ]                                                       
                                         }                                                         
                                       ]                                                           
                                     }                                                             
                                   ]                                                               
                                 }                                                                 
                               ]                                                                   
                             },                                                                    
                             {                                                                     
                               "Node Type": "Materialize",                                         
                               "Parent Relationship": "Inner",                                     
                               "Parallel Aware": false,                                            
                               "Startup Cost": 0.00,                                               
                               "Total Cost": 0.03,                                                 
                               "Plan Rows": 1,                                                     
                               "Plan Width": 4,                                                    
                               "Actual Startup Time": 0.002,                                       
                               "Actual Total Time": 0.002,                                         
                               "Actual Rows": 1,                                                   
                               "Actual Loops": 10859,                                              
                               "Shared Hit Blocks": 0,                                             
                               "Shared Read Blocks": 1,                                            
                               "Shared Dirtied Blocks": 0,                                         
                               "Shared Written Blocks": 0,                                         
                               "Local Hit Blocks": 0,                                              
                               "Local Read Blocks": 0,                                             
                               "Local Dirtied Blocks": 0,                                          
                               "Local Written Blocks": 0,                                          
                               "Temp Read Blocks": 0,                                              
                               "Temp Written Blocks": 0,                                           
                               "Plans": [                                                          
                                 {                                                                 
                                   "Node Type": "Seq Scan",                                        
                                   "Parent Relationship": "Outer",                                 
                                   "Parallel Aware": false,                                        
                                   "Relation Name": "company_type",                                
                                   "Alias": "ct",                                                  
                                   "Startup Cost": 0.00,                                           
                                   "Total Cost": 0.03,                                             
                                   "Plan Rows": 1,                                                 
                                   "Plan Width": 4,                                                
                                   "Actual Startup Time": 22.218,                                  
                                   "Actual Total Time": 22.221,                                    
                                   "Actual Rows": 1,                                               
                                   "Actual Loops": 1,                                              
                                   "Filter": "((kind)::text = 'production companies'::text)",      
                                   "Rows Removed by Filter": 3,                                    
                                   "Shared Hit Blocks": 0,                                         
                                   "Shared Read Blocks": 1,                                        
                                   "Shared Dirtied Blocks": 0,                                     
                                   "Shared Written Blocks": 0,                                     
                                   "Local Hit Blocks": 0,                                          
                                   "Local Read Blocks": 0,                                         
                                   "Local Dirtied Blocks": 0,                                      
                                   "Local Written Blocks": 0,                                      
                                   "Temp Read Blocks": 0,                                          
                                   "Temp Written Blocks": 0                                        
                                 }                                                                 
                               ]                                                                   
                             }                                                                     
                           ]                                                                       
                         }                                                                         
                       ]                                                                           
                     }                                                                             
                   ]                                                                               
                 }                                                                                 
               ]                                                                                   
             }                                                                                     
           ]                                                                                       
         }                                                                                         
       ]                                                                                           
     },                                                                                            
     "Planning Time": 4685.602,                                                                    
     "Triggers": [                                                                                 
     ],                                                                                            
     "Execution Time": 1449424.567                                                                 
   }                                                                                               
 ]
