 [                                                                                                                            
   {                                                                                                                          
     "Plan": {                                                                                                                
       "Node Type": "Aggregate",                                                                                              
       "Strategy": "Plain",                                                                                                   
       "Partial Mode": "Simple",                                                                                              
       "Parallel Aware": false,                                                                                               
       "Startup Cost": 37804.85,                                                                                              
       "Total Cost": 37804.85,                                                                                                
       "Plan Rows": 1,                                                                                                        
       "Plan Width": 64,                                                                                                      
       "Actual Startup Time": 65627.100,                                                                                      
       "Actual Total Time": 65627.100,                                                                                        
       "Actual Rows": 1,                                                                                                      
       "Actual Loops": 1,                                                                                                     
       "Shared Hit Blocks": 18,                                                                                               
       "Shared Read Blocks": 346870,                                                                                          
       "Shared Dirtied Blocks": 0,                                                                                            
       "Shared Written Blocks": 0,                                                                                            
       "Local Hit Blocks": 0,                                                                                                 
       "Local Read Blocks": 0,                                                                                                
       "Local Dirtied Blocks": 0,                                                                                             
       "Local Written Blocks": 0,                                                                                             
       "Temp Read Blocks": 0,                                                                                                 
       "Temp Written Blocks": 0,                                                                                              
       "Plans": [                                                                                                             
         {                                                                                                                    
           "Node Type": "Nested Loop",                                                                                        
           "Parent Relationship": "Outer",                                                                                    
           "Parallel Aware": false,                                                                                           
           "Join Type": "Inner",                                                                                              
           "Startup Cost": 30805.95,                                                                                          
           "Total Cost": 37804.85,                                                                                            
           "Plan Rows": 4,                                                                                                    
           "Plan Width": 33,                                                                                                  
           "Actual Startup Time": 16595.230,                                                                                  
           "Actual Total Time": 65626.886,                                                                                    
           "Actual Rows": 104,                                                                                                
           "Actual Loops": 1,                                                                                                 
           "Inner Unique": true,                                                                                              
           "Join Filter": "(mc.company_type_id = ct.id)",                                                                     
           "Rows Removed by Join Filter": 18,                                                                                 
           "Shared Hit Blocks": 18,                                                                                           
           "Shared Read Blocks": 346870,                                                                                      
           "Shared Dirtied Blocks": 0,                                                                                        
           "Shared Written Blocks": 0,                                                                                        
           "Local Hit Blocks": 0,                                                                                             
           "Local Read Blocks": 0,                                                                                            
           "Local Dirtied Blocks": 0,                                                                                         
           "Local Written Blocks": 0,                                                                                         
           "Temp Read Blocks": 0,                                                                                             
           "Temp Written Blocks": 0,                                                                                          
           "Plans": [                                                                                                         
             {                                                                                                                
               "Node Type": "Nested Loop",                                                                                    
               "Parent Relationship": "Outer",                                                                                
               "Parallel Aware": false,                                                                                       
               "Join Type": "Inner",                                                                                          
               "Startup Cost": 30805.95,                                                                                      
               "Total Cost": 37804.82,                                                                                        
               "Plan Rows": 4,                                                                                                
               "Plan Width": 37,                                                                                              
               "Actual Startup Time": 16595.216,                                                                              
               "Actual Total Time": 65626.787,                                                                                
               "Actual Rows": 104,                                                                                            
               "Actual Loops": 1,                                                                                             
               "Inner Unique": false,                                                                                         
               "Join Filter": "(ci.person_role_id = chn.id)",                                                                 
               "Rows Removed by Join Filter": 351717864,                                                                      
               "Shared Hit Blocks": 17,                                                                                       
               "Shared Read Blocks": 346870,                                                                                  
               "Shared Dirtied Blocks": 0,                                                                                    
               "Shared Written Blocks": 0,                                                                                    
               "Local Hit Blocks": 0,                                                                                         
               "Local Read Blocks": 0,                                                                                        
               "Local Dirtied Blocks": 0,                                                                                     
               "Local Written Blocks": 0,                                                                                     
               "Temp Read Blocks": 0,                                                                                         
               "Temp Written Blocks": 0,                                                                                      
               "Plans": [                                                                                                     
                 {                                                                                                            
                   "Node Type": "Seq Scan",                                                                                   
                   "Parent Relationship": "Outer",                                                                            
                   "Parallel Aware": false,                                                                                   
                   "Relation Name": "char_name",                                                                              
                   "Alias": "chn",                                                                                            
                   "Startup Cost": 0.00,                                                                                      
                   "Total Cost": 1360.36,                                                                                     
                   "Plan Rows": 3140339,                                                                                      
                   "Plan Width": 20,                                                                                          
                   "Actual Startup Time": 25.090,                                                                             
                   "Actual Total Time": 540.564,                                                                              
                   "Actual Rows": 3140339,                                                                                    
                   "Actual Loops": 1,                                                                                         
                   "Shared Hit Blocks": 2,                                                                                    
                   "Shared Read Blocks": 36445,                                                                               
                   "Shared Dirtied Blocks": 0,                                                                                
                   "Shared Written Blocks": 0,                                                                                
                   "Local Hit Blocks": 0,                                                                                     
                   "Local Read Blocks": 0,                                                                                    
                   "Local Dirtied Blocks": 0,                                                                                 
                   "Local Written Blocks": 0,                                                                                 
                   "Temp Read Blocks": 0,                                                                                     
                   "Temp Written Blocks": 0                                                                                   
                 },                                                                                                           
                 {                                                                                                            
                   "Node Type": "Materialize",                                                                                
                   "Parent Relationship": "Inner",                                                                            
                   "Parallel Aware": false,                                                                                   
                   "Startup Cost": 30805.95,                                                                                  
                   "Total Cost": 30806.38,                                                                                    
                   "Plan Rows": 8,                                                                                            
                   "Plan Width": 25,                                                                                          
                   "Actual Startup Time": 0.005,                                                                              
                   "Actual Total Time": 0.010,                                                                                
                   "Actual Rows": 112,                                                                                        
                   "Actual Loops": 3140339,                                                                                   
                   "Shared Hit Blocks": 15,                                                                                   
                   "Shared Read Blocks": 310425,                                                                              
                   "Shared Dirtied Blocks": 0,                                                                                
                   "Shared Written Blocks": 0,                                                                                
                   "Local Hit Blocks": 0,                                                                                     
                   "Local Read Blocks": 0,                                                                                    
                   "Local Dirtied Blocks": 0,                                                                                 
                   "Local Written Blocks": 0,                                                                                 
                   "Temp Read Blocks": 0,                                                                                     
                   "Temp Written Blocks": 0,                                                                                  
                   "Plans": [                                                                                                 
                     {                                                                                                        
                       "Node Type": "Merge Join",                                                                             
                       "Parent Relationship": "Outer",                                                                        
                       "Parallel Aware": false,                                                                               
                       "Join Type": "Inner",                                                                                  
                       "Startup Cost": 30805.95,                                                                              
                       "Total Cost": 30806.38,                                                                                
                       "Plan Rows": 8,                                                                                        
                       "Plan Width": 25,                                                                                      
                       "Actual Startup Time": 16557.059,                                                                      
                       "Actual Total Time": 16560.009,                                                                        
                       "Actual Rows": 112,                                                                                    
                       "Actual Loops": 1,                                                                                     
                       "Inner Unique": true,                                                                                  
                       "Merge Cond": "(mc.company_id = cn.id)",                                                               
                       "Shared Hit Blocks": 15,                                                                               
                       "Shared Read Blocks": 310425,                                                                          
                       "Shared Dirtied Blocks": 0,                                                                            
                       "Shared Written Blocks": 0,                                                                            
                       "Local Hit Blocks": 0,                                                                                 
                       "Local Read Blocks": 0,                                                                                
                       "Local Dirtied Blocks": 0,                                                                             
                       "Local Written Blocks": 0,                                                                             
                       "Temp Read Blocks": 0,                                                                                 
                       "Temp Written Blocks": 0,                                                                              
                       "Plans": [                                                                                             
                         {                                                                                                    
                           "Node Type": "Sort",                                                                               
                           "Parent Relationship": "Outer",                                                                    
                           "Parallel Aware": false,                                                                           
                           "Startup Cost": 30675.35,                                                                          
                           "Total Cost": 30675.46,                                                                            
                           "Plan Rows": 1400,                                                                                 
                           "Plan Width": 29,                                                                                  
                           "Actual Startup Time": 16370.654,                                                                  
                           "Actual Total Time": 16372.595,                                                                    
                           "Actual Rows": 14489,                                                                              
                           "Actual Loops": 1,                                                                                 
                           "Sort Key": ["mc.company_id"],                                                                     
                           "Sort Method": "quicksort",                                                                        
                           "Sort Space Used": 1548,                                                                           
                           "Sort Space Type": "Memory",                                                                       
                           "Shared Hit Blocks": 13,                                                                           
                           "Shared Read Blocks": 307433,                                                                      
                           "Shared Dirtied Blocks": 0,                                                                        
                           "Shared Written Blocks": 0,                                                                        
                           "Local Hit Blocks": 0,                                                                             
                           "Local Read Blocks": 0,                                                                            
                           "Local Dirtied Blocks": 0,                                                                         
                           "Local Written Blocks": 0,                                                                         
                           "Temp Read Blocks": 0,                                                                             
                           "Temp Written Blocks": 0,                                                                          
                           "Plans": [                                                                                         
                             {                                                                                                
                               "Node Type": "Merge Join",                                                                     
                               "Parent Relationship": "Outer",                                                                
                               "Parallel Aware": false,                                                                       
                               "Join Type": "Inner",                                                                          
                               "Startup Cost": 30110.57,                                                                      
                               "Total Cost": 30673.08,                                                                        
                               "Plan Rows": 1400,                                                                             
                               "Plan Width": 29,                                                                              
                               "Actual Startup Time": 15678.843,                                                              
                               "Actual Total Time": 16340.054,                                                                
                               "Actual Rows": 14489,                                                                          
                               "Actual Loops": 1,                                                                             
                               "Inner Unique": false,                                                                         
                               "Merge Cond": "(t.id = mc.movie_id)",                                                          
                               "Shared Hit Blocks": 9,                                                                        
                               "Shared Read Blocks": 307433,                                                                  
                               "Shared Dirtied Blocks": 0,                                                                    
                               "Shared Written Blocks": 0,                                                                    
                               "Local Hit Blocks": 0,                                                                         
                               "Local Read Blocks": 0,                                                                        
                               "Local Dirtied Blocks": 0,                                                                     
                               "Local Written Blocks": 0,                                                                     
                               "Temp Read Blocks": 0,                                                                         
                               "Temp Written Blocks": 0,                                                                      
                               "Plans": [                                                                                     
                                 {                                                                                            
                                   "Node Type": "Merge Join",                                                                 
                                   "Parent Relationship": "Outer",                                                            
                                   "Parallel Aware": false,                                                                   
                                   "Join Type": "Inner",                                                                      
                                   "Startup Cost": 20705.11,                                                                  
                                   "Total Cost": 20862.59,                                                                    
                                   "Plan Rows": 729,                                                                          
                                   "Plan Width": 29,                                                                          
                                   "Actual Startup Time": 14098.626,                                                          
                                   "Actual Total Time": 14377.171,                                                            
                                   "Actual Rows": 5288,                                                                       
                                   "Actual Loops": 1,                                                                         
                                   "Inner Unique": true,                                                                      
                                   "Merge Cond": "(ci.movie_id = t.id)",                                                      
                                   "Shared Hit Blocks": 6,                                                                    
                                   "Shared Read Blocks": 288647,                                                              
                                   "Shared Dirtied Blocks": 0,                                                                
                                   "Shared Written Blocks": 0,                                                                
                                   "Local Hit Blocks": 0,                                                                     
                                   "Local Read Blocks": 0,                                                                    
                                   "Local Dirtied Blocks": 0,                                                                 
                                   "Local Written Blocks": 0,                                                                 
                                   "Temp Read Blocks": 0,                                                                     
                                   "Temp Written Blocks": 0,                                                                  
                                   "Plans": [                                                                                 
                                     {                                                                                        
                                       "Node Type": "Sort",                                                                   
                                       "Parent Relationship": "Outer",                                                        
                                       "Parallel Aware": false,                                                               
                                       "Startup Cost": 16066.99,                                                              
                                       "Total Cost": 16067.13,                                                                
                                       "Plan Rows": 1819,                                                                     
                                       "Plan Width": 8,                                                                       
                                       "Actual Startup Time": 12132.242,                                                      
                                       "Actual Total Time": 12134.989,                                                        
                                       "Actual Rows": 25874,                                                                  
                                       "Actual Loops": 1,                                                                     
                                       "Sort Key": ["ci.movie_id"],                                                           
                                       "Sort Method": "quicksort",                                                            
                                       "Sort Space Used": 1981,                                                               
                                       "Sort Space Type": "Memory",                                                           
                                       "Shared Hit Blocks": 5,                                                                
                                       "Shared Read Blocks": 252650,                                                          
                                       "Shared Dirtied Blocks": 0,                                                            
                                       "Shared Written Blocks": 0,                                                            
                                       "Local Hit Blocks": 0,                                                                 
                                       "Local Read Blocks": 0,                                                                
                                       "Local Dirtied Blocks": 0,                                                             
                                       "Local Written Blocks": 0,                                                             
                                       "Temp Read Blocks": 0,                                                                 
                                       "Temp Written Blocks": 0,                                                              
                                       "Plans": [                                                                             
                                         {                                                                                    
                                           "Node Type": "Nested Loop",                                                        
                                           "Parent Relationship": "Outer",                                                    
                                           "Parallel Aware": false,                                                           
                                           "Join Type": "Inner",                                                              
                                           "Startup Cost": 0.00,                                                              
                                           "Total Cost": 16063.93,                                                            
                                           "Plan Rows": 1819,                                                                 
                                           "Plan Width": 8,                                                                   
                                           "Actual Startup Time": 27.624,                                                     
                                           "Actual Total Time": 12119.035,                                                    
                                           "Actual Rows": 25874,                                                              
                                           "Actual Loops": 1,                                                                 
                                           "Inner Unique": true,                                                              
                                           "Join Filter": "(ci.role_id = rt.id)",                                             
                                           "Rows Removed by Join Filter": 6414,                                               
                                           "Shared Hit Blocks": 5,                                                            
                                           "Shared Read Blocks": 252650,                                                      
                                           "Shared Dirtied Blocks": 0,                                                        
                                           "Shared Written Blocks": 0,                                                        
                                           "Local Hit Blocks": 0,                                                             
                                           "Local Read Blocks": 0,                                                            
                                           "Local Dirtied Blocks": 0,                                                         
                                           "Local Written Blocks": 0,                                                         
                                           "Temp Read Blocks": 0,                                                             
                                           "Temp Written Blocks": 0,                                                          
                                           "Plans": [                                                                         
                                             {                                                                                
                                               "Node Type": "Seq Scan",                                                       
                                               "Parent Relationship": "Outer",                                                
                                               "Parallel Aware": false,                                                       
                                               "Relation Name": "cast_info",                                                  
                                               "Alias": "ci",                                                                 
                                               "Startup Cost": 0.00,                                                          
                                               "Total Cost": 16059.00,                                                        
                                               "Plan Rows": 21830,                                                            
                                               "Plan Width": 12,                                                              
                                               "Actual Startup Time": 27.595,                                                 
                                               "Actual Total Time": 12099.349,                                                
                                               "Actual Rows": 32288,                                                          
                                               "Actual Loops": 1,                                                             
                                               "Filter": "((note ~~ '%(voice)%'::text) AND (note ~~ '%(uncredited)%'::text))",
                                               "Rows Removed by Filter": 36212056,                                            
                                               "Shared Hit Blocks": 4,                                                        
                                               "Shared Read Blocks": 252650,                                                  
                                               "Shared Dirtied Blocks": 0,                                                    
                                               "Shared Written Blocks": 0,                                                    
                                               "Local Hit Blocks": 0,                                                         
                                               "Local Read Blocks": 0,                                                        
                                               "Local Dirtied Blocks": 0,                                                     
                                               "Local Written Blocks": 0,                                                     
                                               "Temp Read Blocks": 0,                                                         
                                               "Temp Written Blocks": 0                                                       
                                             },                                                                               
                                             {                                                                                
                                               "Node Type": "Materialize",                                                    
                                               "Parent Relationship": "Inner",                                                
                                               "Parallel Aware": false,                                                       
                                               "Startup Cost": 0.00,                                                          
                                               "Total Cost": 0.03,                                                            
                                               "Plan Rows": 1,                                                                
                                               "Plan Width": 4,                                                               
                                               "Actual Startup Time": 0.000,                                                  
                                               "Actual Total Time": 0.000,                                                    
                                               "Actual Rows": 1,                                                              
                                               "Actual Loops": 32288,                                                         
                                               "Shared Hit Blocks": 1,                                                        
                                               "Shared Read Blocks": 0,                                                       
                                               "Shared Dirtied Blocks": 0,                                                    
                                               "Shared Written Blocks": 0,                                                    
                                               "Local Hit Blocks": 0,                                                         
                                               "Local Read Blocks": 0,                                                        
                                               "Local Dirtied Blocks": 0,                                                     
                                               "Local Written Blocks": 0,                                                     
                                               "Temp Read Blocks": 0,                                                         
                                               "Temp Written Blocks": 0,                                                      
                                               "Plans": [                                                                     
                                                 {                                                                            
                                                   "Node Type": "Seq Scan",                                                   
                                                   "Parent Relationship": "Outer",                                            
                                                   "Parallel Aware": false,                                                   
                                                   "Relation Name": "role_type",                                              
                                                   "Alias": "rt",                                                             
                                                   "Startup Cost": 0.00,                                                      
                                                   "Total Cost": 0.03,                                                        
                                                   "Plan Rows": 1,                                                            
                                                   "Plan Width": 4,                                                           
                                                   "Actual Startup Time": 0.012,                                              
                                                   "Actual Total Time": 0.016,                                                
                                                   "Actual Rows": 1,                                                          
                                                   "Actual Loops": 1,                                                         
                                                   "Filter": "((role)::text = 'actor'::text)",                                
                                                   "Rows Removed by Filter": 11,                                              
                                                   "Shared Hit Blocks": 1,                                                    
                                                   "Shared Read Blocks": 0,                                                   
                                                   "Shared Dirtied Blocks": 0,                                                
                                                   "Shared Written Blocks": 0,                                                
                                                   "Local Hit Blocks": 0,                                                     
                                                   "Local Read Blocks": 0,                                                    
                                                   "Local Dirtied Blocks": 0,                                                 
                                                   "Local Written Blocks": 0,                                                 
                                                   "Temp Read Blocks": 0,                                                     
                                                   "Temp Written Blocks": 0                                                   
                                                 }                                                                            
                                               ]                                                                              
                                             }                                                                                
                                           ]                                                                                  
                                         }                                                                                    
                                       ]                                                                                      
                                     },                                                                                       
                                     {                                                                                        
                                       "Node Type": "Sort",                                                                   
                                       "Parent Relationship": "Inner",                                                        
                                       "Parallel Aware": false,                                                               
                                       "Startup Cost": 4638.12,                                                               
                                       "Total Cost": 4716.76,                                                                 
                                       "Plan Rows": 1012920,                                                                  
                                       "Plan Width": 21,                                                                      
                                       "Actual Startup Time": 1966.280,                                                       
                                       "Actual Total Time": 2095.722,                                                         
                                       "Actual Rows": 1012556,                                                                
                                       "Actual Loops": 1,                                                                     
                                       "Sort Key": ["t.id"],                                                                  
                                       "Sort Method": "quicksort",                                                            
                                       "Sort Space Used": 94802,                                                              
                                       "Sort Space Type": "Memory",                                                           
                                       "Shared Hit Blocks": 1,                                                                
                                       "Shared Read Blocks": 35997,                                                           
                                       "Shared Dirtied Blocks": 0,                                                            
                                       "Shared Written Blocks": 0,                                                            
                                       "Local Hit Blocks": 0,                                                                 
                                       "Local Read Blocks": 0,                                                                
                                       "Local Dirtied Blocks": 0,                                                             
                                       "Local Written Blocks": 0,                                                             
                                       "Temp Read Blocks": 0,                                                                 
                                       "Temp Written Blocks": 0,                                                              
                                       "Plans": [                                                                             
                                         {                                                                                    
                                           "Node Type": "Seq Scan",                                                           
                                           "Parent Relationship": "Outer",                                                    
                                           "Parallel Aware": false,                                                           
                                           "Relation Name": "title",                                                          
                                           "Alias": "t",                                                                      
                                           "Startup Cost": 0.00,                                                              
                                           "Total Cost": 1500.26,                                                             
                                           "Plan Rows": 1012920,                                                              
                                           "Plan Width": 21,                                                                  
                                           "Actual Startup Time": 4.669,                                                      
                                           "Actual Total Time": 1369.008,                                                     
                                           "Actual Rows": 1012920,                                                            
                                           "Actual Loops": 1,                                                                 
                                           "Filter": "(production_year > 2005)",                                              
                                           "Rows Removed by Filter": 1515392,                                                 
                                           "Shared Hit Blocks": 1,                                                            
                                           "Shared Read Blocks": 35997,                                                       
                                           "Shared Dirtied Blocks": 0,                                                        
                                           "Shared Written Blocks": 0,                                                        
                                           "Local Hit Blocks": 0,                                                             
                                           "Local Read Blocks": 0,                                                            
                                           "Local Dirtied Blocks": 0,                                                         
                                           "Local Written Blocks": 0,                                                         
                                           "Temp Read Blocks": 0,                                                             
                                           "Temp Written Blocks": 0                                                           
                                         }                                                                                    
                                       ]                                                                                      
                                     }                                                                                        
                                   ]                                                                                          
                                 },                                                                                           
                                 {                                                                                            
                                   "Node Type": "Sort",                                                                       
                                   "Parent Relationship": "Inner",                                                            
                                   "Parallel Aware": false,                                                                   
                                   "Startup Cost": 9405.45,                                                                   
                                   "Total Cost": 9608.03,                                                                     
                                   "Plan Rows": 2609129,                                                                      
                                   "Plan Width": 12,                                                                          
                                   "Actual Startup Time": 1580.133,                                                           
                                   "Actual Total Time": 1712.078,                                                             
                                   "Actual Rows": 2609382,                                                                    
                                   "Actual Loops": 1,                                                                         
                                   "Sort Key": ["mc.movie_id"],                                                               
                                   "Sort Method": "quicksort",                                                                
                                   "Sort Space Used": 220607,                                                                 
                                   "Sort Space Type": "Memory",                                                               
                                   "Shared Hit Blocks": 3,                                                                    
                                   "Shared Read Blocks": 18786,                                                               
                                   "Shared Dirtied Blocks": 0,                                                                
                                   "Shared Written Blocks": 0,                                                                
                                   "Local Hit Blocks": 0,                                                                     
                                   "Local Read Blocks": 0,                                                                    
                                   "Local Dirtied Blocks": 0,                                                                 
                                   "Local Written Blocks": 0,                                                                 
                                   "Temp Read Blocks": 0,                                                                     
                                   "Temp Written Blocks": 0,                                                                  
                                   "Plans": [                                                                                 
                                     {                                                                                        
                                       "Node Type": "Seq Scan",                                                               
                                       "Parent Relationship": "Outer",                                                        
                                       "Parallel Aware": false,                                                               
                                       "Relation Name": "movie_companies",                                                    
                                       "Alias": "mc",                                                                         
                                       "Startup Cost": 0.00,                                                                  
                                       "Total Cost": 769.75,                                                                  
                                       "Plan Rows": 2609129,                                                                  
                                       "Plan Width": 12,                                                                      
                                       "Actual Startup Time": 0.019,                                                          
                                       "Actual Total Time": 590.170,                                                          
                                       "Actual Rows": 2609129,                                                                
                                       "Actual Loops": 1,                                                                     
                                       "Shared Hit Blocks": 3,                                                                
                                       "Shared Read Blocks": 18786,                                                           
                                       "Shared Dirtied Blocks": 0,                                                            
                                       "Shared Written Blocks": 0,                                                            
                                       "Local Hit Blocks": 0,                                                                 
                                       "Local Read Blocks": 0,                                                                
                                       "Local Dirtied Blocks": 0,                                                             
                                       "Local Written Blocks": 0,                                                             
                                       "Temp Read Blocks": 0,                                                                 
                                       "Temp Written Blocks": 0                                                               
                                     }                                                                                        
                                   ]                                                                                          
                                 }                                                                                            
                               ]                                                                                              
                             }                                                                                                
                           ]                                                                                                  
                         },                                                                                                   
                         {                                                                                                    
                           "Node Type": "Sort",                                                                               
                           "Parent Relationship": "Inner",                                                                    
                           "Parallel Aware": false,                                                                           
                           "Startup Cost": 130.61,                                                                            
                           "Total Cost": 130.71,                                                                              
                           "Plan Rows": 1361,                                                                                 
                           "Plan Width": 4,                                                                                   
                           "Actual Startup Time": 185.280,                                                                    
                           "Actual Total Time": 185.410,                                                                      
                           "Actual Rows": 1361,                                                                               
                           "Actual Loops": 1,                                                                                 
                           "Sort Key": ["cn.id"],                                                                             
                           "Sort Method": "quicksort",                                                                        
                           "Sort Space Used": 112,                                                                            
                           "Sort Space Type": "Memory",                                                                       
                           "Shared Hit Blocks": 2,                                                                            
                           "Shared Read Blocks": 2992,                                                                        
                           "Shared Dirtied Blocks": 0,                                                                        
                           "Shared Written Blocks": 0,                                                                        
                           "Local Hit Blocks": 0,                                                                             
                           "Local Read Blocks": 0,                                                                            
                           "Local Dirtied Blocks": 0,                                                                         
                           "Local Written Blocks": 0,                                                                         
                           "Temp Read Blocks": 0,                                                                             
                           "Temp Written Blocks": 0,                                                                          
                           "Plans": [                                                                                         
                             {                                                                                                
                               "Node Type": "Seq Scan",                                                                       
                               "Parent Relationship": "Outer",                                                                
                               "Parallel Aware": false,                                                                       
                               "Relation Name": "company_name",                                                               
                               "Alias": "cn",                                                                                 
                               "Startup Cost": 0.00,                                                                          
                               "Total Cost": 128.41,                                                                          
                               "Plan Rows": 1361,                                                                             
                               "Plan Width": 4,                                                                               
                               "Actual Startup Time": 49.632,                                                                 
                               "Actual Total Time": 184.390,                                                                  
                               "Actual Rows": 1361,                                                                           
                               "Actual Loops": 1,                                                                             
                               "Filter": "((country_code)::text = '[ru]'::text)",                                             
                               "Rows Removed by Filter": 233636,                                                              
                               "Shared Hit Blocks": 2,                                                                        
                               "Shared Read Blocks": 2992,                                                                    
                               "Shared Dirtied Blocks": 0,                                                                    
                               "Shared Written Blocks": 0,                                                                    
                               "Local Hit Blocks": 0,                                                                         
                               "Local Read Blocks": 0,                                                                        
                               "Local Dirtied Blocks": 0,                                                                     
                               "Local Written Blocks": 0,                                                                     
                               "Temp Read Blocks": 0,                                                                         
                               "Temp Written Blocks": 0                                                                       
                             }                                                                                                
                           ]                                                                                                  
                         }                                                                                                    
                       ]                                                                                                      
                     }                                                                                                        
                   ]                                                                                                          
                 }                                                                                                            
               ]                                                                                                              
             },                                                                                                               
             {                                                                                                                
               "Node Type": "Materialize",                                                                                    
               "Parent Relationship": "Inner",                                                                                
               "Parallel Aware": false,                                                                                       
               "Startup Cost": 0.00,                                                                                          
               "Total Cost": 0.03,                                                                                            
               "Plan Rows": 4,                                                                                                
               "Plan Width": 4,                                                                                               
               "Actual Startup Time": 0.000,                                                                                  
               "Actual Total Time": 0.000,                                                                                    
               "Actual Rows": 1,                                                                                              
               "Actual Loops": 104,                                                                                           
               "Shared Hit Blocks": 1,                                                                                        
               "Shared Read Blocks": 0,                                                                                       
               "Shared Dirtied Blocks": 0,                                                                                    
               "Shared Written Blocks": 0,                                                                                    
               "Local Hit Blocks": 0,                                                                                         
               "Local Read Blocks": 0,                                                                                        
               "Local Dirtied Blocks": 0,                                                                                     
               "Local Written Blocks": 0,                                                                                     
               "Temp Read Blocks": 0,                                                                                         
               "Temp Written Blocks": 0,                                                                                      
               "Plans": [                                                                                                     
                 {                                                                                                            
                   "Node Type": "Seq Scan",                                                                                   
                   "Parent Relationship": "Outer",                                                                            
                   "Parallel Aware": false,                                                                                   
                   "Relation Name": "company_type",                                                                           
                   "Alias": "ct",                                                                                             
                   "Startup Cost": 0.00,                                                                                      
                   "Total Cost": 0.03,                                                                                        
                   "Plan Rows": 4,                                                                                            
                   "Plan Width": 4,                                                                                           
                   "Actual Startup Time": 0.007,                                                                              
                   "Actual Total Time": 0.008,                                                                                
                   "Actual Rows": 2,                                                                                          
                   "Actual Loops": 1,                                                                                         
                   "Shared Hit Blocks": 1,                                                                                    
                   "Shared Read Blocks": 0,                                                                                   
                   "Shared Dirtied Blocks": 0,                                                                                
                   "Shared Written Blocks": 0,                                                                                
                   "Local Hit Blocks": 0,                                                                                     
                   "Local Read Blocks": 0,                                                                                    
                   "Local Dirtied Blocks": 0,                                                                                 
                   "Local Written Blocks": 0,                                                                                 
                   "Temp Read Blocks": 0,                                                                                     
                   "Temp Written Blocks": 0                                                                                   
                 }                                                                                                            
               ]                                                                                                              
             }                                                                                                                
           ]                                                                                                                  
         }                                                                                                                    
       ]                                                                                                                      
     },                                                                                                                       
     "Planning Time": 2780.374,                                                                                               
     "Triggers": [                                                                                                            
     ],                                                                                                                       
     "Execution Time": 65686.985                                                                                              
   }                                                                                                                          
 ]
