 [                                                                                           
   {                                                                                         
     "Plan": {                                                                               
       "Node Type": "Aggregate",                                                             
       "Strategy": "Plain",                                                                  
       "Partial Mode": "Simple",                                                             
       "Parallel Aware": false,                                                              
       "Startup Cost": 38937.60,                                                             
       "Total Cost": 38937.60,                                                               
       "Plan Rows": 1,                                                                       
       "Plan Width": 64,                                                                     
       "Actual Startup Time": 14503.291,                                                     
       "Actual Total Time": 14503.291,                                                       
       "Actual Rows": 1,                                                                     
       "Actual Loops": 1,                                                                    
       "Shared Hit Blocks": 14,                                                              
       "Shared Read Blocks": 274428,                                                         
       "Shared Dirtied Blocks": 0,                                                           
       "Shared Written Blocks": 0,                                                           
       "Local Hit Blocks": 0,                                                                
       "Local Read Blocks": 0,                                                               
       "Local Dirtied Blocks": 0,                                                            
       "Local Written Blocks": 0,                                                            
       "Temp Read Blocks": 0,                                                                
       "Temp Written Blocks": 0,                                                             
       "Plans": [                                                                            
         {                                                                                   
           "Node Type": "Nested Loop",                                                       
           "Parent Relationship": "Outer",                                                   
           "Parallel Aware": false,                                                          
           "Join Type": "Inner",                                                             
           "Startup Cost": 38449.83,                                                         
           "Total Cost": 38937.59,                                                           
           "Plan Rows": 100,                                                                 
           "Plan Width": 33,                                                                 
           "Actual Startup Time": 14503.246,                                                 
           "Actual Total Time": 14503.246,                                                   
           "Actual Rows": 0,                                                                 
           "Actual Loops": 1,                                                                
           "Inner Unique": true,                                                             
           "Join Filter": "(mc.company_type_id = ct.id)",                                    
           "Rows Removed by Join Filter": 0,                                                 
           "Shared Hit Blocks": 14,                                                          
           "Shared Read Blocks": 274428,                                                     
           "Shared Dirtied Blocks": 0,                                                       
           "Shared Written Blocks": 0,                                                       
           "Local Hit Blocks": 0,                                                            
           "Local Read Blocks": 0,                                                           
           "Local Dirtied Blocks": 0,                                                        
           "Local Written Blocks": 0,                                                        
           "Temp Read Blocks": 0,                                                            
           "Temp Written Blocks": 0,                                                         
           "Plans": [                                                                        
             {                                                                               
               "Node Type": "Merge Join",                                                    
               "Parent Relationship": "Outer",                                               
               "Parallel Aware": false,                                                      
               "Join Type": "Inner",                                                         
               "Startup Cost": 38449.83,                                                     
               "Total Cost": 38937.48,                                                       
               "Plan Rows": 100,                                                             
               "Plan Width": 37,                                                             
               "Actual Startup Time": 14503.245,                                             
               "Actual Total Time": 14503.245,                                               
               "Actual Rows": 0,                                                             
               "Actual Loops": 1,                                                            
               "Inner Unique": true,                                                         
               "Merge Cond": "(ci.person_role_id = chn.id)",                                 
               "Shared Hit Blocks": 14,                                                      
               "Shared Read Blocks": 274428,                                                 
               "Shared Dirtied Blocks": 0,                                                   
               "Shared Written Blocks": 0,                                                   
               "Local Hit Blocks": 0,                                                        
               "Local Read Blocks": 0,                                                       
               "Local Dirtied Blocks": 0,                                                    
               "Local Written Blocks": 0,                                                    
               "Temp Read Blocks": 0,                                                        
               "Temp Written Blocks": 0,                                                     
               "Plans": [                                                                    
                 {                                                                           
                   "Node Type": "Sort",                                                      
                   "Parent Relationship": "Outer",                                           
                   "Parallel Aware": false,                                                  
                   "Startup Cost": 26565.20,                                                 
                   "Total Cost": 26565.21,                                                   
                   "Plan Rows": 205,                                                         
                   "Plan Width": 25,                                                         
                   "Actual Startup Time": 14503.244,                                         
                   "Actual Total Time": 14503.244,                                           
                   "Actual Rows": 0,                                                         
                   "Actual Loops": 1,                                                        
                   "Sort Key": ["ci.person_role_id"],                                        
                   "Sort Method": "quicksort",                                               
                   "Sort Space Used": 25,                                                    
                   "Sort Space Type": "Memory",                                              
                   "Shared Hit Blocks": 14,                                                  
                   "Shared Read Blocks": 274428,                                             
                   "Shared Dirtied Blocks": 0,                                               
                   "Shared Written Blocks": 0,                                               
                   "Local Hit Blocks": 0,                                                    
                   "Local Read Blocks": 0,                                                   
                   "Local Dirtied Blocks": 0,                                                
                   "Local Written Blocks": 0,                                                
                   "Temp Read Blocks": 0,                                                    
                   "Temp Written Blocks": 0,                                                 
                   "Plans": [                                                                
                     {                                                                       
                       "Node Type": "Merge Join",                                            
                       "Parent Relationship": "Outer",                                       
                       "Parallel Aware": false,                                              
                       "Join Type": "Inner",                                                 
                       "Startup Cost": 26483.14,                                             
                       "Total Cost": 26564.95,                                               
                       "Plan Rows": 205,                                                     
                       "Plan Width": 25,                                                     
                       "Actual Startup Time": 14503.011,                                     
                       "Actual Total Time": 14503.011,                                       
                       "Actual Rows": 0,                                                     
                       "Actual Loops": 1,                                                    
                       "Inner Unique": true,                                                 
                       "Merge Cond": "(mc.movie_id = t.id)",                                 
                       "Shared Hit Blocks": 10,                                              
                       "Shared Read Blocks": 274428,                                         
                       "Shared Dirtied Blocks": 0,                                           
                       "Shared Written Blocks": 0,                                           
                       "Local Hit Blocks": 0,                                                
                       "Local Read Blocks": 0,                                               
                       "Local Dirtied Blocks": 0,                                            
                       "Local Written Blocks": 0,                                            
                       "Temp Read Blocks": 0,                                                
                       "Temp Written Blocks": 0,                                             
                       "Plans": [                                                            
                         {                                                                   
                           "Node Type": "Merge Join",                                        
                           "Parent Relationship": "Outer",                                   
                           "Parallel Aware": false,                                          
                           "Join Type": "Inner",                                             
                           "Startup Cost": 23852.93,                                         
                           "Total Cost": 23873.87,                                           
                           "Plan Rows": 1325,                                                
                           "Plan Width": 16,                                                 
                           "Actual Startup Time": 14503.011,                                 
                           "Actual Total Time": 14503.011,                                   
                           "Actual Rows": 0,                                                 
                           "Actual Loops": 1,                                                
                           "Inner Unique": false,                                            
                           "Merge Cond": "(ci.movie_id = mc.movie_id)",                      
                           "Shared Hit Blocks": 10,                                          
                           "Shared Read Blocks": 274428,                                     
                           "Shared Dirtied Blocks": 0,                                       
                           "Shared Written Blocks": 0,                                       
                           "Local Hit Blocks": 0,                                            
                           "Local Read Blocks": 0,                                           
                           "Local Dirtied Blocks": 0,                                        
                           "Local Written Blocks": 0,                                        
                           "Temp Read Blocks": 0,                                            
                           "Temp Written Blocks": 0,                                         
                           "Plans": [                                                        
                             {                                                               
                               "Node Type": "Sort",                                          
                               "Parent Relationship": "Outer",                               
                               "Parallel Aware": false,                                      
                               "Startup Cost": 13877.90,                                     
                               "Total Cost": 13887.15,                                       
                               "Plan Rows": 119151,                                          
                               "Plan Width": 8,                                              
                               "Actual Startup Time": 12328.608,                             
                               "Actual Total Time": 12328.610,                               
                               "Actual Rows": 13,                                            
                               "Actual Loops": 1,                                            
                               "Sort Key": ["ci.movie_id"],                                  
                               "Sort Method": "quicksort",                                   
                               "Sort Space Used": 25,                                        
                               "Sort Space Type": "Memory",                                  
                               "Shared Hit Blocks": 5,                                       
                               "Shared Read Blocks": 252650,                                 
                               "Shared Dirtied Blocks": 0,                                   
                               "Shared Written Blocks": 0,                                   
                               "Local Hit Blocks": 0,                                        
                               "Local Read Blocks": 0,                                       
                               "Local Dirtied Blocks": 0,                                    
                               "Local Written Blocks": 0,                                    
                               "Temp Read Blocks": 0,                                        
                               "Temp Written Blocks": 0,                                     
                               "Plans": [                                                    
                                 {                                                           
                                   "Node Type": "Nested Loop",                               
                                   "Parent Relationship": "Outer",                           
                                   "Parallel Aware": false,                                  
                                   "Join Type": "Inner",                                     
                                   "Startup Cost": 0.00,                                     
                                   "Total Cost": 13565.91,                                   
                                   "Plan Rows": 119151,                                      
                                   "Plan Width": 8,                                          
                                   "Actual Startup Time": 864.063,                           
                                   "Actual Total Time": 12328.555,                           
                                   "Actual Rows": 13,                                        
                                   "Actual Loops": 1,                                        
                                   "Inner Unique": true,                                     
                                   "Join Filter": "(ci.role_id = rt.id)",                    
                                   "Rows Removed by Join Filter": 1435426,                   
                                   "Shared Hit Blocks": 5,                                   
                                   "Shared Read Blocks": 252650,                             
                                   "Shared Dirtied Blocks": 0,                               
                                   "Shared Written Blocks": 0,                               
                                   "Local Hit Blocks": 0,                                    
                                   "Local Read Blocks": 0,                                   
                                   "Local Dirtied Blocks": 0,                                
                                   "Local Written Blocks": 0,                                
                                   "Temp Read Blocks": 0,                                    
                                   "Temp Written Blocks": 0,                                 
                                   "Plans": [                                                
                                     {                                                       
                                       "Node Type": "Seq Scan",                              
                                       "Parent Relationship": "Outer",                       
                                       "Parallel Aware": false,                              
                                       "Relation Name": "cast_info",                         
                                       "Alias": "ci",                                        
                                       "Startup Cost": 0.00,                                 
                                       "Total Cost": 13245.00,                               
                                       "Plan Rows": 1429807,                                 
                                       "Plan Width": 12,                                     
                                       "Actual Startup Time": 864.043,                       
                                       "Actual Total Time": 11808.281,                       
                                       "Actual Rows": 1435439,                               
                                       "Actual Loops": 1,                                    
                                       "Filter": "(note ~~ '%(producer)%'::text)",           
                                       "Rows Removed by Filter": 34808905,                   
                                       "Shared Hit Blocks": 4,                               
                                       "Shared Read Blocks": 252650,                         
                                       "Shared Dirtied Blocks": 0,                           
                                       "Shared Written Blocks": 0,                           
                                       "Local Hit Blocks": 0,                                
                                       "Local Read Blocks": 0,                               
                                       "Local Dirtied Blocks": 0,                            
                                       "Local Written Blocks": 0,                            
                                       "Temp Read Blocks": 0,                                
                                       "Temp Written Blocks": 0                              
                                     },                                                      
                                     {                                                       
                                       "Node Type": "Materialize",                           
                                       "Parent Relationship": "Inner",                       
                                       "Parallel Aware": false,                              
                                       "Startup Cost": 0.00,                                 
                                       "Total Cost": 0.03,                                   
                                       "Plan Rows": 1,                                       
                                       "Plan Width": 4,                                      
                                       "Actual Startup Time": 0.000,                         
                                       "Actual Total Time": 0.000,                           
                                       "Actual Rows": 1,                                     
                                       "Actual Loops": 1435439,                              
                                       "Shared Hit Blocks": 1,                               
                                       "Shared Read Blocks": 0,                              
                                       "Shared Dirtied Blocks": 0,                           
                                       "Shared Written Blocks": 0,                           
                                       "Local Hit Blocks": 0,                                
                                       "Local Read Blocks": 0,                               
                                       "Local Dirtied Blocks": 0,                            
                                       "Local Written Blocks": 0,                            
                                       "Temp Read Blocks": 0,                                
                                       "Temp Written Blocks": 0,                             
                                       "Plans": [                                            
                                         {                                                   
                                           "Node Type": "Seq Scan",                          
                                           "Parent Relationship": "Outer",                   
                                           "Parallel Aware": false,                          
                                           "Relation Name": "role_type",                     
                                           "Alias": "rt",                                    
                                           "Startup Cost": 0.00,                             
                                           "Total Cost": 0.03,                               
                                           "Plan Rows": 1,                                   
                                           "Plan Width": 4,                                  
                                           "Actual Startup Time": 0.008,                     
                                           "Actual Total Time": 0.013,                       
                                           "Actual Rows": 1,                                 
                                           "Actual Loops": 1,                                
                                           "Filter": "((role)::text = 'actor'::text)",       
                                           "Rows Removed by Filter": 11,                     
                                           "Shared Hit Blocks": 1,                           
                                           "Shared Read Blocks": 0,                          
                                           "Shared Dirtied Blocks": 0,                       
                                           "Shared Written Blocks": 0,                       
                                           "Local Hit Blocks": 0,                            
                                           "Local Read Blocks": 0,                           
                                           "Local Dirtied Blocks": 0,                        
                                           "Local Written Blocks": 0,                        
                                           "Temp Read Blocks": 0,                            
                                           "Temp Written Blocks": 0                          
                                         }                                                   
                                       ]                                                     
                                     }                                                       
                                   ]                                                         
                                 }                                                           
                               ]                                                             
                             },                                                              
                             {                                                               
                               "Node Type": "Sort",                                          
                               "Parent Relationship": "Inner",                               
                               "Parallel Aware": false,                                      
                               "Startup Cost": 9975.04,                                      
                               "Total Cost": 9976.21,                                        
                               "Plan Rows": 15111,                                           
                               "Plan Width": 8,                                              
                               "Actual Startup Time": 2172.919,                              
                               "Actual Total Time": 2173.555,                                
                               "Actual Rows": 8498,                                          
                               "Actual Loops": 1,                                            
                               "Sort Key": ["mc.movie_id"],                                  
                               "Sort Method": "quicksort",                                   
                               "Sort Space Used": 797,                                       
                               "Sort Space Type": "Memory",                                  
                               "Shared Hit Blocks": 5,                                       
                               "Shared Read Blocks": 21778,                                  
                               "Shared Dirtied Blocks": 0,                                   
                               "Shared Written Blocks": 0,                                   
                               "Local Hit Blocks": 0,                                        
                               "Local Read Blocks": 0,                                       
                               "Local Dirtied Blocks": 0,                                    
                               "Local Written Blocks": 0,                                    
                               "Temp Read Blocks": 0,                                        
                               "Temp Written Blocks": 0,                                     
                               "Plans": [                                                    
                                 {                                                           
                                   "Node Type": "Merge Join",                                
                                   "Parent Relationship": "Outer",                           
                                   "Parallel Aware": false,                                  
                                   "Join Type": "Inner",                                     
                                   "Startup Cost": 9536.06,                                  
                                   "Total Cost": 9942.46,                                    
                                   "Plan Rows": 15111,                                       
                                   "Plan Width": 8,                                          
                                   "Actual Startup Time": 1632.480,                          
                                   "Actual Total Time": 2169.852,                            
                                   "Actual Rows": 8790,                                      
                                   "Actual Loops": 1,                                        
                                   "Inner Unique": false,                                    
                                   "Merge Cond": "(cn.id = mc.company_id)",                  
                                   "Shared Hit Blocks": 5,                                   
                                   "Shared Read Blocks": 21778,                              
                                   "Shared Dirtied Blocks": 0,                               
                                   "Shared Written Blocks": 0,                               
                                   "Local Hit Blocks": 0,                                    
                                   "Local Read Blocks": 0,                                   
                                   "Local Dirtied Blocks": 0,                                
                                   "Local Written Blocks": 0,                                
                                   "Temp Read Blocks": 0,                                    
                                   "Temp Written Blocks": 0,                                 
                                   "Plans": [                                                
                                     {                                                       
                                       "Node Type": "Sort",                                  
                                       "Parent Relationship": "Outer",                       
                                       "Parallel Aware": false,                              
                                       "Startup Cost": 130.61,                               
                                       "Total Cost": 130.71,                                 
                                       "Plan Rows": 1361,                                    
                                       "Plan Width": 4,                                      
                                       "Actual Startup Time": 143.730,                       
                                       "Actual Total Time": 143.941,                         
                                       "Actual Rows": 1361,                                  
                                       "Actual Loops": 1,                                    
                                       "Sort Key": ["cn.id"],                                
                                       "Sort Method": "quicksort",                           
                                       "Sort Space Used": 112,                               
                                       "Sort Space Type": "Memory",                          
                                       "Shared Hit Blocks": 2,                               
                                       "Shared Read Blocks": 2992,                           
                                       "Shared Dirtied Blocks": 0,                           
                                       "Shared Written Blocks": 0,                           
                                       "Local Hit Blocks": 0,                                
                                       "Local Read Blocks": 0,                               
                                       "Local Dirtied Blocks": 0,                            
                                       "Local Written Blocks": 0,                            
                                       "Temp Read Blocks": 0,                                
                                       "Temp Written Blocks": 0,                             
                                       "Plans": [                                            
                                         {                                                   
                                           "Node Type": "Seq Scan",                          
                                           "Parent Relationship": "Outer",                   
                                           "Parallel Aware": false,                          
                                           "Relation Name": "company_name",                  
                                           "Alias": "cn",                                    
                                           "Startup Cost": 0.00,                             
                                           "Total Cost": 128.41,                             
                                           "Plan Rows": 1361,                                
                                           "Plan Width": 4,                                  
                                           "Actual Startup Time": 8.387,                     
                                           "Actual Total Time": 142.761,                     
                                           "Actual Rows": 1361,                              
                                           "Actual Loops": 1,                                
                                           "Filter": "((country_code)::text = '[ru]'::text)",
                                           "Rows Removed by Filter": 233636,                 
                                           "Shared Hit Blocks": 2,                           
                                           "Shared Read Blocks": 2992,                       
                                           "Shared Dirtied Blocks": 0,                       
                                           "Shared Written Blocks": 0,                       
                                           "Local Hit Blocks": 0,                            
                                           "Local Read Blocks": 0,                           
                                           "Local Dirtied Blocks": 0,                        
                                           "Local Written Blocks": 0,                        
                                           "Temp Read Blocks": 0,                            
                                           "Temp Written Blocks": 0                          
                                         }                                                   
                                       ]                                                     
                                     },                                                      
                                     {                                                       
                                       "Node Type": "Sort",                                  
                                       "Parent Relationship": "Inner",                       
                                       "Parallel Aware": false,                              
                                       "Startup Cost": 9405.45,                              
                                       "Total Cost": 9608.03,                                
                                       "Plan Rows": 2609129,                                 
                                       "Plan Width": 12,                                     
                                       "Actual Startup Time": 1410.316,                      
                                       "Actual Total Time": 1725.483,                        
                                       "Actual Rows": 2608750,                               
                                       "Actual Loops": 1,                                    
                                       "Sort Key": ["mc.company_id"],                        
                                       "Sort Method": "quicksort",                           
                                       "Sort Space Used": 220607,                            
                                       "Sort Space Type": "Memory",                          
                                       "Shared Hit Blocks": 3,                               
                                       "Shared Read Blocks": 18786,                          
                                       "Shared Dirtied Blocks": 0,                           
                                       "Shared Written Blocks": 0,                           
                                       "Local Hit Blocks": 0,                                
                                       "Local Read Blocks": 0,                               
                                       "Local Dirtied Blocks": 0,                            
                                       "Local Written Blocks": 0,                            
                                       "Temp Read Blocks": 0,                                
                                       "Temp Written Blocks": 0,                             
                                       "Plans": [                                            
                                         {                                                   
                                           "Node Type": "Seq Scan",                          
                                           "Parent Relationship": "Outer",                   
                                           "Parallel Aware": false,                          
                                           "Relation Name": "movie_companies",               
                                           "Alias": "mc",                                    
                                           "Startup Cost": 0.00,                             
                                           "Total Cost": 769.75,                             
                                           "Plan Rows": 2609129,                             
                                           "Plan Width": 12,                                 
                                           "Actual Startup Time": 0.009,                     
                                           "Actual Total Time": 531.535,                     
                                           "Actual Rows": 2609129,                           
                                           "Actual Loops": 1,                                
                                           "Shared Hit Blocks": 3,                           
                                           "Shared Read Blocks": 18786,                      
                                           "Shared Dirtied Blocks": 0,                       
                                           "Shared Written Blocks": 0,                       
                                           "Local Hit Blocks": 0,                            
                                           "Local Read Blocks": 0,                           
                                           "Local Dirtied Blocks": 0,                        
                                           "Local Written Blocks": 0,                        
                                           "Temp Read Blocks": 0,                            
                                           "Temp Written Blocks": 0                          
                                         }                                                   
                                       ]                                                     
                                     }                                                       
                                   ]                                                         
                                 }                                                           
                               ]                                                             
                             }                                                               
                           ]                                                                 
                         },                                                                  
                         {                                                                   
                           "Node Type": "Sort",                                              
                           "Parent Relationship": "Inner",                                   
                           "Parallel Aware": false,                                          
                           "Startup Cost": 2630.21,                                          
                           "Total Cost": 2660.62,                                            
                           "Plan Rows": 391667,                                              
                           "Plan Width": 21,                                                 
                           "Actual Startup Time": 0.000,                                     
                           "Actual Total Time": 0.000,                                       
                           "Actual Rows": 0,                                                 
                           "Actual Loops": 0,                                                
                           "Sort Key": ["t.id"],                                             
                           "Shared Hit Blocks": 0,                                           
                           "Shared Read Blocks": 0,                                          
                           "Shared Dirtied Blocks": 0,                                       
                           "Shared Written Blocks": 0,                                       
                           "Local Hit Blocks": 0,                                            
                           "Local Read Blocks": 0,                                           
                           "Local Dirtied Blocks": 0,                                        
                           "Local Written Blocks": 0,                                        
                           "Temp Read Blocks": 0,                                            
                           "Temp Written Blocks": 0,                                         
                           "Plans": [                                                        
                             {                                                               
                               "Node Type": "Seq Scan",                                      
                               "Parent Relationship": "Outer",                               
                               "Parallel Aware": false,                                      
                               "Relation Name": "title",                                     
                               "Alias": "t",                                                 
                               "Startup Cost": 0.00,                                         
                               "Total Cost": 1500.26,                                        
                               "Plan Rows": 391667,                                          
                               "Plan Width": 21,                                             
                               "Actual Startup Time": 0.000,                                 
                               "Actual Total Time": 0.000,                                   
                               "Actual Rows": 0,                                             
                               "Actual Loops": 0,                                            
                               "Filter": "(production_year > 2010)",                         
                               "Rows Removed by Filter": 0,                                  
                               "Shared Hit Blocks": 0,                                       
                               "Shared Read Blocks": 0,                                      
                               "Shared Dirtied Blocks": 0,                                   
                               "Shared Written Blocks": 0,                                   
                               "Local Hit Blocks": 0,                                        
                               "Local Read Blocks": 0,                                       
                               "Local Dirtied Blocks": 0,                                    
                               "Local Written Blocks": 0,                                    
                               "Temp Read Blocks": 0,                                        
                               "Temp Written Blocks": 0                                      
                             }                                                               
                           ]                                                                 
                         }                                                                   
                       ]                                                                     
                     }                                                                       
                   ]                                                                         
                 },                                                                          
                 {                                                                           
                   "Node Type": "Sort",                                                      
                   "Parent Relationship": "Inner",                                           
                   "Parallel Aware": false,                                                  
                   "Startup Cost": 11884.63,                                                 
                   "Total Cost": 12128.45,                                                   
                   "Plan Rows": 3140339,                                                     
                   "Plan Width": 20,                                                         
                   "Actual Startup Time": 0.000,                                             
                   "Actual Total Time": 0.000,                                               
                   "Actual Rows": 0,                                                         
                   "Actual Loops": 0,                                                        
                   "Sort Key": ["chn.id"],                                                   
                   "Shared Hit Blocks": 0,                                                   
                   "Shared Read Blocks": 0,                                                  
                   "Shared Dirtied Blocks": 0,                                               
                   "Shared Written Blocks": 0,                                               
                   "Local Hit Blocks": 0,                                                    
                   "Local Read Blocks": 0,                                                   
                   "Local Dirtied Blocks": 0,                                                
                   "Local Written Blocks": 0,                                                
                   "Temp Read Blocks": 0,                                                    
                   "Temp Written Blocks": 0,                                                 
                   "Plans": [                                                                
                     {                                                                       
                       "Node Type": "Seq Scan",                                              
                       "Parent Relationship": "Outer",                                       
                       "Parallel Aware": false,                                              
                       "Relation Name": "char_name",                                         
                       "Alias": "chn",                                                       
                       "Startup Cost": 0.00,                                                 
                       "Total Cost": 1360.36,                                                
                       "Plan Rows": 3140339,                                                 
                       "Plan Width": 20,                                                     
                       "Actual Startup Time": 0.000,                                         
                       "Actual Total Time": 0.000,                                           
                       "Actual Rows": 0,                                                     
                       "Actual Loops": 0,                                                    
                       "Shared Hit Blocks": 0,                                               
                       "Shared Read Blocks": 0,                                              
                       "Shared Dirtied Blocks": 0,                                           
                       "Shared Written Blocks": 0,                                           
                       "Local Hit Blocks": 0,                                                
                       "Local Read Blocks": 0,                                               
                       "Local Dirtied Blocks": 0,                                            
                       "Local Written Blocks": 0,                                            
                       "Temp Read Blocks": 0,                                                
                       "Temp Written Blocks": 0                                              
                     }                                                                       
                   ]                                                                         
                 }                                                                           
               ]                                                                             
             },                                                                              
             {                                                                               
               "Node Type": "Materialize",                                                   
               "Parent Relationship": "Inner",                                               
               "Parallel Aware": false,                                                      
               "Startup Cost": 0.00,                                                         
               "Total Cost": 0.03,                                                           
               "Plan Rows": 4,                                                               
               "Plan Width": 4,                                                              
               "Actual Startup Time": 0.000,                                                 
               "Actual Total Time": 0.000,                                                   
               "Actual Rows": 0,                                                             
               "Actual Loops": 0,                                                            
               "Shared Hit Blocks": 0,                                                       
               "Shared Read Blocks": 0,                                                      
               "Shared Dirtied Blocks": 0,                                                   
               "Shared Written Blocks": 0,                                                   
               "Local Hit Blocks": 0,                                                        
               "Local Read Blocks": 0,                                                       
               "Local Dirtied Blocks": 0,                                                    
               "Local Written Blocks": 0,                                                    
               "Temp Read Blocks": 0,                                                        
               "Temp Written Blocks": 0,                                                     
               "Plans": [                                                                    
                 {                                                                           
                   "Node Type": "Seq Scan",                                                  
                   "Parent Relationship": "Outer",                                           
                   "Parallel Aware": false,                                                  
                   "Relation Name": "company_type",                                          
                   "Alias": "ct",                                                            
                   "Startup Cost": 0.00,                                                     
                   "Total Cost": 0.03,                                                       
                   "Plan Rows": 4,                                                           
                   "Plan Width": 4,                                                          
                   "Actual Startup Time": 0.000,                                             
                   "Actual Total Time": 0.000,                                               
                   "Actual Rows": 0,                                                         
                   "Actual Loops": 0,                                                        
                   "Shared Hit Blocks": 0,                                                   
                   "Shared Read Blocks": 0,                                                  
                   "Shared Dirtied Blocks": 0,                                               
                   "Shared Written Blocks": 0,                                               
                   "Local Hit Blocks": 0,                                                    
                   "Local Read Blocks": 0,                                                   
                   "Local Dirtied Blocks": 0,                                                
                   "Local Written Blocks": 0,                                                
                   "Temp Read Blocks": 0,                                                    
                   "Temp Written Blocks": 0                                                  
                 }                                                                           
               ]                                                                             
             }                                                                               
           ]                                                                                 
         }                                                                                   
       ]                                                                                     
     },                                                                                      
     "Planning Time": 2736.949,                                                              
     "Triggers": [                                                                           
     ],                                                                                      
     "Execution Time": 14566.384                                                             
   }                                                                                         
 ]
