 [                                                                                                                                           
   {                                                                                                                                         
     "Plan": {                                                                                                                               
       "Node Type": "Aggregate",                                                                                                             
       "Strategy": "Plain",                                                                                                                  
       "Partial Mode": "Simple",                                                                                                             
       "Parallel Aware": false,                                                                                                              
       "Startup Cost": 5293.66,                                                                                                              
       "Total Cost": 5293.66,                                                                                                                
       "Plan Rows": 1,                                                                                                                       
       "Plan Width": 96,                                                                                                                     
       "Actual Startup Time": 104507.568,                                                                                                    
       "Actual Total Time": 104507.568,                                                                                                      
       "Actual Rows": 1,                                                                                                                     
       "Actual Loops": 1,                                                                                                                    
       "Shared Hit Blocks": 19,                                                                                                              
       "Shared Read Blocks": 83334,                                                                                                          
       "Shared Dirtied Blocks": 0,                                                                                                           
       "Shared Written Blocks": 0,                                                                                                           
       "Local Hit Blocks": 0,                                                                                                                
       "Local Read Blocks": 0,                                                                                                               
       "Local Dirtied Blocks": 0,                                                                                                            
       "Local Written Blocks": 0,                                                                                                            
       "Temp Read Blocks": 0,                                                                                                                
       "Temp Written Blocks": 0,                                                                                                             
       "Plans": [                                                                                                                            
         {                                                                                                                                   
           "Node Type": "Nested Loop",                                                                                                       
           "Parent Relationship": "Outer",                                                                                                   
           "Parallel Aware": false,                                                                                                          
           "Join Type": "Inner",                                                                                                             
           "Startup Cost": 2161.32,                                                                                                          
           "Total Cost": 5293.66,                                                                                                            
           "Plan Rows": 1,                                                                                                                   
           "Plan Width": 48,                                                                                                                 
           "Actual Startup Time": 46817.313,                                                                                                 
           "Actual Total Time": 104497.715,                                                                                                  
           "Actual Rows": 310,                                                                                                               
           "Actual Loops": 1,                                                                                                                
           "Inner Unique": false,                                                                                                            
           "Join Filter": "(ml.movie_id = t.id)",                                                                                            
           "Rows Removed by Join Filter": 366053252,                                                                                         
           "Shared Hit Blocks": 19,                                                                                                          
           "Shared Read Blocks": 83334,                                                                                                      
           "Shared Dirtied Blocks": 0,                                                                                                       
           "Shared Written Blocks": 0,                                                                                                       
           "Local Hit Blocks": 0,                                                                                                            
           "Local Read Blocks": 0,                                                                                                           
           "Local Dirtied Blocks": 0,                                                                                                        
           "Local Written Blocks": 0,                                                                                                        
           "Temp Read Blocks": 0,                                                                                                            
           "Temp Written Blocks": 0,                                                                                                         
           "Plans": [                                                                                                                        
             {                                                                                                                               
               "Node Type": "Seq Scan",                                                                                                      
               "Parent Relationship": "Outer",                                                                                               
               "Parallel Aware": false,                                                                                                      
               "Relation Name": "title",                                                                                                     
               "Alias": "t",                                                                                                                 
               "Startup Cost": 0.00,                                                                                                         
               "Total Cost": 1696.56,                                                                                                        
               "Plan Rows": 910581,                                                                                                          
               "Plan Width": 21,                                                                                                             
               "Actual Startup Time": 21.614,                                                                                                
               "Actual Total Time": 661.439,                                                                                                 
               "Actual Rows": 910581,                                                                                                        
               "Actual Loops": 1,                                                                                                            
               "Filter": "((production_year >= 1950) AND (production_year <= 2000))",                                                        
               "Rows Removed by Filter": 1617731,                                                                                            
               "Shared Hit Blocks": 1,                                                                                                       
               "Shared Read Blocks": 35997,                                                                                                  
               "Shared Dirtied Blocks": 0,                                                                                                   
               "Shared Written Blocks": 0,                                                                                                   
               "Local Hit Blocks": 0,                                                                                                        
               "Local Read Blocks": 0,                                                                                                       
               "Local Dirtied Blocks": 0,                                                                                                    
               "Local Written Blocks": 0,                                                                                                    
               "Temp Read Blocks": 0,                                                                                                        
               "Temp Written Blocks": 0                                                                                                      
             },                                                                                                                              
             {                                                                                                                               
               "Node Type": "Materialize",                                                                                                   
               "Parent Relationship": "Inner",                                                                                               
               "Parallel Aware": false,                                                                                                      
               "Startup Cost": 2161.32,                                                                                                      
               "Total Cost": 3392.75,                                                                                                        
               "Plan Rows": 1,                                                                                                               
               "Plan Width": 43,                                                                                                             
               "Actual Startup Time": 0.043,                                                                                                 
               "Actual Total Time": 0.069,                                                                                                   
               "Actual Rows": 402,                                                                                                           
               "Actual Loops": 910581,                                                                                                       
               "Shared Hit Blocks": 18,                                                                                                      
               "Shared Read Blocks": 47337,                                                                                                  
               "Shared Dirtied Blocks": 0,                                                                                                   
               "Shared Written Blocks": 0,                                                                                                   
               "Local Hit Blocks": 0,                                                                                                        
               "Local Read Blocks": 0,                                                                                                       
               "Local Dirtied Blocks": 0,                                                                                                    
               "Local Written Blocks": 0,                                                                                                    
               "Temp Read Blocks": 0,                                                                                                        
               "Temp Written Blocks": 0,                                                                                                     
               "Plans": [                                                                                                                    
                 {                                                                                                                           
                   "Node Type": "Nested Loop",                                                                                               
                   "Parent Relationship": "Outer",                                                                                           
                   "Parallel Aware": false,                                                                                                  
                   "Join Type": "Inner",                                                                                                     
                   "Startup Cost": 2161.32,                                                                                                  
                   "Total Cost": 3392.75,                                                                                                    
                   "Plan Rows": 1,                                                                                                           
                   "Plan Width": 43,                                                                                                         
                   "Actual Startup Time": 39181.239,                                                                                         
                   "Actual Total Time": 46577.235,                                                                                           
                   "Actual Rows": 402,                                                                                                       
                   "Actual Loops": 1,                                                                                                        
                   "Inner Unique": true,                                                                                                     
                   "Join Filter": "(mc.company_type_id = ct.id)",                                                                            
                   "Rows Removed by Join Filter": 20,                                                                                        
                   "Shared Hit Blocks": 18,                                                                                                  
                   "Shared Read Blocks": 47337,                                                                                              
                   "Shared Dirtied Blocks": 0,                                                                                               
                   "Shared Written Blocks": 0,                                                                                               
                   "Local Hit Blocks": 0,                                                                                                    
                   "Local Read Blocks": 0,                                                                                                   
                   "Local Dirtied Blocks": 0,                                                                                                
                   "Local Written Blocks": 0,                                                                                                
                   "Temp Read Blocks": 0,                                                                                                    
                   "Temp Written Blocks": 0,                                                                                                 
                   "Plans": [                                                                                                                
                     {                                                                                                                       
                       "Node Type": "Nested Loop",                                                                                           
                       "Parent Relationship": "Outer",                                                                                       
                       "Parallel Aware": false,                                                                                              
                       "Join Type": "Inner",                                                                                                 
                       "Startup Cost": 2161.32,                                                                                              
                       "Total Cost": 3392.72,                                                                                                
                       "Plan Rows": 1,                                                                                                       
                       "Plan Width": 47,                                                                                                     
                       "Actual Startup Time": 39181.213,                                                                                     
                       "Actual Total Time": 46577.072,                                                                                       
                       "Actual Rows": 422,                                                                                                   
                       "Actual Loops": 1,                                                                                                    
                       "Inner Unique": false,                                                                                                
                       "Join Filter": "(mc.company_id = cn.id)",                                                                             
                       "Rows Removed by Join Filter": 49315920,                                                                              
                       "Shared Hit Blocks": 17,                                                                                              
                       "Shared Read Blocks": 47337,                                                                                          
                       "Shared Dirtied Blocks": 0,                                                                                           
                       "Shared Written Blocks": 0,                                                                                           
                       "Local Hit Blocks": 0,                                                                                                
                       "Local Read Blocks": 0,                                                                                               
                       "Local Dirtied Blocks": 0,                                                                                            
                       "Local Written Blocks": 0,                                                                                            
                       "Temp Read Blocks": 0,                                                                                                
                       "Temp Written Blocks": 0,                                                                                             
                       "Plans": [                                                                                                            
                         {                                                                                                                   
                           "Node Type": "Seq Scan",                                                                                          
                           "Parent Relationship": "Outer",                                                                                   
                           "Parallel Aware": false,                                                                                          
                           "Relation Name": "company_name",                                                                                  
                           "Alias": "cn",                                                                                                    
                           "Startup Cost": 0.00,                                                                                             
                           "Total Cost": 164.90,                                                                                             
                           "Plan Rows": 49161,                                                                                               
                           "Plan Width": 23,                                                                                                 
                           "Actual Startup Time": 7.984,                                                                                     
                           "Actual Total Time": 108.779,                                                                                     
                           "Actual Rows": 48302,                                                                                             
                           "Actual Loops": 1,                                                                                                
                           "Filter": "(((country_code)::text <> '[pl]'::text) AND ((name ~~ '%Film%'::text) OR (name ~~ '%Warner%'::text)))",
                           "Rows Removed by Filter": 186695,                                                                                 
                           "Shared Hit Blocks": 2,                                                                                           
                           "Shared Read Blocks": 2992,                                                                                       
                           "Shared Dirtied Blocks": 0,                                                                                       
                           "Shared Written Blocks": 0,                                                                                       
                           "Local Hit Blocks": 0,                                                                                            
                           "Local Read Blocks": 0,                                                                                           
                           "Local Dirtied Blocks": 0,                                                                                        
                           "Local Written Blocks": 0,                                                                                        
                           "Temp Read Blocks": 0,                                                                                            
                           "Temp Written Blocks": 0                                                                                          
                         },                                                                                                                  
                         {                                                                                                                   
                           "Node Type": "Materialize",                                                                                       
                           "Parent Relationship": "Inner",                                                                                   
                           "Parallel Aware": false,                                                                                          
                           "Startup Cost": 2161.32,                                                                                          
                           "Total Cost": 3216.79,                                                                                            
                           "Plan Rows": 1,                                                                                                   
                           "Plan Width": 32,                                                                                                 
                           "Actual Startup Time": 0.050,                                                                                     
                           "Actual Total Time": 0.851,                                                                                       
                           "Actual Rows": 1021,                                                                                              
                           "Actual Loops": 48302,                                                                                            
                           "Shared Hit Blocks": 15,                                                                                          
                           "Shared Read Blocks": 44345,                                                                                      
                           "Shared Dirtied Blocks": 0,                                                                                       
                           "Shared Written Blocks": 0,                                                                                       
                           "Local Hit Blocks": 0,                                                                                            
                           "Local Read Blocks": 0,                                                                                           
                           "Local Dirtied Blocks": 0,                                                                                        
                           "Local Written Blocks": 0,                                                                                        
                           "Temp Read Blocks": 0,                                                                                            
                           "Temp Written Blocks": 0,                                                                                         
                           "Plans": [                                                                                                        
                             {                                                                                                               
                               "Node Type": "Nested Loop",                                                                                   
                               "Parent Relationship": "Outer",                                                                               
                               "Parallel Aware": false,                                                                                      
                               "Join Type": "Inner",                                                                                         
                               "Startup Cost": 2161.32,                                                                                      
                               "Total Cost": 3216.79,                                                                                        
                               "Plan Rows": 1,                                                                                               
                               "Plan Width": 32,                                                                                             
                               "Actual Startup Time": 2430.097,                                                                              
                               "Actual Total Time": 38915.730,                                                                               
                               "Actual Rows": 1021,                                                                                          
                               "Actual Loops": 1,                                                                                            
                               "Inner Unique": false,                                                                                        
                               "Join Filter": "(ml.movie_id = mc.movie_id)",                                                                 
                               "Rows Removed by Join Filter": 253124790,                                                                     
                               "Shared Hit Blocks": 15,                                                                                      
                               "Shared Read Blocks": 44345,                                                                                  
                               "Shared Dirtied Blocks": 0,                                                                                   
                               "Shared Written Blocks": 0,                                                                                   
                               "Local Hit Blocks": 0,                                                                                        
                               "Local Read Blocks": 0,                                                                                       
                               "Local Dirtied Blocks": 0,                                                                                    
                               "Local Written Blocks": 0,                                                                                    
                               "Temp Read Blocks": 0,                                                                                        
                               "Temp Written Blocks": 0,                                                                                     
                               "Plans": [                                                                                                    
                                 {                                                                                                           
                                   "Node Type": "Seq Scan",                                                                                  
                                   "Parent Relationship": "Outer",                                                                           
                                   "Parallel Aware": false,                                                                                  
                                   "Relation Name": "movie_companies",                                                                       
                                   "Alias": "mc",                                                                                            
                                   "Startup Cost": 0.00,                                                                                     
                                   "Total Cost": 769.75,                                                                                     
                                   "Plan Rows": 1271989,                                                                                     
                                   "Plan Width": 12,                                                                                         
                                   "Actual Startup Time": 0.054,                                                                             
                                   "Actual Total Time": 471.509,                                                                             
                                   "Actual Rows": 1271989,                                                                                   
                                   "Actual Loops": 1,                                                                                        
                                   "Filter": "(note IS NULL)",                                                                               
                                   "Rows Removed by Filter": 1337140,                                                                        
                                   "Shared Hit Blocks": 3,                                                                                   
                                   "Shared Read Blocks": 18786,                                                                              
                                   "Shared Dirtied Blocks": 0,                                                                               
                                   "Shared Written Blocks": 0,                                                                               
                                   "Local Hit Blocks": 0,                                                                                    
                                   "Local Read Blocks": 0,                                                                                   
                                   "Local Dirtied Blocks": 0,                                                                                
                                   "Local Written Blocks": 0,                                                                                
                                   "Temp Read Blocks": 0,                                                                                    
                                   "Temp Written Blocks": 0                                                                                  
                                 },                                                                                                          
                                 {                                                                                                           
                                   "Node Type": "Materialize",                                                                               
                                   "Parent Relationship": "Inner",                                                                           
                                   "Parallel Aware": false,                                                                                  
                                   "Startup Cost": 2161.32,                                                                                  
                                   "Total Cost": 2161.58,                                                                                    
                                   "Plan Rows": 1,                                                                                           
                                   "Plan Width": 20,                                                                                         
                                   "Actual Startup Time": 0.002,                                                                             
                                   "Actual Total Time": 0.011,                                                                               
                                   "Actual Rows": 199,                                                                                       
                                   "Actual Loops": 1271989,                                                                                  
                                   "Shared Hit Blocks": 12,                                                                                  
                                   "Shared Read Blocks": 25559,                                                                              
                                   "Shared Dirtied Blocks": 0,                                                                               
                                   "Shared Written Blocks": 0,                                                                               
                                   "Local Hit Blocks": 0,                                                                                    
                                   "Local Read Blocks": 0,                                                                                   
                                   "Local Dirtied Blocks": 0,                                                                                
                                   "Local Written Blocks": 0,                                                                                
                                   "Temp Read Blocks": 0,                                                                                    
                                   "Temp Written Blocks": 0,                                                                                 
                                   "Plans": [                                                                                                
                                     {                                                                                                       
                                       "Node Type": "Merge Join",                                                                            
                                       "Parent Relationship": "Outer",                                                                       
                                       "Parallel Aware": false,                                                                              
                                       "Join Type": "Inner",                                                                                 
                                       "Startup Cost": 2161.32,                                                                              
                                       "Total Cost": 2161.58,                                                                                
                                       "Plan Rows": 1,                                                                                       
                                       "Plan Width": 20,                                                                                     
                                       "Actual Startup Time": 2382.825,                                                                      
                                       "Actual Total Time": 2383.237,                                                                        
                                       "Actual Rows": 199,                                                                                   
                                       "Actual Loops": 1,                                                                                    
                                       "Inner Unique": false,                                                                                
                                       "Merge Cond": "(mk.movie_id = ml.movie_id)",                                                          
                                       "Shared Hit Blocks": 12,                                                                              
                                       "Shared Read Blocks": 25559,                                                                          
                                       "Shared Dirtied Blocks": 0,                                                                           
                                       "Shared Written Blocks": 0,                                                                           
                                       "Local Hit Blocks": 0,                                                                                
                                       "Local Read Blocks": 0,                                                                               
                                       "Local Dirtied Blocks": 0,                                                                            
                                       "Local Written Blocks": 0,                                                                            
                                       "Temp Read Blocks": 0,                                                                                
                                       "Temp Written Blocks": 0,                                                                             
                                       "Plans": [                                                                                            
                                         {                                                                                                   
                                           "Node Type": "Sort",                                                                              
                                           "Parent Relationship": "Outer",                                                                   
                                           "Parallel Aware": false,                                                                          
                                           "Startup Cost": 2144.60,                                                                          
                                           "Total Cost": 2144.60,                                                                            
                                           "Plan Rows": 34,                                                                                  
                                           "Plan Width": 4,                                                                                  
                                           "Actual Startup Time": 2325.529,                                                                  
                                           "Actual Total Time": 2325.532,                                                                    
                                           "Actual Rows": 47,                                                                                
                                           "Actual Loops": 1,                                                                                
                                           "Sort Key": ["mk.movie_id"],                                                                      
                                           "Sort Method": "quicksort",                                                                       
                                           "Sort Space Used": 879,                                                                           
                                           "Sort Space Type": "Memory",                                                                      
                                           "Shared Hit Blocks": 9,                                                                           
                                           "Shared Read Blocks": 25398,                                                                      
                                           "Shared Dirtied Blocks": 0,                                                                       
                                           "Shared Written Blocks": 0,                                                                       
                                           "Local Hit Blocks": 0,                                                                            
                                           "Local Read Blocks": 0,                                                                           
                                           "Local Dirtied Blocks": 0,                                                                        
                                           "Local Written Blocks": 0,                                                                        
                                           "Temp Read Blocks": 0,                                                                            
                                           "Temp Written Blocks": 0,                                                                         
                                           "Plans": [                                                                                        
                                             {                                                                                               
                                               "Node Type": "Nested Loop",                                                                   
                                               "Parent Relationship": "Outer",                                                               
                                               "Parallel Aware": false,                                                                      
                                               "Join Type": "Inner",                                                                         
                                               "Startup Cost": 0.00,                                                                         
                                               "Total Cost": 2144.57,                                                                        
                                               "Plan Rows": 34,                                                                              
                                               "Plan Width": 4,                                                                              
                                               "Actual Startup Time": 83.893,                                                                
                                               "Actual Total Time": 2292.414,                                                                
                                               "Actual Rows": 10544,                                                                         
                                               "Actual Loops": 1,                                                                            
                                               "Inner Unique": true,                                                                         
                                               "Join Filter": "(k.id = mk.keyword_id)",                                                      
                                               "Rows Removed by Join Filter": 4513386,                                                       
                                               "Shared Hit Blocks": 5,                                                                       
                                               "Shared Read Blocks": 25398,                                                                  
                                               "Shared Dirtied Blocks": 0,                                                                   
                                               "Shared Written Blocks": 0,                                                                   
                                               "Local Hit Blocks": 0,                                                                        
                                               "Local Read Blocks": 0,                                                                       
                                               "Local Dirtied Blocks": 0,                                                                    
                                               "Local Written Blocks": 0,                                                                    
                                               "Temp Read Blocks": 0,                                                                        
                                               "Temp Written Blocks": 0,                                                                     
                                               "Plans": [                                                                                    
                                                 {                                                                                           
                                                   "Node Type": "Seq Scan",                                                                  
                                                   "Parent Relationship": "Outer",                                                           
                                                   "Parallel Aware": false,                                                                  
                                                   "Relation Name": "movie_keyword",                                                         
                                                   "Alias": "mk",                                                                            
                                                   "Startup Cost": 0.00,                                                                     
                                                   "Total Cost": 1079.84,                                                                    
                                                   "Plan Rows": 4523930,                                                                     
                                                   "Plan Width": 8,                                                                          
                                                   "Actual Startup Time": 0.014,                                                             
                                                   "Actual Total Time": 579.894,                                                             
                                                   "Actual Rows": 4523930,                                                                   
                                                   "Actual Loops": 1,                                                                        
                                                   "Shared Hit Blocks": 3,                                                                   
                                                   "Shared Read Blocks": 24451,                                                              
                                                   "Shared Dirtied Blocks": 0,                                                               
                                                   "Shared Written Blocks": 0,                                                               
                                                   "Local Hit Blocks": 0,                                                                    
                                                   "Local Read Blocks": 0,                                                                   
                                                   "Local Dirtied Blocks": 0,                                                                
                                                   "Local Written Blocks": 0,                                                                
                                                   "Temp Read Blocks": 0,                                                                    
                                                   "Temp Written Blocks": 0                                                                  
                                                 },                                                                                          
                                                 {                                                                                           
                                                   "Node Type": "Materialize",                                                               
                                                   "Parent Relationship": "Inner",                                                           
                                                   "Parallel Aware": false,                                                                  
                                                   "Startup Cost": 0.00,                                                                     
                                                   "Total Cost": 49.46,                                                                      
                                                   "Plan Rows": 1,                                                                           
                                                   "Plan Width": 4,                                                                          
                                                   "Actual Startup Time": 0.000,                                                             
                                                   "Actual Total Time": 0.000,                                                               
                                                   "Actual Rows": 1,                                                                         
                                                   "Actual Loops": 4523930,                                                                  
                                                   "Shared Hit Blocks": 2,                                                                   
                                                   "Shared Read Blocks": 947,                                                                
                                                   "Shared Dirtied Blocks": 0,                                                               
                                                   "Shared Written Blocks": 0,                                                               
                                                   "Local Hit Blocks": 0,                                                                    
                                                   "Local Read Blocks": 0,                                                                   
                                                   "Local Dirtied Blocks": 0,                                                                
                                                   "Local Written Blocks": 0,                                                                
                                                   "Temp Read Blocks": 0,                                                                    
                                                   "Temp Written Blocks": 0,                                                                 
                                                   "Plans": [                                                                                
                                                     {                                                                                       
                                                       "Node Type": "Seq Scan",                                                              
                                                       "Parent Relationship": "Outer",                                                       
                                                       "Parallel Aware": false,                                                              
                                                       "Relation Name": "keyword",                                                           
                                                       "Alias": "k",                                                                         
                                                       "Startup Cost": 0.00,                                                                 
                                                       "Total Cost": 49.46,                                                                  
                                                       "Plan Rows": 1,                                                                       
                                                       "Plan Width": 4,                                                                      
                                                       "Actual Startup Time": 23.609,                                                        
                                                       "Actual Total Time": 83.564,                                                          
                                                       "Actual Rows": 1,                                                                     
                                                       "Actual Loops": 1,                                                                    
                                                       "Filter": "(keyword = 'sequel'::text)",                                               
                                                       "Rows Removed by Filter": 134169,                                                     
                                                       "Shared Hit Blocks": 2,                                                               
                                                       "Shared Read Blocks": 947,                                                            
                                                       "Shared Dirtied Blocks": 0,                                                           
                                                       "Shared Written Blocks": 0,                                                           
                                                       "Local Hit Blocks": 0,                                                                
                                                       "Local Read Blocks": 0,                                                               
                                                       "Local Dirtied Blocks": 0,                                                            
                                                       "Local Written Blocks": 0,                                                            
                                                       "Temp Read Blocks": 0,                                                                
                                                       "Temp Written Blocks": 0                                                              
                                                     }                                                                                       
                                                   ]                                                                                         
                                                 }                                                                                           
                                               ]                                                                                             
                                             }                                                                                               
                                           ]                                                                                                 
                                         },                                                                                                  
                                         {                                                                                                   
                                           "Node Type": "Sort",                                                                              
                                           "Parent Relationship": "Inner",                                                                   
                                           "Parallel Aware": false,                                                                          
                                           "Startup Cost": 16.72,                                                                            
                                           "Total Cost": 16.85,                                                                              
                                           "Plan Rows": 1666,                                                                                
                                           "Plan Width": 16,                                                                                 
                                           "Actual Startup Time": 57.285,                                                                    
                                           "Actual Total Time": 57.403,                                                                      
                                           "Actual Rows": 2316,                                                                              
                                           "Actual Loops": 1,                                                                                
                                           "Sort Key": ["ml.movie_id"],                                                                      
                                           "Sort Method": "quicksort",                                                                       
                                           "Sort Space Used": 205,                                                                           
                                           "Sort Space Type": "Memory",                                                                      
                                           "Shared Hit Blocks": 3,                                                                           
                                           "Shared Read Blocks": 161,                                                                        
                                           "Shared Dirtied Blocks": 0,                                                                       
                                           "Shared Written Blocks": 0,                                                                       
                                           "Local Hit Blocks": 0,                                                                            
                                           "Local Read Blocks": 0,                                                                           
                                           "Local Dirtied Blocks": 0,                                                                        
                                           "Local Written Blocks": 0,                                                                        
                                           "Temp Read Blocks": 0,                                                                            
                                           "Temp Written Blocks": 0,                                                                         
                                           "Plans": [                                                                                        
                                             {                                                                                               
                                               "Node Type": "Nested Loop",                                                                   
                                               "Parent Relationship": "Outer",                                                               
                                               "Parallel Aware": false,                                                                      
                                               "Join Type": "Inner",                                                                         
                                               "Startup Cost": 0.00,                                                                         
                                               "Total Cost": 13.95,                                                                          
                                               "Plan Rows": 1666,                                                                            
                                               "Plan Width": 16,                                                                             
                                               "Actual Startup Time": 0.046,                                                                 
                                               "Actual Total Time": 56.350,                                                                  
                                               "Actual Rows": 2315,                                                                          
                                               "Actual Loops": 1,                                                                            
                                               "Inner Unique": true,                                                                         
                                               "Join Filter": "(lt.id = ml.link_type_id)",                                                   
                                               "Rows Removed by Join Filter": 56521,                                                         
                                               "Shared Hit Blocks": 3,                                                                       
                                               "Shared Read Blocks": 161,                                                                    
                                               "Shared Dirtied Blocks": 0,                                                                   
                                               "Shared Written Blocks": 0,                                                                   
                                               "Local Hit Blocks": 0,                                                                        
                                               "Local Read Blocks": 0,                                                                       
                                               "Local Dirtied Blocks": 0,                                                                    
                                               "Local Written Blocks": 0,                                                                    
                                               "Temp Read Blocks": 0,                                                                        
                                               "Temp Written Blocks": 0,                                                                     
                                               "Plans": [                                                                                    
                                                 {                                                                                           
                                                   "Node Type": "Seq Scan",                                                                  
                                                   "Parent Relationship": "Outer",                                                           
                                                   "Parallel Aware": false,                                                                  
                                                   "Relation Name": "movie_link",                                                            
                                                   "Alias": "ml",                                                                            
                                                   "Startup Cost": 0.00,                                                                     
                                                   "Total Cost": 7.19,                                                                       
                                                   "Plan Rows": 29997,                                                                       
                                                   "Plan Width": 8,                                                                          
                                                   "Actual Startup Time": 0.006,                                                             
                                                   "Actual Total Time": 26.318,                                                              
                                                   "Actual Rows": 29997,                                                                     
                                                   "Actual Loops": 1,                                                                        
                                                   "Shared Hit Blocks": 2,                                                                   
                                                   "Shared Read Blocks": 161,                                                                
                                                   "Shared Dirtied Blocks": 0,                                                               
                                                   "Shared Written Blocks": 0,                                                               
                                                   "Local Hit Blocks": 0,                                                                    
                                                   "Local Read Blocks": 0,                                                                   
                                                   "Local Dirtied Blocks": 0,                                                                
                                                   "Local Written Blocks": 0,                                                                
                                                   "Temp Read Blocks": 0,                                                                    
                                                   "Temp Written Blocks": 0                                                                  
                                                 },                                                                                          
                                                 {                                                                                           
                                                   "Node Type": "Materialize",                                                               
                                                   "Parent Relationship": "Inner",                                                           
                                                   "Parallel Aware": false,                                                                  
                                                   "Startup Cost": 0.00,                                                                     
                                                   "Total Cost": 0.03,                                                                       
                                                   "Plan Rows": 1,                                                                           
                                                   "Plan Width": 16,                                                                         
                                                   "Actual Startup Time": 0.000,                                                             
                                                   "Actual Total Time": 0.000,                                                               
                                                   "Actual Rows": 2,                                                                         
                                                   "Actual Loops": 29997,                                                                    
                                                   "Shared Hit Blocks": 1,                                                                   
                                                   "Shared Read Blocks": 0,                                                                  
                                                   "Shared Dirtied Blocks": 0,                                                               
                                                   "Shared Written Blocks": 0,                                                               
                                                   "Local Hit Blocks": 0,                                                                    
                                                   "Local Read Blocks": 0,                                                                   
                                                   "Local Dirtied Blocks": 0,                                                                
                                                   "Local Written Blocks": 0,                                                                
                                                   "Temp Read Blocks": 0,                                                                    
                                                   "Temp Written Blocks": 0,                                                                 
                                                   "Plans": [                                                                                
                                                     {                                                                                       
                                                       "Node Type": "Seq Scan",                                                              
                                                       "Parent Relationship": "Outer",                                                       
                                                       "Parallel Aware": false,                                                              
                                                       "Relation Name": "link_type",                                                         
                                                       "Alias": "lt",                                                                        
                                                       "Startup Cost": 0.00,                                                                 
                                                       "Total Cost": 0.03,                                                                   
                                                       "Plan Rows": 1,                                                                       
                                                       "Plan Width": 16,                                                                     
                                                       "Actual Startup Time": 0.008,                                                         
                                                       "Actual Total Time": 0.012,                                                           
                                                       "Actual Rows": 2,                                                                     
                                                       "Actual Loops": 1,                                                                    
                                                       "Filter": "((link)::text ~~ '%follow%'::text)",                                       
                                                       "Rows Removed by Filter": 16,                                                         
                                                       "Shared Hit Blocks": 1,                                                               
                                                       "Shared Read Blocks": 0,                                                              
                                                       "Shared Dirtied Blocks": 0,                                                           
                                                       "Shared Written Blocks": 0,                                                           
                                                       "Local Hit Blocks": 0,                                                                
                                                       "Local Read Blocks": 0,                                                               
                                                       "Local Dirtied Blocks": 0,                                                            
                                                       "Local Written Blocks": 0,                                                            
                                                       "Temp Read Blocks": 0,                                                                
                                                       "Temp Written Blocks": 0                                                              
                                                     }                                                                                       
                                                   ]                                                                                         
                                                 }                                                                                           
                                               ]                                                                                             
                                             }                                                                                               
                                           ]                                                                                                 
                                         }                                                                                                   
                                       ]                                                                                                     
                                     }                                                                                                       
                                   ]                                                                                                         
                                 }                                                                                                           
                               ]                                                                                                             
                             }                                                                                                               
                           ]                                                                                                                 
                         }                                                                                                                   
                       ]                                                                                                                     
                     },                                                                                                                      
                     {                                                                                                                       
                       "Node Type": "Materialize",                                                                                           
                       "Parent Relationship": "Inner",                                                                                       
                       "Parallel Aware": false,                                                                                              
                       "Startup Cost": 0.00,                                                                                                 
                       "Total Cost": 0.03,                                                                                                   
                       "Plan Rows": 1,                                                                                                       
                       "Plan Width": 4,                                                                                                      
                       "Actual Startup Time": 0.000,                                                                                         
                       "Actual Total Time": 0.000,                                                                                           
                       "Actual Rows": 1,                                                                                                     
                       "Actual Loops": 422,                                                                                                  
                       "Shared Hit Blocks": 1,                                                                                               
                       "Shared Read Blocks": 0,                                                                                              
                       "Shared Dirtied Blocks": 0,                                                                                           
                       "Shared Written Blocks": 0,                                                                                           
                       "Local Hit Blocks": 0,                                                                                                
                       "Local Read Blocks": 0,                                                                                               
                       "Local Dirtied Blocks": 0,                                                                                            
                       "Local Written Blocks": 0,                                                                                            
                       "Temp Read Blocks": 0,                                                                                                
                       "Temp Written Blocks": 0,                                                                                             
                       "Plans": [                                                                                                            
                         {                                                                                                                   
                           "Node Type": "Seq Scan",                                                                                          
                           "Parent Relationship": "Outer",                                                                                   
                           "Parallel Aware": false,                                                                                          
                           "Relation Name": "company_type",                                                                                  
                           "Alias": "ct",                                                                                                    
                           "Startup Cost": 0.00,                                                                                             
                           "Total Cost": 0.03,                                                                                               
                           "Plan Rows": 1,                                                                                                   
                           "Plan Width": 4,                                                                                                  
                           "Actual Startup Time": 0.007,                                                                                     
                           "Actual Total Time": 0.008,                                                                                       
                           "Actual Rows": 1,                                                                                                 
                           "Actual Loops": 1,                                                                                                
                           "Filter": "((kind)::text = 'production companies'::text)",                                                        
                           "Rows Removed by Filter": 3,                                                                                      
                           "Shared Hit Blocks": 1,                                                                                           
                           "Shared Read Blocks": 0,                                                                                          
                           "Shared Dirtied Blocks": 0,                                                                                       
                           "Shared Written Blocks": 0,                                                                                       
                           "Local Hit Blocks": 0,                                                                                            
                           "Local Read Blocks": 0,                                                                                           
                           "Local Dirtied Blocks": 0,                                                                                        
                           "Local Written Blocks": 0,                                                                                        
                           "Temp Read Blocks": 0,                                                                                            
                           "Temp Written Blocks": 0                                                                                          
                         }                                                                                                                   
                       ]                                                                                                                     
                     }                                                                                                                       
                   ]                                                                                                                         
                 }                                                                                                                           
               ]                                                                                                                             
             }                                                                                                                               
           ]                                                                                                                                 
         }                                                                                                                                   
       ]                                                                                                                                     
     },                                                                                                                                      
     "Planning Time": 3635.699,                                                                                                              
     "Triggers": [                                                                                                                           
     ],                                                                                                                                      
     "Execution Time": 104525.439                                                                                                            
   }                                                                                                                                         
 ]
