 [                                                                                                                                   
   {                                                                                                                                 
     "Plan": {                                                                                                                       
       "Node Type": "Aggregate",                                                                                                     
       "Strategy": "Plain",                                                                                                          
       "Partial Mode": "Simple",                                                                                                     
       "Parallel Aware": false,                                                                                                      
       "Startup Cost": 4208.92,                                                                                                      
       "Total Cost": 4208.92,                                                                                                        
       "Plan Rows": 1,                                                                                                               
       "Plan Width": 96,                                                                                                             
       "Actual Startup Time": 7838.314,                                                                                              
       "Actual Total Time": 7838.314,                                                                                                
       "Actual Rows": 1,                                                                                                             
       "Actual Loops": 1,                                                                                                            
       "Shared Hit Blocks": 19,                                                                                                      
       "Shared Read Blocks": 83334,                                                                                                  
       "Shared Dirtied Blocks": 0,                                                                                                   
       "Shared Written Blocks": 0,                                                                                                   
       "Local Hit Blocks": 0,                                                                                                        
       "Local Read Blocks": 0,                                                                                                       
       "Local Dirtied Blocks": 0,                                                                                                    
       "Local Written Blocks": 0,                                                                                                    
       "Temp Read Blocks": 0,                                                                                                        
       "Temp Written Blocks": 0,                                                                                                     
       "Plans": [                                                                                                                    
         {                                                                                                                           
           "Node Type": "Nested Loop",                                                                                               
           "Parent Relationship": "Outer",                                                                                           
           "Parallel Aware": false,                                                                                                  
           "Join Type": "Inner",                                                                                                     
           "Startup Cost": 3671.11,                                                                                                  
           "Total Cost": 4208.92,                                                                                                    
           "Plan Rows": 1,                                                                                                           
           "Plan Width": 48,                                                                                                         
           "Actual Startup Time": 7158.508,                                                                                          
           "Actual Total Time": 7838.246,                                                                                            
           "Actual Rows": 14,                                                                                                        
           "Actual Loops": 1,                                                                                                        
           "Inner Unique": true,                                                                                                     
           "Join Filter": "(mk.keyword_id = k.id)",                                                                                  
           "Rows Removed by Join Filter": 42,                                                                                        
           "Shared Hit Blocks": 19,                                                                                                  
           "Shared Read Blocks": 83334,                                                                                              
           "Shared Dirtied Blocks": 0,                                                                                               
           "Shared Written Blocks": 0,                                                                                               
           "Local Hit Blocks": 0,                                                                                                    
           "Local Read Blocks": 0,                                                                                                   
           "Local Dirtied Blocks": 0,                                                                                                
           "Local Written Blocks": 0,                                                                                                
           "Temp Read Blocks": 0,                                                                                                    
           "Temp Written Blocks": 0,                                                                                                 
           "Plans": [                                                                                                                
             {                                                                                                                       
               "Node Type": "Nested Loop",                                                                                           
               "Parent Relationship": "Outer",                                                                                       
               "Parallel Aware": false,                                                                                              
               "Join Type": "Inner",                                                                                                 
               "Startup Cost": 3671.11,                                                                                              
               "Total Cost": 4159.46,                                                                                                
               "Plan Rows": 1,                                                                                                       
               "Plan Width": 52,                                                                                                     
               "Actual Startup Time": 7075.897,                                                                                      
               "Actual Total Time": 7755.632,                                                                                        
               "Actual Rows": 56,                                                                                                    
               "Actual Loops": 1,                                                                                                    
               "Inner Unique": false,                                                                                                
               "Join Filter": "(mc.company_id = cn.id)",                                                                             
               "Rows Removed by Join Filter": 4057312,                                                                               
               "Shared Hit Blocks": 17,                                                                                              
               "Shared Read Blocks": 82387,                                                                                          
               "Shared Dirtied Blocks": 0,                                                                                           
               "Shared Written Blocks": 0,                                                                                           
               "Local Hit Blocks": 0,                                                                                                
               "Local Read Blocks": 0,                                                                                               
               "Local Dirtied Blocks": 0,                                                                                            
               "Local Written Blocks": 0,                                                                                            
               "Temp Read Blocks": 0,                                                                                                
               "Temp Written Blocks": 0,                                                                                             
               "Plans": [                                                                                                            
                 {                                                                                                                   
                   "Node Type": "Seq Scan",                                                                                          
                   "Parent Relationship": "Outer",                                                                                   
                   "Parallel Aware": false,                                                                                          
                   "Relation Name": "company_name",                                                                                  
                   "Alias": "cn",                                                                                                    
                   "Startup Cost": 0.00,                                                                                             
                   "Total Cost": 164.90,                                                                                             
                   "Plan Rows": 49161,                                                                                               
                   "Plan Width": 23,                                                                                                 
                   "Actual Startup Time": 21.344,                                                                                    
                   "Actual Total Time": 132.895,                                                                                     
                   "Actual Rows": 48302,                                                                                             
                   "Actual Loops": 1,                                                                                                
                   "Filter": "(((country_code)::text <> '[pl]'::text) AND ((name ~~ '%Film%'::text) OR (name ~~ '%Warner%'::text)))",
                   "Rows Removed by Filter": 186695,                                                                                 
                   "Shared Hit Blocks": 2,                                                                                           
                   "Shared Read Blocks": 2992,                                                                                       
                   "Shared Dirtied Blocks": 0,                                                                                       
                   "Shared Written Blocks": 0,                                                                                       
                   "Local Hit Blocks": 0,                                                                                            
                   "Local Read Blocks": 0,                                                                                           
                   "Local Dirtied Blocks": 0,                                                                                        
                   "Local Written Blocks": 0,                                                                                        
                   "Temp Read Blocks": 0,                                                                                            
                   "Temp Written Blocks": 0                                                                                          
                 },                                                                                                                  
                 {                                                                                                                   
                   "Node Type": "Materialize",                                                                                       
                   "Parent Relationship": "Inner",                                                                                   
                   "Parallel Aware": false,                                                                                          
                   "Startup Cost": 3671.11,                                                                                          
                   "Total Cost": 3983.53,                                                                                            
                   "Plan Rows": 1,                                                                                                   
                   "Plan Width": 37,                                                                                                 
                   "Actual Startup Time": 0.076,                                                                                     
                   "Actual Total Time": 0.149,                                                                                       
                   "Actual Rows": 84,                                                                                                
                   "Actual Loops": 48302,                                                                                            
                   "Shared Hit Blocks": 15,                                                                                          
                   "Shared Read Blocks": 79395,                                                                                      
                   "Shared Dirtied Blocks": 0,                                                                                       
                   "Shared Written Blocks": 0,                                                                                       
                   "Local Hit Blocks": 0,                                                                                            
                   "Local Read Blocks": 0,                                                                                           
                   "Local Dirtied Blocks": 0,                                                                                        
                   "Local Written Blocks": 0,                                                                                        
                   "Temp Read Blocks": 0,                                                                                            
                   "Temp Written Blocks": 0,                                                                                         
                   "Plans": [                                                                                                        
                     {                                                                                                               
                       "Node Type": "Merge Join",                                                                                    
                       "Parent Relationship": "Outer",                                                                               
                       "Parallel Aware": false,                                                                                      
                       "Join Type": "Inner",                                                                                         
                       "Startup Cost": 3671.11,                                                                                      
                       "Total Cost": 3983.53,                                                                                        
                       "Plan Rows": 1,                                                                                               
                       "Plan Width": 37,                                                                                             
                       "Actual Startup Time": 3670.869,                                                                              
                       "Actual Total Time": 7007.357,                                                                                
                       "Actual Rows": 84,                                                                                            
                       "Actual Loops": 1,                                                                                            
                       "Inner Unique": false,                                                                                        
                       "Merge Cond": "(t.id = ml.movie_id)",                                                                         
                       "Shared Hit Blocks": 15,                                                                                      
                       "Shared Read Blocks": 79395,                                                                                  
                       "Shared Dirtied Blocks": 0,                                                                                   
                       "Shared Written Blocks": 0,                                                                                   
                       "Local Hit Blocks": 0,                                                                                        
                       "Local Read Blocks": 0,                                                                                       
                       "Local Dirtied Blocks": 0,                                                                                    
                       "Local Written Blocks": 0,                                                                                    
                       "Temp Read Blocks": 0,                                                                                        
                       "Temp Written Blocks": 0,                                                                                     
                       "Plans": [                                                                                                    
                         {                                                                                                           
                           "Node Type": "Nested Loop",                                                                               
                           "Parent Relationship": "Outer",                                                                           
                           "Parallel Aware": false,                                                                                  
                           "Join Type": "Inner",                                                                                     
                           "Startup Cost": 3654.39,                                                                                  
                           "Total Cost": 8180.65,                                                                                    
                           "Plan Rows": 29,                                                                                          
                           "Plan Width": 37,                                                                                         
                           "Actual Startup Time": 3615.801,                                                                          
                           "Actual Total Time": 6952.214,                                                                            
                           "Actual Rows": 13,                                                                                        
                           "Actual Loops": 1,                                                                                        
                           "Inner Unique": false,                                                                                    
                           "Join Filter": "(t.id = mk.movie_id)",                                                                    
                           "Rows Removed by Join Filter": 14167618,                                                                  
                           "Shared Hit Blocks": 12,                                                                                  
                           "Shared Read Blocks": 79234,                                                                              
                           "Shared Dirtied Blocks": 0,                                                                               
                           "Shared Written Blocks": 0,                                                                               
                           "Local Hit Blocks": 0,                                                                                    
                           "Local Read Blocks": 0,                                                                                   
                           "Local Dirtied Blocks": 0,                                                                                
                           "Local Written Blocks": 0,                                                                                
                           "Temp Read Blocks": 0,                                                                                    
                           "Temp Written Blocks": 0,                                                                                 
                           "Plans": [                                                                                                
                             {                                                                                                       
                               "Node Type": "Merge Join",                                                                            
                               "Parent Relationship": "Outer",                                                                       
                               "Parallel Aware": false,                                                                              
                               "Join Type": "Inner",                                                                                 
                               "Startup Cost": 3654.39,                                                                              
                               "Total Cost": 3703.77,                                                                                
                               "Plan Rows": 3,                                                                                       
                               "Plan Width": 29,                                                                                     
                               "Actual Startup Time": 3554.029,                                                                      
                               "Actual Total Time": 3594.207,                                                                        
                               "Actual Rows": 4,                                                                                     
                               "Actual Loops": 1,                                                                                    
                               "Inner Unique": true,                                                                                 
                               "Merge Cond": "(mc.movie_id = t.id)",                                                                 
                               "Shared Hit Blocks": 9,                                                                               
                               "Shared Read Blocks": 54783,                                                                          
                               "Shared Dirtied Blocks": 0,                                                                           
                               "Shared Written Blocks": 0,                                                                           
                               "Local Hit Blocks": 0,                                                                                
                               "Local Read Blocks": 0,                                                                               
                               "Local Dirtied Blocks": 0,                                                                            
                               "Local Written Blocks": 0,                                                                            
                               "Temp Read Blocks": 0,                                                                                
                               "Temp Written Blocks": 0,                                                                             
                               "Plans": [                                                                                            
                                 {                                                                                                   
                                   "Node Type": "Sort",                                                                              
                                   "Parent Relationship": "Outer",                                                                   
                                   "Parallel Aware": false,                                                                          
                                   "Startup Cost": 1957.82,                                                                          
                                   "Total Cost": 1982.51,                                                                            
                                   "Plan Rows": 317997,                                                                              
                                   "Plan Width": 8,                                                                                  
                                   "Actual Startup Time": 1830.467,                                                                  
                                   "Actual Total Time": 1844.866,                                                                    
                                   "Actual Rows": 319501,                                                                            
                                   "Actual Loops": 1,                                                                                
                                   "Sort Key": ["mc.movie_id"],                                                                      
                                   "Sort Method": "quicksort",                                                                       
                                   "Sort Space Used": 105118,                                                                        
                                   "Sort Space Type": "Memory",                                                                      
                                   "Shared Hit Blocks": 8,                                                                           
                                   "Shared Read Blocks": 18786,                                                                      
                                   "Shared Dirtied Blocks": 0,                                                                       
                                   "Shared Written Blocks": 0,                                                                       
                                   "Local Hit Blocks": 0,                                                                            
                                   "Local Read Blocks": 0,                                                                           
                                   "Local Dirtied Blocks": 0,                                                                        
                                   "Local Written Blocks": 0,                                                                        
                                   "Temp Read Blocks": 0,                                                                            
                                   "Temp Written Blocks": 0,                                                                         
                                   "Plans": [                                                                                        
                                     {                                                                                               
                                       "Node Type": "Nested Loop",                                                                   
                                       "Parent Relationship": "Outer",                                                               
                                       "Parallel Aware": false,                                                                      
                                       "Join Type": "Inner",                                                                         
                                       "Startup Cost": 0.00,                                                                         
                                       "Total Cost": 1055.25,                                                                        
                                       "Plan Rows": 317997,                                                                          
                                       "Plan Width": 8,                                                                              
                                       "Actual Startup Time": 666.544,                                                               
                                       "Actual Total Time": 1383.583,                                                                
                                       "Actual Rows": 1193928,                                                                       
                                       "Actual Loops": 1,                                                                            
                                       "Inner Unique": true,                                                                         
                                       "Join Filter": "(ct.id = mc.company_type_id)",                                                
                                       "Rows Removed by Join Filter": 78061,                                                         
                                       "Shared Hit Blocks": 4,                                                                       
                                       "Shared Read Blocks": 18786,                                                                  
                                       "Shared Dirtied Blocks": 0,                                                                   
                                       "Shared Written Blocks": 0,                                                                   
                                       "Local Hit Blocks": 0,                                                                        
                                       "Local Read Blocks": 0,                                                                       
                                       "Local Dirtied Blocks": 0,                                                                    
                                       "Local Written Blocks": 0,                                                                    
                                       "Temp Read Blocks": 0,                                                                        
                                       "Temp Written Blocks": 0,                                                                     
                                       "Plans": [                                                                                    
                                         {                                                                                           
                                           "Node Type": "Seq Scan",                                                                  
                                           "Parent Relationship": "Outer",                                                           
                                           "Parallel Aware": false,                                                                  
                                           "Relation Name": "movie_companies",                                                       
                                           "Alias": "mc",                                                                            
                                           "Startup Cost": 0.00,                                                                     
                                           "Total Cost": 769.75,                                                                     
                                           "Plan Rows": 1271989,                                                                     
                                           "Plan Width": 12,                                                                         
                                           "Actual Startup Time": 0.055,                                                             
                                           "Actual Total Time": 921.037,                                                             
                                           "Actual Rows": 1271989,                                                                   
                                           "Actual Loops": 1,                                                                        
                                           "Filter": "(note IS NULL)",                                                               
                                           "Rows Removed by Filter": 1337140,                                                        
                                           "Shared Hit Blocks": 3,                                                                   
                                           "Shared Read Blocks": 18786,                                                              
                                           "Shared Dirtied Blocks": 0,                                                               
                                           "Shared Written Blocks": 0,                                                               
                                           "Local Hit Blocks": 0,                                                                    
                                           "Local Read Blocks": 0,                                                                   
                                           "Local Dirtied Blocks": 0,                                                                
                                           "Local Written Blocks": 0,                                                                
                                           "Temp Read Blocks": 0,                                                                    
                                           "Temp Written Blocks": 0                                                                  
                                         },                                                                                          
                                         {                                                                                           
                                           "Node Type": "Materialize",                                                               
                                           "Parent Relationship": "Inner",                                                           
                                           "Parallel Aware": false,                                                                  
                                           "Startup Cost": 0.00,                                                                     
                                           "Total Cost": 0.03,                                                                       
                                           "Plan Rows": 1,                                                                           
                                           "Plan Width": 4,                                                                          
                                           "Actual Startup Time": 0.000,                                                             
                                           "Actual Total Time": 0.000,                                                               
                                           "Actual Rows": 1,                                                                         
                                           "Actual Loops": 1271989,                                                                  
                                           "Shared Hit Blocks": 1,                                                                   
                                           "Shared Read Blocks": 0,                                                                  
                                           "Shared Dirtied Blocks": 0,                                                               
                                           "Shared Written Blocks": 0,                                                               
                                           "Local Hit Blocks": 0,                                                                    
                                           "Local Read Blocks": 0,                                                                   
                                           "Local Dirtied Blocks": 0,                                                                
                                           "Local Written Blocks": 0,                                                                
                                           "Temp Read Blocks": 0,                                                                    
                                           "Temp Written Blocks": 0,                                                                 
                                           "Plans": [                                                                                
                                             {                                                                                       
                                               "Node Type": "Seq Scan",                                                              
                                               "Parent Relationship": "Outer",                                                       
                                               "Parallel Aware": false,                                                              
                                               "Relation Name": "company_type",                                                      
                                               "Alias": "ct",                                                                        
                                               "Startup Cost": 0.00,                                                                 
                                               "Total Cost": 0.03,                                                                   
                                               "Plan Rows": 1,                                                                       
                                               "Plan Width": 4,                                                                      
                                               "Actual Startup Time": 0.010,                                                         
                                               "Actual Total Time": 0.012,                                                           
                                               "Actual Rows": 1,                                                                     
                                               "Actual Loops": 1,                                                                    
                                               "Filter": "((kind)::text = 'production companies'::text)",                            
                                               "Rows Removed by Filter": 3,                                                          
                                               "Shared Hit Blocks": 1,                                                               
                                               "Shared Read Blocks": 0,                                                              
                                               "Shared Dirtied Blocks": 0,                                                           
                                               "Shared Written Blocks": 0,                                                           
                                               "Local Hit Blocks": 0,                                                                
                                               "Local Read Blocks": 0,                                                               
                                               "Local Dirtied Blocks": 0,                                                            
                                               "Local Written Blocks": 0,                                                            
                                               "Temp Read Blocks": 0,                                                                
                                               "Temp Written Blocks": 0                                                              
                                             }                                                                                       
                                           ]                                                                                         
                                         }                                                                                           
                                       ]                                                                                             
                                     }                                                                                               
                                   ]                                                                                                 
                                 },                                                                                                  
                                 {                                                                                                   
                                   "Node Type": "Sort",                                                                              
                                   "Parent Relationship": "Inner",                                                                   
                                   "Parallel Aware": false,                                                                          
                                   "Startup Cost": 1696.57,                                                                          
                                   "Total Cost": 1696.58,                                                                            
                                   "Plan Rows": 24,                                                                                  
                                   "Plan Width": 21,                                                                                 
                                   "Actual Startup Time": 1718.928,                                                                  
                                   "Actual Total Time": 1718.931,                                                                    
                                   "Actual Rows": 16,                                                                                
                                   "Actual Loops": 1,                                                                                
                                   "Sort Key": ["t.id"],                                                                             
                                   "Sort Method": "quicksort",                                                                       
                                   "Sort Space Used": 27,                                                                            
                                   "Sort Space Type": "Memory",                                                                      
                                   "Shared Hit Blocks": 1,                                                                           
                                   "Shared Read Blocks": 35997,                                                                      
                                   "Shared Dirtied Blocks": 0,                                                                       
                                   "Shared Written Blocks": 0,                                                                       
                                   "Local Hit Blocks": 0,                                                                            
                                   "Local Read Blocks": 0,                                                                           
                                   "Local Dirtied Blocks": 0,                                                                        
                                   "Local Written Blocks": 0,                                                                        
                                   "Temp Read Blocks": 0,                                                                            
                                   "Temp Written Blocks": 0,                                                                         
                                   "Plans": [                                                                                        
                                     {                                                                                               
                                       "Node Type": "Seq Scan",                                                                      
                                       "Parent Relationship": "Outer",                                                               
                                       "Parallel Aware": false,                                                                      
                                       "Relation Name": "title",                                                                     
                                       "Alias": "t",                                                                                 
                                       "Startup Cost": 0.00,                                                                         
                                       "Total Cost": 1696.56,                                                                        
                                       "Plan Rows": 24,                                                                              
                                       "Plan Width": 21,                                                                             
                                       "Actual Startup Time": 61.083,                                                                
                                       "Actual Total Time": 1718.725,                                                                
                                       "Actual Rows": 36,                                                                            
                                       "Actual Loops": 1,                                                                            
                                       "Filter": "((title ~~ '%Money%'::text) AND (production_year = 1998))",                        
                                       "Rows Removed by Filter": 2528276,                                                            
                                       "Shared Hit Blocks": 1,                                                                       
                                       "Shared Read Blocks": 35997,                                                                  
                                       "Shared Dirtied Blocks": 0,                                                                   
                                       "Shared Written Blocks": 0,                                                                   
                                       "Local Hit Blocks": 0,                                                                        
                                       "Local Read Blocks": 0,                                                                       
                                       "Local Dirtied Blocks": 0,                                                                    
                                       "Local Written Blocks": 0,                                                                    
                                       "Temp Read Blocks": 0,                                                                        
                                       "Temp Written Blocks": 0                                                                      
                                     }                                                                                               
                                   ]                                                                                                 
                                 }                                                                                                   
                               ]                                                                                                     
                             },                                                                                                      
                             {                                                                                                       
                               "Node Type": "Materialize",                                                                           
                               "Parent Relationship": "Inner",                                                                       
                               "Parallel Aware": false,                                                                              
                               "Startup Cost": 0.00,                                                                                 
                               "Total Cost": 1782.31,                                                                                
                               "Plan Rows": 4523930,                                                                                 
                               "Plan Width": 8,                                                                                      
                               "Actual Startup Time": 0.004,                                                                         
                               "Actual Total Time": 518.423,                                                                         
                               "Actual Rows": 3541908,                                                                               
                               "Actual Loops": 4,                                                                                    
                               "Shared Hit Blocks": 3,                                                                               
                               "Shared Read Blocks": 24451,                                                                          
                               "Shared Dirtied Blocks": 0,                                                                           
                               "Shared Written Blocks": 0,                                                                           
                               "Local Hit Blocks": 0,                                                                                
                               "Local Read Blocks": 0,                                                                               
                               "Local Dirtied Blocks": 0,                                                                            
                               "Local Written Blocks": 0,                                                                            
                               "Temp Read Blocks": 0,                                                                                
                               "Temp Written Blocks": 0,                                                                             
                               "Plans": [                                                                                            
                                 {                                                                                                   
                                   "Node Type": "Seq Scan",                                                                          
                                   "Parent Relationship": "Outer",                                                                   
                                   "Parallel Aware": false,                                                                          
                                   "Relation Name": "movie_keyword",                                                                 
                                   "Alias": "mk",                                                                                    
                                   "Startup Cost": 0.00,                                                                             
                                   "Total Cost": 1079.84,                                                                            
                                   "Plan Rows": 4523930,                                                                             
                                   "Plan Width": 8,                                                                                  
                                   "Actual Startup Time": 0.009,                                                                     
                                   "Actual Total Time": 790.429,                                                                     
                                   "Actual Rows": 4523930,                                                                           
                                   "Actual Loops": 1,                                                                                
                                   "Shared Hit Blocks": 3,                                                                           
                                   "Shared Read Blocks": 24451,                                                                      
                                   "Shared Dirtied Blocks": 0,                                                                       
                                   "Shared Written Blocks": 0,                                                                       
                                   "Local Hit Blocks": 0,                                                                            
                                   "Local Read Blocks": 0,                                                                           
                                   "Local Dirtied Blocks": 0,                                                                        
                                   "Local Written Blocks": 0,                                                                        
                                   "Temp Read Blocks": 0,                                                                            
                                   "Temp Written Blocks": 0                                                                          
                                 }                                                                                                   
                               ]                                                                                                     
                             }                                                                                                       
                           ]                                                                                                         
                         },                                                                                                          
                         {                                                                                                           
                           "Node Type": "Sort",                                                                                      
                           "Parent Relationship": "Inner",                                                                           
                           "Parallel Aware": false,                                                                                  
                           "Startup Cost": 16.72,                                                                                    
                           "Total Cost": 16.85,                                                                                      
                           "Plan Rows": 1666,                                                                                        
                           "Plan Width": 16,                                                                                         
                           "Actual Startup Time": 54.896,                                                                            
                           "Actual Total Time": 54.962,                                                                              
                           "Actual Rows": 1235,                                                                                      
                           "Actual Loops": 1,                                                                                        
                           "Sort Key": ["ml.movie_id"],                                                                              
                           "Sort Method": "quicksort",                                                                               
                           "Sort Space Used": 103,                                                                                   
                           "Sort Space Type": "Memory",                                                                              
                           "Shared Hit Blocks": 3,                                                                                   
                           "Shared Read Blocks": 161,                                                                                
                           "Shared Dirtied Blocks": 0,                                                                               
                           "Shared Written Blocks": 0,                                                                               
                           "Local Hit Blocks": 0,                                                                                    
                           "Local Read Blocks": 0,                                                                                   
                           "Local Dirtied Blocks": 0,                                                                                
                           "Local Written Blocks": 0,                                                                                
                           "Temp Read Blocks": 0,                                                                                    
                           "Temp Written Blocks": 0,                                                                                 
                           "Plans": [                                                                                                
                             {                                                                                                       
                               "Node Type": "Nested Loop",                                                                           
                               "Parent Relationship": "Outer",                                                                       
                               "Parallel Aware": false,                                                                              
                               "Join Type": "Inner",                                                                                 
                               "Startup Cost": 0.00,                                                                                 
                               "Total Cost": 13.95,                                                                                  
                               "Plan Rows": 1666,                                                                                    
                               "Plan Width": 16,                                                                                     
                               "Actual Startup Time": 0.053,                                                                         
                               "Actual Total Time": 54.222,                                                                          
                               "Actual Rows": 1158,                                                                                  
                               "Actual Loops": 1,                                                                                    
                               "Inner Unique": true,                                                                                 
                               "Join Filter": "(lt.id = ml.link_type_id)",                                                           
                               "Rows Removed by Join Filter": 28839,                                                                 
                               "Shared Hit Blocks": 3,                                                                               
                               "Shared Read Blocks": 161,                                                                            
                               "Shared Dirtied Blocks": 0,                                                                           
                               "Shared Written Blocks": 0,                                                                           
                               "Local Hit Blocks": 0,                                                                                
                               "Local Read Blocks": 0,                                                                               
                               "Local Dirtied Blocks": 0,                                                                            
                               "Local Written Blocks": 0,                                                                            
                               "Temp Read Blocks": 0,                                                                                
                               "Temp Written Blocks": 0,                                                                             
                               "Plans": [                                                                                            
                                 {                                                                                                   
                                   "Node Type": "Seq Scan",                                                                          
                                   "Parent Relationship": "Outer",                                                                   
                                   "Parallel Aware": false,                                                                          
                                   "Relation Name": "movie_link",                                                                    
                                   "Alias": "ml",                                                                                    
                                   "Startup Cost": 0.00,                                                                             
                                   "Total Cost": 7.19,                                                                               
                                   "Plan Rows": 29997,                                                                               
                                   "Plan Width": 8,                                                                                  
                                   "Actual Startup Time": 0.006,                                                                     
                                   "Actual Total Time": 28.672,                                                                      
                                   "Actual Rows": 29997,                                                                             
                                   "Actual Loops": 1,                                                                                
                                   "Shared Hit Blocks": 2,                                                                           
                                   "Shared Read Blocks": 161,                                                                        
                                   "Shared Dirtied Blocks": 0,                                                                       
                                   "Shared Written Blocks": 0,                                                                       
                                   "Local Hit Blocks": 0,                                                                            
                                   "Local Read Blocks": 0,                                                                           
                                   "Local Dirtied Blocks": 0,                                                                        
                                   "Local Written Blocks": 0,                                                                        
                                   "Temp Read Blocks": 0,                                                                            
                                   "Temp Written Blocks": 0                                                                          
                                 },                                                                                                  
                                 {                                                                                                   
                                   "Node Type": "Materialize",                                                                       
                                   "Parent Relationship": "Inner",                                                                   
                                   "Parallel Aware": false,                                                                          
                                   "Startup Cost": 0.00,                                                                             
                                   "Total Cost": 0.03,                                                                               
                                   "Plan Rows": 1,                                                                                   
                                   "Plan Width": 16,                                                                                 
                                   "Actual Startup Time": 0.000,                                                                     
                                   "Actual Total Time": 0.000,                                                                       
                                   "Actual Rows": 1,                                                                                 
                                   "Actual Loops": 29997,                                                                            
                                   "Shared Hit Blocks": 1,                                                                           
                                   "Shared Read Blocks": 0,                                                                          
                                   "Shared Dirtied Blocks": 0,                                                                       
                                   "Shared Written Blocks": 0,                                                                       
                                   "Local Hit Blocks": 0,                                                                            
                                   "Local Read Blocks": 0,                                                                           
                                   "Local Dirtied Blocks": 0,                                                                        
                                   "Local Written Blocks": 0,                                                                        
                                   "Temp Read Blocks": 0,                                                                            
                                   "Temp Written Blocks": 0,                                                                         
                                   "Plans": [                                                                                        
                                     {                                                                                               
                                       "Node Type": "Seq Scan",                                                                      
                                       "Parent Relationship": "Outer",                                                               
                                       "Parallel Aware": false,                                                                      
                                       "Relation Name": "link_type",                                                                 
                                       "Alias": "lt",                                                                                
                                       "Startup Cost": 0.00,                                                                         
                                       "Total Cost": 0.03,                                                                           
                                       "Plan Rows": 1,                                                                               
                                       "Plan Width": 16,                                                                             
                                       "Actual Startup Time": 0.007,                                                                 
                                       "Actual Total Time": 0.010,                                                                   
                                       "Actual Rows": 1,                                                                             
                                       "Actual Loops": 1,                                                                            
                                       "Filter": "((link)::text ~~ '%follows%'::text)",                                              
                                       "Rows Removed by Filter": 17,                                                                 
                                       "Shared Hit Blocks": 1,                                                                       
                                       "Shared Read Blocks": 0,                                                                      
                                       "Shared Dirtied Blocks": 0,                                                                   
                                       "Shared Written Blocks": 0,                                                                   
                                       "Local Hit Blocks": 0,                                                                        
                                       "Local Read Blocks": 0,                                                                       
                                       "Local Dirtied Blocks": 0,                                                                    
                                       "Local Written Blocks": 0,                                                                    
                                       "Temp Read Blocks": 0,                                                                        
                                       "Temp Written Blocks": 0                                                                      
                                     }                                                                                               
                                   ]                                                                                                 
                                 }                                                                                                   
                               ]                                                                                                     
                             }                                                                                                       
                           ]                                                                                                         
                         }                                                                                                           
                       ]                                                                                                             
                     }                                                                                                               
                   ]                                                                                                                 
                 }                                                                                                                   
               ]                                                                                                                     
             },                                                                                                                      
             {                                                                                                                       
               "Node Type": "Materialize",                                                                                           
               "Parent Relationship": "Inner",                                                                                       
               "Parallel Aware": false,                                                                                              
               "Startup Cost": 0.00,                                                                                                 
               "Total Cost": 49.46,                                                                                                  
               "Plan Rows": 1,                                                                                                       
               "Plan Width": 4,                                                                                                      
               "Actual Startup Time": 0.410,                                                                                         
               "Actual Total Time": 1.475,                                                                                           
               "Actual Rows": 1,                                                                                                     
               "Actual Loops": 56,                                                                                                   
               "Shared Hit Blocks": 2,                                                                                               
               "Shared Read Blocks": 947,                                                                                            
               "Shared Dirtied Blocks": 0,                                                                                           
               "Shared Written Blocks": 0,                                                                                           
               "Local Hit Blocks": 0,                                                                                                
               "Local Read Blocks": 0,                                                                                               
               "Local Dirtied Blocks": 0,                                                                                            
               "Local Written Blocks": 0,                                                                                            
               "Temp Read Blocks": 0,                                                                                                
               "Temp Written Blocks": 0,                                                                                             
               "Plans": [                                                                                                            
                 {                                                                                                                   
                   "Node Type": "Seq Scan",                                                                                          
                   "Parent Relationship": "Outer",                                                                                   
                   "Parallel Aware": false,                                                                                          
                   "Relation Name": "keyword",                                                                                       
                   "Alias": "k",                                                                                                     
                   "Startup Cost": 0.00,                                                                                             
                   "Total Cost": 49.46,                                                                                              
                   "Plan Rows": 1,                                                                                                   
                   "Plan Width": 4,                                                                                                  
                   "Actual Startup Time": 22.937,                                                                                    
                   "Actual Total Time": 82.577,                                                                                      
                   "Actual Rows": 1,                                                                                                 
                   "Actual Loops": 1,                                                                                                
                   "Filter": "(keyword = 'sequel'::text)",                                                                           
                   "Rows Removed by Filter": 134169,                                                                                 
                   "Shared Hit Blocks": 2,                                                                                           
                   "Shared Read Blocks": 947,                                                                                        
                   "Shared Dirtied Blocks": 0,                                                                                       
                   "Shared Written Blocks": 0,                                                                                       
                   "Local Hit Blocks": 0,                                                                                            
                   "Local Read Blocks": 0,                                                                                           
                   "Local Dirtied Blocks": 0,                                                                                        
                   "Local Written Blocks": 0,                                                                                        
                   "Temp Read Blocks": 0,                                                                                            
                   "Temp Written Blocks": 0                                                                                          
                 }                                                                                                                   
               ]                                                                                                                     
             }                                                                                                                       
           ]                                                                                                                         
         }                                                                                                                           
       ]                                                                                                                             
     },                                                                                                                              
     "Planning Time": 3675.483,                                                                                                      
     "Triggers": [                                                                                                                   
     ],                                                                                                                              
     "Execution Time": 7951.522                                                                                                      
   }                                                                                                                                 
 ]
