 [                                                                                                                                                                        
   {                                                                                                                                                                      
     "Plan": {                                                                                                                                                            
       "Node Type": "Aggregate",                                                                                                                                          
       "Strategy": "Plain",                                                                                                                                               
       "Partial Mode": "Simple",                                                                                                                                          
       "Parallel Aware": false,                                                                                                                                           
       "Startup Cost": 9310.72,                                                                                                                                           
       "Total Cost": 9310.72,                                                                                                                                             
       "Plan Rows": 1,                                                                                                                                                    
       "Plan Width": 96,                                                                                                                                                  
       "Actual Startup Time": 2880119.411,                                                                                                                                
       "Actual Total Time": 2880119.412,                                                                                                                                  
       "Actual Rows": 1,                                                                                                                                                  
       "Actual Loops": 1,                                                                                                                                                 
       "Shared Hit Blocks": 19,                                                                                                                                           
       "Shared Read Blocks": 83334,                                                                                                                                       
       "Shared Dirtied Blocks": 0,                                                                                                                                        
       "Shared Written Blocks": 0,                                                                                                                                        
       "Local Hit Blocks": 0,                                                                                                                                             
       "Local Read Blocks": 0,                                                                                                                                            
       "Local Dirtied Blocks": 0,                                                                                                                                         
       "Local Written Blocks": 0,                                                                                                                                         
       "Temp Read Blocks": 0,                                                                                                                                             
       "Temp Written Blocks": 0,                                                                                                                                          
       "Plans": [                                                                                                                                                         
         {                                                                                                                                                                
           "Node Type": "Nested Loop",                                                                                                                                    
           "Parent Relationship": "Outer",                                                                                                                                
           "Parallel Aware": false,                                                                                                                                       
           "Join Type": "Inner",                                                                                                                                          
           "Startup Cost": 4256.86,                                                                                                                                       
           "Total Cost": 9310.72,                                                                                                                                         
           "Plan Rows": 1,                                                                                                                                                
           "Plan Width": 60,                                                                                                                                              
           "Actual Startup Time": 309592.750,                                                                                                                             
           "Actual Total Time": 2880116.896,                                                                                                                              
           "Actual Rows": 6946,                                                                                                                                           
           "Actual Loops": 1,                                                                                                                                             
           "Inner Unique": false,                                                                                                                                         
           "Join Filter": "(ml.movie_id = t.id)",                                                                                                                         
           "Rows Removed by Join Filter": 15887377420,                                                                                                                    
           "Shared Hit Blocks": 19,                                                                                                                                       
           "Shared Read Blocks": 83334,                                                                                                                                   
           "Shared Dirtied Blocks": 0,                                                                                                                                    
           "Shared Written Blocks": 0,                                                                                                                                    
           "Local Hit Blocks": 0,                                                                                                                                         
           "Local Read Blocks": 0,                                                                                                                                        
           "Local Dirtied Blocks": 0,                                                                                                                                     
           "Local Written Blocks": 0,                                                                                                                                     
           "Temp Read Blocks": 0,                                                                                                                                         
           "Temp Written Blocks": 0,                                                                                                                                      
           "Plans": [                                                                                                                                                     
             {                                                                                                                                                            
               "Node Type": "Seq Scan",                                                                                                                                   
               "Parent Relationship": "Outer",                                                                                                                            
               "Parallel Aware": false,                                                                                                                                   
               "Relation Name": "title",                                                                                                                                  
               "Alias": "t",                                                                                                                                              
               "Startup Cost": 0.00,                                                                                                                                      
               "Total Cost": 1500.26,                                                                                                                                     
               "Plan Rows": 2287272,                                                                                                                                      
               "Plan Width": 21,                                                                                                                                          
               "Actual Startup Time": 21.950,                                                                                                                             
               "Actual Total Time": 1018.227,                                                                                                                             
               "Actual Rows": 2287271,                                                                                                                                    
               "Actual Loops": 1,                                                                                                                                         
               "Filter": "(production_year > 1950)",                                                                                                                      
               "Rows Removed by Filter": 241041,                                                                                                                          
               "Shared Hit Blocks": 1,                                                                                                                                    
               "Shared Read Blocks": 35997,                                                                                                                               
               "Shared Dirtied Blocks": 0,                                                                                                                                
               "Shared Written Blocks": 0,                                                                                                                                
               "Local Hit Blocks": 0,                                                                                                                                     
               "Local Read Blocks": 0,                                                                                                                                    
               "Local Dirtied Blocks": 0,                                                                                                                                 
               "Local Written Blocks": 0,                                                                                                                                 
               "Temp Read Blocks": 0,                                                                                                                                     
               "Temp Written Blocks": 0                                                                                                                                   
             },                                                                                                                                                           
             {                                                                                                                                                            
               "Node Type": "Materialize",                                                                                                                                
               "Parent Relationship": "Inner",                                                                                                                            
               "Parallel Aware": false,                                                                                                                                   
               "Startup Cost": 4256.86,                                                                                                                                   
               "Total Cost": 7297.15,                                                                                                                                     
               "Plan Rows": 1,                                                                                                                                            
               "Plan Width": 55,                                                                                                                                          
               "Actual Startup Time": 0.128,                                                                                                                              
               "Actual Total Time": 0.439,                                                                                                                                
               "Actual Rows": 6946,                                                                                                                                       
               "Actual Loops": 2287271,                                                                                                                                   
               "Shared Hit Blocks": 18,                                                                                                                                   
               "Shared Read Blocks": 47337,                                                                                                                               
               "Shared Dirtied Blocks": 0,                                                                                                                                
               "Shared Written Blocks": 0,                                                                                                                                
               "Local Hit Blocks": 0,                                                                                                                                     
               "Local Read Blocks": 0,                                                                                                                                    
               "Local Dirtied Blocks": 0,                                                                                                                                 
               "Local Written Blocks": 0,                                                                                                                                 
               "Temp Read Blocks": 0,                                                                                                                                     
               "Temp Written Blocks": 0,                                                                                                                                  
               "Plans": [                                                                                                                                                 
                 {                                                                                                                                                        
                   "Node Type": "Nested Loop",                                                                                                                            
                   "Parent Relationship": "Outer",                                                                                                                        
                   "Parallel Aware": false,                                                                                                                               
                   "Join Type": "Inner",                                                                                                                                  
                   "Startup Cost": 4256.86,                                                                                                                               
                   "Total Cost": 7297.15,                                                                                                                                 
                   "Plan Rows": 1,                                                                                                                                        
                   "Plan Width": 55,                                                                                                                                      
                   "Actual Startup Time": 292487.380,                                                                                                                     
                   "Actual Total Time": 292507.193,                                                                                                                       
                   "Actual Rows": 6946,                                                                                                                                   
                   "Actual Loops": 1,                                                                                                                                     
                   "Inner Unique": false,                                                                                                                                 
                   "Join Filter": "(ml.link_type_id = lt.id)",                                                                                                            
                   "Rows Removed by Join Filter": 118082,                                                                                                                 
                   "Shared Hit Blocks": 18,                                                                                                                               
                   "Shared Read Blocks": 47337,                                                                                                                           
                   "Shared Dirtied Blocks": 0,                                                                                                                            
                   "Shared Written Blocks": 0,                                                                                                                            
                   "Local Hit Blocks": 0,                                                                                                                                 
                   "Local Read Blocks": 0,                                                                                                                                
                   "Local Dirtied Blocks": 0,                                                                                                                             
                   "Local Written Blocks": 0,                                                                                                                             
                   "Temp Read Blocks": 0,                                                                                                                                 
                   "Temp Written Blocks": 0,                                                                                                                              
                   "Plans": [                                                                                                                                             
                     {                                                                                                                                                    
                       "Node Type": "Seq Scan",                                                                                                                           
                       "Parent Relationship": "Outer",                                                                                                                    
                       "Parallel Aware": false,                                                                                                                           
                       "Relation Name": "link_type",                                                                                                                      
                       "Alias": "lt",                                                                                                                                     
                       "Startup Cost": 0.00,                                                                                                                              
                       "Total Cost": 0.03,                                                                                                                                
                       "Plan Rows": 18,                                                                                                                                   
                       "Plan Width": 4,                                                                                                                                   
                       "Actual Startup Time": 0.010,                                                                                                                      
                       "Actual Total Time": 0.015,                                                                                                                        
                       "Actual Rows": 18,                                                                                                                                 
                       "Actual Loops": 1,                                                                                                                                 
                       "Shared Hit Blocks": 1,                                                                                                                            
                       "Shared Read Blocks": 0,                                                                                                                           
                       "Shared Dirtied Blocks": 0,                                                                                                                        
                       "Shared Written Blocks": 0,                                                                                                                        
                       "Local Hit Blocks": 0,                                                                                                                             
                       "Local Read Blocks": 0,                                                                                                                            
                       "Local Dirtied Blocks": 0,                                                                                                                         
                       "Local Written Blocks": 0,                                                                                                                         
                       "Temp Read Blocks": 0,                                                                                                                             
                       "Temp Written Blocks": 0                                                                                                                           
                     },                                                                                                                                                   
                     {                                                                                                                                                    
                       "Node Type": "Materialize",                                                                                                                        
                       "Parent Relationship": "Inner",                                                                                                                    
                       "Parallel Aware": false,                                                                                                                           
                       "Startup Cost": 4256.86,                                                                                                                           
                       "Total Cost": 7297.11,                                                                                                                             
                       "Plan Rows": 1,                                                                                                                                    
                       "Plan Width": 59,                                                                                                                                  
                       "Actual Startup Time": 16236.648,                                                                                                                  
                       "Actual Total Time": 16249.559,                                                                                                                    
                       "Actual Rows": 6946,                                                                                                                               
                       "Actual Loops": 18,                                                                                                                                
                       "Shared Hit Blocks": 17,                                                                                                                           
                       "Shared Read Blocks": 47337,                                                                                                                       
                       "Shared Dirtied Blocks": 0,                                                                                                                        
                       "Shared Written Blocks": 0,                                                                                                                        
                       "Local Hit Blocks": 0,                                                                                                                             
                       "Local Read Blocks": 0,                                                                                                                            
                       "Local Dirtied Blocks": 0,                                                                                                                         
                       "Local Written Blocks": 0,                                                                                                                         
                       "Temp Read Blocks": 0,                                                                                                                             
                       "Temp Written Blocks": 0,                                                                                                                          
                       "Plans": [                                                                                                                                         
                         {                                                                                                                                                
                           "Node Type": "Nested Loop",                                                                                                                    
                           "Parent Relationship": "Outer",                                                                                                                
                           "Parallel Aware": false,                                                                                                                       
                           "Join Type": "Inner",                                                                                                                          
                           "Startup Cost": 4256.86,                                                                                                                       
                           "Total Cost": 7297.11,                                                                                                                         
                           "Plan Rows": 1,                                                                                                                                
                           "Plan Width": 59,                                                                                                                              
                           "Actual Startup Time": 292259.649,                                                                                                             
                           "Actual Total Time": 292484.835,                                                                                                               
                           "Actual Rows": 6946,                                                                                                                           
                           "Actual Loops": 1,                                                                                                                             
                           "Inner Unique": false,                                                                                                                         
                           "Join Filter": "(mc.company_id = cn.id)",                                                                                                      
                           "Rows Removed by Join Filter": 1320578,                                                                                                        
                           "Shared Hit Blocks": 17,                                                                                                                       
                           "Shared Read Blocks": 47337,                                                                                                                   
                           "Shared Dirtied Blocks": 0,                                                                                                                    
                           "Shared Written Blocks": 0,                                                                                                                    
                           "Local Hit Blocks": 0,                                                                                                                         
                           "Local Read Blocks": 0,                                                                                                                        
                           "Local Dirtied Blocks": 0,                                                                                                                     
                           "Local Written Blocks": 0,                                                                                                                     
                           "Temp Read Blocks": 0,                                                                                                                         
                           "Temp Written Blocks": 0,                                                                                                                      
                           "Plans": [                                                                                                                                     
                             {                                                                                                                                            
                               "Node Type": "Seq Scan",                                                                                                                   
                               "Parent Relationship": "Outer",                                                                                                            
                               "Parallel Aware": false,                                                                                                                   
                               "Relation Name": "company_name",                                                                                                           
                               "Alias": "cn",                                                                                                                             
                               "Startup Cost": 0.00,                                                                                                                      
                               "Total Cost": 164.90,                                                                                                                      
                               "Plan Rows": 100,                                                                                                                          
                               "Plan Width": 23,                                                                                                                          
                               "Actual Startup Time": 9.114,                                                                                                              
                               "Actual Total Time": 68.596,                                                                                                               
                               "Actual Rows": 89,                                                                                                                         
                               "Actual Loops": 1,                                                                                                                         
                               "Filter": "(((country_code)::text <> '[pl]'::text) AND ((name ~~ '20th Century Fox%'::text) OR (name ~~ 'Twentieth Century Fox%'::text)))",
                               "Rows Removed by Filter": 234908,                                                                                                          
                               "Shared Hit Blocks": 2,                                                                                                                    
                               "Shared Read Blocks": 2992,                                                                                                                
                               "Shared Dirtied Blocks": 0,                                                                                                                
                               "Shared Written Blocks": 0,                                                                                                                
                               "Local Hit Blocks": 0,                                                                                                                     
                               "Local Read Blocks": 0,                                                                                                                    
                               "Local Dirtied Blocks": 0,                                                                                                                 
                               "Local Written Blocks": 0,                                                                                                                 
                               "Temp Read Blocks": 0,                                                                                                                     
                               "Temp Written Blocks": 0                                                                                                                   
                             },                                                                                                                                           
                             {                                                                                                                                            
                               "Node Type": "Materialize",                                                                                                                
                               "Parent Relationship": "Inner",                                                                                                            
                               "Parallel Aware": false,                                                                                                                   
                               "Startup Cost": 4256.86,                                                                                                                   
                               "Total Cost": 7131.90,                                                                                                                     
                               "Plan Rows": 14,                                                                                                                           
                               "Plan Width": 44,                                                                                                                          
                               "Actual Startup Time": 42.858,                                                                                                             
                               "Actual Total Time": 3283.916,                                                                                                             
                               "Actual Rows": 14916,                                                                                                                      
                               "Actual Loops": 89,                                                                                                                        
                               "Shared Hit Blocks": 15,                                                                                                                   
                               "Shared Read Blocks": 44345,                                                                                                               
                               "Shared Dirtied Blocks": 0,                                                                                                                
                               "Shared Written Blocks": 0,                                                                                                                
                               "Local Hit Blocks": 0,                                                                                                                     
                               "Local Read Blocks": 0,                                                                                                                    
                               "Local Dirtied Blocks": 0,                                                                                                                 
                               "Local Written Blocks": 0,                                                                                                                 
                               "Temp Read Blocks": 0,                                                                                                                     
                               "Temp Written Blocks": 0,                                                                                                                  
                               "Plans": [                                                                                                                                 
                                 {                                                                                                                                        
                                   "Node Type": "Nested Loop",                                                                                                            
                                   "Parent Relationship": "Outer",                                                                                                        
                                   "Parallel Aware": false,                                                                                                               
                                   "Join Type": "Inner",                                                                                                                  
                                   "Startup Cost": 4256.86,                                                                                                               
                                   "Total Cost": 7131.90,                                                                                                                 
                                   "Plan Rows": 14,                                                                                                                       
                                   "Plan Width": 44,                                                                                                                      
                                   "Actual Startup Time": 3814.318,                                                                                                       
                                   "Actual Total Time": 292206.231,                                                                                                       
                                   "Actual Rows": 14916,                                                                                                                  
                                   "Actual Loops": 1,                                                                                                                     
                                   "Inner Unique": true,                                                                                                                  
                                   "Join Filter": "(mc.company_type_id = ct.id)",                                                                                         
                                   "Rows Removed by Join Filter": 1782,                                                                                                   
                                   "Shared Hit Blocks": 15,                                                                                                               
                                   "Shared Read Blocks": 44345,                                                                                                           
                                   "Shared Dirtied Blocks": 0,                                                                                                            
                                   "Shared Written Blocks": 0,                                                                                                            
                                   "Local Hit Blocks": 0,                                                                                                                 
                                   "Local Read Blocks": 0,                                                                                                                
                                   "Local Dirtied Blocks": 0,                                                                                                             
                                   "Local Written Blocks": 0,                                                                                                             
                                   "Temp Read Blocks": 0,                                                                                                                 
                                   "Temp Written Blocks": 0,                                                                                                              
                                   "Plans": [                                                                                                                             
                                     {                                                                                                                                    
                                       "Node Type": "Nested Loop",                                                                                                        
                                       "Parent Relationship": "Outer",                                                                                                    
                                       "Parallel Aware": false,                                                                                                           
                                       "Join Type": "Inner",                                                                                                              
                                       "Startup Cost": 4256.86,                                                                                                           
                                       "Total Cost": 7131.86,                                                                                                             
                                       "Plan Rows": 19,                                                                                                                   
                                       "Plan Width": 48,                                                                                                                  
                                       "Actual Startup Time": 3814.307,                                                                                                   
                                       "Actual Total Time": 292201.249,                                                                                                   
                                       "Actual Rows": 15510,                                                                                                              
                                       "Actual Loops": 1,                                                                                                                 
                                       "Inner Unique": false,                                                                                                             
                                       "Join Filter": "(ml.movie_id = mc.movie_id)",                                                                                      
                                       "Rows Removed by Join Filter": 1952208890,                                                                                         
                                       "Shared Hit Blocks": 14,                                                                                                           
                                       "Shared Read Blocks": 44345,                                                                                                       
                                       "Shared Dirtied Blocks": 0,                                                                                                        
                                       "Shared Written Blocks": 0,                                                                                                        
                                       "Local Hit Blocks": 0,                                                                                                             
                                       "Local Read Blocks": 0,                                                                                                            
                                       "Local Dirtied Blocks": 0,                                                                                                         
                                       "Local Written Blocks": 0,                                                                                                         
                                       "Temp Read Blocks": 0,                                                                                                             
                                       "Temp Written Blocks": 0,                                                                                                          
                                       "Plans": [                                                                                                                         
                                         {                                                                                                                                
                                           "Node Type": "Seq Scan",                                                                                                       
                                           "Parent Relationship": "Outer",                                                                                                
                                           "Parallel Aware": false,                                                                                                       
                                           "Relation Name": "movie_companies",                                                                                            
                                           "Alias": "mc",                                                                                                                 
                                           "Startup Cost": 0.00,                                                                                                          
                                           "Total Cost": 769.75,                                                                                                          
                                           "Plan Rows": 1337140,                                                                                                          
                                           "Plan Width": 36,                                                                                                              
                                           "Actual Startup Time": 0.013,                                                                                                  
                                           "Actual Total Time": 480.072,                                                                                                  
                                           "Actual Rows": 1337140,                                                                                                        
                                           "Actual Loops": 1,                                                                                                             
                                           "Filter": "(note IS NOT NULL)",                                                                                                
                                           "Rows Removed by Filter": 1271989,                                                                                             
                                           "Shared Hit Blocks": 3,                                                                                                        
                                           "Shared Read Blocks": 18786,                                                                                                   
                                           "Shared Dirtied Blocks": 0,                                                                                                    
                                           "Shared Written Blocks": 0,                                                                                                    
                                           "Local Hit Blocks": 0,                                                                                                         
                                           "Local Read Blocks": 0,                                                                                                        
                                           "Local Dirtied Blocks": 0,                                                                                                     
                                           "Local Written Blocks": 0,                                                                                                     
                                           "Temp Read Blocks": 0,                                                                                                         
                                           "Temp Written Blocks": 0                                                                                                       
                                         },                                                                                                                               
                                         {                                                                                                                                
                                           "Node Type": "Materialize",                                                                                                    
                                           "Parent Relationship": "Inner",                                                                                                
                                           "Parallel Aware": false,                                                                                                       
                                           "Startup Cost": 4256.86,                                                                                                       
                                           "Total Cost": 4261.52,                                                                                                         
                                           "Plan Rows": 7,                                                                                                                
                                           "Plan Width": 12,                                                                                                              
                                           "Actual Startup Time": 0.003,                                                                                                  
                                           "Actual Total Time": 0.067,                                                                                                    
                                           "Actual Rows": 1460,                                                                                                           
                                           "Actual Loops": 1337140,                                                                                                       
                                           "Shared Hit Blocks": 11,                                                                                                       
                                           "Shared Read Blocks": 25559,                                                                                                   
                                           "Shared Dirtied Blocks": 0,                                                                                                    
                                           "Shared Written Blocks": 0,                                                                                                    
                                           "Local Hit Blocks": 0,                                                                                                         
                                           "Local Read Blocks": 0,                                                                                                        
                                           "Local Dirtied Blocks": 0,                                                                                                     
                                           "Local Written Blocks": 0,                                                                                                     
                                           "Temp Read Blocks": 0,                                                                                                         
                                           "Temp Written Blocks": 0,                                                                                                      
                                           "Plans": [                                                                                                                     
                                             {                                                                                                                            
                                               "Node Type": "Merge Join",                                                                                                 
                                               "Parent Relationship": "Outer",                                                                                            
                                               "Parallel Aware": false,                                                                                                   
                                               "Join Type": "Inner",                                                                                                      
                                               "Startup Cost": 4256.86,                                                                                                   
                                               "Total Cost": 4261.52,                                                                                                     
                                               "Plan Rows": 7,                                                                                                            
                                               "Plan Width": 12,                                                                                                          
                                               "Actual Startup Time": 3719.927,                                                                                           
                                               "Actual Total Time": 3725.462,                                                                                             
                                               "Actual Rows": 1460,                                                                                                       
                                               "Actual Loops": 1,                                                                                                         
                                               "Inner Unique": false,                                                                                                     
                                               "Merge Cond": "(mk.movie_id = ml.movie_id)",                                                                               
                                               "Shared Hit Blocks": 11,                                                                                                   
                                               "Shared Read Blocks": 25559,                                                                                               
                                               "Shared Dirtied Blocks": 0,                                                                                                
                                               "Shared Written Blocks": 0,                                                                                                
                                               "Local Hit Blocks": 0,                                                                                                     
                                               "Local Read Blocks": 0,                                                                                                    
                                               "Local Dirtied Blocks": 0,                                                                                                 
                                               "Local Written Blocks": 0,                                                                                                 
                                               "Temp Read Blocks": 0,                                                                                                     
                                               "Temp Written Blocks": 0,                                                                                                  
                                               "Plans": [                                                                                                                 
                                                 {                                                                                                                        
                                                   "Node Type": "Sort",                                                                                                   
                                                   "Parent Relationship": "Outer",                                                                                        
                                                   "Parallel Aware": false,                                                                                               
                                                   "Startup Cost": 4180.40,                                                                                               
                                                   "Total Cost": 4180.41,                                                                                                 
                                                   "Plan Rows": 101,                                                                                                      
                                                   "Plan Width": 4,                                                                                                       
                                                   "Actual Startup Time": 3676.079,                                                                                       
                                                   "Actual Total Time": 3676.111,                                                                                         
                                                   "Actual Rows": 481,                                                                                                    
                                                   "Actual Loops": 1,                                                                                                     
                                                   "Sort Key": ["mk.movie_id"],                                                                                           
                                                   "Sort Method": "quicksort",                                                                                            
                                                   "Sort Space Used": 3759,                                                                                               
                                                   "Sort Space Type": "Memory",                                                                                           
                                                   "Shared Hit Blocks": 9,                                                                                                
                                                   "Shared Read Blocks": 25398,                                                                                           
                                                   "Shared Dirtied Blocks": 0,                                                                                            
                                                   "Shared Written Blocks": 0,                                                                                            
                                                   "Local Hit Blocks": 0,                                                                                                 
                                                   "Local Read Blocks": 0,                                                                                                
                                                   "Local Dirtied Blocks": 0,                                                                                             
                                                   "Local Written Blocks": 0,                                                                                             
                                                   "Temp Read Blocks": 0,                                                                                                 
                                                   "Temp Written Blocks": 0,                                                                                              
                                                   "Plans": [                                                                                                             
                                                     {                                                                                                                    
                                                       "Node Type": "Nested Loop",                                                                                        
                                                       "Parent Relationship": "Outer",                                                                                    
                                                       "Parallel Aware": false,                                                                                           
                                                       "Join Type": "Inner",                                                                                              
                                                       "Startup Cost": 0.00,                                                                                              
                                                       "Total Cost": 4180.30,                                                                                             
                                                       "Plan Rows": 101,                                                                                                  
                                                       "Plan Width": 4,                                                                                                   
                                                       "Actual Startup Time": 85.795,                                                                                     
                                                       "Actual Total Time": 3630.817,                                                                                     
                                                       "Actual Rows": 47403,                                                                                              
                                                       "Actual Loops": 1,                                                                                                 
                                                       "Inner Unique": true,                                                                                              
                                                       "Join Filter": "(k.id = mk.keyword_id)",                                                                           
                                                       "Rows Removed by Join Filter": 13480109,                                                                           
                                                       "Shared Hit Blocks": 5,                                                                                            
                                                       "Shared Read Blocks": 25398,                                                                                       
                                                       "Shared Dirtied Blocks": 0,                                                                                        
                                                       "Shared Written Blocks": 0,                                                                                        
                                                       "Local Hit Blocks": 0,                                                                                             
                                                       "Local Read Blocks": 0,                                                                                            
                                                       "Local Dirtied Blocks": 0,                                                                                         
                                                       "Local Written Blocks": 0,                                                                                         
                                                       "Temp Read Blocks": 0,                                                                                             
                                                       "Temp Written Blocks": 0,                                                                                          
                                                       "Plans": [                                                                                                         
                                                         {                                                                                                                
                                                           "Node Type": "Seq Scan",                                                                                       
                                                           "Parent Relationship": "Outer",                                                                                
                                                           "Parallel Aware": false,                                                                                       
                                                           "Relation Name": "movie_keyword",                                                                              
                                                           "Alias": "mk",                                                                                                 
                                                           "Startup Cost": 0.00,                                                                                          
                                                           "Total Cost": 1079.84,                                                                                         
                                                           "Plan Rows": 4523930,                                                                                          
                                                           "Plan Width": 8,                                                                                               
                                                           "Actual Startup Time": 0.019,                                                                                  
                                                           "Actual Total Time": 606.575,                                                                                  
                                                           "Actual Rows": 4523930,                                                                                        
                                                           "Actual Loops": 1,                                                                                             
                                                           "Shared Hit Blocks": 3,                                                                                        
                                                           "Shared Read Blocks": 24451,                                                                                   
                                                           "Shared Dirtied Blocks": 0,                                                                                    
                                                           "Shared Written Blocks": 0,                                                                                    
                                                           "Local Hit Blocks": 0,                                                                                         
                                                           "Local Read Blocks": 0,                                                                                        
                                                           "Local Dirtied Blocks": 0,                                                                                     
                                                           "Local Written Blocks": 0,                                                                                     
                                                           "Temp Read Blocks": 0,                                                                                         
                                                           "Temp Written Blocks": 0                                                                                       
                                                         },                                                                                                               
                                                         {                                                                                                                
                                                           "Node Type": "Materialize",                                                                                    
                                                           "Parent Relationship": "Inner",                                                                                
                                                           "Parallel Aware": false,                                                                                       
                                                           "Startup Cost": 0.00,                                                                                          
                                                           "Total Cost": 54.67,                                                                                           
                                                           "Plan Rows": 3,                                                                                                
                                                           "Plan Width": 4,                                                                                               
                                                           "Actual Startup Time": 0.000,                                                                                  
                                                           "Actual Total Time": 0.000,                                                                                    
                                                           "Actual Rows": 3,                                                                                              
                                                           "Actual Loops": 4523930,                                                                                       
                                                           "Shared Hit Blocks": 2,                                                                                        
                                                           "Shared Read Blocks": 947,                                                                                     
                                                           "Shared Dirtied Blocks": 0,                                                                                    
                                                           "Shared Written Blocks": 0,                                                                                    
                                                           "Local Hit Blocks": 0,                                                                                         
                                                           "Local Read Blocks": 0,                                                                                        
                                                           "Local Dirtied Blocks": 0,                                                                                     
                                                           "Local Written Blocks": 0,                                                                                     
                                                           "Temp Read Blocks": 0,                                                                                         
                                                           "Temp Written Blocks": 0,                                                                                      
                                                           "Plans": [                                                                                                     
                                                             {                                                                                                            
                                                               "Node Type": "Seq Scan",                                                                                   
                                                               "Parent Relationship": "Outer",                                                                            
                                                               "Parallel Aware": false,                                                                                   
                                                               "Relation Name": "keyword",                                                                                
                                                               "Alias": "k",                                                                                              
                                                               "Startup Cost": 0.00,                                                                                      
                                                               "Total Cost": 54.67,                                                                                       
                                                               "Plan Rows": 3,                                                                                            
                                                               "Plan Width": 4,                                                                                           
                                                               "Actual Startup Time": 22.869,                                                                             
                                                               "Actual Total Time": 85.102,                                                                               
                                                               "Actual Rows": 3,                                                                                          
                                                               "Actual Loops": 1,                                                                                         
                                                               "Filter": "(keyword = ANY ('{sequel,revenge,based-on-novel}'::text[]))",                                   
                                                               "Rows Removed by Filter": 134167,                                                                          
                                                               "Shared Hit Blocks": 2,                                                                                    
                                                               "Shared Read Blocks": 947,                                                                                 
                                                               "Shared Dirtied Blocks": 0,                                                                                
                                                               "Shared Written Blocks": 0,                                                                                
                                                               "Local Hit Blocks": 0,                                                                                     
                                                               "Local Read Blocks": 0,                                                                                    
                                                               "Local Dirtied Blocks": 0,                                                                                 
                                                               "Local Written Blocks": 0,                                                                                 
                                                               "Temp Read Blocks": 0,                                                                                     
                                                               "Temp Written Blocks": 0                                                                                   
                                                             }                                                                                                            
                                                           ]                                                                                                              
                                                         }                                                                                                                
                                                       ]                                                                                                                  
                                                     }                                                                                                                    
                                                   ]                                                                                                                      
                                                 },                                                                                                                       
                                                 {                                                                                                                        
                                                   "Node Type": "Sort",                                                                                                   
                                                   "Parent Relationship": "Inner",                                                                                        
                                                   "Parallel Aware": false,                                                                                               
                                                   "Startup Cost": 76.46,                                                                                                 
                                                   "Total Cost": 78.79,                                                                                                   
                                                   "Plan Rows": 29997,                                                                                                    
                                                   "Plan Width": 8,                                                                                                       
                                                   "Actual Startup Time": 43.806,                                                                                         
                                                   "Actual Total Time": 45.493,                                                                                           
                                                   "Actual Rows": 30043,                                                                                                  
                                                   "Actual Loops": 1,                                                                                                     
                                                   "Sort Key": ["ml.movie_id"],                                                                                           
                                                   "Sort Method": "quicksort",                                                                                            
                                                   "Sort Space Used": 2175,                                                                                               
                                                   "Sort Space Type": "Memory",                                                                                           
                                                   "Shared Hit Blocks": 2,                                                                                                
                                                   "Shared Read Blocks": 161,                                                                                             
                                                   "Shared Dirtied Blocks": 0,                                                                                            
                                                   "Shared Written Blocks": 0,                                                                                            
                                                   "Local Hit Blocks": 0,                                                                                                 
                                                   "Local Read Blocks": 0,                                                                                                
                                                   "Local Dirtied Blocks": 0,                                                                                             
                                                   "Local Written Blocks": 0,                                                                                             
                                                   "Temp Read Blocks": 0,                                                                                                 
                                                   "Temp Written Blocks": 0,                                                                                              
                                                   "Plans": [                                                                                                             
                                                     {                                                                                                                    
                                                       "Node Type": "Seq Scan",                                                                                           
                                                       "Parent Relationship": "Outer",                                                                                    
                                                       "Parallel Aware": false,                                                                                           
                                                       "Relation Name": "movie_link",                                                                                     
                                                       "Alias": "ml",                                                                                                     
                                                       "Startup Cost": 0.00,                                                                                              
                                                       "Total Cost": 7.19,                                                                                                
                                                       "Plan Rows": 29997,                                                                                                
                                                       "Plan Width": 8,                                                                                                   
                                                       "Actual Startup Time": 0.009,                                                                                      
                                                       "Actual Total Time": 29.600,                                                                                       
                                                       "Actual Rows": 29997,                                                                                              
                                                       "Actual Loops": 1,                                                                                                 
                                                       "Shared Hit Blocks": 2,                                                                                            
                                                       "Shared Read Blocks": 161,                                                                                         
                                                       "Shared Dirtied Blocks": 0,                                                                                        
                                                       "Shared Written Blocks": 0,                                                                                        
                                                       "Local Hit Blocks": 0,                                                                                             
                                                       "Local Read Blocks": 0,                                                                                            
                                                       "Local Dirtied Blocks": 0,                                                                                         
                                                       "Local Written Blocks": 0,                                                                                         
                                                       "Temp Read Blocks": 0,                                                                                             
                                                       "Temp Written Blocks": 0                                                                                           
                                                     }                                                                                                                    
                                                   ]                                                                                                                      
                                                 }                                                                                                                        
                                               ]                                                                                                                          
                                             }                                                                                                                            
                                           ]                                                                                                                              
                                         }                                                                                                                                
                                       ]                                                                                                                                  
                                     },                                                                                                                                   
                                     {                                                                                                                                    
                                       "Node Type": "Materialize",                                                                                                        
                                       "Parent Relationship": "Inner",                                                                                                    
                                       "Parallel Aware": false,                                                                                                           
                                       "Startup Cost": 0.00,                                                                                                              
                                       "Total Cost": 0.03,                                                                                                                
                                       "Plan Rows": 3,                                                                                                                    
                                       "Plan Width": 4,                                                                                                                   
                                       "Actual Startup Time": 0.000,                                                                                                      
                                       "Actual Total Time": 0.000,                                                                                                        
                                       "Actual Rows": 1,                                                                                                                  
                                       "Actual Loops": 15510,                                                                                                             
                                       "Shared Hit Blocks": 1,                                                                                                            
                                       "Shared Read Blocks": 0,                                                                                                           
                                       "Shared Dirtied Blocks": 0,                                                                                                        
                                       "Shared Written Blocks": 0,                                                                                                        
                                       "Local Hit Blocks": 0,                                                                                                             
                                       "Local Read Blocks": 0,                                                                                                            
                                       "Local Dirtied Blocks": 0,                                                                                                         
                                       "Local Written Blocks": 0,                                                                                                         
                                       "Temp Read Blocks": 0,                                                                                                             
                                       "Temp Written Blocks": 0,                                                                                                          
                                       "Plans": [                                                                                                                         
                                         {                                                                                                                                
                                           "Node Type": "Seq Scan",                                                                                                       
                                           "Parent Relationship": "Outer",                                                                                                
                                           "Parallel Aware": false,                                                                                                       
                                           "Relation Name": "company_type",                                                                                               
                                           "Alias": "ct",                                                                                                                 
                                           "Startup Cost": 0.00,                                                                                                          
                                           "Total Cost": 0.03,                                                                                                            
                                           "Plan Rows": 3,                                                                                                                
                                           "Plan Width": 4,                                                                                                               
                                           "Actual Startup Time": 0.006,                                                                                                  
                                           "Actual Total Time": 0.010,                                                                                                    
                                           "Actual Rows": 3,                                                                                                              
                                           "Actual Loops": 1,                                                                                                             
                                           "Filter": "((kind IS NOT NULL) AND ((kind)::text <> 'production companies'::text))",                                           
                                           "Rows Removed by Filter": 1,                                                                                                   
                                           "Shared Hit Blocks": 1,                                                                                                        
                                           "Shared Read Blocks": 0,                                                                                                       
                                           "Shared Dirtied Blocks": 0,                                                                                                    
                                           "Shared Written Blocks": 0,                                                                                                    
                                           "Local Hit Blocks": 0,                                                                                                         
                                           "Local Read Blocks": 0,                                                                                                        
                                           "Local Dirtied Blocks": 0,                                                                                                     
                                           "Local Written Blocks": 0,                                                                                                     
                                           "Temp Read Blocks": 0,                                                                                                         
                                           "Temp Written Blocks": 0                                                                                                       
                                         }                                                                                                                                
                                       ]                                                                                                                                  
                                     }                                                                                                                                    
                                   ]                                                                                                                                      
                                 }                                                                                                                                        
                               ]                                                                                                                                          
                             }                                                                                                                                            
                           ]                                                                                                                                              
                         }                                                                                                                                                
                       ]                                                                                                                                                  
                     }                                                                                                                                                    
                   ]                                                                                                                                                      
                 }                                                                                                                                                        
               ]                                                                                                                                                          
             }                                                                                                                                                            
           ]                                                                                                                                                              
         }                                                                                                                                                                
       ]                                                                                                                                                                  
     },                                                                                                                                                                   
     "Planning Time": 3446.409,                                                                                                                                           
     "Triggers": [                                                                                                                                                        
     ],                                                                                                                                                                   
     "Execution Time": 2880195.113                                                                                                                                        
   }                                                                                                                                                                      
 ]
