 [                                                                                                                                     
   {                                                                                                                                   
     "Plan": {                                                                                                                         
       "Node Type": "Aggregate",                                                                                                       
       "Strategy": "Plain",                                                                                                            
       "Partial Mode": "Simple",                                                                                                       
       "Parallel Aware": false,                                                                                                        
       "Startup Cost": 12666.49,                                                                                                       
       "Total Cost": 12666.49,                                                                                                         
       "Plan Rows": 1,                                                                                                                 
       "Plan Width": 96,                                                                                                               
       "Actual Startup Time": 1240233.954,                                                                                             
       "Actual Total Time": 1240233.954,                                                                                               
       "Actual Rows": 1,                                                                                                               
       "Actual Loops": 1,                                                                                                              
       "Shared Hit Blocks": 19,                                                                                                        
       "Shared Read Blocks": 83334,                                                                                                    
       "Shared Dirtied Blocks": 0,                                                                                                     
       "Shared Written Blocks": 0,                                                                                                     
       "Local Hit Blocks": 0,                                                                                                          
       "Local Read Blocks": 0,                                                                                                         
       "Local Dirtied Blocks": 0,                                                                                                      
       "Local Written Blocks": 0,                                                                                                      
       "Temp Read Blocks": 0,                                                                                                          
       "Temp Written Blocks": 0,                                                                                                       
       "Plans": [                                                                                                                      
         {                                                                                                                             
           "Node Type": "Nested Loop",                                                                                                 
           "Parent Relationship": "Outer",                                                                                             
           "Parallel Aware": false,                                                                                                    
           "Join Type": "Inner",                                                                                                       
           "Startup Cost": 4256.86,                                                                                                    
           "Total Cost": 12666.49,                                                                                                     
           "Plan Rows": 12,                                                                                                            
           "Plan Width": 60,                                                                                                           
           "Actual Startup Time": 776186.590,                                                                                          
           "Actual Total Time": 1240221.793,                                                                                           
           "Actual Rows": 14899,                                                                                                       
           "Actual Loops": 1,                                                                                                          
           "Inner Unique": false,                                                                                                      
           "Join Filter": "(mc.company_id = cn.id)",                                                                                   
           "Rows Removed by Join Filter": 3132807497,                                                                                  
           "Shared Hit Blocks": 19,                                                                                                    
           "Shared Read Blocks": 83334,                                                                                                
           "Shared Dirtied Blocks": 0,                                                                                                 
           "Shared Written Blocks": 0,                                                                                                 
           "Local Hit Blocks": 0,                                                                                                      
           "Local Read Blocks": 0,                                                                                                     
           "Local Dirtied Blocks": 0,                                                                                                  
           "Local Written Blocks": 0,                                                                                                  
           "Temp Read Blocks": 0,                                                                                                      
           "Temp Written Blocks": 0,                                                                                                   
           "Plans": [                                                                                                                  
             {                                                                                                                         
               "Node Type": "Seq Scan",                                                                                                
               "Parent Relationship": "Outer",                                                                                         
               "Parallel Aware": false,                                                                                                
               "Relation Name": "company_name",                                                                                        
               "Alias": "cn",                                                                                                          
               "Startup Cost": 0.00,                                                                                                   
               "Total Cost": 128.41,                                                                                                   
               "Plan Rows": 210031,                                                                                                    
               "Plan Width": 23,                                                                                                       
               "Actual Startup Time": 21.668,                                                                                          
               "Actual Total Time": 122.721,                                                                                           
               "Actual Rows": 210031,                                                                                                  
               "Actual Loops": 1,                                                                                                      
               "Filter": "((country_code)::text <> '[pl]'::text)",                                                                     
               "Rows Removed by Filter": 24966,                                                                                        
               "Shared Hit Blocks": 2,                                                                                                 
               "Shared Read Blocks": 2992,                                                                                             
               "Shared Dirtied Blocks": 0,                                                                                             
               "Shared Written Blocks": 0,                                                                                             
               "Local Hit Blocks": 0,                                                                                                  
               "Local Read Blocks": 0,                                                                                                 
               "Local Dirtied Blocks": 0,                                                                                              
               "Local Written Blocks": 0,                                                                                              
               "Temp Read Blocks": 0,                                                                                                  
               "Temp Written Blocks": 0                                                                                                
             },                                                                                                                        
             {                                                                                                                         
               "Node Type": "Materialize",                                                                                             
               "Parent Relationship": "Inner",                                                                                         
               "Parallel Aware": false,                                                                                                
               "Startup Cost": 4256.86,                                                                                                
               "Total Cost": 11925.32,                                                                                                 
               "Plan Rows": 13,                                                                                                        
               "Plan Width": 45,                                                                                                       
               "Actual Startup Time": 2.364,                                                                                           
               "Actual Total Time": 4.382,                                                                                             
               "Actual Rows": 14916,                                                                                                   
               "Actual Loops": 210031,                                                                                                 
               "Shared Hit Blocks": 17,                                                                                                
               "Shared Read Blocks": 80342,                                                                                            
               "Shared Dirtied Blocks": 0,                                                                                             
               "Shared Written Blocks": 0,                                                                                             
               "Local Hit Blocks": 0,                                                                                                  
               "Local Read Blocks": 0,                                                                                                 
               "Local Dirtied Blocks": 0,                                                                                              
               "Local Written Blocks": 0,                                                                                              
               "Temp Read Blocks": 0,                                                                                                  
               "Temp Written Blocks": 0,                                                                                               
               "Plans": [                                                                                                              
                 {                                                                                                                     
                   "Node Type": "Nested Loop",                                                                                         
                   "Parent Relationship": "Outer",                                                                                     
                   "Parallel Aware": false,                                                                                            
                   "Join Type": "Inner",                                                                                               
                   "Startup Cost": 4256.86,                                                                                            
                   "Total Cost": 11925.32,                                                                                             
                   "Plan Rows": 13,                                                                                                    
                   "Plan Width": 45,                                                                                                   
                   "Actual Startup Time": 496560.654,                                                                                  
                   "Actual Total Time": 776106.252,                                                                                    
                   "Actual Rows": 14916,                                                                                               
                   "Actual Loops": 1,                                                                                                  
                   "Inner Unique": true,                                                                                               
                   "Join Filter": "(mc.company_type_id = ct.id)",                                                                      
                   "Rows Removed by Join Filter": 1782,                                                                                
                   "Shared Hit Blocks": 17,                                                                                            
                   "Shared Read Blocks": 80342,                                                                                        
                   "Shared Dirtied Blocks": 0,                                                                                         
                   "Shared Written Blocks": 0,                                                                                         
                   "Local Hit Blocks": 0,                                                                                              
                   "Local Read Blocks": 0,                                                                                             
                   "Local Dirtied Blocks": 0,                                                                                          
                   "Local Written Blocks": 0,                                                                                          
                   "Temp Read Blocks": 0,                                                                                              
                   "Temp Written Blocks": 0,                                                                                           
                   "Plans": [                                                                                                          
                     {                                                                                                                 
                       "Node Type": "Nested Loop",                                                                                     
                       "Parent Relationship": "Outer",                                                                                 
                       "Parallel Aware": false,                                                                                        
                       "Join Type": "Inner",                                                                                           
                       "Startup Cost": 4256.86,                                                                                        
                       "Total Cost": 11925.28,                                                                                         
                       "Plan Rows": 17,                                                                                                
                       "Plan Width": 49,                                                                                               
                       "Actual Startup Time": 496560.643,                                                                              
                       "Actual Total Time": 776101.481,                                                                                
                       "Actual Rows": 15510,                                                                                           
                       "Actual Loops": 1,                                                                                              
                       "Inner Unique": false,                                                                                          
                       "Join Filter": "(ml.movie_id = mc.movie_id)",                                                                   
                       "Rows Removed by Join Filter": 1952208890,                                                                      
                       "Shared Hit Blocks": 16,                                                                                        
                       "Shared Read Blocks": 80342,                                                                                    
                       "Shared Dirtied Blocks": 0,                                                                                     
                       "Shared Written Blocks": 0,                                                                                     
                       "Local Hit Blocks": 0,                                                                                          
                       "Local Read Blocks": 0,                                                                                         
                       "Local Dirtied Blocks": 0,                                                                                      
                       "Local Written Blocks": 0,                                                                                      
                       "Temp Read Blocks": 0,                                                                                          
                       "Temp Written Blocks": 0,                                                                                       
                       "Plans": [                                                                                                      
                         {                                                                                                             
                           "Node Type": "Seq Scan",                                                                                    
                           "Parent Relationship": "Outer",                                                                             
                           "Parallel Aware": false,                                                                                    
                           "Relation Name": "movie_companies",                                                                         
                           "Alias": "mc",                                                                                              
                           "Startup Cost": 0.00,                                                                                       
                           "Total Cost": 769.75,                                                                                       
                           "Plan Rows": 1337140,                                                                                       
                           "Plan Width": 36,                                                                                           
                           "Actual Startup Time": 0.017,                                                                               
                           "Actual Total Time": 473.021,                                                                               
                           "Actual Rows": 1337140,                                                                                     
                           "Actual Loops": 1,                                                                                          
                           "Filter": "(note IS NOT NULL)",                                                                             
                           "Rows Removed by Filter": 1271989,                                                                          
                           "Shared Hit Blocks": 3,                                                                                     
                           "Shared Read Blocks": 18786,                                                                                
                           "Shared Dirtied Blocks": 0,                                                                                 
                           "Shared Written Blocks": 0,                                                                                 
                           "Local Hit Blocks": 0,                                                                                      
                           "Local Read Blocks": 0,                                                                                     
                           "Local Dirtied Blocks": 0,                                                                                  
                           "Local Written Blocks": 0,                                                                                  
                           "Temp Read Blocks": 0,                                                                                      
                           "Temp Written Blocks": 0                                                                                    
                         },                                                                                                            
                         {                                                                                                             
                           "Node Type": "Materialize",                                                                                 
                           "Parent Relationship": "Inner",                                                                             
                           "Parallel Aware": false,                                                                                    
                           "Startup Cost": 4256.86,                                                                                    
                           "Total Cost": 9355.03,                                                                                      
                           "Plan Rows": 6,                                                                                             
                           "Plan Width": 29,                                                                                           
                           "Actual Startup Time": 0.003,                                                                               
                           "Actual Total Time": 0.436,                                                                                 
                           "Actual Rows": 1460,                                                                                        
                           "Actual Loops": 1337140,                                                                                    
                           "Shared Hit Blocks": 13,                                                                                    
                           "Shared Read Blocks": 61556,                                                                                
                           "Shared Dirtied Blocks": 0,                                                                                 
                           "Shared Written Blocks": 0,                                                                                 
                           "Local Hit Blocks": 0,                                                                                      
                           "Local Read Blocks": 0,                                                                                     
                           "Local Dirtied Blocks": 0,                                                                                  
                           "Local Written Blocks": 0,                                                                                  
                           "Temp Read Blocks": 0,                                                                                      
                           "Temp Written Blocks": 0,                                                                                   
                           "Plans": [                                                                                                  
                             {                                                                                                         
                               "Node Type": "Nested Loop",                                                                             
                               "Parent Relationship": "Outer",                                                                         
                               "Parallel Aware": false,                                                                                
                               "Join Type": "Inner",                                                                                   
                               "Startup Cost": 4256.86,                                                                                
                               "Total Cost": 9355.03,                                                                                  
                               "Plan Rows": 6,                                                                                         
                               "Plan Width": 29,                                                                                       
                               "Actual Startup Time": 3874.697,                                                                        
                               "Actual Total Time": 496474.349,                                                                        
                               "Actual Rows": 1460,                                                                                    
                               "Actual Loops": 1,                                                                                      
                               "Inner Unique": false,                                                                                  
                               "Join Filter": "(ml.link_type_id = lt.id)",                                                             
                               "Rows Removed by Join Filter": 24820,                                                                   
                               "Shared Hit Blocks": 13,                                                                                
                               "Shared Read Blocks": 61556,                                                                            
                               "Shared Dirtied Blocks": 0,                                                                             
                               "Shared Written Blocks": 0,                                                                             
                               "Local Hit Blocks": 0,                                                                                  
                               "Local Read Blocks": 0,                                                                                 
                               "Local Dirtied Blocks": 0,                                                                              
                               "Local Written Blocks": 0,                                                                              
                               "Temp Read Blocks": 0,                                                                                  
                               "Temp Written Blocks": 0,                                                                               
                               "Plans": [                                                                                              
                                 {                                                                                                     
                                   "Node Type": "Seq Scan",                                                                            
                                   "Parent Relationship": "Outer",                                                                     
                                   "Parallel Aware": false,                                                                            
                                   "Relation Name": "link_type",                                                                       
                                   "Alias": "lt",                                                                                      
                                   "Startup Cost": 0.00,                                                                               
                                   "Total Cost": 0.03,                                                                                 
                                   "Plan Rows": 18,                                                                                    
                                   "Plan Width": 4,                                                                                    
                                   "Actual Startup Time": 0.005,                                                                       
                                   "Actual Total Time": 0.007,                                                                         
                                   "Actual Rows": 18,                                                                                  
                                   "Actual Loops": 1,                                                                                  
                                   "Shared Hit Blocks": 1,                                                                             
                                   "Shared Read Blocks": 0,                                                                            
                                   "Shared Dirtied Blocks": 0,                                                                         
                                   "Shared Written Blocks": 0,                                                                         
                                   "Local Hit Blocks": 0,                                                                              
                                   "Local Read Blocks": 0,                                                                             
                                   "Local Dirtied Blocks": 0,                                                                          
                                   "Local Written Blocks": 0,                                                                          
                                   "Temp Read Blocks": 0,                                                                              
                                   "Temp Written Blocks": 0                                                                            
                                 },                                                                                                    
                                 {                                                                                                     
                                   "Node Type": "Materialize",                                                                         
                                   "Parent Relationship": "Inner",                                                                     
                                   "Parallel Aware": false,                                                                            
                                   "Startup Cost": 4256.86,                                                                            
                                   "Total Cost": 9354.97,                                                                              
                                   "Plan Rows": 6,                                                                                     
                                   "Plan Width": 33,                                                                                   
                                   "Actual Startup Time": 215.260,                                                                     
                                   "Actual Total Time": 27581.755,                                                                     
                                   "Actual Rows": 1460,                                                                                
                                   "Actual Loops": 18,                                                                                 
                                   "Shared Hit Blocks": 12,                                                                            
                                   "Shared Read Blocks": 61556,                                                                        
                                   "Shared Dirtied Blocks": 0,                                                                         
                                   "Shared Written Blocks": 0,                                                                         
                                   "Local Hit Blocks": 0,                                                                              
                                   "Local Read Blocks": 0,                                                                             
                                   "Local Dirtied Blocks": 0,                                                                          
                                   "Local Written Blocks": 0,                                                                          
                                   "Temp Read Blocks": 0,                                                                              
                                   "Temp Written Blocks": 0,                                                                           
                                   "Plans": [                                                                                          
                                     {                                                                                                 
                                       "Node Type": "Nested Loop",                                                                     
                                       "Parent Relationship": "Outer",                                                                 
                                       "Parallel Aware": false,                                                                        
                                       "Join Type": "Inner",                                                                           
                                       "Startup Cost": 4256.86,                                                                        
                                       "Total Cost": 9354.97,                                                                          
                                       "Plan Rows": 6,                                                                                 
                                       "Plan Width": 33,                                                                               
                                       "Actual Startup Time": 3874.683,                                                                
                                       "Actual Total Time": 496470.070,                                                                
                                       "Actual Rows": 1460,                                                                            
                                       "Actual Loops": 1,                                                                              
                                       "Inner Unique": false,                                                                          
                                       "Join Filter": "(ml.movie_id = t.id)",                                                          
                                       "Rows Removed by Join Filter": 3339414200,                                                      
                                       "Shared Hit Blocks": 12,                                                                        
                                       "Shared Read Blocks": 61556,                                                                    
                                       "Shared Dirtied Blocks": 0,                                                                     
                                       "Shared Written Blocks": 0,                                                                     
                                       "Local Hit Blocks": 0,                                                                          
                                       "Local Read Blocks": 0,                                                                         
                                       "Local Dirtied Blocks": 0,                                                                      
                                       "Local Written Blocks": 0,                                                                      
                                       "Temp Read Blocks": 0,                                                                          
                                       "Temp Written Blocks": 0,                                                                       
                                       "Plans": [                                                                                      
                                         {                                                                                             
                                           "Node Type": "Seq Scan",                                                                    
                                           "Parent Relationship": "Outer",                                                             
                                           "Parallel Aware": false,                                                                    
                                           "Relation Name": "title",                                                                   
                                           "Alias": "t",                                                                               
                                           "Startup Cost": 0.00,                                                                       
                                           "Total Cost": 1500.26,                                                                      
                                           "Plan Rows": 2287272,                                                                       
                                           "Plan Width": 21,                                                                           
                                           "Actual Startup Time": 8.577,                                                               
                                           "Actual Total Time": 657.488,                                                               
                                           "Actual Rows": 2287271,                                                                     
                                           "Actual Loops": 1,                                                                          
                                           "Filter": "(production_year > 1950)",                                                       
                                           "Rows Removed by Filter": 241041,                                                           
                                           "Shared Hit Blocks": 1,                                                                     
                                           "Shared Read Blocks": 35997,                                                                
                                           "Shared Dirtied Blocks": 0,                                                                 
                                           "Shared Written Blocks": 0,                                                                 
                                           "Local Hit Blocks": 0,                                                                      
                                           "Local Read Blocks": 0,                                                                     
                                           "Local Dirtied Blocks": 0,                                                                  
                                           "Local Written Blocks": 0,                                                                  
                                           "Temp Read Blocks": 0,                                                                      
                                           "Temp Written Blocks": 0                                                                    
                                         },                                                                                            
                                         {                                                                                             
                                           "Node Type": "Materialize",                                                                 
                                           "Parent Relationship": "Inner",                                                             
                                           "Parallel Aware": false,                                                                    
                                           "Startup Cost": 4256.86,                                                                    
                                           "Total Cost": 4261.52,                                                                      
                                           "Plan Rows": 7,                                                                             
                                           "Plan Width": 12,                                                                           
                                           "Actual Startup Time": 0.002,                                                               
                                           "Actual Total Time": 0.066,                                                                 
                                           "Actual Rows": 1460,                                                                        
                                           "Actual Loops": 2287271,                                                                    
                                           "Shared Hit Blocks": 11,                                                                    
                                           "Shared Read Blocks": 25559,                                                                
                                           "Shared Dirtied Blocks": 0,                                                                 
                                           "Shared Written Blocks": 0,                                                                 
                                           "Local Hit Blocks": 0,                                                                      
                                           "Local Read Blocks": 0,                                                                     
                                           "Local Dirtied Blocks": 0,                                                                  
                                           "Local Written Blocks": 0,                                                                  
                                           "Temp Read Blocks": 0,                                                                      
                                           "Temp Written Blocks": 0,                                                                   
                                           "Plans": [                                                                                  
                                             {                                                                                         
                                               "Node Type": "Merge Join",                                                              
                                               "Parent Relationship": "Outer",                                                         
                                               "Parallel Aware": false,                                                                
                                               "Join Type": "Inner",                                                                   
                                               "Startup Cost": 4256.86,                                                                
                                               "Total Cost": 4261.52,                                                                  
                                               "Plan Rows": 7,                                                                         
                                               "Plan Width": 12,                                                                       
                                               "Actual Startup Time": 3763.407,                                                        
                                               "Actual Total Time": 3768.699,                                                          
                                               "Actual Rows": 1460,                                                                    
                                               "Actual Loops": 1,                                                                      
                                               "Inner Unique": false,                                                                  
                                               "Merge Cond": "(mk.movie_id = ml.movie_id)",                                            
                                               "Shared Hit Blocks": 11,                                                                
                                               "Shared Read Blocks": 25559,                                                            
                                               "Shared Dirtied Blocks": 0,                                                             
                                               "Shared Written Blocks": 0,                                                             
                                               "Local Hit Blocks": 0,                                                                  
                                               "Local Read Blocks": 0,                                                                 
                                               "Local Dirtied Blocks": 0,                                                              
                                               "Local Written Blocks": 0,                                                              
                                               "Temp Read Blocks": 0,                                                                  
                                               "Temp Written Blocks": 0,                                                               
                                               "Plans": [                                                                              
                                                 {                                                                                     
                                                   "Node Type": "Sort",                                                                
                                                   "Parent Relationship": "Outer",                                                     
                                                   "Parallel Aware": false,                                                            
                                                   "Startup Cost": 4180.40,                                                            
                                                   "Total Cost": 4180.41,                                                              
                                                   "Plan Rows": 101,                                                                   
                                                   "Plan Width": 4,                                                                    
                                                   "Actual Startup Time": 3717.861,                                                    
                                                   "Actual Total Time": 3717.889,                                                      
                                                   "Actual Rows": 481,                                                                 
                                                   "Actual Loops": 1,                                                                  
                                                   "Sort Key": ["mk.movie_id"],                                                        
                                                   "Sort Method": "quicksort",                                                         
                                                   "Sort Space Used": 3759,                                                            
                                                   "Sort Space Type": "Memory",                                                        
                                                   "Shared Hit Blocks": 9,                                                             
                                                   "Shared Read Blocks": 25398,                                                        
                                                   "Shared Dirtied Blocks": 0,                                                         
                                                   "Shared Written Blocks": 0,                                                         
                                                   "Local Hit Blocks": 0,                                                              
                                                   "Local Read Blocks": 0,                                                             
                                                   "Local Dirtied Blocks": 0,                                                          
                                                   "Local Written Blocks": 0,                                                          
                                                   "Temp Read Blocks": 0,                                                              
                                                   "Temp Written Blocks": 0,                                                           
                                                   "Plans": [                                                                          
                                                     {                                                                                 
                                                       "Node Type": "Nested Loop",                                                     
                                                       "Parent Relationship": "Outer",                                                 
                                                       "Parallel Aware": false,                                                        
                                                       "Join Type": "Inner",                                                           
                                                       "Startup Cost": 0.00,                                                           
                                                       "Total Cost": 4180.30,                                                          
                                                       "Plan Rows": 101,                                                               
                                                       "Plan Width": 4,                                                                
                                                       "Actual Startup Time": 83.920,                                                  
                                                       "Actual Total Time": 3671.957,                                                  
                                                       "Actual Rows": 47403,                                                           
                                                       "Actual Loops": 1,                                                              
                                                       "Inner Unique": true,                                                           
                                                       "Join Filter": "(k.id = mk.keyword_id)",                                        
                                                       "Rows Removed by Join Filter": 13480109,                                        
                                                       "Shared Hit Blocks": 5,                                                         
                                                       "Shared Read Blocks": 25398,                                                    
                                                       "Shared Dirtied Blocks": 0,                                                     
                                                       "Shared Written Blocks": 0,                                                     
                                                       "Local Hit Blocks": 0,                                                          
                                                       "Local Read Blocks": 0,                                                         
                                                       "Local Dirtied Blocks": 0,                                                      
                                                       "Local Written Blocks": 0,                                                      
                                                       "Temp Read Blocks": 0,                                                          
                                                       "Temp Written Blocks": 0,                                                       
                                                       "Plans": [                                                                      
                                                         {                                                                             
                                                           "Node Type": "Seq Scan",                                                    
                                                           "Parent Relationship": "Outer",                                             
                                                           "Parallel Aware": false,                                                    
                                                           "Relation Name": "movie_keyword",                                           
                                                           "Alias": "mk",                                                              
                                                           "Startup Cost": 0.00,                                                       
                                                           "Total Cost": 1079.84,                                                      
                                                           "Plan Rows": 4523930,                                                       
                                                           "Plan Width": 8,                                                            
                                                           "Actual Startup Time": 0.014,                                               
                                                           "Actual Total Time": 607.133,                                               
                                                           "Actual Rows": 4523930,                                                     
                                                           "Actual Loops": 1,                                                          
                                                           "Shared Hit Blocks": 3,                                                     
                                                           "Shared Read Blocks": 24451,                                                
                                                           "Shared Dirtied Blocks": 0,                                                 
                                                           "Shared Written Blocks": 0,                                                 
                                                           "Local Hit Blocks": 0,                                                      
                                                           "Local Read Blocks": 0,                                                     
                                                           "Local Dirtied Blocks": 0,                                                  
                                                           "Local Written Blocks": 0,                                                  
                                                           "Temp Read Blocks": 0,                                                      
                                                           "Temp Written Blocks": 0                                                    
                                                         },                                                                            
                                                         {                                                                             
                                                           "Node Type": "Materialize",                                                 
                                                           "Parent Relationship": "Inner",                                             
                                                           "Parallel Aware": false,                                                    
                                                           "Startup Cost": 0.00,                                                       
                                                           "Total Cost": 54.67,                                                        
                                                           "Plan Rows": 3,                                                             
                                                           "Plan Width": 4,                                                            
                                                           "Actual Startup Time": 0.000,                                               
                                                           "Actual Total Time": 0.000,                                                 
                                                           "Actual Rows": 3,                                                           
                                                           "Actual Loops": 4523930,                                                    
                                                           "Shared Hit Blocks": 2,                                                     
                                                           "Shared Read Blocks": 947,                                                  
                                                           "Shared Dirtied Blocks": 0,                                                 
                                                           "Shared Written Blocks": 0,                                                 
                                                           "Local Hit Blocks": 0,                                                      
                                                           "Local Read Blocks": 0,                                                     
                                                           "Local Dirtied Blocks": 0,                                                  
                                                           "Local Written Blocks": 0,                                                  
                                                           "Temp Read Blocks": 0,                                                      
                                                           "Temp Written Blocks": 0,                                                   
                                                           "Plans": [                                                                  
                                                             {                                                                         
                                                               "Node Type": "Seq Scan",                                                
                                                               "Parent Relationship": "Outer",                                         
                                                               "Parallel Aware": false,                                                
                                                               "Relation Name": "keyword",                                             
                                                               "Alias": "k",                                                           
                                                               "Startup Cost": 0.00,                                                   
                                                               "Total Cost": 54.67,                                                    
                                                               "Plan Rows": 3,                                                         
                                                               "Plan Width": 4,                                                        
                                                               "Actual Startup Time": 22.928,                                          
                                                               "Actual Total Time": 83.515,                                            
                                                               "Actual Rows": 3,                                                       
                                                               "Actual Loops": 1,                                                      
                                                               "Filter": "(keyword = ANY ('{sequel,revenge,based-on-novel}'::text[]))",
                                                               "Rows Removed by Filter": 134167,                                       
                                                               "Shared Hit Blocks": 2,                                                 
                                                               "Shared Read Blocks": 947,                                              
                                                               "Shared Dirtied Blocks": 0,                                             
                                                               "Shared Written Blocks": 0,                                             
                                                               "Local Hit Blocks": 0,                                                  
                                                               "Local Read Blocks": 0,                                                 
                                                               "Local Dirtied Blocks": 0,                                              
                                                               "Local Written Blocks": 0,                                              
                                                               "Temp Read Blocks": 0,                                                  
                                                               "Temp Written Blocks": 0                                                
                                                             }                                                                         
                                                           ]                                                                           
                                                         }                                                                             
                                                       ]                                                                               
                                                     }                                                                                 
                                                   ]                                                                                   
                                                 },                                                                                    
                                                 {                                                                                     
                                                   "Node Type": "Sort",                                                                
                                                   "Parent Relationship": "Inner",                                                     
                                                   "Parallel Aware": false,                                                            
                                                   "Startup Cost": 76.46,                                                              
                                                   "Total Cost": 78.79,                                                                
                                                   "Plan Rows": 29997,                                                                 
                                                   "Plan Width": 8,                                                                    
                                                   "Actual Startup Time": 45.499,                                                      
                                                   "Actual Total Time": 47.079,                                                        
                                                   "Actual Rows": 30043,                                                               
                                                   "Actual Loops": 1,                                                                  
                                                   "Sort Key": ["ml.movie_id"],                                                        
                                                   "Sort Method": "quicksort",                                                         
                                                   "Sort Space Used": 2175,                                                            
                                                   "Sort Space Type": "Memory",                                                        
                                                   "Shared Hit Blocks": 2,                                                             
                                                   "Shared Read Blocks": 161,                                                          
                                                   "Shared Dirtied Blocks": 0,                                                         
                                                   "Shared Written Blocks": 0,                                                         
                                                   "Local Hit Blocks": 0,                                                              
                                                   "Local Read Blocks": 0,                                                             
                                                   "Local Dirtied Blocks": 0,                                                          
                                                   "Local Written Blocks": 0,                                                          
                                                   "Temp Read Blocks": 0,                                                              
                                                   "Temp Written Blocks": 0,                                                           
                                                   "Plans": [                                                                          
                                                     {                                                                                 
                                                       "Node Type": "Seq Scan",                                                        
                                                       "Parent Relationship": "Outer",                                                 
                                                       "Parallel Aware": false,                                                        
                                                       "Relation Name": "movie_link",                                                  
                                                       "Alias": "ml",                                                                  
                                                       "Startup Cost": 0.00,                                                           
                                                       "Total Cost": 7.19,                                                             
                                                       "Plan Rows": 29997,                                                             
                                                       "Plan Width": 8,                                                                
                                                       "Actual Startup Time": 0.012,                                                   
                                                       "Actual Total Time": 30.678,                                                    
                                                       "Actual Rows": 29997,                                                           
                                                       "Actual Loops": 1,                                                              
                                                       "Shared Hit Blocks": 2,                                                         
                                                       "Shared Read Blocks": 161,                                                      
                                                       "Shared Dirtied Blocks": 0,                                                     
                                                       "Shared Written Blocks": 0,                                                     
                                                       "Local Hit Blocks": 0,                                                          
                                                       "Local Read Blocks": 0,                                                         
                                                       "Local Dirtied Blocks": 0,                                                      
                                                       "Local Written Blocks": 0,                                                      
                                                       "Temp Read Blocks": 0,                                                          
                                                       "Temp Written Blocks": 0                                                        
                                                     }                                                                                 
                                                   ]                                                                                   
                                                 }                                                                                     
                                               ]                                                                                       
                                             }                                                                                         
                                           ]                                                                                           
                                         }                                                                                             
                                       ]                                                                                               
                                     }                                                                                                 
                                   ]                                                                                                   
                                 }                                                                                                     
                               ]                                                                                                       
                             }                                                                                                         
                           ]                                                                                                           
                         }                                                                                                             
                       ]                                                                                                               
                     },                                                                                                                
                     {                                                                                                                 
                       "Node Type": "Materialize",                                                                                     
                       "Parent Relationship": "Inner",                                                                                 
                       "Parallel Aware": false,                                                                                        
                       "Startup Cost": 0.00,                                                                                           
                       "Total Cost": 0.03,                                                                                             
                       "Plan Rows": 3,                                                                                                 
                       "Plan Width": 4,                                                                                                
                       "Actual Startup Time": 0.000,                                                                                   
                       "Actual Total Time": 0.000,                                                                                     
                       "Actual Rows": 1,                                                                                               
                       "Actual Loops": 15510,                                                                                          
                       "Shared Hit Blocks": 1,                                                                                         
                       "Shared Read Blocks": 0,                                                                                        
                       "Shared Dirtied Blocks": 0,                                                                                     
                       "Shared Written Blocks": 0,                                                                                     
                       "Local Hit Blocks": 0,                                                                                          
                       "Local Read Blocks": 0,                                                                                         
                       "Local Dirtied Blocks": 0,                                                                                      
                       "Local Written Blocks": 0,                                                                                      
                       "Temp Read Blocks": 0,                                                                                          
                       "Temp Written Blocks": 0,                                                                                       
                       "Plans": [                                                                                                      
                         {                                                                                                             
                           "Node Type": "Seq Scan",                                                                                    
                           "Parent Relationship": "Outer",                                                                             
                           "Parallel Aware": false,                                                                                    
                           "Relation Name": "company_type",                                                                            
                           "Alias": "ct",                                                                                              
                           "Startup Cost": 0.00,                                                                                       
                           "Total Cost": 0.03,                                                                                         
                           "Plan Rows": 3,                                                                                             
                           "Plan Width": 4,                                                                                            
                           "Actual Startup Time": 0.006,                                                                               
                           "Actual Total Time": 0.010,                                                                                 
                           "Actual Rows": 3,                                                                                           
                           "Actual Loops": 1,                                                                                          
                           "Filter": "((kind IS NOT NULL) AND ((kind)::text <> 'production companies'::text))",                        
                           "Rows Removed by Filter": 1,                                                                                
                           "Shared Hit Blocks": 1,                                                                                     
                           "Shared Read Blocks": 0,                                                                                    
                           "Shared Dirtied Blocks": 0,                                                                                 
                           "Shared Written Blocks": 0,                                                                                 
                           "Local Hit Blocks": 0,                                                                                      
                           "Local Read Blocks": 0,                                                                                     
                           "Local Dirtied Blocks": 0,                                                                                  
                           "Local Written Blocks": 0,                                                                                  
                           "Temp Read Blocks": 0,                                                                                      
                           "Temp Written Blocks": 0                                                                                    
                         }                                                                                                             
                       ]                                                                                                               
                     }                                                                                                                 
                   ]                                                                                                                   
                 }                                                                                                                     
               ]                                                                                                                       
             }                                                                                                                         
           ]                                                                                                                           
         }                                                                                                                             
       ]                                                                                                                               
     },                                                                                                                                
     "Planning Time": 3280.637,                                                                                                        
     "Triggers": [                                                                                                                     
     ],                                                                                                                                
     "Execution Time": 1240258.016                                                                                                     
   }                                                                                                                                   
 ]
