 [                                                                                                     
   {                                                                                                   
     "Plan": {                                                                                         
       "Node Type": "Aggregate",                                                                       
       "Strategy": "Plain",                                                                            
       "Partial Mode": "Simple",                                                                       
       "Parallel Aware": false,                                                                        
       "Startup Cost": 11101.62,                                                                       
       "Total Cost": 11101.62,                                                                         
       "Plan Rows": 1,                                                                                 
       "Plan Width": 96,                                                                               
       "Actual Startup Time": 819866.842,                                                              
       "Actual Total Time": 819866.842,                                                                
       "Actual Rows": 1,                                                                               
       "Actual Loops": 1,                                                                              
       "Shared Hit Blocks": 17,                                                                        
       "Shared Read Blocks": 228116,                                                                   
       "Shared Dirtied Blocks": 0,                                                                     
       "Shared Written Blocks": 0,                                                                     
       "Local Hit Blocks": 0,                                                                          
       "Local Read Blocks": 0,                                                                         
       "Local Dirtied Blocks": 0,                                                                      
       "Local Written Blocks": 0,                                                                      
       "Temp Read Blocks": 0,                                                                          
       "Temp Written Blocks": 0,                                                                       
       "Plans": [                                                                                      
         {                                                                                             
           "Node Type": "Nested Loop",                                                                 
           "Parent Relationship": "Outer",                                                             
           "Parallel Aware": false,                                                                    
           "Join Type": "Inner",                                                                       
           "Startup Cost": 7801.77,                                                                    
           "Total Cost": 11101.62,                                                                     
           "Plan Rows": 1,                                                                             
           "Plan Width": 42,                                                                           
           "Actual Startup Time": 734657.643,                                                          
           "Actual Total Time": 819866.286,                                                            
           "Actual Rows": 397,                                                                         
           "Actual Loops": 1,                                                                          
           "Inner Unique": false,                                                                      
           "Join Filter": "(mi.movie_id = t.id)",                                                      
           "Rows Removed by Join Filter": 584522063,                                                   
           "Shared Hit Blocks": 17,                                                                    
           "Shared Read Blocks": 228116,                                                               
           "Shared Dirtied Blocks": 0,                                                                 
           "Shared Written Blocks": 0,                                                                 
           "Local Hit Blocks": 0,                                                                      
           "Local Read Blocks": 0,                                                                     
           "Local Dirtied Blocks": 0,                                                                  
           "Local Written Blocks": 0,                                                                  
           "Temp Read Blocks": 0,                                                                      
           "Temp Written Blocks": 0,                                                                   
           "Plans": [                                                                                  
             {                                                                                         
               "Node Type": "Seq Scan",                                                                
               "Parent Relationship": "Outer",                                                         
               "Parallel Aware": false,                                                                
               "Relation Name": "title",                                                               
               "Alias": "t",                                                                           
               "Startup Cost": 0.00,                                                                   
               "Total Cost": 1696.56,                                                                  
               "Plan Rows": 445860,                                                                    
               "Plan Width": 21,                                                                       
               "Actual Startup Time": 21.952,                                                          
               "Actual Total Time": 590.631,                                                           
               "Actual Rows": 445860,                                                                  
               "Actual Loops": 1,                                                                      
               "Filter": "((production_year >= 2005) AND (production_year <= 2008))",                  
               "Rows Removed by Filter": 2082452,                                                      
               "Shared Hit Blocks": 1,                                                                 
               "Shared Read Blocks": 35997,                                                            
               "Shared Dirtied Blocks": 0,                                                             
               "Shared Written Blocks": 0,                                                             
               "Local Hit Blocks": 0,                                                                  
               "Local Read Blocks": 0,                                                                 
               "Local Dirtied Blocks": 0,                                                              
               "Local Written Blocks": 0,                                                              
               "Temp Read Blocks": 0,                                                                  
               "Temp Written Blocks": 0                                                                
             },                                                                                        
             {                                                                                         
               "Node Type": "Materialize",                                                             
               "Parent Relationship": "Inner",                                                         
               "Parallel Aware": false,                                                                
               "Startup Cost": 7801.77,                                                                
               "Total Cost": 9305.00,                                                                  
               "Plan Rows": 1,                                                                         
               "Plan Width": 37,                                                                       
               "Actual Startup Time": 1.573,                                                           
               "Actual Total Time": 1.699,                                                             
               "Actual Rows": 1311,                                                                    
               "Actual Loops": 445860,                                                                 
               "Shared Hit Blocks": 16,                                                                
               "Shared Read Blocks": 192119,                                                           
               "Shared Dirtied Blocks": 0,                                                             
               "Shared Written Blocks": 0,                                                             
               "Local Hit Blocks": 0,                                                                  
               "Local Read Blocks": 0,                                                                 
               "Local Dirtied Blocks": 0,                                                              
               "Local Written Blocks": 0,                                                              
               "Temp Read Blocks": 0,                                                                  
               "Temp Written Blocks": 0,                                                               
               "Plans": [                                                                              
                 {                                                                                     
                   "Node Type": "Nested Loop",                                                         
                   "Parent Relationship": "Outer",                                                     
                   "Parallel Aware": false,                                                            
                   "Join Type": "Inner",                                                               
                   "Startup Cost": 7801.77,                                                            
                   "Total Cost": 9305.00,                                                              
                   "Plan Rows": 1,                                                                     
                   "Plan Width": 37,                                                                   
                   "Actual Startup Time": 701105.170,                                                  
                   "Actual Total Time": 731649.593,                                                    
                   "Actual Rows": 1311,                                                                
                   "Actual Loops": 1,                                                                  
                   "Inner Unique": false,                                                              
                   "Join Filter": "(mc.company_id = cn.id)",                                           
                   "Rows Removed by Join Filter": 213633363,                                           
                   "Shared Hit Blocks": 16,                                                            
                   "Shared Read Blocks": 192119,                                                       
                   "Shared Dirtied Blocks": 0,                                                         
                   "Shared Written Blocks": 0,                                                         
                   "Local Hit Blocks": 0,                                                              
                   "Local Read Blocks": 0,                                                             
                   "Local Dirtied Blocks": 0,                                                          
                   "Local Written Blocks": 0,                                                          
                   "Temp Read Blocks": 0,                                                              
                   "Temp Written Blocks": 0,                                                           
                   "Plans": [                                                                          
                     {                                                                                 
                       "Node Type": "Seq Scan",                                                        
                       "Parent Relationship": "Outer",                                                 
                       "Parallel Aware": false,                                                        
                       "Relation Name": "company_name",                                                
                       "Alias": "cn",                                                                  
                       "Startup Cost": 0.00,                                                           
                       "Total Cost": 128.41,                                                           
                       "Plan Rows": 84843,                                                             
                       "Plan Width": 23,                                                               
                       "Actual Startup Time": 8.019,                                                   
                       "Actual Total Time": 65.214,                                                    
                       "Actual Rows": 84843,                                                           
                       "Actual Loops": 1,                                                              
                       "Filter": "((country_code)::text = '[us]'::text)",                              
                       "Rows Removed by Filter": 150154,                                               
                       "Shared Hit Blocks": 2,                                                         
                       "Shared Read Blocks": 2992,                                                     
                       "Shared Dirtied Blocks": 0,                                                     
                       "Shared Written Blocks": 0,                                                     
                       "Local Hit Blocks": 0,                                                          
                       "Local Read Blocks": 0,                                                         
                       "Local Dirtied Blocks": 0,                                                      
                       "Local Written Blocks": 0,                                                      
                       "Temp Read Blocks": 0,                                                          
                       "Temp Written Blocks": 0                                                        
                     },                                                                                
                     {                                                                                 
                       "Node Type": "Materialize",                                                     
                       "Parent Relationship": "Inner",                                                 
                       "Parallel Aware": false,                                                        
                       "Startup Cost": 7801.77,                                                        
                       "Total Cost": 9157.55,                                                          
                       "Plan Rows": 1,                                                                 
                       "Plan Width": 22,                                                               
                       "Actual Startup Time": 4.099,                                                   
                       "Actual Total Time": 8.375,                                                     
                       "Actual Rows": 2518,                                                            
                       "Actual Loops": 84843,                                                          
                       "Shared Hit Blocks": 14,                                                        
                       "Shared Read Blocks": 189127,                                                   
                       "Shared Dirtied Blocks": 0,                                                     
                       "Shared Written Blocks": 0,                                                     
                       "Local Hit Blocks": 0,                                                          
                       "Local Read Blocks": 0,                                                         
                       "Local Dirtied Blocks": 0,                                                      
                       "Local Written Blocks": 0,                                                      
                       "Temp Read Blocks": 0,                                                          
                       "Temp Written Blocks": 0,                                                       
                       "Plans": [                                                                      
                         {                                                                             
                           "Node Type": "Nested Loop",                                                 
                           "Parent Relationship": "Outer",                                             
                           "Parallel Aware": false,                                                    
                           "Join Type": "Inner",                                                       
                           "Startup Cost": 7801.77,                                                    
                           "Total Cost": 9157.55,                                                      
                           "Plan Rows": 1,                                                             
                           "Plan Width": 22,                                                           
                           "Actual Startup Time": 347743.643,                                          
                           "Actual Total Time": 701090.250,                                            
                           "Actual Rows": 2518,                                                        
                           "Actual Loops": 1,                                                          
                           "Inner Unique": true,                                                       
                           "Join Filter": "(mc.company_type_id = ct.id)",                              
                           "Rows Removed by Join Filter": 8341,                                        
                           "Shared Hit Blocks": 14,                                                    
                           "Shared Read Blocks": 189127,                                               
                           "Shared Dirtied Blocks": 0,                                                 
                           "Shared Written Blocks": 0,                                                 
                           "Local Hit Blocks": 0,                                                      
                           "Local Read Blocks": 0,                                                     
                           "Local Dirtied Blocks": 0,                                                  
                           "Local Written Blocks": 0,                                                  
                           "Temp Read Blocks": 0,                                                      
                           "Temp Written Blocks": 0,                                                   
                           "Plans": [                                                                  
                             {                                                                         
                               "Node Type": "Nested Loop",                                             
                               "Parent Relationship": "Outer",                                         
                               "Parallel Aware": false,                                                
                               "Join Type": "Inner",                                                   
                               "Startup Cost": 7801.77,                                                
                               "Total Cost": 9157.52,                                                  
                               "Plan Rows": 3,                                                         
                               "Plan Width": 26,                                                       
                               "Actual Startup Time": 9916.460,                                        
                               "Actual Total Time": 701086.131,                                        
                               "Actual Rows": 10859,                                                   
                               "Actual Loops": 1,                                                      
                               "Inner Unique": false,                                                  
                               "Join Filter": "(mi.movie_id = mc.movie_id)",                           
                               "Rows Removed by Join Filter": 5069526788,                              
                               "Shared Hit Blocks": 13,                                                
                               "Shared Read Blocks": 189127,                                           
                               "Shared Dirtied Blocks": 0,                                             
                               "Shared Written Blocks": 0,                                             
                               "Local Hit Blocks": 0,                                                  
                               "Local Read Blocks": 0,                                                 
                               "Local Dirtied Blocks": 0,                                              
                               "Local Written Blocks": 0,                                              
                               "Temp Read Blocks": 0,                                                  
                               "Temp Written Blocks": 0,                                               
                               "Plans": [                                                              
                                 {                                                                     
                                   "Node Type": "Seq Scan",                                            
                                   "Parent Relationship": "Outer",                                     
                                   "Parallel Aware": false,                                            
                                   "Relation Name": "movie_companies",                                 
                                   "Alias": "mc",                                                      
                                   "Startup Cost": 0.00,                                               
                                   "Total Cost": 769.75,                                               
                                   "Plan Rows": 2609129,                                               
                                   "Plan Width": 12,                                                   
                                   "Actual Startup Time": 0.013,                                       
                                   "Actual Total Time": 415.733,                                       
                                   "Actual Rows": 2609129,                                             
                                   "Actual Loops": 1,                                                  
                                   "Shared Hit Blocks": 3,                                             
                                   "Shared Read Blocks": 18786,                                        
                                   "Shared Dirtied Blocks": 0,                                         
                                   "Shared Written Blocks": 0,                                         
                                   "Local Hit Blocks": 0,                                              
                                   "Local Read Blocks": 0,                                             
                                   "Local Dirtied Blocks": 0,                                          
                                   "Local Written Blocks": 0,                                          
                                   "Temp Read Blocks": 0,                                              
                                   "Temp Written Blocks": 0                                            
                                 },                                                                    
                                 {                                                                     
                                   "Node Type": "Materialize",                                         
                                   "Parent Relationship": "Inner",                                     
                                   "Parallel Aware": false,                                            
                                   "Startup Cost": 7801.77,                                            
                                   "Total Cost": 7802.22,                                              
                                   "Plan Rows": 1,                                                     
                                   "Plan Width": 14,                                                   
                                   "Actual Startup Time": 0.003,                                       
                                   "Actual Total Time": 0.088,                                         
                                   "Actual Rows": 1943,                                                
                                   "Actual Loops": 2609129,                                            
                                   "Shared Hit Blocks": 10,                                            
                                   "Shared Read Blocks": 170341,                                       
                                   "Shared Dirtied Blocks": 0,                                         
                                   "Shared Written Blocks": 0,                                         
                                   "Local Hit Blocks": 0,                                              
                                   "Local Read Blocks": 0,                                             
                                   "Local Dirtied Blocks": 0,                                          
                                   "Local Written Blocks": 0,                                          
                                   "Temp Read Blocks": 0,                                              
                                   "Temp Written Blocks": 0,                                           
                                   "Plans": [                                                          
                                     {                                                                 
                                       "Node Type": "Merge Join",                                      
                                       "Parent Relationship": "Outer",                                 
                                       "Parallel Aware": false,                                        
                                       "Join Type": "Inner",                                           
                                       "Startup Cost": 7801.77,                                        
                                       "Total Cost": 7802.22,                                          
                                       "Plan Rows": 1,                                                 
                                       "Plan Width": 14,                                               
                                       "Actual Startup Time": 8973.426,                                
                                       "Actual Total Time": 9015.624,                                  
                                       "Actual Rows": 1943,                                            
                                       "Actual Loops": 1,                                              
                                       "Inner Unique": false,                                          
                                       "Merge Cond": "(mi.movie_id = mi_idx.movie_id)",                
                                       "Shared Hit Blocks": 10,                                        
                                       "Shared Read Blocks": 170341,                                   
                                       "Shared Dirtied Blocks": 0,                                     
                                       "Shared Written Blocks": 0,                                     
                                       "Local Hit Blocks": 0,                                          
                                       "Local Read Blocks": 0,                                         
                                       "Local Dirtied Blocks": 0,                                      
                                       "Local Written Blocks": 0,                                      
                                       "Temp Read Blocks": 0,                                          
                                       "Temp Written Blocks": 0,                                       
                                       "Plans": [                                                      
                                         {                                                             
                                           "Node Type": "Sort",                                        
                                           "Parent Relationship": "Outer",                             
                                           "Parallel Aware": false,                                    
                                           "Startup Cost": 7321.51,                                    
                                           "Total Cost": 7321.70,                                      
                                           "Plan Rows": 2427,                                          
                                           "Plan Width": 4,                                            
                                           "Actual Startup Time": 8359.640,                            
                                           "Actual Total Time": 8372.270,                              
                                           "Actual Rows": 272691,                                      
                                           "Actual Loops": 1,                                          
                                           "Sort Key": ["mi.movie_id"],                                
                                           "Sort Method": "quicksort",                                 
                                           "Sort Space Used": 25072,                                   
                                           "Sort Space Type": "Memory",                                
                                           "Shared Hit Blocks": 7,                                     
                                           "Shared Read Blocks": 161890,                               
                                           "Shared Dirtied Blocks": 0,                                 
                                           "Shared Written Blocks": 0,                                 
                                           "Local Hit Blocks": 0,                                      
                                           "Local Read Blocks": 0,                                     
                                           "Local Dirtied Blocks": 0,                                  
                                           "Local Written Blocks": 0,                                  
                                           "Temp Read Blocks": 0,                                      
                                           "Temp Written Blocks": 0,                                   
                                           "Plans": [                                                  
                                             {                                                         
                                               "Node Type": "Nested Loop",                             
                                               "Parent Relationship": "Outer",                         
                                               "Parallel Aware": false,                                
                                               "Join Type": "Inner",                                   
                                               "Startup Cost": 0.00,                                   
                                               "Total Cost": 7317.27,                                  
                                               "Plan Rows": 2427,                                      
                                               "Plan Width": 4,                                        
                                               "Actual Startup Time": 7507.252,                        
                                               "Actual Total Time": 8224.938,                          
                                               "Actual Rows": 272720,                                  
                                               "Actual Loops": 1,                                      
                                               "Inner Unique": true,                                   
                                               "Join Filter": "(it.id = mi.info_type_id)",            
                                               "Rows Removed by Join Filter": 1924,                    
                                               "Shared Hit Blocks": 3,                                 
                                               "Shared Read Blocks": 161890,                           
                                               "Shared Dirtied Blocks": 0,                             
                                               "Shared Written Blocks": 0,                             
                                               "Local Hit Blocks": 0,                                  
                                               "Local Read Blocks": 0,                                 
                                               "Local Dirtied Blocks": 0,                              
                                               "Local Written Blocks": 0,                              
                                               "Temp Read Blocks": 0,                                  
                                               "Temp Written Blocks": 0,                               
                                               "Plans": [                                              
                                                 {                                                     
                                                   "Node Type": "Seq Scan",                            
                                                   "Parent Relationship": "Outer",                     
                                                   "Parallel Aware": false,                            
                                                   "Relation Name": "movie_info",                      
                                                   "Alias": "mi",                                      
                                                   "Startup Cost": 0.00,                               
                                                   "Total Cost": 7255.68,                              
                                                   "Plan Rows": 274233,                                
                                                   "Plan Width": 8,                                    
                                                   "Actual Startup Time": 4803.435,                    
                                                   "Actual Total Time": 8116.406,                      
                                                   "Actual Rows": 274644,                              
                                                   "Actual Loops": 1,                                  
                                                   "Filter": "(info = ANY ('{Drama,Horror}'::text[]))",
                                                   "Rows Removed by Filter": 14561076,                 
                                                   "Shared Hit Blocks": 2,                             
                                                   "Shared Read Blocks": 161890,                       
                                                   "Shared Dirtied Blocks": 0,                         
                                                   "Shared Written Blocks": 0,                         
                                                   "Local Hit Blocks": 0,                              
                                                   "Local Read Blocks": 0,                             
                                                   "Local Dirtied Blocks": 0,                          
                                                   "Local Written Blocks": 0,                          
                                                   "Temp Read Blocks": 0,                              
                                                   "Temp Written Blocks": 0                            
                                                 },                                                    
                                                 {                                                     
                                                   "Node Type": "Materialize",                         
                                                   "Parent Relationship": "Inner",                     
                                                   "Parallel Aware": false,                            
                                                   "Startup Cost": 0.00,                               
                                                   "Total Cost": 0.05,                                 
                                                   "Plan Rows": 1,                                     
                                                   "Plan Width": 4,                                    
                                                   "Actual Startup Time": 0.000,                       
                                                   "Actual Total Time": 0.000,                         
                                                   "Actual Rows": 1,                                   
                                                   "Actual Loops": 274644,                             
                                                   "Shared Hit Blocks": 1,                             
                                                   "Shared Read Blocks": 0,                            
                                                   "Shared Dirtied Blocks": 0,                         
                                                   "Shared Written Blocks": 0,                         
                                                   "Local Hit Blocks": 0,                              
                                                   "Local Read Blocks": 0,                             
                                                   "Local Dirtied Blocks": 0,                          
                                                   "Local Written Blocks": 0,                          
                                                   "Temp Read Blocks": 0,                              
                                                   "Temp Written Blocks": 0,                           
                                                   "Plans": [                                          
                                                     {                                                 
                                                       "Node Type": "Seq Scan",                        
                                                       "Parent Relationship": "Outer",                 
                                                       "Parallel Aware": false,                        
                                                       "Relation Name": "info_type",                   
                                                       "Alias": "it",                                 
                                                       "Startup Cost": 0.00,                           
                                                       "Total Cost": 0.05,                             
                                                       "Plan Rows": 1,                                 
                                                       "Plan Width": 4,                                
                                                       "Actual Startup Time": 0.012,                   
                                                       "Actual Total Time": 0.024,                     
                                                       "Actual Rows": 1,                               
                                                       "Actual Loops": 1,                              
                                                       "Filter": "((info)::text = 'genres'::text)",    
                                                       "Rows Removed by Filter": 112,                  
                                                       "Shared Hit Blocks": 1,                         
                                                       "Shared Read Blocks": 0,                        
                                                       "Shared Dirtied Blocks": 0,                     
                                                       "Shared Written Blocks": 0,                     
                                                       "Local Hit Blocks": 0,                          
                                                       "Local Read Blocks": 0,                         
                                                       "Local Dirtied Blocks": 0,                      
                                                       "Local Written Blocks": 0,                      
                                                       "Temp Read Blocks": 0,                          
                                                       "Temp Written Blocks": 0                        
                                                     }                                                 
                                                   ]                                                   
                                                 }                                                     
                                               ]                                                       
                                             }                                                         
                                           ]                                                           
                                         },                                                            
                                         {                                                             
                                           "Node Type": "Sort",                                        
                                           "Parent Relationship": "Inner",                             
                                           "Parallel Aware": false,                                    
                                           "Startup Cost": 480.26,                                     
                                           "Total Cost": 480.30,                                       
                                           "Plan Rows": 468,                                           
                                           "Plan Width": 10,                                           
                                           "Actual Startup Time": 613.757,                             
                                           "Actual Total Time": 614.526,                               
                                           "Actual Rows": 15903,                                       
                                           "Actual Loops": 1,                                          
                                           "Sort Key": ["mi_idx.movie_id"],                            
                                           "Sort Method": "quicksort",                                 
                                           "Sort Space Used": 1127,                                    
                                           "Sort Space Type": "Memory",                                
                                           "Shared Hit Blocks": 3,                                     
                                           "Shared Read Blocks": 8451,                                 
                                           "Shared Dirtied Blocks": 0,                                 
                                           "Shared Written Blocks": 0,                                 
                                           "Local Hit Blocks": 0,                                      
                                           "Local Read Blocks": 0,                                     
                                           "Local Dirtied Blocks": 0,                                  
                                           "Local Written Blocks": 0,                                  
                                           "Temp Read Blocks": 0,                                      
                                           "Temp Written Blocks": 0,                                   
                                           "Plans": [                                                  
                                             {                                                         
                                               "Node Type": "Nested Loop",                             
                                               "Parent Relationship": "Outer",                         
                                               "Parallel Aware": false,                                
                                               "Join Type": "Inner",                                   
                                               "Startup Cost": 0.00,                                   
                                               "Total Cost": 479.62,                                   
                                               "Plan Rows": 468,                                       
                                               "Plan Width": 10,                                       
                                               "Actual Startup Time": 0.052,                           
                                               "Actual Total Time": 605.517,                           
                                               "Actual Rows": 15849,                                   
                                               "Actual Loops": 1,                                      
                                               "Inner Unique": true,                                   
                                               "Join Filter": "(it.id = mi_idx.info_type_id)",        
                                               "Rows Removed by Join Filter": 37013,                   
                                               "Shared Hit Blocks": 3,                                 
                                               "Shared Read Blocks": 8451,                             
                                               "Shared Dirtied Blocks": 0,                             
                                               "Shared Written Blocks": 0,                             
                                               "Local Hit Blocks": 0,                                  
                                               "Local Read Blocks": 0,                                 
                                               "Local Dirtied Blocks": 0,                              
                                               "Local Written Blocks": 0,                              
                                               "Temp Read Blocks": 0,                                  
                                               "Temp Written Blocks": 0,                               
                                               "Plans": [                                              
                                                 {                                                     
                                                   "Node Type": "Seq Scan",                            
                                                   "Parent Relationship": "Outer",                     
                                                   "Parallel Aware": false,                            
                                                   "Relation Name": "movie_info_idx",                  
                                                   "Alias": "mi_idx",                                  
                                                   "Startup Cost": 0.00,                               
                                                   "Total Cost": 467.71,                               
                                                   "Plan Rows": 52860,                                 
                                                   "Plan Width": 14,                                   
                                                   "Actual Startup Time": 0.028,                       
                                                   "Actual Total Time": 572.532,                       
                                                   "Actual Rows": 52862,                               
                                                   "Actual Loops": 1,                                  
                                                   "Filter": "(info > '8.0'::text)",                   
                                                   "Rows Removed by Filter": 1327173,                  
                                                   "Shared Hit Blocks": 2,                             
                                                   "Shared Read Blocks": 8451,                         
                                                   "Shared Dirtied Blocks": 0,                         
                                                   "Shared Written Blocks": 0,                         
                                                   "Local Hit Blocks": 0,                              
                                                   "Local Read Blocks": 0,                             
                                                   "Local Dirtied Blocks": 0,                          
                                                   "Local Written Blocks": 0,                          
                                                   "Temp Read Blocks": 0,                              
                                                   "Temp Written Blocks": 0                            
                                                 },                                                    
                                                 {                                                     
                                                   "Node Type": "Materialize",                         
                                                   "Parent Relationship": "Inner",                     
                                                   "Parallel Aware": false,                            
                                                   "Startup Cost": 0.00,                               
                                                   "Total Cost": 0.05,                                 
                                                   "Plan Rows": 1,                                     
                                                   "Plan Width": 4,                                    
                                                   "Actual Startup Time": 0.000,                       
                                                   "Actual Total Time": 0.000,                         
                                                   "Actual Rows": 1,                                   
                                                   "Actual Loops": 52862,                              
                                                   "Shared Hit Blocks": 1,                             
                                                   "Shared Read Blocks": 0,                            
                                                   "Shared Dirtied Blocks": 0,                         
                                                   "Shared Written Blocks": 0,                         
                                                   "Local Hit Blocks": 0,                              
                                                   "Local Read Blocks": 0,                             
                                                   "Local Dirtied Blocks": 0,                          
                                                   "Local Written Blocks": 0,                          
                                                   "Temp Read Blocks": 0,                              
                                                   "Temp Written Blocks": 0,                           
                                                   "Plans": [                                          
                                                     {                                                 
                                                       "Node Type": "Seq Scan",                        
                                                       "Parent Relationship": "Outer",                 
                                                       "Parallel Aware": false,                        
                                                       "Relation Name": "info_type",                   
                                                       "Alias": "it",                                 
                                                       "Startup Cost": 0.00,                           
                                                       "Total Cost": 0.05,                             
                                                       "Plan Rows": 1,                                 
                                                       "Plan Width": 4,                                
                                                       "Actual Startup Time": 0.016,                   
                                                       "Actual Total Time": 0.023,                     
                                                       "Actual Rows": 1,                               
                                                       "Actual Loops": 1,                              
                                                       "Filter": "((info)::text = 'rating'::text)",    
                                                       "Rows Removed by Filter": 112,                  
                                                       "Shared Hit Blocks": 1,                         
                                                       "Shared Read Blocks": 0,                        
                                                       "Shared Dirtied Blocks": 0,                     
                                                       "Shared Written Blocks": 0,                     
                                                       "Local Hit Blocks": 0,                          
                                                       "Local Read Blocks": 0,                         
                                                       "Local Dirtied Blocks": 0,                      
                                                       "Local Written Blocks": 0,                      
                                                       "Temp Read Blocks": 0,                          
                                                       "Temp Written Blocks": 0                        
                                                     }                                                 
                                                   ]                                                   
                                                 }                                                     
                                               ]                                                       
                                             }                                                         
                                           ]                                                           
                                         }                                                             
                                       ]                                                               
                                     }                                                                 
                                   ]                                                                   
                                 }                                                                     
                               ]                                                                       
                             },                                                                        
                             {                                                                         
                               "Node Type": "Materialize",                                             
                               "Parent Relationship": "Inner",                                         
                               "Parallel Aware": false,                                                
                               "Startup Cost": 0.00,                                                   
                               "Total Cost": 0.03,                                                     
                               "Plan Rows": 1,                                                         
                               "Plan Width": 4,                                                        
                               "Actual Startup Time": 0.000,                                           
                               "Actual Total Time": 0.000,                                             
                               "Actual Rows": 1,                                                       
                               "Actual Loops": 10859,                                                  
                               "Shared Hit Blocks": 1,                                                 
                               "Shared Read Blocks": 0,                                                
                               "Shared Dirtied Blocks": 0,                                             
                               "Shared Written Blocks": 0,                                             
                               "Local Hit Blocks": 0,                                                  
                               "Local Read Blocks": 0,                                                 
                               "Local Dirtied Blocks": 0,                                              
                               "Local Written Blocks": 0,                                              
                               "Temp Read Blocks": 0,                                                  
                               "Temp Written Blocks": 0,                                               
                               "Plans": [                                                              
                                 {                                                                     
                                   "Node Type": "Seq Scan",                                            
                                   "Parent Relationship": "Outer",                                     
                                   "Parallel Aware": false,                                            
                                   "Relation Name": "company_type",                                    
                                   "Alias": "ct",                                                      
                                   "Startup Cost": 0.00,                                               
                                   "Total Cost": 0.03,                                                 
                                   "Plan Rows": 1,                                                     
                                   "Plan Width": 4,                                                    
                                   "Actual Startup Time": 0.008,                                       
                                   "Actual Total Time": 0.009,                                         
                                   "Actual Rows": 1,                                                   
                                   "Actual Loops": 1,                                                  
                                   "Filter": "((kind)::text = 'production companies'::text)",          
                                   "Rows Removed by Filter": 3,                                        
                                   "Shared Hit Blocks": 1,                                             
                                   "Shared Read Blocks": 0,                                            
                                   "Shared Dirtied Blocks": 0,                                         
                                   "Shared Written Blocks": 0,                                         
                                   "Local Hit Blocks": 0,                                              
                                   "Local Read Blocks": 0,                                             
                                   "Local Dirtied Blocks": 0,                                          
                                   "Local Written Blocks": 0,                                          
                                   "Temp Read Blocks": 0,                                              
                                   "Temp Written Blocks": 0                                            
                                 }                                                                     
                               ]                                                                       
                             }                                                                         
                           ]                                                                           
                         }                                                                             
                       ]                                                                               
                     }                                                                                 
                   ]                                                                                   
                 }                                                                                     
               ]                                                                                       
             }                                                                                         
           ]                                                                                           
         }                                                                                             
       ]                                                                                               
     },                                                                                                
     "Planning Time": 5114.619,                                                                        
     "Triggers": [                                                                                     
     ],                                                                                                
     "Execution Time": 819907.129                                                                      
   }                                                                                                   
 ]
