 [                                                                                                                                                       
   {                                                                                                                                                     
     "Plan": {                                                                                                                                           
       "Node Type": "Aggregate",                                                                                                                         
       "Strategy": "Plain",                                                                                                                              
       "Partial Mode": "Simple",                                                                                                                         
       "Parallel Aware": false,                                                                                                                          
       "Startup Cost": 13745.77,                                                                                                                         
       "Total Cost": 13745.77,                                                                                                                           
       "Plan Rows": 1,                                                                                                                                   
       "Plan Width": 64,                                                                                                                                 
       "Actual Startup Time": 13948.942,                                                                                                                 
       "Actual Total Time": 13948.942,                                                                                                                   
       "Actual Rows": 1,                                                                                                                                 
       "Actual Loops": 1,                                                                                                                                
       "Shared Hit Blocks": 17,                                                                                                                          
       "Shared Read Blocks": 228116,                                                                                                                     
       "Shared Dirtied Blocks": 0,                                                                                                                       
       "Shared Written Blocks": 0,                                                                                                                       
       "Local Hit Blocks": 0,                                                                                                                            
       "Local Read Blocks": 0,                                                                                                                           
       "Local Dirtied Blocks": 0,                                                                                                                        
       "Local Written Blocks": 0,                                                                                                                        
       "Temp Read Blocks": 0,                                                                                                                            
       "Temp Written Blocks": 0,                                                                                                                         
       "Plans": [                                                                                                                                        
         {                                                                                                                                               
           "Node Type": "Nested Loop",                                                                                                                   
           "Parent Relationship": "Outer",                                                                                                               
           "Parallel Aware": false,                                                                                                                      
           "Join Type": "Inner",                                                                                                                         
           "Startup Cost": 2591.11,                                                                                                                      
           "Total Cost": 13745.77,                                                                                                                       
           "Plan Rows": 1,                                                                                                                               
           "Plan Width": 59,                                                                                                                             
           "Actual Startup Time": 13502.406,                                                                                                             
           "Actual Total Time": 13948.877,                                                                                                               
           "Actual Rows": 10,                                                                                                                            
           "Actual Loops": 1,                                                                                                                            
           "Inner Unique": false,                                                                                                                        
           "Join Filter": "(mc.company_id = cn.id)",                                                                                                     
           "Rows Removed by Join Filter": 2799809,                                                                                                       
           "Shared Hit Blocks": 17,                                                                                                                      
           "Shared Read Blocks": 228116,                                                                                                                 
           "Shared Dirtied Blocks": 0,                                                                                                                   
           "Shared Written Blocks": 0,                                                                                                                   
           "Local Hit Blocks": 0,                                                                                                                        
           "Local Read Blocks": 0,                                                                                                                       
           "Local Dirtied Blocks": 0,                                                                                                                    
           "Local Written Blocks": 0,                                                                                                                    
           "Temp Read Blocks": 0,                                                                                                                        
           "Temp Written Blocks": 0,                                                                                                                     
           "Plans": [                                                                                                                                    
             {                                                                                                                                           
               "Node Type": "Seq Scan",                                                                                                                  
               "Parent Relationship": "Outer",                                                                                                           
               "Parallel Aware": false,                                                                                                                  
               "Relation Name": "company_name",                                                                                                          
               "Alias": "cn",                                                                                                                            
               "Startup Cost": 0.00,                                                                                                                     
               "Total Cost": 128.41,                                                                                                                     
               "Plan Rows": 84843,                                                                                                                       
               "Plan Width": 4,                                                                                                                          
               "Actual Startup Time": 21.319,                                                                                                            
               "Actual Total Time": 76.366,                                                                                                              
               "Actual Rows": 84843,                                                                                                                     
               "Actual Loops": 1,                                                                                                                        
               "Filter": "((country_code)::text = '[us]'::text)",                                                                                        
               "Rows Removed by Filter": 150154,                                                                                                         
               "Shared Hit Blocks": 2,                                                                                                                   
               "Shared Read Blocks": 2992,                                                                                                               
               "Shared Dirtied Blocks": 0,                                                                                                               
               "Shared Written Blocks": 0,                                                                                                               
               "Local Hit Blocks": 0,                                                                                                                    
               "Local Read Blocks": 0,                                                                                                                   
               "Local Dirtied Blocks": 0,                                                                                                                
               "Local Written Blocks": 0,                                                                                                                
               "Temp Read Blocks": 0,                                                                                                                    
               "Temp Written Blocks": 0                                                                                                                  
             },                                                                                                                                          
             {                                                                                                                                           
               "Node Type": "Materialize",                                                                                                               
               "Parent Relationship": "Inner",                                                                                                           
               "Parallel Aware": false,                                                                                                                  
               "Startup Cost": 2591.11,                                                                                                                  
               "Total Cost": 13598.33,                                                                                                                   
               "Plan Rows": 1,                                                                                                                           
               "Plan Width": 63,                                                                                                                         
               "Actual Startup Time": 0.142,                                                                                                             
               "Actual Total Time": 0.160,                                                                                                               
               "Actual Rows": 33,                                                                                                                        
               "Actual Loops": 84843,                                                                                                                    
               "Shared Hit Blocks": 15,                                                                                                                  
               "Shared Read Blocks": 225124,                                                                                                             
               "Shared Dirtied Blocks": 0,                                                                                                               
               "Shared Written Blocks": 0,                                                                                                               
               "Local Hit Blocks": 0,                                                                                                                    
               "Local Read Blocks": 0,                                                                                                                   
               "Local Dirtied Blocks": 0,                                                                                                                
               "Local Written Blocks": 0,                                                                                                                
               "Temp Read Blocks": 0,                                                                                                                    
               "Temp Written Blocks": 0,                                                                                                                 
               "Plans": [                                                                                                                                
                 {                                                                                                                                       
                   "Node Type": "Nested Loop",                                                                                                           
                   "Parent Relationship": "Outer",                                                                                                       
                   "Parallel Aware": false,                                                                                                              
                   "Join Type": "Inner",                                                                                                                 
                   "Startup Cost": 2591.11,                                                                                                              
                   "Total Cost": 13598.33,                                                                                                               
                   "Plan Rows": 1,                                                                                                                       
                   "Plan Width": 63,                                                                                                                     
                   "Actual Startup Time": 12075.314,                                                                                                     
                   "Actual Total Time": 13459.727,                                                                                                       
                   "Actual Rows": 33,                                                                                                                    
                   "Actual Loops": 1,                                                                                                                    
                   "Inner Unique": true,                                                                                                                 
                   "Join Filter": "(mc.company_type_id = ct.id)",                                                                                        
                   "Rows Removed by Join Filter": 5,                                                                                                     
                   "Shared Hit Blocks": 15,                                                                                                              
                   "Shared Read Blocks": 225124,                                                                                                         
                   "Shared Dirtied Blocks": 0,                                                                                                           
                   "Shared Written Blocks": 0,                                                                                                           
                   "Local Hit Blocks": 0,                                                                                                                
                   "Local Read Blocks": 0,                                                                                                               
                   "Local Dirtied Blocks": 0,                                                                                                            
                   "Local Written Blocks": 0,                                                                                                            
                   "Temp Read Blocks": 0,                                                                                                                
                   "Temp Written Blocks": 0,                                                                                                             
                   "Plans": [                                                                                                                            
                     {                                                                                                                                   
                       "Node Type": "Nested Loop",                                                                                                       
                       "Parent Relationship": "Outer",                                                                                                   
                       "Parallel Aware": false,                                                                                                          
                       "Join Type": "Inner",                                                                                                             
                       "Startup Cost": 2591.11,                                                                                                          
                       "Total Cost": 13598.29,                                                                                                           
                       "Plan Rows": 2,                                                                                                                   
                       "Plan Width": 67,                                                                                                                 
                       "Actual Startup Time": 12075.298,                                                                                                 
                       "Actual Total Time": 13459.690,                                                                                                   
                       "Actual Rows": 33,                                                                                                                
                       "Actual Loops": 1,                                                                                                                
                       "Inner Unique": false,                                                                                                            
                       "Join Filter": "(t.id = mc.movie_id)",                                                                                            
                       "Rows Removed by Join Filter": 5218225,                                                                                           
                       "Shared Hit Blocks": 14,                                                                                                          
                       "Shared Read Blocks": 225124,                                                                                                     
                       "Shared Dirtied Blocks": 0,                                                                                                       
                       "Shared Written Blocks": 0,                                                                                                       
                       "Local Hit Blocks": 0,                                                                                                            
                       "Local Read Blocks": 0,                                                                                                           
                       "Local Dirtied Blocks": 0,                                                                                                        
                       "Local Written Blocks": 0,                                                                                                        
                       "Temp Read Blocks": 0,                                                                                                            
                       "Temp Written Blocks": 0,                                                                                                         
                       "Plans": [                                                                                                                        
                         {                                                                                                                               
                           "Node Type": "Seq Scan",                                                                                                      
                           "Parent Relationship": "Outer",                                                                                               
                           "Parallel Aware": false,                                                                                                      
                           "Relation Name": "movie_companies",                                                                                           
                           "Alias": "mc",                                                                                                                
                           "Startup Cost": 0.00,                                                                                                         
                           "Total Cost": 769.75,                                                                                                         
                           "Plan Rows": 2609129,                                                                                                         
                           "Plan Width": 12,                                                                                                             
                           "Actual Startup Time": 0.012,                                                                                                 
                           "Actual Total Time": 316.856,                                                                                                 
                           "Actual Rows": 2609129,                                                                                                       
                           "Actual Loops": 1,                                                                                                            
                           "Shared Hit Blocks": 3,                                                                                                       
                           "Shared Read Blocks": 18786,                                                                                                  
                           "Shared Dirtied Blocks": 0,                                                                                                   
                           "Shared Written Blocks": 0,                                                                                                   
                           "Local Hit Blocks": 0,                                                                                                        
                           "Local Read Blocks": 0,                                                                                                       
                           "Local Dirtied Blocks": 0,                                                                                                    
                           "Local Written Blocks": 0,                                                                                                    
                           "Temp Read Blocks": 0,                                                                                                        
                           "Temp Written Blocks": 0                                                                                                      
                         },                                                                                                                              
                         {                                                                                                                               
                           "Node Type": "Materialize",                                                                                                   
                           "Parent Relationship": "Inner",                                                                                               
                           "Parallel Aware": false,                                                                                                      
                           "Startup Cost": 2591.11,                                                                                                      
                           "Total Cost": 12242.99,                                                                                                       
                           "Plan Rows": 1,                                                                                                               
                           "Plan Width": 71,                                                                                                             
                           "Actual Startup Time": 0.003,                                                                                                 
                           "Actual Total Time": 0.005,                                                                                                   
                           "Actual Rows": 2,                                                                                                             
                           "Actual Loops": 2609129,                                                                                                      
                           "Shared Hit Blocks": 11,                                                                                                      
                           "Shared Read Blocks": 206338,                                                                                                 
                           "Shared Dirtied Blocks": 0,                                                                                                   
                           "Shared Written Blocks": 0,                                                                                                   
                           "Local Hit Blocks": 0,                                                                                                        
                           "Local Read Blocks": 0,                                                                                                       
                           "Local Dirtied Blocks": 0,                                                                                                    
                           "Local Written Blocks": 0,                                                                                                    
                           "Temp Read Blocks": 0,                                                                                                        
                           "Temp Written Blocks": 0,                                                                                                     
                           "Plans": [                                                                                                                    
                             {                                                                                                                           
                               "Node Type": "Nested Loop",                                                                                               
                               "Parent Relationship": "Outer",                                                                                           
                               "Parallel Aware": false,                                                                                                  
                               "Join Type": "Inner",                                                                                                     
                               "Startup Cost": 2591.11,                                                                                                  
                               "Total Cost": 12242.99,                                                                                                   
                               "Plan Rows": 1,                                                                                                           
                               "Plan Width": 71,                                                                                                         
                               "Actual Startup Time": 7937.199,                                                                                          
                               "Actual Total Time": 11695.540,                                                                                           
                               "Actual Rows": 2,                                                                                                         
                               "Actual Loops": 1,                                                                                                        
                               "Inner Unique": false,                                                                                                    
                               "Join Filter": "(mi.movie_id = t.id)",                                                                                    
                               "Rows Removed by Join Filter": 243724,                                                                                    
                               "Shared Hit Blocks": 11,                                                                                                  
                               "Shared Read Blocks": 206338,                                                                                             
                               "Shared Dirtied Blocks": 0,                                                                                               
                               "Shared Written Blocks": 0,                                                                                               
                               "Local Hit Blocks": 0,                                                                                                    
                               "Local Read Blocks": 0,                                                                                                   
                               "Local Dirtied Blocks": 0,                                                                                                
                               "Local Written Blocks": 0,                                                                                                
                               "Temp Read Blocks": 0,                                                                                                    
                               "Temp Written Blocks": 0,                                                                                                 
                               "Plans": [                                                                                                                
                                 {                                                                                                                       
                                   "Node Type": "Merge Join",                                                                                            
                                   "Parent Relationship": "Outer",                                                                                       
                                   "Parallel Aware": false,                                                                                              
                                   "Join Type": "Inner",                                                                                                 
                                   "Startup Cost": 2591.11,                                                                                              
                                   "Total Cost": 2593.22,                                                                                                
                                   "Plan Rows": 7,                                                                                                       
                                   "Plan Width": 25,                                                                                                     
                                   "Actual Startup Time": 2449.886,                                                                                      
                                   "Actual Total Time": 2450.123,                                                                                        
                                   "Actual Rows": 2,                                                                                                     
                                   "Actual Loops": 1,                                                                                                    
                                   "Inner Unique": true,                                                                                                 
                                   "Merge Cond": "(mi_idx.movie_id = t.id)",                                                                             
                                   "Shared Hit Blocks": 8,                                                                                               
                                   "Shared Read Blocks": 44448,                                                                                          
                                   "Shared Dirtied Blocks": 0,                                                                                           
                                   "Shared Written Blocks": 0,                                                                                           
                                   "Local Hit Blocks": 0,                                                                                                
                                   "Local Read Blocks": 0,                                                                                               
                                   "Local Dirtied Blocks": 0,                                                                                            
                                   "Local Written Blocks": 0,                                                                                            
                                   "Temp Read Blocks": 0,                                                                                                
                                   "Temp Written Blocks": 0,                                                                                             
                                   "Plans": [                                                                                                            
                                     {                                                                                                                   
                                       "Node Type": "Sort",                                                                                              
                                       "Parent Relationship": "Outer",                                                                                   
                                       "Parallel Aware": false,                                                                                          
                                       "Startup Cost": 696.07,                                                                                           
                                       "Total Cost": 697.01,                                                                                             
                                       "Plan Rows": 12213,                                                                                               
                                       "Plan Width": 4,                                                                                                  
                                       "Actual Startup Time": 716.337,                                                                                   
                                       "Actual Total Time": 716.339,                                                                                     
                                       "Actual Rows": 10,                                                                                                
                                       "Actual Loops": 1,                                                                                                
                                       "Sort Key": ["mi_idx.movie_id"],                                                                                  
                                       "Sort Method": "quicksort",                                                                                       
                                       "Sort Space Used": 25,                                                                                            
                                       "Sort Space Type": "Memory",                                                                                      
                                       "Shared Hit Blocks": 7,                                                                                           
                                       "Shared Read Blocks": 8451,                                                                                       
                                       "Shared Dirtied Blocks": 0,                                                                                       
                                       "Shared Written Blocks": 0,                                                                                       
                                       "Local Hit Blocks": 0,                                                                                            
                                       "Local Read Blocks": 0,                                                                                           
                                       "Local Dirtied Blocks": 0,                                                                                        
                                       "Local Written Blocks": 0,                                                                                        
                                       "Temp Read Blocks": 0,                                                                                            
                                       "Temp Written Blocks": 0,                                                                                         
                                       "Plans": [                                                                                                        
                                         {                                                                                                               
                                           "Node Type": "Nested Loop",                                                                                   
                                           "Parent Relationship": "Outer",                                                                               
                                           "Parallel Aware": false,                                                                                      
                                           "Join Type": "Inner",                                                                                         
                                           "Startup Cost": 0.00,                                                                                         
                                           "Total Cost": 670.32,                                                                                         
                                           "Plan Rows": 12213,                                                                                           
                                           "Plan Width": 4,                                                                                              
                                           "Actual Startup Time": 687.041,                                                                               
                                           "Actual Total Time": 687.045,                                                                                 
                                           "Actual Rows": 10,                                                                                            
                                           "Actual Loops": 1,                                                                                            
                                           "Inner Unique": true,                                                                                         
                                           "Join Filter": "(it.id = mi_idx.info_type_id)",                                                              
                                           "Rows Removed by Join Filter": 1380025,                                                                       
                                           "Shared Hit Blocks": 3,                                                                                       
                                           "Shared Read Blocks": 8451,                                                                                   
                                           "Shared Dirtied Blocks": 0,                                                                                   
                                           "Shared Written Blocks": 0,                                                                                   
                                           "Local Hit Blocks": 0,                                                                                        
                                           "Local Read Blocks": 0,                                                                                       
                                           "Local Dirtied Blocks": 0,                                                                                    
                                           "Local Written Blocks": 0,                                                                                    
                                           "Temp Read Blocks": 0,                                                                                        
                                           "Temp Written Blocks": 0,                                                                                     
                                           "Plans": [                                                                                                    
                                             {                                                                                                           
                                               "Node Type": "Seq Scan",                                                                                  
                                               "Parent Relationship": "Outer",                                                                           
                                               "Parallel Aware": false,                                                                                  
                                               "Relation Name": "movie_info_idx",                                                                        
                                               "Alias": "mi_idx",                                                                                        
                                               "Startup Cost": 0.00,                                                                                     
                                               "Total Cost": 360.56,                                                                                     
                                               "Plan Rows": 1380035,                                                                                     
                                               "Plan Width": 8,                                                                                          
                                               "Actual Startup Time": 0.013,                                                                             
                                               "Actual Total Time": 169.986,                                                                             
                                               "Actual Rows": 1380035,                                                                                   
                                               "Actual Loops": 1,                                                                                        
                                               "Shared Hit Blocks": 2,                                                                                   
                                               "Shared Read Blocks": 8451,                                                                               
                                               "Shared Dirtied Blocks": 0,                                                                               
                                               "Shared Written Blocks": 0,                                                                               
                                               "Local Hit Blocks": 0,                                                                                    
                                               "Local Read Blocks": 0,                                                                                   
                                               "Local Dirtied Blocks": 0,                                                                                
                                               "Local Written Blocks": 0,                                                                                
                                               "Temp Read Blocks": 0,                                                                                    
                                               "Temp Written Blocks": 0                                                                                  
                                             },                                                                                                          
                                             {                                                                                                           
                                               "Node Type": "Materialize",                                                                               
                                               "Parent Relationship": "Inner",                                                                           
                                               "Parallel Aware": false,                                                                                  
                                               "Startup Cost": 0.00,                                                                                     
                                               "Total Cost": 0.05,                                                                                       
                                               "Plan Rows": 1,                                                                                           
                                               "Plan Width": 4,                                                                                          
                                               "Actual Startup Time": 0.000,                                                                             
                                               "Actual Total Time": 0.000,                                                                               
                                               "Actual Rows": 1,                                                                                         
                                               "Actual Loops": 1380035,                                                                                  
                                               "Shared Hit Blocks": 1,                                                                                   
                                               "Shared Read Blocks": 0,                                                                                  
                                               "Shared Dirtied Blocks": 0,                                                                               
                                               "Shared Written Blocks": 0,                                                                               
                                               "Local Hit Blocks": 0,                                                                                    
                                               "Local Read Blocks": 0,                                                                                   
                                               "Local Dirtied Blocks": 0,                                                                                
                                               "Local Written Blocks": 0,                                                                                
                                               "Temp Read Blocks": 0,                                                                                    
                                               "Temp Written Blocks": 0,                                                                                 
                                               "Plans": [                                                                                                
                                                 {                                                                                                       
                                                   "Node Type": "Seq Scan",                                                                              
                                                   "Parent Relationship": "Outer",                                                                       
                                                   "Parallel Aware": false,                                                                              
                                                   "Relation Name": "info_type",                                                                         
                                                   "Alias": "it",                                                                                       
                                                   "Startup Cost": 0.00,                                                                                 
                                                   "Total Cost": 0.05,                                                                                   
                                                   "Plan Rows": 1,                                                                                       
                                                   "Plan Width": 4,                                                                                      
                                                   "Actual Startup Time": 0.052,                                                                         
                                                   "Actual Total Time": 0.053,                                                                           
                                                   "Actual Rows": 1,                                                                                     
                                                   "Actual Loops": 1,                                                                                    
                                                   "Filter": "((info)::text = 'bottom 10 rank'::text)",                                                  
                                                   "Rows Removed by Filter": 112,                                                                        
                                                   "Shared Hit Blocks": 1,                                                                               
                                                   "Shared Read Blocks": 0,                                                                              
                                                   "Shared Dirtied Blocks": 0,                                                                           
                                                   "Shared Written Blocks": 0,                                                                           
                                                   "Local Hit Blocks": 0,                                                                                
                                                   "Local Read Blocks": 0,                                                                               
                                                   "Local Dirtied Blocks": 0,                                                                            
                                                   "Local Written Blocks": 0,                                                                            
                                                   "Temp Read Blocks": 0,                                                                                
                                                   "Temp Written Blocks": 0                                                                              
                                                 }                                                                                                       
                                               ]                                                                                                         
                                             }                                                                                                           
                                           ]                                                                                                             
                                         }                                                                                                               
                                       ]                                                                                                                 
                                     },                                                                                                                  
                                     {                                                                                                                   
                                       "Node Type": "Sort",                                                                                              
                                       "Parent Relationship": "Inner",                                                                                   
                                       "Parallel Aware": false,                                                                                          
                                       "Startup Cost": 1895.04,                                                                                          
                                       "Total Cost": 1895.15,                                                                                            
                                       "Plan Rows": 1355,                                                                                                
                                       "Plan Width": 21,                                                                                                 
                                       "Actual Startup Time": 1733.326,                                                                                  
                                       "Actual Total Time": 1733.501,                                                                                    
                                       "Actual Rows": 2422,                                                                                              
                                       "Actual Loops": 1,                                                                                                
                                       "Sort Key": ["t.id"],                                                                                             
                                       "Sort Method": "quicksort",                                                                                       
                                       "Sort Space Used": 309,                                                                                           
                                       "Sort Space Type": "Memory",                                                                                      
                                       "Shared Hit Blocks": 1,                                                                                           
                                       "Shared Read Blocks": 35997,                                                                                      
                                       "Shared Dirtied Blocks": 0,                                                                                       
                                       "Shared Written Blocks": 0,                                                                                       
                                       "Local Hit Blocks": 0,                                                                                            
                                       "Local Read Blocks": 0,                                                                                           
                                       "Local Dirtied Blocks": 0,                                                                                        
                                       "Local Written Blocks": 0,                                                                                        
                                       "Temp Read Blocks": 0,                                                                                            
                                       "Temp Written Blocks": 0,                                                                                         
                                       "Plans": [                                                                                                        
                                         {                                                                                                               
                                           "Node Type": "Seq Scan",                                                                                      
                                           "Parent Relationship": "Outer",                                                                               
                                           "Parallel Aware": false,                                                                                      
                                           "Relation Name": "title",                                                                                     
                                           "Alias": "t",                                                                                                 
                                           "Startup Cost": 0.00,                                                                                         
                                           "Total Cost": 1892.85,                                                                                        
                                           "Plan Rows": 1355,                                                                                            
                                           "Plan Width": 21,                                                                                             
                                           "Actual Startup Time": 26.192,                                                                                
                                           "Actual Total Time": 1730.567,                                                                                
                                           "Actual Rows": 2536,                                                                                          
                                           "Actual Loops": 1,                                                                                            
                                           "Filter": "((production_year > 2000) AND ((title ~~ 'Birdemic%'::text) OR (title ~~ '%Movie%'::text)))",      
                                           "Rows Removed by Filter": 2525776,                                                                            
                                           "Shared Hit Blocks": 1,                                                                                       
                                           "Shared Read Blocks": 35997,                                                                                  
                                           "Shared Dirtied Blocks": 0,                                                                                   
                                           "Shared Written Blocks": 0,                                                                                   
                                           "Local Hit Blocks": 0,                                                                                        
                                           "Local Read Blocks": 0,                                                                                       
                                           "Local Dirtied Blocks": 0,                                                                                    
                                           "Local Written Blocks": 0,                                                                                    
                                           "Temp Read Blocks": 0,                                                                                        
                                           "Temp Written Blocks": 0                                                                                      
                                         }                                                                                                               
                                       ]                                                                                                                 
                                     }                                                                                                                   
                                   ]                                                                                                                     
                                 },                                                                                                                      
                                 {                                                                                                                       
                                   "Node Type": "Materialize",                                                                                           
                                   "Parent Relationship": "Inner",                                                                                       
                                   "Parallel Aware": false,                                                                                              
                                   "Startup Cost": 0.00,                                                                                                 
                                   "Total Cost": 9453.72,                                                                                                
                                   "Plan Rows": 131290,                                                                                                  
                                   "Plan Width": 46,                                                                                                     
                                   "Actual Startup Time": 2542.439,                                                                                      
                                   "Actual Total Time": 4611.276,                                                                                        
                                   "Actual Rows": 121863,                                                                                                
                                   "Actual Loops": 2,                                                                                                    
                                   "Shared Hit Blocks": 3,                                                                                               
                                   "Shared Read Blocks": 161890,                                                                                         
                                   "Shared Dirtied Blocks": 0,                                                                                           
                                   "Shared Written Blocks": 0,                                                                                           
                                   "Local Hit Blocks": 0,                                                                                                
                                   "Local Read Blocks": 0,                                                                                               
                                   "Local Dirtied Blocks": 0,                                                                                            
                                   "Local Written Blocks": 0,                                                                                            
                                   "Temp Read Blocks": 0,                                                                                                
                                   "Temp Written Blocks": 0,                                                                                             
                                   "Plans": [                                                                                                            
                                     {                                                                                                                   
                                       "Node Type": "Nested Loop",                                                                                       
                                       "Parent Relationship": "Outer",                                                                                   
                                       "Parallel Aware": false,                                                                                          
                                       "Join Type": "Inner",                                                                                             
                                       "Startup Cost": 0.00,                                                                                             
                                       "Total Cost": 9433.33,                                                                                            
                                       "Plan Rows": 131290,                                                                                              
                                       "Plan Width": 46,                                                                                                 
                                       "Actual Startup Time": 5084.869,                                                                                  
                                       "Actual Total Time": 9190.992,                                                                                    
                                       "Actual Rows": 121863,                                                                                            
                                       "Actual Loops": 1,                                                                                                
                                       "Inner Unique": true,                                                                                             
                                       "Join Filter": "(it.id = mi.info_type_id)",                                                                      
                                       "Rows Removed by Join Filter": 14713857,                                                                          
                                       "Shared Hit Blocks": 3,                                                                                           
                                       "Shared Read Blocks": 161890,                                                                                     
                                       "Shared Dirtied Blocks": 0,                                                                                       
                                       "Shared Written Blocks": 0,                                                                                       
                                       "Local Hit Blocks": 0,                                                                                            
                                       "Local Read Blocks": 0,                                                                                           
                                       "Local Dirtied Blocks": 0,                                                                                        
                                       "Local Written Blocks": 0,                                                                                        
                                       "Temp Read Blocks": 0,                                                                                            
                                       "Temp Written Blocks": 0,                                                                                         
                                       "Plans": [                                                                                                        
                                         {                                                                                                               
                                           "Node Type": "Seq Scan",                                                                                      
                                           "Parent Relationship": "Outer",                                                                               
                                           "Parallel Aware": false,                                                                                      
                                           "Relation Name": "movie_info",                                                                                
                                           "Alias": "mi",                                                                                                
                                           "Startup Cost": 0.00,                                                                                         
                                           "Total Cost": 6103.84,                                                                                        
                                           "Plan Rows": 14835720,                                                                                        
                                           "Plan Width": 50,                                                                                             
                                           "Actual Startup Time": 3.569,                                                                                 
                                           "Actual Total Time": 3500.332,                                                                                
                                           "Actual Rows": 14835720,                                                                                      
                                           "Actual Loops": 1,                                                                                            
                                           "Shared Hit Blocks": 2,                                                                                       
                                           "Shared Read Blocks": 161890,                                                                                 
                                           "Shared Dirtied Blocks": 0,                                                                                   
                                           "Shared Written Blocks": 0,                                                                                   
                                           "Local Hit Blocks": 0,                                                                                        
                                           "Local Read Blocks": 0,                                                                                       
                                           "Local Dirtied Blocks": 0,                                                                                    
                                           "Local Written Blocks": 0,                                                                                    
                                           "Temp Read Blocks": 0,                                                                                        
                                           "Temp Written Blocks": 0                                                                                      
                                         },                                                                                                              
                                         {                                                                                                               
                                           "Node Type": "Materialize",                                                                                   
                                           "Parent Relationship": "Inner",                                                                               
                                           "Parallel Aware": false,                                                                                      
                                           "Startup Cost": 0.00,                                                                                         
                                           "Total Cost": 0.05,                                                                                           
                                           "Plan Rows": 1,                                                                                               
                                           "Plan Width": 4,                                                                                              
                                           "Actual Startup Time": 0.000,                                                                                 
                                           "Actual Total Time": 0.000,                                                                                   
                                           "Actual Rows": 1,                                                                                             
                                           "Actual Loops": 14835720,                                                                                     
                                           "Shared Hit Blocks": 1,                                                                                       
                                           "Shared Read Blocks": 0,                                                                                      
                                           "Shared Dirtied Blocks": 0,                                                                                   
                                           "Shared Written Blocks": 0,                                                                                   
                                           "Local Hit Blocks": 0,                                                                                        
                                           "Local Read Blocks": 0,                                                                                       
                                           "Local Dirtied Blocks": 0,                                                                                    
                                           "Local Written Blocks": 0,                                                                                    
                                           "Temp Read Blocks": 0,                                                                                        
                                           "Temp Written Blocks": 0,                                                                                     
                                           "Plans": [                                                                                                    
                                             {                                                                                                           
                                               "Node Type": "Seq Scan",                                                                                  
                                               "Parent Relationship": "Outer",                                                                           
                                               "Parallel Aware": false,                                                                                  
                                               "Relation Name": "info_type",                                                                             
                                               "Alias": "it",                                                                                           
                                               "Startup Cost": 0.00,                                                                                     
                                               "Total Cost": 0.05,                                                                                       
                                               "Plan Rows": 1,                                                                                           
                                               "Plan Width": 4,                                                                                          
                                               "Actual Startup Time": 0.060,                                                                             
                                               "Actual Total Time": 0.064,                                                                               
                                               "Actual Rows": 1,                                                                                         
                                               "Actual Loops": 1,                                                                                        
                                               "Filter": "((info)::text = 'budget'::text)",                                                              
                                               "Rows Removed by Filter": 112,                                                                            
                                               "Shared Hit Blocks": 1,                                                                                   
                                               "Shared Read Blocks": 0,                                                                                  
                                               "Shared Dirtied Blocks": 0,                                                                               
                                               "Shared Written Blocks": 0,                                                                               
                                               "Local Hit Blocks": 0,                                                                                    
                                               "Local Read Blocks": 0,                                                                                   
                                               "Local Dirtied Blocks": 0,                                                                                
                                               "Local Written Blocks": 0,                                                                                
                                               "Temp Read Blocks": 0,                                                                                    
                                               "Temp Written Blocks": 0                                                                                  
                                             }                                                                                                           
                                           ]                                                                                                             
                                         }                                                                                                               
                                       ]                                                                                                                 
                                     }                                                                                                                   
                                   ]                                                                                                                     
                                 }                                                                                                                       
                               ]                                                                                                                         
                             }                                                                                                                           
                           ]                                                                                                                             
                         }                                                                                                                               
                       ]                                                                                                                                 
                     },                                                                                                                                  
                     {                                                                                                                                   
                       "Node Type": "Materialize",                                                                                                       
                       "Parent Relationship": "Inner",                                                                                                   
                       "Parallel Aware": false,                                                                                                          
                       "Startup Cost": 0.00,                                                                                                             
                       "Total Cost": 0.03,                                                                                                               
                       "Plan Rows": 2,                                                                                                                   
                       "Plan Width": 4,                                                                                                                  
                       "Actual Startup Time": 0.000,                                                                                                     
                       "Actual Total Time": 0.001,                                                                                                       
                       "Actual Rows": 1,                                                                                                                 
                       "Actual Loops": 33,                                                                                                               
                       "Shared Hit Blocks": 1,                                                                                                           
                       "Shared Read Blocks": 0,                                                                                                          
                       "Shared Dirtied Blocks": 0,                                                                                                       
                       "Shared Written Blocks": 0,                                                                                                       
                       "Local Hit Blocks": 0,                                                                                                            
                       "Local Read Blocks": 0,                                                                                                           
                       "Local Dirtied Blocks": 0,                                                                                                        
                       "Local Written Blocks": 0,                                                                                                        
                       "Temp Read Blocks": 0,                                                                                                            
                       "Temp Written Blocks": 0,                                                                                                         
                       "Plans": [                                                                                                                        
                         {                                                                                                                               
                           "Node Type": "Seq Scan",                                                                                                      
                           "Parent Relationship": "Outer",                                                                                               
                           "Parallel Aware": false,                                                                                                      
                           "Relation Name": "company_type",                                                                                              
                           "Alias": "ct",                                                                                                                
                           "Startup Cost": 0.00,                                                                                                         
                           "Total Cost": 0.03,                                                                                                           
                           "Plan Rows": 2,                                                                                                               
                           "Plan Width": 4,                                                                                                              
                           "Actual Startup Time": 0.009,                                                                                                 
                           "Actual Total Time": 0.012,                                                                                                   
                           "Actual Rows": 2,                                                                                                             
                           "Actual Loops": 1,                                                                                                            
                           "Filter": "((kind IS NOT NULL) AND (((kind)::text = 'production companies'::text) OR ((kind)::text = 'distributors'::text)))",
                           "Rows Removed by Filter": 0,                                                                                                  
                           "Shared Hit Blocks": 1,                                                                                                       
                           "Shared Read Blocks": 0,                                                                                                      
                           "Shared Dirtied Blocks": 0,                                                                                                   
                           "Shared Written Blocks": 0,                                                                                                   
                           "Local Hit Blocks": 0,                                                                                                        
                           "Local Read Blocks": 0,                                                                                                       
                           "Local Dirtied Blocks": 0,                                                                                                    
                           "Local Written Blocks": 0,                                                                                                    
                           "Temp Read Blocks": 0,                                                                                                        
                           "Temp Written Blocks": 0                                                                                                      
                         }                                                                                                                               
                       ]                                                                                                                                 
                     }                                                                                                                                   
                   ]                                                                                                                                     
                 }                                                                                                                                       
               ]                                                                                                                                         
             }                                                                                                                                           
           ]                                                                                                                                             
         }                                                                                                                                               
       ]                                                                                                                                                 
     },                                                                                                                                                  
     "Planning Time": 5170.538,                                                                                                                          
     "Triggers": [                                                                                                                                       
     ],                                                                                                                                                  
     "Execution Time": 13973.611                                                                                                                         
   }                                                                                                                                                     
 ]
