 [                                                                                                        
   {                                                                                                      
     "Plan": {                                                                                            
       "Node Type": "Aggregate",                                                                          
       "Strategy": "Plain",                                                                               
       "Partial Mode": "Simple",                                                                          
       "Parallel Aware": false,                                                                           
       "Startup Cost": 12968.53,                                                                          
       "Total Cost": 12968.53,                                                                            
       "Plan Rows": 1,                                                                                    
       "Plan Width": 96,                                                                                  
       "Actual Startup Time": 6437302.497,                                                                
       "Actual Total Time": 6437302.497,                                                                  
       "Actual Rows": 1,                                                                                  
       "Actual Loops": 1,                                                                                 
       "Shared Hit Blocks": 17,                                                                           
       "Shared Read Blocks": 228116,                                                                      
       "Shared Dirtied Blocks": 0,                                                                        
       "Shared Written Blocks": 0,                                                                        
       "Local Hit Blocks": 0,                                                                             
       "Local Read Blocks": 0,                                                                            
       "Local Dirtied Blocks": 0,                                                                         
       "Local Written Blocks": 0,                                                                         
       "Temp Read Blocks": 0,                                                                             
       "Temp Written Blocks": 0,                                                                          
       "Plans": [                                                                                         
         {                                                                                                
           "Node Type": "Nested Loop",                                                                    
           "Parent Relationship": "Outer",                                                                
           "Parallel Aware": false,                                                                       
           "Join Type": "Inner",                                                                          
           "Startup Cost": 8999.99,                                                                       
           "Total Cost": 12968.53,                                                                        
           "Plan Rows": 1,                                                                                
           "Plan Width": 42,                                                                              
           "Actual Startup Time": 4433966.226,                                                            
           "Actual Total Time": 6437288.680,                                                              
           "Actual Rows": 4711,                                                                           
           "Actual Loops": 1,                                                                             
           "Inner Unique": false,                                                                         
           "Join Filter": "(mi.movie_id = t.id)",                                                         
           "Rows Removed by Join Filter": 13297780889,                                                    
           "Shared Hit Blocks": 17,                                                                       
           "Shared Read Blocks": 228116,                                                                  
           "Shared Dirtied Blocks": 0,                                                                    
           "Shared Written Blocks": 0,                                                                    
           "Local Hit Blocks": 0,                                                                         
           "Local Read Blocks": 0,                                                                        
           "Local Dirtied Blocks": 0,                                                                     
           "Local Written Blocks": 0,                                                                     
           "Temp Read Blocks": 0,                                                                         
           "Temp Written Blocks": 0,                                                                      
           "Plans": [                                                                                     
             {                                                                                            
               "Node Type": "Seq Scan",                                                                   
               "Parent Relationship": "Outer",                                                            
               "Parallel Aware": false,                                                                   
               "Relation Name": "title",                                                                  
               "Alias": "t",                                                                              
               "Startup Cost": 0.00,                                                                      
               "Total Cost": 1696.56,                                                                     
               "Plan Rows": 1042800,                                                                      
               "Plan Width": 21,                                                                          
               "Actual Startup Time": 21.923,                                                             
               "Actual Total Time": 908.675,                                                              
               "Actual Rows": 1042800,                                                                    
               "Actual Loops": 1,                                                                         
               "Filter": "((production_year >= 2000) AND (production_year <= 2010))",                     
               "Rows Removed by Filter": 1485512,                                                         
               "Shared Hit Blocks": 1,                                                                    
               "Shared Read Blocks": 35997,                                                               
               "Shared Dirtied Blocks": 0,                                                                
               "Shared Written Blocks": 0,                                                                
               "Local Hit Blocks": 0,                                                                     
               "Local Read Blocks": 0,                                                                    
               "Local Dirtied Blocks": 0,                                                                 
               "Local Written Blocks": 0,                                                                 
               "Temp Read Blocks": 0,                                                                     
               "Temp Written Blocks": 0                                                                   
             },                                                                                           
             {                                                                                            
               "Node Type": "Materialize",                                                                
               "Parent Relationship": "Inner",                                                            
               "Parallel Aware": false,                                                                   
               "Startup Cost": 8999.99,                                                                   
               "Total Cost": 11037.95,                                                                    
               "Plan Rows": 1,                                                                            
               "Plan Width": 37,                                                                          
               "Actual Startup Time": 0.010,                                                              
               "Actual Total Time": 4.813,                                                                
               "Actual Rows": 12752,                                                                      
               "Actual Loops": 1042800,                                                                   
               "Shared Hit Blocks": 16,                                                                   
               "Shared Read Blocks": 192119,                                                              
               "Shared Dirtied Blocks": 0,                                                                
               "Shared Written Blocks": 0,                                                                
               "Local Hit Blocks": 0,                                                                     
               "Local Read Blocks": 0,                                                                    
               "Local Dirtied Blocks": 0,                                                                 
               "Local Written Blocks": 0,                                                                 
               "Temp Read Blocks": 0,                                                                     
               "Temp Written Blocks": 0,                                                                  
               "Plans": [                                                                                 
                 {                                                                                        
                   "Node Type": "Nested Loop",                                                            
                   "Parent Relationship": "Outer",                                                        
                   "Parallel Aware": false,                                                               
                   "Join Type": "Inner",                                                                  
                   "Startup Cost": 8999.99,                                                               
                   "Total Cost": 11037.95,                                                                
                   "Plan Rows": 1,                                                                        
                   "Plan Width": 37,                                                                      
                   "Actual Startup Time": 10076.470,                                                      
                   "Actual Total Time": 4429140.467,                                                      
                   "Actual Rows": 12752,                                                                  
                   "Actual Loops": 1,                                                                     
                   "Inner Unique": true,                                                                  
                   "Join Filter": "(mc.company_id = cn.id)",                                              
                   "Rows Removed by Join Filter": 2491465249,                                             
                   "Shared Hit Blocks": 16,                                                               
                   "Shared Read Blocks": 192119,                                                          
                   "Shared Dirtied Blocks": 0,                                                            
                   "Shared Written Blocks": 0,                                                            
                   "Local Hit Blocks": 0,                                                                 
                   "Local Read Blocks": 0,                                                                
                   "Local Dirtied Blocks": 0,                                                             
                   "Local Written Blocks": 0,                                                             
                   "Temp Read Blocks": 0,                                                                 
                   "Temp Written Blocks": 0,                                                              
                   "Plans": [                                                                             
                     {                                                                                    
                       "Node Type": "Nested Loop",                                                        
                       "Parent Relationship": "Outer",                                                    
                       "Parallel Aware": false,                                                           
                       "Join Type": "Inner",                                                              
                       "Startup Cost": 8999.99,                                                           
                       "Total Cost": 10845.83,                                                            
                       "Plan Rows": 3,                                                                    
                       "Plan Width": 22,                                                                  
                       "Actual Startup Time": 10014.798,                                                  
                       "Actual Total Time": 4067220.843,                                                  
                       "Actual Rows": 38219,                                                              
                       "Actual Loops": 1,                                                                 
                       "Inner Unique": false,                                                             
                       "Join Filter": "(mc.movie_id = mi.movie_id)",                                      
                       "Rows Removed by Join Filter": 29617010902,                                        
                       "Shared Hit Blocks": 14,                                                           
                       "Shared Read Blocks": 189127,                                                      
                       "Shared Dirtied Blocks": 0,                                                        
                       "Shared Written Blocks": 0,                                                        
                       "Local Hit Blocks": 0,                                                             
                       "Local Read Blocks": 0,                                                            
                       "Local Dirtied Blocks": 0,                                                         
                       "Local Written Blocks": 0,                                                         
                       "Temp Read Blocks": 0,                                                             
                       "Temp Written Blocks": 0,                                                          
                       "Plans": [                                                                         
                         {                                                                                
                           "Node Type": "Merge Join",                                                     
                           "Parent Relationship": "Outer",                                                
                           "Parallel Aware": false,                                                       
                           "Join Type": "Inner",                                                          
                           "Startup Cost": 8999.99,                                                       
                           "Total Cost": 9000.70,                                                         
                           "Plan Rows": 3,                                                                
                           "Plan Width": 14,                                                              
                           "Actual Startup Time": 9335.878,                                               
                           "Actual Total Time": 9481.887,                                                 
                           "Actual Rows": 22187,                                                          
                           "Actual Loops": 1,                                                             
                           "Inner Unique": false,                                                         
                           "Merge Cond": "(mi.movie_id = mi_idx.movie_id)",                               
                           "Shared Hit Blocks": 10,                                                       
                           "Shared Read Blocks": 170341,                                                  
                           "Shared Dirtied Blocks": 0,                                                    
                           "Shared Written Blocks": 0,                                                    
                           "Local Hit Blocks": 0,                                                         
                           "Local Read Blocks": 0,                                                        
                           "Local Dirtied Blocks": 0,                                                     
                           "Local Written Blocks": 0,                                                     
                           "Temp Read Blocks": 0,                                                         
                           "Temp Written Blocks": 0,                                                      
                           "Plans": [                                                                     
                             {                                                                            
                               "Node Type": "Sort",                                                       
                               "Parent Relationship": "Outer",                                            
                               "Parallel Aware": false,                                                   
                               "Startup Cost": 8486.08,                                                   
                               "Total Cost": 8486.31,                                                     
                               "Plan Rows": 2892,                                                         
                               "Plan Width": 4,                                                           
                               "Actual Startup Time": 8550.925,                                           
                               "Actual Total Time": 8578.677,                                             
                               "Actual Rows": 325235,                                                     
                               "Actual Loops": 1,                                                         
                               "Sort Key": ["mi.movie_id"],                                               
                               "Sort Method": "quicksort",                                                
                               "Sort Space Used": 27535,                                                  
                               "Sort Space Type": "Memory",                                               
                               "Shared Hit Blocks": 7,                                                    
                               "Shared Read Blocks": 161890,                                              
                               "Shared Dirtied Blocks": 0,                                                
                               "Shared Written Blocks": 0,                                                
                               "Local Hit Blocks": 0,                                                     
                               "Local Read Blocks": 0,                                                    
                               "Local Dirtied Blocks": 0,                                                 
                               "Local Written Blocks": 0,                                                 
                               "Temp Read Blocks": 0,                                                     
                               "Temp Written Blocks": 0,                                                  
                               "Plans": [                                                                 
                                 {                                                                        
                                   "Node Type": "Nested Loop",                                            
                                   "Parent Relationship": "Outer",                                        
                                   "Parallel Aware": false,                                               
                                   "Join Type": "Inner",                                                  
                                   "Startup Cost": 0.00,                                                  
                                   "Total Cost": 8480.92,                                                 
                                   "Plan Rows": 2892,                                                     
                                   "Plan Width": 4,                                                       
                                   "Actual Startup Time": 7691.308,                                       
                                   "Actual Total Time": 8404.381,                                         
                                   "Actual Rows": 325255,                                                 
                                   "Actual Loops": 1,                                                     
                                   "Inner Unique": true,                                                  
                                   "Join Filter": "(it.id = mi.info_type_id)",                           
                                   "Rows Removed by Join Filter": 2058,                                   
                                   "Shared Hit Blocks": 3,                                                
                                   "Shared Read Blocks": 161890,                                          
                                   "Shared Dirtied Blocks": 0,                                            
                                   "Shared Written Blocks": 0,                                            
                                   "Local Hit Blocks": 0,                                                 
                                   "Local Read Blocks": 0,                                                
                                   "Local Dirtied Blocks": 0,                                             
                                   "Local Written Blocks": 0,                                             
                                   "Temp Read Blocks": 0,                                                 
                                   "Temp Written Blocks": 0,                                              
                                   "Plans": [                                                             
                                     {                                                                    
                                       "Node Type": "Seq Scan",                                           
                                       "Parent Relationship": "Outer",                                    
                                       "Parallel Aware": false,                                           
                                       "Relation Name": "movie_info",                                     
                                       "Alias": "mi",                                                     
                                       "Startup Cost": 0.00,                                              
                                       "Total Cost": 8407.52,                                             
                                       "Plan Rows": 326846,                                               
                                       "Plan Width": 8,                                                   
                                       "Actual Startup Time": 4991.150,                                   
                                       "Actual Total Time": 8288.745,                                     
                                       "Actual Rows": 327313,                                             
                                       "Actual Loops": 1,                                                 
                                       "Filter": "(info = ANY ('{Drama,Horror,Western,Family}'::text[]))",
                                       "Rows Removed by Filter": 14508407,                                
                                       "Shared Hit Blocks": 2,                                            
                                       "Shared Read Blocks": 161890,                                      
                                       "Shared Dirtied Blocks": 0,                                        
                                       "Shared Written Blocks": 0,                                        
                                       "Local Hit Blocks": 0,                                             
                                       "Local Read Blocks": 0,                                            
                                       "Local Dirtied Blocks": 0,                                         
                                       "Local Written Blocks": 0,                                         
                                       "Temp Read Blocks": 0,                                             
                                       "Temp Written Blocks": 0                                           
                                     },                                                                   
                                     {                                                                    
                                       "Node Type": "Materialize",                                        
                                       "Parent Relationship": "Inner",                                    
                                       "Parallel Aware": false,                                           
                                       "Startup Cost": 0.00,                                              
                                       "Total Cost": 0.05,                                                
                                       "Plan Rows": 1,                                                    
                                       "Plan Width": 4,                                                   
                                       "Actual Startup Time": 0.000,                                      
                                       "Actual Total Time": 0.000,                                        
                                       "Actual Rows": 1,                                                  
                                       "Actual Loops": 327313,                                            
                                       "Shared Hit Blocks": 1,                                            
                                       "Shared Read Blocks": 0,                                           
                                       "Shared Dirtied Blocks": 0,                                        
                                       "Shared Written Blocks": 0,                                        
                                       "Local Hit Blocks": 0,                                             
                                       "Local Read Blocks": 0,                                            
                                       "Local Dirtied Blocks": 0,                                         
                                       "Local Written Blocks": 0,                                         
                                       "Temp Read Blocks": 0,                                             
                                       "Temp Written Blocks": 0,                                          
                                       "Plans": [                                                         
                                         {                                                                
                                           "Node Type": "Seq Scan",                                       
                                           "Parent Relationship": "Outer",                                
                                           "Parallel Aware": false,                                       
                                           "Relation Name": "info_type",                                  
                                           "Alias": "it",                                                
                                           "Startup Cost": 0.00,                                          
                                           "Total Cost": 0.05,                                            
                                           "Plan Rows": 1,                                                
                                           "Plan Width": 4,                                               
                                           "Actual Startup Time": 0.013,                                  
                                           "Actual Total Time": 0.035,                                    
                                           "Actual Rows": 1,                                              
                                           "Actual Loops": 1,                                             
                                           "Filter": "((info)::text = 'genres'::text)",                   
                                           "Rows Removed by Filter": 112,                                 
                                           "Shared Hit Blocks": 1,                                        
                                           "Shared Read Blocks": 0,                                       
                                           "Shared Dirtied Blocks": 0,                                    
                                           "Shared Written Blocks": 0,                                    
                                           "Local Hit Blocks": 0,                                         
                                           "Local Read Blocks": 0,                                        
                                           "Local Dirtied Blocks": 0,                                     
                                           "Local Written Blocks": 0,                                     
                                           "Temp Read Blocks": 0,                                         
                                           "Temp Written Blocks": 0                                       
                                         }                                                                
                                       ]                                                                  
                                     }                                                                    
                                   ]                                                                      
                                 }                                                                        
                               ]                                                                          
                             },                                                                           
                             {                                                                            
                               "Node Type": "Sort",                                                       
                               "Parent Relationship": "Inner",                                            
                               "Parallel Aware": false,                                                   
                               "Startup Cost": 513.91,                                                    
                               "Total Cost": 514.04,                                                      
                               "Plan Rows": 1708,                                                         
                               "Plan Width": 10,                                                          
                               "Actual Startup Time": 784.920,                                            
                               "Actual Total Time": 803.069,                                              
                               "Actual Rows": 122915,                                                     
                               "Actual Loops": 1,                                                         
                               "Sort Key": ["mi_idx.movie_id"],                                           
                               "Sort Method": "quicksort",                                                
                               "Sort Space Used": 8771,                                                   
                               "Sort Space Type": "Memory",                                               
                               "Shared Hit Blocks": 3,                                                    
                               "Shared Read Blocks": 8451,                                                
                               "Shared Dirtied Blocks": 0,                                                
                               "Shared Written Blocks": 0,                                                
                               "Local Hit Blocks": 0,                                                     
                               "Local Read Blocks": 0,                                                    
                               "Local Dirtied Blocks": 0,                                                 
                               "Local Written Blocks": 0,                                                 
                               "Temp Read Blocks": 0,                                                     
                               "Temp Written Blocks": 0,                                                  
                               "Plans": [                                                                 
                                 {                                                                        
                                   "Node Type": "Nested Loop",                                            
                                   "Parent Relationship": "Outer",                                        
                                   "Parallel Aware": false,                                               
                                   "Join Type": "Inner",                                                  
                                   "Startup Cost": 0.00,                                                  
                                   "Total Cost": 511.06,                                                  
                                   "Plan Rows": 1708,                                                     
                                   "Plan Width": 10,                                                      
                                   "Actual Startup Time": 0.052,                                          
                                   "Actual Total Time": 728.266,                                          
                                   "Actual Rows": 121572,                                                 
                                   "Actual Loops": 1,                                                     
                                   "Inner Unique": true,                                                  
                                   "Join Filter": "(it.id = mi_idx.info_type_id)",                       
                                   "Rows Removed by Join Filter": 71395,                                  
                                   "Shared Hit Blocks": 3,                                                
                                   "Shared Read Blocks": 8451,                                            
                                   "Shared Dirtied Blocks": 0,                                            
                                   "Shared Written Blocks": 0,                                            
                                   "Local Hit Blocks": 0,                                                 
                                   "Local Read Blocks": 0,                                                
                                   "Local Dirtied Blocks": 0,                                             
                                   "Local Written Blocks": 0,                                             
                                   "Temp Read Blocks": 0,                                                 
                                   "Temp Written Blocks": 0,                                              
                                   "Plans": [                                                             
                                     {                                                                    
                                       "Node Type": "Seq Scan",                                           
                                       "Parent Relationship": "Outer",                                    
                                       "Parallel Aware": false,                                           
                                       "Relation Name": "movie_info_idx",                                 
                                       "Alias": "mi_idx",                                                 
                                       "Startup Cost": 0.00,                                              
                                       "Total Cost": 467.71,                                              
                                       "Plan Rows": 192955,                                               
                                       "Plan Width": 14,                                                  
                                       "Actual Startup Time": 0.027,                                      
                                       "Actual Total Time": 642.602,                                      
                                       "Actual Rows": 192967,                                             
                                       "Actual Loops": 1,                                                 
                                       "Filter": "(info > '7.0'::text)",                                  
                                       "Rows Removed by Filter": 1187068,                                 
                                       "Shared Hit Blocks": 2,                                            
                                       "Shared Read Blocks": 8451,                                        
                                       "Shared Dirtied Blocks": 0,                                        
                                       "Shared Written Blocks": 0,                                        
                                       "Local Hit Blocks": 0,                                             
                                       "Local Read Blocks": 0,                                            
                                       "Local Dirtied Blocks": 0,                                         
                                       "Local Written Blocks": 0,                                         
                                       "Temp Read Blocks": 0,                                             
                                       "Temp Written Blocks": 0                                           
                                     },                                                                   
                                     {                                                                    
                                       "Node Type": "Materialize",                                        
                                       "Parent Relationship": "Inner",                                    
                                       "Parallel Aware": false,                                           
                                       "Startup Cost": 0.00,                                              
                                       "Total Cost": 0.05,                                                
                                       "Plan Rows": 1,                                                    
                                       "Plan Width": 4,                                                   
                                       "Actual Startup Time": 0.000,                                      
                                       "Actual Total Time": 0.000,                                        
                                       "Actual Rows": 1,                                                  
                                       "Actual Loops": 192967,                                            
                                       "Shared Hit Blocks": 1,                                            
                                       "Shared Read Blocks": 0,                                           
                                       "Shared Dirtied Blocks": 0,                                        
                                       "Shared Written Blocks": 0,                                        
                                       "Local Hit Blocks": 0,                                             
                                       "Local Read Blocks": 0,                                            
                                       "Local Dirtied Blocks": 0,                                         
                                       "Local Written Blocks": 0,                                         
                                       "Temp Read Blocks": 0,                                             
                                       "Temp Written Blocks": 0,                                          
                                       "Plans": [                                                         
                                         {                                                                
                                           "Node Type": "Seq Scan",                                       
                                           "Parent Relationship": "Outer",                                
                                           "Parallel Aware": false,                                       
                                           "Relation Name": "info_type",                                  
                                           "Alias": "it",                                                
                                           "Startup Cost": 0.00,                                          
                                           "Total Cost": 0.05,                                            
                                           "Plan Rows": 1,                                                
                                           "Plan Width": 4,                                               
                                           "Actual Startup Time": 0.020,                                  
                                           "Actual Total Time": 0.022,                                    
                                           "Actual Rows": 1,                                              
                                           "Actual Loops": 1,                                             
                                           "Filter": "((info)::text = 'rating'::text)",                   
                                           "Rows Removed by Filter": 112,                                 
                                           "Shared Hit Blocks": 1,                                        
                                           "Shared Read Blocks": 0,                                       
                                           "Shared Dirtied Blocks": 0,                                    
                                           "Shared Written Blocks": 0,                                    
                                           "Local Hit Blocks": 0,                                         
                                           "Local Read Blocks": 0,                                        
                                           "Local Dirtied Blocks": 0,                                     
                                           "Local Written Blocks": 0,                                     
                                           "Temp Read Blocks": 0,                                         
                                           "Temp Written Blocks": 0                                       
                                         }                                                                
                                       ]                                                                  
                                     }                                                                    
                                   ]                                                                      
                                 }                                                                        
                               ]                                                                          
                             }                                                                            
                           ]                                                                              
                         },                                                                               
                         {                                                                                
                           "Node Type": "Materialize",                                                    
                           "Parent Relationship": "Inner",                                                
                           "Parallel Aware": false,                                                       
                           "Startup Cost": 0.00,                                                          
                           "Total Cost": 1456.62,                                                         
                           "Plan Rows": 652282,                                                           
                           "Plan Width": 8,                                                               
                           "Actual Startup Time": 0.031,                                                  
                           "Actual Total Time": 58.021,                                                   
                           "Actual Rows": 1334883,                                                        
                           "Actual Loops": 22187,                                                         
                           "Shared Hit Blocks": 4,                                                        
                           "Shared Read Blocks": 18786,                                                   
                           "Shared Dirtied Blocks": 0,                                                    
                           "Shared Written Blocks": 0,                                                    
                           "Local Hit Blocks": 0,                                                         
                           "Local Read Blocks": 0,                                                        
                           "Local Dirtied Blocks": 0,                                                     
                           "Local Written Blocks": 0,                                                     
                           "Temp Read Blocks": 0,                                                         
                           "Temp Written Blocks": 0,                                                      
                           "Plans": [                                                                     
                             {                                                                            
                               "Node Type": "Nested Loop",                                                
                               "Parent Relationship": "Outer",                                            
                               "Parallel Aware": false,                                                   
                               "Join Type": "Inner",                                                      
                               "Startup Cost": 0.00,                                                      
                               "Total Cost": 1355.33,                                                     
                               "Plan Rows": 652282,                                                       
                               "Plan Width": 8,                                                           
                               "Actual Startup Time": 678.756,                                            
                               "Actual Total Time": 1315.034,                                             
                               "Actual Rows": 1334883,                                                    
                               "Actual Loops": 1,                                                         
                               "Inner Unique": true,                                                      
                               "Join Filter": "(ct.id = mc.company_type_id)",                             
                               "Rows Removed by Join Filter": 1274246,                                    
                               "Shared Hit Blocks": 4,                                                    
                               "Shared Read Blocks": 18786,                                               
                               "Shared Dirtied Blocks": 0,                                                
                               "Shared Written Blocks": 0,                                                
                               "Local Hit Blocks": 0,                                                     
                               "Local Read Blocks": 0,                                                    
                               "Local Dirtied Blocks": 0,                                                 
                               "Local Written Blocks": 0,                                                 
                               "Temp Read Blocks": 0,                                                     
                               "Temp Written Blocks": 0,                                                  
                               "Plans": [                                                                 
                                 {                                                                        
                                   "Node Type": "Seq Scan",                                               
                                   "Parent Relationship": "Outer",                                        
                                   "Parallel Aware": false,                                               
                                   "Relation Name": "movie_companies",                                    
                                   "Alias": "mc",                                                         
                                   "Startup Cost": 0.00,                                                  
                                   "Total Cost": 769.75,                                                  
                                   "Plan Rows": 2609129,                                                  
                                   "Plan Width": 12,                                                      
                                   "Actual Startup Time": 0.008,                                          
                                   "Actual Total Time": 365.762,                                          
                                   "Actual Rows": 2609129,                                                
                                   "Actual Loops": 1,                                                     
                                   "Shared Hit Blocks": 3,                                                
                                   "Shared Read Blocks": 18786,                                           
                                   "Shared Dirtied Blocks": 0,                                            
                                   "Shared Written Blocks": 0,                                            
                                   "Local Hit Blocks": 0,                                                 
                                   "Local Read Blocks": 0,                                                
                                   "Local Dirtied Blocks": 0,                                             
                                   "Local Written Blocks": 0,                                             
                                   "Temp Read Blocks": 0,                                                 
                                   "Temp Written Blocks": 0                                               
                                 },                                                                       
                                 {                                                                        
                                   "Node Type": "Materialize",                                            
                                   "Parent Relationship": "Inner",                                        
                                   "Parallel Aware": false,                                               
                                   "Startup Cost": 0.00,                                                  
                                   "Total Cost": 0.03,                                                    
                                   "Plan Rows": 1,                                                        
                                   "Plan Width": 4,                                                       
                                   "Actual Startup Time": 0.000,                                          
                                   "Actual Total Time": 0.000,                                            
                                   "Actual Rows": 1,                                                      
                                   "Actual Loops": 2609129,                                               
                                   "Shared Hit Blocks": 1,                                                
                                   "Shared Read Blocks": 0,                                               
                                   "Shared Dirtied Blocks": 0,                                            
                                   "Shared Written Blocks": 0,                                            
                                   "Local Hit Blocks": 0,                                                 
                                   "Local Read Blocks": 0,                                                
                                   "Local Dirtied Blocks": 0,                                             
                                   "Local Written Blocks": 0,                                             
                                   "Temp Read Blocks": 0,                                                 
                                   "Temp Written Blocks": 0,                                              
                                   "Plans": [                                                             
                                     {                                                                    
                                       "Node Type": "Seq Scan",                                           
                                       "Parent Relationship": "Outer",                                    
                                       "Parallel Aware": false,                                           
                                       "Relation Name": "company_type",                                   
                                       "Alias": "ct",                                                     
                                       "Startup Cost": 0.00,                                              
                                       "Total Cost": 0.03,                                                
                                       "Plan Rows": 1,                                                    
                                       "Plan Width": 4,                                                   
                                       "Actual Startup Time": 0.006,                                      
                                       "Actual Total Time": 0.006,                                        
                                       "Actual Rows": 1,                                                  
                                       "Actual Loops": 1,                                                 
                                       "Filter": "((kind)::text = 'production companies'::text)",         
                                       "Rows Removed by Filter": 3,                                       
                                       "Shared Hit Blocks": 1,                                            
                                       "Shared Read Blocks": 0,                                           
                                       "Shared Dirtied Blocks": 0,                                        
                                       "Shared Written Blocks": 0,                                        
                                       "Local Hit Blocks": 0,                                             
                                       "Local Read Blocks": 0,                                            
                                       "Local Dirtied Blocks": 0,                                         
                                       "Local Written Blocks": 0,                                         
                                       "Temp Read Blocks": 0,                                             
                                       "Temp Written Blocks": 0                                           
                                     }                                                                    
                                   ]                                                                      
                                 }                                                                        
                               ]                                                                          
                             }                                                                            
                           ]                                                                              
                         }                                                                                
                       ]                                                                                  
                     },                                                                                   
                     {                                                                                    
                       "Node Type": "Materialize",                                                        
                       "Parent Relationship": "Inner",                                                    
                       "Parallel Aware": false,                                                           
                       "Startup Cost": 0.00,                                                              
                       "Total Cost": 141.58,                                                              
                       "Plan Rows": 84843,                                                                
                       "Plan Width": 23,                                                                  
                       "Actual Startup Time": 0.000,                                                      
                       "Actual Total Time": 2.877,                                                        
                       "Actual Rows": 65190,                                                              
                       "Actual Loops": 38219,                                                             
                       "Shared Hit Blocks": 2,                                                            
                       "Shared Read Blocks": 2992,                                                        
                       "Shared Dirtied Blocks": 0,                                                        
                       "Shared Written Blocks": 0,                                                        
                       "Local Hit Blocks": 0,                                                             
                       "Local Read Blocks": 0,                                                            
                       "Local Dirtied Blocks": 0,                                                         
                       "Local Written Blocks": 0,                                                         
                       "Temp Read Blocks": 0,                                                             
                       "Temp Written Blocks": 0,                                                          
                       "Plans": [                                                                         
                         {                                                                                
                           "Node Type": "Seq Scan",                                                       
                           "Parent Relationship": "Outer",                                                
                           "Parallel Aware": false,                                                       
                           "Relation Name": "company_name",                                               
                           "Alias": "cn",                                                                 
                           "Startup Cost": 0.00,                                                          
                           "Total Cost": 128.41,                                                          
                           "Plan Rows": 84843,                                                            
                           "Plan Width": 23,                                                              
                           "Actual Startup Time": 9.312,                                                  
                           "Actual Total Time": 107.566,                                                  
                           "Actual Rows": 84843,                                                          
                           "Actual Loops": 1,                                                             
                           "Filter": "((country_code)::text = '[us]'::text)",                             
                           "Rows Removed by Filter": 150154,                                              
                           "Shared Hit Blocks": 2,                                                        
                           "Shared Read Blocks": 2992,                                                    
                           "Shared Dirtied Blocks": 0,                                                    
                           "Shared Written Blocks": 0,                                                    
                           "Local Hit Blocks": 0,                                                         
                           "Local Read Blocks": 0,                                                        
                           "Local Dirtied Blocks": 0,                                                     
                           "Local Written Blocks": 0,                                                     
                           "Temp Read Blocks": 0,                                                         
                           "Temp Written Blocks": 0                                                       
                         }                                                                                
                       ]                                                                                  
                     }                                                                                    
                   ]                                                                                      
                 }                                                                                        
               ]                                                                                          
             }                                                                                            
           ]                                                                                              
         }                                                                                                
       ]                                                                                                  
     },                                                                                                   
     "Planning Time": 5029.503,                                                                           
     "Triggers": [                                                                                        
     ],                                                                                                   
     "Execution Time": 6437370.594                                                                        
   }                                                                                                      
 ]
