 [                                                                                                                                                 
   {                                                                                                                                               
     "Plan": {                                                                                                                                     
       "Node Type": "Aggregate",                                                                                                                   
       "Strategy": "Plain",                                                                                                                        
       "Partial Mode": "Simple",                                                                                                                   
       "Parallel Aware": false,                                                                                                                    
       "Startup Cost": 13597.07,                                                                                                                   
       "Total Cost": 13597.07,                                                                                                                     
       "Plan Rows": 1,                                                                                                                             
       "Plan Width": 96,                                                                                                                           
       "Actual Startup Time": 187997.247,                                                                                                          
       "Actual Total Time": 187997.247,                                                                                                            
       "Actual Rows": 1,                                                                                                                           
       "Actual Loops": 1,                                                                                                                          
       "Shared Hit Blocks": 18,                                                                                                                    
       "Shared Read Blocks": 228116,                                                                                                               
       "Shared Dirtied Blocks": 0,                                                                                                                 
       "Shared Written Blocks": 0,                                                                                                                 
       "Local Hit Blocks": 0,                                                                                                                      
       "Local Read Blocks": 0,                                                                                                                     
       "Local Dirtied Blocks": 0,                                                                                                                  
       "Local Written Blocks": 0,                                                                                                                  
       "Temp Read Blocks": 0,                                                                                                                      
       "Temp Written Blocks": 0,                                                                                                                   
       "Plans": [                                                                                                                                  
         {                                                                                                                                         
           "Node Type": "Nested Loop",                                                                                                             
           "Parent Relationship": "Outer",                                                                                                         
           "Parallel Aware": false,                                                                                                                
           "Join Type": "Inner",                                                                                                                   
           "Startup Cost": 2589.89,                                                                                                                
           "Total Cost": 13597.07,                                                                                                                 
           "Plan Rows": 1,                                                                                                                         
           "Plan Width": 42,                                                                                                                       
           "Actual Startup Time": 157360.282,                                                                                                      
           "Actual Total Time": 187997.011,                                                                                                        
           "Actual Rows": 372,                                                                                                                     
           "Actual Loops": 1,                                                                                                                      
           "Inner Unique": true,                                                                                                                   
           "Join Filter": "(mc.company_type_id = ct.id)",                                                                                          
           "Rows Removed by Join Filter": 606,                                                                                                     
           "Shared Hit Blocks": 18,                                                                                                                
           "Shared Read Blocks": 228116,                                                                                                           
           "Shared Dirtied Blocks": 0,                                                                                                             
           "Shared Written Blocks": 0,                                                                                                             
           "Local Hit Blocks": 0,                                                                                                                  
           "Local Read Blocks": 0,                                                                                                                 
           "Local Dirtied Blocks": 0,                                                                                                              
           "Local Written Blocks": 0,                                                                                                              
           "Temp Read Blocks": 0,                                                                                                                  
           "Temp Written Blocks": 0,                                                                                                               
           "Plans": [                                                                                                                              
             {                                                                                                                                     
               "Node Type": "Nested Loop",                                                                                                         
               "Parent Relationship": "Outer",                                                                                                     
               "Parallel Aware": false,                                                                                                            
               "Join Type": "Inner",                                                                                                               
               "Startup Cost": 2589.89,                                                                                                            
               "Total Cost": 13597.04,                                                                                                             
               "Plan Rows": 1,                                                                                                                     
               "Plan Width": 46,                                                                                                                   
               "Actual Startup Time": 157244.162,                                                                                                  
               "Actual Total Time": 187996.667,                                                                                                    
               "Actual Rows": 978,                                                                                                                 
               "Actual Loops": 1,                                                                                                                  
               "Inner Unique": false,                                                                                                              
               "Join Filter": "(mc.company_id = cn.id)",                                                                                           
               "Rows Removed by Join Filter": 209900604,                                                                                           
               "Shared Hit Blocks": 17,                                                                                                            
               "Shared Read Blocks": 228116,                                                                                                       
               "Shared Dirtied Blocks": 0,                                                                                                         
               "Shared Written Blocks": 0,                                                                                                         
               "Local Hit Blocks": 0,                                                                                                              
               "Local Read Blocks": 0,                                                                                                             
               "Local Dirtied Blocks": 0,                                                                                                          
               "Local Written Blocks": 0,                                                                                                          
               "Temp Read Blocks": 0,                                                                                                              
               "Temp Written Blocks": 0,                                                                                                           
               "Plans": [                                                                                                                          
                 {                                                                                                                                 
                   "Node Type": "Seq Scan",                                                                                                        
                   "Parent Relationship": "Outer",                                                                                                 
                   "Parallel Aware": false,                                                                                                        
                   "Relation Name": "company_name",                                                                                                
                   "Alias": "cn",                                                                                                                  
                   "Startup Cost": 0.00,                                                                                                           
                   "Total Cost": 128.41,                                                                                                           
                   "Plan Rows": 84843,                                                                                                             
                   "Plan Width": 23,                                                                                                               
                   "Actual Startup Time": 21.296,                                                                                                  
                   "Actual Total Time": 137.697,                                                                                                   
                   "Actual Rows": 84843,                                                                                                           
                   "Actual Loops": 1,                                                                                                              
                   "Filter": "((country_code)::text = '[us]'::text)",                                                                              
                   "Rows Removed by Filter": 150154,                                                                                               
                   "Shared Hit Blocks": 2,                                                                                                         
                   "Shared Read Blocks": 2992,                                                                                                     
                   "Shared Dirtied Blocks": 0,                                                                                                     
                   "Shared Written Blocks": 0,                                                                                                     
                   "Local Hit Blocks": 0,                                                                                                          
                   "Local Read Blocks": 0,                                                                                                         
                   "Local Dirtied Blocks": 0,                                                                                                      
                   "Local Written Blocks": 0,                                                                                                      
                   "Temp Read Blocks": 0,                                                                                                          
                   "Temp Written Blocks": 0                                                                                                        
                 },                                                                                                                                
                 {                                                                                                                                 
                   "Node Type": "Materialize",                                                                                                     
                   "Parent Relationship": "Inner",                                                                                                 
                   "Parallel Aware": false,                                                                                                        
                   "Startup Cost": 2589.89,                                                                                                        
                   "Total Cost": 13449.59,                                                                                                         
                   "Plan Rows": 1,                                                                                                                 
                   "Plan Width": 31,                                                                                                               
                   "Actual Startup Time": 0.795,                                                                                                   
                   "Actual Total Time": 1.961,                                                                                                     
                   "Actual Rows": 2474,                                                                                                            
                   "Actual Loops": 84843,                                                                                                          
                   "Shared Hit Blocks": 15,                                                                                                        
                   "Shared Read Blocks": 225124,                                                                                                   
                   "Shared Dirtied Blocks": 0,                                                                                                     
                   "Shared Written Blocks": 0,                                                                                                     
                   "Local Hit Blocks": 0,                                                                                                          
                   "Local Read Blocks": 0,                                                                                                         
                   "Local Dirtied Blocks": 0,                                                                                                      
                   "Local Written Blocks": 0,                                                                                                      
                   "Temp Read Blocks": 0,                                                                                                          
                   "Temp Written Blocks": 0,                                                                                                       
                   "Plans": [                                                                                                                      
                     {                                                                                                                             
                       "Node Type": "Nested Loop",                                                                                                 
                       "Parent Relationship": "Outer",                                                                                             
                       "Parallel Aware": false,                                                                                                    
                       "Join Type": "Inner",                                                                                                       
                       "Startup Cost": 2589.89,                                                                                                    
                       "Total Cost": 13449.59,                                                                                                     
                       "Plan Rows": 1,                                                                                                             
                       "Plan Width": 31,                                                                                                           
                       "Actual Startup Time": 67470.622,                                                                                           
                       "Actual Total Time": 157167.494,                                                                                            
                       "Actual Rows": 2474,                                                                                                        
                       "Actual Loops": 1,                                                                                                          
                       "Inner Unique": false,                                                                                                      
                       "Join Filter": "(mi.movie_id = mc.movie_id)",                                                                               
                       "Rows Removed by Join Filter": 709680614,                                                                                   
                       "Shared Hit Blocks": 15,                                                                                                    
                       "Shared Read Blocks": 225124,                                                                                               
                       "Shared Dirtied Blocks": 0,                                                                                                 
                       "Shared Written Blocks": 0,                                                                                                 
                       "Local Hit Blocks": 0,                                                                                                      
                       "Local Read Blocks": 0,                                                                                                     
                       "Local Dirtied Blocks": 0,                                                                                                  
                       "Local Written Blocks": 0,                                                                                                  
                       "Temp Read Blocks": 0,                                                                                                      
                       "Temp Written Blocks": 0,                                                                                                   
                       "Plans": [                                                                                                                  
                         {                                                                                                                         
                           "Node Type": "Seq Scan",                                                                                                
                           "Parent Relationship": "Outer",                                                                                         
                           "Parallel Aware": false,                                                                                                
                           "Relation Name": "movie_companies",                                                                                     
                           "Alias": "mc",                                                                                                          
                           "Startup Cost": 0.00,                                                                                                   
                           "Total Cost": 769.75,                                                                                                   
                           "Plan Rows": 2609129,                                                                                                   
                           "Plan Width": 12,                                                                                                       
                           "Actual Startup Time": 0.016,                                                                                           
                           "Actual Total Time": 330.063,                                                                                           
                           "Actual Rows": 2609129,                                                                                                 
                           "Actual Loops": 1,                                                                                                      
                           "Shared Hit Blocks": 3,                                                                                                 
                           "Shared Read Blocks": 18786,                                                                                            
                           "Shared Dirtied Blocks": 0,                                                                                             
                           "Shared Written Blocks": 0,                                                                                             
                           "Local Hit Blocks": 0,                                                                                                  
                           "Local Read Blocks": 0,                                                                                                 
                           "Local Dirtied Blocks": 0,                                                                                              
                           "Local Written Blocks": 0,                                                                                              
                           "Temp Read Blocks": 0,                                                                                                  
                           "Temp Written Blocks": 0                                                                                                
                         },                                                                                                                        
                         {                                                                                                                         
                           "Node Type": "Materialize",                                                                                             
                           "Parent Relationship": "Inner",                                                                                         
                           "Parallel Aware": false,                                                                                                
                           "Startup Cost": 2589.89,                                                                                                
                           "Total Cost": 12094.29,                                                                                                 
                           "Plan Rows": 1,                                                                                                         
                           "Plan Width": 35,                                                                                                       
                           "Actual Startup Time": 0.002,                                                                                           
                           "Actual Total Time": 0.031,                                                                                             
                           "Actual Rows": 272,                                                                                                     
                           "Actual Loops": 2609129,                                                                                                
                           "Shared Hit Blocks": 12,                                                                                                
                           "Shared Read Blocks": 206338,                                                                                           
                           "Shared Dirtied Blocks": 0,                                                                                             
                           "Shared Written Blocks": 0,                                                                                             
                           "Local Hit Blocks": 0,                                                                                                  
                           "Local Read Blocks": 0,                                                                                                 
                           "Local Dirtied Blocks": 0,                                                                                              
                           "Local Written Blocks": 0,                                                                                              
                           "Temp Read Blocks": 0,                                                                                                  
                           "Temp Written Blocks": 0,                                                                                               
                           "Plans": [                                                                                                              
                             {                                                                                                                     
                               "Node Type": "Nested Loop",                                                                                         
                               "Parent Relationship": "Outer",                                                                                     
                               "Parallel Aware": false,                                                                                            
                               "Join Type": "Inner",                                                                                               
                               "Startup Cost": 2589.89,                                                                                            
                               "Total Cost": 12094.29,                                                                                             
                               "Plan Rows": 1,                                                                                                     
                               "Plan Width": 35,                                                                                                   
                               "Actual Startup Time": 5909.014,                                                                                    
                               "Actual Total Time": 50374.993,                                                                                     
                               "Actual Rows": 272,                                                                                                 
                               "Actual Loops": 1,                                                                                                  
                               "Inner Unique": false,                                                                                              
                               "Join Filter": "(mi.movie_id = t.id)",                                                                              
                               "Rows Removed by Join Filter": 273304438,                                                                           
                               "Shared Hit Blocks": 12,                                                                                            
                               "Shared Read Blocks": 206338,                                                                                       
                               "Shared Dirtied Blocks": 0,                                                                                         
                               "Shared Written Blocks": 0,                                                                                         
                               "Local Hit Blocks": 0,                                                                                              
                               "Local Read Blocks": 0,                                                                                             
                               "Local Dirtied Blocks": 0,                                                                                          
                               "Local Written Blocks": 0,                                                                                          
                               "Temp Read Blocks": 0,                                                                                              
                               "Temp Written Blocks": 0,                                                                                           
                               "Plans": [                                                                                                          
                                 {                                                                                                                 
                                   "Node Type": "Merge Join",                                                                                      
                                   "Parent Relationship": "Outer",                                                                                 
                                   "Parallel Aware": false,                                                                                        
                                   "Join Type": "Inner",                                                                                           
                                   "Startup Cost": 2589.89,                                                                                        
                                   "Total Cost": 2591.84,                                                                                          
                                   "Plan Rows": 2,                                                                                                 
                                   "Plan Width": 31,                                                                                               
                                   "Actual Startup Time": 2643.082,                                                                                
                                   "Actual Total Time": 2684.007,                                                                                  
                                   "Actual Rows": 90,                                                                                              
                                   "Actual Loops": 1,                                                                                              
                                   "Inner Unique": false,                                                                                          
                                   "Merge Cond": "(miidx.movie_id = t.id)",                                                                        
                                   "Shared Hit Blocks": 9,                                                                                         
                                   "Shared Read Blocks": 44448,                                                                                    
                                   "Shared Dirtied Blocks": 0,                                                                                     
                                   "Shared Written Blocks": 0,                                                                                     
                                   "Local Hit Blocks": 0,                                                                                          
                                   "Local Read Blocks": 0,                                                                                         
                                   "Local Dirtied Blocks": 0,                                                                                      
                                   "Local Written Blocks": 0,                                                                                      
                                   "Temp Read Blocks": 0,                                                                                          
                                   "Temp Written Blocks": 0,                                                                                       
                                   "Plans": [                                                                                                      
                                     {                                                                                                             
                                       "Node Type": "Sort",                                                                                        
                                       "Parent Relationship": "Outer",                                                                             
                                       "Parallel Aware": false,                                                                                    
                                       "Startup Cost": 696.07,                                                                                     
                                       "Total Cost": 697.01,                                                                                       
                                       "Plan Rows": 12213,                                                                                         
                                       "Plan Width": 10,                                                                                           
                                       "Actual Startup Time": 883.925,                                                                             
                                       "Actual Total Time": 904.318,                                                                               
                                       "Actual Rows": 453350,                                                                                      
                                       "Actual Loops": 1,                                                                                          
                                       "Sort Key": ["miidx.movie_id"],                                                                             
                                       "Sort Method": "quicksort",                                                                                 
                                       "Sort Space Used": 33847,                                                                                   
                                       "Sort Space Type": "Memory",                                                                                
                                       "Shared Hit Blocks": 7,                                                                                     
                                       "Shared Read Blocks": 8451,                                                                                 
                                       "Shared Dirtied Blocks": 0,                                                                                 
                                       "Shared Written Blocks": 0,                                                                                 
                                       "Local Hit Blocks": 0,                                                                                      
                                       "Local Read Blocks": 0,                                                                                     
                                       "Local Dirtied Blocks": 0,                                                                                  
                                       "Local Written Blocks": 0,                                                                                  
                                       "Temp Read Blocks": 0,                                                                                      
                                       "Temp Written Blocks": 0,                                                                                   
                                       "Plans": [                                                                                                  
                                         {                                                                                                         
                                           "Node Type": "Nested Loop",                                                                             
                                           "Parent Relationship": "Outer",                                                                         
                                           "Parallel Aware": false,                                                                                
                                           "Join Type": "Inner",                                                                                   
                                           "Startup Cost": 0.00,                                                                                   
                                           "Total Cost": 670.32,                                                                                   
                                           "Plan Rows": 12213,                                                                                     
                                           "Plan Width": 10,                                                                                       
                                           "Actual Startup Time": 0.090,                                                                           
                                           "Actual Total Time": 684.887,                                                                           
                                           "Actual Rows": 459925,                                                                                  
                                           "Actual Loops": 1,                                                                                      
                                           "Inner Unique": true,                                                                                   
                                           "Join Filter": "(it.id = miidx.info_type_id)",                                                          
                                           "Rows Removed by Join Filter": 920110,                                                                  
                                           "Shared Hit Blocks": 3,                                                                                 
                                           "Shared Read Blocks": 8451,                                                                             
                                           "Shared Dirtied Blocks": 0,                                                                             
                                           "Shared Written Blocks": 0,                                                                             
                                           "Local Hit Blocks": 0,                                                                                  
                                           "Local Read Blocks": 0,                                                                                 
                                           "Local Dirtied Blocks": 0,                                                                              
                                           "Local Written Blocks": 0,                                                                              
                                           "Temp Read Blocks": 0,                                                                                  
                                           "Temp Written Blocks": 0,                                                                               
                                           "Plans": [                                                                                              
                                             {                                                                                                     
                                               "Node Type": "Seq Scan",                                                                            
                                               "Parent Relationship": "Outer",                                                                     
                                               "Parallel Aware": false,                                                                            
                                               "Relation Name": "movie_info_idx",                                                                  
                                               "Alias": "miidx",                                                                                   
                                               "Startup Cost": 0.00,                                                                               
                                               "Total Cost": 360.56,                                                                               
                                               "Plan Rows": 1380035,                                                                               
                                               "Plan Width": 14,                                                                                   
                                               "Actual Startup Time": 0.013,                                                                       
                                               "Actual Total Time": 168.963,                                                                       
                                               "Actual Rows": 1380035,                                                                             
                                               "Actual Loops": 1,                                                                                  
                                               "Shared Hit Blocks": 2,                                                                             
                                               "Shared Read Blocks": 8451,                                                                         
                                               "Shared Dirtied Blocks": 0,                                                                         
                                               "Shared Written Blocks": 0,                                                                         
                                               "Local Hit Blocks": 0,                                                                              
                                               "Local Read Blocks": 0,                                                                             
                                               "Local Dirtied Blocks": 0,                                                                          
                                               "Local Written Blocks": 0,                                                                          
                                               "Temp Read Blocks": 0,                                                                              
                                               "Temp Written Blocks": 0                                                                            
                                             },                                                                                                    
                                             {                                                                                                     
                                               "Node Type": "Materialize",                                                                         
                                               "Parent Relationship": "Inner",                                                                     
                                               "Parallel Aware": false,                                                                            
                                               "Startup Cost": 0.00,                                                                               
                                               "Total Cost": 0.05,                                                                                 
                                               "Plan Rows": 1,                                                                                     
                                               "Plan Width": 4,                                                                                    
                                               "Actual Startup Time": 0.000,                                                                       
                                               "Actual Total Time": 0.000,                                                                         
                                               "Actual Rows": 1,                                                                                   
                                               "Actual Loops": 1380035,                                                                            
                                               "Shared Hit Blocks": 1,                                                                             
                                               "Shared Read Blocks": 0,                                                                            
                                               "Shared Dirtied Blocks": 0,                                                                         
                                               "Shared Written Blocks": 0,                                                                         
                                               "Local Hit Blocks": 0,                                                                              
                                               "Local Read Blocks": 0,                                                                             
                                               "Local Dirtied Blocks": 0,                                                                          
                                               "Local Written Blocks": 0,                                                                          
                                               "Temp Read Blocks": 0,                                                                              
                                               "Temp Written Blocks": 0,                                                                           
                                               "Plans": [                                                                                          
                                                 {                                                                                                 
                                                   "Node Type": "Seq Scan",                                                                        
                                                   "Parent Relationship": "Outer",                                                                 
                                                   "Parallel Aware": false,                                                                        
                                                   "Relation Name": "info_type",                                                                   
                                                   "Alias": "it",                                                                                  
                                                   "Startup Cost": 0.00,                                                                           
                                                   "Total Cost": 0.05,                                                                             
                                                   "Plan Rows": 1,                                                                                 
                                                   "Plan Width": 4,                                                                                
                                                   "Actual Startup Time": 0.048,                                                                   
                                                   "Actual Total Time": 0.054,                                                                     
                                                   "Actual Rows": 1,                                                                               
                                                   "Actual Loops": 1,                                                                              
                                                   "Filter": "((info)::text = 'rating'::text)",                                                    
                                                   "Rows Removed by Filter": 112,                                                                  
                                                   "Shared Hit Blocks": 1,                                                                         
                                                   "Shared Read Blocks": 0,                                                                        
                                                   "Shared Dirtied Blocks": 0,                                                                     
                                                   "Shared Written Blocks": 0,                                                                     
                                                   "Local Hit Blocks": 0,                                                                          
                                                   "Local Read Blocks": 0,                                                                         
                                                   "Local Dirtied Blocks": 0,                                                                      
                                                   "Local Written Blocks": 0,                                                                      
                                                   "Temp Read Blocks": 0,                                                                          
                                                   "Temp Written Blocks": 0                                                                        
                                                 }                                                                                                 
                                               ]                                                                                                   
                                             }                                                                                                     
                                           ]                                                                                                       
                                         }                                                                                                         
                                       ]                                                                                                           
                                     },                                                                                                            
                                     {                                                                                                             
                                       "Node Type": "Sort",                                                                                        
                                       "Parent Relationship": "Inner",                                                                             
                                       "Parallel Aware": false,                                                                                    
                                       "Startup Cost": 1893.82,                                                                                    
                                       "Total Cost": 1893.85,                                                                                      
                                       "Plan Rows": 327,                                                                                           
                                       "Plan Width": 21,                                                                                           
                                       "Actual Startup Time": 1732.617,                                                                            
                                       "Actual Total Time": 1732.714,                                                                              
                                       "Actual Rows": 395,                                                                                         
                                       "Actual Loops": 1,                                                                                          
                                       "Sort Key": ["t.id"],                                                                                       
                                       "Sort Method": "quicksort",                                                                                 
                                       "Sort Space Used": 59,                                                                                      
                                       "Sort Space Type": "Memory",                                                                                
                                       "Shared Hit Blocks": 2,                                                                                     
                                       "Shared Read Blocks": 35997,                                                                                
                                       "Shared Dirtied Blocks": 0,                                                                                 
                                       "Shared Written Blocks": 0,                                                                                 
                                       "Local Hit Blocks": 0,                                                                                      
                                       "Local Read Blocks": 0,                                                                                     
                                       "Local Dirtied Blocks": 0,                                                                                  
                                       "Local Written Blocks": 0,                                                                                  
                                       "Temp Read Blocks": 0,                                                                                      
                                       "Temp Written Blocks": 0,                                                                                   
                                       "Plans": [                                                                                                  
                                         {                                                                                                         
                                           "Node Type": "Nested Loop",                                                                             
                                           "Parent Relationship": "Outer",                                                                         
                                           "Parallel Aware": false,                                                                                
                                           "Join Type": "Inner",                                                                                   
                                           "Startup Cost": 0.00,                                                                                   
                                           "Total Cost": 1893.40,                                                                                  
                                           "Plan Rows": 327,                                                                                       
                                           "Plan Width": 21,                                                                                       
                                           "Actual Startup Time": 1131.305,                                                                        
                                           "Actual Total Time": 1732.255,                                                                          
                                           "Actual Rows": 395,                                                                                     
                                           "Actual Loops": 1,                                                                                      
                                           "Inner Unique": true,                                                                                   
                                           "Join Filter": "(kt.id = t.kind_id)",                                                                   
                                           "Rows Removed by Join Filter": 1823,                                                                    
                                           "Shared Hit Blocks": 2,                                                                                 
                                           "Shared Read Blocks": 35997,                                                                            
                                           "Shared Dirtied Blocks": 0,                                                                             
                                           "Shared Written Blocks": 0,                                                                             
                                           "Local Hit Blocks": 0,                                                                                  
                                           "Local Read Blocks": 0,                                                                                 
                                           "Local Dirtied Blocks": 0,                                                                              
                                           "Local Written Blocks": 0,                                                                              
                                           "Temp Read Blocks": 0,                                                                                  
                                           "Temp Written Blocks": 0,                                                                               
                                           "Plans": [                                                                                              
                                             {                                                                                                     
                                               "Node Type": "Seq Scan",                                                                            
                                               "Parent Relationship": "Outer",                                                                     
                                               "Parallel Aware": false,                                                                            
                                               "Relation Name": "title",                                                                           
                                               "Alias": "t",                                                                                       
                                               "Startup Cost": 0.00,                                                                               
                                               "Total Cost": 1892.85,                                                                              
                                               "Plan Rows": 2288,                                                                                  
                                               "Plan Width": 25,                                                                                   
                                               "Actual Startup Time": 24.917,                                                                      
                                               "Actual Total Time": 1730.222,                                                                      
                                               "Actual Rows": 2218,                                                                                
                                               "Actual Loops": 1,                                                                                  
                                               "Filter": "((title <> ''::text) AND ((title ~~ '%Champion%'::text) OR (title ~~ '%Loser%'::text)))",
                                               "Rows Removed by Filter": 2526094,                                                                  
                                               "Shared Hit Blocks": 1,                                                                             
                                               "Shared Read Blocks": 35997,                                                                        
                                               "Shared Dirtied Blocks": 0,                                                                         
                                               "Shared Written Blocks": 0,                                                                         
                                               "Local Hit Blocks": 0,                                                                              
                                               "Local Read Blocks": 0,                                                                             
                                               "Local Dirtied Blocks": 0,                                                                          
                                               "Local Written Blocks": 0,                                                                          
                                               "Temp Read Blocks": 0,                                                                              
                                               "Temp Written Blocks": 0                                                                            
                                             },                                                                                                    
                                             {                                                                                                     
                                               "Node Type": "Materialize",                                                                         
                                               "Parent Relationship": "Inner",                                                                     
                                               "Parallel Aware": false,                                                                            
                                               "Startup Cost": 0.00,                                                                               
                                               "Total Cost": 0.03,                                                                                 
                                               "Plan Rows": 1,                                                                                     
                                               "Plan Width": 4,                                                                                    
                                               "Actual Startup Time": 0.000,                                                                       
                                               "Actual Total Time": 0.000,                                                                         
                                               "Actual Rows": 1,                                                                                   
                                               "Actual Loops": 2218,                                                                               
                                               "Shared Hit Blocks": 1,                                                                             
                                               "Shared Read Blocks": 0,                                                                            
                                               "Shared Dirtied Blocks": 0,                                                                         
                                               "Shared Written Blocks": 0,                                                                         
                                               "Local Hit Blocks": 0,                                                                              
                                               "Local Read Blocks": 0,                                                                             
                                               "Local Dirtied Blocks": 0,                                                                          
                                               "Local Written Blocks": 0,                                                                          
                                               "Temp Read Blocks": 0,                                                                              
                                               "Temp Written Blocks": 0,                                                                           
                                               "Plans": [                                                                                          
                                                 {                                                                                                 
                                                   "Node Type": "Seq Scan",                                                                        
                                                   "Parent Relationship": "Outer",                                                                 
                                                   "Parallel Aware": false,                                                                        
                                                   "Relation Name": "kind_type",                                                                   
                                                   "Alias": "kt",                                                                                  
                                                   "Startup Cost": 0.00,                                                                           
                                                   "Total Cost": 0.03,                                                                             
                                                   "Plan Rows": 1,                                                                                 
                                                   "Plan Width": 4,                                                                                
                                                   "Actual Startup Time": 0.013,                                                                   
                                                   "Actual Total Time": 0.017,                                                                     
                                                   "Actual Rows": 1,                                                                               
                                                   "Actual Loops": 1,                                                                              
                                                   "Filter": "((kind)::text = 'movie'::text)",                                                     
                                                   "Rows Removed by Filter": 6,                                                                    
                                                   "Shared Hit Blocks": 1,                                                                         
                                                   "Shared Read Blocks": 0,                                                                        
                                                   "Shared Dirtied Blocks": 0,                                                                     
                                                   "Shared Written Blocks": 0,                                                                     
                                                   "Local Hit Blocks": 0,                                                                          
                                                   "Local Read Blocks": 0,                                                                         
                                                   "Local Dirtied Blocks": 0,                                                                      
                                                   "Local Written Blocks": 0,                                                                      
                                                   "Temp Read Blocks": 0,                                                                          
                                                   "Temp Written Blocks": 0                                                                        
                                                 }                                                                                                 
                                               ]                                                                                                   
                                             }                                                                                                     
                                           ]                                                                                                       
                                         }                                                                                                         
                                       ]                                                                                                           
                                     }                                                                                                             
                                   ]                                                                                                               
                                 },                                                                                                                
                                 {                                                                                                                 
                                   "Node Type": "Materialize",                                                                                     
                                   "Parent Relationship": "Inner",                                                                                 
                                   "Parallel Aware": false,                                                                                        
                                   "Startup Cost": 0.00,                                                                                           
                                   "Total Cost": 9453.72,                                                                                          
                                   "Plan Rows": 131290,                                                                                            
                                   "Plan Width": 4,                                                                                                
                                   "Actual Startup Time": 23.023,                                                                                  
                                   "Actual Total Time": 246.860,                                                                                   
                                   "Actual Rows": 3036719,                                                                                         
                                   "Actual Loops": 90,                                                                                             
                                   "Shared Hit Blocks": 3,                                                                                         
                                   "Shared Read Blocks": 161890,                                                                                   
                                   "Shared Dirtied Blocks": 0,                                                                                     
                                   "Shared Written Blocks": 0,                                                                                     
                                   "Local Hit Blocks": 0,                                                                                          
                                   "Local Read Blocks": 0,                                                                                         
                                   "Local Dirtied Blocks": 0,                                                                                      
                                   "Local Written Blocks": 0,                                                                                      
                                   "Temp Read Blocks": 0,                                                                                          
                                   "Temp Written Blocks": 0,                                                                                       
                                   "Plans": [                                                                                                      
                                     {                                                                                                             
                                       "Node Type": "Nested Loop",                                                                                 
                                       "Parent Relationship": "Outer",                                                                             
                                       "Parallel Aware": false,                                                                                    
                                       "Join Type": "Inner",                                                                                       
                                       "Startup Cost": 0.00,                                                                                       
                                       "Total Cost": 9433.33,                                                                                      
                                       "Plan Rows": 131290,                                                                                        
                                       "Plan Width": 4,                                                                                            
                                       "Actual Startup Time": 2072.061,                                                                            
                                       "Actual Total Time": 9744.267,                                                                              
                                       "Actual Rows": 3036719,                                                                                     
                                       "Actual Loops": 1,                                                                                          
                                       "Inner Unique": true,                                                                                       
                                       "Join Filter": "(it.id = mi.info_type_id)",                                                                
                                       "Rows Removed by Join Filter": 11799001,                                                                    
                                       "Shared Hit Blocks": 3,                                                                                     
                                       "Shared Read Blocks": 161890,                                                                               
                                       "Shared Dirtied Blocks": 0,                                                                                 
                                       "Shared Written Blocks": 0,                                                                                 
                                       "Local Hit Blocks": 0,                                                                                      
                                       "Local Read Blocks": 0,                                                                                     
                                       "Local Dirtied Blocks": 0,                                                                                  
                                       "Local Written Blocks": 0,                                                                                  
                                       "Temp Read Blocks": 0,                                                                                      
                                       "Temp Written Blocks": 0,                                                                                   
                                       "Plans": [                                                                                                  
                                         {                                                                                                         
                                           "Node Type": "Seq Scan",                                                                                
                                           "Parent Relationship": "Outer",                                                                         
                                           "Parallel Aware": false,                                                                                
                                           "Relation Name": "movie_info",                                                                          
                                           "Alias": "mi",                                                                                          
                                           "Startup Cost": 0.00,                                                                                   
                                           "Total Cost": 6103.84,                                                                                  
                                           "Plan Rows": 14835720,                                                                                  
                                           "Plan Width": 8,                                                                                        
                                           "Actual Startup Time": 10.353,                                                                          
                                           "Actual Total Time": 3932.766,                                                                          
                                           "Actual Rows": 14835720,                                                                                
                                           "Actual Loops": 1,                                                                                      
                                           "Shared Hit Blocks": 2,                                                                                 
                                           "Shared Read Blocks": 161890,                                                                           
                                           "Shared Dirtied Blocks": 0,                                                                             
                                           "Shared Written Blocks": 0,                                                                             
                                           "Local Hit Blocks": 0,                                                                                  
                                           "Local Read Blocks": 0,                                                                                 
                                           "Local Dirtied Blocks": 0,                                                                              
                                           "Local Written Blocks": 0,                                                                              
                                           "Temp Read Blocks": 0,                                                                                  
                                           "Temp Written Blocks": 0                                                                                
                                         },                                                                                                        
                                         {                                                                                                         
                                           "Node Type": "Materialize",                                                                             
                                           "Parent Relationship": "Inner",                                                                         
                                           "Parallel Aware": false,                                                                                
                                           "Startup Cost": 0.00,                                                                                   
                                           "Total Cost": 0.05,                                                                                     
                                           "Plan Rows": 1,                                                                                         
                                           "Plan Width": 4,                                                                                        
                                           "Actual Startup Time": 0.000,                                                                           
                                           "Actual Total Time": 0.000,                                                                             
                                           "Actual Rows": 1,                                                                                       
                                           "Actual Loops": 14835720,                                                                               
                                           "Shared Hit Blocks": 1,                                                                                 
                                           "Shared Read Blocks": 0,                                                                                
                                           "Shared Dirtied Blocks": 0,                                                                             
                                           "Shared Written Blocks": 0,                                                                             
                                           "Local Hit Blocks": 0,                                                                                  
                                           "Local Read Blocks": 0,                                                                                 
                                           "Local Dirtied Blocks": 0,                                                                              
                                           "Local Written Blocks": 0,                                                                              
                                           "Temp Read Blocks": 0,                                                                                  
                                           "Temp Written Blocks": 0,                                                                               
                                           "Plans": [                                                                                              
                                             {                                                                                                     
                                               "Node Type": "Seq Scan",                                                                            
                                               "Parent Relationship": "Outer",                                                                     
                                               "Parallel Aware": false,                                                                            
                                               "Relation Name": "info_type",                                                                       
                                               "Alias": "it",                                                                                     
                                               "Startup Cost": 0.00,                                                                               
                                               "Total Cost": 0.05,                                                                                 
                                               "Plan Rows": 1,                                                                                     
                                               "Plan Width": 4,                                                                                    
                                               "Actual Startup Time": 0.029,                                                                       
                                               "Actual Total Time": 0.063,                                                                         
                                               "Actual Rows": 1,                                                                                   
                                               "Actual Loops": 1,                                                                                  
                                               "Filter": "((info)::text = 'release dates'::text)",                                                 
                                               "Rows Removed by Filter": 112,                                                                      
                                               "Shared Hit Blocks": 1,                                                                             
                                               "Shared Read Blocks": 0,                                                                            
                                               "Shared Dirtied Blocks": 0,                                                                         
                                               "Shared Written Blocks": 0,                                                                         
                                               "Local Hit Blocks": 0,                                                                              
                                               "Local Read Blocks": 0,                                                                             
                                               "Local Dirtied Blocks": 0,                                                                          
                                               "Local Written Blocks": 0,                                                                          
                                               "Temp Read Blocks": 0,                                                                              
                                               "Temp Written Blocks": 0                                                                            
                                             }                                                                                                     
                                           ]                                                                                                       
                                         }                                                                                                         
                                       ]                                                                                                           
                                     }                                                                                                             
                                   ]                                                                                                               
                                 }                                                                                                                 
                               ]                                                                                                                   
                             }                                                                                                                     
                           ]                                                                                                                       
                         }                                                                                                                         
                       ]                                                                                                                           
                     }                                                                                                                             
                   ]                                                                                                                               
                 }                                                                                                                                 
               ]                                                                                                                                   
             },                                                                                                                                    
             {                                                                                                                                     
               "Node Type": "Materialize",                                                                                                         
               "Parent Relationship": "Inner",                                                                                                     
               "Parallel Aware": false,                                                                                                            
               "Startup Cost": 0.00,                                                                                                               
               "Total Cost": 0.03,                                                                                                                 
               "Plan Rows": 1,                                                                                                                     
               "Plan Width": 4,                                                                                                                    
               "Actual Startup Time": 0.000,                                                                                                       
               "Actual Total Time": 0.000,                                                                                                         
               "Actual Rows": 1,                                                                                                                   
               "Actual Loops": 978,                                                                                                                
               "Shared Hit Blocks": 1,                                                                                                             
               "Shared Read Blocks": 0,                                                                                                            
               "Shared Dirtied Blocks": 0,                                                                                                         
               "Shared Written Blocks": 0,                                                                                                         
               "Local Hit Blocks": 0,                                                                                                              
               "Local Read Blocks": 0,                                                                                                             
               "Local Dirtied Blocks": 0,                                                                                                          
               "Local Written Blocks": 0,                                                                                                          
               "Temp Read Blocks": 0,                                                                                                              
               "Temp Written Blocks": 0,                                                                                                           
               "Plans": [                                                                                                                          
                 {                                                                                                                                 
                   "Node Type": "Seq Scan",                                                                                                        
                   "Parent Relationship": "Outer",                                                                                                 
                   "Parallel Aware": false,                                                                                                        
                   "Relation Name": "company_type",                                                                                                
                   "Alias": "ct",                                                                                                                  
                   "Startup Cost": 0.00,                                                                                                           
                   "Total Cost": 0.03,                                                                                                             
                   "Plan Rows": 1,                                                                                                                 
                   "Plan Width": 4,                                                                                                                
                   "Actual Startup Time": 0.006,                                                                                                   
                   "Actual Total Time": 0.006,                                                                                                     
                   "Actual Rows": 1,                                                                                                               
                   "Actual Loops": 1,                                                                                                              
                   "Filter": "((kind)::text = 'production companies'::text)",                                                                      
                   "Rows Removed by Filter": 3,                                                                                                    
                   "Shared Hit Blocks": 1,                                                                                                         
                   "Shared Read Blocks": 0,                                                                                                        
                   "Shared Dirtied Blocks": 0,                                                                                                     
                   "Shared Written Blocks": 0,                                                                                                     
                   "Local Hit Blocks": 0,                                                                                                          
                   "Local Read Blocks": 0,                                                                                                         
                   "Local Dirtied Blocks": 0,                                                                                                      
                   "Local Written Blocks": 0,                                                                                                      
                   "Temp Read Blocks": 0,                                                                                                          
                   "Temp Written Blocks": 0                                                                                                        
                 }                                                                                                                                 
               ]                                                                                                                                   
             }                                                                                                                                     
           ]                                                                                                                                       
         }                                                                                                                                         
       ]                                                                                                                                           
     },                                                                                                                                            
     "Planning Time": 4985.435,                                                                                                                    
     "Triggers": [                                                                                                                                 
     ],                                                                                                                                            
     "Execution Time": 188080.022                                                                                                                  
   }                                                                                                                                               
 ]
