 [                                                                                                                                                       
   {                                                                                                                                                     
     "Plan": {                                                                                                                                           
       "Node Type": "Aggregate",                                                                                                                         
       "Strategy": "Plain",                                                                                                                              
       "Partial Mode": "Simple",                                                                                                                         
       "Parallel Aware": false,                                                                                                                          
       "Startup Cost": 13527.11,                                                                                                                         
       "Total Cost": 13527.11,                                                                                                                           
       "Plan Rows": 1,                                                                                                                                   
       "Plan Width": 96,                                                                                                                                 
       "Actual Startup Time": 102351.439,                                                                                                                
       "Actual Total Time": 102351.440,                                                                                                                  
       "Actual Rows": 1,                                                                                                                                 
       "Actual Loops": 1,                                                                                                                                
       "Shared Hit Blocks": 18,                                                                                                                          
       "Shared Read Blocks": 228116,                                                                                                                     
       "Shared Dirtied Blocks": 0,                                                                                                                       
       "Shared Written Blocks": 0,                                                                                                                       
       "Local Hit Blocks": 0,                                                                                                                            
       "Local Read Blocks": 0,                                                                                                                           
       "Local Dirtied Blocks": 0,                                                                                                                        
       "Local Written Blocks": 0,                                                                                                                        
       "Temp Read Blocks": 0,                                                                                                                            
       "Temp Written Blocks": 0,                                                                                                                         
       "Plans": [                                                                                                                                        
         {                                                                                                                                               
           "Node Type": "Nested Loop",                                                                                                                   
           "Parent Relationship": "Outer",                                                                                                               
           "Parallel Aware": false,                                                                                                                      
           "Join Type": "Inner",                                                                                                                         
           "Startup Cost": 2589.09,                                                                                                                      
           "Total Cost": 13527.11,                                                                                                                       
           "Plan Rows": 1,                                                                                                                               
           "Plan Width": 42,                                                                                                                             
           "Actual Startup Time": 100631.278,                                                                                                            
           "Actual Total Time": 102351.351,                                                                                                              
           "Actual Rows": 53,                                                                                                                            
           "Actual Loops": 1,                                                                                                                            
           "Inner Unique": false,                                                                                                                        
           "Join Filter": "(mc.company_id = cn.id)",                                                                                                     
           "Rows Removed by Join Filter": 13744513,                                                                                                      
           "Shared Hit Blocks": 18,                                                                                                                      
           "Shared Read Blocks": 228116,                                                                                                                 
           "Shared Dirtied Blocks": 0,                                                                                                                   
           "Shared Written Blocks": 0,                                                                                                                   
           "Local Hit Blocks": 0,                                                                                                                        
           "Local Read Blocks": 0,                                                                                                                       
           "Local Dirtied Blocks": 0,                                                                                                                    
           "Local Written Blocks": 0,                                                                                                                    
           "Temp Read Blocks": 0,                                                                                                                        
           "Temp Written Blocks": 0,                                                                                                                     
           "Plans": [                                                                                                                                    
             {                                                                                                                                           
               "Node Type": "Seq Scan",                                                                                                                  
               "Parent Relationship": "Outer",                                                                                                           
               "Parallel Aware": false,                                                                                                                  
               "Relation Name": "company_name",                                                                                                          
               "Alias": "cn",                                                                                                                            
               "Startup Cost": 0.00,                                                                                                                     
               "Total Cost": 128.41,                                                                                                                     
               "Plan Rows": 84843,                                                                                                                       
               "Plan Width": 23,                                                                                                                         
               "Actual Startup Time": 21.621,                                                                                                            
               "Actual Total Time": 95.774,                                                                                                              
               "Actual Rows": 84843,                                                                                                                     
               "Actual Loops": 1,                                                                                                                        
               "Filter": "((country_code)::text = '[us]'::text)",                                                                                        
               "Rows Removed by Filter": 150154,                                                                                                         
               "Shared Hit Blocks": 2,                                                                                                                   
               "Shared Read Blocks": 2992,                                                                                                               
               "Shared Dirtied Blocks": 0,                                                                                                               
               "Shared Written Blocks": 0,                                                                                                               
               "Local Hit Blocks": 0,                                                                                                                    
               "Local Read Blocks": 0,                                                                                                                   
               "Local Dirtied Blocks": 0,                                                                                                                
               "Local Written Blocks": 0,                                                                                                                
               "Temp Read Blocks": 0,                                                                                                                    
               "Temp Written Blocks": 0                                                                                                                  
             },                                                                                                                                          
             {                                                                                                                                           
               "Node Type": "Materialize",                                                                                                               
               "Parent Relationship": "Inner",                                                                                                           
               "Parallel Aware": false,                                                                                                                  
               "Startup Cost": 2589.09,                                                                                                                  
               "Total Cost": 13379.67,                                                                                                                   
               "Plan Rows": 1,                                                                                                                           
               "Plan Width": 27,                                                                                                                         
               "Actual Startup Time": 0.606,                                                                                                             
               "Actual Total Time": 1.190,                                                                                                               
               "Actual Rows": 162,                                                                                                                       
               "Actual Loops": 84843,                                                                                                                    
               "Shared Hit Blocks": 16,                                                                                                                  
               "Shared Read Blocks": 225124,                                                                                                             
               "Shared Dirtied Blocks": 0,                                                                                                               
               "Shared Written Blocks": 0,                                                                                                               
               "Local Hit Blocks": 0,                                                                                                                    
               "Local Read Blocks": 0,                                                                                                                   
               "Local Dirtied Blocks": 0,                                                                                                                
               "Local Written Blocks": 0,                                                                                                                
               "Temp Read Blocks": 0,                                                                                                                    
               "Temp Written Blocks": 0,                                                                                                                 
               "Plans": [                                                                                                                                
                 {                                                                                                                                       
                   "Node Type": "Nested Loop",                                                                                                           
                   "Parent Relationship": "Outer",                                                                                                       
                   "Parallel Aware": false,                                                                                                              
                   "Join Type": "Inner",                                                                                                                 
                   "Startup Cost": 2589.09,                                                                                                              
                   "Total Cost": 13379.67,                                                                                                               
                   "Plan Rows": 1,                                                                                                                       
                   "Plan Width": 27,                                                                                                                     
                   "Actual Startup Time": 51403.129,                                                                                                     
                   "Actual Total Time": 100344.803,                                                                                                      
                   "Actual Rows": 162,                                                                                                                   
                   "Actual Loops": 1,                                                                                                                    
                   "Inner Unique": true,                                                                                                                 
                   "Join Filter": "(mi.info_type_id = it.id)",                                                                                          
                   "Rows Removed by Join Filter": 605,                                                                                                   
                   "Shared Hit Blocks": 16,                                                                                                              
                   "Shared Read Blocks": 225124,                                                                                                         
                   "Shared Dirtied Blocks": 0,                                                                                                           
                   "Shared Written Blocks": 0,                                                                                                           
                   "Local Hit Blocks": 0,                                                                                                                
                   "Local Read Blocks": 0,                                                                                                               
                   "Local Dirtied Blocks": 0,                                                                                                            
                   "Local Written Blocks": 0,                                                                                                            
                   "Temp Read Blocks": 0,                                                                                                                
                   "Temp Written Blocks": 0,                                                                                                             
                   "Plans": [                                                                                                                            
                     {                                                                                                                                   
                       "Node Type": "Nested Loop",                                                                                                       
                       "Parent Relationship": "Outer",                                                                                                   
                       "Parallel Aware": false,                                                                                                          
                       "Join Type": "Inner",                                                                                                             
                       "Startup Cost": 2589.09,                                                                                                          
                       "Total Cost": 13379.62,                                                                                                           
                       "Plan Rows": 2,                                                                                                                   
                       "Plan Width": 31,                                                                                                                 
                       "Actual Startup Time": 17377.844,                                                                                                 
                       "Actual Total Time": 100344.474,                                                                                                  
                       "Actual Rows": 767,                                                                                                               
                       "Actual Loops": 1,                                                                                                                
                       "Inner Unique": false,                                                                                                            
                       "Join Filter": "(t.id = mi.movie_id)",                                                                                            
                       "Rows Removed by Join Filter": 474742273,                                                                                         
                       "Shared Hit Blocks": 15,                                                                                                          
                       "Shared Read Blocks": 225124,                                                                                                     
                       "Shared Dirtied Blocks": 0,                                                                                                       
                       "Shared Written Blocks": 0,                                                                                                       
                       "Local Hit Blocks": 0,                                                                                                            
                       "Local Read Blocks": 0,                                                                                                           
                       "Local Dirtied Blocks": 0,                                                                                                        
                       "Local Written Blocks": 0,                                                                                                        
                       "Temp Read Blocks": 0,                                                                                                            
                       "Temp Written Blocks": 0,                                                                                                         
                       "Plans": [                                                                                                                        
                         {                                                                                                                               
                           "Node Type": "Seq Scan",                                                                                                      
                           "Parent Relationship": "Outer",                                                                                               
                           "Parallel Aware": false,                                                                                                      
                           "Relation Name": "movie_info",                                                                                                
                           "Alias": "mi",                                                                                                                
                           "Startup Cost": 0.00,                                                                                                         
                           "Total Cost": 6103.84,                                                                                                        
                           "Plan Rows": 14835720,                                                                                                        
                           "Plan Width": 8,                                                                                                              
                           "Actual Startup Time": 3.601,                                                                                                 
                           "Actual Total Time": 2091.005,                                                                                                
                           "Actual Rows": 14835720,                                                                                                      
                           "Actual Loops": 1,                                                                                                            
                           "Shared Hit Blocks": 2,                                                                                                       
                           "Shared Read Blocks": 161890,                                                                                                 
                           "Shared Dirtied Blocks": 0,                                                                                                   
                           "Shared Written Blocks": 0,                                                                                                   
                           "Local Hit Blocks": 0,                                                                                                        
                           "Local Read Blocks": 0,                                                                                                       
                           "Local Dirtied Blocks": 0,                                                                                                    
                           "Local Written Blocks": 0,                                                                                                    
                           "Temp Read Blocks": 0,                                                                                                        
                           "Temp Written Blocks": 0                                                                                                      
                         },                                                                                                                              
                         {                                                                                                                               
                           "Node Type": "Materialize",                                                                                                   
                           "Parent Relationship": "Inner",                                                                                               
                           "Parallel Aware": false,                                                                                                      
                           "Startup Cost": 2589.09,                                                                                                      
                           "Total Cost": 3946.33,                                                                                                        
                           "Plan Rows": 1,                                                                                                               
                           "Plan Width": 39,                                                                                                             
                           "Actual Startup Time": 0.001,                                                                                                 
                           "Actual Total Time": 0.003,                                                                                                   
                           "Actual Rows": 32,                                                                                                            
                           "Actual Loops": 14835720,                                                                                                     
                           "Shared Hit Blocks": 13,                                                                                                      
                           "Shared Read Blocks": 63234,                                                                                                  
                           "Shared Dirtied Blocks": 0,                                                                                                   
                           "Shared Written Blocks": 0,                                                                                                   
                           "Local Hit Blocks": 0,                                                                                                        
                           "Local Read Blocks": 0,                                                                                                       
                           "Local Dirtied Blocks": 0,                                                                                                    
                           "Local Written Blocks": 0,                                                                                                    
                           "Temp Read Blocks": 0,                                                                                                        
                           "Temp Written Blocks": 0,                                                                                                     
                           "Plans": [                                                                                                                    
                             {                                                                                                                           
                               "Node Type": "Nested Loop",                                                                                               
                               "Parent Relationship": "Outer",                                                                                           
                               "Parallel Aware": false,                                                                                                  
                               "Join Type": "Inner",                                                                                                     
                               "Startup Cost": 2589.09,                                                                                                  
                               "Total Cost": 3946.33,                                                                                                    
                               "Plan Rows": 1,                                                                                                           
                               "Plan Width": 39,                                                                                                         
                               "Actual Startup Time": 11958.799,                                                                                         
                               "Actual Total Time": 15446.354,                                                                                           
                               "Actual Rows": 32,                                                                                                        
                               "Actual Loops": 1,                                                                                                        
                               "Inner Unique": true,                                                                                                     
                               "Join Filter": "(mc.company_type_id = ct.id)",                                                                            
                               "Rows Removed by Join Filter": 63,                                                                                        
                               "Shared Hit Blocks": 13,                                                                                                  
                               "Shared Read Blocks": 63234,                                                                                              
                               "Shared Dirtied Blocks": 0,                                                                                               
                               "Shared Written Blocks": 0,                                                                                               
                               "Local Hit Blocks": 0,                                                                                                    
                               "Local Read Blocks": 0,                                                                                                   
                               "Local Dirtied Blocks": 0,                                                                                                
                               "Local Written Blocks": 0,                                                                                                
                               "Temp Read Blocks": 0,                                                                                                    
                               "Temp Written Blocks": 0,                                                                                                 
                               "Plans": [                                                                                                                
                                 {                                                                                                                       
                                   "Node Type": "Nested Loop",                                                                                           
                                   "Parent Relationship": "Outer",                                                                                       
                                   "Parallel Aware": false,                                                                                              
                                   "Join Type": "Inner",                                                                                                 
                                   "Startup Cost": 2589.09,                                                                                              
                                   "Total Cost": 3946.30,                                                                                                
                                   "Plan Rows": 1,                                                                                                       
                                   "Plan Width": 43,                                                                                                     
                                   "Actual Startup Time": 5325.755,                                                                                      
                                   "Actual Total Time": 15446.297,                                                                                       
                                   "Actual Rows": 95,                                                                                                    
                                   "Actual Loops": 1,                                                                                                    
                                   "Inner Unique": false,                                                                                                
                                   "Join Filter": "(t.id = mc.movie_id)",                                                                                
                                   "Rows Removed by Join Filter": 75664646,                                                                              
                                   "Shared Hit Blocks": 12,                                                                                              
                                   "Shared Read Blocks": 63234,                                                                                          
                                   "Shared Dirtied Blocks": 0,                                                                                           
                                   "Shared Written Blocks": 0,                                                                                           
                                   "Local Hit Blocks": 0,                                                                                                
                                   "Local Read Blocks": 0,                                                                                               
                                   "Local Dirtied Blocks": 0,                                                                                            
                                   "Local Written Blocks": 0,                                                                                            
                                   "Temp Read Blocks": 0,                                                                                                
                                   "Temp Written Blocks": 0,                                                                                             
                                   "Plans": [                                                                                                            
                                     {                                                                                                                   
                                       "Node Type": "Seq Scan",                                                                                          
                                       "Parent Relationship": "Outer",                                                                                   
                                       "Parallel Aware": false,                                                                                          
                                       "Relation Name": "movie_companies",                                                                               
                                       "Alias": "mc",                                                                                                    
                                       "Startup Cost": 0.00,                                                                                             
                                       "Total Cost": 769.75,                                                                                             
                                       "Plan Rows": 2609129,                                                                                             
                                       "Plan Width": 12,                                                                                                 
                                       "Actual Startup Time": 0.012,                                                                                     
                                       "Actual Total Time": 305.137,                                                                                     
                                       "Actual Rows": 2609129,                                                                                           
                                       "Actual Loops": 1,                                                                                                
                                       "Shared Hit Blocks": 3,                                                                                           
                                       "Shared Read Blocks": 18786,                                                                                      
                                       "Shared Dirtied Blocks": 0,                                                                                       
                                       "Shared Written Blocks": 0,                                                                                       
                                       "Local Hit Blocks": 0,                                                                                            
                                       "Local Read Blocks": 0,                                                                                           
                                       "Local Dirtied Blocks": 0,                                                                                        
                                       "Local Written Blocks": 0,                                                                                        
                                       "Temp Read Blocks": 0,                                                                                            
                                       "Temp Written Blocks": 0                                                                                          
                                     },                                                                                                                  
                                     {                                                                                                                   
                                       "Node Type": "Materialize",                                                                                       
                                       "Parent Relationship": "Inner",                                                                                   
                                       "Parallel Aware": false,                                                                                          
                                       "Startup Cost": 2589.09,                                                                                          
                                       "Total Cost": 2591.00,                                                                                            
                                       "Plan Rows": 1,                                                                                                   
                                       "Plan Width": 31,                                                                                                 
                                       "Actual Startup Time": 0.001,                                                                                     
                                       "Actual Total Time": 0.002,                                                                                       
                                       "Actual Rows": 29,                                                                                                
                                       "Actual Loops": 2609129,                                                                                          
                                       "Shared Hit Blocks": 9,                                                                                           
                                       "Shared Read Blocks": 44448,                                                                                      
                                       "Shared Dirtied Blocks": 0,                                                                                       
                                       "Shared Written Blocks": 0,                                                                                       
                                       "Local Hit Blocks": 0,                                                                                            
                                       "Local Read Blocks": 0,                                                                                           
                                       "Local Dirtied Blocks": 0,                                                                                        
                                       "Local Written Blocks": 0,                                                                                        
                                       "Temp Read Blocks": 0,                                                                                            
                                       "Temp Written Blocks": 0,                                                                                         
                                       "Plans": [                                                                                                        
                                         {                                                                                                               
                                           "Node Type": "Merge Join",                                                                                    
                                           "Parent Relationship": "Outer",                                                                               
                                           "Parallel Aware": false,                                                                                      
                                           "Join Type": "Inner",                                                                                         
                                           "Startup Cost": 2589.09,                                                                                      
                                           "Total Cost": 2591.00,                                                                                        
                                           "Plan Rows": 1,                                                                                               
                                           "Plan Width": 31,                                                                                             
                                           "Actual Startup Time": 2672.506,                                                                              
                                           "Actual Total Time": 2687.222,                                                                                
                                           "Actual Rows": 29,                                                                                            
                                           "Actual Loops": 1,                                                                                            
                                           "Inner Unique": false,                                                                                        
                                           "Merge Cond": "(miidx.movie_id = t.id)",                                                                      
                                           "Shared Hit Blocks": 9,                                                                                       
                                           "Shared Read Blocks": 44448,                                                                                  
                                           "Shared Dirtied Blocks": 0,                                                                                   
                                           "Shared Written Blocks": 0,                                                                                   
                                           "Local Hit Blocks": 0,                                                                                        
                                           "Local Read Blocks": 0,                                                                                       
                                           "Local Dirtied Blocks": 0,                                                                                    
                                           "Local Written Blocks": 0,                                                                                    
                                           "Temp Read Blocks": 0,                                                                                        
                                           "Temp Written Blocks": 0,                                                                                     
                                           "Plans": [                                                                                                    
                                             {                                                                                                           
                                               "Node Type": "Sort",                                                                                      
                                               "Parent Relationship": "Outer",                                                                           
                                               "Parallel Aware": false,                                                                                  
                                               "Startup Cost": 696.07,                                                                                   
                                               "Total Cost": 697.01,                                                                                     
                                               "Plan Rows": 12213,                                                                                       
                                               "Plan Width": 10,                                                                                         
                                               "Actual Startup Time": 879.535,                                                                           
                                               "Actual Total Time": 894.403,                                                                             
                                               "Actual Rows": 320283,                                                                                    
                                               "Actual Loops": 1,                                                                                        
                                               "Sort Key": ["miidx.movie_id"],                                                                           
                                               "Sort Method": "quicksort",                                                                               
                                               "Sort Space Used": 33847,                                                                                 
                                               "Sort Space Type": "Memory",                                                                              
                                               "Shared Hit Blocks": 7,                                                                                   
                                               "Shared Read Blocks": 8451,                                                                               
                                               "Shared Dirtied Blocks": 0,                                                                               
                                               "Shared Written Blocks": 0,                                                                               
                                               "Local Hit Blocks": 0,                                                                                    
                                               "Local Read Blocks": 0,                                                                                   
                                               "Local Dirtied Blocks": 0,                                                                                
                                               "Local Written Blocks": 0,                                                                                
                                               "Temp Read Blocks": 0,                                                                                    
                                               "Temp Written Blocks": 0,                                                                                 
                                               "Plans": [                                                                                                
                                                 {                                                                                                       
                                                   "Node Type": "Nested Loop",                                                                           
                                                   "Parent Relationship": "Outer",                                                                       
                                                   "Parallel Aware": false,                                                                              
                                                   "Join Type": "Inner",                                                                                 
                                                   "Startup Cost": 0.00,                                                                                 
                                                   "Total Cost": 670.32,                                                                                 
                                                   "Plan Rows": 12213,                                                                                   
                                                   "Plan Width": 10,                                                                                     
                                                   "Actual Startup Time": 0.097,                                                                         
                                                   "Actual Total Time": 685.557,                                                                         
                                                   "Actual Rows": 459925,                                                                                
                                                   "Actual Loops": 1,                                                                                    
                                                   "Inner Unique": true,                                                                                 
                                                   "Join Filter": "(it.id = miidx.info_type_id)",                                                        
                                                   "Rows Removed by Join Filter": 920110,                                                                
                                                   "Shared Hit Blocks": 3,                                                                               
                                                   "Shared Read Blocks": 8451,                                                                           
                                                   "Shared Dirtied Blocks": 0,                                                                           
                                                   "Shared Written Blocks": 0,                                                                           
                                                   "Local Hit Blocks": 0,                                                                                
                                                   "Local Read Blocks": 0,                                                                               
                                                   "Local Dirtied Blocks": 0,                                                                            
                                                   "Local Written Blocks": 0,                                                                            
                                                   "Temp Read Blocks": 0,                                                                                
                                                   "Temp Written Blocks": 0,                                                                             
                                                   "Plans": [                                                                                            
                                                     {                                                                                                   
                                                       "Node Type": "Seq Scan",                                                                          
                                                       "Parent Relationship": "Outer",                                                                   
                                                       "Parallel Aware": false,                                                                          
                                                       "Relation Name": "movie_info_idx",                                                                
                                                       "Alias": "miidx",                                                                                 
                                                       "Startup Cost": 0.00,                                                                             
                                                       "Total Cost": 360.56,                                                                             
                                                       "Plan Rows": 1380035,                                                                             
                                                       "Plan Width": 14,                                                                                 
                                                       "Actual Startup Time": 0.017,                                                                     
                                                       "Actual Total Time": 176.524,                                                                     
                                                       "Actual Rows": 1380035,                                                                           
                                                       "Actual Loops": 1,                                                                                
                                                       "Shared Hit Blocks": 2,                                                                           
                                                       "Shared Read Blocks": 8451,                                                                       
                                                       "Shared Dirtied Blocks": 0,                                                                       
                                                       "Shared Written Blocks": 0,                                                                       
                                                       "Local Hit Blocks": 0,                                                                            
                                                       "Local Read Blocks": 0,                                                                           
                                                       "Local Dirtied Blocks": 0,                                                                        
                                                       "Local Written Blocks": 0,                                                                        
                                                       "Temp Read Blocks": 0,                                                                            
                                                       "Temp Written Blocks": 0                                                                          
                                                     },                                                                                                  
                                                     {                                                                                                   
                                                       "Node Type": "Materialize",                                                                       
                                                       "Parent Relationship": "Inner",                                                                   
                                                       "Parallel Aware": false,                                                                          
                                                       "Startup Cost": 0.00,                                                                             
                                                       "Total Cost": 0.05,                                                                               
                                                       "Plan Rows": 1,                                                                                   
                                                       "Plan Width": 4,                                                                                  
                                                       "Actual Startup Time": 0.000,                                                                     
                                                       "Actual Total Time": 0.000,                                                                       
                                                       "Actual Rows": 1,                                                                                 
                                                       "Actual Loops": 1380035,                                                                          
                                                       "Shared Hit Blocks": 1,                                                                           
                                                       "Shared Read Blocks": 0,                                                                          
                                                       "Shared Dirtied Blocks": 0,                                                                       
                                                       "Shared Written Blocks": 0,                                                                       
                                                       "Local Hit Blocks": 0,                                                                            
                                                       "Local Read Blocks": 0,                                                                           
                                                       "Local Dirtied Blocks": 0,                                                                        
                                                       "Local Written Blocks": 0,                                                                        
                                                       "Temp Read Blocks": 0,                                                                            
                                                       "Temp Written Blocks": 0,                                                                         
                                                       "Plans": [                                                                                        
                                                         {                                                                                               
                                                           "Node Type": "Seq Scan",                                                                      
                                                           "Parent Relationship": "Outer",                                                               
                                                           "Parallel Aware": false,                                                                      
                                                           "Relation Name": "info_type",                                                                 
                                                           "Alias": "it",                                                                                
                                                           "Startup Cost": 0.00,                                                                         
                                                           "Total Cost": 0.05,                                                                           
                                                           "Plan Rows": 1,                                                                               
                                                           "Plan Width": 4,                                                                              
                                                           "Actual Startup Time": 0.049,                                                                 
                                                           "Actual Total Time": 0.055,                                                                   
                                                           "Actual Rows": 1,                                                                             
                                                           "Actual Loops": 1,                                                                            
                                                           "Filter": "((info)::text = 'rating'::text)",                                                  
                                                           "Rows Removed by Filter": 112,                                                                
                                                           "Shared Hit Blocks": 1,                                                                       
                                                           "Shared Read Blocks": 0,                                                                      
                                                           "Shared Dirtied Blocks": 0,                                                                   
                                                           "Shared Written Blocks": 0,                                                                   
                                                           "Local Hit Blocks": 0,                                                                        
                                                           "Local Read Blocks": 0,                                                                       
                                                           "Local Dirtied Blocks": 0,                                                                    
                                                           "Local Written Blocks": 0,                                                                    
                                                           "Temp Read Blocks": 0,                                                                        
                                                           "Temp Written Blocks": 0                                                                      
                                                         }                                                                                               
                                                       ]                                                                                                 
                                                     }                                                                                                   
                                                   ]                                                                                                     
                                                 }                                                                                                       
                                               ]                                                                                                         
                                             },                                                                                                          
                                             {                                                                                                           
                                               "Node Type": "Sort",                                                                                      
                                               "Parent Relationship": "Inner",                                                                           
                                               "Parallel Aware": false,                                                                                  
                                               "Startup Cost": 1893.03,                                                                                  
                                               "Total Cost": 1893.03,                                                                                    
                                               "Plan Rows": 57,                                                                                          
                                               "Plan Width": 21,                                                                                         
                                               "Actual Startup Time": 1757.944,                                                                          
                                               "Actual Total Time": 1757.952,                                                                            
                                               "Actual Rows": 89,                                                                                        
                                               "Actual Loops": 1,                                                                                        
                                               "Sort Key": ["t.id"],                                                                                     
                                               "Sort Method": "quicksort",                                                                               
                                               "Sort Space Used": 30,                                                                                    
                                               "Sort Space Type": "Memory",                                                                              
                                               "Shared Hit Blocks": 2,                                                                                   
                                               "Shared Read Blocks": 35997,                                                                              
                                               "Shared Dirtied Blocks": 0,                                                                               
                                               "Shared Written Blocks": 0,                                                                               
                                               "Local Hit Blocks": 0,                                                                                    
                                               "Local Read Blocks": 0,                                                                                   
                                               "Local Dirtied Blocks": 0,                                                                                
                                               "Local Written Blocks": 0,                                                                                
                                               "Temp Read Blocks": 0,                                                                                    
                                               "Temp Written Blocks": 0,                                                                                 
                                               "Plans": [                                                                                                
                                                 {                                                                                                       
                                                   "Node Type": "Nested Loop",                                                                           
                                                   "Parent Relationship": "Outer",                                                                       
                                                   "Parallel Aware": false,                                                                              
                                                   "Join Type": "Inner",                                                                                 
                                                   "Startup Cost": 0.00,                                                                                 
                                                   "Total Cost": 1892.98,                                                                                
                                                   "Plan Rows": 57,                                                                                      
                                                   "Plan Width": 21,                                                                                     
                                                   "Actual Startup Time": 1219.044,                                                                      
                                                   "Actual Total Time": 1757.824,                                                                        
                                                   "Actual Rows": 89,                                                                                    
                                                   "Actual Loops": 1,                                                                                    
                                                   "Inner Unique": true,                                                                                 
                                                   "Join Filter": "(kt.id = t.kind_id)",                                                                 
                                                   "Rows Removed by Join Filter": 205,                                                                   
                                                   "Shared Hit Blocks": 2,                                                                               
                                                   "Shared Read Blocks": 35997,                                                                          
                                                   "Shared Dirtied Blocks": 0,                                                                           
                                                   "Shared Written Blocks": 0,                                                                           
                                                   "Local Hit Blocks": 0,                                                                                
                                                   "Local Read Blocks": 0,                                                                               
                                                   "Local Dirtied Blocks": 0,                                                                            
                                                   "Local Written Blocks": 0,                                                                            
                                                   "Temp Read Blocks": 0,                                                                                
                                                   "Temp Written Blocks": 0,                                                                             
                                                   "Plans": [                                                                                            
                                                     {                                                                                                   
                                                       "Node Type": "Seq Scan",                                                                          
                                                       "Parent Relationship": "Outer",                                                                   
                                                       "Parallel Aware": false,                                                                          
                                                       "Relation Name": "title",                                                                         
                                                       "Alias": "t",                                                                                     
                                                       "Startup Cost": 0.00,                                                                             
                                                       "Total Cost": 1892.85,                                                                            
                                                       "Plan Rows": 400,                                                                                 
                                                       "Plan Width": 25,                                                                                 
                                                       "Actual Startup Time": 38.807,                                                                    
                                                       "Actual Total Time": 1757.239,                                                                    
                                                       "Actual Rows": 294,                                                                               
                                                       "Actual Loops": 1,                                                                                
                                                       "Filter": "((title <> ''::text) AND ((title ~~ 'Champion%'::text) OR (title ~~ 'Loser%'::text)))",
                                                       "Rows Removed by Filter": 2528018,                                                                
                                                       "Shared Hit Blocks": 1,                                                                           
                                                       "Shared Read Blocks": 35997,                                                                      
                                                       "Shared Dirtied Blocks": 0,                                                                       
                                                       "Shared Written Blocks": 0,                                                                       
                                                       "Local Hit Blocks": 0,                                                                            
                                                       "Local Read Blocks": 0,                                                                           
                                                       "Local Dirtied Blocks": 0,                                                                        
                                                       "Local Written Blocks": 0,                                                                        
                                                       "Temp Read Blocks": 0,                                                                            
                                                       "Temp Written Blocks": 0                                                                          
                                                     },                                                                                                  
                                                     {                                                                                                   
                                                       "Node Type": "Materialize",                                                                       
                                                       "Parent Relationship": "Inner",                                                                   
                                                       "Parallel Aware": false,                                                                          
                                                       "Startup Cost": 0.00,                                                                             
                                                       "Total Cost": 0.03,                                                                               
                                                       "Plan Rows": 1,                                                                                   
                                                       "Plan Width": 4,                                                                                  
                                                       "Actual Startup Time": 0.000,                                                                     
                                                       "Actual Total Time": 0.000,                                                                       
                                                       "Actual Rows": 1,                                                                                 
                                                       "Actual Loops": 294,                                                                              
                                                       "Shared Hit Blocks": 1,                                                                           
                                                       "Shared Read Blocks": 0,                                                                          
                                                       "Shared Dirtied Blocks": 0,                                                                       
                                                       "Shared Written Blocks": 0,                                                                       
                                                       "Local Hit Blocks": 0,                                                                            
                                                       "Local Read Blocks": 0,                                                                           
                                                       "Local Dirtied Blocks": 0,                                                                        
                                                       "Local Written Blocks": 0,                                                                        
                                                       "Temp Read Blocks": 0,                                                                            
                                                       "Temp Written Blocks": 0,                                                                         
                                                       "Plans": [                                                                                        
                                                         {                                                                                               
                                                           "Node Type": "Seq Scan",                                                                      
                                                           "Parent Relationship": "Outer",                                                               
                                                           "Parallel Aware": false,                                                                      
                                                           "Relation Name": "kind_type",                                                                 
                                                           "Alias": "kt",                                                                                
                                                           "Startup Cost": 0.00,                                                                         
                                                           "Total Cost": 0.03,                                                                           
                                                           "Plan Rows": 1,                                                                               
                                                           "Plan Width": 4,                                                                              
                                                           "Actual Startup Time": 0.011,                                                                 
                                                           "Actual Total Time": 0.012,                                                                   
                                                           "Actual Rows": 1,                                                                             
                                                           "Actual Loops": 1,                                                                            
                                                           "Filter": "((kind)::text = 'movie'::text)",                                                   
                                                           "Rows Removed by Filter": 6,                                                                  
                                                           "Shared Hit Blocks": 1,                                                                       
                                                           "Shared Read Blocks": 0,                                                                      
                                                           "Shared Dirtied Blocks": 0,                                                                   
                                                           "Shared Written Blocks": 0,                                                                   
                                                           "Local Hit Blocks": 0,                                                                        
                                                           "Local Read Blocks": 0,                                                                       
                                                           "Local Dirtied Blocks": 0,                                                                    
                                                           "Local Written Blocks": 0,                                                                    
                                                           "Temp Read Blocks": 0,                                                                        
                                                           "Temp Written Blocks": 0                                                                      
                                                         }                                                                                               
                                                       ]                                                                                                 
                                                     }                                                                                                   
                                                   ]                                                                                                     
                                                 }                                                                                                       
                                               ]                                                                                                         
                                             }                                                                                                           
                                           ]                                                                                                             
                                         }                                                                                                               
                                       ]                                                                                                                 
                                     }                                                                                                                   
                                   ]                                                                                                                     
                                 },                                                                                                                      
                                 {                                                                                                                       
                                   "Node Type": "Materialize",                                                                                           
                                   "Parent Relationship": "Inner",                                                                                       
                                   "Parallel Aware": false,                                                                                              
                                   "Startup Cost": 0.00,                                                                                                 
                                   "Total Cost": 0.03,                                                                                                   
                                   "Plan Rows": 1,                                                                                                       
                                   "Plan Width": 4,                                                                                                      
                                   "Actual Startup Time": 0.000,                                                                                         
                                   "Actual Total Time": 0.000,                                                                                           
                                   "Actual Rows": 1,                                                                                                     
                                   "Actual Loops": 95,                                                                                                   
                                   "Shared Hit Blocks": 1,                                                                                               
                                   "Shared Read Blocks": 0,                                                                                              
                                   "Shared Dirtied Blocks": 0,                                                                                           
                                   "Shared Written Blocks": 0,                                                                                           
                                   "Local Hit Blocks": 0,                                                                                                
                                   "Local Read Blocks": 0,                                                                                               
                                   "Local Dirtied Blocks": 0,                                                                                            
                                   "Local Written Blocks": 0,                                                                                            
                                   "Temp Read Blocks": 0,                                                                                                
                                   "Temp Written Blocks": 0,                                                                                             
                                   "Plans": [                                                                                                            
                                     {                                                                                                                   
                                       "Node Type": "Seq Scan",                                                                                          
                                       "Parent Relationship": "Outer",                                                                                   
                                       "Parallel Aware": false,                                                                                          
                                       "Relation Name": "company_type",                                                                                  
                                       "Alias": "ct",                                                                                                    
                                       "Startup Cost": 0.00,                                                                                             
                                       "Total Cost": 0.03,                                                                                               
                                       "Plan Rows": 1,                                                                                                   
                                       "Plan Width": 4,                                                                                                  
                                       "Actual Startup Time": 0.012,                                                                                     
                                       "Actual Total Time": 0.013,                                                                                       
                                       "Actual Rows": 1,                                                                                                 
                                       "Actual Loops": 1,                                                                                                
                                       "Filter": "((kind)::text = 'production companies'::text)",                                                        
                                       "Rows Removed by Filter": 3,                                                                                      
                                       "Shared Hit Blocks": 1,                                                                                           
                                       "Shared Read Blocks": 0,                                                                                          
                                       "Shared Dirtied Blocks": 0,                                                                                       
                                       "Shared Written Blocks": 0,                                                                                       
                                       "Local Hit Blocks": 0,                                                                                            
                                       "Local Read Blocks": 0,                                                                                           
                                       "Local Dirtied Blocks": 0,                                                                                        
                                       "Local Written Blocks": 0,                                                                                        
                                       "Temp Read Blocks": 0,                                                                                            
                                       "Temp Written Blocks": 0                                                                                          
                                     }                                                                                                                   
                                   ]                                                                                                                     
                                 }                                                                                                                       
                               ]                                                                                                                         
                             }                                                                                                                           
                           ]                                                                                                                             
                         }                                                                                                                               
                       ]                                                                                                                                 
                     },                                                                                                                                  
                     {                                                                                                                                   
                       "Node Type": "Materialize",                                                                                                       
                       "Parent Relationship": "Inner",                                                                                                   
                       "Parallel Aware": false,                                                                                                          
                       "Startup Cost": 0.00,                                                                                                             
                       "Total Cost": 0.05,                                                                                                               
                       "Plan Rows": 1,                                                                                                                   
                       "Plan Width": 4,                                                                                                                  
                       "Actual Startup Time": 0.000,                                                                                                     
                       "Actual Total Time": 0.000,                                                                                                       
                       "Actual Rows": 1,                                                                                                                 
                       "Actual Loops": 767,                                                                                                              
                       "Shared Hit Blocks": 1,                                                                                                           
                       "Shared Read Blocks": 0,                                                                                                          
                       "Shared Dirtied Blocks": 0,                                                                                                       
                       "Shared Written Blocks": 0,                                                                                                       
                       "Local Hit Blocks": 0,                                                                                                            
                       "Local Read Blocks": 0,                                                                                                           
                       "Local Dirtied Blocks": 0,                                                                                                        
                       "Local Written Blocks": 0,                                                                                                        
                       "Temp Read Blocks": 0,                                                                                                            
                       "Temp Written Blocks": 0,                                                                                                         
                       "Plans": [                                                                                                                        
                         {                                                                                                                               
                           "Node Type": "Seq Scan",                                                                                                      
                           "Parent Relationship": "Outer",                                                                                               
                           "Parallel Aware": false,                                                                                                      
                           "Relation Name": "info_type",                                                                                                 
                           "Alias": "it",                                                                                                               
                           "Startup Cost": 0.00,                                                                                                         
                           "Total Cost": 0.05,                                                                                                           
                           "Plan Rows": 1,                                                                                                               
                           "Plan Width": 4,                                                                                                              
                           "Actual Startup Time": 0.014,                                                                                                 
                           "Actual Total Time": 0.024,                                                                                                   
                           "Actual Rows": 1,                                                                                                             
                           "Actual Loops": 1,                                                                                                            
                           "Filter": "((info)::text = 'release dates'::text)",                                                                           
                           "Rows Removed by Filter": 112,                                                                                                
                           "Shared Hit Blocks": 1,                                                                                                       
                           "Shared Read Blocks": 0,                                                                                                      
                           "Shared Dirtied Blocks": 0,                                                                                                   
                           "Shared Written Blocks": 0,                                                                                                   
                           "Local Hit Blocks": 0,                                                                                                        
                           "Local Read Blocks": 0,                                                                                                       
                           "Local Dirtied Blocks": 0,                                                                                                    
                           "Local Written Blocks": 0,                                                                                                    
                           "Temp Read Blocks": 0,                                                                                                        
                           "Temp Written Blocks": 0                                                                                                      
                         }                                                                                                                               
                       ]                                                                                                                                 
                     }                                                                                                                                   
                   ]                                                                                                                                     
                 }                                                                                                                                       
               ]                                                                                                                                         
             }                                                                                                                                           
           ]                                                                                                                                             
         }                                                                                                                                               
       ]                                                                                                                                                 
     },                                                                                                                                                  
     "Planning Time": 5183.627,                                                                                                                          
     "Triggers": [                                                                                                                                       
     ],                                                                                                                                                  
     "Execution Time": 102373.765                                                                                                                        
   }                                                                                                                                                     
 ]
