 [                                                                                               
   {                                                                                             
     "Plan": {                                                                                   
       "Node Type": "Aggregate",                                                                 
       "Strategy": "Plain",                                                                      
       "Partial Mode": "Simple",                                                                 
       "Parallel Aware": false,                                                                  
       "Startup Cost": 17231.78,                                                                 
       "Total Cost": 17231.78,                                                                   
       "Plan Rows": 1,                                                                           
       "Plan Width": 96,                                                                         
       "Actual Startup Time": 17956.849,                                                         
       "Actual Total Time": 17956.849,                                                           
       "Actual Rows": 1,                                                                         
       "Actual Loops": 1,                                                                        
       "Shared Hit Blocks": 18,                                                                  
       "Shared Read Blocks": 228116,                                                             
       "Shared Dirtied Blocks": 0,                                                               
       "Shared Written Blocks": 0,                                                               
       "Local Hit Blocks": 0,                                                                    
       "Local Read Blocks": 0,                                                                   
       "Local Dirtied Blocks": 0,                                                                
       "Local Written Blocks": 0,                                                                
       "Temp Read Blocks": 0,                                                                    
       "Temp Written Blocks": 0,                                                                 
       "Plans": [                                                                                
         {                                                                                       
           "Node Type": "Merge Join",                                                            
           "Parent Relationship": "Outer",                                                       
           "Parallel Aware": false,                                                              
           "Join Type": "Inner",                                                                 
           "Startup Cost": 17218.57,                                                             
           "Total Cost": 17231.76,                                                               
           "Plan Rows": 47,                                                                      
           "Plan Width": 42,                                                                     
           "Actual Startup Time": 17221.867,                                                     
           "Actual Total Time": 17745.964,                                                       
           "Actual Rows": 670390,                                                                
           "Actual Loops": 1,                                                                    
           "Inner Unique": true,                                                                 
           "Merge Cond": "(mc.company_id = cn.id)",                                              
           "Shared Hit Blocks": 18,                                                              
           "Shared Read Blocks": 228116,                                                         
           "Shared Dirtied Blocks": 0,                                                           
           "Shared Written Blocks": 0,                                                           
           "Local Hit Blocks": 0,                                                                
           "Local Read Blocks": 0,                                                               
           "Local Dirtied Blocks": 0,                                                            
           "Local Written Blocks": 0,                                                            
           "Temp Read Blocks": 0,                                                                
           "Temp Written Blocks": 0,                                                             
           "Plans": [                                                                            
             {                                                                                   
               "Node Type": "Sort",                                                              
               "Parent Relationship": "Outer",                                                   
               "Parallel Aware": false,                                                          
               "Startup Cost": 16874.46,                                                         
               "Total Cost": 16874.47,                                                           
               "Plan Rows": 131,                                                                 
               "Plan Width": 27,                                                                 
               "Actual Startup Time": 17050.053,                                                 
               "Actual Total Time": 17244.732,                                                   
               "Actual Rows": 1919495,                                                           
               "Actual Loops": 1,                                                                
               "Sort Key": ["mc.company_id"],                                                    
               "Sort Method": "quicksort",                                                       
               "Sort Space Used": 193795,                                                        
               "Sort Space Type": "Memory",                                                      
               "Shared Hit Blocks": 16,                                                          
               "Shared Read Blocks": 225124,                                                     
               "Shared Dirtied Blocks": 0,                                                       
               "Shared Written Blocks": 0,                                                       
               "Local Hit Blocks": 0,                                                            
               "Local Read Blocks": 0,                                                           
               "Local Dirtied Blocks": 0,                                                        
               "Local Written Blocks": 0,                                                        
               "Temp Read Blocks": 0,                                                            
               "Temp Written Blocks": 0,                                                         
               "Plans": [                                                                        
                 {                                                                               
                   "Node Type": "Merge Join",                                                    
                   "Parent Relationship": "Outer",                                               
                   "Parallel Aware": false,                                                      
                   "Join Type": "Inner",                                                         
                   "Startup Cost": 16694.57,                                                     
                   "Total Cost": 16874.32,                                                       
                   "Plan Rows": 131,                                                             
                   "Plan Width": 27,                                                             
                   "Actual Startup Time": 15289.108,                                             
                   "Actual Total Time": 16416.581,                                               
                   "Actual Rows": 1919495,                                                       
                   "Actual Loops": 1,                                                            
                   "Inner Unique": false,                                                        
                   "Merge Cond": "(t.id = mi.movie_id)",                                         
                   "Shared Hit Blocks": 12,                                                      
                   "Shared Read Blocks": 225124,                                                 
                   "Shared Dirtied Blocks": 0,                                                   
                   "Shared Written Blocks": 0,                                                   
                   "Local Hit Blocks": 0,                                                        
                   "Local Read Blocks": 0,                                                       
                   "Local Dirtied Blocks": 0,                                                    
                   "Local Written Blocks": 0,                                                    
                   "Temp Read Blocks": 0,                                                        
                   "Temp Written Blocks": 0,                                                     
                   "Plans": [                                                                    
                     {                                                                           
                       "Node Type": "Merge Join",                                                
                       "Parent Relationship": "Outer",                                           
                       "Parallel Aware": false,                                                  
                       "Join Type": "Inner",                                                     
                       "Startup Cost": 6914.61,                                                  
                       "Total Cost": 7074.04,                                                    
                       "Plan Rows": 1052,                                                        
                       "Plan Width": 39,                                                         
                       "Actual Startup Time": 4819.294,                                          
                       "Actual Total Time": 5354.473,                                            
                       "Actual Rows": 302610,                                                    
                       "Actual Loops": 1,                                                        
                       "Inner Unique": false,                                                    
                       "Merge Cond": "(t.id = mc.movie_id)",                                     
                       "Shared Hit Blocks": 9,                                                   
                       "Shared Read Blocks": 63234,                                              
                       "Shared Dirtied Blocks": 0,                                               
                       "Shared Written Blocks": 0,                                               
                       "Local Hit Blocks": 0,                                                    
                       "Local Read Blocks": 0,                                                   
                       "Local Dirtied Blocks": 0,                                                
                       "Local Written Blocks": 0,                                                
                       "Temp Read Blocks": 0,                                                    
                       "Temp Written Blocks": 0,                                                 
                       "Plans": [                                                                
                         {                                                                       
                           "Node Type": "Merge Join",                                            
                           "Parent Relationship": "Outer",                                       
                           "Parallel Aware": false,                                              
                           "Join Type": "Inner",                                                 
                           "Startup Cost": 3602.93,                                              
                           "Total Cost": 3660.97,                                                
                           "Plan Rows": 1745,                                                    
                           "Plan Width": 31,                                                     
                           "Actual Startup Time": 2907.583,                                      
                           "Actual Total Time": 3213.014,                                        
                           "Actual Rows": 209878,                                                
                           "Actual Loops": 1,                                                    
                           "Inner Unique": false,                                                
                           "Merge Cond": "(miidx.movie_id = t.id)",                              
                           "Shared Hit Blocks": 5,                                               
                           "Shared Read Blocks": 44448,                                          
                           "Shared Dirtied Blocks": 0,                                           
                           "Shared Written Blocks": 0,                                           
                           "Local Hit Blocks": 0,                                                
                           "Local Read Blocks": 0,                                               
                           "Local Dirtied Blocks": 0,                                            
                           "Local Written Blocks": 0,                                            
                           "Temp Read Blocks": 0,                                                
                           "Temp Written Blocks": 0,                                             
                           "Plans": [                                                            
                             {                                                                   
                               "Node Type": "Sort",                                              
                               "Parent Relationship": "Outer",                                   
                               "Parallel Aware": false,                                          
                               "Startup Cost": 696.07,                                           
                               "Total Cost": 697.01,                                             
                               "Plan Rows": 12213,                                               
                               "Plan Width": 10,                                                 
                               "Actual Startup Time": 872.354,                                   
                               "Actual Total Time": 904.336,                                     
                               "Actual Rows": 459919,                                            
                               "Actual Loops": 1,                                                
                               "Sort Key": ["miidx.movie_id"],                                   
                               "Sort Method": "quicksort",                                       
                               "Sort Space Used": 33847,                                         
                               "Sort Space Type": "Memory",                                      
                               "Shared Hit Blocks": 3,                                           
                               "Shared Read Blocks": 8451,                                       
                               "Shared Dirtied Blocks": 0,                                       
                               "Shared Written Blocks": 0,                                       
                               "Local Hit Blocks": 0,                                            
                               "Local Read Blocks": 0,                                           
                               "Local Dirtied Blocks": 0,                                        
                               "Local Written Blocks": 0,                                        
                               "Temp Read Blocks": 0,                                            
                               "Temp Written Blocks": 0,                                         
                               "Plans": [                                                        
                                 {                                                               
                                   "Node Type": "Nested Loop",                                   
                                   "Parent Relationship": "Outer",                               
                                   "Parallel Aware": false,                                      
                                   "Join Type": "Inner",                                         
                                   "Startup Cost": 0.00,                                         
                                   "Total Cost": 670.32,                                         
                                   "Plan Rows": 12213,                                           
                                   "Plan Width": 10,                                             
                                   "Actual Startup Time": 0.121,                                 
                                   "Actual Total Time": 700.905,                                 
                                   "Actual Rows": 459925,                                        
                                   "Actual Loops": 1,                                            
                                   "Inner Unique": true,                                         
                                   "Join Filter": "(it.id = miidx.info_type_id)",                
                                   "Rows Removed by Join Filter": 920110,                        
                                   "Shared Hit Blocks": 3,                                       
                                   "Shared Read Blocks": 8451,                                   
                                   "Shared Dirtied Blocks": 0,                                   
                                   "Shared Written Blocks": 0,                                   
                                   "Local Hit Blocks": 0,                                        
                                   "Local Read Blocks": 0,                                       
                                   "Local Dirtied Blocks": 0,                                    
                                   "Local Written Blocks": 0,                                    
                                   "Temp Read Blocks": 0,                                        
                                   "Temp Written Blocks": 0,                                     
                                   "Plans": [                                                    
                                     {                                                           
                                       "Node Type": "Seq Scan",                                  
                                       "Parent Relationship": "Outer",                           
                                       "Parallel Aware": false,                                  
                                       "Relation Name": "movie_info_idx",                        
                                       "Alias": "miidx",                                         
                                       "Startup Cost": 0.00,                                     
                                       "Total Cost": 360.56,                                     
                                       "Plan Rows": 1380035,                                     
                                       "Plan Width": 14,                                         
                                       "Actual Startup Time": 0.014,                             
                                       "Actual Total Time": 176.573,                             
                                       "Actual Rows": 1380035,                                   
                                       "Actual Loops": 1,                                        
                                       "Shared Hit Blocks": 2,                                   
                                       "Shared Read Blocks": 8451,                               
                                       "Shared Dirtied Blocks": 0,                               
                                       "Shared Written Blocks": 0,                               
                                       "Local Hit Blocks": 0,                                    
                                       "Local Read Blocks": 0,                                   
                                       "Local Dirtied Blocks": 0,                                
                                       "Local Written Blocks": 0,                                
                                       "Temp Read Blocks": 0,                                    
                                       "Temp Written Blocks": 0                                  
                                     },                                                          
                                     {                                                           
                                       "Node Type": "Materialize",                               
                                       "Parent Relationship": "Inner",                           
                                       "Parallel Aware": false,                                  
                                       "Startup Cost": 0.00,                                     
                                       "Total Cost": 0.05,                                       
                                       "Plan Rows": 1,                                           
                                       "Plan Width": 4,                                          
                                       "Actual Startup Time": 0.000,                             
                                       "Actual Total Time": 0.000,                               
                                       "Actual Rows": 1,                                         
                                       "Actual Loops": 1380035,                                  
                                       "Shared Hit Blocks": 1,                                   
                                       "Shared Read Blocks": 0,                                  
                                       "Shared Dirtied Blocks": 0,                               
                                       "Shared Written Blocks": 0,                               
                                       "Local Hit Blocks": 0,                                    
                                       "Local Read Blocks": 0,                                   
                                       "Local Dirtied Blocks": 0,                                
                                       "Local Written Blocks": 0,                                
                                       "Temp Read Blocks": 0,                                    
                                       "Temp Written Blocks": 0,                                 
                                       "Plans": [                                                
                                         {                                                       
                                           "Node Type": "Seq Scan",                              
                                           "Parent Relationship": "Outer",                       
                                           "Parallel Aware": false,                              
                                           "Relation Name": "info_type",                         
                                           "Alias": "it",                                        
                                           "Startup Cost": 0.00,                                 
                                           "Total Cost": 0.05,                                   
                                           "Plan Rows": 1,                                       
                                           "Plan Width": 4,                                      
                                           "Actual Startup Time": 0.082,                         
                                           "Actual Total Time": 0.087,                           
                                           "Actual Rows": 1,                                     
                                           "Actual Loops": 1,                                    
                                           "Filter": "((info)::text = 'rating'::text)",          
                                           "Rows Removed by Filter": 112,                        
                                           "Shared Hit Blocks": 1,                               
                                           "Shared Read Blocks": 0,                              
                                           "Shared Dirtied Blocks": 0,                           
                                           "Shared Written Blocks": 0,                           
                                           "Local Hit Blocks": 0,                                
                                           "Local Read Blocks": 0,                               
                                           "Local Dirtied Blocks": 0,                            
                                           "Local Written Blocks": 0,                            
                                           "Temp Read Blocks": 0,                                
                                           "Temp Written Blocks": 0                              
                                         }                                                       
                                       ]                                                         
                                     }                                                           
                                   ]                                                             
                                 }                                                               
                               ]                                                                 
                             },                                                                  
                             {                                                                   
                               "Node Type": "Sort",                                              
                               "Parent Relationship": "Inner",                                   
                               "Parallel Aware": false,                                          
                               "Startup Cost": 2906.86,                                          
                               "Total Cost": 2934.90,                                            
                               "Plan Rows": 361187,                                              
                               "Plan Width": 21,                                                 
                               "Actual Startup Time": 2009.046,                                  
                               "Actual Total Time": 2098.031,                                    
                               "Actual Rows": 661651,                                            
                               "Actual Loops": 1,                                                
                               "Sort Key": ["t.id"],                                             
                               "Sort Method": "quicksort",                                       
                               "Sort Space Used": 71621,                                         
                               "Sort Space Type": "Memory",                                      
                               "Shared Hit Blocks": 2,                                           
                               "Shared Read Blocks": 35997,                                      
                               "Shared Dirtied Blocks": 0,                                       
                               "Shared Written Blocks": 0,                                       
                               "Local Hit Blocks": 0,                                            
                               "Local Read Blocks": 0,                                           
                               "Local Dirtied Blocks": 0,                                        
                               "Local Written Blocks": 0,                                        
                               "Temp Read Blocks": 0,                                            
                               "Temp Written Blocks": 0,                                         
                               "Plans": [                                                        
                                 {                                                               
                                   "Node Type": "Nested Loop",                                   
                                   "Parent Relationship": "Outer",                               
                                   "Parallel Aware": false,                                      
                                   "Join Type": "Inner",                                         
                                   "Startup Cost": 0.00,                                         
                                   "Total Cost": 1871.40,                                        
                                   "Plan Rows": 361187,                                          
                                   "Plan Width": 21,                                             
                                   "Actual Startup Time": 87.240,                                
                                   "Actual Total Time": 1720.738,                                
                                   "Actual Rows": 662825,                                        
                                   "Actual Loops": 1,                                            
                                   "Inner Unique": true,                                         
                                   "Join Filter": "(kt.id = t.kind_id)",                         
                                   "Rows Removed by Join Filter": 1865487,                       
                                   "Shared Hit Blocks": 2,                                       
                                   "Shared Read Blocks": 35997,                                  
                                   "Shared Dirtied Blocks": 0,                                   
                                   "Shared Written Blocks": 0,                                   
                                   "Local Hit Blocks": 0,                                        
                                   "Local Read Blocks": 0,                                       
                                   "Local Dirtied Blocks": 0,                                    
                                   "Local Written Blocks": 0,                                    
                                   "Temp Read Blocks": 0,                                        
                                   "Temp Written Blocks": 0,                                     
                                   "Plans": [                                                    
                                     {                                                           
                                       "Node Type": "Seq Scan",                                  
                                       "Parent Relationship": "Outer",                           
                                       "Parallel Aware": false,                                  
                                       "Relation Name": "title",                                 
                                       "Alias": "t",                                             
                                       "Startup Cost": 0.00,                                     
                                       "Total Cost": 1303.96,                                    
                                       "Plan Rows": 2528312,                                     
                                       "Plan Width": 25,                                         
                                       "Actual Startup Time": 23.494,                            
                                       "Actual Total Time": 671.522,                             
                                       "Actual Rows": 2528312,                                   
                                       "Actual Loops": 1,                                        
                                       "Shared Hit Blocks": 1,                                   
                                       "Shared Read Blocks": 35997,                              
                                       "Shared Dirtied Blocks": 0,                               
                                       "Shared Written Blocks": 0,                               
                                       "Local Hit Blocks": 0,                                    
                                       "Local Read Blocks": 0,                                   
                                       "Local Dirtied Blocks": 0,                                
                                       "Local Written Blocks": 0,                                
                                       "Temp Read Blocks": 0,                                    
                                       "Temp Written Blocks": 0                                  
                                     },                                                          
                                     {                                                           
                                       "Node Type": "Materialize",                               
                                       "Parent Relationship": "Inner",                           
                                       "Parallel Aware": false,                                  
                                       "Startup Cost": 0.00,                                     
                                       "Total Cost": 0.03,                                       
                                       "Plan Rows": 1,                                           
                                       "Plan Width": 4,                                          
                                       "Actual Startup Time": 0.000,                             
                                       "Actual Total Time": 0.000,                               
                                       "Actual Rows": 1,                                         
                                       "Actual Loops": 2528312,                                  
                                       "Shared Hit Blocks": 1,                                   
                                       "Shared Read Blocks": 0,                                  
                                       "Shared Dirtied Blocks": 0,                               
                                       "Shared Written Blocks": 0,                               
                                       "Local Hit Blocks": 0,                                    
                                       "Local Read Blocks": 0,                                   
                                       "Local Dirtied Blocks": 0,                                
                                       "Local Written Blocks": 0,                                
                                       "Temp Read Blocks": 0,                                    
                                       "Temp Written Blocks": 0,                                 
                                       "Plans": [                                                
                                         {                                                       
                                           "Node Type": "Seq Scan",                              
                                           "Parent Relationship": "Outer",                       
                                           "Parallel Aware": false,                              
                                           "Relation Name": "kind_type",                         
                                           "Alias": "kt",                                        
                                           "Startup Cost": 0.00,                                 
                                           "Total Cost": 0.03,                                   
                                           "Plan Rows": 1,                                       
                                           "Plan Width": 4,                                      
                                           "Actual Startup Time": 0.019,                         
                                           "Actual Total Time": 0.025,                           
                                           "Actual Rows": 1,                                     
                                           "Actual Loops": 1,                                    
                                           "Filter": "((kind)::text = 'movie'::text)",           
                                           "Rows Removed by Filter": 6,                          
                                           "Shared Hit Blocks": 1,                               
                                           "Shared Read Blocks": 0,                              
                                           "Shared Dirtied Blocks": 0,                           
                                           "Shared Written Blocks": 0,                           
                                           "Local Hit Blocks": 0,                                
                                           "Local Read Blocks": 0,                               
                                           "Local Dirtied Blocks": 0,                            
                                           "Local Written Blocks": 0,                            
                                           "Temp Read Blocks": 0,                                
                                           "Temp Written Blocks": 0                              
                                         }                                                       
                                       ]                                                         
                                     }                                                           
                                   ]                                                             
                                 }                                                               
                               ]                                                                 
                             }                                                                   
                           ]                                                                     
                         },                                                                      
                         {                                                                       
                           "Node Type": "Sort",                                                  
                           "Parent Relationship": "Inner",                                       
                           "Parallel Aware": false,                                              
                           "Startup Cost": 3311.68,                                              
                           "Total Cost": 3362.33,                                                
                           "Plan Rows": 652282,                                                  
                           "Plan Width": 8,                                                      
                           "Actual Startup Time": 1843.362,                                      
                           "Actual Total Time": 1922.578,                                        
                           "Actual Rows": 1334883,                                               
                           "Actual Loops": 1,                                                    
                           "Sort Key": ["mc.movie_id"],                                          
                           "Sort Method": "quicksort",                                           
                           "Sort Space Used": 111725,                                            
                           "Sort Space Type": "Memory",                                          
                           "Shared Hit Blocks": 4,                                               
                           "Shared Read Blocks": 18786,                                          
                           "Shared Dirtied Blocks": 0,                                           
                           "Shared Written Blocks": 0,                                           
                           "Local Hit Blocks": 0,                                                
                           "Local Read Blocks": 0,                                               
                           "Local Dirtied Blocks": 0,                                            
                           "Local Written Blocks": 0,                                            
                           "Temp Read Blocks": 0,                                                
                           "Temp Written Blocks": 0,                                             
                           "Plans": [                                                            
                             {                                                                   
                               "Node Type": "Nested Loop",                                       
                               "Parent Relationship": "Outer",                                   
                               "Parallel Aware": false,                                          
                               "Join Type": "Inner",                                             
                               "Startup Cost": 0.00,                                             
                               "Total Cost": 1355.33,                                            
                               "Plan Rows": 652282,                                              
                               "Plan Width": 8,                                                  
                               "Actual Startup Time": 813.154,                                   
                               "Actual Total Time": 1394.743,                                    
                               "Actual Rows": 1334883,                                           
                               "Actual Loops": 1,                                                
                               "Inner Unique": true,                                             
                               "Join Filter": "(ct.id = mc.company_type_id)",                    
                               "Rows Removed by Join Filter": 1274246,                           
                               "Shared Hit Blocks": 4,                                           
                               "Shared Read Blocks": 18786,                                      
                               "Shared Dirtied Blocks": 0,                                       
                               "Shared Written Blocks": 0,                                       
                               "Local Hit Blocks": 0,                                            
                               "Local Read Blocks": 0,                                           
                               "Local Dirtied Blocks": 0,                                        
                               "Local Written Blocks": 0,                                        
                               "Temp Read Blocks": 0,                                            
                               "Temp Written Blocks": 0,                                         
                               "Plans": [                                                        
                                 {                                                               
                                   "Node Type": "Seq Scan",                                      
                                   "Parent Relationship": "Outer",                               
                                   "Parallel Aware": false,                                      
                                   "Relation Name": "movie_companies",                           
                                   "Alias": "mc",                                                
                                   "Startup Cost": 0.00,                                         
                                   "Total Cost": 769.75,                                         
                                   "Plan Rows": 2609129,                                         
                                   "Plan Width": 12,                                             
                                   "Actual Startup Time": 0.011,                                 
                                   "Actual Total Time": 425.056,                                 
                                   "Actual Rows": 2609129,                                       
                                   "Actual Loops": 1,                                            
                                   "Shared Hit Blocks": 3,                                       
                                   "Shared Read Blocks": 18786,                                  
                                   "Shared Dirtied Blocks": 0,                                   
                                   "Shared Written Blocks": 0,                                   
                                   "Local Hit Blocks": 0,                                        
                                   "Local Read Blocks": 0,                                       
                                   "Local Dirtied Blocks": 0,                                    
                                   "Local Written Blocks": 0,                                    
                                   "Temp Read Blocks": 0,                                        
                                   "Temp Written Blocks": 0                                      
                                 },                                                              
                                 {                                                               
                                   "Node Type": "Materialize",                                   
                                   "Parent Relationship": "Inner",                               
                                   "Parallel Aware": false,                                      
                                   "Startup Cost": 0.00,                                         
                                   "Total Cost": 0.03,                                           
                                   "Plan Rows": 1,                                               
                                   "Plan Width": 4,                                              
                                   "Actual Startup Time": 0.000,                                 
                                   "Actual Total Time": 0.000,                                   
                                   "Actual Rows": 1,                                             
                                   "Actual Loops": 2609129,                                      
                                   "Shared Hit Blocks": 1,                                       
                                   "Shared Read Blocks": 0,                                      
                                   "Shared Dirtied Blocks": 0,                                   
                                   "Shared Written Blocks": 0,                                   
                                   "Local Hit Blocks": 0,                                        
                                   "Local Read Blocks": 0,                                       
                                   "Local Dirtied Blocks": 0,                                    
                                   "Local Written Blocks": 0,                                    
                                   "Temp Read Blocks": 0,                                        
                                   "Temp Written Blocks": 0,                                     
                                   "Plans": [                                                    
                                     {                                                           
                                       "Node Type": "Seq Scan",                                  
                                       "Parent Relationship": "Outer",                           
                                       "Parallel Aware": false,                                  
                                       "Relation Name": "company_type",                          
                                       "Alias": "ct",                                            
                                       "Startup Cost": 0.00,                                     
                                       "Total Cost": 0.03,                                       
                                       "Plan Rows": 1,                                           
                                       "Plan Width": 4,                                          
                                       "Actual Startup Time": 0.007,                             
                                       "Actual Total Time": 0.008,                               
                                       "Actual Rows": 1,                                         
                                       "Actual Loops": 1,                                        
                                       "Filter": "((kind)::text = 'production companies'::text)",
                                       "Rows Removed by Filter": 3,                              
                                       "Shared Hit Blocks": 1,                                   
                                       "Shared Read Blocks": 0,                                  
                                       "Shared Dirtied Blocks": 0,                               
                                       "Shared Written Blocks": 0,                               
                                       "Local Hit Blocks": 0,                                    
                                       "Local Read Blocks": 0,                                   
                                       "Local Dirtied Blocks": 0,                                
                                       "Local Written Blocks": 0,                                
                                       "Temp Read Blocks": 0,                                    
                                       "Temp Written Blocks": 0                                  
                                     }                                                           
                                   ]                                                             
                                 }                                                               
                               ]                                                                 
                             }                                                                   
                           ]                                                                     
                         }                                                                       
                       ]                                                                         
                     },                                                                          
                     {                                                                           
                       "Node Type": "Sort",                                                      
                       "Parent Relationship": "Inner",                                           
                       "Parallel Aware": false,                                                  
                       "Startup Cost": 9779.96,                                                  
                       "Total Cost": 9790.15,                                                    
                       "Plan Rows": 131290,                                                      
                       "Plan Width": 4,                                                          
                       "Actual Startup Time": 10232.831,                                         
                       "Actual Total Time": 10450.774,                                           
                       "Actual Rows": 4278543,                                                   
                       "Actual Loops": 1,                                                        
                       "Sort Key": ["mi.movie_id"],                                              
                       "Sort Method": "quicksort",                                               
                       "Sort Space Used": 240651,                                                
                       "Sort Space Type": "Memory",                                              
                       "Shared Hit Blocks": 3,                                                   
                       "Shared Read Blocks": 161890,                                             
                       "Shared Dirtied Blocks": 0,                                               
                       "Shared Written Blocks": 0,                                               
                       "Local Hit Blocks": 0,                                                    
                       "Local Read Blocks": 0,                                                   
                       "Local Dirtied Blocks": 0,                                                
                       "Local Written Blocks": 0,                                                
                       "Temp Read Blocks": 0,                                                    
                       "Temp Written Blocks": 0,                                                 
                       "Plans": [                                                                
                         {                                                                       
                           "Node Type": "Nested Loop",                                           
                           "Parent Relationship": "Outer",                                       
                           "Parallel Aware": false,                                              
                           "Join Type": "Inner",                                                 
                           "Startup Cost": 0.00,                                                 
                           "Total Cost": 9433.33,                                                
                           "Plan Rows": 131290,                                                  
                           "Plan Width": 4,                                                      
                           "Actual Startup Time": 2044.640,                                      
                           "Actual Total Time": 9262.402,                                        
                           "Actual Rows": 3036719,                                               
                           "Actual Loops": 1,                                                    
                           "Inner Unique": true,                                                 
                           "Join Filter": "(it.id = mi.info_type_id)",                          
                           "Rows Removed by Join Filter": 11799001,                              
                           "Shared Hit Blocks": 3,                                               
                           "Shared Read Blocks": 161890,                                         
                           "Shared Dirtied Blocks": 0,                                           
                           "Shared Written Blocks": 0,                                           
                           "Local Hit Blocks": 0,                                                
                           "Local Read Blocks": 0,                                               
                           "Local Dirtied Blocks": 0,                                            
                           "Local Written Blocks": 0,                                            
                           "Temp Read Blocks": 0,                                                
                           "Temp Written Blocks": 0,                                             
                           "Plans": [                                                            
                             {                                                                   
                               "Node Type": "Seq Scan",                                          
                               "Parent Relationship": "Outer",                                   
                               "Parallel Aware": false,                                          
                               "Relation Name": "movie_info",                                    
                               "Alias": "mi",                                                    
                               "Startup Cost": 0.00,                                             
                               "Total Cost": 6103.84,                                            
                               "Plan Rows": 14835720,                                            
                               "Plan Width": 8,                                                  
                               "Actual Startup Time": 4.703,                                     
                               "Actual Total Time": 3583.356,                                    
                               "Actual Rows": 14835720,                                          
                               "Actual Loops": 1,                                                
                               "Shared Hit Blocks": 2,                                           
                               "Shared Read Blocks": 161890,                                     
                               "Shared Dirtied Blocks": 0,                                       
                               "Shared Written Blocks": 0,                                       
                               "Local Hit Blocks": 0,                                            
                               "Local Read Blocks": 0,                                           
                               "Local Dirtied Blocks": 0,                                        
                               "Local Written Blocks": 0,                                        
                               "Temp Read Blocks": 0,                                            
                               "Temp Written Blocks": 0                                          
                             },                                                                  
                             {                                                                   
                               "Node Type": "Materialize",                                       
                               "Parent Relationship": "Inner",                                   
                               "Parallel Aware": false,                                          
                               "Startup Cost": 0.00,                                             
                               "Total Cost": 0.05,                                               
                               "Plan Rows": 1,                                                   
                               "Plan Width": 4,                                                  
                               "Actual Startup Time": 0.000,                                     
                               "Actual Total Time": 0.000,                                       
                               "Actual Rows": 1,                                                 
                               "Actual Loops": 14835720,                                         
                               "Shared Hit Blocks": 1,                                           
                               "Shared Read Blocks": 0,                                          
                               "Shared Dirtied Blocks": 0,                                       
                               "Shared Written Blocks": 0,                                       
                               "Local Hit Blocks": 0,                                            
                               "Local Read Blocks": 0,                                           
                               "Local Dirtied Blocks": 0,                                        
                               "Local Written Blocks": 0,                                        
                               "Temp Read Blocks": 0,                                            
                               "Temp Written Blocks": 0,                                         
                               "Plans": [                                                        
                                 {                                                               
                                   "Node Type": "Seq Scan",                                      
                                   "Parent Relationship": "Outer",                               
                                   "Parallel Aware": false,                                      
                                   "Relation Name": "info_type",                                 
                                   "Alias": "it",                                               
                                   "Startup Cost": 0.00,                                         
                                   "Total Cost": 0.05,                                           
                                   "Plan Rows": 1,                                               
                                   "Plan Width": 4,                                              
                                   "Actual Startup Time": 0.031,                                 
                                   "Actual Total Time": 0.065,                                   
                                   "Actual Rows": 1,                                             
                                   "Actual Loops": 1,                                            
                                   "Filter": "((info)::text = 'release dates'::text)",           
                                   "Rows Removed by Filter": 112,                                
                                   "Shared Hit Blocks": 1,                                       
                                   "Shared Read Blocks": 0,                                      
                                   "Shared Dirtied Blocks": 0,                                   
                                   "Shared Written Blocks": 0,                                   
                                   "Local Hit Blocks": 0,                                        
                                   "Local Read Blocks": 0,                                       
                                   "Local Dirtied Blocks": 0,                                    
                                   "Local Written Blocks": 0,                                    
                                   "Temp Read Blocks": 0,                                        
                                   "Temp Written Blocks": 0                                      
                                 }                                                               
                               ]                                                                 
                             }                                                                   
                           ]                                                                     
                         }                                                                       
                       ]                                                                         
                     }                                                                           
                   ]                                                                             
                 }                                                                               
               ]                                                                                 
             },                                                                                  
             {                                                                                   
               "Node Type": "Sort",                                                              
               "Parent Relationship": "Inner",                                                   
               "Parallel Aware": false,                                                          
               "Startup Cost": 344.10,                                                           
               "Total Cost": 350.69,                                                             
               "Plan Rows": 84843,                                                               
               "Plan Width": 23,                                                                 
               "Actual Startup Time": 171.805,                                                   
               "Actual Total Time": 183.478,                                                     
               "Actual Rows": 84843,                                                             
               "Actual Loops": 1,                                                                
               "Sort Key": ["cn.id"],                                                            
               "Sort Method": "quicksort",                                                       
               "Sort Space Used": 9413,                                                          
               "Sort Space Type": "Memory",                                                      
               "Shared Hit Blocks": 2,                                                           
               "Shared Read Blocks": 2992,                                                       
               "Shared Dirtied Blocks": 0,                                                       
               "Shared Written Blocks": 0,                                                       
               "Local Hit Blocks": 0,                                                            
               "Local Read Blocks": 0,                                                           
               "Local Dirtied Blocks": 0,                                                        
               "Local Written Blocks": 0,                                                        
               "Temp Read Blocks": 0,                                                            
               "Temp Written Blocks": 0,                                                         
               "Plans": [                                                                        
                 {                                                                               
                   "Node Type": "Seq Scan",                                                      
                   "Parent Relationship": "Outer",                                               
                   "Parallel Aware": false,                                                      
                   "Relation Name": "company_name",                                              
                   "Alias": "cn",                                                                
                   "Startup Cost": 0.00,                                                         
                   "Total Cost": 128.41,                                                         
                   "Plan Rows": 84843,                                                           
                   "Plan Width": 23,                                                             
                   "Actual Startup Time": 20.261,                                                
                   "Actual Total Time": 127.464,                                                 
                   "Actual Rows": 84843,                                                         
                   "Actual Loops": 1,                                                            
                   "Filter": "((country_code)::text = '[us]'::text)",                            
                   "Rows Removed by Filter": 150154,                                             
                   "Shared Hit Blocks": 2,                                                       
                   "Shared Read Blocks": 2992,                                                   
                   "Shared Dirtied Blocks": 0,                                                   
                   "Shared Written Blocks": 0,                                                   
                   "Local Hit Blocks": 0,                                                        
                   "Local Read Blocks": 0,                                                       
                   "Local Dirtied Blocks": 0,                                                    
                   "Local Written Blocks": 0,                                                    
                   "Temp Read Blocks": 0,                                                        
                   "Temp Written Blocks": 0                                                      
                 }                                                                               
               ]                                                                                 
             }                                                                                   
           ]                                                                                     
         }                                                                                       
       ]                                                                                         
     },                                                                                          
     "Planning Time": 5096.072,                                                                  
     "Triggers": [                                                                               
     ],                                                                                          
     "Execution Time": 18006.582                                                                 
   }                                                                                             
 ]
