 [                                                                                                                                                 
   {                                                                                                                                               
     "Plan": {                                                                                                                                     
       "Node Type": "Aggregate",                                                                                                                   
       "Strategy": "Plain",                                                                                                                        
       "Partial Mode": "Simple",                                                                                                                   
       "Parallel Aware": false,                                                                                                                    
       "Startup Cost": 14223.47,                                                                                                                   
       "Total Cost": 14223.47,                                                                                                                     
       "Plan Rows": 1,                                                                                                                             
       "Plan Width": 64,                                                                                                                           
       "Actual Startup Time": 130580.704,                                                                                                          
       "Actual Total Time": 130580.704,                                                                                                            
       "Actual Rows": 1,                                                                                                                           
       "Actual Loops": 1,                                                                                                                          
       "Shared Hit Blocks": 17,                                                                                                                    
       "Shared Read Blocks": 251253,                                                                                                               
       "Shared Dirtied Blocks": 0,                                                                                                                 
       "Shared Written Blocks": 0,                                                                                                                 
       "Local Hit Blocks": 0,                                                                                                                      
       "Local Read Blocks": 0,                                                                                                                     
       "Local Dirtied Blocks": 0,                                                                                                                  
       "Local Written Blocks": 0,                                                                                                                  
       "Temp Read Blocks": 0,                                                                                                                      
       "Temp Written Blocks": 0,                                                                                                                   
       "Plans": [                                                                                                                                  
         {                                                                                                                                         
           "Node Type": "Nested Loop",                                                                                                             
           "Parent Relationship": "Outer",                                                                                                         
           "Parallel Aware": false,                                                                                                                
           "Join Type": "Inner",                                                                                                                   
           "Startup Cost": 0.00,                                                                                                                   
           "Total Cost": 14223.47,                                                                                                                 
           "Plan Rows": 8,                                                                                                                         
           "Plan Width": 59,                                                                                                                       
           "Actual Startup Time": 124113.412,                                                                                                      
           "Actual Total Time": 130580.546,                                                                                                        
           "Actual Rows": 328,                                                                                                                     
           "Actual Loops": 1,                                                                                                                      
           "Inner Unique": false,                                                                                                                  
           "Join Filter": "(mk.keyword_id = k.id)",                                                                                                
           "Rows Removed by Join Filter": 44007432,                                                                                                
           "Shared Hit Blocks": 17,                                                                                                                
           "Shared Read Blocks": 251253,                                                                                                           
           "Shared Dirtied Blocks": 0,                                                                                                             
           "Shared Written Blocks": 0,                                                                                                             
           "Local Hit Blocks": 0,                                                                                                                  
           "Local Read Blocks": 0,                                                                                                                 
           "Local Dirtied Blocks": 0,                                                                                                              
           "Local Written Blocks": 0,                                                                                                              
           "Temp Read Blocks": 0,                                                                                                                  
           "Temp Written Blocks": 0,                                                                                                               
           "Plans": [                                                                                                                              
             {                                                                                                                                     
               "Node Type": "Seq Scan",                                                                                                            
               "Parent Relationship": "Outer",                                                                                                     
               "Parallel Aware": false,                                                                                                            
               "Relation Name": "keyword",                                                                                                         
               "Alias": "k",                                                                                                                       
               "Startup Cost": 0.00,                                                                                                               
               "Total Cost": 39.04,                                                                                                                
               "Plan Rows": 134170,                                                                                                                
               "Plan Width": 4,                                                                                                                    
               "Actual Startup Time": 0.148,                                                                                                       
               "Actual Total Time": 30.262,                                                                                                        
               "Actual Rows": 134170,                                                                                                              
               "Actual Loops": 1,                                                                                                                  
               "Shared Hit Blocks": 2,                                                                                                             
               "Shared Read Blocks": 947,                                                                                                          
               "Shared Dirtied Blocks": 0,                                                                                                         
               "Shared Written Blocks": 0,                                                                                                         
               "Local Hit Blocks": 0,                                                                                                              
               "Local Read Blocks": 0,                                                                                                             
               "Local Dirtied Blocks": 0,                                                                                                          
               "Local Written Blocks": 0,                                                                                                          
               "Temp Read Blocks": 0,                                                                                                              
               "Temp Written Blocks": 0                                                                                                            
             },                                                                                                                                    
             {                                                                                                                                     
               "Node Type": "Materialize",                                                                                                         
               "Parent Relationship": "Inner",                                                                                                     
               "Parallel Aware": false,                                                                                                            
               "Startup Cost": 0.00,                                                                                                               
               "Total Cost": 13943.54,                                                                                                             
               "Plan Rows": 8,                                                                                                                     
               "Plan Width": 63,                                                                                                                   
               "Actual Startup Time": 0.582,                                                                                                       
               "Actual Total Time": 0.940,                                                                                                         
               "Actual Rows": 328,                                                                                                                 
               "Actual Loops": 134170,                                                                                                             
               "Shared Hit Blocks": 15,                                                                                                            
               "Shared Read Blocks": 250306,                                                                                                       
               "Shared Dirtied Blocks": 0,                                                                                                         
               "Shared Written Blocks": 0,                                                                                                         
               "Local Hit Blocks": 0,                                                                                                              
               "Local Read Blocks": 0,                                                                                                             
               "Local Dirtied Blocks": 0,                                                                                                          
               "Local Written Blocks": 0,                                                                                                          
               "Temp Read Blocks": 0,                                                                                                              
               "Temp Written Blocks": 0,                                                                                                           
               "Plans": [                                                                                                                          
                 {                                                                                                                                 
                   "Node Type": "Nested Loop",                                                                                                     
                   "Parent Relationship": "Outer",                                                                                                 
                   "Parallel Aware": false,                                                                                                        
                   "Join Type": "Inner",                                                                                                           
                   "Startup Cost": 0.00,                                                                                                           
                   "Total Cost": 13943.54,                                                                                                         
                   "Plan Rows": 8,                                                                                                                 
                   "Plan Width": 63,                                                                                                               
                   "Actual Startup Time": 78051.469,                                                                                               
                   "Actual Total Time": 124111.052,                                                                                                
                   "Actual Rows": 328,                                                                                                             
                   "Actual Loops": 1,                                                                                                              
                   "Inner Unique": false,                                                                                                          
                   "Join Filter": "(t.id = mk.movie_id)",                                                                                          
                   "Rows Removed by Join Filter": 257863682,                                                                                       
                   "Shared Hit Blocks": 15,                                                                                                        
                   "Shared Read Blocks": 250306,                                                                                                   
                   "Shared Dirtied Blocks": 0,                                                                                                     
                   "Shared Written Blocks": 0,                                                                                                     
                   "Local Hit Blocks": 0,                                                                                                          
                   "Local Read Blocks": 0,                                                                                                         
                   "Local Dirtied Blocks": 0,                                                                                                      
                   "Local Written Blocks": 0,                                                                                                      
                   "Temp Read Blocks": 0,                                                                                                          
                   "Temp Written Blocks": 0,                                                                                                       
                   "Plans": [                                                                                                                      
                     {                                                                                                                             
                       "Node Type": "Seq Scan",                                                                                                    
                       "Parent Relationship": "Outer",                                                                                             
                       "Parallel Aware": false,                                                                                                    
                       "Relation Name": "movie_keyword",                                                                                           
                       "Alias": "mk",                                                                                                              
                       "Startup Cost": 0.00,                                                                                                       
                       "Total Cost": 1079.84,                                                                                                      
                       "Plan Rows": 4523930,                                                                                                       
                       "Plan Width": 8,                                                                                                            
                       "Actual Startup Time": 0.003,                                                                                               
                       "Actual Total Time": 479.433,                                                                                               
                       "Actual Rows": 4523930,                                                                                                     
                       "Actual Loops": 1,                                                                                                          
                       "Shared Hit Blocks": 3,                                                                                                     
                       "Shared Read Blocks": 24451,                                                                                                
                       "Shared Dirtied Blocks": 0,                                                                                                 
                       "Shared Written Blocks": 0,                                                                                                 
                       "Local Hit Blocks": 0,                                                                                                      
                       "Local Read Blocks": 0,                                                                                                     
                       "Local Dirtied Blocks": 0,                                                                                                  
                       "Local Written Blocks": 0,                                                                                                  
                       "Temp Read Blocks": 0,                                                                                                      
                       "Temp Written Blocks": 0                                                                                                    
                     },                                                                                                                            
                     {                                                                                                                             
                       "Node Type": "Materialize",                                                                                                 
                       "Parent Relationship": "Inner",                                                                                             
                       "Parallel Aware": false,                                                                                                    
                       "Startup Cost": 0.00,                                                                                                       
                       "Total Cost": 11848.43,                                                                                                     
                       "Plan Rows": 1,                                                                                                             
                       "Plan Width": 75,                                                                                                           
                       "Actual Startup Time": 0.014,                                                                                               
                       "Actual Total Time": 0.020,                                                                                                 
                       "Actual Rows": 57,                                                                                                          
                       "Actual Loops": 4523930,                                                                                                    
                       "Shared Hit Blocks": 12,                                                                                                    
                       "Shared Read Blocks": 225855,                                                                                               
                       "Shared Dirtied Blocks": 0,                                                                                                 
                       "Shared Written Blocks": 0,                                                                                                 
                       "Local Hit Blocks": 0,                                                                                                      
                       "Local Read Blocks": 0,                                                                                                     
                       "Local Dirtied Blocks": 0,                                                                                                  
                       "Local Written Blocks": 0,                                                                                                  
                       "Temp Read Blocks": 0,                                                                                                      
                       "Temp Written Blocks": 0,                                                                                                   
                       "Plans": [                                                                                                                  
                         {                                                                                                                         
                           "Node Type": "Nested Loop",                                                                                             
                           "Parent Relationship": "Outer",                                                                                         
                           "Parallel Aware": false,                                                                                                
                           "Join Type": "Inner",                                                                                                   
                           "Startup Cost": 0.00,                                                                                                   
                           "Total Cost": 11848.43,                                                                                                 
                           "Plan Rows": 1,                                                                                                         
                           "Plan Width": 75,                                                                                                       
                           "Actual Startup Time": 64160.601,                                                                                       
                           "Actual Total Time": 77328.985,                                                                                         
                           "Actual Rows": 57,                                                                                                      
                           "Actual Loops": 1,                                                                                                      
                           "Inner Unique": false,                                                                                                  
                           "Join Filter": "(at.movie_id = t.id)",                                                                                  
                           "Rows Removed by Join Filter": 98083106,                                                                                
                           "Shared Hit Blocks": 12,                                                                                                
                           "Shared Read Blocks": 225855,                                                                                           
                           "Shared Dirtied Blocks": 0,                                                                                             
                           "Shared Written Blocks": 0,                                                                                             
                           "Local Hit Blocks": 0,                                                                                                  
                           "Local Read Blocks": 0,                                                                                                 
                           "Local Dirtied Blocks": 0,                                                                                              
                           "Local Written Blocks": 0,                                                                                              
                           "Temp Read Blocks": 0,                                                                                                  
                           "Temp Written Blocks": 0,                                                                                               
                           "Plans": [                                                                                                              
                             {                                                                                                                     
                               "Node Type": "Seq Scan",                                                                                            
                               "Parent Relationship": "Outer",                                                                                     
                               "Parallel Aware": false,                                                                                            
                               "Relation Name": "title",                                                                                           
                               "Alias": "t",                                                                                                       
                               "Startup Cost": 0.00,                                                                                               
                               "Total Cost": 1500.26,                                                                                              
                               "Plan Rows": 1381453,                                                                                               
                               "Plan Width": 21,                                                                                                   
                               "Actual Startup Time": 6.792,                                                                                       
                               "Actual Total Time": 575.712,                                                                                       
                               "Actual Rows": 1381453,                                                                                             
                               "Actual Loops": 1,                                                                                                  
                               "Filter": "(production_year > 2000)",                                                                               
                               "Rows Removed by Filter": 1146859,                                                                                  
                               "Shared Hit Blocks": 1,                                                                                             
                               "Shared Read Blocks": 35997,                                                                                        
                               "Shared Dirtied Blocks": 0,                                                                                         
                               "Shared Written Blocks": 0,                                                                                         
                               "Local Hit Blocks": 0,                                                                                              
                               "Local Read Blocks": 0,                                                                                             
                               "Local Dirtied Blocks": 0,                                                                                          
                               "Local Written Blocks": 0,                                                                                          
                               "Temp Read Blocks": 0,                                                                                              
                               "Temp Written Blocks": 0                                                                                            
                             },                                                                                                                    
                             {                                                                                                                     
                               "Node Type": "Materialize",                                                                                         
                               "Parent Relationship": "Inner",                                                                                     
                               "Parallel Aware": false,                                                                                            
                               "Startup Cost": 0.00,                                                                                               
                               "Total Cost": 10038.15,                                                                                             
                               "Plan Rows": 1,                                                                                                     
                               "Plan Width": 54,                                                                                                   
                               "Actual Startup Time": 0.045,                                                                                       
                               "Actual Total Time": 0.049,                                                                                         
                               "Actual Rows": 71,                                                                                                  
                               "Actual Loops": 1381453,                                                                                            
                               "Shared Hit Blocks": 11,                                                                                            
                               "Shared Read Blocks": 189858,                                                                                       
                               "Shared Dirtied Blocks": 0,                                                                                         
                               "Shared Written Blocks": 0,                                                                                         
                               "Local Hit Blocks": 0,                                                                                              
                               "Local Read Blocks": 0,                                                                                             
                               "Local Dirtied Blocks": 0,                                                                                          
                               "Local Written Blocks": 0,                                                                                          
                               "Temp Read Blocks": 0,                                                                                              
                               "Temp Written Blocks": 0,                                                                                           
                               "Plans": [                                                                                                          
                                 {                                                                                                                 
                                   "Node Type": "Nested Loop",                                                                                     
                                   "Parent Relationship": "Outer",                                                                                 
                                   "Parallel Aware": false,                                                                                        
                                   "Join Type": "Inner",                                                                                           
                                   "Startup Cost": 0.00,                                                                                           
                                   "Total Cost": 10038.15,                                                                                         
                                   "Plan Rows": 1,                                                                                                 
                                   "Plan Width": 54,                                                                                               
                                   "Actual Startup Time": 61848.448,                                                                               
                                   "Actual Total Time": 62888.604,                                                                                 
                                   "Actual Rows": 71,                                                                                              
                                   "Actual Loops": 1,                                                                                              
                                   "Inner Unique": false,                                                                                          
                                   "Join Filter": "(mc.company_type_id = ct.id)",                                                                  
                                   "Rows Removed by Join Filter": 213,                                                                             
                                   "Shared Hit Blocks": 11,                                                                                        
                                   "Shared Read Blocks": 189858,                                                                                   
                                   "Shared Dirtied Blocks": 0,                                                                                     
                                   "Shared Written Blocks": 0,                                                                                     
                                   "Local Hit Blocks": 0,                                                                                          
                                   "Local Read Blocks": 0,                                                                                         
                                   "Local Dirtied Blocks": 0,                                                                                      
                                   "Local Written Blocks": 0,                                                                                      
                                   "Temp Read Blocks": 0,                                                                                          
                                   "Temp Written Blocks": 0,                                                                                       
                                   "Plans": [                                                                                                      
                                     {                                                                                                             
                                       "Node Type": "Seq Scan",                                                                                    
                                       "Parent Relationship": "Outer",                                                                             
                                       "Parallel Aware": false,                                                                                    
                                       "Relation Name": "company_type",                                                                            
                                       "Alias": "ct",                                                                                              
                                       "Startup Cost": 0.00,                                                                                       
                                       "Total Cost": 0.03,                                                                                         
                                       "Plan Rows": 4,                                                                                             
                                       "Plan Width": 4,                                                                                            
                                       "Actual Startup Time": 0.009,                                                                               
                                       "Actual Total Time": 0.010,                                                                                 
                                       "Actual Rows": 4,                                                                                           
                                       "Actual Loops": 1,                                                                                          
                                       "Shared Hit Blocks": 1,                                                                                     
                                       "Shared Read Blocks": 0,                                                                                    
                                       "Shared Dirtied Blocks": 0,                                                                                 
                                       "Shared Written Blocks": 0,                                                                                 
                                       "Local Hit Blocks": 0,                                                                                      
                                       "Local Read Blocks": 0,                                                                                     
                                       "Local Dirtied Blocks": 0,                                                                                  
                                       "Local Written Blocks": 0,                                                                                  
                                       "Temp Read Blocks": 0,                                                                                      
                                       "Temp Written Blocks": 0                                                                                    
                                     },                                                                                                            
                                     {                                                                                                             
                                       "Node Type": "Materialize",                                                                                 
                                       "Parent Relationship": "Inner",                                                                             
                                       "Parallel Aware": false,                                                                                    
                                       "Startup Cost": 0.00,                                                                                       
                                       "Total Cost": 10038.11,                                                                                     
                                       "Plan Rows": 1,                                                                                             
                                       "Plan Width": 58,                                                                                           
                                       "Actual Startup Time": 15462.108,                                                                           
                                       "Actual Total Time": 15722.136,                                                                             
                                       "Actual Rows": 71,                                                                                          
                                       "Actual Loops": 4,                                                                                          
                                       "Shared Hit Blocks": 10,                                                                                    
                                       "Shared Read Blocks": 189858,                                                                               
                                       "Shared Dirtied Blocks": 0,                                                                                 
                                       "Shared Written Blocks": 0,                                                                                 
                                       "Local Hit Blocks": 0,                                                                                      
                                       "Local Read Blocks": 0,                                                                                     
                                       "Local Dirtied Blocks": 0,                                                                                  
                                       "Local Written Blocks": 0,                                                                                  
                                       "Temp Read Blocks": 0,                                                                                      
                                       "Temp Written Blocks": 0,                                                                                   
                                       "Plans": [                                                                                                  
                                         {                                                                                                         
                                           "Node Type": "Nested Loop",                                                                             
                                           "Parent Relationship": "Outer",                                                                         
                                           "Parallel Aware": false,                                                                                
                                           "Join Type": "Inner",                                                                                   
                                           "Startup Cost": 0.00,                                                                                   
                                           "Total Cost": 10038.11,                                                                                 
                                           "Plan Rows": 1,                                                                                         
                                           "Plan Width": 58,                                                                                       
                                           "Actual Startup Time": 61848.420,                                                                       
                                           "Actual Total Time": 62888.489,                                                                         
                                           "Actual Rows": 71,                                                                                      
                                           "Actual Loops": 1,                                                                                      
                                           "Inner Unique": false,                                                                                  
                                           "Join Filter": "(mc.company_id = cn.id)",                                                               
                                           "Rows Removed by Join Filter": 6447997,                                                                 
                                           "Shared Hit Blocks": 10,                                                                                
                                           "Shared Read Blocks": 189858,                                                                           
                                           "Shared Dirtied Blocks": 0,                                                                             
                                           "Shared Written Blocks": 0,                                                                             
                                           "Local Hit Blocks": 0,                                                                                  
                                           "Local Read Blocks": 0,                                                                                 
                                           "Local Dirtied Blocks": 0,                                                                              
                                           "Local Written Blocks": 0,                                                                              
                                           "Temp Read Blocks": 0,                                                                                  
                                           "Temp Written Blocks": 0,                                                                               
                                           "Plans": [                                                                                              
                                             {                                                                                                     
                                               "Node Type": "Seq Scan",                                                                            
                                               "Parent Relationship": "Outer",                                                                     
                                               "Parallel Aware": false,                                                                            
                                               "Relation Name": "company_name",                                                                    
                                               "Alias": "cn",                                                                                      
                                               "Startup Cost": 0.00,                                                                               
                                               "Total Cost": 128.41,                                                                               
                                               "Plan Rows": 84843,                                                                                 
                                               "Plan Width": 4,                                                                                    
                                               "Actual Startup Time": 7.982,                                                                       
                                               "Actual Total Time": 74.143,                                                                        
                                               "Actual Rows": 84843,                                                                               
                                               "Actual Loops": 1,                                                                                  
                                               "Filter": "((country_code)::text = '[us]'::text)",                                                  
                                               "Rows Removed by Filter": 150154,                                                                   
                                               "Shared Hit Blocks": 2,                                                                             
                                               "Shared Read Blocks": 2992,                                                                         
                                               "Shared Dirtied Blocks": 0,                                                                         
                                               "Shared Written Blocks": 0,                                                                         
                                               "Local Hit Blocks": 0,                                                                              
                                               "Local Read Blocks": 0,                                                                             
                                               "Local Dirtied Blocks": 0,                                                                          
                                               "Local Written Blocks": 0,                                                                          
                                               "Temp Read Blocks": 0,                                                                              
                                               "Temp Written Blocks": 0                                                                            
                                             },                                                                                                    
                                             {                                                                                                     
                                               "Node Type": "Materialize",                                                                         
                                               "Parent Relationship": "Inner",                                                                     
                                               "Parallel Aware": false,                                                                            
                                               "Startup Cost": 0.00,                                                                               
                                               "Total Cost": 9890.67,                                                                              
                                               "Plan Rows": 1,                                                                                     
                                               "Plan Width": 62,                                                                                   
                                               "Actual Startup Time": 0.297,                                                                       
                                               "Actual Total Time": 0.732,                                                                         
                                               "Actual Rows": 76,                                                                                  
                                               "Actual Loops": 84843,                                                                              
                                               "Shared Hit Blocks": 8,                                                                             
                                               "Shared Read Blocks": 186866,                                                                       
                                               "Shared Dirtied Blocks": 0,                                                                         
                                               "Shared Written Blocks": 0,                                                                         
                                               "Local Hit Blocks": 0,                                                                              
                                               "Local Read Blocks": 0,                                                                             
                                               "Local Dirtied Blocks": 0,                                                                          
                                               "Local Written Blocks": 0,                                                                          
                                               "Temp Read Blocks": 0,                                                                              
                                               "Temp Written Blocks": 0,                                                                           
                                               "Plans": [                                                                                          
                                                 {                                                                                                 
                                                   "Node Type": "Nested Loop",                                                                     
                                                   "Parent Relationship": "Outer",                                                                 
                                                   "Parallel Aware": false,                                                                        
                                                   "Join Type": "Inner",                                                                           
                                                   "Startup Cost": 0.00,                                                                           
                                                   "Total Cost": 9890.67,                                                                          
                                                   "Plan Rows": 1,                                                                                 
                                                   "Plan Width": 62,                                                                               
                                                   "Actual Startup Time": 25202.254,                                                               
                                                   "Actual Total Time": 61822.499,                                                                 
                                                   "Actual Rows": 76,                                                                              
                                                   "Actual Loops": 1,                                                                              
                                                   "Inner Unique": false,                                                                          
                                                   "Join Filter": "(mi.movie_id = at.movie_id)",                                                   
                                                   "Rows Removed by Join Filter": 252668852,                                                       
                                                   "Shared Hit Blocks": 8,                                                                         
                                                   "Shared Read Blocks": 186866,                                                                   
                                                   "Shared Dirtied Blocks": 0,                                                                     
                                                   "Shared Written Blocks": 0,                                                                     
                                                   "Local Hit Blocks": 0,                                                                          
                                                   "Local Read Blocks": 0,                                                                         
                                                   "Local Dirtied Blocks": 0,                                                                      
                                                   "Local Written Blocks": 0,                                                                      
                                                   "Temp Read Blocks": 0,                                                                          
                                                   "Temp Written Blocks": 0,                                                                       
                                                   "Plans": [                                                                                      
                                                     {                                                                                             
                                                       "Node Type": "Seq Scan",                                                                    
                                                       "Parent Relationship": "Outer",                                                             
                                                       "Parallel Aware": false,                                                                    
                                                       "Relation Name": "aka_title",                                                               
                                                       "Alias": "at",                                                                              
                                                       "Startup Cost": 0.00,                                                                       
                                                       "Total Cost": 219.22,                                                                       
                                                       "Plan Rows": 361472,                                                                        
                                                       "Plan Width": 4,                                                                            
                                                       "Actual Startup Time": 7.252,                                                               
                                                       "Actual Total Time": 76.621,                                                                
                                                       "Actual Rows": 361472,                                                                      
                                                       "Actual Loops": 1,                                                                          
                                                       "Shared Hit Blocks": 2,                                                                     
                                                       "Shared Read Blocks": 6190,                                                                 
                                                       "Shared Dirtied Blocks": 0,                                                                 
                                                       "Shared Written Blocks": 0,                                                                 
                                                       "Local Hit Blocks": 0,                                                                      
                                                       "Local Read Blocks": 0,                                                                     
                                                       "Local Dirtied Blocks": 0,                                                                  
                                                       "Local Written Blocks": 0,                                                                  
                                                       "Temp Read Blocks": 0,                                                                      
                                                       "Temp Written Blocks": 0                                                                    
                                                     },                                                                                            
                                                     {                                                                                             
                                                       "Node Type": "Materialize",                                                                 
                                                       "Parent Relationship": "Inner",                                                             
                                                       "Parallel Aware": false,                                                                    
                                                       "Startup Cost": 0.00,                                                                       
                                                       "Total Cost": 9590.33,                                                                      
                                                       "Plan Rows": 1,                                                                             
                                                       "Plan Width": 58,                                                                           
                                                       "Actual Startup Time": 0.023,                                                               
                                                       "Actual Total Time": 0.101,                                                                 
                                                       "Actual Rows": 699,                                                                         
                                                       "Actual Loops": 361472,                                                                     
                                                       "Shared Hit Blocks": 6,                                                                     
                                                       "Shared Read Blocks": 180676,                                                               
                                                       "Shared Dirtied Blocks": 0,                                                                 
                                                       "Shared Written Blocks": 0,                                                                 
                                                       "Local Hit Blocks": 0,                                                                      
                                                       "Local Read Blocks": 0,                                                                     
                                                       "Local Dirtied Blocks": 0,                                                                  
                                                       "Local Written Blocks": 0,                                                                  
                                                       "Temp Read Blocks": 0,                                                                      
                                                       "Temp Written Blocks": 0,                                                                   
                                                       "Plans": [                                                                                  
                                                         {                                                                                         
                                                           "Node Type": "Nested Loop",                                                             
                                                           "Parent Relationship": "Outer",                                                         
                                                           "Parallel Aware": false,                                                                
                                                           "Join Type": "Inner",                                                                   
                                                           "Startup Cost": 0.00,                                                                   
                                                           "Total Cost": 9590.33,                                                                  
                                                           "Plan Rows": 1,                                                                         
                                                           "Plan Width": 58,                                                                       
                                                           "Actual Startup Time": 8372.557,                                                        
                                                           "Actual Total Time": 25141.839,                                                         
                                                           "Actual Rows": 699,                                                                     
                                                           "Actual Loops": 1,                                                                      
                                                           "Inner Unique": false,                                                                  
                                                           "Join Filter": "(mi.movie_id = mc.movie_id)",                                           
                                                           "Rows Removed by Join Filter": 109206245,                                               
                                                           "Shared Hit Blocks": 6,                                                                 
                                                           "Shared Read Blocks": 180676,                                                           
                                                           "Shared Dirtied Blocks": 0,                                                             
                                                           "Shared Written Blocks": 0,                                                             
                                                           "Local Hit Blocks": 0,                                                                  
                                                           "Local Read Blocks": 0,                                                                 
                                                           "Local Dirtied Blocks": 0,                                                              
                                                           "Local Written Blocks": 0,                                                              
                                                           "Temp Read Blocks": 0,                                                                  
                                                           "Temp Written Blocks": 0,                                                               
                                                           "Plans": [                                                                              
                                                             {                                                                                     
                                                               "Node Type": "Seq Scan",                                                            
                                                               "Parent Relationship": "Outer",                                                     
                                                               "Parallel Aware": false,                                                            
                                                               "Relation Name": "movie_companies",                                                 
                                                               "Alias": "mc",                                                                      
                                                               "Startup Cost": 0.00,                                                               
                                                               "Total Cost": 1174.90,                                                              
                                                               "Plan Rows": 17389,                                                                 
                                                               "Plan Width": 12,                                                                   
                                                               "Actual Startup Time": 0.022,                                                       
                                                               "Actual Total Time": 719.464,                                                       
                                                               "Actual Rows": 61664,                                                               
                                                               "Actual Loops": 1,                                                                  
                                                               "Filter": "((note ~~ '%(200%)%'::text) AND (note ~~ '%(worldwide)%'::text))",       
                                                               "Rows Removed by Filter": 2547465,                                                  
                                                               "Shared Hit Blocks": 3,                                                             
                                                               "Shared Read Blocks": 18786,                                                        
                                                               "Shared Dirtied Blocks": 0,                                                         
                                                               "Shared Written Blocks": 0,                                                         
                                                               "Local Hit Blocks": 0,                                                              
                                                               "Local Read Blocks": 0,                                                             
                                                               "Local Dirtied Blocks": 0,                                                          
                                                               "Local Written Blocks": 0,                                                          
                                                               "Temp Read Blocks": 0,                                                              
                                                               "Temp Written Blocks": 0                                                            
                                                             },                                                                                    
                                                             {                                                                                     
                                                               "Node Type": "Materialize",                                                         
                                                               "Parent Relationship": "Inner",                                                     
                                                               "Parallel Aware": false,                                                            
                                                               "Startup Cost": 0.00,                                                               
                                                               "Total Cost": 8407.62,                                                              
                                                               "Plan Rows": 2,                                                                     
                                                               "Plan Width": 46,                                                                   
                                                               "Actual Startup Time": 0.024,                                                       
                                                               "Actual Total Time": 0.215,                                                         
                                                               "Actual Rows": 1771,                                                                
                                                               "Actual Loops": 61664,                                                              
                                                               "Shared Hit Blocks": 3,                                                             
                                                               "Shared Read Blocks": 161890,                                                       
                                                               "Shared Dirtied Blocks": 0,                                                         
                                                               "Shared Written Blocks": 0,                                                         
                                                               "Local Hit Blocks": 0,                                                              
                                                               "Local Read Blocks": 0,                                                             
                                                               "Local Dirtied Blocks": 0,                                                          
                                                               "Local Written Blocks": 0,                                                          
                                                               "Temp Read Blocks": 0,                                                              
                                                               "Temp Written Blocks": 0,                                                           
                                                               "Plans": [                                                                          
                                                                 {                                                                                 
                                                                   "Node Type": "Nested Loop",                                                     
                                                                   "Parent Relationship": "Outer",                                                 
                                                                   "Parallel Aware": false,                                                        
                                                                   "Join Type": "Inner",                                                           
                                                                   "Startup Cost": 0.00,                                                           
                                                                   "Total Cost": 8407.62,                                                          
                                                                   "Plan Rows": 2,                                                                 
                                                                   "Plan Width": 46,                                                               
                                                                   "Actual Startup Time": 1502.782,                                                
                                                                   "Actual Total Time": 8349.804,                                                  
                                                                   "Actual Rows": 1771,                                                            
                                                                   "Actual Loops": 1,                                                              
                                                                   "Inner Unique": true,                                                           
                                                                   "Join Filter": "(it.id = mi.info_type_id)",                                    
                                                                   "Rows Removed by Join Filter": 0,                                               
                                                                   "Shared Hit Blocks": 3,                                                         
                                                                   "Shared Read Blocks": 161890,                                                   
                                                                   "Shared Dirtied Blocks": 0,                                                     
                                                                   "Shared Written Blocks": 0,                                                     
                                                                   "Local Hit Blocks": 0,                                                          
                                                                   "Local Read Blocks": 0,                                                         
                                                                   "Local Dirtied Blocks": 0,                                                      
                                                                   "Local Written Blocks": 0,                                                      
                                                                   "Temp Read Blocks": 0,                                                          
                                                                   "Temp Written Blocks": 0,                                                       
                                                                   "Plans": [                                                                      
                                                                     {                                                                             
                                                                       "Node Type": "Seq Scan",                                                    
                                                                       "Parent Relationship": "Outer",                                             
                                                                       "Parallel Aware": false,                                                    
                                                                       "Relation Name": "movie_info",                                              
                                                                       "Alias": "mi",                                                              
                                                                       "Startup Cost": 0.00,                                                       
                                                                       "Total Cost": 8407.52,                                                      
                                                                       "Plan Rows": 260,                                                           
                                                                       "Plan Width": 50,                                                           
                                                                       "Actual Startup Time": 1502.757,                                            
                                                                       "Actual Total Time": 8348.210,                                              
                                                                       "Actual Rows": 1771,                                                        
                                                                       "Actual Loops": 1,                                                          
                                                                       "Filter": "((note ~~ '%internet%'::text) AND (info ~~ 'USA:% 200%'::text))",
                                                                       "Rows Removed by Filter": 14833949,                                         
                                                                       "Shared Hit Blocks": 2,                                                     
                                                                       "Shared Read Blocks": 161890,                                               
                                                                       "Shared Dirtied Blocks": 0,                                                 
                                                                       "Shared Written Blocks": 0,                                                 
                                                                       "Local Hit Blocks": 0,                                                      
                                                                       "Local Read Blocks": 0,                                                     
                                                                       "Local Dirtied Blocks": 0,                                                  
                                                                       "Local Written Blocks": 0,                                                  
                                                                       "Temp Read Blocks": 0,                                                      
                                                                       "Temp Written Blocks": 0                                                    
                                                                     },                                                                            
                                                                     {                                                                             
                                                                       "Node Type": "Materialize",                                                 
                                                                       "Parent Relationship": "Inner",                                             
                                                                       "Parallel Aware": false,                                                    
                                                                       "Startup Cost": 0.00,                                                       
                                                                       "Total Cost": 0.05,                                                         
                                                                       "Plan Rows": 1,                                                             
                                                                       "Plan Width": 4,                                                            
                                                                       "Actual Startup Time": 0.000,                                               
                                                                       "Actual Total Time": 0.000,                                                 
                                                                       "Actual Rows": 1,                                                           
                                                                       "Actual Loops": 1771,                                                       
                                                                       "Shared Hit Blocks": 1,                                                     
                                                                       "Shared Read Blocks": 0,                                                    
                                                                       "Shared Dirtied Blocks": 0,                                                 
                                                                       "Shared Written Blocks": 0,                                                 
                                                                       "Local Hit Blocks": 0,                                                      
                                                                       "Local Read Blocks": 0,                                                     
                                                                       "Local Dirtied Blocks": 0,                                                  
                                                                       "Local Written Blocks": 0,                                                  
                                                                       "Temp Read Blocks": 0,                                                      
                                                                       "Temp Written Blocks": 0,                                                   
                                                                       "Plans": [                                                                  
                                                                         {                                                                         
                                                                           "Node Type": "Seq Scan",                                                
                                                                           "Parent Relationship": "Outer",                                         
                                                                           "Parallel Aware": false,                                                
                                                                           "Relation Name": "info_type",                                           
                                                                           "Alias": "it",                                                         
                                                                           "Startup Cost": 0.00,                                                   
                                                                           "Total Cost": 0.05,                                                     
                                                                           "Plan Rows": 1,                                                         
                                                                           "Plan Width": 4,                                                        
                                                                           "Actual Startup Time": 0.012,                                           
                                                                           "Actual Total Time": 0.012,                                             
                                                                           "Actual Rows": 1,                                                       
                                                                           "Actual Loops": 1,                                                      
                                                                           "Filter": "((info)::text = 'release dates'::text)",                     
                                                                           "Rows Removed by Filter": 15,                                           
                                                                           "Shared Hit Blocks": 1,                                                 
                                                                           "Shared Read Blocks": 0,                                                
                                                                           "Shared Dirtied Blocks": 0,                                             
                                                                           "Shared Written Blocks": 0,                                             
                                                                           "Local Hit Blocks": 0,                                                  
                                                                           "Local Read Blocks": 0,                                                 
                                                                           "Local Dirtied Blocks": 0,                                              
                                                                           "Local Written Blocks": 0,                                              
                                                                           "Temp Read Blocks": 0,                                                  
                                                                           "Temp Written Blocks": 0                                                
                                                                         }                                                                         
                                                                       ]                                                                           
                                                                     }                                                                             
                                                                   ]                                                                               
                                                                 }                                                                                 
                                                               ]                                                                                   
                                                             }                                                                                     
                                                           ]                                                                                       
                                                         }                                                                                         
                                                       ]                                                                                           
                                                     }                                                                                             
                                                   ]                                                                                               
                                                 }                                                                                                 
                                               ]                                                                                                   
                                             }                                                                                                     
                                           ]                                                                                                       
                                         }                                                                                                         
                                       ]                                                                                                           
                                     }                                                                                                             
                                   ]                                                                                                               
                                 }                                                                                                                 
                               ]                                                                                                                   
                             }                                                                                                                     
                           ]                                                                                                                       
                         }                                                                                                                         
                       ]                                                                                                                           
                     }                                                                                                                             
                   ]                                                                                                                               
                 }                                                                                                                                 
               ]                                                                                                                                   
             }                                                                                                                                     
           ]                                                                                                                                       
         }                                                                                                                                         
       ]                                                                                                                                           
     },                                                                                                                                            
     "Planning Time": 9175.561,                                                                                                                    
     "Triggers": [                                                                                                                                 
     ],                                                                                                                                            
     "Execution Time": 130581.407                                                                                                                  
   }                                                                                                                                               
 ]
