 [                                                                                                                                                  
   {                                                                                                                                                
     "Plan": {                                                                                                                                      
       "Node Type": "Aggregate",                                                                                                                    
       "Strategy": "Plain",                                                                                                                         
       "Partial Mode": "Simple",                                                                                                                    
       "Parallel Aware": false,                                                                                                                     
       "Startup Cost": 14145.34,                                                                                                                    
       "Total Cost": 14145.34,                                                                                                                      
       "Plan Rows": 1,                                                                                                                              
       "Plan Width": 64,                                                                                                                            
       "Actual Startup Time": 20404.325,                                                                                                            
       "Actual Total Time": 20404.325,                                                                                                              
       "Actual Rows": 1,                                                                                                                            
       "Actual Loops": 1,                                                                                                                           
       "Shared Hit Blocks": 17,                                                                                                                     
       "Shared Read Blocks": 251253,                                                                                                                
       "Shared Dirtied Blocks": 0,                                                                                                                  
       "Shared Written Blocks": 0,                                                                                                                  
       "Local Hit Blocks": 0,                                                                                                                       
       "Local Read Blocks": 0,                                                                                                                      
       "Local Dirtied Blocks": 0,                                                                                                                   
       "Local Written Blocks": 0,                                                                                                                   
       "Temp Read Blocks": 0,                                                                                                                       
       "Temp Written Blocks": 0,                                                                                                                    
       "Plans": [                                                                                                                                   
         {                                                                                                                                          
           "Node Type": "Nested Loop",                                                                                                              
           "Parent Relationship": "Outer",                                                                                                          
           "Parallel Aware": false,                                                                                                                 
           "Join Type": "Inner",                                                                                                                    
           "Startup Cost": 0.00,                                                                                                                    
           "Total Cost": 14145.34,                                                                                                                  
           "Plan Rows": 4,                                                                                                                          
           "Plan Width": 59,                                                                                                                        
           "Actual Startup Time": 19604.116,                                                                                                        
           "Actual Total Time": 20404.265,                                                                                                          
           "Actual Rows": 37,                                                                                                                       
           "Actual Loops": 1,                                                                                                                       
           "Inner Unique": false,                                                                                                                   
           "Join Filter": "(mk.keyword_id = k.id)",                                                                                                 
           "Rows Removed by Join Filter": 4964253,                                                                                                  
           "Shared Hit Blocks": 17,                                                                                                                 
           "Shared Read Blocks": 251253,                                                                                                            
           "Shared Dirtied Blocks": 0,                                                                                                              
           "Shared Written Blocks": 0,                                                                                                              
           "Local Hit Blocks": 0,                                                                                                                   
           "Local Read Blocks": 0,                                                                                                                  
           "Local Dirtied Blocks": 0,                                                                                                               
           "Local Written Blocks": 0,                                                                                                               
           "Temp Read Blocks": 0,                                                                                                                   
           "Temp Written Blocks": 0,                                                                                                                
           "Plans": [                                                                                                                               
             {                                                                                                                                      
               "Node Type": "Seq Scan",                                                                                                             
               "Parent Relationship": "Outer",                                                                                                      
               "Parallel Aware": false,                                                                                                             
               "Relation Name": "keyword",                                                                                                          
               "Alias": "k",                                                                                                                        
               "Startup Cost": 0.00,                                                                                                                
               "Total Cost": 39.04,                                                                                                                 
               "Plan Rows": 134170,                                                                                                                 
               "Plan Width": 4,                                                                                                                     
               "Actual Startup Time": 0.154,                                                                                                        
               "Actual Total Time": 39.253,                                                                                                         
               "Actual Rows": 134170,                                                                                                               
               "Actual Loops": 1,                                                                                                                   
               "Shared Hit Blocks": 2,                                                                                                              
               "Shared Read Blocks": 947,                                                                                                           
               "Shared Dirtied Blocks": 0,                                                                                                          
               "Shared Written Blocks": 0,                                                                                                          
               "Local Hit Blocks": 0,                                                                                                               
               "Local Read Blocks": 0,                                                                                                              
               "Local Dirtied Blocks": 0,                                                                                                           
               "Local Written Blocks": 0,                                                                                                           
               "Temp Read Blocks": 0,                                                                                                               
               "Temp Written Blocks": 0                                                                                                             
             },                                                                                                                                     
             {                                                                                                                                      
               "Node Type": "Materialize",                                                                                                          
               "Parent Relationship": "Inner",                                                                                                      
               "Parallel Aware": false,                                                                                                             
               "Startup Cost": 0.00,                                                                                                                
               "Total Cost": 13985.86,                                                                                                              
               "Plan Rows": 4,                                                                                                                      
               "Plan Width": 63,                                                                                                                    
               "Actual Startup Time": 0.138,                                                                                                        
               "Actual Total Time": 0.148,                                                                                                          
               "Actual Rows": 37,                                                                                                                   
               "Actual Loops": 134170,                                                                                                              
               "Shared Hit Blocks": 15,                                                                                                             
               "Shared Read Blocks": 250306,                                                                                                        
               "Shared Dirtied Blocks": 0,                                                                                                          
               "Shared Written Blocks": 0,                                                                                                          
               "Local Hit Blocks": 0,                                                                                                               
               "Local Read Blocks": 0,                                                                                                              
               "Local Dirtied Blocks": 0,                                                                                                           
               "Local Written Blocks": 0,                                                                                                           
               "Temp Read Blocks": 0,                                                                                                               
               "Temp Written Blocks": 0,                                                                                                            
               "Plans": [                                                                                                                           
                 {                                                                                                                                  
                   "Node Type": "Nested Loop",                                                                                                      
                   "Parent Relationship": "Outer",                                                                                                  
                   "Parallel Aware": false,                                                                                                         
                   "Join Type": "Inner",                                                                                                            
                   "Startup Cost": 0.00,                                                                                                            
                   "Total Cost": 13985.86,                                                                                                          
                   "Plan Rows": 4,                                                                                                                  
                   "Plan Width": 63,                                                                                                                
                   "Actual Startup Time": 18542.157,                                                                                                
                   "Actual Total Time": 19603.701,                                                                                                  
                   "Actual Rows": 37,                                                                                                               
                   "Actual Loops": 1,                                                                                                               
                   "Inner Unique": false,                                                                                                           
                   "Join Filter": "(t.id = mk.movie_id)",                                                                                           
                   "Rows Removed by Join Filter": 13571753,                                                                                         
                   "Shared Hit Blocks": 15,                                                                                                         
                   "Shared Read Blocks": 250306,                                                                                                    
                   "Shared Dirtied Blocks": 0,                                                                                                      
                   "Shared Written Blocks": 0,                                                                                                      
                   "Local Hit Blocks": 0,                                                                                                           
                   "Local Read Blocks": 0,                                                                                                          
                   "Local Dirtied Blocks": 0,                                                                                                       
                   "Local Written Blocks": 0,                                                                                                       
                   "Temp Read Blocks": 0,                                                                                                           
                   "Temp Written Blocks": 0,                                                                                                        
                   "Plans": [                                                                                                                       
                     {                                                                                                                              
                       "Node Type": "Seq Scan",                                                                                                     
                       "Parent Relationship": "Outer",                                                                                              
                       "Parallel Aware": false,                                                                                                     
                       "Relation Name": "movie_keyword",                                                                                            
                       "Alias": "mk",                                                                                                               
                       "Startup Cost": 0.00,                                                                                                        
                       "Total Cost": 1079.84,                                                                                                       
                       "Plan Rows": 4523930,                                                                                                        
                       "Plan Width": 8,                                                                                                             
                       "Actual Startup Time": 0.015,                                                                                                
                       "Actual Total Time": 492.671,                                                                                                
                       "Actual Rows": 4523930,                                                                                                      
                       "Actual Loops": 1,                                                                                                           
                       "Shared Hit Blocks": 3,                                                                                                      
                       "Shared Read Blocks": 24451,                                                                                                 
                       "Shared Dirtied Blocks": 0,                                                                                                  
                       "Shared Written Blocks": 0,                                                                                                  
                       "Local Hit Blocks": 0,                                                                                                       
                       "Local Read Blocks": 0,                                                                                                      
                       "Local Dirtied Blocks": 0,                                                                                                   
                       "Local Written Blocks": 0,                                                                                                   
                       "Temp Read Blocks": 0,                                                                                                       
                       "Temp Written Blocks": 0                                                                                                     
                     },                                                                                                                             
                     {                                                                                                                              
                       "Node Type": "Materialize",                                                                                                  
                       "Parent Relationship": "Inner",                                                                                              
                       "Parallel Aware": false,                                                                                                     
                       "Startup Cost": 0.00,                                                                                                        
                       "Total Cost": 11890.75,                                                                                                      
                       "Plan Rows": 1,                                                                                                              
                       "Plan Width": 75,                                                                                                            
                       "Actual Startup Time": 0.003,                                                                                                
                       "Actual Total Time": 0.004,                                                                                                  
                       "Actual Rows": 3,                                                                                                            
                       "Actual Loops": 4523930,                                                                                                     
                       "Shared Hit Blocks": 12,                                                                                                     
                       "Shared Read Blocks": 225855,                                                                                                
                       "Shared Dirtied Blocks": 0,                                                                                                  
                       "Shared Written Blocks": 0,                                                                                                  
                       "Local Hit Blocks": 0,                                                                                                       
                       "Local Read Blocks": 0,                                                                                                      
                       "Local Dirtied Blocks": 0,                                                                                                   
                       "Local Written Blocks": 0,                                                                                                   
                       "Temp Read Blocks": 0,                                                                                                       
                       "Temp Written Blocks": 0,                                                                                                    
                       "Plans": [                                                                                                                   
                         {                                                                                                                          
                           "Node Type": "Nested Loop",                                                                                              
                           "Parent Relationship": "Outer",                                                                                          
                           "Parallel Aware": false,                                                                                                 
                           "Join Type": "Inner",                                                                                                    
                           "Startup Cost": 0.00,                                                                                                    
                           "Total Cost": 11890.75,                                                                                                  
                           "Plan Rows": 1,                                                                                                          
                           "Plan Width": 75,                                                                                                        
                           "Actual Startup Time": 15268.481,                                                                                        
                           "Actual Total Time": 15830.427,                                                                                          
                           "Actual Rows": 3,                                                                                                        
                           "Actual Loops": 1,                                                                                                       
                           "Inner Unique": false,                                                                                                   
                           "Join Filter": "(at.movie_id = t.id)",                                                                                   
                           "Rows Removed by Join Filter": 2148774,                                                                                  
                           "Shared Hit Blocks": 12,                                                                                                 
                           "Shared Read Blocks": 225855,                                                                                            
                           "Shared Dirtied Blocks": 0,                                                                                              
                           "Shared Written Blocks": 0,                                                                                              
                           "Local Hit Blocks": 0,                                                                                                   
                           "Local Read Blocks": 0,                                                                                                  
                           "Local Dirtied Blocks": 0,                                                                                               
                           "Local Written Blocks": 0,                                                                                               
                           "Temp Read Blocks": 0,                                                                                                   
                           "Temp Written Blocks": 0,                                                                                                
                           "Plans": [                                                                                                               
                             {                                                                                                                      
                               "Node Type": "Seq Scan",                                                                                             
                               "Parent Relationship": "Outer",                                                                                      
                               "Parallel Aware": false,                                                                                             
                               "Relation Name": "title",                                                                                            
                               "Alias": "t",                                                                                                        
                               "Startup Cost": 0.00,                                                                                                
                               "Total Cost": 1696.56,                                                                                               
                               "Plan Rows": 716259,                                                                                                 
                               "Plan Width": 21,                                                                                                    
                               "Actual Startup Time": 15.428,                                                                                       
                               "Actual Total Time": 1068.245,                                                                                       
                               "Actual Rows": 716259,                                                                                               
                               "Actual Loops": 1,                                                                                                   
                               "Filter": "((production_year >= 2005) AND (production_year <= 2010))",                                               
                               "Rows Removed by Filter": 1812053,                                                                                   
                               "Shared Hit Blocks": 1,                                                                                              
                               "Shared Read Blocks": 35997,                                                                                         
                               "Shared Dirtied Blocks": 0,                                                                                          
                               "Shared Written Blocks": 0,                                                                                          
                               "Local Hit Blocks": 0,                                                                                               
                               "Local Read Blocks": 0,                                                                                              
                               "Local Dirtied Blocks": 0,                                                                                           
                               "Local Written Blocks": 0,                                                                                           
                               "Temp Read Blocks": 0,                                                                                               
                               "Temp Written Blocks": 0                                                                                             
                             },                                                                                                                     
                             {                                                                                                                      
                               "Node Type": "Materialize",                                                                                          
                               "Parent Relationship": "Inner",                                                                                      
                               "Parallel Aware": false,                                                                                             
                               "Startup Cost": 0.00,                                                                                                
                               "Total Cost": 10033.45,                                                                                              
                               "Plan Rows": 1,                                                                                                      
                               "Plan Width": 54,                                                                                                    
                               "Actual Startup Time": 0.014,                                                                                        
                               "Actual Total Time": 0.020,                                                                                          
                               "Actual Rows": 3,                                                                                                    
                               "Actual Loops": 716259,                                                                                              
                               "Shared Hit Blocks": 11,                                                                                             
                               "Shared Read Blocks": 189858,                                                                                        
                               "Shared Dirtied Blocks": 0,                                                                                          
                               "Shared Written Blocks": 0,                                                                                          
                               "Local Hit Blocks": 0,                                                                                               
                               "Local Read Blocks": 0,                                                                                              
                               "Local Dirtied Blocks": 0,                                                                                           
                               "Local Written Blocks": 0,                                                                                           
                               "Temp Read Blocks": 0,                                                                                               
                               "Temp Written Blocks": 0,                                                                                            
                               "Plans": [                                                                                                           
                                 {                                                                                                                  
                                   "Node Type": "Nested Loop",                                                                                      
                                   "Parent Relationship": "Outer",                                                                                  
                                   "Parallel Aware": false,                                                                                         
                                   "Join Type": "Inner",                                                                                            
                                   "Startup Cost": 0.00,                                                                                            
                                   "Total Cost": 10033.45,                                                                                          
                                   "Plan Rows": 1,                                                                                                  
                                   "Plan Width": 54,                                                                                                
                                   "Actual Startup Time": 10179.218,                                                                                
                                   "Actual Total Time": 14095.103,                                                                                  
                                   "Actual Rows": 3,                                                                                                
                                   "Actual Loops": 1,                                                                                               
                                   "Inner Unique": false,                                                                                           
                                   "Join Filter": "(mc.company_type_id = ct.id)",                                                                   
                                   "Rows Removed by Join Filter": 9,                                                                                
                                   "Shared Hit Blocks": 11,                                                                                         
                                   "Shared Read Blocks": 189858,                                                                                    
                                   "Shared Dirtied Blocks": 0,                                                                                      
                                   "Shared Written Blocks": 0,                                                                                      
                                   "Local Hit Blocks": 0,                                                                                           
                                   "Local Read Blocks": 0,                                                                                          
                                   "Local Dirtied Blocks": 0,                                                                                       
                                   "Local Written Blocks": 0,                                                                                       
                                   "Temp Read Blocks": 0,                                                                                           
                                   "Temp Written Blocks": 0,                                                                                        
                                   "Plans": [                                                                                                       
                                     {                                                                                                              
                                       "Node Type": "Seq Scan",                                                                                     
                                       "Parent Relationship": "Outer",                                                                              
                                       "Parallel Aware": false,                                                                                     
                                       "Relation Name": "company_type",                                                                             
                                       "Alias": "ct",                                                                                               
                                       "Startup Cost": 0.00,                                                                                        
                                       "Total Cost": 0.03,                                                                                          
                                       "Plan Rows": 4,                                                                                              
                                       "Plan Width": 4,                                                                                             
                                       "Actual Startup Time": 0.009,                                                                                
                                       "Actual Total Time": 0.011,                                                                                  
                                       "Actual Rows": 4,                                                                                            
                                       "Actual Loops": 1,                                                                                           
                                       "Shared Hit Blocks": 1,                                                                                      
                                       "Shared Read Blocks": 0,                                                                                     
                                       "Shared Dirtied Blocks": 0,                                                                                  
                                       "Shared Written Blocks": 0,                                                                                  
                                       "Local Hit Blocks": 0,                                                                                       
                                       "Local Read Blocks": 0,                                                                                      
                                       "Local Dirtied Blocks": 0,                                                                                   
                                       "Local Written Blocks": 0,                                                                                   
                                       "Temp Read Blocks": 0,                                                                                       
                                       "Temp Written Blocks": 0                                                                                     
                                     },                                                                                                             
                                     {                                                                                                              
                                       "Node Type": "Materialize",                                                                                  
                                       "Parent Relationship": "Inner",                                                                              
                                       "Parallel Aware": false,                                                                                     
                                       "Startup Cost": 0.00,                                                                                        
                                       "Total Cost": 10033.42,                                                                                      
                                       "Plan Rows": 1,                                                                                              
                                       "Plan Width": 58,                                                                                            
                                       "Actual Startup Time": 2544.801,                                                                             
                                       "Actual Total Time": 3523.771,                                                                               
                                       "Actual Rows": 3,                                                                                            
                                       "Actual Loops": 4,                                                                                           
                                       "Shared Hit Blocks": 10,                                                                                     
                                       "Shared Read Blocks": 189858,                                                                                
                                       "Shared Dirtied Blocks": 0,                                                                                  
                                       "Shared Written Blocks": 0,                                                                                  
                                       "Local Hit Blocks": 0,                                                                                       
                                       "Local Read Blocks": 0,                                                                                      
                                       "Local Dirtied Blocks": 0,                                                                                   
                                       "Local Written Blocks": 0,                                                                                   
                                       "Temp Read Blocks": 0,                                                                                       
                                       "Temp Written Blocks": 0,                                                                                    
                                       "Plans": [                                                                                                   
                                         {                                                                                                          
                                           "Node Type": "Nested Loop",                                                                              
                                           "Parent Relationship": "Outer",                                                                          
                                           "Parallel Aware": false,                                                                                 
                                           "Join Type": "Inner",                                                                                    
                                           "Startup Cost": 0.00,                                                                                    
                                           "Total Cost": 10033.42,                                                                                  
                                           "Plan Rows": 1,                                                                                          
                                           "Plan Width": 58,                                                                                        
                                           "Actual Startup Time": 10179.195,                                                                        
                                           "Actual Total Time": 14095.067,                                                                          
                                           "Actual Rows": 3,                                                                                        
                                           "Actual Loops": 1,                                                                                       
                                           "Inner Unique": false,                                                                                   
                                           "Join Filter": "(mi.movie_id = at.movie_id)",                                                            
                                           "Rows Removed by Join Filter": 27110397,                                                                 
                                           "Shared Hit Blocks": 10,                                                                                 
                                           "Shared Read Blocks": 189858,                                                                            
                                           "Shared Dirtied Blocks": 0,                                                                              
                                           "Shared Written Blocks": 0,                                                                              
                                           "Local Hit Blocks": 0,                                                                                   
                                           "Local Read Blocks": 0,                                                                                  
                                           "Local Dirtied Blocks": 0,                                                                               
                                           "Local Written Blocks": 0,                                                                               
                                           "Temp Read Blocks": 0,                                                                                   
                                           "Temp Written Blocks": 0,                                                                                
                                           "Plans": [                                                                                               
                                             {                                                                                                      
                                               "Node Type": "Seq Scan",                                                                             
                                               "Parent Relationship": "Outer",                                                                      
                                               "Parallel Aware": false,                                                                             
                                               "Relation Name": "aka_title",                                                                        
                                               "Alias": "at",                                                                                       
                                               "Startup Cost": 0.00,                                                                                
                                               "Total Cost": 219.22,                                                                                
                                               "Plan Rows": 361472,                                                                                 
                                               "Plan Width": 4,                                                                                     
                                               "Actual Startup Time": 6.902,                                                                        
                                               "Actual Total Time": 111.801,                                                                        
                                               "Actual Rows": 361472,                                                                               
                                               "Actual Loops": 1,                                                                                   
                                               "Shared Hit Blocks": 2,                                                                              
                                               "Shared Read Blocks": 6190,                                                                          
                                               "Shared Dirtied Blocks": 0,                                                                          
                                               "Shared Written Blocks": 0,                                                                          
                                               "Local Hit Blocks": 0,                                                                               
                                               "Local Read Blocks": 0,                                                                              
                                               "Local Dirtied Blocks": 0,                                                                           
                                               "Local Written Blocks": 0,                                                                           
                                               "Temp Read Blocks": 0,                                                                               
                                               "Temp Written Blocks": 0                                                                             
                                             },                                                                                                     
                                             {                                                                                                      
                                               "Node Type": "Materialize",                                                                          
                                               "Parent Relationship": "Inner",                                                                      
                                               "Parallel Aware": false,                                                                             
                                               "Startup Cost": 0.00,                                                                                
                                               "Total Cost": 9733.08,                                                                               
                                               "Plan Rows": 1,                                                                                      
                                               "Plan Width": 54,                                                                                    
                                               "Actual Startup Time": 0.007,                                                                        
                                               "Actual Total Time": 0.030,                                                                          
                                               "Actual Rows": 75,                                                                                   
                                               "Actual Loops": 361472,                                                                              
                                               "Shared Hit Blocks": 8,                                                                              
                                               "Shared Read Blocks": 183668,                                                                        
                                               "Shared Dirtied Blocks": 0,                                                                          
                                               "Shared Written Blocks": 0,                                                                          
                                               "Local Hit Blocks": 0,                                                                               
                                               "Local Read Blocks": 0,                                                                              
                                               "Local Dirtied Blocks": 0,                                                                           
                                               "Local Written Blocks": 0,                                                                           
                                               "Temp Read Blocks": 0,                                                                               
                                               "Temp Written Blocks": 0,                                                                            
                                               "Plans": [                                                                                           
                                                 {                                                                                                  
                                                   "Node Type": "Nested Loop",                                                                      
                                                   "Parent Relationship": "Outer",                                                                  
                                                   "Parallel Aware": false,                                                                         
                                                   "Join Type": "Inner",                                                                            
                                                   "Startup Cost": 0.00,                                                                            
                                                   "Total Cost": 9733.08,                                                                           
                                                   "Plan Rows": 1,                                                                                  
                                                   "Plan Width": 54,                                                                                
                                                   "Actual Startup Time": 2551.444,                                                                 
                                                   "Actual Total Time": 9667.600,                                                                   
                                                   "Actual Rows": 75,                                                                               
                                                   "Actual Loops": 1,                                                                               
                                                   "Inner Unique": false,                                                                           
                                                   "Join Filter": "(mc.movie_id = mi.movie_id)",                                                    
                                                   "Rows Removed by Join Filter": 492263,                                                           
                                                   "Shared Hit Blocks": 8,                                                                          
                                                   "Shared Read Blocks": 183668,                                                                    
                                                   "Shared Dirtied Blocks": 0,                                                                      
                                                   "Shared Written Blocks": 0,                                                                      
                                                   "Local Hit Blocks": 0,                                                                           
                                                   "Local Read Blocks": 0,                                                                          
                                                   "Local Dirtied Blocks": 0,                                                                       
                                                   "Local Written Blocks": 0,                                                                       
                                                   "Temp Read Blocks": 0,                                                                           
                                                   "Temp Written Blocks": 0,                                                                        
                                                   "Plans": [                                                                                       
                                                     {                                                                                              
                                                       "Node Type": "Nested Loop",                                                                  
                                                       "Parent Relationship": "Outer",                                                              
                                                       "Parallel Aware": false,                                                                     
                                                       "Join Type": "Inner",                                                                        
                                                       "Startup Cost": 0.00,                                                                        
                                                       "Total Cost": 8407.62,                                                                       
                                                       "Plan Rows": 2,                                                                              
                                                       "Plan Width": 46,                                                                            
                                                       "Actual Startup Time": 1503.586,                                                             
                                                       "Actual Total Time": 8523.215,                                                               
                                                       "Actual Rows": 1771,                                                                         
                                                       "Actual Loops": 1,                                                                           
                                                       "Inner Unique": true,                                                                        
                                                       "Join Filter": "(it.id = mi.info_type_id)",                                                 
                                                       "Rows Removed by Join Filter": 0,                                                            
                                                       "Shared Hit Blocks": 3,                                                                      
                                                       "Shared Read Blocks": 161890,                                                                
                                                       "Shared Dirtied Blocks": 0,                                                                  
                                                       "Shared Written Blocks": 0,                                                                  
                                                       "Local Hit Blocks": 0,                                                                       
                                                       "Local Read Blocks": 0,                                                                      
                                                       "Local Dirtied Blocks": 0,                                                                   
                                                       "Local Written Blocks": 0,                                                                   
                                                       "Temp Read Blocks": 0,                                                                       
                                                       "Temp Written Blocks": 0,                                                                    
                                                       "Plans": [                                                                                   
                                                         {                                                                                          
                                                           "Node Type": "Seq Scan",                                                                 
                                                           "Parent Relationship": "Outer",                                                          
                                                           "Parallel Aware": false,                                                                 
                                                           "Relation Name": "movie_info",                                                           
                                                           "Alias": "mi",                                                                           
                                                           "Startup Cost": 0.00,                                                                    
                                                           "Total Cost": 8407.52,                                                                   
                                                           "Plan Rows": 260,                                                                        
                                                           "Plan Width": 50,                                                                        
                                                           "Actual Startup Time": 1503.551,                                                         
                                                           "Actual Total Time": 8521.780,                                                           
                                                           "Actual Rows": 1771,                                                                     
                                                           "Actual Loops": 1,                                                                       
                                                           "Filter": "((note ~~ '%internet%'::text) AND (info ~~ 'USA:% 200%'::text))",             
                                                           "Rows Removed by Filter": 14833949,                                                      
                                                           "Shared Hit Blocks": 2,                                                                  
                                                           "Shared Read Blocks": 161890,                                                            
                                                           "Shared Dirtied Blocks": 0,                                                              
                                                           "Shared Written Blocks": 0,                                                              
                                                           "Local Hit Blocks": 0,                                                                   
                                                           "Local Read Blocks": 0,                                                                  
                                                           "Local Dirtied Blocks": 0,                                                               
                                                           "Local Written Blocks": 0,                                                               
                                                           "Temp Read Blocks": 0,                                                                   
                                                           "Temp Written Blocks": 0                                                                 
                                                         },                                                                                         
                                                         {                                                                                          
                                                           "Node Type": "Materialize",                                                              
                                                           "Parent Relationship": "Inner",                                                          
                                                           "Parallel Aware": false,                                                                 
                                                           "Startup Cost": 0.00,                                                                    
                                                           "Total Cost": 0.05,                                                                      
                                                           "Plan Rows": 1,                                                                          
                                                           "Plan Width": 4,                                                                         
                                                           "Actual Startup Time": 0.000,                                                            
                                                           "Actual Total Time": 0.000,                                                              
                                                           "Actual Rows": 1,                                                                        
                                                           "Actual Loops": 1771,                                                                    
                                                           "Shared Hit Blocks": 1,                                                                  
                                                           "Shared Read Blocks": 0,                                                                 
                                                           "Shared Dirtied Blocks": 0,                                                              
                                                           "Shared Written Blocks": 0,                                                              
                                                           "Local Hit Blocks": 0,                                                                   
                                                           "Local Read Blocks": 0,                                                                  
                                                           "Local Dirtied Blocks": 0,                                                               
                                                           "Local Written Blocks": 0,                                                               
                                                           "Temp Read Blocks": 0,                                                                   
                                                           "Temp Written Blocks": 0,                                                                
                                                           "Plans": [                                                                               
                                                             {                                                                                      
                                                               "Node Type": "Seq Scan",                                                             
                                                               "Parent Relationship": "Outer",                                                      
                                                               "Parallel Aware": false,                                                             
                                                               "Relation Name": "info_type",                                                        
                                                               "Alias": "it",                                                                      
                                                               "Startup Cost": 0.00,                                                                
                                                               "Total Cost": 0.05,                                                                  
                                                               "Plan Rows": 1,                                                                      
                                                               "Plan Width": 4,                                                                     
                                                               "Actual Startup Time": 0.019,                                                        
                                                               "Actual Total Time": 0.019,                                                          
                                                               "Actual Rows": 1,                                                                    
                                                               "Actual Loops": 1,                                                                   
                                                               "Filter": "((info)::text = 'release dates'::text)",                                  
                                                               "Rows Removed by Filter": 15,                                                        
                                                               "Shared Hit Blocks": 1,                                                              
                                                               "Shared Read Blocks": 0,                                                             
                                                               "Shared Dirtied Blocks": 0,                                                          
                                                               "Shared Written Blocks": 0,                                                          
                                                               "Local Hit Blocks": 0,                                                               
                                                               "Local Read Blocks": 0,                                                              
                                                               "Local Dirtied Blocks": 0,                                                           
                                                               "Local Written Blocks": 0,                                                           
                                                               "Temp Read Blocks": 0,                                                               
                                                               "Temp Written Blocks": 0                                                             
                                                             }                                                                                      
                                                           ]                                                                                        
                                                         }                                                                                          
                                                       ]                                                                                            
                                                     },                                                                                             
                                                     {                                                                                              
                                                       "Node Type": "Materialize",                                                                  
                                                       "Parent Relationship": "Inner",                                                              
                                                       "Parallel Aware": false,                                                                     
                                                       "Startup Cost": 0.00,                                                                        
                                                       "Total Cost": 1325.45,                                                                       
                                                       "Plan Rows": 1,                                                                              
                                                       "Plan Width": 8,                                                                             
                                                       "Actual Startup Time": 0.084,                                                                
                                                       "Actual Total Time": 0.603,                                                                  
                                                       "Actual Rows": 278,                                                                          
                                                       "Actual Loops": 1771,                                                                        
                                                       "Shared Hit Blocks": 5,                                                                      
                                                       "Shared Read Blocks": 21778,                                                                 
                                                       "Shared Dirtied Blocks": 0,                                                                  
                                                       "Shared Written Blocks": 0,                                                                  
                                                       "Local Hit Blocks": 0,                                                                       
                                                       "Local Read Blocks": 0,                                                                      
                                                       "Local Dirtied Blocks": 0,                                                                   
                                                       "Local Written Blocks": 0,                                                                   
                                                       "Temp Read Blocks": 0,                                                                       
                                                       "Temp Written Blocks": 0,                                                                    
                                                       "Plans": [                                                                                   
                                                         {                                                                                          
                                                           "Node Type": "Nested Loop",                                                              
                                                           "Parent Relationship": "Outer",                                                          
                                                           "Parallel Aware": false,                                                                 
                                                           "Join Type": "Inner",                                                                    
                                                           "Startup Cost": 0.00,                                                                    
                                                           "Total Cost": 1325.45,                                                                   
                                                           "Plan Rows": 1,                                                                          
                                                           "Plan Width": 8,                                                                         
                                                           "Actual Startup Time": 148.459,                                                          
                                                           "Actual Total Time": 1032.909,                                                           
                                                           "Actual Rows": 278,                                                                      
                                                           "Actual Loops": 1,                                                                       
                                                           "Inner Unique": true,                                                                    
                                                           "Join Filter": "(cn.id = mc.company_id)",                                                
                                                           "Rows Removed by Join Filter": 61386,                                                    
                                                           "Shared Hit Blocks": 5,                                                                  
                                                           "Shared Read Blocks": 21778,                                                             
                                                           "Shared Dirtied Blocks": 0,                                                              
                                                           "Shared Written Blocks": 0,                                                              
                                                           "Local Hit Blocks": 0,                                                                   
                                                           "Local Read Blocks": 0,                                                                  
                                                           "Local Dirtied Blocks": 0,                                                               
                                                           "Local Written Blocks": 0,                                                               
                                                           "Temp Read Blocks": 0,                                                                   
                                                           "Temp Written Blocks": 0,                                                                
                                                           "Plans": [                                                                               
                                                             {                                                                                      
                                                               "Node Type": "Seq Scan",                                                             
                                                               "Parent Relationship": "Outer",                                                      
                                                               "Parallel Aware": false,                                                             
                                                               "Relation Name": "movie_companies",                                                  
                                                               "Alias": "mc",                                                                       
                                                               "Startup Cost": 0.00,                                                                
                                                               "Total Cost": 1174.90,                                                               
                                                               "Plan Rows": 17389,                                                                  
                                                               "Plan Width": 12,                                                                    
                                                               "Actual Startup Time": 0.011,                                                        
                                                               "Actual Total Time": 863.628,                                                        
                                                               "Actual Rows": 61664,                                                                
                                                               "Actual Loops": 1,                                                                   
                                                               "Filter": "((note ~~ '%(200%)%'::text) AND (note ~~ '%(worldwide)%'::text))",        
                                                               "Rows Removed by Filter": 2547465,                                                   
                                                               "Shared Hit Blocks": 3,                                                              
                                                               "Shared Read Blocks": 18786,                                                         
                                                               "Shared Dirtied Blocks": 0,                                                          
                                                               "Shared Written Blocks": 0,                                                          
                                                               "Local Hit Blocks": 0,                                                               
                                                               "Local Read Blocks": 0,                                                              
                                                               "Local Dirtied Blocks": 0,                                                           
                                                               "Local Written Blocks": 0,                                                           
                                                               "Temp Read Blocks": 0,                                                               
                                                               "Temp Written Blocks": 0                                                             
                                                             },                                                                                     
                                                             {                                                                                      
                                                               "Node Type": "Materialize",                                                          
                                                               "Parent Relationship": "Inner",                                                      
                                                               "Parallel Aware": false,                                                             
                                                               "Startup Cost": 0.00,                                                                
                                                               "Total Cost": 146.65,                                                                
                                                               "Plan Rows": 1,                                                                      
                                                               "Plan Width": 4,                                                                     
                                                               "Actual Startup Time": 0.000,                                                        
                                                               "Actual Total Time": 0.002,                                                          
                                                               "Actual Rows": 1,                                                                    
                                                               "Actual Loops": 61664,                                                               
                                                               "Shared Hit Blocks": 2,                                                              
                                                               "Shared Read Blocks": 2992,                                                          
                                                               "Shared Dirtied Blocks": 0,                                                          
                                                               "Shared Written Blocks": 0,                                                          
                                                               "Local Hit Blocks": 0,                                                               
                                                               "Local Read Blocks": 0,                                                              
                                                               "Local Dirtied Blocks": 0,                                                           
                                                               "Local Written Blocks": 0,                                                           
                                                               "Temp Read Blocks": 0,                                                               
                                                               "Temp Written Blocks": 0,                                                            
                                                               "Plans": [                                                                           
                                                                 {                                                                                  
                                                                   "Node Type": "Seq Scan",                                                         
                                                                   "Parent Relationship": "Outer",                                                  
                                                                   "Parallel Aware": false,                                                         
                                                                   "Relation Name": "company_name",                                                 
                                                                   "Alias": "cn",                                                                   
                                                                   "Startup Cost": 0.00,                                                            
                                                                   "Total Cost": 146.65,                                                            
                                                                   "Plan Rows": 1,                                                                  
                                                                   "Plan Width": 4,                                                                 
                                                                   "Actual Startup Time": 25.726,                                                   
                                                                   "Actual Total Time": 142.006,                                                    
                                                                   "Actual Rows": 1,                                                                
                                                                   "Actual Loops": 1,                                                               
                                                                   "Filter": "(((country_code)::text = '[us]'::text) AND (name = 'YouTube'::text))",
                                                                   "Rows Removed by Filter": 234996,                                                
                                                                   "Shared Hit Blocks": 2,                                                          
                                                                   "Shared Read Blocks": 2992,                                                      
                                                                   "Shared Dirtied Blocks": 0,                                                      
                                                                   "Shared Written Blocks": 0,                                                      
                                                                   "Local Hit Blocks": 0,                                                           
                                                                   "Local Read Blocks": 0,                                                          
                                                                   "Local Dirtied Blocks": 0,                                                       
                                                                   "Local Written Blocks": 0,                                                       
                                                                   "Temp Read Blocks": 0,                                                           
                                                                   "Temp Written Blocks": 0                                                         
                                                                 }                                                                                  
                                                               ]                                                                                    
                                                             }                                                                                      
                                                           ]                                                                                        
                                                         }                                                                                          
                                                       ]                                                                                            
                                                     }                                                                                              
                                                   ]                                                                                                
                                                 }                                                                                                  
                                               ]                                                                                                    
                                             }                                                                                                      
                                           ]                                                                                                        
                                         }                                                                                                          
                                       ]                                                                                                            
                                     }                                                                                                              
                                   ]                                                                                                                
                                 }                                                                                                                  
                               ]                                                                                                                    
                             }                                                                                                                      
                           ]                                                                                                                        
                         }                                                                                                                          
                       ]                                                                                                                            
                     }                                                                                                                              
                   ]                                                                                                                                
                 }                                                                                                                                  
               ]                                                                                                                                    
             }                                                                                                                                      
           ]                                                                                                                                        
         }                                                                                                                                          
       ]                                                                                                                                            
     },                                                                                                                                             
     "Planning Time": 9266.858,                                                                                                                     
     "Triggers": [                                                                                                                                  
     ],                                                                                                                                             
     "Execution Time": 20404.920                                                                                                                    
   }                                                                                                                                                
 ]
