 [                                                                                                                
   {                                                                                                              
     "Plan": {                                                                                                    
       "Node Type": "Aggregate",                                                                                  
       "Strategy": "Plain",                                                                                       
       "Partial Mode": "Simple",                                                                                  
       "Parallel Aware": false,                                                                                   
       "Startup Cost": 43870.64,                                                                                  
       "Total Cost": 43870.64,                                                                                    
       "Plan Rows": 1,                                                                                            
       "Plan Width": 64,                                                                                          
       "Actual Startup Time": 16693.969,                                                                          
       "Actual Total Time": 16693.969,                                                                            
       "Actual Rows": 1,                                                                                          
       "Actual Loops": 1,                                                                                         
       "Shared Hit Blocks": 21,                                                                                   
       "Shared Read Blocks": 251253,                                                                              
       "Shared Dirtied Blocks": 0,                                                                                
       "Shared Written Blocks": 0,                                                                                
       "Local Hit Blocks": 0,                                                                                     
       "Local Read Blocks": 0,                                                                                    
       "Local Dirtied Blocks": 0,                                                                                 
       "Local Written Blocks": 0,                                                                                 
       "Temp Read Blocks": 0,                                                                                     
       "Temp Written Blocks": 0,                                                                                  
       "Plans": [                                                                                                 
         {                                                                                                        
           "Node Type": "Merge Join",                                                                             
           "Parent Relationship": "Outer",                                                                        
           "Parallel Aware": false,                                                                               
           "Join Type": "Inner",                                                                                  
           "Startup Cost": 43849.65,                                                                              
           "Total Cost": 43870.57,                                                                                
           "Plan Rows": 414,                                                                                      
           "Plan Width": 38,                                                                                      
           "Actual Startup Time": 16616.479,                                                                      
           "Actual Total Time": 16661.239,                                                                        
           "Actual Rows": 11347,                                                                                  
           "Actual Loops": 1,                                                                                     
           "Inner Unique": true,                                                                                  
           "Merge Cond": "(mk.keyword_id = k.id)",                                                                
           "Shared Hit Blocks": 21,                                                                               
           "Shared Read Blocks": 251253,                                                                          
           "Shared Dirtied Blocks": 0,                                                                            
           "Shared Written Blocks": 0,                                                                            
           "Local Hit Blocks": 0,                                                                                 
           "Local Read Blocks": 0,                                                                                
           "Local Dirtied Blocks": 0,                                                                             
           "Local Written Blocks": 0,                                                                             
           "Temp Read Blocks": 0,                                                                                 
           "Temp Written Blocks": 0,                                                                              
           "Plans": [                                                                                             
             {                                                                                                    
               "Node Type": "Sort",                                                                               
               "Parent Relationship": "Outer",                                                                    
               "Parallel Aware": false,                                                                           
               "Startup Cost": 43455.72,                                                                          
               "Total Cost": 43455.76,                                                                            
               "Plan Rows": 414,                                                                                  
               "Plan Width": 42,                                                                                  
               "Actual Startup Time": 16452.727,                                                                  
               "Actual Total Time": 16455.315,                                                                    
               "Actual Rows": 11347,                                                                              
               "Actual Loops": 1,                                                                                 
               "Sort Key": ["mk.keyword_id"],                                                                     
               "Sort Method": "quicksort",                                                                        
               "Sort Space Used": 1617,                                                                           
               "Sort Space Type": "Memory",                                                                       
               "Shared Hit Blocks": 19,                                                                           
               "Shared Read Blocks": 250306,                                                                      
               "Shared Dirtied Blocks": 0,                                                                        
               "Shared Written Blocks": 0,                                                                        
               "Local Hit Blocks": 0,                                                                             
               "Local Read Blocks": 0,                                                                            
               "Local Dirtied Blocks": 0,                                                                         
               "Local Written Blocks": 0,                                                                         
               "Temp Read Blocks": 0,                                                                             
               "Temp Written Blocks": 0,                                                                          
               "Plans": [                                                                                         
                 {                                                                                                
                   "Node Type": "Merge Join",                                                                     
                   "Parent Relationship": "Outer",                                                                
                   "Parallel Aware": false,                                                                       
                   "Join Type": "Inner",                                                                          
                   "Startup Cost": 42425.90,                                                                      
                   "Total Cost": 43455.16,                                                                        
                   "Plan Rows": 414,                                                                              
                   "Plan Width": 42,                                                                              
                   "Actual Startup Time": 15155.758,                                                              
                   "Actual Total Time": 16431.261,                                                                
                   "Actual Rows": 11347,                                                                          
                   "Actual Loops": 1,                                                                             
                   "Inner Unique": false,                                                                         
                   "Merge Cond": "(t.id = at.movie_id)",                                                          
                   "Shared Hit Blocks": 15,                                                                       
                   "Shared Read Blocks": 250306,                                                                  
                   "Shared Dirtied Blocks": 0,                                                                    
                   "Shared Written Blocks": 0,                                                                    
                   "Local Hit Blocks": 0,                                                                         
                   "Local Read Blocks": 0,                                                                        
                   "Local Dirtied Blocks": 0,                                                                     
                   "Local Written Blocks": 0,                                                                     
                   "Temp Read Blocks": 0,                                                                         
                   "Temp Written Blocks": 0,                                                                      
                   "Plans": [                                                                                     
                     {                                                                                            
                       "Node Type": "Merge Join",                                                                 
                       "Parent Relationship": "Outer",                                                            
                       "Parallel Aware": false,                                                                   
                       "Join Type": "Inner",                                                                      
                       "Startup Cost": 41170.32,                                                                  
                       "Total Cost": 42144.33,                                                                    
                       "Plan Rows": 1036,                                                                         
                       "Plan Width": 37,                                                                          
                       "Actual Startup Time": 14758.159,                                                          
                       "Actual Total Time": 15929.795,                                                            
                       "Actual Rows": 25564,                                                                      
                       "Actual Loops": 1,                                                                         
                       "Inner Unique": false,                                                                     
                       "Merge Cond": "(t.id = mk.movie_id)",                                                      
                       "Shared Hit Blocks": 13,                                                                   
                       "Shared Read Blocks": 244116,                                                              
                       "Shared Dirtied Blocks": 0,                                                                
                       "Shared Written Blocks": 0,                                                                
                       "Local Hit Blocks": 0,                                                                     
                       "Local Read Blocks": 0,                                                                    
                       "Local Dirtied Blocks": 0,                                                                 
                       "Local Written Blocks": 0,                                                                 
                       "Temp Read Blocks": 0,                                                                     
                       "Temp Written Blocks": 0,                                                                  
                       "Plans": [                                                                                 
                         {                                                                                        
                           "Node Type": "Nested Loop",                                                            
                           "Parent Relationship": "Outer",                                                        
                           "Parallel Aware": false,                                                               
                           "Join Type": "Inner",                                                                  
                           "Startup Cost": 24559.40,                                                              
                           "Total Cost": 24830.91,                                                                
                           "Plan Rows": 88,                                                                       
                           "Plan Width": 29,                                                                      
                           "Actual Startup Time": 12654.931,                                                      
                           "Actual Total Time": 13130.199,                                                        
                           "Actual Rows": 9857,                                                                   
                           "Actual Loops": 1,                                                                     
                           "Inner Unique": true,                                                                  
                           "Join Filter": "(mc.company_type_id = ct.id)",                                         
                           "Rows Removed by Join Filter": 5914,                                                   
                           "Shared Hit Blocks": 10,                                                               
                           "Shared Read Blocks": 219665,                                                          
                           "Shared Dirtied Blocks": 0,                                                            
                           "Shared Written Blocks": 0,                                                            
                           "Local Hit Blocks": 0,                                                                 
                           "Local Read Blocks": 0,                                                                
                           "Local Dirtied Blocks": 0,                                                             
                           "Local Written Blocks": 0,                                                             
                           "Temp Read Blocks": 0,                                                                 
                           "Temp Written Blocks": 0,                                                              
                           "Plans": [                                                                             
                             {                                                                                    
                               "Node Type": "Merge Join",                                                         
                               "Parent Relationship": "Outer",                                                    
                               "Parallel Aware": false,                                                           
                               "Join Type": "Inner",                                                              
                               "Startup Cost": 24559.40,                                                          
                               "Total Cost": 24830.81,                                                            
                               "Plan Rows": 88,                                                                   
                               "Plan Width": 33,                                                                  
                               "Actual Startup Time": 12654.910,                                                  
                               "Actual Total Time": 13125.651,                                                    
                               "Actual Rows": 9857,                                                               
                               "Actual Loops": 1,                                                                 
                               "Inner Unique": true,                                                              
                               "Merge Cond": "(mi.movie_id = t.id)",                                              
                               "Shared Hit Blocks": 9,                                                            
                               "Shared Read Blocks": 219665,                                                      
                               "Shared Dirtied Blocks": 0,                                                        
                               "Shared Written Blocks": 0,                                                        
                               "Local Hit Blocks": 0,                                                             
                               "Local Read Blocks": 0,                                                            
                               "Local Dirtied Blocks": 0,                                                         
                               "Local Written Blocks": 0,                                                         
                               "Temp Read Blocks": 0,                                                             
                               "Temp Written Blocks": 0,                                                          
                               "Plans": [                                                                         
                                 {                                                                                
                                   "Node Type": "Sort",                                                           
                                   "Parent Relationship": "Outer",                                                
                                   "Parallel Aware": false,                                                       
                                   "Startup Cost": 17426.90,                                                      
                                   "Total Cost": 17426.91,                                                        
                                   "Plan Rows": 127,                                                              
                                   "Plan Width": 12,                                                              
                                   "Actual Startup Time": 10528.273,                                              
                                   "Actual Total Time": 10529.568,                                                
                                   "Actual Rows": 9874,                                                           
                                   "Actual Loops": 1,                                                             
                                   "Sort Key": ["mc.movie_id"],                                                   
                                   "Sort Method": "quicksort",                                                    
                                   "Sort Space Used": 847,                                                        
                                   "Sort Space Type": "Memory",                                                   
                                   "Shared Hit Blocks": 8,                                                        
                                   "Shared Read Blocks": 183668,                                                  
                                   "Shared Dirtied Blocks": 0,                                                    
                                   "Shared Written Blocks": 0,                                                    
                                   "Local Hit Blocks": 0,                                                         
                                   "Local Read Blocks": 0,                                                        
                                   "Local Dirtied Blocks": 0,                                                     
                                   "Local Written Blocks": 0,                                                     
                                   "Temp Read Blocks": 0,                                                         
                                   "Temp Written Blocks": 0,                                                      
                                   "Plans": [                                                                     
                                     {                                                                            
                                       "Node Type": "Merge Join",                                                 
                                       "Parent Relationship": "Outer",                                            
                                       "Parallel Aware": false,                                                   
                                       "Join Type": "Inner",                                                      
                                       "Startup Cost": 17413.52,                                                  
                                       "Total Cost": 17426.76,                                                    
                                       "Plan Rows": 127,                                                          
                                       "Plan Width": 12,                                                          
                                       "Actual Startup Time": 10501.877,                                          
                                       "Actual Total Time": 10524.844,                                            
                                       "Actual Rows": 9874,                                                       
                                       "Actual Loops": 1,                                                         
                                       "Inner Unique": true,                                                      
                                       "Merge Cond": "(mc.company_id = cn.id)",                                   
                                       "Shared Hit Blocks": 8,                                                    
                                       "Shared Read Blocks": 183668,                                              
                                       "Shared Dirtied Blocks": 0,                                                
                                       "Shared Written Blocks": 0,                                                
                                       "Local Hit Blocks": 0,                                                     
                                       "Local Read Blocks": 0,                                                    
                                       "Local Dirtied Blocks": 0,                                                 
                                       "Local Written Blocks": 0,                                                 
                                       "Temp Read Blocks": 0,                                                     
                                       "Temp Written Blocks": 0,                                                  
                                       "Plans": [                                                                 
                                         {                                                                        
                                           "Node Type": "Sort",                                                   
                                           "Parent Relationship": "Outer",                                        
                                           "Parallel Aware": false,                                               
                                           "Startup Cost": 17069.42,                                              
                                           "Total Cost": 17069.45,                                                
                                           "Plan Rows": 351,                                                      
                                           "Plan Width": 16,                                                      
                                           "Actual Startup Time": 10316.591,                                      
                                           "Actual Total Time": 10318.224,                                        
                                           "Actual Rows": 14401,                                                  
                                           "Actual Loops": 1,                                                     
                                           "Sort Key": ["mc.company_id"],                                         
                                           "Sort Method": "quicksort",                                            
                                           "Sort Space Used": 1060,                                               
                                           "Sort Space Type": "Memory",                                           
                                           "Shared Hit Blocks": 6,                                                
                                           "Shared Read Blocks": 180676,                                          
                                           "Shared Dirtied Blocks": 0,                                            
                                           "Shared Written Blocks": 0,                                            
                                           "Local Hit Blocks": 0,                                                 
                                           "Local Read Blocks": 0,                                                
                                           "Local Dirtied Blocks": 0,                                             
                                           "Local Written Blocks": 0,                                             
                                           "Temp Read Blocks": 0,                                                 
                                           "Temp Written Blocks": 0,                                              
                                           "Plans": [                                                             
                                             {                                                                    
                                               "Node Type": "Merge Join",                                         
                                               "Parent Relationship": "Outer",                                    
                                               "Parallel Aware": false,                                           
                                               "Join Type": "Inner",                                              
                                               "Startup Cost": 16663.78,                                          
                                               "Total Cost": 17068.96,                                            
                                               "Plan Rows": 351,                                                  
                                               "Plan Width": 16,                                                  
                                               "Actual Startup Time": 9939.480,                                   
                                               "Actual Total Time": 10311.345,                                    
                                               "Actual Rows": 14401,                                              
                                               "Actual Loops": 1,                                                 
                                               "Inner Unique": false,                                             
                                               "Merge Cond": "(mi.movie_id = mc.movie_id)",                       
                                               "Shared Hit Blocks": 6,                                            
                                               "Shared Read Blocks": 180676,                                      
                                               "Shared Dirtied Blocks": 0,                                        
                                               "Shared Written Blocks": 0,                                        
                                               "Local Hit Blocks": 0,                                             
                                               "Local Read Blocks": 0,                                            
                                               "Local Dirtied Blocks": 0,                                         
                                               "Local Written Blocks": 0,                                         
                                               "Temp Read Blocks": 0,                                             
                                               "Temp Written Blocks": 0,                                          
                                               "Plans": [                                                         
                                                 {                                                                
                                                   "Node Type": "Sort",                                           
                                                   "Parent Relationship": "Outer",                                
                                                   "Parallel Aware": false,                                       
                                                   "Startup Cost": 7258.32,                                       
                                                   "Total Cost": 7258.33,                                         
                                                   "Plan Rows": 98,                                               
                                                   "Plan Width": 4,                                               
                                                   "Actual Startup Time": 8397.794,                               
                                                   "Actual Total Time": 8398.448,                                 
                                                   "Actual Rows": 10679,                                          
                                                   "Actual Loops": 1,                                             
                                                   "Sort Key": ["mi.movie_id"],                                   
                                                   "Sort Method": "quicksort",                                    
                                                   "Sort Space Used": 885,                                        
                                                   "Sort Space Type": "Memory",                                   
                                                   "Shared Hit Blocks": 3,                                        
                                                   "Shared Read Blocks": 161890,                                  
                                                   "Shared Dirtied Blocks": 0,                                    
                                                   "Shared Written Blocks": 0,                                    
                                                   "Local Hit Blocks": 0,                                         
                                                   "Local Read Blocks": 0,                                        
                                                   "Local Dirtied Blocks": 0,                                     
                                                   "Local Written Blocks": 0,                                     
                                                   "Temp Read Blocks": 0,                                         
                                                   "Temp Written Blocks": 0,                                      
                                                   "Plans": [                                                     
                                                     {                                                            
                                                       "Node Type": "Nested Loop",                                
                                                       "Parent Relationship": "Outer",                            
                                                       "Parallel Aware": false,                                   
                                                       "Join Type": "Inner",                                      
                                                       "Startup Cost": 0.00,                                      
                                                       "Total Cost": 7258.22,                                     
                                                       "Plan Rows": 98,                                           
                                                       "Plan Width": 4,                                           
                                                       "Actual Startup Time": 1521.572,                           
                                                       "Actual Total Time": 8390.971,                             
                                                       "Actual Rows": 10679,                                      
                                                       "Actual Loops": 1,                                         
                                                       "Inner Unique": true,                                      
                                                       "Join Filter": "(it.id = mi.info_type_id)",               
                                                       "Rows Removed by Join Filter": 131,                        
                                                       "Shared Hit Blocks": 3,                                    
                                                       "Shared Read Blocks": 161890,                              
                                                       "Shared Dirtied Blocks": 0,                                
                                                       "Shared Written Blocks": 0,                                
                                                       "Local Hit Blocks": 0,                                     
                                                       "Local Read Blocks": 0,                                    
                                                       "Local Dirtied Blocks": 0,                                 
                                                       "Local Written Blocks": 0,                                 
                                                       "Temp Read Blocks": 0,                                     
                                                       "Temp Written Blocks": 0,                                  
                                                       "Plans": [                                                 
                                                         {                                                        
                                                           "Node Type": "Seq Scan",                               
                                                           "Parent Relationship": "Outer",                        
                                                           "Parallel Aware": false,                               
                                                           "Relation Name": "movie_info",                         
                                                           "Alias": "mi",                                         
                                                           "Startup Cost": 0.00,                                  
                                                           "Total Cost": 7255.68,                                 
                                                           "Plan Rows": 11124,                                    
                                                           "Plan Width": 8,                                       
                                                           "Actual Startup Time": 126.040,                        
                                                           "Actual Total Time": 8383.228,                         
                                                           "Actual Rows": 10810,                                  
                                                           "Actual Loops": 1,                                     
                                                           "Filter": "(note ~~ '%internet%'::text)",              
                                                           "Rows Removed by Filter": 14824910,                    
                                                           "Shared Hit Blocks": 2,                                
                                                           "Shared Read Blocks": 161890,                          
                                                           "Shared Dirtied Blocks": 0,                            
                                                           "Shared Written Blocks": 0,                            
                                                           "Local Hit Blocks": 0,                                 
                                                           "Local Read Blocks": 0,                                
                                                           "Local Dirtied Blocks": 0,                             
                                                           "Local Written Blocks": 0,                             
                                                           "Temp Read Blocks": 0,                                 
                                                           "Temp Written Blocks": 0                               
                                                         },                                                       
                                                         {                                                        
                                                           "Node Type": "Materialize",                            
                                                           "Parent Relationship": "Inner",                        
                                                           "Parallel Aware": false,                               
                                                           "Startup Cost": 0.00,                                  
                                                           "Total Cost": 0.05,                                    
                                                           "Plan Rows": 1,                                        
                                                           "Plan Width": 4,                                       
                                                           "Actual Startup Time": 0.000,                          
                                                           "Actual Total Time": 0.000,                            
                                                           "Actual Rows": 1,                                      
                                                           "Actual Loops": 10810,                                 
                                                           "Shared Hit Blocks": 1,                                
                                                           "Shared Read Blocks": 0,                               
                                                           "Shared Dirtied Blocks": 0,                            
                                                           "Shared Written Blocks": 0,                            
                                                           "Local Hit Blocks": 0,                                 
                                                           "Local Read Blocks": 0,                                
                                                           "Local Dirtied Blocks": 0,                             
                                                           "Local Written Blocks": 0,                             
                                                           "Temp Read Blocks": 0,                                 
                                                           "Temp Written Blocks": 0,                              
                                                           "Plans": [                                             
                                                             {                                                    
                                                               "Node Type": "Seq Scan",                           
                                                               "Parent Relationship": "Outer",                    
                                                               "Parallel Aware": false,                           
                                                               "Relation Name": "info_type",                      
                                                               "Alias": "it",                                    
                                                               "Startup Cost": 0.00,                              
                                                               "Total Cost": 0.05,                                
                                                               "Plan Rows": 1,                                    
                                                               "Plan Width": 4,                                   
                                                               "Actual Startup Time": 0.014,                      
                                                               "Actual Total Time": 0.027,                        
                                                               "Actual Rows": 1,                                  
                                                               "Actual Loops": 1,                                 
                                                               "Filter": "((info)::text = 'release dates'::text)",
                                                               "Rows Removed by Filter": 112,                     
                                                               "Shared Hit Blocks": 1,                            
                                                               "Shared Read Blocks": 0,                           
                                                               "Shared Dirtied Blocks": 0,                        
                                                               "Shared Written Blocks": 0,                        
                                                               "Local Hit Blocks": 0,                             
                                                               "Local Read Blocks": 0,                            
                                                               "Local Dirtied Blocks": 0,                         
                                                               "Local Written Blocks": 0,                         
                                                               "Temp Read Blocks": 0,                             
                                                               "Temp Written Blocks": 0                           
                                                             }                                                    
                                                           ]                                                      
                                                         }                                                        
                                                       ]                                                          
                                                     }                                                            
                                                   ]                                                              
                                                 },                                                               
                                                 {                                                                
                                                   "Node Type": "Sort",                                           
                                                   "Parent Relationship": "Inner",                                
                                                   "Parallel Aware": false,                                       
                                                   "Startup Cost": 9405.45,                                       
                                                   "Total Cost": 9608.03,                                         
                                                   "Plan Rows": 2609129,                                          
                                                   "Plan Width": 12,                                              
                                                   "Actual Startup Time": 1541.673,                               
                                                   "Actual Total Time": 1663.922,                                 
                                                   "Actual Rows": 2609214,                                        
                                                   "Actual Loops": 1,                                             
                                                   "Sort Key": ["mc.movie_id"],                                   
                                                   "Sort Method": "quicksort",                                    
                                                   "Sort Space Used": 220607,                                     
                                                   "Sort Space Type": "Memory",                                   
                                                   "Shared Hit Blocks": 3,                                        
                                                   "Shared Read Blocks": 18786,                                   
                                                   "Shared Dirtied Blocks": 0,                                    
                                                   "Shared Written Blocks": 0,                                    
                                                   "Local Hit Blocks": 0,                                         
                                                   "Local Read Blocks": 0,                                        
                                                   "Local Dirtied Blocks": 0,                                     
                                                   "Local Written Blocks": 0,                                     
                                                   "Temp Read Blocks": 0,                                         
                                                   "Temp Written Blocks": 0,                                      
                                                   "Plans": [                                                     
                                                     {                                                            
                                                       "Node Type": "Seq Scan",                                   
                                                       "Parent Relationship": "Outer",                            
                                                       "Parallel Aware": false,                                   
                                                       "Relation Name": "movie_companies",                        
                                                       "Alias": "mc",                                             
                                                       "Startup Cost": 0.00,                                      
                                                       "Total Cost": 769.75,                                      
                                                       "Plan Rows": 2609129,                                      
                                                       "Plan Width": 12,                                          
                                                       "Actual Startup Time": 0.016,                              
                                                       "Actual Total Time": 556.098,                              
                                                       "Actual Rows": 2609129,                                    
                                                       "Actual Loops": 1,                                         
                                                       "Shared Hit Blocks": 3,                                    
                                                       "Shared Read Blocks": 18786,                               
                                                       "Shared Dirtied Blocks": 0,                                
                                                       "Shared Written Blocks": 0,                                
                                                       "Local Hit Blocks": 0,                                     
                                                       "Local Read Blocks": 0,                                    
                                                       "Local Dirtied Blocks": 0,                                 
                                                       "Local Written Blocks": 0,                                 
                                                       "Temp Read Blocks": 0,                                     
                                                       "Temp Written Blocks": 0                                   
                                                     }                                                            
                                                   ]                                                              
                                                 }                                                                
                                               ]                                                                  
                                             }                                                                    
                                           ]                                                                      
                                         },                                                                       
                                         {                                                                        
                                           "Node Type": "Sort",                                                   
                                           "Parent Relationship": "Inner",                                        
                                           "Parallel Aware": false,                                               
                                           "Startup Cost": 344.10,                                                
                                           "Total Cost": 350.69,                                                  
                                           "Plan Rows": 84843,                                                    
                                           "Plan Width": 4,                                                       
                                           "Actual Startup Time": 185.278,                                        
                                           "Actual Total Time": 193.585,                                          
                                           "Actual Rows": 84843,                                                  
                                           "Actual Loops": 1,                                                     
                                           "Sort Key": ["cn.id"],                                                 
                                           "Sort Method": "quicksort",                                            
                                           "Sort Space Used": 7050,                                               
                                           "Sort Space Type": "Memory",                                           
                                           "Shared Hit Blocks": 2,                                                
                                           "Shared Read Blocks": 2992,                                            
                                           "Shared Dirtied Blocks": 0,                                            
                                           "Shared Written Blocks": 0,                                            
                                           "Local Hit Blocks": 0,                                                 
                                           "Local Read Blocks": 0,                                                
                                           "Local Dirtied Blocks": 0,                                             
                                           "Local Written Blocks": 0,                                             
                                           "Temp Read Blocks": 0,                                                 
                                           "Temp Written Blocks": 0,                                              
                                           "Plans": [                                                             
                                             {                                                                    
                                               "Node Type": "Seq Scan",                                           
                                               "Parent Relationship": "Outer",                                    
                                               "Parallel Aware": false,                                           
                                               "Relation Name": "company_name",                                   
                                               "Alias": "cn",                                                     
                                               "Startup Cost": 0.00,                                              
                                               "Total Cost": 128.41,                                              
                                               "Plan Rows": 84843,                                                
                                               "Plan Width": 4,                                                   
                                               "Actual Startup Time": 20.088,                                     
                                               "Actual Total Time": 130.737,                                      
                                               "Actual Rows": 84843,                                              
                                               "Actual Loops": 1,                                                 
                                               "Filter": "((country_code)::text = '[us]'::text)",                 
                                               "Rows Removed by Filter": 150154,                                  
                                               "Shared Hit Blocks": 2,                                            
                                               "Shared Read Blocks": 2992,                                        
                                               "Shared Dirtied Blocks": 0,                                        
                                               "Shared Written Blocks": 0,                                        
                                               "Local Hit Blocks": 0,                                             
                                               "Local Read Blocks": 0,                                            
                                               "Local Dirtied Blocks": 0,                                         
                                               "Local Written Blocks": 0,                                         
                                               "Temp Read Blocks": 0,                                             
                                               "Temp Written Blocks": 0                                           
                                             }                                                                    
                                           ]                                                                      
                                         }                                                                        
                                       ]                                                                          
                                     }                                                                            
                                   ]                                                                              
                                 },                                                                               
                                 {                                                                                
                                   "Node Type": "Sort",                                                           
                                   "Parent Relationship": "Inner",                                                
                                   "Parallel Aware": false,                                                       
                                   "Startup Cost": 7132.50,                                                       
                                   "Total Cost": 7268.30,                                                         
                                   "Plan Rows": 1749033,                                                          
                                   "Plan Width": 21,                                                              
                                   "Actual Startup Time": 2126.623,                                               
                                   "Actual Total Time": 2349.918,                                                 
                                   "Actual Rows": 1748408,                                                        
                                   "Actual Loops": 1,                                                             
                                   "Sort Key": ["t.id"],                                                          
                                   "Sort Method": "quicksort",                                                    
                                   "Sort Space Used": 171002,                                                     
                                   "Sort Space Type": "Memory",                                                   
                                   "Shared Hit Blocks": 1,                                                        
                                   "Shared Read Blocks": 35997,                                                   
                                   "Shared Dirtied Blocks": 0,                                                    
                                   "Shared Written Blocks": 0,                                                    
                                   "Local Hit Blocks": 0,                                                         
                                   "Local Read Blocks": 0,                                                        
                                   "Local Dirtied Blocks": 0,                                                     
                                   "Local Written Blocks": 0,                                                     
                                   "Temp Read Blocks": 0,                                                         
                                   "Temp Written Blocks": 0,                                                      
                                   "Plans": [                                                                     
                                     {                                                                            
                                       "Node Type": "Seq Scan",                                                   
                                       "Parent Relationship": "Outer",                                            
                                       "Parallel Aware": false,                                                   
                                       "Relation Name": "title",                                                  
                                       "Alias": "t",                                                              
                                       "Startup Cost": 0.00,                                                      
                                       "Total Cost": 1500.26,                                                     
                                       "Plan Rows": 1749033,                                                      
                                       "Plan Width": 21,                                                          
                                       "Actual Startup Time": 8.671,                                              
                                       "Actual Total Time": 1178.586,                                             
                                       "Actual Rows": 1749032,                                                    
                                       "Actual Loops": 1,                                                         
                                       "Filter": "(production_year > 1990)",                                      
                                       "Rows Removed by Filter": 779280,                                          
                                       "Shared Hit Blocks": 1,                                                    
                                       "Shared Read Blocks": 35997,                                               
                                       "Shared Dirtied Blocks": 0,                                                
                                       "Shared Written Blocks": 0,                                                
                                       "Local Hit Blocks": 0,                                                     
                                       "Local Read Blocks": 0,                                                    
                                       "Local Dirtied Blocks": 0,                                                 
                                       "Local Written Blocks": 0,                                                 
                                       "Temp Read Blocks": 0,                                                     
                                       "Temp Written Blocks": 0                                                   
                                     }                                                                            
                                   ]                                                                              
                                 }                                                                                
                               ]                                                                                  
                             },                                                                                   
                             {                                                                                    
                               "Node Type": "Materialize",                                                        
                               "Parent Relationship": "Inner",                                                    
                               "Parallel Aware": false,                                                           
                               "Startup Cost": 0.00,                                                              
                               "Total Cost": 0.03,                                                                
                               "Plan Rows": 4,                                                                    
                               "Plan Width": 4,                                                                   
                               "Actual Startup Time": 0.000,                                                      
                               "Actual Total Time": 0.000,                                                        
                               "Actual Rows": 2,                                                                  
                               "Actual Loops": 9857,                                                              
                               "Shared Hit Blocks": 1,                                                            
                               "Shared Read Blocks": 0,                                                           
                               "Shared Dirtied Blocks": 0,                                                        
                               "Shared Written Blocks": 0,                                                        
                               "Local Hit Blocks": 0,                                                             
                               "Local Read Blocks": 0,                                                            
                               "Local Dirtied Blocks": 0,                                                         
                               "Local Written Blocks": 0,                                                         
                               "Temp Read Blocks": 0,                                                             
                               "Temp Written Blocks": 0,                                                          
                               "Plans": [                                                                         
                                 {                                                                                
                                   "Node Type": "Seq Scan",                                                       
                                   "Parent Relationship": "Outer",                                                
                                   "Parallel Aware": false,                                                       
                                   "Relation Name": "company_type",                                               
                                   "Alias": "ct",                                                                 
                                   "Startup Cost": 0.00,                                                          
                                   "Total Cost": 0.03,                                                            
                                   "Plan Rows": 4,                                                                
                                   "Plan Width": 4,                                                               
                                   "Actual Startup Time": 0.013,                                                  
                                   "Actual Total Time": 0.014,                                                    
                                   "Actual Rows": 2,                                                              
                                   "Actual Loops": 1,                                                             
                                   "Shared Hit Blocks": 1,                                                        
                                   "Shared Read Blocks": 0,                                                       
                                   "Shared Dirtied Blocks": 0,                                                    
                                   "Shared Written Blocks": 0,                                                    
                                   "Local Hit Blocks": 0,                                                         
                                   "Local Read Blocks": 0,                                                        
                                   "Local Dirtied Blocks": 0,                                                     
                                   "Local Written Blocks": 0,                                                     
                                   "Temp Read Blocks": 0,                                                         
                                   "Temp Written Blocks": 0                                                       
                                 }                                                                                
                               ]                                                                                  
                             }                                                                                    
                           ]                                                                                      
                         },                                                                                       
                         {                                                                                        
                           "Node Type": "Sort",                                                                   
                           "Parent Relationship": "Inner",                                                        
                           "Parallel Aware": false,                                                               
                           "Startup Cost": 16610.92,                                                              
                           "Total Cost": 16962.16,                                                                
                           "Plan Rows": 4523930,                                                                  
                           "Plan Width": 8,                                                                       
                           "Actual Startup Time": 2103.212,                                                       
                           "Actual Total Time": 2361.045,                                                         
                           "Actual Rows": 4538097,                                                                
                           "Actual Loops": 1,                                                                     
                           "Sort Key": ["mk.movie_id"],                                                           
                           "Sort Method": "quicksort",                                                            
                           "Sort Space Used": 408668,                                                             
                           "Sort Space Type": "Memory",                                                           
                           "Shared Hit Blocks": 3,                                                                
                           "Shared Read Blocks": 24451,                                                           
                           "Shared Dirtied Blocks": 0,                                                            
                           "Shared Written Blocks": 0,                                                            
                           "Local Hit Blocks": 0,                                                                 
                           "Local Read Blocks": 0,                                                                
                           "Local Dirtied Blocks": 0,                                                             
                           "Local Written Blocks": 0,                                                             
                           "Temp Read Blocks": 0,                                                                 
                           "Temp Written Blocks": 0,                                                              
                           "Plans": [                                                                             
                             {                                                                                    
                               "Node Type": "Seq Scan",                                                           
                               "Parent Relationship": "Outer",                                                    
                               "Parallel Aware": false,                                                           
                               "Relation Name": "movie_keyword",                                                  
                               "Alias": "mk",                                                                     
                               "Startup Cost": 0.00,                                                              
                               "Total Cost": 1079.84,                                                             
                               "Plan Rows": 4523930,                                                              
                               "Plan Width": 8,                                                                   
                               "Actual Startup Time": 0.006,                                                      
                               "Actual Total Time": 747.000,                                                      
                               "Actual Rows": 4523930,                                                            
                               "Actual Loops": 1,                                                                 
                               "Shared Hit Blocks": 3,                                                            
                               "Shared Read Blocks": 24451,                                                       
                               "Shared Dirtied Blocks": 0,                                                        
                               "Shared Written Blocks": 0,                                                        
                               "Local Hit Blocks": 0,                                                             
                               "Local Read Blocks": 0,                                                            
                               "Local Dirtied Blocks": 0,                                                         
                               "Local Written Blocks": 0,                                                         
                               "Temp Read Blocks": 0,                                                             
                               "Temp Written Blocks": 0                                                           
                             }                                                                                    
                           ]                                                                                      
                         }                                                                                        
                       ]                                                                                          
                     },                                                                                           
                     {                                                                                            
                       "Node Type": "Sort",                                                                       
                       "Parent Relationship": "Inner",                                                            
                       "Parallel Aware": false,                                                                   
                       "Startup Cost": 1255.56,                                                                   
                       "Total Cost": 1283.62,                                                                     
                       "Plan Rows": 361472,                                                                       
                       "Plan Width": 25,                                                                          
                       "Actual Startup Time": 394.577,                                                            
                       "Actual Total Time": 444.141,                                                              
                       "Actual Rows": 371412,                                                                     
                       "Actual Loops": 1,                                                                         
                       "Sort Key": ["at.movie_id"],                                                               
                       "Sort Method": "quicksort",                                                                
                       "Sort Space Used": 39602,                                                                  
                       "Sort Space Type": "Memory",                                                               
                       "Shared Hit Blocks": 2,                                                                    
                       "Shared Read Blocks": 6190,                                                                
                       "Shared Dirtied Blocks": 0,                                                                
                       "Shared Written Blocks": 0,                                                                
                       "Local Hit Blocks": 0,                                                                     
                       "Local Read Blocks": 0,                                                                    
                       "Local Dirtied Blocks": 0,                                                                 
                       "Local Written Blocks": 0,                                                                 
                       "Temp Read Blocks": 0,                                                                     
                       "Temp Written Blocks": 0,                                                                  
                       "Plans": [                                                                                 
                         {                                                                                        
                           "Node Type": "Seq Scan",                                                               
                           "Parent Relationship": "Outer",                                                        
                           "Parallel Aware": false,                                                               
                           "Relation Name": "aka_title",                                                          
                           "Alias": "at",                                                                         
                           "Startup Cost": 0.00,                                                                  
                           "Total Cost": 219.22,                                                                  
                           "Plan Rows": 361472,                                                                   
                           "Plan Width": 25,                                                                      
                           "Actual Startup Time": 10.541,                                                         
                           "Actual Total Time": 187.658,                                                          
                           "Actual Rows": 361472,                                                                 
                           "Actual Loops": 1,                                                                     
                           "Shared Hit Blocks": 2,                                                                
                           "Shared Read Blocks": 6190,                                                            
                           "Shared Dirtied Blocks": 0,                                                            
                           "Shared Written Blocks": 0,                                                            
                           "Local Hit Blocks": 0,                                                                 
                           "Local Read Blocks": 0,                                                                
                           "Local Dirtied Blocks": 0,                                                             
                           "Local Written Blocks": 0,                                                             
                           "Temp Read Blocks": 0,                                                                 
                           "Temp Written Blocks": 0                                                               
                         }                                                                                        
                       ]                                                                                          
                     }                                                                                            
                   ]                                                                                              
                 }                                                                                                
               ]                                                                                                  
             },                                                                                                   
             {                                                                                                    
               "Node Type": "Sort",                                                                               
               "Parent Relationship": "Inner",                                                                    
               "Parallel Aware": false,                                                                           
               "Startup Cost": 393.92,                                                                            
               "Total Cost": 404.34,                                                                              
               "Plan Rows": 134170,                                                                               
               "Plan Width": 4,                                                                                   
               "Actual Startup Time": 163.745,                                                                    
               "Actual Total Time": 178.737,                                                                      
               "Actual Rows": 133880,                                                                             
               "Actual Loops": 1,                                                                                 
               "Sort Key": ["k.id"],                                                                              
               "Sort Method": "quicksort",                                                                        
               "Sort Space Used": 12434,                                                                          
               "Sort Space Type": "Memory",                                                                       
               "Shared Hit Blocks": 2,                                                                            
               "Shared Read Blocks": 947,                                                                         
               "Shared Dirtied Blocks": 0,                                                                        
               "Shared Written Blocks": 0,                                                                        
               "Local Hit Blocks": 0,                                                                             
               "Local Read Blocks": 0,                                                                            
               "Local Dirtied Blocks": 0,                                                                         
               "Local Written Blocks": 0,                                                                         
               "Temp Read Blocks": 0,                                                                             
               "Temp Written Blocks": 0,                                                                          
               "Plans": [                                                                                         
                 {                                                                                                
                   "Node Type": "Seq Scan",                                                                       
                   "Parent Relationship": "Outer",                                                                
                   "Parallel Aware": false,                                                                       
                   "Relation Name": "keyword",                                                                    
                   "Alias": "k",                                                                                  
                   "Startup Cost": 0.00,                                                                          
                   "Total Cost": 39.04,                                                                           
                   "Plan Rows": 134170,                                                                           
                   "Plan Width": 4,                                                                               
                   "Actual Startup Time": 74.231,                                                                 
                   "Actual Total Time": 107.297,                                                                  
                   "Actual Rows": 134170,                                                                         
                   "Actual Loops": 1,                                                                             
                   "Shared Hit Blocks": 2,                                                                        
                   "Shared Read Blocks": 947,                                                                     
                   "Shared Dirtied Blocks": 0,                                                                    
                   "Shared Written Blocks": 0,                                                                    
                   "Local Hit Blocks": 0,                                                                         
                   "Local Read Blocks": 0,                                                                        
                   "Local Dirtied Blocks": 0,                                                                     
                   "Local Written Blocks": 0,                                                                     
                   "Temp Read Blocks": 0,                                                                         
                   "Temp Written Blocks": 0                                                                       
                 }                                                                                                
               ]                                                                                                  
             }                                                                                                    
           ]                                                                                                      
         }                                                                                                        
       ]                                                                                                          
     },                                                                                                           
     "Planning Time": 9199.441,                                                                                   
     "Triggers": [                                                                                                
     ],                                                                                                           
     "Execution Time": 16744.710                                                                                  
   }                                                                                                              
 ]
