 [                                                                                                                     
   {                                                                                                                   
     "Plan": {                                                                                                         
       "Node Type": "Aggregate",                                                                                       
       "Strategy": "Plain",                                                                                            
       "Partial Mode": "Simple",                                                                                       
       "Parallel Aware": false,                                                                                        
       "Startup Cost": 52518.67,                                                                                       
       "Total Cost": 52518.67,                                                                                         
       "Plan Rows": 1,                                                                                                 
       "Plan Width": 64,                                                                                               
       "Actual Startup Time": 231629.928,                                                                              
       "Actual Total Time": 231629.929,                                                                                
       "Actual Rows": 1,                                                                                               
       "Actual Loops": 1,                                                                                              
       "Shared Hit Blocks": 24,                                                                                        
       "Shared Read Blocks": 402826,                                                                                   
       "Shared Dirtied Blocks": 0,                                                                                     
       "Shared Written Blocks": 0,                                                                                     
       "Local Hit Blocks": 0,                                                                                          
       "Local Read Blocks": 0,                                                                                         
       "Local Dirtied Blocks": 0,                                                                                      
       "Local Written Blocks": 0,                                                                                      
       "Temp Read Blocks": 0,                                                                                          
       "Temp Written Blocks": 0,                                                                                       
       "Plans": [                                                                                                      
         {                                                                                                             
           "Node Type": "Merge Join",                                                                                  
           "Parent Relationship": "Outer",                                                                             
           "Parallel Aware": false,                                                                                    
           "Join Type": "Inner",                                                                                       
           "Startup Cost": 51751.57,                                                                                   
           "Total Cost": 52518.67,                                                                                     
           "Plan Rows": 19,                                                                                            
           "Plan Width": 33,                                                                                           
           "Actual Startup Time": 230846.997,                                                                          
           "Actual Total Time": 231629.734,                                                                            
           "Actual Rows": 385,                                                                                         
           "Actual Loops": 1,                                                                                          
           "Inner Unique": true,                                                                                       
           "Merge Cond": "(an.person_id = n.id)",                                                                      
           "Shared Hit Blocks": 24,                                                                                    
           "Shared Read Blocks": 402826,                                                                               
           "Shared Dirtied Blocks": 0,                                                                                 
           "Shared Written Blocks": 0,                                                                                 
           "Local Hit Blocks": 0,                                                                                      
           "Local Read Blocks": 0,                                                                                     
           "Local Dirtied Blocks": 0,                                                                                  
           "Local Written Blocks": 0,                                                                                  
           "Temp Read Blocks": 0,                                                                                      
           "Temp Written Blocks": 0,                                                                                   
           "Plans": [                                                                                                  
             {                                                                                                         
               "Node Type": "Merge Join",                                                                              
               "Parent Relationship": "Outer",                                                                         
               "Parallel Aware": false,                                                                                
               "Join Type": "Inner",                                                                                   
               "Startup Cost": 35488.24,                                                                               
               "Total Cost": 35608.21,                                                                                 
               "Plan Rows": 19,                                                                                        
               "Plan Width": 41,                                                                                       
               "Actual Startup Time": 227367.736,                                                                      
               "Actual Total Time": 227514.625,                                                                        
               "Actual Rows": 385,                                                                                     
               "Actual Loops": 1,                                                                                      
               "Inner Unique": false,                                                                                  
               "Merge Cond": "(ci.person_id = an.person_id)",                                                          
               "Shared Hit Blocks": 22,                                                                                
               "Shared Read Blocks": 347215,                                                                           
               "Shared Dirtied Blocks": 0,                                                                             
               "Shared Written Blocks": 0,                                                                             
               "Local Hit Blocks": 0,                                                                                  
               "Local Read Blocks": 0,                                                                                 
               "Local Dirtied Blocks": 0,                                                                              
               "Local Written Blocks": 0,                                                                              
               "Temp Read Blocks": 0,                                                                                  
               "Temp Written Blocks": 0,                                                                               
               "Plans": [                                                                                              
                 {                                                                                                     
                   "Node Type": "Sort",                                                                                
                   "Parent Relationship": "Outer",                                                                     
                   "Parallel Aware": false,                                                                            
                   "Startup Cost": 32299.84,                                                                           
                   "Total Cost": 32299.84,                                                                             
                   "Plan Rows": 21,                                                                                    
                   "Plan Width": 21,                                                                                   
                   "Actual Startup Time": 226590.308,                                                                  
                   "Actual Total Time": 226590.354,                                                                    
                   "Actual Rows": 323,                                                                                 
                   "Actual Loops": 1,                                                                                  
                   "Sort Key": ["ci.person_id"],                                                                       
                   "Sort Method": "quicksort",                                                                         
                   "Sort Space Used": 51,                                                                              
                   "Sort Space Type": "Memory",                                                                        
                   "Shared Hit Blocks": 20,                                                                            
                   "Shared Read Blocks": 335822,                                                                       
                   "Shared Dirtied Blocks": 0,                                                                         
                   "Shared Written Blocks": 0,                                                                         
                   "Local Hit Blocks": 0,                                                                              
                   "Local Read Blocks": 0,                                                                             
                   "Local Dirtied Blocks": 0,                                                                          
                   "Local Written Blocks": 0,                                                                          
                   "Temp Read Blocks": 0,                                                                              
                   "Temp Written Blocks": 0,                                                                           
                   "Plans": [                                                                                          
                     {                                                                                                 
                       "Node Type": "Nested Loop",                                                                     
                       "Parent Relationship": "Outer",                                                                 
                       "Parallel Aware": false,                                                                        
                       "Join Type": "Inner",                                                                           
                       "Startup Cost": 4011.32,                                                                        
                       "Total Cost": 32299.82,                                                                         
                       "Plan Rows": 21,                                                                                
                       "Plan Width": 21,                                                                               
                       "Actual Startup Time": 65743.817,                                                               
                       "Actual Total Time": 226572.401,                                                                
                       "Actual Rows": 323,                                                                             
                       "Actual Loops": 1,                                                                              
                       "Inner Unique": false,                                                                          
                       "Join Filter": "(t.id = ci.movie_id)",                                                          
                       "Rows Removed by Join Filter": 906108277,                                                       
                       "Shared Hit Blocks": 16,                                                                        
                       "Shared Read Blocks": 335822,                                                                   
                       "Shared Dirtied Blocks": 0,                                                                     
                       "Shared Written Blocks": 0,                                                                     
                       "Local Hit Blocks": 0,                                                                          
                       "Local Read Blocks": 0,                                                                         
                       "Local Dirtied Blocks": 0,                                                                      
                       "Local Written Blocks": 0,                                                                      
                       "Temp Read Blocks": 0,                                                                          
                       "Temp Written Blocks": 0,                                                                       
                       "Plans": [                                                                                      
                         {                                                                                             
                           "Node Type": "Seq Scan",                                                                    
                           "Parent Relationship": "Outer",                                                             
                           "Parallel Aware": false,                                                                    
                           "Relation Name": "cast_info",                                                               
                           "Alias": "ci",                                                                              
                           "Startup Cost": 0.00,                                                                       
                           "Total Cost": 10431.00,                                                                     
                           "Plan Rows": 36244344,                                                                      
                           "Plan Width": 8,                                                                            
                           "Actual Startup Time": 0.018,                                                               
                           "Actual Total Time": 4108.885,                                                              
                           "Actual Rows": 36244344,                                                                    
                           "Actual Loops": 1,                                                                          
                           "Shared Hit Blocks": 4,                                                                     
                           "Shared Read Blocks": 252650,                                                               
                           "Shared Dirtied Blocks": 0,                                                                 
                           "Shared Written Blocks": 0,                                                                 
                           "Local Hit Blocks": 0,                                                                      
                           "Local Read Blocks": 0,                                                                     
                           "Local Dirtied Blocks": 0,                                                                  
                           "Local Written Blocks": 0,                                                                  
                           "Temp Read Blocks": 0,                                                                      
                           "Temp Written Blocks": 0                                                                    
                         },                                                                                            
                         {                                                                                             
                           "Node Type": "Materialize",                                                                 
                           "Parent Relationship": "Inner",                                                             
                           "Parallel Aware": false,                                                                    
                           "Startup Cost": 4011.32,                                                                    
                           "Total Cost": 5600.82,                                                                      
                           "Plan Rows": 2,                                                                             
                           "Plan Width": 29,                                                                           
                           "Actual Startup Time": 0.002,                                                               
                           "Actual Total Time": 0.003,                                                                 
                           "Actual Rows": 25,                                                                          
                           "Actual Loops": 36244344,                                                                   
                           "Shared Hit Blocks": 12,                                                                    
                           "Shared Read Blocks": 83172,                                                                
                           "Shared Dirtied Blocks": 0,                                                                 
                           "Shared Written Blocks": 0,                                                                 
                           "Local Hit Blocks": 0,                                                                      
                           "Local Read Blocks": 0,                                                                     
                           "Local Dirtied Blocks": 0,                                                                  
                           "Local Written Blocks": 0,                                                                  
                           "Temp Read Blocks": 0,                                                                      
                           "Temp Written Blocks": 0,                                                                   
                           "Plans": [                                                                                  
                             {                                                                                         
                               "Node Type": "Nested Loop",                                                             
                               "Parent Relationship": "Outer",                                                         
                               "Parallel Aware": false,                                                                
                               "Join Type": "Inner",                                                                   
                               "Startup Cost": 4011.32,                                                                
                               "Total Cost": 5600.82,                                                                  
                               "Plan Rows": 2,                                                                         
                               "Plan Width": 29,                                                                       
                               "Actual Startup Time": 64702.526,                                                       
                               "Actual Total Time": 65476.596,                                                         
                               "Actual Rows": 25,                                                                      
                               "Actual Loops": 1,                                                                      
                               "Inner Unique": false,                                                                  
                               "Join Filter": "(mc.company_id = cn.id)",                                               
                               "Rows Removed by Join Filter": 4581497,                                                 
                               "Shared Hit Blocks": 12,                                                                
                               "Shared Read Blocks": 83172,                                                            
                               "Shared Dirtied Blocks": 0,                                                             
                               "Shared Written Blocks": 0,                                                             
                               "Local Hit Blocks": 0,                                                                  
                               "Local Read Blocks": 0,                                                                 
                               "Local Dirtied Blocks": 0,                                                              
                               "Local Written Blocks": 0,                                                              
                               "Temp Read Blocks": 0,                                                                  
                               "Temp Written Blocks": 0,                                                               
                               "Plans": [                                                                              
                                 {                                                                                     
                                   "Node Type": "Seq Scan",                                                            
                                   "Parent Relationship": "Outer",                                                     
                                   "Parallel Aware": false,                                                            
                                   "Relation Name": "company_name",                                                    
                                   "Alias": "cn",                                                                      
                                   "Startup Cost": 0.00,                                                               
                                   "Total Cost": 128.41,                                                               
                                   "Plan Rows": 84843,                                                                 
                                   "Plan Width": 4,                                                                    
                                   "Actual Startup Time": 28.977,                                                      
                                   "Actual Total Time": 93.765,                                                        
                                   "Actual Rows": 84843,                                                               
                                   "Actual Loops": 1,                                                                  
                                   "Filter": "((country_code)::text = '[us]'::text)",                                  
                                   "Rows Removed by Filter": 150154,                                                   
                                   "Shared Hit Blocks": 2,                                                             
                                   "Shared Read Blocks": 2992,                                                         
                                   "Shared Dirtied Blocks": 0,                                                         
                                   "Shared Written Blocks": 0,                                                         
                                   "Local Hit Blocks": 0,                                                              
                                   "Local Read Blocks": 0,                                                             
                                   "Local Dirtied Blocks": 0,                                                          
                                   "Local Written Blocks": 0,                                                          
                                   "Temp Read Blocks": 0,                                                              
                                   "Temp Written Blocks": 0                                                            
                                 },                                                                                    
                                 {                                                                                     
                                   "Node Type": "Materialize",                                                         
                                   "Parent Relationship": "Inner",                                                     
                                   "Parallel Aware": false,                                                            
                                   "Startup Cost": 4011.32,                                                            
                                   "Total Cost": 5377.22,                                                              
                                   "Plan Rows": 5,                                                                     
                                   "Plan Width": 33,                                                                   
                                   "Actual Startup Time": 0.053,                                                       
                                   "Actual Total Time": 0.764,                                                         
                                   "Actual Rows": 54,                                                                  
                                   "Actual Loops": 84843,                                                              
                                   "Shared Hit Blocks": 10,                                                            
                                   "Shared Read Blocks": 80180,                                                        
                                   "Shared Dirtied Blocks": 0,                                                         
                                   "Shared Written Blocks": 0,                                                         
                                   "Local Hit Blocks": 0,                                                              
                                   "Local Read Blocks": 0,                                                             
                                   "Local Dirtied Blocks": 0,                                                          
                                   "Local Written Blocks": 0,                                                          
                                   "Temp Read Blocks": 0,                                                              
                                   "Temp Written Blocks": 0,                                                           
                                   "Plans": [                                                                          
                                     {                                                                                 
                                       "Node Type": "Nested Loop",                                                     
                                       "Parent Relationship": "Outer",                                                 
                                       "Parallel Aware": false,                                                        
                                       "Join Type": "Inner",                                                           
                                       "Startup Cost": 4011.32,                                                        
                                       "Total Cost": 5377.21,                                                          
                                       "Plan Rows": 5,                                                                 
                                       "Plan Width": 33,                                                               
                                       "Actual Startup Time": 4469.549,                                                
                                       "Actual Total Time": 64631.952,                                                 
                                       "Actual Rows": 54,                                                              
                                       "Actual Loops": 1,                                                              
                                       "Inner Unique": false,                                                          
                                       "Join Filter": "(t.id = mc.movie_id)",                                          
                                       "Rows Removed by Join Filter": 380932780,                                       
                                       "Shared Hit Blocks": 10,                                                        
                                       "Shared Read Blocks": 80180,                                                    
                                       "Shared Dirtied Blocks": 0,                                                     
                                       "Shared Written Blocks": 0,                                                     
                                       "Local Hit Blocks": 0,                                                          
                                       "Local Read Blocks": 0,                                                         
                                       "Local Dirtied Blocks": 0,                                                      
                                       "Local Written Blocks": 0,                                                      
                                       "Temp Read Blocks": 0,                                                          
                                       "Temp Written Blocks": 0,                                                       
                                       "Plans": [                                                                      
                                         {                                                                             
                                           "Node Type": "Seq Scan",                                                    
                                           "Parent Relationship": "Outer",                                             
                                           "Parallel Aware": false,                                                    
                                           "Relation Name": "movie_companies",                                         
                                           "Alias": "mc",                                                              
                                           "Startup Cost": 0.00,                                                       
                                           "Total Cost": 769.75,                                                       
                                           "Plan Rows": 2609129,                                                       
                                           "Plan Width": 8,                                                            
                                           "Actual Startup Time": 0.013,                                               
                                           "Actual Total Time": 313.504,                                               
                                           "Actual Rows": 2609129,                                                     
                                           "Actual Loops": 1,                                                          
                                           "Shared Hit Blocks": 3,                                                     
                                           "Shared Read Blocks": 18786,                                                
                                           "Shared Dirtied Blocks": 0,                                                 
                                           "Shared Written Blocks": 0,                                                 
                                           "Local Hit Blocks": 0,                                                      
                                           "Local Read Blocks": 0,                                                     
                                           "Local Dirtied Blocks": 0,                                                  
                                           "Local Written Blocks": 0,                                                  
                                           "Temp Read Blocks": 0,                                                      
                                           "Temp Written Blocks": 0                                                    
                                         },                                                                            
                                         {                                                                             
                                           "Node Type": "Materialize",                                                 
                                           "Parent Relationship": "Inner",                                             
                                           "Parallel Aware": false,                                                    
                                           "Startup Cost": 4011.32,                                                    
                                           "Total Cost": 4021.92,                                                      
                                           "Plan Rows": 1,                                                             
                                           "Plan Width": 25,                                                           
                                           "Actual Startup Time": 0.002,                                               
                                           "Actual Total Time": 0.008,                                                 
                                           "Actual Rows": 146,                                                         
                                           "Actual Loops": 2609129,                                                    
                                           "Shared Hit Blocks": 7,                                                     
                                           "Shared Read Blocks": 61394,                                                
                                           "Shared Dirtied Blocks": 0,                                                 
                                           "Shared Written Blocks": 0,                                                 
                                           "Local Hit Blocks": 0,                                                      
                                           "Local Read Blocks": 0,                                                     
                                           "Local Dirtied Blocks": 0,                                                  
                                           "Local Written Blocks": 0,                                                  
                                           "Temp Read Blocks": 0,                                                      
                                           "Temp Written Blocks": 0,                                                   
                                           "Plans": [                                                                  
                                             {                                                                         
                                               "Node Type": "Merge Join",                                              
                                               "Parent Relationship": "Outer",                                         
                                               "Parallel Aware": false,                                                
                                               "Join Type": "Inner",                                                   
                                               "Startup Cost": 4011.32,                                                
                                               "Total Cost": 4021.92,                                                  
                                               "Plan Rows": 1,                                                         
                                               "Plan Width": 25,                                                       
                                               "Actual Startup Time": 3887.479,                                        
                                               "Actual Total Time": 3909.397,                                          
                                               "Actual Rows": 146,                                                     
                                               "Actual Loops": 1,                                                      
                                               "Inner Unique": true,                                                   
                                               "Merge Cond": "(mk.movie_id = t.id)",                                   
                                               "Shared Hit Blocks": 7,                                                 
                                               "Shared Read Blocks": 61394,                                            
                                               "Shared Dirtied Blocks": 0,                                             
                                               "Shared Written Blocks": 0,                                             
                                               "Local Hit Blocks": 0,                                                  
                                               "Local Read Blocks": 0,                                                 
                                               "Local Dirtied Blocks": 0,                                              
                                               "Local Written Blocks": 0,                                              
                                               "Temp Read Blocks": 0,                                                  
                                               "Temp Written Blocks": 0,                                               
                                               "Plans": [                                                              
                                                 {                                                                     
                                                   "Node Type": "Sort",                                                
                                                   "Parent Relationship": "Outer",                                     
                                                   "Parallel Aware": false,                                            
                                                   "Startup Cost": 2144.60,                                            
                                                   "Total Cost": 2144.60,                                              
                                                   "Plan Rows": 34,                                                    
                                                   "Plan Width": 4,                                                    
                                                   "Actual Startup Time": 2161.718,                                    
                                                   "Actual Total Time": 2163.989,                                      
                                                   "Actual Rows": 41840,                                               
                                                   "Actual Loops": 1,                                                  
                                                   "Sort Key": ["mk.movie_id"],                                        
                                                   "Sort Method": "quicksort",                                         
                                                   "Sort Space Used": 3498,                                            
                                                   "Sort Space Type": "Memory",                                        
                                                   "Shared Hit Blocks": 5,                                             
                                                   "Shared Read Blocks": 25398,                                        
                                                   "Shared Dirtied Blocks": 0,                                         
                                                   "Shared Written Blocks": 0,                                         
                                                   "Local Hit Blocks": 0,                                              
                                                   "Local Read Blocks": 0,                                             
                                                   "Local Dirtied Blocks": 0,                                          
                                                   "Local Written Blocks": 0,                                          
                                                   "Temp Read Blocks": 0,                                              
                                                   "Temp Written Blocks": 0,                                           
                                                   "Plans": [                                                          
                                                     {                                                                 
                                                       "Node Type": "Nested Loop",                                     
                                                       "Parent Relationship": "Outer",                                 
                                                       "Parallel Aware": false,                                        
                                                       "Join Type": "Inner",                                           
                                                       "Startup Cost": 0.00,                                           
                                                       "Total Cost": 2144.57,                                          
                                                       "Plan Rows": 34,                                                
                                                       "Plan Width": 4,                                                
                                                       "Actual Startup Time": 87.563,                                  
                                                       "Actual Total Time": 2147.619,                                  
                                                       "Actual Rows": 41840,                                           
                                                       "Actual Loops": 1,                                              
                                                       "Inner Unique": true,                                           
                                                       "Join Filter": "(k.id = mk.keyword_id)",                        
                                                       "Rows Removed by Join Filter": 4482090,                         
                                                       "Shared Hit Blocks": 5,                                         
                                                       "Shared Read Blocks": 25398,                                    
                                                       "Shared Dirtied Blocks": 0,                                     
                                                       "Shared Written Blocks": 0,                                     
                                                       "Local Hit Blocks": 0,                                          
                                                       "Local Read Blocks": 0,                                         
                                                       "Local Dirtied Blocks": 0,                                      
                                                       "Local Written Blocks": 0,                                      
                                                       "Temp Read Blocks": 0,                                          
                                                       "Temp Written Blocks": 0,                                       
                                                       "Plans": [                                                      
                                                         {                                                             
                                                           "Node Type": "Seq Scan",                                    
                                                           "Parent Relationship": "Outer",                             
                                                           "Parallel Aware": false,                                    
                                                           "Relation Name": "movie_keyword",                           
                                                           "Alias": "mk",                                              
                                                           "Startup Cost": 0.00,                                       
                                                           "Total Cost": 1079.84,                                      
                                                           "Plan Rows": 4523930,                                       
                                                           "Plan Width": 8,                                            
                                                           "Actual Startup Time": 0.009,                               
                                                           "Actual Total Time": 478.468,                               
                                                           "Actual Rows": 4523930,                                     
                                                           "Actual Loops": 1,                                          
                                                           "Shared Hit Blocks": 3,                                     
                                                           "Shared Read Blocks": 24451,                                
                                                           "Shared Dirtied Blocks": 0,                                 
                                                           "Shared Written Blocks": 0,                                 
                                                           "Local Hit Blocks": 0,                                      
                                                           "Local Read Blocks": 0,                                     
                                                           "Local Dirtied Blocks": 0,                                  
                                                           "Local Written Blocks": 0,                                  
                                                           "Temp Read Blocks": 0,                                      
                                                           "Temp Written Blocks": 0                                    
                                                         },                                                            
                                                         {                                                             
                                                           "Node Type": "Materialize",                                 
                                                           "Parent Relationship": "Inner",                             
                                                           "Parallel Aware": false,                                    
                                                           "Startup Cost": 0.00,                                       
                                                           "Total Cost": 49.46,                                        
                                                           "Plan Rows": 1,                                             
                                                           "Plan Width": 4,                                            
                                                           "Actual Startup Time": 0.000,                               
                                                           "Actual Total Time": 0.000,                                 
                                                           "Actual Rows": 1,                                           
                                                           "Actual Loops": 4523930,                                    
                                                           "Shared Hit Blocks": 2,                                     
                                                           "Shared Read Blocks": 947,                                  
                                                           "Shared Dirtied Blocks": 0,                                 
                                                           "Shared Written Blocks": 0,                                 
                                                           "Local Hit Blocks": 0,                                      
                                                           "Local Read Blocks": 0,                                     
                                                           "Local Dirtied Blocks": 0,                                  
                                                           "Local Written Blocks": 0,                                  
                                                           "Temp Read Blocks": 0,                                      
                                                           "Temp Written Blocks": 0,                                   
                                                           "Plans": [                                                  
                                                             {                                                         
                                                               "Node Type": "Seq Scan",                                
                                                               "Parent Relationship": "Outer",                         
                                                               "Parallel Aware": false,                                
                                                               "Relation Name": "keyword",                             
                                                               "Alias": "k",                                           
                                                               "Startup Cost": 0.00,                                   
                                                               "Total Cost": 49.46,                                    
                                                               "Plan Rows": 1,                                         
                                                               "Plan Width": 4,                                        
                                                               "Actual Startup Time": 27.292,                          
                                                               "Actual Total Time": 87.469,                            
                                                               "Actual Rows": 1,                                       
                                                               "Actual Loops": 1,                                      
                                                               "Filter": "(keyword = 'character-name-in-title'::text)",
                                                               "Rows Removed by Filter": 134169,                       
                                                               "Shared Hit Blocks": 2,                                 
                                                               "Shared Read Blocks": 947,                              
                                                               "Shared Dirtied Blocks": 0,                             
                                                               "Shared Written Blocks": 0,                             
                                                               "Local Hit Blocks": 0,                                  
                                                               "Local Read Blocks": 0,                                 
                                                               "Local Dirtied Blocks": 0,                              
                                                               "Local Written Blocks": 0,                              
                                                               "Temp Read Blocks": 0,                                  
                                                               "Temp Written Blocks": 0                                
                                                             }                                                         
                                                           ]                                                           
                                                         }                                                             
                                                       ]                                                               
                                                     }                                                                 
                                                   ]                                                                   
                                                 },                                                                    
                                                 {                                                                     
                                                   "Node Type": "Sort",                                                
                                                   "Parent Relationship": "Inner",                                     
                                                   "Parallel Aware": false,                                            
                                                   "Startup Cost": 1866.73,                                            
                                                   "Total Cost": 1872.03,                                              
                                                   "Plan Rows": 68245,                                                 
                                                   "Plan Width": 21,                                                   
                                                   "Actual Startup Time": 1724.880,                                    
                                                   "Actual Total Time": 1732.109,                                      
                                                   "Actual Rows": 68188,                                               
                                                   "Actual Loops": 1,                                                  
                                                   "Sort Key": ["t.id"],                                               
                                                   "Sort Method": "quicksort",                                         
                                                   "Sort Space Used": 7253,                                            
                                                   "Sort Space Type": "Memory",                                        
                                                   "Shared Hit Blocks": 2,                                             
                                                   "Shared Read Blocks": 35996,                                        
                                                   "Shared Dirtied Blocks": 0,                                         
                                                   "Shared Written Blocks": 0,                                         
                                                   "Local Hit Blocks": 0,                                              
                                                   "Local Read Blocks": 0,                                             
                                                   "Local Dirtied Blocks": 0,                                          
                                                   "Local Written Blocks": 0,                                          
                                                   "Temp Read Blocks": 0,                                              
                                                   "Temp Written Blocks": 0,                                           
                                                   "Plans": [                                                          
                                                     {                                                                 
                                                       "Node Type": "Seq Scan",                                        
                                                       "Parent Relationship": "Outer",                                 
                                                       "Parallel Aware": false,                                        
                                                       "Relation Name": "title",                                       
                                                       "Alias": "t",                                                   
                                                       "Startup Cost": 0.00,                                           
                                                       "Total Cost": 1696.56,                                          
                                                       "Plan Rows": 68245,                                             
                                                       "Plan Width": 21,                                               
                                                       "Actual Startup Time": 0.010,                                   
                                                       "Actual Total Time": 1677.316,                                  
                                                       "Actual Rows": 68245,                                           
                                                       "Actual Loops": 1,                                              
                                                       "Filter": "((episode_nr >= 50) AND (episode_nr < 100))",        
                                                       "Rows Removed by Filter": 2460067,                              
                                                       "Shared Hit Blocks": 2,                                         
                                                       "Shared Read Blocks": 35996,                                    
                                                       "Shared Dirtied Blocks": 0,                                     
                                                       "Shared Written Blocks": 0,                                     
                                                       "Local Hit Blocks": 0,                                          
                                                       "Local Read Blocks": 0,                                         
                                                       "Local Dirtied Blocks": 0,                                      
                                                       "Local Written Blocks": 0,                                      
                                                       "Temp Read Blocks": 0,                                          
                                                       "Temp Written Blocks": 0                                        
                                                     }                                                                 
                                                   ]                                                                   
                                                 }                                                                     
                                               ]                                                                       
                                             }                                                                         
                                           ]                                                                           
                                         }                                                                             
                                       ]                                                                               
                                     }                                                                                 
                                   ]                                                                                   
                                 }                                                                                     
                               ]                                                                                       
                             }                                                                                         
                           ]                                                                                           
                         }                                                                                             
                       ]                                                                                               
                     }                                                                                                 
                   ]                                                                                                   
                 },                                                                                                    
                 {                                                                                                     
                   "Node Type": "Sort",                                                                                
                   "Parent Relationship": "Inner",                                                                     
                   "Parallel Aware": false,                                                                            
                   "Startup Cost": 3188.40,                                                                            
                   "Total Cost": 3258.38,                                                                              
                   "Plan Rows": 901343,                                                                                
                   "Plan Width": 20,                                                                                   
                   "Actual Startup Time": 777.095,                                                                     
                   "Actual Total Time": 837.293,                                                                       
                   "Actual Rows": 769572,                                                                              
                   "Actual Loops": 1,                                                                                  
                   "Sort Key": ["an.person_id"],                                                                       
                   "Sort Method": "quicksort",                                                                         
                   "Sort Space Used": 89763,                                                                           
                   "Sort Space Type": "Memory",                                                                        
                   "Shared Hit Blocks": 2,                                                                             
                   "Shared Read Blocks": 11393,                                                                        
                   "Shared Dirtied Blocks": 0,                                                                         
                   "Shared Written Blocks": 0,                                                                         
                   "Local Hit Blocks": 0,                                                                              
                   "Local Read Blocks": 0,                                                                             
                   "Local Dirtied Blocks": 0,                                                                          
                   "Local Written Blocks": 0,                                                                          
                   "Temp Read Blocks": 0,                                                                              
                   "Temp Written Blocks": 0,                                                                           
                   "Plans": [                                                                                          
                     {                                                                                                 
                       "Node Type": "Seq Scan",                                                                        
                       "Parent Relationship": "Outer",                                                                 
                       "Parallel Aware": false,                                                                        
                       "Relation Name": "aka_name",                                                                    
                       "Alias": "an",                                                                                  
                       "Startup Cost": 0.00,                                                                           
                       "Total Cost": 419.75,                                                                           
                       "Plan Rows": 901343,                                                                            
                       "Plan Width": 20,                                                                               
                       "Actual Startup Time": 0.006,                                                                   
                       "Actual Total Time": 329.094,                                                                   
                       "Actual Rows": 901343,                                                                          
                       "Actual Loops": 1,                                                                              
                       "Shared Hit Blocks": 2,                                                                         
                       "Shared Read Blocks": 11393,                                                                    
                       "Shared Dirtied Blocks": 0,                                                                     
                       "Shared Written Blocks": 0,                                                                     
                       "Local Hit Blocks": 0,                                                                          
                       "Local Read Blocks": 0,                                                                         
                       "Local Dirtied Blocks": 0,                                                                      
                       "Local Written Blocks": 0,                                                                      
                       "Temp Read Blocks": 0,                                                                          
                       "Temp Written Blocks": 0                                                                        
                     }                                                                                                 
                   ]                                                                                                   
                 }                                                                                                     
               ]                                                                                                       
             },                                                                                                        
             {                                                                                                         
               "Node Type": "Sort",                                                                                    
               "Parent Relationship": "Inner",                                                                         
               "Parallel Aware": false,                                                                                
               "Startup Cost": 16263.33,                                                                               
               "Total Cost": 16586.90,                                                                                 
               "Plan Rows": 4167491,                                                                                   
               "Plan Width": 4,                                                                                        
               "Actual Startup Time": 3477.624,                                                                        
               "Actual Total Time": 3735.885,                                                                          
               "Actual Rows": 3998486,                                                                                 
               "Actual Loops": 1,                                                                                      
               "Sort Key": ["n.id"],                                                                                   
               "Sort Method": "quicksort",                                                                             
               "Sort Space Used": 293656,                                                                              
               "Sort Space Type": "Memory",                                                                            
               "Shared Hit Blocks": 2,                                                                                 
               "Shared Read Blocks": 55611,                                                                            
               "Shared Dirtied Blocks": 0,                                                                             
               "Shared Written Blocks": 0,                                                                             
               "Local Hit Blocks": 0,                                                                                  
               "Local Read Blocks": 0,                                                                                 
               "Local Dirtied Blocks": 0,                                                                              
               "Local Written Blocks": 0,                                                                              
               "Temp Read Blocks": 0,                                                                                  
               "Temp Written Blocks": 0,                                                                               
               "Plans": [                                                                                              
                 {                                                                                                     
                   "Node Type": "Seq Scan",                                                                            
                   "Parent Relationship": "Outer",                                                                     
                   "Parallel Aware": false,                                                                            
                   "Relation Name": "name",                                                                            
                   "Alias": "n",                                                                                       
                   "Startup Cost": 0.00,                                                                               
                   "Total Cost": 2032.56,                                                                              
                   "Plan Rows": 4167491,                                                                               
                   "Plan Width": 4,                                                                                    
                   "Actual Startup Time": 9.432,                                                                       
                   "Actual Total Time": 1656.908,                                                                      
                   "Actual Rows": 4167491,                                                                             
                   "Actual Loops": 1,                                                                                  
                   "Shared Hit Blocks": 2,                                                                             
                   "Shared Read Blocks": 55611,                                                                        
                   "Shared Dirtied Blocks": 0,                                                                         
                   "Shared Written Blocks": 0,                                                                         
                   "Local Hit Blocks": 0,                                                                              
                   "Local Read Blocks": 0,                                                                             
                   "Local Dirtied Blocks": 0,                                                                          
                   "Local Written Blocks": 0,                                                                          
                   "Temp Read Blocks": 0,                                                                              
                   "Temp Written Blocks": 0                                                                            
                 }                                                                                                     
               ]                                                                                                       
             }                                                                                                         
           ]                                                                                                           
         }                                                                                                             
       ]                                                                                                               
     },                                                                                                                
     "Planning Time": 7463.979,                                                                                        
     "Triggers": [                                                                                                     
     ],                                                                                                                
     "Execution Time": 231733.926                                                                                      
   }                                                                                                                   
 ]
