 [                                                                                                                 
   {                                                                                                               
     "Plan": {                                                                                                     
       "Node Type": "Aggregate",                                                                                   
       "Strategy": "Plain",                                                                                        
       "Partial Mode": "Simple",                                                                                   
       "Parallel Aware": false,                                                                                    
       "Startup Cost": 199964.99,                                                                                  
       "Total Cost": 199964.99,                                                                                    
       "Plan Rows": 1,                                                                                             
       "Plan Width": 64,                                                                                           
       "Actual Startup Time": 47255.375,                                                                           
       "Actual Total Time": 47255.375,                                                                             
       "Actual Rows": 1,                                                                                           
       "Actual Loops": 1,                                                                                          
       "Shared Hit Blocks": 23,                                                                                    
       "Shared Read Blocks": 402827,                                                                               
       "Shared Dirtied Blocks": 0,                                                                                 
       "Shared Written Blocks": 0,                                                                                 
       "Local Hit Blocks": 0,                                                                                      
       "Local Read Blocks": 0,                                                                                     
       "Local Dirtied Blocks": 0,                                                                                  
       "Local Written Blocks": 0,                                                                                  
       "Temp Read Blocks": 0,                                                                                      
       "Temp Written Blocks": 0,                                                                                   
       "Plans": [                                                                                                  
         {                                                                                                         
           "Node Type": "Merge Join",                                                                              
           "Parent Relationship": "Outer",                                                                         
           "Parallel Aware": false,                                                                                
           "Join Type": "Inner",                                                                                   
           "Startup Cost": 199197.52,                                                                              
           "Total Cost": 199964.89,                                                                                
           "Plan Rows": 686,                                                                                       
           "Plan Width": 33,                                                                                       
           "Actual Startup Time": 43114.413,                                                                       
           "Actual Total Time": 46434.073,                                                                         
           "Actual Rows": 3710592,                                                                                 
           "Actual Loops": 1,                                                                                      
           "Inner Unique": true,                                                                                   
           "Merge Cond": "(an.person_id = n.id)",                                                                  
           "Shared Hit Blocks": 23,                                                                                
           "Shared Read Blocks": 402827,                                                                           
           "Shared Dirtied Blocks": 0,                                                                             
           "Shared Written Blocks": 0,                                                                             
           "Local Hit Blocks": 0,                                                                                  
           "Local Read Blocks": 0,                                                                                 
           "Local Dirtied Blocks": 0,                                                                              
           "Local Written Blocks": 0,                                                                              
           "Temp Read Blocks": 0,                                                                                  
           "Temp Written Blocks": 0,                                                                               
           "Plans": [                                                                                              
             {                                                                                                     
               "Node Type": "Merge Join",                                                                          
               "Parent Relationship": "Outer",                                                                     
               "Parallel Aware": false,                                                                            
               "Join Type": "Inner",                                                                               
               "Startup Cost": 182934.19,                                                                          
               "Total Cost": 183054.33,                                                                            
               "Plan Rows": 686,                                                                                   
               "Plan Width": 41,                                                                                   
               "Actual Startup Time": 39640.718,                                                                   
               "Actual Total Time": 41535.842,                                                                     
               "Actual Rows": 3710592,                                                                             
               "Actual Loops": 1,                                                                                  
               "Inner Unique": false,                                                                              
               "Merge Cond": "(ci.person_id = an.person_id)",                                                      
               "Shared Hit Blocks": 21,                                                                            
               "Shared Read Blocks": 347216,                                                                       
               "Shared Dirtied Blocks": 0,                                                                         
               "Shared Written Blocks": 0,                                                                         
               "Local Hit Blocks": 0,                                                                              
               "Local Read Blocks": 0,                                                                             
               "Local Dirtied Blocks": 0,                                                                          
               "Local Written Blocks": 0,                                                                          
               "Temp Read Blocks": 0,                                                                              
               "Temp Written Blocks": 0,                                                                           
               "Plans": [                                                                                          
                 {                                                                                                 
                   "Node Type": "Sort",                                                                            
                   "Parent Relationship": "Outer",                                                                 
                   "Parallel Aware": false,                                                                        
                   "Startup Cost": 179745.79,                                                                      
                   "Total Cost": 179745.85,                                                                        
                   "Plan Rows": 789,                                                                               
                   "Plan Width": 21,                                                                               
                   "Actual Startup Time": 38856.587,                                                               
                   "Actual Total Time": 39293.534,                                                                 
                   "Actual Rows": 2832555,                                                                         
                   "Actual Loops": 1,                                                                              
                   "Sort Key": ["ci.person_id"],                                                                   
                   "Sort Method": "quicksort",                                                                     
                   "Sort Space Used": 302846,                                                                      
                   "Sort Space Type": "Memory",                                                                    
                   "Shared Hit Blocks": 19,                                                                        
                   "Shared Read Blocks": 335823,                                                                   
                   "Shared Dirtied Blocks": 0,                                                                     
                   "Shared Written Blocks": 0,                                                                     
                   "Local Hit Blocks": 0,                                                                          
                   "Local Read Blocks": 0,                                                                         
                   "Local Dirtied Blocks": 0,                                                                      
                   "Local Written Blocks": 0,                                                                      
                   "Temp Read Blocks": 0,                                                                          
                   "Temp Written Blocks": 0,                                                                       
                   "Plans": [                                                                                      
                     {                                                                                             
                       "Node Type": "Merge Join",                                                                  
                       "Parent Relationship": "Outer",                                                             
                       "Parallel Aware": false,                                                                    
                       "Join Type": "Inner",                                                                       
                       "Startup Cost": 173724.30,                                                                  
                       "Total Cost": 179744.61,                                                                    
                       "Plan Rows": 789,                                                                           
                       "Plan Width": 21,                                                                           
                       "Actual Startup Time": 27791.694,                                                           
                       "Actual Total Time": 37767.677,                                                             
                       "Actual Rows": 2832555,                                                                     
                       "Actual Loops": 1,                                                                          
                       "Inner Unique": false,                                                                      
                       "Merge Cond": "(t.id = ci.movie_id)",                                                       
                       "Shared Hit Blocks": 15,                                                                    
                       "Shared Read Blocks": 335823,                                                               
                       "Shared Dirtied Blocks": 0,                                                                 
                       "Shared Written Blocks": 0,                                                                 
                       "Local Hit Blocks": 0,                                                                      
                       "Local Read Blocks": 0,                                                                     
                       "Local Dirtied Blocks": 0,                                                                  
                       "Local Written Blocks": 0,                                                                  
                       "Temp Read Blocks": 0,                                                                      
                       "Temp Written Blocks": 0,                                                                   
                       "Plans": [                                                                                  
                         {                                                                                         
                           "Node Type": "Merge Join",                                                              
                           "Parent Relationship": "Outer",                                                         
                           "Parallel Aware": false,                                                                
                           "Join Type": "Inner",                                                                   
                           "Startup Cost": 21967.17,                                                               
                           "Total Cost": 22359.41,                                                                 
                           "Plan Rows": 68,                                                                        
                           "Plan Width": 29,                                                                       
                           "Actual Startup Time": 6718.206,                                                        
                           "Actual Total Time": 7480.594,                                                          
                           "Actual Rows": 68316,                                                                   
                           "Actual Loops": 1,                                                                      
                           "Inner Unique": true,                                                                   
                           "Merge Cond": "(mk.movie_id = t.id)",                                                   
                           "Shared Hit Blocks": 11,                                                                
                           "Shared Read Blocks": 83173,                                                            
                           "Shared Dirtied Blocks": 0,                                                             
                           "Shared Written Blocks": 0,                                                             
                           "Local Hit Blocks": 0,                                                                  
                           "Local Read Blocks": 0,                                                                 
                           "Local Dirtied Blocks": 0,                                                              
                           "Local Written Blocks": 0,                                                              
                           "Temp Read Blocks": 0,                                                                  
                           "Temp Written Blocks": 0,                                                               
                           "Plans": [                                                                              
                             {                                                                                     
                               "Node Type": "Sort",                                                                
                               "Parent Relationship": "Outer",                                                     
                               "Parallel Aware": false,                                                            
                               "Startup Cost": 12312.81,                                                           
                               "Total Cost": 12312.82,                                                             
                               "Plan Rows": 68,                                                                    
                               "Plan Width": 8,                                                                    
                               "Actual Startup Time": 4406.903,                                                    
                               "Actual Total Time": 4417.936,                                                      
                               "Actual Rows": 68316,                                                               
                               "Actual Loops": 1,                                                                  
                               "Sort Key": ["mc.movie_id"],                                                        
                               "Sort Method": "quicksort",                                                         
                               "Sort Space Used": 6275,                                                            
                               "Sort Space Type": "Memory",                                                        
                               "Shared Hit Blocks": 10,                                                            
                               "Shared Read Blocks": 47176,                                                        
                               "Shared Dirtied Blocks": 0,                                                         
                               "Shared Written Blocks": 0,                                                         
                               "Local Hit Blocks": 0,                                                              
                               "Local Read Blocks": 0,                                                             
                               "Local Dirtied Blocks": 0,                                                          
                               "Local Written Blocks": 0,                                                          
                               "Temp Read Blocks": 0,                                                              
                               "Temp Written Blocks": 0,                                                           
                               "Plans": [                                                                          
                                 {                                                                                 
                                   "Node Type": "Merge Join",                                                      
                                   "Parent Relationship": "Outer",                                                 
                                   "Parallel Aware": false,                                                        
                                   "Join Type": "Inner",                                                           
                                   "Startup Cost": 12299.54,                                                       
                                   "Total Cost": 12312.75,                                                         
                                   "Plan Rows": 68,                                                                
                                   "Plan Width": 8,                                                                
                                   "Actual Startup Time": 4321.217,                                                
                                   "Actual Total Time": 4383.342,                                                  
                                   "Actual Rows": 68316,                                                           
                                   "Actual Loops": 1,                                                              
                                   "Inner Unique": true,                                                           
                                   "Merge Cond": "(mc.company_id = cn.id)",                                        
                                   "Shared Hit Blocks": 10,                                                        
                                   "Shared Read Blocks": 47176,                                                    
                                   "Shared Dirtied Blocks": 0,                                                     
                                   "Shared Written Blocks": 0,                                                     
                                   "Local Hit Blocks": 0,                                                          
                                   "Local Read Blocks": 0,                                                         
                                   "Local Dirtied Blocks": 0,                                                      
                                   "Local Written Blocks": 0,                                                      
                                   "Temp Read Blocks": 0,                                                          
                                   "Temp Written Blocks": 0,                                                       
                                   "Plans": [                                                                      
                                     {                                                                             
                                       "Node Type": "Sort",                                                        
                                       "Parent Relationship": "Outer",                                             
                                       "Parallel Aware": false,                                                    
                                       "Startup Cost": 11955.44,                                                   
                                       "Total Cost": 11955.45,                                                     
                                       "Plan Rows": 190,                                                           
                                       "Plan Width": 12,                                                           
                                       "Actual Startup Time": 4152.563,                                            
                                       "Actual Total Time": 4168.782,                                              
                                       "Actual Rows": 148552,                                                      
                                       "Actual Loops": 1,                                                          
                                       "Sort Key": ["mc.company_id"],                                              
                                       "Sort Method": "quicksort",                                                 
                                       "Sort Space Used": 13108,                                                   
                                       "Sort Space Type": "Memory",                                                
                                       "Shared Hit Blocks": 8,                                                     
                                       "Shared Read Blocks": 44184,                                                
                                       "Shared Dirtied Blocks": 0,                                                 
                                       "Shared Written Blocks": 0,                                                 
                                       "Local Hit Blocks": 0,                                                      
                                       "Local Read Blocks": 0,                                                     
                                       "Local Dirtied Blocks": 0,                                                  
                                       "Local Written Blocks": 0,                                                  
                                       "Temp Read Blocks": 0,                                                      
                                       "Temp Written Blocks": 0,                                                   
                                       "Plans": [                                                                  
                                         {                                                                         
                                           "Node Type": "Merge Join",                                              
                                           "Parent Relationship": "Outer",                                         
                                           "Parallel Aware": false,                                                
                                           "Join Type": "Inner",                                                   
                                           "Startup Cost": 11550.05,                                               
                                           "Total Cost": 11955.21,                                                 
                                           "Plan Rows": 190,                                                       
                                           "Plan Width": 12,                                                       
                                           "Actual Startup Time": 3713.728,                                        
                                           "Actual Total Time": 4104.516,                                          
                                           "Actual Rows": 148552,                                                  
                                           "Actual Loops": 1,                                                      
                                           "Inner Unique": false,                                                  
                                           "Merge Cond": "(mk.movie_id = mc.movie_id)",                            
                                           "Shared Hit Blocks": 8,                                                 
                                           "Shared Read Blocks": 44184,                                            
                                           "Shared Dirtied Blocks": 0,                                             
                                           "Shared Written Blocks": 0,                                             
                                           "Local Hit Blocks": 0,                                                  
                                           "Local Read Blocks": 0,                                                 
                                           "Local Dirtied Blocks": 0,                                              
                                           "Local Written Blocks": 0,                                              
                                           "Temp Read Blocks": 0,                                                  
                                           "Temp Written Blocks": 0,                                               
                                           "Plans": [                                                              
                                             {                                                                     
                                               "Node Type": "Sort",                                                
                                               "Parent Relationship": "Outer",                                     
                                               "Parallel Aware": false,                                            
                                               "Startup Cost": 2144.60,                                            
                                               "Total Cost": 2144.60,                                              
                                               "Plan Rows": 34,                                                    
                                               "Plan Width": 4,                                                    
                                               "Actual Startup Time": 2242.479,                                    
                                               "Actual Total Time": 2244.648,                                      
                                               "Actual Rows": 41839,                                               
                                               "Actual Loops": 1,                                                  
                                               "Sort Key": ["mk.movie_id"],                                        
                                               "Sort Method": "quicksort",                                         
                                               "Sort Space Used": 3498,                                            
                                               "Sort Space Type": "Memory",                                        
                                               "Shared Hit Blocks": 5,                                             
                                               "Shared Read Blocks": 25398,                                        
                                               "Shared Dirtied Blocks": 0,                                         
                                               "Shared Written Blocks": 0,                                         
                                               "Local Hit Blocks": 0,                                              
                                               "Local Read Blocks": 0,                                             
                                               "Local Dirtied Blocks": 0,                                          
                                               "Local Written Blocks": 0,                                          
                                               "Temp Read Blocks": 0,                                              
                                               "Temp Written Blocks": 0,                                           
                                               "Plans": [                                                          
                                                 {                                                                 
                                                   "Node Type": "Nested Loop",                                     
                                                   "Parent Relationship": "Outer",                                 
                                                   "Parallel Aware": false,                                        
                                                   "Join Type": "Inner",                                           
                                                   "Startup Cost": 0.00,                                           
                                                   "Total Cost": 2144.57,                                          
                                                   "Plan Rows": 34,                                                
                                                   "Plan Width": 4,                                                
                                                   "Actual Startup Time": 84.095,                                  
                                                   "Actual Total Time": 2228.516,                                  
                                                   "Actual Rows": 41840,                                           
                                                   "Actual Loops": 1,                                              
                                                   "Inner Unique": true,                                           
                                                   "Join Filter": "(k.id = mk.keyword_id)",                        
                                                   "Rows Removed by Join Filter": 4482090,                         
                                                   "Shared Hit Blocks": 5,                                         
                                                   "Shared Read Blocks": 25398,                                    
                                                   "Shared Dirtied Blocks": 0,                                     
                                                   "Shared Written Blocks": 0,                                     
                                                   "Local Hit Blocks": 0,                                          
                                                   "Local Read Blocks": 0,                                         
                                                   "Local Dirtied Blocks": 0,                                      
                                                   "Local Written Blocks": 0,                                      
                                                   "Temp Read Blocks": 0,                                          
                                                   "Temp Written Blocks": 0,                                       
                                                   "Plans": [                                                      
                                                     {                                                             
                                                       "Node Type": "Seq Scan",                                    
                                                       "Parent Relationship": "Outer",                             
                                                       "Parallel Aware": false,                                    
                                                       "Relation Name": "movie_keyword",                           
                                                       "Alias": "mk",                                              
                                                       "Startup Cost": 0.00,                                       
                                                       "Total Cost": 1079.84,                                      
                                                       "Plan Rows": 4523930,                                       
                                                       "Plan Width": 8,                                            
                                                       "Actual Startup Time": 0.019,                               
                                                       "Actual Total Time": 477.437,                               
                                                       "Actual Rows": 4523930,                                     
                                                       "Actual Loops": 1,                                          
                                                       "Shared Hit Blocks": 3,                                     
                                                       "Shared Read Blocks": 24451,                                
                                                       "Shared Dirtied Blocks": 0,                                 
                                                       "Shared Written Blocks": 0,                                 
                                                       "Local Hit Blocks": 0,                                      
                                                       "Local Read Blocks": 0,                                     
                                                       "Local Dirtied Blocks": 0,                                  
                                                       "Local Written Blocks": 0,                                  
                                                       "Temp Read Blocks": 0,                                      
                                                       "Temp Written Blocks": 0                                    
                                                     },                                                            
                                                     {                                                             
                                                       "Node Type": "Materialize",                                 
                                                       "Parent Relationship": "Inner",                             
                                                       "Parallel Aware": false,                                    
                                                       "Startup Cost": 0.00,                                       
                                                       "Total Cost": 49.46,                                        
                                                       "Plan Rows": 1,                                             
                                                       "Plan Width": 4,                                            
                                                       "Actual Startup Time": 0.000,                               
                                                       "Actual Total Time": 0.000,                                 
                                                       "Actual Rows": 1,                                           
                                                       "Actual Loops": 4523930,                                    
                                                       "Shared Hit Blocks": 2,                                     
                                                       "Shared Read Blocks": 947,                                  
                                                       "Shared Dirtied Blocks": 0,                                 
                                                       "Shared Written Blocks": 0,                                 
                                                       "Local Hit Blocks": 0,                                      
                                                       "Local Read Blocks": 0,                                     
                                                       "Local Dirtied Blocks": 0,                                  
                                                       "Local Written Blocks": 0,                                  
                                                       "Temp Read Blocks": 0,                                      
                                                       "Temp Written Blocks": 0,                                   
                                                       "Plans": [                                                  
                                                         {                                                         
                                                           "Node Type": "Seq Scan",                                
                                                           "Parent Relationship": "Outer",                         
                                                           "Parallel Aware": false,                                
                                                           "Relation Name": "keyword",                             
                                                           "Alias": "k",                                           
                                                           "Startup Cost": 0.00,                                   
                                                           "Total Cost": 49.46,                                    
                                                           "Plan Rows": 1,                                         
                                                           "Plan Width": 4,                                        
                                                           "Actual Startup Time": 22.649,                          
                                                           "Actual Total Time": 83.943,                            
                                                           "Actual Rows": 1,                                       
                                                           "Actual Loops": 1,                                      
                                                           "Filter": "(keyword = 'character-name-in-title'::text)",
                                                           "Rows Removed by Filter": 134169,                       
                                                           "Shared Hit Blocks": 2,                                 
                                                           "Shared Read Blocks": 947,                              
                                                           "Shared Dirtied Blocks": 0,                             
                                                           "Shared Written Blocks": 0,                             
                                                           "Local Hit Blocks": 0,                                  
                                                           "Local Read Blocks": 0,                                 
                                                           "Local Dirtied Blocks": 0,                              
                                                           "Local Written Blocks": 0,                              
                                                           "Temp Read Blocks": 0,                                  
                                                           "Temp Written Blocks": 0                                
                                                         }                                                         
                                                       ]                                                           
                                                     }                                                             
                                                   ]                                                               
                                                 }                                                                 
                                               ]                                                                   
                                             },                                                                    
                                             {                                                                     
                                               "Node Type": "Sort",                                                
                                               "Parent Relationship": "Inner",                                     
                                               "Parallel Aware": false,                                            
                                               "Startup Cost": 9405.45,                                            
                                               "Total Cost": 9608.03,                                              
                                               "Plan Rows": 2609129,                                               
                                               "Plan Width": 8,                                                    
                                               "Actual Startup Time": 1471.125,                                    
                                               "Actual Total Time": 1590.678,                                      
                                               "Actual Rows": 2609194,                                             
                                               "Actual Loops": 1,                                                  
                                               "Sort Key": ["mc.movie_id"],                                        
                                               "Sort Method": "quicksort",                                         
                                               "Sort Space Used": 220607,                                          
                                               "Sort Space Type": "Memory",                                        
                                               "Shared Hit Blocks": 3,                                             
                                               "Shared Read Blocks": 18786,                                        
                                               "Shared Dirtied Blocks": 0,                                         
                                               "Shared Written Blocks": 0,                                         
                                               "Local Hit Blocks": 0,                                              
                                               "Local Read Blocks": 0,                                             
                                               "Local Dirtied Blocks": 0,                                          
                                               "Local Written Blocks": 0,                                          
                                               "Temp Read Blocks": 0,                                              
                                               "Temp Written Blocks": 0,                                           
                                               "Plans": [                                                          
                                                 {                                                                 
                                                   "Node Type": "Seq Scan",                                        
                                                   "Parent Relationship": "Outer",                                 
                                                   "Parallel Aware": false,                                        
                                                   "Relation Name": "movie_companies",                             
                                                   "Alias": "mc",                                                  
                                                   "Startup Cost": 0.00,                                           
                                                   "Total Cost": 769.75,                                           
                                                   "Plan Rows": 2609129,                                           
                                                   "Plan Width": 8,                                                
                                                   "Actual Startup Time": 0.008,                                   
                                                   "Actual Total Time": 551.608,                                   
                                                   "Actual Rows": 2609129,                                         
                                                   "Actual Loops": 1,                                              
                                                   "Shared Hit Blocks": 3,                                         
                                                   "Shared Read Blocks": 18786,                                    
                                                   "Shared Dirtied Blocks": 0,                                     
                                                   "Shared Written Blocks": 0,                                     
                                                   "Local Hit Blocks": 0,                                          
                                                   "Local Read Blocks": 0,                                         
                                                   "Local Dirtied Blocks": 0,                                      
                                                   "Local Written Blocks": 0,                                      
                                                   "Temp Read Blocks": 0,                                          
                                                   "Temp Written Blocks": 0                                        
                                                 }                                                                 
                                               ]                                                                   
                                             }                                                                     
                                           ]                                                                       
                                         }                                                                         
                                       ]                                                                           
                                     },                                                                            
                                     {                                                                             
                                       "Node Type": "Sort",                                                        
                                       "Parent Relationship": "Inner",                                             
                                       "Parallel Aware": false,                                                    
                                       "Startup Cost": 344.10,                                                     
                                       "Total Cost": 350.69,                                                       
                                       "Plan Rows": 84843,                                                         
                                       "Plan Width": 4,                                                            
                                       "Actual Startup Time": 168.647,                                             
                                       "Actual Total Time": 177.594,                                               
                                       "Actual Rows": 84843,                                                       
                                       "Actual Loops": 1,                                                          
                                       "Sort Key": ["cn.id"],                                                      
                                       "Sort Method": "quicksort",                                                 
                                       "Sort Space Used": 7050,                                                    
                                       "Sort Space Type": "Memory",                                                
                                       "Shared Hit Blocks": 2,                                                     
                                       "Shared Read Blocks": 2992,                                                 
                                       "Shared Dirtied Blocks": 0,                                                 
                                       "Shared Written Blocks": 0,                                                 
                                       "Local Hit Blocks": 0,                                                      
                                       "Local Read Blocks": 0,                                                     
                                       "Local Dirtied Blocks": 0,                                                  
                                       "Local Written Blocks": 0,                                                  
                                       "Temp Read Blocks": 0,                                                      
                                       "Temp Written Blocks": 0,                                                   
                                       "Plans": [                                                                  
                                         {                                                                         
                                           "Node Type": "Seq Scan",                                                
                                           "Parent Relationship": "Outer",                                         
                                           "Parallel Aware": false,                                                
                                           "Relation Name": "company_name",                                        
                                           "Alias": "cn",                                                          
                                           "Startup Cost": 0.00,                                                   
                                           "Total Cost": 128.41,                                                   
                                           "Plan Rows": 84843,                                                     
                                           "Plan Width": 4,                                                        
                                           "Actual Startup Time": 9.473,                                           
                                           "Actual Total Time": 124.205,                                           
                                           "Actual Rows": 84843,                                                   
                                           "Actual Loops": 1,                                                      
                                           "Filter": "((country_code)::text = '[us]'::text)",                      
                                           "Rows Removed by Filter": 150154,                                       
                                           "Shared Hit Blocks": 2,                                                 
                                           "Shared Read Blocks": 2992,                                             
                                           "Shared Dirtied Blocks": 0,                                             
                                           "Shared Written Blocks": 0,                                             
                                           "Local Hit Blocks": 0,                                                  
                                           "Local Read Blocks": 0,                                                 
                                           "Local Dirtied Blocks": 0,                                              
                                           "Local Written Blocks": 0,                                              
                                           "Temp Read Blocks": 0,                                                  
                                           "Temp Written Blocks": 0                                                
                                         }                                                                         
                                       ]                                                                           
                                     }                                                                             
                                   ]                                                                               
                                 }                                                                                 
                               ]                                                                                   
                             },                                                                                    
                             {                                                                                     
                               "Node Type": "Sort",                                                                
                               "Parent Relationship": "Inner",                                                     
                               "Parallel Aware": false,                                                            
                               "Startup Cost": 9654.35,                                                            
                               "Total Cost": 9850.65,                                                              
                               "Plan Rows": 2528312,                                                               
                               "Plan Width": 21,                                                                   
                               "Actual Startup Time": 2310.981,                                                    
                               "Actual Total Time": 2672.524,                                                      
                               "Actual Rows": 2524891,                                                             
                               "Actual Loops": 1,                                                                  
                               "Sort Key": ["t.id"],                                                               
                               "Sort Method": "quicksort",                                                         
                               "Sort Space Used": 275055,                                                          
                               "Sort Space Type": "Memory",                                                        
                               "Shared Hit Blocks": 1,                                                             
                               "Shared Read Blocks": 35997,                                                        
                               "Shared Dirtied Blocks": 0,                                                         
                               "Shared Written Blocks": 0,                                                         
                               "Local Hit Blocks": 0,                                                              
                               "Local Read Blocks": 0,                                                             
                               "Local Dirtied Blocks": 0,                                                          
                               "Local Written Blocks": 0,                                                          
                               "Temp Read Blocks": 0,                                                              
                               "Temp Written Blocks": 0,                                                           
                               "Plans": [                                                                          
                                 {                                                                                 
                                   "Node Type": "Seq Scan",                                                        
                                   "Parent Relationship": "Outer",                                                 
                                   "Parallel Aware": false,                                                        
                                   "Relation Name": "title",                                                       
                                   "Alias": "t",                                                                   
                                   "Startup Cost": 0.00,                                                           
                                   "Total Cost": 1303.96,                                                          
                                   "Plan Rows": 2528312,                                                           
                                   "Plan Width": 21,                                                               
                                   "Actual Startup Time": 5.428,                                                   
                                   "Actual Total Time": 991.603,                                                   
                                   "Actual Rows": 2528312,                                                         
                                   "Actual Loops": 1,                                                              
                                   "Shared Hit Blocks": 1,                                                         
                                   "Shared Read Blocks": 35997,                                                    
                                   "Shared Dirtied Blocks": 0,                                                     
                                   "Shared Written Blocks": 0,                                                     
                                   "Local Hit Blocks": 0,                                                          
                                   "Local Read Blocks": 0,                                                         
                                   "Local Dirtied Blocks": 0,                                                      
                                   "Local Written Blocks": 0,                                                      
                                   "Temp Read Blocks": 0,                                                          
                                   "Temp Written Blocks": 0                                                        
                                 }                                                                                 
                               ]                                                                                   
                             }                                                                                     
                           ]                                                                                       
                         },                                                                                        
                         {                                                                                         
                           "Node Type": "Sort",                                                                    
                           "Parent Relationship": "Inner",                                                         
                           "Parallel Aware": false,                                                                
                           "Startup Cost": 151757.13,                                                              
                           "Total Cost": 154571.13,                                                                
                           "Plan Rows": 36244344,                                                                  
                           "Plan Width": 8,                                                                        
                           "Actual Startup Time": 21062.980,                                                       
                           "Actual Total Time": 25523.661,                                                         
                           "Actual Rows": 38314797,                                                                
                           "Actual Loops": 1,                                                                      
                           "Sort Key": ["ci.movie_id"],                                                            
                           "Sort Method": "quicksort",                                                             
                           "Sort Space Used": 3271818,                                                             
                           "Sort Space Type": "Memory",                                                            
                           "Shared Hit Blocks": 4,                                                                 
                           "Shared Read Blocks": 252650,                                                           
                           "Shared Dirtied Blocks": 0,                                                             
                           "Shared Written Blocks": 0,                                                             
                           "Local Hit Blocks": 0,                                                                  
                           "Local Read Blocks": 0,                                                                 
                           "Local Dirtied Blocks": 0,                                                              
                           "Local Written Blocks": 0,                                                              
                           "Temp Read Blocks": 0,                                                                  
                           "Temp Written Blocks": 0,                                                               
                           "Plans": [                                                                              
                             {                                                                                     
                               "Node Type": "Seq Scan",                                                            
                               "Parent Relationship": "Outer",                                                     
                               "Parallel Aware": false,                                                            
                               "Relation Name": "cast_info",                                                       
                               "Alias": "ci",                                                                      
                               "Startup Cost": 0.00,                                                               
                               "Total Cost": 10431.00,                                                             
                               "Plan Rows": 36244344,                                                              
                               "Plan Width": 8,                                                                    
                               "Actual Startup Time": 0.012,                                                       
                               "Actual Total Time": 6845.833,                                                      
                               "Actual Rows": 36244344,                                                            
                               "Actual Loops": 1,                                                                  
                               "Shared Hit Blocks": 4,                                                             
                               "Shared Read Blocks": 252650,                                                       
                               "Shared Dirtied Blocks": 0,                                                         
                               "Shared Written Blocks": 0,                                                         
                               "Local Hit Blocks": 0,                                                              
                               "Local Read Blocks": 0,                                                             
                               "Local Dirtied Blocks": 0,                                                          
                               "Local Written Blocks": 0,                                                          
                               "Temp Read Blocks": 0,                                                              
                               "Temp Written Blocks": 0                                                            
                             }                                                                                     
                           ]                                                                                       
                         }                                                                                         
                       ]                                                                                           
                     }                                                                                             
                   ]                                                                                               
                 },                                                                                                
                 {                                                                                                 
                   "Node Type": "Sort",                                                                            
                   "Parent Relationship": "Inner",                                                                 
                   "Parallel Aware": false,                                                                        
                   "Startup Cost": 3188.40,                                                                        
                   "Total Cost": 3258.38,                                                                          
                   "Plan Rows": 901343,                                                                            
                   "Plan Width": 20,                                                                               
                   "Actual Startup Time": 784.120,                                                                 
                   "Actual Total Time": 1035.347,                                                                  
                   "Actual Rows": 4256007,                                                                         
                   "Actual Loops": 1,                                                                              
                   "Sort Key": ["an.person_id"],                                                                   
                   "Sort Method": "quicksort",                                                                     
                   "Sort Space Used": 89763,                                                                       
                   "Sort Space Type": "Memory",                                                                    
                   "Shared Hit Blocks": 2,                                                                         
                   "Shared Read Blocks": 11393,                                                                    
                   "Shared Dirtied Blocks": 0,                                                                     
                   "Shared Written Blocks": 0,                                                                     
                   "Local Hit Blocks": 0,                                                                          
                   "Local Read Blocks": 0,                                                                         
                   "Local Dirtied Blocks": 0,                                                                      
                   "Local Written Blocks": 0,                                                                      
                   "Temp Read Blocks": 0,                                                                          
                   "Temp Written Blocks": 0,                                                                       
                   "Plans": [                                                                                      
                     {                                                                                             
                       "Node Type": "Seq Scan",                                                                    
                       "Parent Relationship": "Outer",                                                             
                       "Parallel Aware": false,                                                                    
                       "Relation Name": "aka_name",                                                                
                       "Alias": "an",                                                                              
                       "Startup Cost": 0.00,                                                                       
                       "Total Cost": 419.75,                                                                       
                       "Plan Rows": 901343,                                                                        
                       "Plan Width": 20,                                                                           
                       "Actual Startup Time": 0.016,                                                               
                       "Actual Total Time": 336.804,                                                               
                       "Actual Rows": 901343,                                                                      
                       "Actual Loops": 1,                                                                          
                       "Shared Hit Blocks": 2,                                                                     
                       "Shared Read Blocks": 11393,                                                                
                       "Shared Dirtied Blocks": 0,                                                                 
                       "Shared Written Blocks": 0,                                                                 
                       "Local Hit Blocks": 0,                                                                      
                       "Local Read Blocks": 0,                                                                     
                       "Local Dirtied Blocks": 0,                                                                  
                       "Local Written Blocks": 0,                                                                  
                       "Temp Read Blocks": 0,                                                                      
                       "Temp Written Blocks": 0                                                                    
                     }                                                                                             
                   ]                                                                                               
                 }                                                                                                 
               ]                                                                                                   
             },                                                                                                    
             {                                                                                                     
               "Node Type": "Sort",                                                                                
               "Parent Relationship": "Inner",                                                                     
               "Parallel Aware": false,                                                                            
               "Startup Cost": 16263.33,                                                                           
               "Total Cost": 16586.90,                                                                             
               "Plan Rows": 4167491,                                                                               
               "Plan Width": 4,                                                                                    
               "Actual Startup Time": 3473.683,                                                                    
               "Actual Total Time": 3841.475,                                                                      
               "Actual Rows": 4061913,                                                                             
               "Actual Loops": 1,                                                                                  
               "Sort Key": ["n.id"],                                                                               
               "Sort Method": "quicksort",                                                                         
               "Sort Space Used": 293656,                                                                          
               "Sort Space Type": "Memory",                                                                        
               "Shared Hit Blocks": 2,                                                                             
               "Shared Read Blocks": 55611,                                                                        
               "Shared Dirtied Blocks": 0,                                                                         
               "Shared Written Blocks": 0,                                                                         
               "Local Hit Blocks": 0,                                                                              
               "Local Read Blocks": 0,                                                                             
               "Local Dirtied Blocks": 0,                                                                          
               "Local Written Blocks": 0,                                                                          
               "Temp Read Blocks": 0,                                                                              
               "Temp Written Blocks": 0,                                                                           
               "Plans": [                                                                                          
                 {                                                                                                 
                   "Node Type": "Seq Scan",                                                                        
                   "Parent Relationship": "Outer",                                                                 
                   "Parallel Aware": false,                                                                        
                   "Relation Name": "name",                                                                        
                   "Alias": "n",                                                                                   
                   "Startup Cost": 0.00,                                                                           
                   "Total Cost": 2032.56,                                                                          
                   "Plan Rows": 4167491,                                                                           
                   "Plan Width": 4,                                                                                
                   "Actual Startup Time": 5.494,                                                                   
                   "Actual Total Time": 1639.275,                                                                  
                   "Actual Rows": 4167491,                                                                         
                   "Actual Loops": 1,                                                                              
                   "Shared Hit Blocks": 2,                                                                         
                   "Shared Read Blocks": 55611,                                                                    
                   "Shared Dirtied Blocks": 0,                                                                     
                   "Shared Written Blocks": 0,                                                                     
                   "Local Hit Blocks": 0,                                                                          
                   "Local Read Blocks": 0,                                                                         
                   "Local Dirtied Blocks": 0,                                                                      
                   "Local Written Blocks": 0,                                                                      
                   "Temp Read Blocks": 0,                                                                          
                   "Temp Written Blocks": 0                                                                        
                 }                                                                                                 
               ]                                                                                                   
             }                                                                                                     
           ]                                                                                                       
         }                                                                                                         
       ]                                                                                                           
     },                                                                                                            
     "Planning Time": 7636.106,                                                                                    
     "Triggers": [                                                                                                 
     ],                                                                                                            
     "Execution Time": 47392.238                                                                                   
   }                                                                                                               
 ]
