 [                                                                                                                     
   {                                                                                                                   
     "Plan": {                                                                                                         
       "Node Type": "Aggregate",                                                                                       
       "Strategy": "Plain",                                                                                            
       "Partial Mode": "Simple",                                                                                       
       "Parallel Aware": false,                                                                                        
       "Startup Cost": 153273.06,                                                                                      
       "Total Cost": 153273.06,                                                                                        
       "Plan Rows": 1,                                                                                                 
       "Plan Width": 64,                                                                                               
       "Actual Startup Time": 38162231.715,                                                                            
       "Actual Total Time": 38162231.716,                                                                              
       "Actual Rows": 1,                                                                                               
       "Actual Loops": 1,                                                                                              
       "Shared Hit Blocks": 24,                                                                                        
       "Shared Read Blocks": 402826,                                                                                   
       "Shared Dirtied Blocks": 0,                                                                                     
       "Shared Written Blocks": 0,                                                                                     
       "Local Hit Blocks": 0,                                                                                          
       "Local Read Blocks": 0,                                                                                         
       "Local Dirtied Blocks": 0,                                                                                      
       "Local Written Blocks": 0,                                                                                      
       "Temp Read Blocks": 0,                                                                                          
       "Temp Written Blocks": 0,                                                                                       
       "Plans": [                                                                                                      
         {                                                                                                             
           "Node Type": "Merge Join",                                                                                  
           "Parent Relationship": "Outer",                                                                             
           "Parallel Aware": false,                                                                                    
           "Join Type": "Inner",                                                                                       
           "Startup Cost": 153259.72,                                                                                  
           "Total Cost": 153273.02,                                                                                    
           "Plan Rows": 257,                                                                                           
           "Plan Width": 33,                                                                                           
           "Actual Startup Time": 38161996.085,                                                                        
           "Actual Total Time": 38162139.070,                                                                          
           "Actual Rows": 319932,                                                                                      
           "Actual Loops": 1,                                                                                          
           "Inner Unique": true,                                                                                       
           "Merge Cond": "(mc.company_id = cn.id)",                                                                    
           "Shared Hit Blocks": 24,                                                                                    
           "Shared Read Blocks": 402826,                                                                               
           "Shared Dirtied Blocks": 0,                                                                                 
           "Shared Written Blocks": 0,                                                                                 
           "Local Hit Blocks": 0,                                                                                      
           "Local Read Blocks": 0,                                                                                     
           "Local Dirtied Blocks": 0,                                                                                  
           "Local Written Blocks": 0,                                                                                  
           "Temp Read Blocks": 0,                                                                                      
           "Temp Written Blocks": 0,                                                                                   
           "Plans": [                                                                                                  
             {                                                                                                         
               "Node Type": "Sort",                                                                                    
               "Parent Relationship": "Outer",                                                                         
               "Parallel Aware": false,                                                                                
               "Startup Cost": 152915.62,                                                                              
               "Total Cost": 152915.67,                                                                                
               "Plan Rows": 712,                                                                                       
               "Plan Width": 37,                                                                                       
               "Actual Startup Time": 38161822.160,                                                                    
               "Actual Total Time": 38161863.540,                                                                      
               "Actual Rows": 424483,                                                                                  
               "Actual Loops": 1,                                                                                      
               "Sort Key": ["mc.company_id"],                                                                          
               "Sort Method": "quicksort",                                                                             
               "Sort Space Used": 54870,                                                                               
               "Sort Space Type": "Memory",                                                                            
               "Shared Hit Blocks": 22,                                                                                
               "Shared Read Blocks": 399834,                                                                           
               "Shared Dirtied Blocks": 0,                                                                             
               "Shared Written Blocks": 0,                                                                             
               "Local Hit Blocks": 0,                                                                                  
               "Local Read Blocks": 0,                                                                                 
               "Local Dirtied Blocks": 0,                                                                              
               "Local Written Blocks": 0,                                                                              
               "Temp Read Blocks": 0,                                                                                  
               "Temp Written Blocks": 0,                                                                               
               "Plans": [                                                                                              
                 {                                                                                                     
                   "Node Type": "Merge Join",                                                                          
                   "Parent Relationship": "Outer",                                                                     
                   "Parallel Aware": false,                                                                            
                   "Join Type": "Inner",                                                                               
                   "Startup Cost": 152509.32,                                                                          
                   "Total Cost": 152914.57,                                                                            
                   "Plan Rows": 712,                                                                                   
                   "Plan Width": 37,                                                                                   
                   "Actual Startup Time": 38161399.187,                                                                
                   "Actual Total Time": 38161683.246,                                                                  
                   "Actual Rows": 424483,                                                                              
                   "Actual Loops": 1,                                                                                  
                   "Inner Unique": false,                                                                              
                   "Merge Cond": "(ci.movie_id = mc.movie_id)",                                                        
                   "Shared Hit Blocks": 18,                                                                            
                   "Shared Read Blocks": 399834,                                                                       
                   "Shared Dirtied Blocks": 0,                                                                         
                   "Shared Written Blocks": 0,                                                                         
                   "Local Hit Blocks": 0,                                                                              
                   "Local Read Blocks": 0,                                                                             
                   "Local Dirtied Blocks": 0,                                                                          
                   "Local Written Blocks": 0,                                                                          
                   "Temp Read Blocks": 0,                                                                              
                   "Temp Written Blocks": 0,                                                                           
                   "Plans": [                                                                                          
                     {                                                                                                 
                       "Node Type": "Sort",                                                                            
                       "Parent Relationship": "Outer",                                                                 
                       "Parallel Aware": false,                                                                        
                       "Startup Cost": 143103.87,                                                                      
                       "Total Cost": 143103.89,                                                                        
                       "Plan Rows": 370,                                                                               
                       "Plan Width": 45,                                                                               
                       "Actual Startup Time": 38159751.394,                                                            
                       "Actual Total Time": 38159772.316,                                                              
                       "Actual Rows": 181492,                                                                          
                       "Actual Loops": 1,                                                                              
                       "Sort Key": ["ci.movie_id"],                                                                    
                       "Sort Method": "quicksort",                                                                     
                       "Sort Space Used": 27602,                                                                       
                       "Sort Space Type": "Memory",                                                                    
                       "Shared Hit Blocks": 15,                                                                        
                       "Shared Read Blocks": 381048,                                                                   
                       "Shared Dirtied Blocks": 0,                                                                     
                       "Shared Written Blocks": 0,                                                                     
                       "Local Hit Blocks": 0,                                                                          
                       "Local Read Blocks": 0,                                                                         
                       "Local Dirtied Blocks": 0,                                                                      
                       "Local Written Blocks": 0,                                                                      
                       "Temp Read Blocks": 0,                                                                          
                       "Temp Written Blocks": 0,                                                                       
                       "Plans": [                                                                                      
                         {                                                                                             
                           "Node Type": "Merge Join",                                                                  
                           "Parent Relationship": "Outer",                                                             
                           "Parallel Aware": false,                                                                    
                           "Join Type": "Inner",                                                                       
                           "Startup Cost": 142336.14,                                                                  
                           "Total Cost": 143103.38,                                                                    
                           "Plan Rows": 370,                                                                           
                           "Plan Width": 45,                                                                           
                           "Actual Startup Time": 38158708.734,                                                        
                           "Actual Total Time": 38159678.904,                                                          
                           "Actual Rows": 181492,                                                                      
                           "Actual Loops": 1,                                                                          
                           "Inner Unique": true,                                                                       
                           "Merge Cond": "(an.person_id = n.id)",                                                      
                           "Shared Hit Blocks": 15,                                                                    
                           "Shared Read Blocks": 381048,                                                               
                           "Shared Dirtied Blocks": 0,                                                                 
                           "Shared Written Blocks": 0,                                                                 
                           "Local Hit Blocks": 0,                                                                      
                           "Local Read Blocks": 0,                                                                     
                           "Local Dirtied Blocks": 0,                                                                  
                           "Local Written Blocks": 0,                                                                  
                           "Temp Read Blocks": 0,                                                                      
                           "Temp Written Blocks": 0,                                                                   
                           "Plans": [                                                                                  
                             {                                                                                         
                               "Node Type": "Merge Join",                                                              
                               "Parent Relationship": "Outer",                                                         
                               "Parallel Aware": false,                                                                
                               "Join Type": "Inner",                                                                   
                               "Startup Cost": 126072.80,                                                              
                               "Total Cost": 126192.86,                                                                
                               "Plan Rows": 370,                                                                       
                               "Plan Width": 53,                                                                       
                               "Actual Startup Time": 38155235.061,                                                    
                               "Actual Total Time": 38155464.432,                                                      
                               "Actual Rows": 181492,                                                                  
                               "Actual Loops": 1,                                                                      
                               "Inner Unique": false,                                                                  
                               "Merge Cond": "(ci.person_id = an.person_id)",                                          
                               "Shared Hit Blocks": 13,                                                                
                               "Shared Read Blocks": 325437,                                                           
                               "Shared Dirtied Blocks": 0,                                                             
                               "Shared Written Blocks": 0,                                                             
                               "Local Hit Blocks": 0,                                                                  
                               "Local Read Blocks": 0,                                                                 
                               "Local Dirtied Blocks": 0,                                                              
                               "Local Written Blocks": 0,                                                              
                               "Temp Read Blocks": 0,                                                                  
                               "Temp Written Blocks": 0,                                                               
                               "Plans": [                                                                              
                                 {                                                                                     
                                   "Node Type": "Sort",                                                                
                                   "Parent Relationship": "Outer",                                                     
                                   "Parallel Aware": false,                                                            
                                   "Startup Cost": 122884.40,                                                          
                                   "Total Cost": 122884.44,                                                            
                                   "Plan Rows": 426,                                                                   
                                   "Plan Width": 33,                                                                   
                                   "Actual Startup Time": 38154455.277,                                                
                                   "Actual Total Time": 38154466.121,                                                  
                                   "Actual Rows": 134210,                                                              
                                   "Actual Loops": 1,                                                                  
                                   "Sort Key": ["ci.person_id"],                                                       
                                   "Sort Method": "quicksort",                                                         
                                   "Sort Space Used": 18032,                                                           
                                   "Sort Space Type": "Memory",                                                        
                                   "Shared Hit Blocks": 11,                                                            
                                   "Shared Read Blocks": 314044,                                                       
                                   "Shared Dirtied Blocks": 0,                                                         
                                   "Shared Written Blocks": 0,                                                         
                                   "Local Hit Blocks": 0,                                                              
                                   "Local Read Blocks": 0,                                                             
                                   "Local Dirtied Blocks": 0,                                                          
                                   "Local Written Blocks": 0,                                                          
                                   "Temp Read Blocks": 0,                                                              
                                   "Temp Written Blocks": 0,                                                           
                                   "Plans": [                                                                          
                                     {                                                                                 
                                       "Node Type": "Nested Loop",                                                     
                                       "Parent Relationship": "Outer",                                                 
                                       "Parallel Aware": false,                                                        
                                       "Join Type": "Inner",                                                           
                                       "Startup Cost": 6563.92,                                                        
                                       "Total Cost": 122883.83,                                                        
                                       "Plan Rows": 426,                                                               
                                       "Plan Width": 33,                                                               
                                       "Actual Startup Time": 4630.444,                                                
                                       "Actual Total Time": 38154352.762,                                              
                                       "Actual Rows": 134210,                                                          
                                       "Actual Loops": 1,                                                              
                                       "Inner Unique": false,                                                          
                                       "Join Filter": "(t.id = ci.movie_id)",                                          
                                       "Rows Removed by Join Filter": 251028192334,                                    
                                       "Shared Hit Blocks": 11,                                                        
                                       "Shared Read Blocks": 314044,                                                   
                                       "Shared Dirtied Blocks": 0,                                                     
                                       "Shared Written Blocks": 0,                                                     
                                       "Local Hit Blocks": 0,                                                          
                                       "Local Read Blocks": 0,                                                         
                                       "Local Dirtied Blocks": 0,                                                      
                                       "Local Written Blocks": 0,                                                      
                                       "Temp Read Blocks": 0,                                                          
                                       "Temp Written Blocks": 0,                                                       
                                       "Plans": [                                                                      
                                         {                                                                             
                                           "Node Type": "Seq Scan",                                                    
                                           "Parent Relationship": "Outer",                                             
                                           "Parallel Aware": false,                                                    
                                           "Relation Name": "cast_info",                                               
                                           "Alias": "ci",                                                              
                                           "Startup Cost": 0.00,                                                       
                                           "Total Cost": 10431.00,                                                     
                                           "Plan Rows": 36244344,                                                      
                                           "Plan Width": 8,                                                            
                                           "Actual Startup Time": 0.014,                                               
                                           "Actual Total Time": 5351.243,                                              
                                           "Actual Rows": 36244344,                                                    
                                           "Actual Loops": 1,                                                          
                                           "Shared Hit Blocks": 4,                                                     
                                           "Shared Read Blocks": 252650,                                               
                                           "Shared Dirtied Blocks": 0,                                                 
                                           "Shared Written Blocks": 0,                                                 
                                           "Local Hit Blocks": 0,                                                      
                                           "Local Read Blocks": 0,                                                     
                                           "Local Dirtied Blocks": 0,                                                  
                                           "Local Written Blocks": 0,                                                  
                                           "Temp Read Blocks": 0,                                                      
                                           "Temp Written Blocks": 0                                                    
                                         },                                                                            
                                         {                                                                             
                                           "Node Type": "Materialize",                                                 
                                           "Parent Relationship": "Inner",                                             
                                           "Parallel Aware": false,                                                    
                                           "Startup Cost": 6563.92,                                                    
                                           "Total Cost": 6710.83,                                                      
                                           "Plan Rows": 13,                                                            
                                           "Plan Width": 25,                                                           
                                           "Actual Startup Time": 0.000,                                               
                                           "Actual Total Time": 0.322,                                                 
                                           "Actual Rows": 6926,                                                        
                                           "Actual Loops": 36244344,                                                   
                                           "Shared Hit Blocks": 7,                                                     
                                           "Shared Read Blocks": 61394,                                                
                                           "Shared Dirtied Blocks": 0,                                                 
                                           "Shared Written Blocks": 0,                                                 
                                           "Local Hit Blocks": 0,                                                      
                                           "Local Read Blocks": 0,                                                     
                                           "Local Dirtied Blocks": 0,                                                  
                                           "Local Written Blocks": 0,                                                  
                                           "Temp Read Blocks": 0,                                                      
                                           "Temp Written Blocks": 0,                                                   
                                           "Plans": [                                                                  
                                             {                                                                         
                                               "Node Type": "Merge Join",                                              
                                               "Parent Relationship": "Outer",                                         
                                               "Parallel Aware": false,                                                
                                               "Join Type": "Inner",                                                   
                                               "Startup Cost": 6563.92,                                                
                                               "Total Cost": 6710.82,                                                  
                                               "Plan Rows": 13,                                                        
                                               "Plan Width": 25,                                                       
                                               "Actual Startup Time": 4130.458,                                        
                                               "Actual Total Time": 4379.729,                                          
                                               "Actual Rows": 6926,                                                    
                                               "Actual Loops": 1,                                                      
                                               "Inner Unique": true,                                                   
                                               "Merge Cond": "(mk.movie_id = t.id)",                                   
                                               "Shared Hit Blocks": 7,                                                 
                                               "Shared Read Blocks": 61394,                                            
                                               "Shared Dirtied Blocks": 0,                                             
                                               "Shared Written Blocks": 0,                                             
                                               "Local Hit Blocks": 0,                                                  
                                               "Local Read Blocks": 0,                                                 
                                               "Local Dirtied Blocks": 0,                                              
                                               "Local Written Blocks": 0,                                              
                                               "Temp Read Blocks": 0,                                                  
                                               "Temp Written Blocks": 0,                                               
                                               "Plans": [                                                              
                                                 {                                                                     
                                                   "Node Type": "Sort",                                                
                                                   "Parent Relationship": "Outer",                                     
                                                   "Parallel Aware": false,                                            
                                                   "Startup Cost": 2144.60,                                            
                                                   "Total Cost": 2144.60,                                              
                                                   "Plan Rows": 34,                                                    
                                                   "Plan Width": 4,                                                    
                                                   "Actual Startup Time": 2185.545,                                    
                                                   "Actual Total Time": 2188.037,                                      
                                                   "Actual Rows": 41840,                                               
                                                   "Actual Loops": 1,                                                  
                                                   "Sort Key": ["mk.movie_id"],                                        
                                                   "Sort Method": "quicksort",                                         
                                                   "Sort Space Used": 3498,                                            
                                                   "Sort Space Type": "Memory",                                        
                                                   "Shared Hit Blocks": 5,                                             
                                                   "Shared Read Blocks": 25398,                                        
                                                   "Shared Dirtied Blocks": 0,                                         
                                                   "Shared Written Blocks": 0,                                         
                                                   "Local Hit Blocks": 0,                                              
                                                   "Local Read Blocks": 0,                                             
                                                   "Local Dirtied Blocks": 0,                                          
                                                   "Local Written Blocks": 0,                                          
                                                   "Temp Read Blocks": 0,                                              
                                                   "Temp Written Blocks": 0,                                           
                                                   "Plans": [                                                          
                                                     {                                                                 
                                                       "Node Type": "Nested Loop",                                     
                                                       "Parent Relationship": "Outer",                                 
                                                       "Parallel Aware": false,                                        
                                                       "Join Type": "Inner",                                           
                                                       "Startup Cost": 0.00,                                           
                                                       "Total Cost": 2144.57,                                          
                                                       "Plan Rows": 34,                                                
                                                       "Plan Width": 4,                                                
                                                       "Actual Startup Time": 83.350,                                  
                                                       "Actual Total Time": 2171.334,                                  
                                                       "Actual Rows": 41840,                                           
                                                       "Actual Loops": 1,                                              
                                                       "Inner Unique": true,                                           
                                                       "Join Filter": "(k.id = mk.keyword_id)",                        
                                                       "Rows Removed by Join Filter": 4482090,                         
                                                       "Shared Hit Blocks": 5,                                         
                                                       "Shared Read Blocks": 25398,                                    
                                                       "Shared Dirtied Blocks": 0,                                     
                                                       "Shared Written Blocks": 0,                                     
                                                       "Local Hit Blocks": 0,                                          
                                                       "Local Read Blocks": 0,                                         
                                                       "Local Dirtied Blocks": 0,                                      
                                                       "Local Written Blocks": 0,                                      
                                                       "Temp Read Blocks": 0,                                          
                                                       "Temp Written Blocks": 0,                                       
                                                       "Plans": [                                                      
                                                         {                                                             
                                                           "Node Type": "Seq Scan",                                    
                                                           "Parent Relationship": "Outer",                             
                                                           "Parallel Aware": false,                                    
                                                           "Relation Name": "movie_keyword",                           
                                                           "Alias": "mk",                                              
                                                           "Startup Cost": 0.00,                                       
                                                           "Total Cost": 1079.84,                                      
                                                           "Plan Rows": 4523930,                                       
                                                           "Plan Width": 8,                                            
                                                           "Actual Startup Time": 0.010,                               
                                                           "Actual Total Time": 485.585,                               
                                                           "Actual Rows": 4523930,                                     
                                                           "Actual Loops": 1,                                          
                                                           "Shared Hit Blocks": 3,                                     
                                                           "Shared Read Blocks": 24451,                                
                                                           "Shared Dirtied Blocks": 0,                                 
                                                           "Shared Written Blocks": 0,                                 
                                                           "Local Hit Blocks": 0,                                      
                                                           "Local Read Blocks": 0,                                     
                                                           "Local Dirtied Blocks": 0,                                  
                                                           "Local Written Blocks": 0,                                  
                                                           "Temp Read Blocks": 0,                                      
                                                           "Temp Written Blocks": 0                                    
                                                         },                                                            
                                                         {                                                             
                                                           "Node Type": "Materialize",                                 
                                                           "Parent Relationship": "Inner",                             
                                                           "Parallel Aware": false,                                    
                                                           "Startup Cost": 0.00,                                       
                                                           "Total Cost": 49.46,                                        
                                                           "Plan Rows": 1,                                             
                                                           "Plan Width": 4,                                            
                                                           "Actual Startup Time": 0.000,                               
                                                           "Actual Total Time": 0.000,                                 
                                                           "Actual Rows": 1,                                           
                                                           "Actual Loops": 4523930,                                    
                                                           "Shared Hit Blocks": 2,                                     
                                                           "Shared Read Blocks": 947,                                  
                                                           "Shared Dirtied Blocks": 0,                                 
                                                           "Shared Written Blocks": 0,                                 
                                                           "Local Hit Blocks": 0,                                      
                                                           "Local Read Blocks": 0,                                     
                                                           "Local Dirtied Blocks": 0,                                  
                                                           "Local Written Blocks": 0,                                  
                                                           "Temp Read Blocks": 0,                                      
                                                           "Temp Written Blocks": 0,                                   
                                                           "Plans": [                                                  
                                                             {                                                         
                                                               "Node Type": "Seq Scan",                                
                                                               "Parent Relationship": "Outer",                         
                                                               "Parallel Aware": false,                                
                                                               "Relation Name": "keyword",                             
                                                               "Alias": "k",                                           
                                                               "Startup Cost": 0.00,                                   
                                                               "Total Cost": 49.46,                                    
                                                               "Plan Rows": 1,                                         
                                                               "Plan Width": 4,                                        
                                                               "Actual Startup Time": 22.919,                          
                                                               "Actual Total Time": 83.251,                            
                                                               "Actual Rows": 1,                                       
                                                               "Actual Loops": 1,                                      
                                                               "Filter": "(keyword = 'character-name-in-title'::text)",
                                                               "Rows Removed by Filter": 134169,                       
                                                               "Shared Hit Blocks": 2,                                 
                                                               "Shared Read Blocks": 947,                              
                                                               "Shared Dirtied Blocks": 0,                             
                                                               "Shared Written Blocks": 0,                             
                                                               "Local Hit Blocks": 0,                                  
                                                               "Local Read Blocks": 0,                                 
                                                               "Local Dirtied Blocks": 0,                              
                                                               "Local Written Blocks": 0,                              
                                                               "Temp Read Blocks": 0,                                  
                                                               "Temp Written Blocks": 0                                
                                                             }                                                         
                                                           ]                                                           
                                                         }                                                             
                                                       ]                                                               
                                                     }                                                                 
                                                   ]                                                                   
                                                 },                                                                    
                                                 {                                                                     
                                                   "Node Type": "Sort",                                                
                                                   "Parent Relationship": "Inner",                                     
                                                   "Parallel Aware": false,                                            
                                                   "Startup Cost": 4419.32,                                            
                                                   "Total Cost": 4492.84,                                              
                                                   "Plan Rows": 946906,                                                
                                                   "Plan Width": 21,                                                   
                                                   "Actual Startup Time": 1944.807,                                    
                                                   "Actual Total Time": 2057.985,                                      
                                                   "Actual Rows": 946023,                                              
                                                   "Actual Loops": 1,                                                  
                                                   "Sort Key": ["t.id"],                                               
                                                   "Sort Method": "quicksort",                                         
                                                   "Sort Space Used": 87357,                                           
                                                   "Sort Space Type": "Memory",                                        
                                                   "Shared Hit Blocks": 2,                                             
                                                   "Shared Read Blocks": 35996,                                        
                                                   "Shared Dirtied Blocks": 0,                                         
                                                   "Shared Written Blocks": 0,                                         
                                                   "Local Hit Blocks": 0,                                              
                                                   "Local Read Blocks": 0,                                             
                                                   "Local Dirtied Blocks": 0,                                          
                                                   "Local Written Blocks": 0,                                          
                                                   "Temp Read Blocks": 0,                                              
                                                   "Temp Written Blocks": 0,                                           
                                                   "Plans": [                                                          
                                                     {                                                                 
                                                       "Node Type": "Seq Scan",                                        
                                                       "Parent Relationship": "Outer",                                 
                                                       "Parallel Aware": false,                                        
                                                       "Relation Name": "title",                                       
                                                       "Alias": "t",                                                   
                                                       "Startup Cost": 0.00,                                           
                                                       "Total Cost": 1500.26,                                          
                                                       "Plan Rows": 946906,                                            
                                                       "Plan Width": 21,                                               
                                                       "Actual Startup Time": 0.010,                                   
                                                       "Actual Total Time": 1420.893,                                  
                                                       "Actual Rows": 946906,                                          
                                                       "Actual Loops": 1,                                              
                                                       "Filter": "(episode_nr < 100)",                                 
                                                       "Rows Removed by Filter": 1581406,                              
                                                       "Shared Hit Blocks": 2,                                         
                                                       "Shared Read Blocks": 35996,                                    
                                                       "Shared Dirtied Blocks": 0,                                     
                                                       "Shared Written Blocks": 0,                                     
                                                       "Local Hit Blocks": 0,                                          
                                                       "Local Read Blocks": 0,                                         
                                                       "Local Dirtied Blocks": 0,                                      
                                                       "Local Written Blocks": 0,                                      
                                                       "Temp Read Blocks": 0,                                          
                                                       "Temp Written Blocks": 0                                        
                                                     }                                                                 
                                                   ]                                                                   
                                                 }                                                                     
                                               ]                                                                       
                                             }                                                                         
                                           ]                                                                           
                                         }                                                                             
                                       ]                                                                               
                                     }                                                                                 
                                   ]                                                                                   
                                 },                                                                                    
                                 {                                                                                     
                                   "Node Type": "Sort",                                                                
                                   "Parent Relationship": "Inner",                                                     
                                   "Parallel Aware": false,                                                            
                                   "Startup Cost": 3188.40,                                                            
                                   "Total Cost": 3258.38,                                                              
                                   "Plan Rows": 901343,                                                                
                                   "Plan Width": 20,                                                                   
                                   "Actual Startup Time": 779.771,                                                     
                                   "Actual Total Time": 852.380,                                                       
                                   "Actual Rows": 908218,                                                              
                                   "Actual Loops": 1,                                                                  
                                   "Sort Key": ["an.person_id"],                                                       
                                   "Sort Method": "quicksort",                                                         
                                   "Sort Space Used": 89763,                                                           
                                   "Sort Space Type": "Memory",                                                        
                                   "Shared Hit Blocks": 2,                                                             
                                   "Shared Read Blocks": 11393,                                                        
                                   "Shared Dirtied Blocks": 0,                                                         
                                   "Shared Written Blocks": 0,                                                         
                                   "Local Hit Blocks": 0,                                                              
                                   "Local Read Blocks": 0,                                                             
                                   "Local Dirtied Blocks": 0,                                                          
                                   "Local Written Blocks": 0,                                                          
                                   "Temp Read Blocks": 0,                                                              
                                   "Temp Written Blocks": 0,                                                           
                                   "Plans": [                                                                          
                                     {                                                                                 
                                       "Node Type": "Seq Scan",                                                        
                                       "Parent Relationship": "Outer",                                                 
                                       "Parallel Aware": false,                                                        
                                       "Relation Name": "aka_name",                                                    
                                       "Alias": "an",                                                                  
                                       "Startup Cost": 0.00,                                                           
                                       "Total Cost": 419.75,                                                           
                                       "Plan Rows": 901343,                                                            
                                       "Plan Width": 20,                                                               
                                       "Actual Startup Time": 0.009,                                                   
                                       "Actual Total Time": 330.139,                                                   
                                       "Actual Rows": 901343,                                                          
                                       "Actual Loops": 1,                                                              
                                       "Shared Hit Blocks": 2,                                                         
                                       "Shared Read Blocks": 11393,                                                    
                                       "Shared Dirtied Blocks": 0,                                                     
                                       "Shared Written Blocks": 0,                                                     
                                       "Local Hit Blocks": 0,                                                          
                                       "Local Read Blocks": 0,                                                         
                                       "Local Dirtied Blocks": 0,                                                      
                                       "Local Written Blocks": 0,                                                      
                                       "Temp Read Blocks": 0,                                                          
                                       "Temp Written Blocks": 0                                                        
                                     }                                                                                 
                                   ]                                                                                   
                                 }                                                                                     
                               ]                                                                                       
                             },                                                                                        
                             {                                                                                         
                               "Node Type": "Sort",                                                                    
                               "Parent Relationship": "Inner",                                                         
                               "Parallel Aware": false,                                                                
                               "Startup Cost": 16263.33,                                                               
                               "Total Cost": 16586.90,                                                                 
                               "Plan Rows": 4167491,                                                                   
                               "Plan Width": 4,                                                                        
                               "Actual Startup Time": 3473.649,                                                        
                               "Actual Total Time": 3771.175,                                                          
                               "Actual Rows": 4061471,                                                                 
                               "Actual Loops": 1,                                                                      
                               "Sort Key": ["n.id"],                                                                   
                               "Sort Method": "quicksort",                                                             
                               "Sort Space Used": 293656,                                                              
                               "Sort Space Type": "Memory",                                                            
                               "Shared Hit Blocks": 2,                                                                 
                               "Shared Read Blocks": 55611,                                                            
                               "Shared Dirtied Blocks": 0,                                                             
                               "Shared Written Blocks": 0,                                                             
                               "Local Hit Blocks": 0,                                                                  
                               "Local Read Blocks": 0,                                                                 
                               "Local Dirtied Blocks": 0,                                                              
                               "Local Written Blocks": 0,                                                              
                               "Temp Read Blocks": 0,                                                                  
                               "Temp Written Blocks": 0,                                                               
                               "Plans": [                                                                              
                                 {                                                                                     
                                   "Node Type": "Seq Scan",                                                            
                                   "Parent Relationship": "Outer",                                                     
                                   "Parallel Aware": false,                                                            
                                   "Relation Name": "name",                                                            
                                   "Alias": "n",                                                                       
                                   "Startup Cost": 0.00,                                                               
                                   "Total Cost": 2032.56,                                                              
                                   "Plan Rows": 4167491,                                                               
                                   "Plan Width": 4,                                                                    
                                   "Actual Startup Time": 3.878,                                                       
                                   "Actual Total Time": 1622.198,                                                      
                                   "Actual Rows": 4167491,                                                             
                                   "Actual Loops": 1,                                                                  
                                   "Shared Hit Blocks": 2,                                                             
                                   "Shared Read Blocks": 55611,                                                        
                                   "Shared Dirtied Blocks": 0,                                                         
                                   "Shared Written Blocks": 0,                                                         
                                   "Local Hit Blocks": 0,                                                              
                                   "Local Read Blocks": 0,                                                             
                                   "Local Dirtied Blocks": 0,                                                          
                                   "Local Written Blocks": 0,                                                          
                                   "Temp Read Blocks": 0,                                                              
                                   "Temp Written Blocks": 0                                                            
                                 }                                                                                     
                               ]                                                                                       
                             }                                                                                         
                           ]                                                                                           
                         }                                                                                             
                       ]                                                                                               
                     },                                                                                                
                     {                                                                                                 
                       "Node Type": "Sort",                                                                            
                       "Parent Relationship": "Inner",                                                                 
                       "Parallel Aware": false,                                                                        
                       "Startup Cost": 9405.45,                                                                        
                       "Total Cost": 9608.03,                                                                          
                       "Plan Rows": 2609129,                                                                           
                       "Plan Width": 8,                                                                                
                       "Actual Startup Time": 1647.607,                                                                
                       "Actual Total Time": 1711.219,                                                                  
                       "Actual Rows": 1324078,                                                                         
                       "Actual Loops": 1,                                                                              
                       "Sort Key": ["mc.movie_id"],                                                                    
                       "Sort Method": "quicksort",                                                                     
                       "Sort Space Used": 220607,                                                                      
                       "Sort Space Type": "Memory",                                                                    
                       "Shared Hit Blocks": 3,                                                                         
                       "Shared Read Blocks": 18786,                                                                    
                       "Shared Dirtied Blocks": 0,                                                                     
                       "Shared Written Blocks": 0,                                                                     
                       "Local Hit Blocks": 0,                                                                          
                       "Local Read Blocks": 0,                                                                         
                       "Local Dirtied Blocks": 0,                                                                      
                       "Local Written Blocks": 0,                                                                      
                       "Temp Read Blocks": 0,                                                                          
                       "Temp Written Blocks": 0,                                                                       
                       "Plans": [                                                                                      
                         {                                                                                             
                           "Node Type": "Seq Scan",                                                                    
                           "Parent Relationship": "Outer",                                                             
                           "Parallel Aware": false,                                                                    
                           "Relation Name": "movie_companies",                                                         
                           "Alias": "mc",                                                                              
                           "Startup Cost": 0.00,                                                                       
                           "Total Cost": 769.75,                                                                       
                           "Plan Rows": 2609129,                                                                       
                           "Plan Width": 8,                                                                            
                           "Actual Startup Time": 0.015,                                                               
                           "Actual Total Time": 695.182,                                                               
                           "Actual Rows": 2609129,                                                                     
                           "Actual Loops": 1,                                                                          
                           "Shared Hit Blocks": 3,                                                                     
                           "Shared Read Blocks": 18786,                                                                
                           "Shared Dirtied Blocks": 0,                                                                 
                           "Shared Written Blocks": 0,                                                                 
                           "Local Hit Blocks": 0,                                                                      
                           "Local Read Blocks": 0,                                                                     
                           "Local Dirtied Blocks": 0,                                                                  
                           "Local Written Blocks": 0,                                                                  
                           "Temp Read Blocks": 0,                                                                      
                           "Temp Written Blocks": 0                                                                    
                         }                                                                                             
                       ]                                                                                               
                     }                                                                                                 
                   ]                                                                                                   
                 }                                                                                                     
               ]                                                                                                       
             },                                                                                                        
             {                                                                                                         
               "Node Type": "Sort",                                                                                    
               "Parent Relationship": "Inner",                                                                         
               "Parallel Aware": false,                                                                                
               "Startup Cost": 344.10,                                                                                 
               "Total Cost": 350.69,                                                                                   
               "Plan Rows": 84843,                                                                                     
               "Plan Width": 4,                                                                                        
               "Actual Startup Time": 173.916,                                                                         
               "Actual Total Time": 177.834,                                                                           
               "Actual Rows": 33701,                                                                                   
               "Actual Loops": 1,                                                                                      
               "Sort Key": ["cn.id"],                                                                                  
               "Sort Method": "quicksort",                                                                             
               "Sort Space Used": 7050,                                                                                
               "Sort Space Type": "Memory",                                                                            
               "Shared Hit Blocks": 2,                                                                                 
               "Shared Read Blocks": 2992,                                                                             
               "Shared Dirtied Blocks": 0,                                                                             
               "Shared Written Blocks": 0,                                                                             
               "Local Hit Blocks": 0,                                                                                  
               "Local Read Blocks": 0,                                                                                 
               "Local Dirtied Blocks": 0,                                                                              
               "Local Written Blocks": 0,                                                                              
               "Temp Read Blocks": 0,                                                                                  
               "Temp Written Blocks": 0,                                                                               
               "Plans": [                                                                                              
                 {                                                                                                     
                   "Node Type": "Seq Scan",                                                                            
                   "Parent Relationship": "Outer",                                                                     
                   "Parallel Aware": false,                                                                            
                   "Relation Name": "company_name",                                                                    
                   "Alias": "cn",                                                                                      
                   "Startup Cost": 0.00,                                                                               
                   "Total Cost": 128.41,                                                                               
                   "Plan Rows": 84843,                                                                                 
                   "Plan Width": 4,                                                                                    
                   "Actual Startup Time": 6.651,                                                                       
                   "Actual Total Time": 120.902,                                                                       
                   "Actual Rows": 84843,                                                                               
                   "Actual Loops": 1,                                                                                  
                   "Filter": "((country_code)::text = '[us]'::text)",                                                  
                   "Rows Removed by Filter": 150154,                                                                   
                   "Shared Hit Blocks": 2,                                                                             
                   "Shared Read Blocks": 2992,                                                                         
                   "Shared Dirtied Blocks": 0,                                                                         
                   "Shared Written Blocks": 0,                                                                         
                   "Local Hit Blocks": 0,                                                                              
                   "Local Read Blocks": 0,                                                                             
                   "Local Dirtied Blocks": 0,                                                                          
                   "Local Written Blocks": 0,                                                                          
                   "Temp Read Blocks": 0,                                                                              
                   "Temp Written Blocks": 0                                                                            
                 }                                                                                                     
               ]                                                                                                       
             }                                                                                                         
           ]                                                                                                           
         }                                                                                                             
       ]                                                                                                               
     },                                                                                                                
     "Planning Time": 7498.105,                                                                                        
     "Triggers": [                                                                                                     
     ],                                                                                                                
     "Execution Time": 38162292.174                                                                                    
   }                                                                                                                   
 ]
