 [                                                                                                                     
   {                                                                                                                   
     "Plan": {                                                                                                         
       "Node Type": "Aggregate",                                                                                       
       "Strategy": "Plain",                                                                                            
       "Partial Mode": "Simple",                                                                                       
       "Parallel Aware": false,                                                                                        
       "Startup Cost": 120060.52,                                                                                      
       "Total Cost": 120060.52,                                                                                        
       "Plan Rows": 1,                                                                                                 
       "Plan Width": 64,                                                                                               
       "Actual Startup Time": 29048764.001,                                                                            
       "Actual Total Time": 29048764.001,                                                                              
       "Actual Rows": 1,                                                                                               
       "Actual Loops": 1,                                                                                              
       "Shared Hit Blocks": 24,                                                                                        
       "Shared Read Blocks": 402826,                                                                                   
       "Shared Dirtied Blocks": 0,                                                                                     
       "Shared Written Blocks": 0,                                                                                     
       "Local Hit Blocks": 0,                                                                                          
       "Local Read Blocks": 0,                                                                                         
       "Local Dirtied Blocks": 0,                                                                                      
       "Local Written Blocks": 0,                                                                                      
       "Temp Read Blocks": 0,                                                                                          
       "Temp Written Blocks": 0,                                                                                       
       "Plans": [                                                                                                      
         {                                                                                                             
           "Node Type": "Merge Join",                                                                                  
           "Parent Relationship": "Outer",                                                                             
           "Parallel Aware": false,                                                                                    
           "Join Type": "Inner",                                                                                       
           "Startup Cost": 120047.22,                                                                                  
           "Total Cost": 120060.49,                                                                                    
           "Plan Rows": 188,                                                                                           
           "Plan Width": 33,                                                                                           
           "Actual Startup Time": 29048572.965,                                                                        
           "Actual Total Time": 29048686.084,                                                                          
           "Actual Rows": 249455,                                                                                      
           "Actual Loops": 1,                                                                                          
           "Inner Unique": true,                                                                                       
           "Merge Cond": "(mc.company_id = cn.id)",                                                                    
           "Shared Hit Blocks": 24,                                                                                    
           "Shared Read Blocks": 402826,                                                                               
           "Shared Dirtied Blocks": 0,                                                                                 
           "Shared Written Blocks": 0,                                                                                 
           "Local Hit Blocks": 0,                                                                                      
           "Local Read Blocks": 0,                                                                                     
           "Local Dirtied Blocks": 0,                                                                                  
           "Local Written Blocks": 0,                                                                                  
           "Temp Read Blocks": 0,                                                                                      
           "Temp Written Blocks": 0,                                                                                   
           "Plans": [                                                                                                  
             {                                                                                                         
               "Node Type": "Sort",                                                                                    
               "Parent Relationship": "Outer",                                                                         
               "Parallel Aware": false,                                                                                
               "Startup Cost": 119703.12,                                                                              
               "Total Cost": 119703.16,                                                                                
               "Plan Rows": 520,                                                                                       
               "Plan Width": 37,                                                                                       
               "Actual Startup Time": 29048403.794,                                                                    
               "Actual Total Time": 29048435.041,                                                                      
               "Actual Rows": 317940,                                                                                  
               "Actual Loops": 1,                                                                                      
               "Sort Key": ["mc.company_id"],                                                                          
               "Sort Method": "quicksort",                                                                             
               "Sort Space Used": 44148,                                                                               
               "Sort Space Type": "Memory",                                                                            
               "Shared Hit Blocks": 22,                                                                                
               "Shared Read Blocks": 399834,                                                                           
               "Shared Dirtied Blocks": 0,                                                                             
               "Shared Written Blocks": 0,                                                                             
               "Local Hit Blocks": 0,                                                                                  
               "Local Read Blocks": 0,                                                                                 
               "Local Dirtied Blocks": 0,                                                                              
               "Local Written Blocks": 0,                                                                              
               "Temp Read Blocks": 0,                                                                                  
               "Temp Written Blocks": 0,                                                                               
               "Plans": [                                                                                              
                 {                                                                                                     
                   "Node Type": "Merge Join",                                                                          
                   "Parent Relationship": "Outer",                                                                     
                   "Parallel Aware": false,                                                                            
                   "Join Type": "Inner",                                                                               
                   "Startup Cost": 119297.17,                                                                          
                   "Total Cost": 119702.39,                                                                            
                   "Plan Rows": 520,                                                                                   
                   "Plan Width": 37,                                                                                   
                   "Actual Startup Time": 29048051.056,                                                                
                   "Actual Total Time": 29048295.204,                                                                  
                   "Actual Rows": 317940,                                                                              
                   "Actual Loops": 1,                                                                                  
                   "Inner Unique": false,                                                                              
                   "Merge Cond": "(ci.movie_id = mc.movie_id)",                                                        
                   "Shared Hit Blocks": 18,                                                                            
                   "Shared Read Blocks": 399834,                                                                       
                   "Shared Dirtied Blocks": 0,                                                                         
                   "Shared Written Blocks": 0,                                                                         
                   "Local Hit Blocks": 0,                                                                              
                   "Local Read Blocks": 0,                                                                             
                   "Local Dirtied Blocks": 0,                                                                          
                   "Local Written Blocks": 0,                                                                          
                   "Temp Read Blocks": 0,                                                                              
                   "Temp Written Blocks": 0,                                                                           
                   "Plans": [                                                                                          
                     {                                                                                                 
                       "Node Type": "Sort",                                                                            
                       "Parent Relationship": "Outer",                                                                 
                       "Parallel Aware": false,                                                                        
                       "Startup Cost": 109891.71,                                                                      
                       "Total Cost": 109891.73,                                                                        
                       "Plan Rows": 271,                                                                               
                       "Plan Width": 45,                                                                               
                       "Actual Startup Time": 29046583.619,                                                            
                       "Actual Total Time": 29046598.854,                                                              
                       "Actual Rows": 137156,                                                                          
                       "Actual Loops": 1,                                                                              
                       "Sort Key": ["ci.movie_id"],                                                                    
                       "Sort Method": "quicksort",                                                                     
                       "Sort Space Used": 22353,                                                                       
                       "Sort Space Type": "Memory",                                                                    
                       "Shared Hit Blocks": 15,                                                                        
                       "Shared Read Blocks": 381048,                                                                   
                       "Shared Dirtied Blocks": 0,                                                                     
                       "Shared Written Blocks": 0,                                                                     
                       "Local Hit Blocks": 0,                                                                          
                       "Local Read Blocks": 0,                                                                         
                       "Local Dirtied Blocks": 0,                                                                      
                       "Local Written Blocks": 0,                                                                      
                       "Temp Read Blocks": 0,                                                                          
                       "Temp Written Blocks": 0,                                                                       
                       "Plans": [                                                                                      
                         {                                                                                             
                           "Node Type": "Merge Join",                                                                  
                           "Parent Relationship": "Outer",                                                             
                           "Parallel Aware": false,                                                                    
                           "Join Type": "Inner",                                                                       
                           "Startup Cost": 109124.17,                                                                  
                           "Total Cost": 109891.37,                                                                    
                           "Plan Rows": 271,                                                                           
                           "Plan Width": 45,                                                                           
                           "Actual Startup Time": 29045602.300,                                                        
                           "Actual Total Time": 29046529.646,                                                          
                           "Actual Rows": 137156,                                                                      
                           "Actual Loops": 1,                                                                          
                           "Inner Unique": true,                                                                       
                           "Merge Cond": "(an.person_id = n.id)",                                                      
                           "Shared Hit Blocks": 15,                                                                    
                           "Shared Read Blocks": 381048,                                                               
                           "Shared Dirtied Blocks": 0,                                                                 
                           "Shared Written Blocks": 0,                                                                 
                           "Local Hit Blocks": 0,                                                                      
                           "Local Read Blocks": 0,                                                                     
                           "Local Dirtied Blocks": 0,                                                                  
                           "Local Written Blocks": 0,                                                                  
                           "Temp Read Blocks": 0,                                                                      
                           "Temp Written Blocks": 0,                                                                   
                           "Plans": [                                                                                  
                             {                                                                                         
                               "Node Type": "Merge Join",                                                              
                               "Parent Relationship": "Outer",                                                         
                               "Parallel Aware": false,                                                                
                               "Join Type": "Inner",                                                                   
                               "Startup Cost": 92860.84,                                                               
                               "Total Cost": 92980.87,                                                                 
                               "Plan Rows": 271,                                                                       
                               "Plan Width": 53,                                                                       
                               "Actual Startup Time": 29042125.483,                                                    
                               "Actual Total Time": 29042333.920,                                                      
                               "Actual Rows": 137156,                                                                  
                               "Actual Loops": 1,                                                                      
                               "Inner Unique": false,                                                                  
                               "Merge Cond": "(ci.person_id = an.person_id)",                                          
                               "Shared Hit Blocks": 13,                                                                
                               "Shared Read Blocks": 325437,                                                           
                               "Shared Dirtied Blocks": 0,                                                             
                               "Shared Written Blocks": 0,                                                             
                               "Local Hit Blocks": 0,                                                                  
                               "Local Read Blocks": 0,                                                                 
                               "Local Dirtied Blocks": 0,                                                              
                               "Local Written Blocks": 0,                                                              
                               "Temp Read Blocks": 0,                                                                  
                               "Temp Written Blocks": 0,                                                               
                               "Plans": [                                                                              
                                 {                                                                                     
                                   "Node Type": "Sort",                                                                
                                   "Parent Relationship": "Outer",                                                     
                                   "Parallel Aware": false,                                                            
                                   "Startup Cost": 89672.44,                                                           
                                   "Total Cost": 89672.46,                                                             
                                   "Plan Rows": 312,                                                                   
                                   "Plan Width": 33,                                                                   
                                   "Actual Startup Time": 29041342.197,                                                
                                   "Actual Total Time": 29041350.261,                                                  
                                   "Actual Rows": 99159,                                                               
                                   "Actual Loops": 1,                                                                  
                                   "Sort Key": ["ci.person_id"],                                                       
                                   "Sort Method": "quicksort",                                                         
                                   "Sort Space Used": 11804,                                                           
                                   "Sort Space Type": "Memory",                                                        
                                   "Shared Hit Blocks": 11,                                                            
                                   "Shared Read Blocks": 314044,                                                       
                                   "Shared Dirtied Blocks": 0,                                                         
                                   "Shared Written Blocks": 0,                                                         
                                   "Local Hit Blocks": 0,                                                              
                                   "Local Read Blocks": 0,                                                             
                                   "Local Dirtied Blocks": 0,                                                          
                                   "Local Written Blocks": 0,                                                          
                                   "Temp Read Blocks": 0,                                                              
                                   "Temp Written Blocks": 0,                                                           
                                   "Plans": [                                                                          
                                     {                                                                                 
                                       "Node Type": "Nested Loop",                                                     
                                       "Parent Relationship": "Outer",                                                 
                                       "Parallel Aware": false,                                                        
                                       "Join Type": "Inner",                                                           
                                       "Startup Cost": 5927.59,                                                        
                                       "Total Cost": 89672.04,                                                         
                                       "Plan Rows": 312,                                                               
                                       "Plan Width": 33,                                                               
                                       "Actual Startup Time": 4580.701,                                                
                                       "Actual Total Time": 29041273.198,                                              
                                       "Actual Rows": 99159,                                                           
                                       "Actual Loops": 1,                                                              
                                       "Inner Unique": false,                                                          
                                       "Join Filter": "(t.id = ci.movie_id)",                                          
                                       "Rows Removed by Join Filter": 195175693281,                                    
                                       "Shared Hit Blocks": 11,                                                        
                                       "Shared Read Blocks": 314044,                                                   
                                       "Shared Dirtied Blocks": 0,                                                     
                                       "Shared Written Blocks": 0,                                                     
                                       "Local Hit Blocks": 0,                                                          
                                       "Local Read Blocks": 0,                                                         
                                       "Local Dirtied Blocks": 0,                                                      
                                       "Local Written Blocks": 0,                                                      
                                       "Temp Read Blocks": 0,                                                          
                                       "Temp Written Blocks": 0,                                                       
                                       "Plans": [                                                                      
                                         {                                                                             
                                           "Node Type": "Seq Scan",                                                    
                                           "Parent Relationship": "Outer",                                             
                                           "Parallel Aware": false,                                                    
                                           "Relation Name": "cast_info",                                               
                                           "Alias": "ci",                                                              
                                           "Startup Cost": 0.00,                                                       
                                           "Total Cost": 10431.00,                                                     
                                           "Plan Rows": 36244344,                                                      
                                           "Plan Width": 8,                                                            
                                           "Actual Startup Time": 0.015,                                               
                                           "Actual Total Time": 4895.789,                                              
                                           "Actual Rows": 36244344,                                                    
                                           "Actual Loops": 1,                                                          
                                           "Shared Hit Blocks": 4,                                                     
                                           "Shared Read Blocks": 252650,                                               
                                           "Shared Dirtied Blocks": 0,                                                 
                                           "Shared Written Blocks": 0,                                                 
                                           "Local Hit Blocks": 0,                                                      
                                           "Local Read Blocks": 0,                                                     
                                           "Local Dirtied Blocks": 0,                                                  
                                           "Local Written Blocks": 0,                                                  
                                           "Temp Read Blocks": 0,                                                      
                                           "Temp Written Blocks": 0                                                    
                                         },                                                                            
                                         {                                                                             
                                           "Node Type": "Materialize",                                                 
                                           "Parent Relationship": "Inner",                                             
                                           "Parallel Aware": false,                                                    
                                           "Startup Cost": 5927.59,                                                    
                                           "Total Cost": 6035.04,                                                      
                                           "Plan Rows": 9,                                                             
                                           "Plan Width": 25,                                                           
                                           "Actual Startup Time": 0.000,                                               
                                           "Actual Total Time": 0.236,                                                 
                                           "Actual Rows": 5385,                                                        
                                           "Actual Loops": 36244344,                                                   
                                           "Shared Hit Blocks": 7,                                                     
                                           "Shared Read Blocks": 61394,                                                
                                           "Shared Dirtied Blocks": 0,                                                 
                                           "Shared Written Blocks": 0,                                                 
                                           "Local Hit Blocks": 0,                                                      
                                           "Local Read Blocks": 0,                                                     
                                           "Local Dirtied Blocks": 0,                                                  
                                           "Local Written Blocks": 0,                                                  
                                           "Temp Read Blocks": 0,                                                      
                                           "Temp Written Blocks": 0,                                                   
                                           "Plans": [                                                                  
                                             {                                                                         
                                               "Node Type": "Merge Join",                                              
                                               "Parent Relationship": "Outer",                                         
                                               "Parallel Aware": false,                                                
                                               "Join Type": "Inner",                                                   
                                               "Startup Cost": 5927.59,                                                
                                               "Total Cost": 6035.04,                                                  
                                               "Plan Rows": 9,                                                         
                                               "Plan Width": 25,                                                       
                                               "Actual Startup Time": 4209.921,                                        
                                               "Actual Total Time": 4389.469,                                          
                                               "Actual Rows": 5385,                                                    
                                               "Actual Loops": 1,                                                      
                                               "Inner Unique": true,                                                   
                                               "Merge Cond": "(mk.movie_id = t.id)",                                   
                                               "Shared Hit Blocks": 7,                                                 
                                               "Shared Read Blocks": 61394,                                            
                                               "Shared Dirtied Blocks": 0,                                             
                                               "Shared Written Blocks": 0,                                             
                                               "Local Hit Blocks": 0,                                                  
                                               "Local Read Blocks": 0,                                                 
                                               "Local Dirtied Blocks": 0,                                              
                                               "Local Written Blocks": 0,                                              
                                               "Temp Read Blocks": 0,                                                  
                                               "Temp Written Blocks": 0,                                               
                                               "Plans": [                                                              
                                                 {                                                                     
                                                   "Node Type": "Sort",                                                
                                                   "Parent Relationship": "Outer",                                     
                                                   "Parallel Aware": false,                                            
                                                   "Startup Cost": 2144.60,                                            
                                                   "Total Cost": 2144.60,                                              
                                                   "Plan Rows": 34,                                                    
                                                   "Plan Width": 4,                                                    
                                                   "Actual Startup Time": 2216.270,                                    
                                                   "Actual Total Time": 2218.757,                                      
                                                   "Actual Rows": 41840,                                               
                                                   "Actual Loops": 1,                                                  
                                                   "Sort Key": ["mk.movie_id"],                                        
                                                   "Sort Method": "quicksort",                                         
                                                   "Sort Space Used": 3498,                                            
                                                   "Sort Space Type": "Memory",                                        
                                                   "Shared Hit Blocks": 5,                                             
                                                   "Shared Read Blocks": 25398,                                        
                                                   "Shared Dirtied Blocks": 0,                                         
                                                   "Shared Written Blocks": 0,                                         
                                                   "Local Hit Blocks": 0,                                              
                                                   "Local Read Blocks": 0,                                             
                                                   "Local Dirtied Blocks": 0,                                          
                                                   "Local Written Blocks": 0,                                          
                                                   "Temp Read Blocks": 0,                                              
                                                   "Temp Written Blocks": 0,                                           
                                                   "Plans": [                                                          
                                                     {                                                                 
                                                       "Node Type": "Nested Loop",                                     
                                                       "Parent Relationship": "Outer",                                 
                                                       "Parallel Aware": false,                                        
                                                       "Join Type": "Inner",                                           
                                                       "Startup Cost": 0.00,                                           
                                                       "Total Cost": 2144.57,                                          
                                                       "Plan Rows": 34,                                                
                                                       "Plan Width": 4,                                                
                                                       "Actual Startup Time": 83.352,                                  
                                                       "Actual Total Time": 2202.041,                                  
                                                       "Actual Rows": 41840,                                           
                                                       "Actual Loops": 1,                                              
                                                       "Inner Unique": true,                                           
                                                       "Join Filter": "(k.id = mk.keyword_id)",                        
                                                       "Rows Removed by Join Filter": 4482090,                         
                                                       "Shared Hit Blocks": 5,                                         
                                                       "Shared Read Blocks": 25398,                                    
                                                       "Shared Dirtied Blocks": 0,                                     
                                                       "Shared Written Blocks": 0,                                     
                                                       "Local Hit Blocks": 0,                                          
                                                       "Local Read Blocks": 0,                                         
                                                       "Local Dirtied Blocks": 0,                                      
                                                       "Local Written Blocks": 0,                                      
                                                       "Temp Read Blocks": 0,                                          
                                                       "Temp Written Blocks": 0,                                       
                                                       "Plans": [                                                      
                                                         {                                                             
                                                           "Node Type": "Seq Scan",                                    
                                                           "Parent Relationship": "Outer",                             
                                                           "Parallel Aware": false,                                    
                                                           "Relation Name": "movie_keyword",                           
                                                           "Alias": "mk",                                              
                                                           "Startup Cost": 0.00,                                       
                                                           "Total Cost": 1079.84,                                      
                                                           "Plan Rows": 4523930,                                       
                                                           "Plan Width": 8,                                            
                                                           "Actual Startup Time": 0.013,                               
                                                           "Actual Total Time": 478.550,                               
                                                           "Actual Rows": 4523930,                                     
                                                           "Actual Loops": 1,                                          
                                                           "Shared Hit Blocks": 3,                                     
                                                           "Shared Read Blocks": 24451,                                
                                                           "Shared Dirtied Blocks": 0,                                 
                                                           "Shared Written Blocks": 0,                                 
                                                           "Local Hit Blocks": 0,                                      
                                                           "Local Read Blocks": 0,                                     
                                                           "Local Dirtied Blocks": 0,                                  
                                                           "Local Written Blocks": 0,                                  
                                                           "Temp Read Blocks": 0,                                      
                                                           "Temp Written Blocks": 0                                    
                                                         },                                                            
                                                         {                                                             
                                                           "Node Type": "Materialize",                                 
                                                           "Parent Relationship": "Inner",                             
                                                           "Parallel Aware": false,                                    
                                                           "Startup Cost": 0.00,                                       
                                                           "Total Cost": 49.46,                                        
                                                           "Plan Rows": 1,                                             
                                                           "Plan Width": 4,                                            
                                                           "Actual Startup Time": 0.000,                               
                                                           "Actual Total Time": 0.000,                                 
                                                           "Actual Rows": 1,                                           
                                                           "Actual Loops": 4523930,                                    
                                                           "Shared Hit Blocks": 2,                                     
                                                           "Shared Read Blocks": 947,                                  
                                                           "Shared Dirtied Blocks": 0,                                 
                                                           "Shared Written Blocks": 0,                                 
                                                           "Local Hit Blocks": 0,                                      
                                                           "Local Read Blocks": 0,                                     
                                                           "Local Dirtied Blocks": 0,                                  
                                                           "Local Written Blocks": 0,                                  
                                                           "Temp Read Blocks": 0,                                      
                                                           "Temp Written Blocks": 0,                                   
                                                           "Plans": [                                                  
                                                             {                                                         
                                                               "Node Type": "Seq Scan",                                
                                                               "Parent Relationship": "Outer",                         
                                                               "Parallel Aware": false,                                
                                                               "Relation Name": "keyword",                             
                                                               "Alias": "k",                                           
                                                               "Startup Cost": 0.00,                                   
                                                               "Total Cost": 49.46,                                    
                                                               "Plan Rows": 1,                                         
                                                               "Plan Width": 4,                                        
                                                               "Actual Startup Time": 22.903,                          
                                                               "Actual Total Time": 83.260,                            
                                                               "Actual Rows": 1,                                       
                                                               "Actual Loops": 1,                                      
                                                               "Filter": "(keyword = 'character-name-in-title'::text)",
                                                               "Rows Removed by Filter": 134169,                       
                                                               "Shared Hit Blocks": 2,                                 
                                                               "Shared Read Blocks": 947,                              
                                                               "Shared Dirtied Blocks": 0,                             
                                                               "Shared Written Blocks": 0,                             
                                                               "Local Hit Blocks": 0,                                  
                                                               "Local Read Blocks": 0,                                 
                                                               "Local Dirtied Blocks": 0,                              
                                                               "Local Written Blocks": 0,                              
                                                               "Temp Read Blocks": 0,                                  
                                                               "Temp Written Blocks": 0                                
                                                             }                                                         
                                                           ]                                                           
                                                         }                                                             
                                                       ]                                                               
                                                     }                                                                 
                                                   ]                                                                   
                                                 },                                                                    
                                                 {                                                                     
                                                   "Node Type": "Sort",                                                
                                                   "Parent Relationship": "Inner",                                     
                                                   "Parallel Aware": false,                                            
                                                   "Startup Cost": 3783.00,                                            
                                                   "Total Cost": 3836.77,                                              
                                                   "Plan Rows": 692556,                                                
                                                   "Plan Width": 21,                                                   
                                                   "Actual Startup Time": 1993.581,                                    
                                                   "Actual Total Time": 2072.064,                                      
                                                   "Actual Rows": 691938,                                              
                                                   "Actual Loops": 1,                                                  
                                                   "Sort Key": ["t.id"],                                               
                                                   "Sort Method": "quicksort",                                         
                                                   "Sort Space Used": 70620,                                           
                                                   "Sort Space Type": "Memory",                                        
                                                   "Shared Hit Blocks": 2,                                             
                                                   "Shared Read Blocks": 35996,                                        
                                                   "Shared Dirtied Blocks": 0,                                         
                                                   "Shared Written Blocks": 0,                                         
                                                   "Local Hit Blocks": 0,                                              
                                                   "Local Read Blocks": 0,                                             
                                                   "Local Dirtied Blocks": 0,                                          
                                                   "Local Written Blocks": 0,                                          
                                                   "Temp Read Blocks": 0,                                              
                                                   "Temp Written Blocks": 0,                                           
                                                   "Plans": [                                                          
                                                     {                                                                 
                                                       "Node Type": "Seq Scan",                                        
                                                       "Parent Relationship": "Outer",                                 
                                                       "Parallel Aware": false,                                        
                                                       "Relation Name": "title",                                       
                                                       "Alias": "t",                                                   
                                                       "Startup Cost": 0.00,                                           
                                                       "Total Cost": 1696.56,                                          
                                                       "Plan Rows": 692556,                                            
                                                       "Plan Width": 21,                                               
                                                       "Actual Startup Time": 0.010,                                   
                                                       "Actual Total Time": 1600.789,                                  
                                                       "Actual Rows": 692556,                                          
                                                       "Actual Loops": 1,                                              
                                                       "Filter": "((episode_nr >= 5) AND (episode_nr < 100))",         
                                                       "Rows Removed by Filter": 1835756,                              
                                                       "Shared Hit Blocks": 2,                                         
                                                       "Shared Read Blocks": 35996,                                    
                                                       "Shared Dirtied Blocks": 0,                                     
                                                       "Shared Written Blocks": 0,                                     
                                                       "Local Hit Blocks": 0,                                          
                                                       "Local Read Blocks": 0,                                         
                                                       "Local Dirtied Blocks": 0,                                      
                                                       "Local Written Blocks": 0,                                      
                                                       "Temp Read Blocks": 0,                                          
                                                       "Temp Written Blocks": 0                                        
                                                     }                                                                 
                                                   ]                                                                   
                                                 }                                                                     
                                               ]                                                                       
                                             }                                                                         
                                           ]                                                                           
                                         }                                                                             
                                       ]                                                                               
                                     }                                                                                 
                                   ]                                                                                   
                                 },                                                                                    
                                 {                                                                                     
                                   "Node Type": "Sort",                                                                
                                   "Parent Relationship": "Inner",                                                     
                                   "Parallel Aware": false,                                                            
                                   "Startup Cost": 3188.40,                                                            
                                   "Total Cost": 3258.38,                                                              
                                   "Plan Rows": 901343,                                                                
                                   "Plan Width": 20,                                                                   
                                   "Actual Startup Time": 783.272,                                                     
                                   "Actual Total Time": 852.545,                                                       
                                   "Actual Rows": 872545,                                                              
                                   "Actual Loops": 1,                                                                  
                                   "Sort Key": ["an.person_id"],                                                       
                                   "Sort Method": "quicksort",                                                         
                                   "Sort Space Used": 89763,                                                           
                                   "Sort Space Type": "Memory",                                                        
                                   "Shared Hit Blocks": 2,                                                             
                                   "Shared Read Blocks": 11393,                                                        
                                   "Shared Dirtied Blocks": 0,                                                         
                                   "Shared Written Blocks": 0,                                                         
                                   "Local Hit Blocks": 0,                                                              
                                   "Local Read Blocks": 0,                                                             
                                   "Local Dirtied Blocks": 0,                                                          
                                   "Local Written Blocks": 0,                                                          
                                   "Temp Read Blocks": 0,                                                              
                                   "Temp Written Blocks": 0,                                                           
                                   "Plans": [                                                                          
                                     {                                                                                 
                                       "Node Type": "Seq Scan",                                                        
                                       "Parent Relationship": "Outer",                                                 
                                       "Parallel Aware": false,                                                        
                                       "Relation Name": "aka_name",                                                    
                                       "Alias": "an",                                                                  
                                       "Startup Cost": 0.00,                                                           
                                       "Total Cost": 419.75,                                                           
                                       "Plan Rows": 901343,                                                            
                                       "Plan Width": 20,                                                               
                                       "Actual Startup Time": 0.009,                                                   
                                       "Actual Total Time": 333.859,                                                   
                                       "Actual Rows": 901343,                                                          
                                       "Actual Loops": 1,                                                              
                                       "Shared Hit Blocks": 2,                                                         
                                       "Shared Read Blocks": 11393,                                                    
                                       "Shared Dirtied Blocks": 0,                                                     
                                       "Shared Written Blocks": 0,                                                     
                                       "Local Hit Blocks": 0,                                                          
                                       "Local Read Blocks": 0,                                                         
                                       "Local Dirtied Blocks": 0,                                                      
                                       "Local Written Blocks": 0,                                                      
                                       "Temp Read Blocks": 0,                                                          
                                       "Temp Written Blocks": 0                                                        
                                     }                                                                                 
                                   ]                                                                                   
                                 }                                                                                     
                               ]                                                                                       
                             },                                                                                        
                             {                                                                                         
                               "Node Type": "Sort",                                                                    
                               "Parent Relationship": "Inner",                                                         
                               "Parallel Aware": false,                                                                
                               "Startup Cost": 16263.33,                                                               
                               "Total Cost": 16586.90,                                                                 
                               "Plan Rows": 4167491,                                                                   
                               "Plan Width": 4,                                                                        
                               "Actual Startup Time": 3476.792,                                                        
                               "Actual Total Time": 3772.867,                                                          
                               "Actual Rows": 4061471,                                                                 
                               "Actual Loops": 1,                                                                      
                               "Sort Key": ["n.id"],                                                                   
                               "Sort Method": "quicksort",                                                             
                               "Sort Space Used": 293656,                                                              
                               "Sort Space Type": "Memory",                                                            
                               "Shared Hit Blocks": 2,                                                                 
                               "Shared Read Blocks": 55611,                                                            
                               "Shared Dirtied Blocks": 0,                                                             
                               "Shared Written Blocks": 0,                                                             
                               "Local Hit Blocks": 0,                                                                  
                               "Local Read Blocks": 0,                                                                 
                               "Local Dirtied Blocks": 0,                                                              
                               "Local Written Blocks": 0,                                                              
                               "Temp Read Blocks": 0,                                                                  
                               "Temp Written Blocks": 0,                                                               
                               "Plans": [                                                                              
                                 {                                                                                     
                                   "Node Type": "Seq Scan",                                                            
                                   "Parent Relationship": "Outer",                                                     
                                   "Parallel Aware": false,                                                            
                                   "Relation Name": "name",                                                            
                                   "Alias": "n",                                                                       
                                   "Startup Cost": 0.00,                                                               
                                   "Total Cost": 2032.56,                                                              
                                   "Plan Rows": 4167491,                                                               
                                   "Plan Width": 4,                                                                    
                                   "Actual Startup Time": 11.433,                                                      
                                   "Actual Total Time": 1639.923,                                                      
                                   "Actual Rows": 4167491,                                                             
                                   "Actual Loops": 1,                                                                  
                                   "Shared Hit Blocks": 2,                                                             
                                   "Shared Read Blocks": 55611,                                                        
                                   "Shared Dirtied Blocks": 0,                                                         
                                   "Shared Written Blocks": 0,                                                         
                                   "Local Hit Blocks": 0,                                                              
                                   "Local Read Blocks": 0,                                                             
                                   "Local Dirtied Blocks": 0,                                                          
                                   "Local Written Blocks": 0,                                                          
                                   "Temp Read Blocks": 0,                                                              
                                   "Temp Written Blocks": 0                                                            
                                 }                                                                                     
                               ]                                                                                       
                             }                                                                                         
                           ]                                                                                           
                         }                                                                                             
                       ]                                                                                               
                     },                                                                                                
                     {                                                                                                 
                       "Node Type": "Sort",                                                                            
                       "Parent Relationship": "Inner",                                                                 
                       "Parallel Aware": false,                                                                        
                       "Startup Cost": 9405.45,                                                                        
                       "Total Cost": 9608.03,                                                                          
                       "Plan Rows": 2609129,                                                                           
                       "Plan Width": 8,                                                                                
                       "Actual Startup Time": 1467.261,                                                                
                       "Actual Total Time": 1525.365,                                                                  
                       "Actual Rows": 1218149,                                                                         
                       "Actual Loops": 1,                                                                              
                       "Sort Key": ["mc.movie_id"],                                                                    
                       "Sort Method": "quicksort",                                                                     
                       "Sort Space Used": 220607,                                                                      
                       "Sort Space Type": "Memory",                                                                    
                       "Shared Hit Blocks": 3,                                                                         
                       "Shared Read Blocks": 18786,                                                                    
                       "Shared Dirtied Blocks": 0,                                                                     
                       "Shared Written Blocks": 0,                                                                     
                       "Local Hit Blocks": 0,                                                                          
                       "Local Read Blocks": 0,                                                                         
                       "Local Dirtied Blocks": 0,                                                                      
                       "Local Written Blocks": 0,                                                                      
                       "Temp Read Blocks": 0,                                                                          
                       "Temp Written Blocks": 0,                                                                       
                       "Plans": [                                                                                      
                         {                                                                                             
                           "Node Type": "Seq Scan",                                                                    
                           "Parent Relationship": "Outer",                                                             
                           "Parallel Aware": false,                                                                    
                           "Relation Name": "movie_companies",                                                         
                           "Alias": "mc",                                                                              
                           "Startup Cost": 0.00,                                                                       
                           "Total Cost": 769.75,                                                                       
                           "Plan Rows": 2609129,                                                                       
                           "Plan Width": 8,                                                                            
                           "Actual Startup Time": 0.015,                                                               
                           "Actual Total Time": 532.624,                                                               
                           "Actual Rows": 2609129,                                                                     
                           "Actual Loops": 1,                                                                          
                           "Shared Hit Blocks": 3,                                                                     
                           "Shared Read Blocks": 18786,                                                                
                           "Shared Dirtied Blocks": 0,                                                                 
                           "Shared Written Blocks": 0,                                                                 
                           "Local Hit Blocks": 0,                                                                      
                           "Local Read Blocks": 0,                                                                     
                           "Local Dirtied Blocks": 0,                                                                  
                           "Local Written Blocks": 0,                                                                  
                           "Temp Read Blocks": 0,                                                                      
                           "Temp Written Blocks": 0                                                                    
                         }                                                                                             
                       ]                                                                                               
                     }                                                                                                 
                   ]                                                                                                   
                 }                                                                                                     
               ]                                                                                                       
             },                                                                                                        
             {                                                                                                         
               "Node Type": "Sort",                                                                                    
               "Parent Relationship": "Inner",                                                                         
               "Parallel Aware": false,                                                                                
               "Startup Cost": 344.10,                                                                                 
               "Total Cost": 350.69,                                                                                   
               "Plan Rows": 84843,                                                                                     
               "Plan Width": 4,                                                                                        
               "Actual Startup Time": 169.163,                                                                         
               "Actual Total Time": 173.007,                                                                           
               "Actual Rows": 33701,                                                                                   
               "Actual Loops": 1,                                                                                      
               "Sort Key": ["cn.id"],                                                                                  
               "Sort Method": "quicksort",                                                                             
               "Sort Space Used": 7050,                                                                                
               "Sort Space Type": "Memory",                                                                            
               "Shared Hit Blocks": 2,                                                                                 
               "Shared Read Blocks": 2992,                                                                             
               "Shared Dirtied Blocks": 0,                                                                             
               "Shared Written Blocks": 0,                                                                             
               "Local Hit Blocks": 0,                                                                                  
               "Local Read Blocks": 0,                                                                                 
               "Local Dirtied Blocks": 0,                                                                              
               "Local Written Blocks": 0,                                                                              
               "Temp Read Blocks": 0,                                                                                  
               "Temp Written Blocks": 0,                                                                               
               "Plans": [                                                                                              
                 {                                                                                                     
                   "Node Type": "Seq Scan",                                                                            
                   "Parent Relationship": "Outer",                                                                     
                   "Parallel Aware": false,                                                                            
                   "Relation Name": "company_name",                                                                    
                   "Alias": "cn",                                                                                      
                   "Startup Cost": 0.00,                                                                               
                   "Total Cost": 128.41,                                                                               
                   "Plan Rows": 84843,                                                                                 
                   "Plan Width": 4,                                                                                    
                   "Actual Startup Time": 6.272,                                                                       
                   "Actual Total Time": 117.968,                                                                       
                   "Actual Rows": 84843,                                                                               
                   "Actual Loops": 1,                                                                                  
                   "Filter": "((country_code)::text = '[us]'::text)",                                                  
                   "Rows Removed by Filter": 150154,                                                                   
                   "Shared Hit Blocks": 2,                                                                             
                   "Shared Read Blocks": 2992,                                                                         
                   "Shared Dirtied Blocks": 0,                                                                         
                   "Shared Written Blocks": 0,                                                                         
                   "Local Hit Blocks": 0,                                                                              
                   "Local Read Blocks": 0,                                                                             
                   "Local Dirtied Blocks": 0,                                                                          
                   "Local Written Blocks": 0,                                                                          
                   "Temp Read Blocks": 0,                                                                              
                   "Temp Written Blocks": 0                                                                            
                 }                                                                                                     
               ]                                                                                                       
             }                                                                                                         
           ]                                                                                                           
         }                                                                                                             
       ]                                                                                                               
     },                                                                                                                
     "Planning Time": 7729.998,                                                                                        
     "Triggers": [                                                                                                     
     ],                                                                                                                
     "Execution Time": 29048825.740                                                                                    
   }                                                                                                                   
 ]
