 [                                                                                                             
   {                                                                                                           
     "Plan": {                                                                                                 
       "Node Type": "Aggregate",                                                                               
       "Strategy": "Plain",                                                                                    
       "Partial Mode": "Simple",                                                                               
       "Parallel Aware": false,                                                                                
       "Startup Cost": 183136.52,                                                                              
       "Total Cost": 183136.52,                                                                                
       "Plan Rows": 1,                                                                                         
       "Plan Width": 64,                                                                                       
       "Actual Startup Time": 42100.006,                                                                       
       "Actual Total Time": 42100.006,                                                                         
       "Actual Rows": 1,                                                                                       
       "Actual Loops": 1,                                                                                      
       "Shared Hit Blocks": 20,                                                                                
       "Shared Read Blocks": 391435,                                                                           
       "Shared Dirtied Blocks": 0,                                                                             
       "Shared Written Blocks": 0,                                                                             
       "Local Hit Blocks": 0,                                                                                  
       "Local Read Blocks": 0,                                                                                 
       "Local Dirtied Blocks": 0,                                                                              
       "Local Written Blocks": 0,                                                                              
       "Temp Read Blocks": 0,                                                                                  
       "Temp Written Blocks": 0,                                                                               
       "Plans": [                                                                                              
         {                                                                                                     
           "Node Type": "Merge Join",                                                                          
           "Parent Relationship": "Outer",                                                                     
           "Parallel Aware": false,                                                                            
           "Join Type": "Inner",                                                                               
           "Startup Cost": 183084.32,                                                                          
           "Total Cost": 183136.51,                                                                            
           "Plan Rows": 65,                                                                                    
           "Plan Width": 15,                                                                                   
           "Actual Startup Time": 41222.780,                                                                   
           "Actual Total Time": 42048.087,                                                                     
           "Actual Rows": 258289,                                                                              
           "Actual Loops": 1,                                                                                  
           "Inner Unique": true,                                                                               
           "Merge Cond": "(ci.person_id = n.id)",                                                              
           "Shared Hit Blocks": 20,                                                                            
           "Shared Read Blocks": 391435,                                                                       
           "Shared Dirtied Blocks": 0,                                                                         
           "Shared Written Blocks": 0,                                                                         
           "Local Hit Blocks": 0,                                                                              
           "Local Read Blocks": 0,                                                                             
           "Local Dirtied Blocks": 0,                                                                          
           "Local Written Blocks": 0,                                                                          
           "Temp Read Blocks": 0,                                                                              
           "Temp Written Blocks": 0,                                                                           
           "Plans": [                                                                                          
             {                                                                                                 
               "Node Type": "Sort",                                                                            
               "Parent Relationship": "Outer",                                                                 
               "Parallel Aware": false,                                                                        
               "Startup Cost": 179745.79,                                                                      
               "Total Cost": 179745.85,                                                                        
               "Plan Rows": 789,                                                                               
               "Plan Width": 4,                                                                                
               "Actual Startup Time": 38529.671,                                                               
               "Actual Total Time": 38934.185,                                                                 
               "Actual Rows": 2832555,                                                                         
               "Actual Loops": 1,                                                                              
               "Sort Key": ["ci.person_id"],                                                                   
               "Sort Method": "quicksort",                                                                     
               "Sort Space Used": 231081,                                                                      
               "Sort Space Type": "Memory",                                                                    
               "Shared Hit Blocks": 19,                                                                        
               "Shared Read Blocks": 335823,                                                                   
               "Shared Dirtied Blocks": 0,                                                                     
               "Shared Written Blocks": 0,                                                                     
               "Local Hit Blocks": 0,                                                                          
               "Local Read Blocks": 0,                                                                         
               "Local Dirtied Blocks": 0,                                                                      
               "Local Written Blocks": 0,                                                                      
               "Temp Read Blocks": 0,                                                                          
               "Temp Written Blocks": 0,                                                                       
               "Plans": [                                                                                      
                 {                                                                                             
                   "Node Type": "Merge Join",                                                                  
                   "Parent Relationship": "Outer",                                                             
                   "Parallel Aware": false,                                                                    
                   "Join Type": "Inner",                                                                       
                   "Startup Cost": 173724.30,                                                                  
                   "Total Cost": 179744.61,                                                                    
                   "Plan Rows": 789,                                                                           
                   "Plan Width": 4,                                                                            
                   "Actual Startup Time": 27603.803,                                                           
                   "Actual Total Time": 37512.276,                                                             
                   "Actual Rows": 2832555,                                                                     
                   "Actual Loops": 1,                                                                          
                   "Inner Unique": false,                                                                      
                   "Merge Cond": "(t.id = ci.movie_id)",                                                       
                   "Shared Hit Blocks": 15,                                                                    
                   "Shared Read Blocks": 335823,                                                               
                   "Shared Dirtied Blocks": 0,                                                                 
                   "Shared Written Blocks": 0,                                                                 
                   "Local Hit Blocks": 0,                                                                      
                   "Local Read Blocks": 0,                                                                     
                   "Local Dirtied Blocks": 0,                                                                  
                   "Local Written Blocks": 0,                                                                  
                   "Temp Read Blocks": 0,                                                                      
                   "Temp Written Blocks": 0,                                                                   
                   "Plans": [                                                                                  
                     {                                                                                         
                       "Node Type": "Merge Join",                                                              
                       "Parent Relationship": "Outer",                                                         
                       "Parallel Aware": false,                                                                
                       "Join Type": "Inner",                                                                   
                       "Startup Cost": 21967.17,                                                               
                       "Total Cost": 22359.41,                                                                 
                       "Plan Rows": 68,                                                                        
                       "Plan Width": 12,                                                                       
                       "Actual Startup Time": 6693.014,                                                        
                       "Actual Total Time": 7386.694,                                                          
                       "Actual Rows": 68316,                                                                   
                       "Actual Loops": 1,                                                                      
                       "Inner Unique": true,                                                                   
                       "Merge Cond": "(mk.movie_id = t.id)",                                                   
                       "Shared Hit Blocks": 11,                                                                
                       "Shared Read Blocks": 83173,                                                            
                       "Shared Dirtied Blocks": 0,                                                             
                       "Shared Written Blocks": 0,                                                             
                       "Local Hit Blocks": 0,                                                                  
                       "Local Read Blocks": 0,                                                                 
                       "Local Dirtied Blocks": 0,                                                              
                       "Local Written Blocks": 0,                                                              
                       "Temp Read Blocks": 0,                                                                  
                       "Temp Written Blocks": 0,                                                               
                       "Plans": [                                                                              
                         {                                                                                     
                           "Node Type": "Sort",                                                                
                           "Parent Relationship": "Outer",                                                     
                           "Parallel Aware": false,                                                            
                           "Startup Cost": 12312.81,                                                           
                           "Total Cost": 12312.82,                                                             
                           "Plan Rows": 68,                                                                    
                           "Plan Width": 8,                                                                    
                           "Actual Startup Time": 4391.563,                                                    
                           "Actual Total Time": 4403.099,                                                      
                           "Actual Rows": 68316,                                                               
                           "Actual Loops": 1,                                                                  
                           "Sort Key": ["mc.movie_id"],                                                        
                           "Sort Method": "quicksort",                                                         
                           "Sort Space Used": 6275,                                                            
                           "Sort Space Type": "Memory",                                                        
                           "Shared Hit Blocks": 10,                                                            
                           "Shared Read Blocks": 47176,                                                        
                           "Shared Dirtied Blocks": 0,                                                         
                           "Shared Written Blocks": 0,                                                         
                           "Local Hit Blocks": 0,                                                              
                           "Local Read Blocks": 0,                                                             
                           "Local Dirtied Blocks": 0,                                                          
                           "Local Written Blocks": 0,                                                          
                           "Temp Read Blocks": 0,                                                              
                           "Temp Written Blocks": 0,                                                           
                           "Plans": [                                                                          
                             {                                                                                 
                               "Node Type": "Merge Join",                                                      
                               "Parent Relationship": "Outer",                                                 
                               "Parallel Aware": false,                                                        
                               "Join Type": "Inner",                                                           
                               "Startup Cost": 12299.54,                                                       
                               "Total Cost": 12312.75,                                                         
                               "Plan Rows": 68,                                                                
                               "Plan Width": 8,                                                                
                               "Actual Startup Time": 4307.889,                                                
                               "Actual Total Time": 4367.641,                                                  
                               "Actual Rows": 68316,                                                           
                               "Actual Loops": 1,                                                              
                               "Inner Unique": true,                                                           
                               "Merge Cond": "(mc.company_id = cn.id)",                                        
                               "Shared Hit Blocks": 10,                                                        
                               "Shared Read Blocks": 47176,                                                    
                               "Shared Dirtied Blocks": 0,                                                     
                               "Shared Written Blocks": 0,                                                     
                               "Local Hit Blocks": 0,                                                          
                               "Local Read Blocks": 0,                                                         
                               "Local Dirtied Blocks": 0,                                                      
                               "Local Written Blocks": 0,                                                      
                               "Temp Read Blocks": 0,                                                          
                               "Temp Written Blocks": 0,                                                       
                               "Plans": [                                                                      
                                 {                                                                             
                                   "Node Type": "Sort",                                                        
                                   "Parent Relationship": "Outer",                                             
                                   "Parallel Aware": false,                                                    
                                   "Startup Cost": 11955.44,                                                   
                                   "Total Cost": 11955.45,                                                     
                                   "Plan Rows": 190,                                                           
                                   "Plan Width": 12,                                                           
                                   "Actual Startup Time": 4140.251,                                            
                                   "Actual Total Time": 4155.172,                                              
                                   "Actual Rows": 148552,                                                      
                                   "Actual Loops": 1,                                                          
                                   "Sort Key": ["mc.company_id"],                                              
                                   "Sort Method": "quicksort",                                                 
                                   "Sort Space Used": 13108,                                                   
                                   "Sort Space Type": "Memory",                                                
                                   "Shared Hit Blocks": 8,                                                     
                                   "Shared Read Blocks": 44184,                                                
                                   "Shared Dirtied Blocks": 0,                                                 
                                   "Shared Written Blocks": 0,                                                 
                                   "Local Hit Blocks": 0,                                                      
                                   "Local Read Blocks": 0,                                                     
                                   "Local Dirtied Blocks": 0,                                                  
                                   "Local Written Blocks": 0,                                                  
                                   "Temp Read Blocks": 0,                                                      
                                   "Temp Written Blocks": 0,                                                   
                                   "Plans": [                                                                  
                                     {                                                                         
                                       "Node Type": "Merge Join",                                              
                                       "Parent Relationship": "Outer",                                         
                                       "Parallel Aware": false,                                                
                                       "Join Type": "Inner",                                                   
                                       "Startup Cost": 11550.05,                                               
                                       "Total Cost": 11955.21,                                                 
                                       "Plan Rows": 190,                                                       
                                       "Plan Width": 12,                                                       
                                       "Actual Startup Time": 3699.661,                                        
                                       "Actual Total Time": 4091.725,                                          
                                       "Actual Rows": 148552,                                                  
                                       "Actual Loops": 1,                                                      
                                       "Inner Unique": false,                                                  
                                       "Merge Cond": "(mk.movie_id = mc.movie_id)",                            
                                       "Shared Hit Blocks": 8,                                                 
                                       "Shared Read Blocks": 44184,                                            
                                       "Shared Dirtied Blocks": 0,                                             
                                       "Shared Written Blocks": 0,                                             
                                       "Local Hit Blocks": 0,                                                  
                                       "Local Read Blocks": 0,                                                 
                                       "Local Dirtied Blocks": 0,                                              
                                       "Local Written Blocks": 0,                                              
                                       "Temp Read Blocks": 0,                                                  
                                       "Temp Written Blocks": 0,                                               
                                       "Plans": [                                                              
                                         {                                                                     
                                           "Node Type": "Sort",                                                
                                           "Parent Relationship": "Outer",                                     
                                           "Parallel Aware": false,                                            
                                           "Startup Cost": 2144.60,                                            
                                           "Total Cost": 2144.60,                                              
                                           "Plan Rows": 34,                                                    
                                           "Plan Width": 4,                                                    
                                           "Actual Startup Time": 2226.558,                                    
                                           "Actual Total Time": 2228.733,                                      
                                           "Actual Rows": 41839,                                               
                                           "Actual Loops": 1,                                                  
                                           "Sort Key": ["mk.movie_id"],                                        
                                           "Sort Method": "quicksort",                                         
                                           "Sort Space Used": 3498,                                            
                                           "Sort Space Type": "Memory",                                        
                                           "Shared Hit Blocks": 5,                                             
                                           "Shared Read Blocks": 25398,                                        
                                           "Shared Dirtied Blocks": 0,                                         
                                           "Shared Written Blocks": 0,                                         
                                           "Local Hit Blocks": 0,                                              
                                           "Local Read Blocks": 0,                                             
                                           "Local Dirtied Blocks": 0,                                          
                                           "Local Written Blocks": 0,                                          
                                           "Temp Read Blocks": 0,                                              
                                           "Temp Written Blocks": 0,                                           
                                           "Plans": [                                                          
                                             {                                                                 
                                               "Node Type": "Nested Loop",                                     
                                               "Parent Relationship": "Outer",                                 
                                               "Parallel Aware": false,                                        
                                               "Join Type": "Inner",                                           
                                               "Startup Cost": 0.00,                                           
                                               "Total Cost": 2144.57,                                          
                                               "Plan Rows": 34,                                                
                                               "Plan Width": 4,                                                
                                               "Actual Startup Time": 83.960,                                  
                                               "Actual Total Time": 2212.504,                                  
                                               "Actual Rows": 41840,                                           
                                               "Actual Loops": 1,                                              
                                               "Inner Unique": true,                                           
                                               "Join Filter": "(k.id = mk.keyword_id)",                        
                                               "Rows Removed by Join Filter": 4482090,                         
                                               "Shared Hit Blocks": 5,                                         
                                               "Shared Read Blocks": 25398,                                    
                                               "Shared Dirtied Blocks": 0,                                     
                                               "Shared Written Blocks": 0,                                     
                                               "Local Hit Blocks": 0,                                          
                                               "Local Read Blocks": 0,                                         
                                               "Local Dirtied Blocks": 0,                                      
                                               "Local Written Blocks": 0,                                      
                                               "Temp Read Blocks": 0,                                          
                                               "Temp Written Blocks": 0,                                       
                                               "Plans": [                                                      
                                                 {                                                             
                                                   "Node Type": "Seq Scan",                                    
                                                   "Parent Relationship": "Outer",                             
                                                   "Parallel Aware": false,                                    
                                                   "Relation Name": "movie_keyword",                           
                                                   "Alias": "mk",                                              
                                                   "Startup Cost": 0.00,                                       
                                                   "Total Cost": 1079.84,                                      
                                                   "Plan Rows": 4523930,                                       
                                                   "Plan Width": 8,                                            
                                                   "Actual Startup Time": 0.015,                               
                                                   "Actual Total Time": 511.645,                               
                                                   "Actual Rows": 4523930,                                     
                                                   "Actual Loops": 1,                                          
                                                   "Shared Hit Blocks": 3,                                     
                                                   "Shared Read Blocks": 24451,                                
                                                   "Shared Dirtied Blocks": 0,                                 
                                                   "Shared Written Blocks": 0,                                 
                                                   "Local Hit Blocks": 0,                                      
                                                   "Local Read Blocks": 0,                                     
                                                   "Local Dirtied Blocks": 0,                                  
                                                   "Local Written Blocks": 0,                                  
                                                   "Temp Read Blocks": 0,                                      
                                                   "Temp Written Blocks": 0                                    
                                                 },                                                            
                                                 {                                                             
                                                   "Node Type": "Materialize",                                 
                                                   "Parent Relationship": "Inner",                             
                                                   "Parallel Aware": false,                                    
                                                   "Startup Cost": 0.00,                                       
                                                   "Total Cost": 49.46,                                        
                                                   "Plan Rows": 1,                                             
                                                   "Plan Width": 4,                                            
                                                   "Actual Startup Time": 0.000,                               
                                                   "Actual Total Time": 0.000,                                 
                                                   "Actual Rows": 1,                                           
                                                   "Actual Loops": 4523930,                                    
                                                   "Shared Hit Blocks": 2,                                     
                                                   "Shared Read Blocks": 947,                                  
                                                   "Shared Dirtied Blocks": 0,                                 
                                                   "Shared Written Blocks": 0,                                 
                                                   "Local Hit Blocks": 0,                                      
                                                   "Local Read Blocks": 0,                                     
                                                   "Local Dirtied Blocks": 0,                                  
                                                   "Local Written Blocks": 0,                                  
                                                   "Temp Read Blocks": 0,                                      
                                                   "Temp Written Blocks": 0,                                   
                                                   "Plans": [                                                  
                                                     {                                                         
                                                       "Node Type": "Seq Scan",                                
                                                       "Parent Relationship": "Outer",                         
                                                       "Parallel Aware": false,                                
                                                       "Relation Name": "keyword",                             
                                                       "Alias": "k",                                           
                                                       "Startup Cost": 0.00,                                   
                                                       "Total Cost": 49.46,                                    
                                                       "Plan Rows": 1,                                         
                                                       "Plan Width": 4,                                        
                                                       "Actual Startup Time": 22.845,                          
                                                       "Actual Total Time": 83.870,                            
                                                       "Actual Rows": 1,                                       
                                                       "Actual Loops": 1,                                      
                                                       "Filter": "(keyword = 'character-name-in-title'::text)",
                                                       "Rows Removed by Filter": 134169,                       
                                                       "Shared Hit Blocks": 2,                                 
                                                       "Shared Read Blocks": 947,                              
                                                       "Shared Dirtied Blocks": 0,                             
                                                       "Shared Written Blocks": 0,                             
                                                       "Local Hit Blocks": 0,                                  
                                                       "Local Read Blocks": 0,                                 
                                                       "Local Dirtied Blocks": 0,                              
                                                       "Local Written Blocks": 0,                              
                                                       "Temp Read Blocks": 0,                                  
                                                       "Temp Written Blocks": 0                                
                                                     }                                                         
                                                   ]                                                           
                                                 }                                                             
                                               ]                                                               
                                             }                                                                 
                                           ]                                                                   
                                         },                                                                    
                                         {                                                                     
                                           "Node Type": "Sort",                                                
                                           "Parent Relationship": "Inner",                                     
                                           "Parallel Aware": false,                                            
                                           "Startup Cost": 9405.45,                                            
                                           "Total Cost": 9608.03,                                              
                                           "Plan Rows": 2609129,                                               
                                           "Plan Width": 8,                                                    
                                           "Actual Startup Time": 1472.992,                                    
                                           "Actual Total Time": 1592.617,                                      
                                           "Actual Rows": 2609194,                                             
                                           "Actual Loops": 1,                                                  
                                           "Sort Key": ["mc.movie_id"],                                        
                                           "Sort Method": "quicksort",                                         
                                           "Sort Space Used": 220607,                                          
                                           "Sort Space Type": "Memory",                                        
                                           "Shared Hit Blocks": 3,                                             
                                           "Shared Read Blocks": 18786,                                        
                                           "Shared Dirtied Blocks": 0,                                         
                                           "Shared Written Blocks": 0,                                         
                                           "Local Hit Blocks": 0,                                              
                                           "Local Read Blocks": 0,                                             
                                           "Local Dirtied Blocks": 0,                                          
                                           "Local Written Blocks": 0,                                          
                                           "Temp Read Blocks": 0,                                              
                                           "Temp Written Blocks": 0,                                           
                                           "Plans": [                                                          
                                             {                                                                 
                                               "Node Type": "Seq Scan",                                        
                                               "Parent Relationship": "Outer",                                 
                                               "Parallel Aware": false,                                        
                                               "Relation Name": "movie_companies",                             
                                               "Alias": "mc",                                                  
                                               "Startup Cost": 0.00,                                           
                                               "Total Cost": 769.75,                                           
                                               "Plan Rows": 2609129,                                           
                                               "Plan Width": 8,                                                
                                               "Actual Startup Time": 0.010,                                   
                                               "Actual Total Time": 544.963,                                   
                                               "Actual Rows": 2609129,                                         
                                               "Actual Loops": 1,                                              
                                               "Shared Hit Blocks": 3,                                         
                                               "Shared Read Blocks": 18786,                                    
                                               "Shared Dirtied Blocks": 0,                                     
                                               "Shared Written Blocks": 0,                                     
                                               "Local Hit Blocks": 0,                                          
                                               "Local Read Blocks": 0,                                         
                                               "Local Dirtied Blocks": 0,                                      
                                               "Local Written Blocks": 0,                                      
                                               "Temp Read Blocks": 0,                                          
                                               "Temp Written Blocks": 0                                        
                                             }                                                                 
                                           ]                                                                   
                                         }                                                                     
                                       ]                                                                       
                                     }                                                                         
                                   ]                                                                           
                                 },                                                                            
                                 {                                                                             
                                   "Node Type": "Sort",                                                        
                                   "Parent Relationship": "Inner",                                             
                                   "Parallel Aware": false,                                                    
                                   "Startup Cost": 344.10,                                                     
                                   "Total Cost": 350.69,                                                       
                                   "Plan Rows": 84843,                                                         
                                   "Plan Width": 4,                                                            
                                   "Actual Startup Time": 167.629,                                             
                                   "Actual Total Time": 176.215,                                               
                                   "Actual Rows": 84843,                                                       
                                   "Actual Loops": 1,                                                          
                                   "Sort Key": ["cn.id"],                                                      
                                   "Sort Method": "quicksort",                                                 
                                   "Sort Space Used": 7050,                                                    
                                   "Sort Space Type": "Memory",                                                
                                   "Shared Hit Blocks": 2,                                                     
                                   "Shared Read Blocks": 2992,                                                 
                                   "Shared Dirtied Blocks": 0,                                                 
                                   "Shared Written Blocks": 0,                                                 
                                   "Local Hit Blocks": 0,                                                      
                                   "Local Read Blocks": 0,                                                     
                                   "Local Dirtied Blocks": 0,                                                  
                                   "Local Written Blocks": 0,                                                  
                                   "Temp Read Blocks": 0,                                                      
                                   "Temp Written Blocks": 0,                                                   
                                   "Plans": [                                                                  
                                     {                                                                         
                                       "Node Type": "Seq Scan",                                                
                                       "Parent Relationship": "Outer",                                         
                                       "Parallel Aware": false,                                                
                                       "Relation Name": "company_name",                                        
                                       "Alias": "cn",                                                          
                                       "Startup Cost": 0.00,                                                   
                                       "Total Cost": 128.41,                                                   
                                       "Plan Rows": 84843,                                                     
                                       "Plan Width": 4,                                                        
                                       "Actual Startup Time": 13.431,                                          
                                       "Actual Total Time": 124.496,                                           
                                       "Actual Rows": 84843,                                                   
                                       "Actual Loops": 1,                                                      
                                       "Filter": "((country_code)::text = '[us]'::text)",                      
                                       "Rows Removed by Filter": 150154,                                       
                                       "Shared Hit Blocks": 2,                                                 
                                       "Shared Read Blocks": 2992,                                             
                                       "Shared Dirtied Blocks": 0,                                             
                                       "Shared Written Blocks": 0,                                             
                                       "Local Hit Blocks": 0,                                                  
                                       "Local Read Blocks": 0,                                                 
                                       "Local Dirtied Blocks": 0,                                              
                                       "Local Written Blocks": 0,                                              
                                       "Temp Read Blocks": 0,                                                  
                                       "Temp Written Blocks": 0                                                
                                     }                                                                         
                                   ]                                                                           
                                 }                                                                             
                               ]                                                                               
                             }                                                                                 
                           ]                                                                                   
                         },                                                                                    
                         {                                                                                     
                           "Node Type": "Sort",                                                                
                           "Parent Relationship": "Inner",                                                     
                           "Parallel Aware": false,                                                            
                           "Startup Cost": 9654.35,                                                            
                           "Total Cost": 9850.65,                                                              
                           "Plan Rows": 2528312,                                                               
                           "Plan Width": 4,                                                                    
                           "Actual Startup Time": 2301.158,                                                    
                           "Actual Total Time": 2663.567,                                                      
                           "Actual Rows": 2524891,                                                             
                           "Actual Loops": 1,                                                                  
                           "Sort Key": ["t.id"],                                                               
                           "Sort Method": "quicksort",                                                         
                           "Sort Space Used": 216819,                                                          
                           "Sort Space Type": "Memory",                                                        
                           "Shared Hit Blocks": 1,                                                             
                           "Shared Read Blocks": 35997,                                                        
                           "Shared Dirtied Blocks": 0,                                                         
                           "Shared Written Blocks": 0,                                                         
                           "Local Hit Blocks": 0,                                                              
                           "Local Read Blocks": 0,                                                             
                           "Local Dirtied Blocks": 0,                                                          
                           "Local Written Blocks": 0,                                                          
                           "Temp Read Blocks": 0,                                                              
                           "Temp Written Blocks": 0,                                                           
                           "Plans": [                                                                          
                             {                                                                                 
                               "Node Type": "Seq Scan",                                                        
                               "Parent Relationship": "Outer",                                                 
                               "Parallel Aware": false,                                                        
                               "Relation Name": "title",                                                       
                               "Alias": "t",                                                                   
                               "Startup Cost": 0.00,                                                           
                               "Total Cost": 1303.96,                                                          
                               "Plan Rows": 2528312,                                                           
                               "Plan Width": 4,                                                                
                               "Actual Startup Time": 4.098,                                                   
                               "Actual Total Time": 1138.407,                                                  
                               "Actual Rows": 2528312,                                                         
                               "Actual Loops": 1,                                                              
                               "Shared Hit Blocks": 1,                                                         
                               "Shared Read Blocks": 35997,                                                    
                               "Shared Dirtied Blocks": 0,                                                     
                               "Shared Written Blocks": 0,                                                     
                               "Local Hit Blocks": 0,                                                          
                               "Local Read Blocks": 0,                                                         
                               "Local Dirtied Blocks": 0,                                                      
                               "Local Written Blocks": 0,                                                      
                               "Temp Read Blocks": 0,                                                          
                               "Temp Written Blocks": 0                                                        
                             }                                                                                 
                           ]                                                                                   
                         }                                                                                     
                       ]                                                                                       
                     },                                                                                        
                     {                                                                                         
                       "Node Type": "Sort",                                                                    
                       "Parent Relationship": "Inner",                                                         
                       "Parallel Aware": false,                                                                
                       "Startup Cost": 151757.13,                                                              
                       "Total Cost": 154571.13,                                                                
                       "Plan Rows": 36244344,                                                                  
                       "Plan Width": 8,                                                                        
                       "Actual Startup Time": 20900.456,                                                       
                       "Actual Total Time": 25373.641,                                                         
                       "Actual Rows": 38314797,                                                                
                       "Actual Loops": 1,                                                                      
                       "Sort Key": ["ci.movie_id"],                                                            
                       "Sort Method": "quicksort",                                                             
                       "Sort Space Used": 3271818,                                                             
                       "Sort Space Type": "Memory",                                                            
                       "Shared Hit Blocks": 4,                                                                 
                       "Shared Read Blocks": 252650,                                                           
                       "Shared Dirtied Blocks": 0,                                                             
                       "Shared Written Blocks": 0,                                                             
                       "Local Hit Blocks": 0,                                                                  
                       "Local Read Blocks": 0,                                                                 
                       "Local Dirtied Blocks": 0,                                                              
                       "Local Written Blocks": 0,                                                              
                       "Temp Read Blocks": 0,                                                                  
                       "Temp Written Blocks": 0,                                                               
                       "Plans": [                                                                              
                         {                                                                                     
                           "Node Type": "Seq Scan",                                                            
                           "Parent Relationship": "Outer",                                                     
                           "Parallel Aware": false,                                                            
                           "Relation Name": "cast_info",                                                       
                           "Alias": "ci",                                                                      
                           "Startup Cost": 0.00,                                                               
                           "Total Cost": 10431.00,                                                             
                           "Plan Rows": 36244344,                                                              
                           "Plan Width": 8,                                                                    
                           "Actual Startup Time": 0.026,                                                       
                           "Actual Total Time": 6704.712,                                                      
                           "Actual Rows": 36244344,                                                            
                           "Actual Loops": 1,                                                                  
                           "Shared Hit Blocks": 4,                                                             
                           "Shared Read Blocks": 252650,                                                       
                           "Shared Dirtied Blocks": 0,                                                         
                           "Shared Written Blocks": 0,                                                         
                           "Local Hit Blocks": 0,                                                              
                           "Local Read Blocks": 0,                                                             
                           "Local Dirtied Blocks": 0,                                                          
                           "Local Written Blocks": 0,                                                          
                           "Temp Read Blocks": 0,                                                              
                           "Temp Written Blocks": 0                                                            
                         }                                                                                     
                       ]                                                                                       
                     }                                                                                         
                   ]                                                                                           
                 }                                                                                             
               ]                                                                                               
             },                                                                                                
             {                                                                                                 
               "Node Type": "Sort",                                                                            
               "Parent Relationship": "Inner",                                                                 
               "Parallel Aware": false,                                                                        
               "Startup Cost": 3338.53,                                                                        
               "Total Cost": 3365.24,                                                                          
               "Plan Rows": 343991,                                                                            
               "Plan Width": 19,                                                                               
               "Actual Startup Time": 2677.396,                                                                
               "Actual Total Time": 2714.465,                                                                  
               "Actual Rows": 334765,                                                                          
               "Actual Loops": 1,                                                                              
               "Sort Key": ["n.id"],                                                                           
               "Sort Method": "quicksort",                                                                     
               "Sort Space Used": 37686,                                                                       
               "Sort Space Type": "Memory",                                                                    
               "Shared Hit Blocks": 1,                                                                         
               "Shared Read Blocks": 55612,                                                                    
               "Shared Dirtied Blocks": 0,                                                                     
               "Shared Written Blocks": 0,                                                                     
               "Local Hit Blocks": 0,                                                                          
               "Local Read Blocks": 0,                                                                         
               "Local Dirtied Blocks": 0,                                                                      
               "Local Written Blocks": 0,                                                                      
               "Temp Read Blocks": 0,                                                                          
               "Temp Written Blocks": 0,                                                                       
               "Plans": [                                                                                      
                 {                                                                                             
                   "Node Type": "Seq Scan",                                                                    
                   "Parent Relationship": "Outer",                                                             
                   "Parallel Aware": false,                                                                    
                   "Relation Name": "name",                                                                    
                   "Alias": "n",                                                                               
                   "Startup Cost": 0.00,                                                                       
                   "Total Cost": 2356.12,                                                                      
                   "Plan Rows": 343991,                                                                        
                   "Plan Width": 19,                                                                           
                   "Actual Startup Time": 62.743,                                                              
                   "Actual Total Time": 2521.981,                                                              
                   "Actual Rows": 343399,                                                                      
                   "Actual Loops": 1,                                                                          
                   "Filter": "(name ~~ 'B%'::text)",                                                           
                   "Rows Removed by Filter": 3824092,                                                          
                   "Shared Hit Blocks": 1,                                                                     
                   "Shared Read Blocks": 55612,                                                                
                   "Shared Dirtied Blocks": 0,                                                                 
                   "Shared Written Blocks": 0,                                                                 
                   "Local Hit Blocks": 0,                                                                      
                   "Local Read Blocks": 0,                                                                     
                   "Local Dirtied Blocks": 0,                                                                  
                   "Local Written Blocks": 0,                                                                  
                   "Temp Read Blocks": 0,                                                                      
                   "Temp Written Blocks": 0                                                                    
                 }                                                                                             
               ]                                                                                               
             }                                                                                                 
           ]                                                                                                   
         }                                                                                                     
       ]                                                                                                       
     },                                                                                                        
     "Planning Time": 5871.203,                                                                                
     "Triggers": [                                                                                             
     ],                                                                                                        
     "Execution Time": 42229.172                                                                               
   }                                                                                                           
 ]
