 [                                                                                                 
   {                                                                                               
     "Plan": {                                                                                     
       "Node Type": "Aggregate",                                                                   
       "Strategy": "Plain",                                                                        
       "Partial Mode": "Simple",                                                                   
       "Parallel Aware": false,                                                                    
       "Startup Cost": 179505.74,                                                                  
       "Total Cost": 179505.74,                                                                    
       "Plan Rows": 1,                                                                             
       "Plan Width": 64,                                                                           
       "Actual Startup Time": 7281458.273,                                                         
       "Actual Total Time": 7281458.273,                                                           
       "Actual Rows": 1,                                                                           
       "Actual Loops": 1,                                                                          
       "Shared Hit Blocks": 20,                                                                    
       "Shared Read Blocks": 391395,                                                               
       "Shared Dirtied Blocks": 0,                                                                 
       "Shared Written Blocks": 0,                                                                 
       "Local Hit Blocks": 0,                                                                      
       "Local Read Blocks": 0,                                                                     
       "Local Dirtied Blocks": 0,                                                                  
       "Local Written Blocks": 0,                                                                  
       "Temp Read Blocks": 0,                                                                      
       "Temp Written Blocks": 0,                                                                   
       "Plans": [                                                                                  
         {                                                                                         
           "Node Type": "Nested Loop",                                                             
           "Parent Relationship": "Outer",                                                         
           "Parallel Aware": false,                                                                
           "Join Type": "Inner",                                                                   
           "Startup Cost": 154198.05,                                                              
           "Total Cost": 179505.74,                                                                
           "Plan Rows": 19,                                                                        
           "Plan Width": 15,                                                                       
           "Actual Startup Time": 5603419.919,                                                     
           "Actual Total Time": 7281429.516,                                                       
           "Actual Rows": 52306,                                                                   
           "Actual Loops": 1,                                                                      
           "Inner Unique": false,                                                                  
           "Join Filter": "(mc.company_id = cn.id)",                                               
           "Rows Removed by Join Filter": 12291700776,                                             
           "Shared Hit Blocks": 20,                                                                
           "Shared Read Blocks": 391395,                                                           
           "Shared Dirtied Blocks": 0,                                                             
           "Shared Written Blocks": 0,                                                             
           "Local Hit Blocks": 0,                                                                  
           "Local Read Blocks": 0,                                                                 
           "Local Dirtied Blocks": 0,                                                              
           "Local Written Blocks": 0,                                                              
           "Temp Read Blocks": 0,                                                                  
           "Temp Written Blocks": 0,                                                               
           "Plans": [                                                                              
             {                                                                                     
               "Node Type": "Seq Scan",                                                            
               "Parent Relationship": "Outer",                                                     
               "Parallel Aware": false,                                                            
               "Relation Name": "company_name",                                                    
               "Alias": "cn",                                                                      
               "Startup Cost": 0.00,                                                               
               "Total Cost": 110.16,                                                               
               "Plan Rows": 234997,                                                                
               "Plan Width": 4,                                                                    
               "Actual Startup Time": 21.279,                                                      
               "Actual Total Time": 110.364,                                                       
               "Actual Rows": 234997,                                                              
               "Actual Loops": 1,                                                                  
               "Shared Hit Blocks": 2,                                                             
               "Shared Read Blocks": 2992,                                                         
               "Shared Dirtied Blocks": 0,                                                         
               "Shared Written Blocks": 0,                                                         
               "Local Hit Blocks": 0,                                                              
               "Local Read Blocks": 0,                                                             
               "Local Dirtied Blocks": 0,                                                          
               "Local Written Blocks": 0,                                                          
               "Temp Read Blocks": 0,                                                              
               "Temp Written Blocks": 0                                                            
             },                                                                                    
             {                                                                                     
               "Node Type": "Materialize",                                                         
               "Parent Relationship": "Inner",                                                     
               "Parallel Aware": false,                                                            
               "Startup Cost": 154198.05,                                                          
               "Total Cost": 178393.55,                                                            
               "Plan Rows": 19,                                                                    
               "Plan Width": 19,                                                                   
               "Actual Startup Time": 0.122,                                                       
               "Actual Total Time": 26.130,                                                        
               "Actual Rows": 52306,                                                               
               "Actual Loops": 234997,                                                             
               "Shared Hit Blocks": 18,                                                            
               "Shared Read Blocks": 388403,                                                       
               "Shared Dirtied Blocks": 0,                                                         
               "Shared Written Blocks": 0,                                                         
               "Local Hit Blocks": 0,                                                              
               "Local Read Blocks": 0,                                                             
               "Local Dirtied Blocks": 0,                                                          
               "Local Written Blocks": 0,                                                          
               "Temp Read Blocks": 0,                                                              
               "Temp Written Blocks": 0,                                                           
               "Plans": [                                                                          
                 {                                                                                 
                   "Node Type": "Nested Loop",                                                     
                   "Parent Relationship": "Outer",                                                 
                   "Parallel Aware": false,                                                        
                   "Join Type": "Inner",                                                           
                   "Startup Cost": 154198.05,                                                      
                   "Total Cost": 178393.55,                                                        
                   "Plan Rows": 19,                                                                
                   "Plan Width": 19,                                                               
                   "Actual Startup Time": 28637.602,                                               
                   "Actual Total Time": 5603347.318,                                               
                   "Actual Rows": 52306,                                                           
                   "Actual Loops": 1,                                                              
                   "Inner Unique": false,                                                          
                   "Join Filter": "(ci.movie_id = mc.movie_id)",                                   
                   "Rows Removed by Join Filter": 17329782512,                                     
                   "Shared Hit Blocks": 18,                                                        
                   "Shared Read Blocks": 388403,                                                   
                   "Shared Dirtied Blocks": 0,                                                     
                   "Shared Written Blocks": 0,                                                     
                   "Local Hit Blocks": 0,                                                          
                   "Local Read Blocks": 0,                                                         
                   "Local Dirtied Blocks": 0,                                                      
                   "Local Written Blocks": 0,                                                      
                   "Temp Read Blocks": 0,                                                          
                   "Temp Written Blocks": 0,                                                       
                   "Plans": [                                                                      
                     {                                                                             
                       "Node Type": "Nested Loop",                                                 
                       "Parent Relationship": "Outer",                                             
                       "Parallel Aware": false,                                                    
                       "Join Type": "Inner",                                                       
                       "Startup Cost": 154198.05,                                                  
                       "Total Cost": 171565.78,                                                    
                       "Plan Rows": 10,                                                            
                       "Plan Width": 27,                                                           
                       "Actual Startup Time": 28132.115,                                           
                       "Actual Total Time": 3227303.285,                                           
                       "Actual Rows": 6642,                                                        
                       "Actual Loops": 1,                                                          
                       "Inner Unique": true,                                                       
                       "Join Filter": "(ci.movie_id = t.id)",                                      
                       "Rows Removed by Join Filter": 11811681597,                                 
                       "Shared Hit Blocks": 15,                                                    
                       "Shared Read Blocks": 369617,                                               
                       "Shared Dirtied Blocks": 0,                                                 
                       "Shared Written Blocks": 0,                                                 
                       "Local Hit Blocks": 0,                                                      
                       "Local Read Blocks": 0,                                                     
                       "Local Dirtied Blocks": 0,                                                  
                       "Local Written Blocks": 0,                                                  
                       "Temp Read Blocks": 0,                                                      
                       "Temp Written Blocks": 0,                                                   
                       "Plans": [                                                                  
                         {                                                                         
                           "Node Type": "Nested Loop",                                             
                           "Parent Relationship": "Outer",                                         
                           "Parallel Aware": false,                                                
                           "Join Type": "Inner",                                                   
                           "Startup Cost": 154198.05,                                              
                           "Total Cost": 164391.45,                                                
                           "Plan Rows": 10,                                                        
                           "Plan Width": 23,                                                       
                           "Actual Startup Time": 26256.552,                                       
                           "Actual Total Time": 1561695.410,                                       
                           "Actual Rows": 6642,                                                    
                           "Actual Loops": 1,                                                      
                           "Inner Unique": false,                                                  
                           "Join Filter": "(ci.movie_id = mk.movie_id)",                           
                           "Rows Removed by Join Filter": 11242819758,                             
                           "Shared Hit Blocks": 14,                                                
                           "Shared Read Blocks": 333660,                                           
                           "Shared Dirtied Blocks": 0,                                             
                           "Shared Written Blocks": 0,                                             
                           "Local Hit Blocks": 0,                                                  
                           "Local Read Blocks": 0,                                                 
                           "Local Dirtied Blocks": 0,                                              
                           "Local Written Blocks": 0,                                              
                           "Temp Read Blocks": 0,                                                  
                           "Temp Written Blocks": 0,                                               
                           "Plans": [                                                              
                             {                                                                     
                               "Node Type": "Merge Join",                                          
                               "Parent Relationship": "Outer",                                     
                               "Parallel Aware": false,                                            
                               "Join Type": "Inner",                                               
                               "Startup Cost": 154198.05,                                          
                               "Total Cost": 159853.20,                                            
                               "Plan Rows": 313707,                                                
                               "Plan Width": 19,                                                   
                               "Actual Startup Time": 24088.162,                                   
                               "Actual Total Time": 27062.968,                                     
                               "Actual Rows": 268710,                                              
                               "Actual Loops": 1,                                                  
                               "Inner Unique": true,                                               
                               "Merge Cond": "(ci.person_id = n.id)",                              
                               "Shared Hit Blocks": 9,                                             
                               "Shared Read Blocks": 308262,                                       
                               "Shared Dirtied Blocks": 0,                                         
                               "Shared Written Blocks": 0,                                         
                               "Local Hit Blocks": 0,                                              
                               "Local Read Blocks": 0,                                             
                               "Local Dirtied Blocks": 0,                                          
                               "Local Written Blocks": 0,                                          
                               "Temp Read Blocks": 0,                                              
                               "Temp Written Blocks": 0,                                           
                               "Plans": [                                                          
                                 {                                                                 
                                   "Node Type": "Sort",                                            
                                   "Parent Relationship": "Outer",                                 
                                   "Parallel Aware": false,                                        
                                   "Startup Cost": 151757.13,                                      
                                   "Total Cost": 154571.13,                                        
                                   "Plan Rows": 36244344,                                          
                                   "Plan Width": 8,                                                
                                   "Actual Startup Time": 18886.427,                               
                                   "Actual Total Time": 20809.801,                                 
                                   "Actual Rows": 36244344,                                        
                                   "Actual Loops": 1,                                              
                                   "Sort Key": ["ci.person_id"],                                   
                                   "Sort Method": "quicksort",                                     
                                   "Sort Space Used": 3271818,                                     
                                   "Sort Space Type": "Memory",                                    
                                   "Shared Hit Blocks": 8,                                         
                                   "Shared Read Blocks": 252650,                                   
                                   "Shared Dirtied Blocks": 0,                                     
                                   "Shared Written Blocks": 0,                                     
                                   "Local Hit Blocks": 0,                                          
                                   "Local Read Blocks": 0,                                         
                                   "Local Dirtied Blocks": 0,                                      
                                   "Local Written Blocks": 0,                                      
                                   "Temp Read Blocks": 0,                                          
                                   "Temp Written Blocks": 0,                                       
                                   "Plans": [                                                      
                                     {                                                             
                                       "Node Type": "Seq Scan",                                    
                                       "Parent Relationship": "Outer",                             
                                       "Parallel Aware": false,                                    
                                       "Relation Name": "cast_info",                               
                                       "Alias": "ci",                                              
                                       "Startup Cost": 0.00,                                       
                                       "Total Cost": 10431.00,                                     
                                       "Plan Rows": 36244344,                                      
                                       "Plan Width": 8,                                            
                                       "Actual Startup Time": 0.021,                               
                                       "Actual Total Time": 6813.321,                              
                                       "Actual Rows": 36244344,                                    
                                       "Actual Loops": 1,                                          
                                       "Shared Hit Blocks": 4,                                     
                                       "Shared Read Blocks": 252650,                               
                                       "Shared Dirtied Blocks": 0,                                 
                                       "Shared Written Blocks": 0,                                 
                                       "Local Hit Blocks": 0,                                      
                                       "Local Read Blocks": 0,                                     
                                       "Local Dirtied Blocks": 0,                                  
                                       "Local Written Blocks": 0,                                  
                                       "Temp Read Blocks": 0,                                      
                                       "Temp Written Blocks": 0                                    
                                     }                                                             
                                   ]                                                               
                                 },                                                                
                                 {                                                                 
                                   "Node Type": "Sort",                                            
                                   "Parent Relationship": "Inner",                                 
                                   "Parallel Aware": false,                                        
                                   "Startup Cost": 2440.92,                                        
                                   "Total Cost": 2443.72,                                          
                                   "Plan Rows": 36071,                                             
                                   "Plan Width": 19,                                               
                                   "Actual Startup Time": 2667.343,                                
                                   "Actual Total Time": 2677.067,                                  
                                   "Actual Rows": 35320,                                           
                                   "Actual Loops": 1,                                              
                                   "Sort Key": ["n.id"],                                           
                                   "Sort Method": "quicksort",                                     
                                   "Sort Space Used": 4182,                                        
                                   "Sort Space Type": "Memory",                                    
                                   "Shared Hit Blocks": 1,                                         
                                   "Shared Read Blocks": 55612,                                    
                                   "Shared Dirtied Blocks": 0,                                     
                                   "Shared Written Blocks": 0,                                     
                                   "Local Hit Blocks": 0,                                          
                                   "Local Read Blocks": 0,                                         
                                   "Local Dirtied Blocks": 0,                                      
                                   "Local Written Blocks": 0,                                      
                                   "Temp Read Blocks": 0,                                          
                                   "Temp Written Blocks": 0,                                       
                                   "Plans": [                                                      
                                     {                                                             
                                       "Node Type": "Seq Scan",                                    
                                       "Parent Relationship": "Outer",                             
                                       "Parallel Aware": false,                                    
                                       "Relation Name": "name",                                    
                                       "Alias": "n",                                               
                                       "Startup Cost": 0.00,                                       
                                       "Total Cost": 2356.12,                                      
                                       "Plan Rows": 36071,                                         
                                       "Plan Width": 19,                                           
                                       "Actual Startup Time": 1141.774,                            
                                       "Actual Total Time": 2651.693,                              
                                       "Actual Rows": 36174,                                       
                                       "Actual Loops": 1,                                          
                                       "Filter": "(name ~~ 'Z%'::text)",                           
                                       "Rows Removed by Filter": 4131317,                          
                                       "Shared Hit Blocks": 1,                                     
                                       "Shared Read Blocks": 55612,                                
                                       "Shared Dirtied Blocks": 0,                                 
                                       "Shared Written Blocks": 0,                                 
                                       "Local Hit Blocks": 0,                                      
                                       "Local Read Blocks": 0,                                     
                                       "Local Dirtied Blocks": 0,                                  
                                       "Local Written Blocks": 0,                                  
                                       "Temp Read Blocks": 0,                                      
                                       "Temp Written Blocks": 0                                    
                                     }                                                             
                                   ]                                                               
                                 }                                                                 
                               ]                                                                   
                             },                                                                    
                             {                                                                     
                               "Node Type": "Materialize",                                         
                               "Parent Relationship": "Inner",                                     
                               "Parallel Aware": false,                                            
                               "Startup Cost": 0.00,                                               
                               "Total Cost": 2144.57,                                              
                               "Plan Rows": 34,                                                    
                               "Plan Width": 4,                                                    
                               "Actual Startup Time": 0.000,                                       
                               "Actual Total Time": 1.822,                                         
                               "Actual Rows": 41840,                                               
                               "Actual Loops": 268710,                                             
                               "Shared Hit Blocks": 5,                                             
                               "Shared Read Blocks": 25398,                                        
                               "Shared Dirtied Blocks": 0,                                         
                               "Shared Written Blocks": 0,                                         
                               "Local Hit Blocks": 0,                                              
                               "Local Read Blocks": 0,                                             
                               "Local Dirtied Blocks": 0,                                          
                               "Local Written Blocks": 0,                                          
                               "Temp Read Blocks": 0,                                              
                               "Temp Written Blocks": 0,                                           
                               "Plans": [                                                          
                                 {                                                                 
                                   "Node Type": "Nested Loop",                                     
                                   "Parent Relationship": "Outer",                                 
                                   "Parallel Aware": false,                                        
                                   "Join Type": "Inner",                                           
                                   "Startup Cost": 0.00,                                           
                                   "Total Cost": 2144.57,                                          
                                   "Plan Rows": 34,                                                
                                   "Plan Width": 4,                                                
                                   "Actual Startup Time": 89.991,                                  
                                   "Actual Total Time": 2144.283,                                  
                                   "Actual Rows": 41840,                                           
                                   "Actual Loops": 1,                                              
                                   "Inner Unique": true,                                           
                                   "Join Filter": "(k.id = mk.keyword_id)",                        
                                   "Rows Removed by Join Filter": 4482090,                         
                                   "Shared Hit Blocks": 5,                                         
                                   "Shared Read Blocks": 25398,                                    
                                   "Shared Dirtied Blocks": 0,                                     
                                   "Shared Written Blocks": 0,                                     
                                   "Local Hit Blocks": 0,                                          
                                   "Local Read Blocks": 0,                                         
                                   "Local Dirtied Blocks": 0,                                      
                                   "Local Written Blocks": 0,                                      
                                   "Temp Read Blocks": 0,                                          
                                   "Temp Written Blocks": 0,                                       
                                   "Plans": [                                                      
                                     {                                                             
                                       "Node Type": "Seq Scan",                                    
                                       "Parent Relationship": "Outer",                             
                                       "Parallel Aware": false,                                    
                                       "Relation Name": "movie_keyword",                           
                                       "Alias": "mk",                                              
                                       "Startup Cost": 0.00,                                       
                                       "Total Cost": 1079.84,                                      
                                       "Plan Rows": 4523930,                                       
                                       "Plan Width": 8,                                            
                                       "Actual Startup Time": 0.011,                               
                                       "Actual Total Time": 476.204,                               
                                       "Actual Rows": 4523930,                                     
                                       "Actual Loops": 1,                                          
                                       "Shared Hit Blocks": 3,                                     
                                       "Shared Read Blocks": 24451,                                
                                       "Shared Dirtied Blocks": 0,                                 
                                       "Shared Written Blocks": 0,                                 
                                       "Local Hit Blocks": 0,                                      
                                       "Local Read Blocks": 0,                                     
                                       "Local Dirtied Blocks": 0,                                  
                                       "Local Written Blocks": 0,                                  
                                       "Temp Read Blocks": 0,                                      
                                       "Temp Written Blocks": 0                                    
                                     },                                                            
                                     {                                                             
                                       "Node Type": "Materialize",                                 
                                       "Parent Relationship": "Inner",                             
                                       "Parallel Aware": false,                                    
                                       "Startup Cost": 0.00,                                       
                                       "Total Cost": 49.46,                                        
                                       "Plan Rows": 1,                                             
                                       "Plan Width": 4,                                            
                                       "Actual Startup Time": 0.000,                               
                                       "Actual Total Time": 0.000,                                 
                                       "Actual Rows": 1,                                           
                                       "Actual Loops": 4523930,                                    
                                       "Shared Hit Blocks": 2,                                     
                                       "Shared Read Blocks": 947,                                  
                                       "Shared Dirtied Blocks": 0,                                 
                                       "Shared Written Blocks": 0,                                 
                                       "Local Hit Blocks": 0,                                      
                                       "Local Read Blocks": 0,                                     
                                       "Local Dirtied Blocks": 0,                                  
                                       "Local Written Blocks": 0,                                  
                                       "Temp Read Blocks": 0,                                      
                                       "Temp Written Blocks": 0,                                   
                                       "Plans": [                                                  
                                         {                                                         
                                           "Node Type": "Seq Scan",                                
                                           "Parent Relationship": "Outer",                         
                                           "Parallel Aware": false,                                
                                           "Relation Name": "keyword",                             
                                           "Alias": "k",                                           
                                           "Startup Cost": 0.00,                                   
                                           "Total Cost": 49.46,                                    
                                           "Plan Rows": 1,                                         
                                           "Plan Width": 4,                                        
                                           "Actual Startup Time": 29.328,                          
                                           "Actual Total Time": 89.902,                            
                                           "Actual Rows": 1,                                       
                                           "Actual Loops": 1,                                      
                                           "Filter": "(keyword = 'character-name-in-title'::text)",
                                           "Rows Removed by Filter": 134169,                       
                                           "Shared Hit Blocks": 2,                                 
                                           "Shared Read Blocks": 947,                              
                                           "Shared Dirtied Blocks": 0,                             
                                           "Shared Written Blocks": 0,                             
                                           "Local Hit Blocks": 0,                                  
                                           "Local Read Blocks": 0,                                 
                                           "Local Dirtied Blocks": 0,                              
                                           "Local Written Blocks": 0,                              
                                           "Temp Read Blocks": 0,                                  
                                           "Temp Written Blocks": 0                                
                                         }                                                         
                                       ]                                                           
                                     }                                                             
                                   ]                                                               
                                 }                                                                 
                               ]                                                                   
                             }                                                                     
                           ]                                                                       
                         },                                                                        
                         {                                                                         
                           "Node Type": "Materialize",                                             
                           "Parent Relationship": "Inner",                                         
                           "Parallel Aware": false,                                                
                           "Startup Cost": 0.00,                                                   
                           "Total Cost": 1696.56,                                                  
                           "Plan Rows": 2528312,                                                   
                           "Plan Width": 4,                                                        
                           "Actual Startup Time": 0.002,                                           
                           "Actual Total Time": 76.858,                                            
                           "Actual Rows": 1778333,                                                 
                           "Actual Loops": 6642,                                                   
                           "Shared Hit Blocks": 1,                                                 
                           "Shared Read Blocks": 35957,                                            
                           "Shared Dirtied Blocks": 0,                                             
                           "Shared Written Blocks": 0,                                             
                           "Local Hit Blocks": 0,                                                  
                           "Local Read Blocks": 0,                                                 
                           "Local Dirtied Blocks": 0,                                              
                           "Local Written Blocks": 0,                                              
                           "Temp Read Blocks": 0,                                                  
                           "Temp Written Blocks": 0,                                               
                           "Plans": [                                                              
                             {                                                                     
                               "Node Type": "Seq Scan",                                            
                               "Parent Relationship": "Outer",                                     
                               "Parallel Aware": false,                                            
                               "Relation Name": "title",                                           
                               "Alias": "t",                                                       
                               "Startup Cost": 0.00,                                               
                               "Total Cost": 1303.96,                                              
                               "Plan Rows": 2528312,                                               
                               "Plan Width": 4,                                                    
                               "Actual Startup Time": 8.903,                                       
                               "Actual Total Time": 1155.584,                                      
                               "Actual Rows": 2525481,                                             
                               "Actual Loops": 1,                                                  
                               "Shared Hit Blocks": 1,                                             
                               "Shared Read Blocks": 35957,                                        
                               "Shared Dirtied Blocks": 0,                                         
                               "Shared Written Blocks": 0,                                         
                               "Local Hit Blocks": 0,                                              
                               "Local Read Blocks": 0,                                             
                               "Local Dirtied Blocks": 0,                                          
                               "Local Written Blocks": 0,                                          
                               "Temp Read Blocks": 0,                                              
                               "Temp Written Blocks": 0                                            
                             }                                                                     
                           ]                                                                       
                         }                                                                         
                       ]                                                                           
                     },                                                                            
                     {                                                                             
                       "Node Type": "Materialize",                                                 
                       "Parent Relationship": "Inner",                                             
                       "Parallel Aware": false,                                                    
                       "Startup Cost": 0.00,                                                       
                       "Total Cost": 1174.90,                                                      
                       "Plan Rows": 2609129,                                                       
                       "Plan Width": 8,                                                            
                       "Actual Startup Time": 0.000,                                               
                       "Actual Total Time": 114.279,                                               
                       "Actual Rows": 2609129,                                                     
                       "Actual Loops": 6642,                                                       
                       "Shared Hit Blocks": 3,                                                     
                       "Shared Read Blocks": 18786,                                                
                       "Shared Dirtied Blocks": 0,                                                 
                       "Shared Written Blocks": 0,                                                 
                       "Local Hit Blocks": 0,                                                      
                       "Local Read Blocks": 0,                                                     
                       "Local Dirtied Blocks": 0,                                                  
                       "Local Written Blocks": 0,                                                  
                       "Temp Read Blocks": 0,                                                      
                       "Temp Written Blocks": 0,                                                   
                       "Plans": [                                                                  
                         {                                                                         
                           "Node Type": "Seq Scan",                                                
                           "Parent Relationship": "Outer",                                         
                           "Parallel Aware": false,                                                
                           "Relation Name": "movie_companies",                                     
                           "Alias": "mc",                                                          
                           "Startup Cost": 0.00,                                                   
                           "Total Cost": 769.75,                                                   
                           "Plan Rows": 2609129,                                                   
                           "Plan Width": 8,                                                        
                           "Actual Startup Time": 0.010,                                           
                           "Actual Total Time": 482.062,                                           
                           "Actual Rows": 2609129,                                                 
                           "Actual Loops": 1,                                                      
                           "Shared Hit Blocks": 3,                                                 
                           "Shared Read Blocks": 18786,                                            
                           "Shared Dirtied Blocks": 0,                                             
                           "Shared Written Blocks": 0,                                             
                           "Local Hit Blocks": 0,                                                  
                           "Local Read Blocks": 0,                                                 
                           "Local Dirtied Blocks": 0,                                              
                           "Local Written Blocks": 0,                                              
                           "Temp Read Blocks": 0,                                                  
                           "Temp Written Blocks": 0                                                
                         }                                                                         
                       ]                                                                           
                     }                                                                             
                   ]                                                                               
                 }                                                                                 
               ]                                                                                   
             }                                                                                     
           ]                                                                                       
         }                                                                                         
       ]                                                                                           
     },                                                                                            
     "Planning Time": 5971.807,                                                                    
     "Triggers": [                                                                                 
     ],                                                                                            
     "Execution Time": 7281649.695                                                                 
   }                                                                                               
 ]
