 [                                                                                                             
   {                                                                                                           
     "Plan": {                                                                                                 
       "Node Type": "Aggregate",                                                                               
       "Strategy": "Plain",                                                                                    
       "Partial Mode": "Simple",                                                                               
       "Parallel Aware": false,                                                                                
       "Startup Cost": 165895.01,                                                                              
       "Total Cost": 165895.01,                                                                                
       "Plan Rows": 1,                                                                                         
       "Plan Width": 64,                                                                                       
       "Actual Startup Time": 1264069.301,                                                                     
       "Actual Total Time": 1264069.302,                                                                       
       "Actual Rows": 1,                                                                                       
       "Actual Loops": 1,                                                                                      
       "Shared Hit Blocks": 20,                                                                                
       "Shared Read Blocks": 391435,                                                                           
       "Shared Dirtied Blocks": 0,                                                                             
       "Shared Written Blocks": 0,                                                                             
       "Local Hit Blocks": 0,                                                                                  
       "Local Read Blocks": 0,                                                                                 
       "Local Dirtied Blocks": 0,                                                                              
       "Local Written Blocks": 0,                                                                              
       "Temp Read Blocks": 0,                                                                                  
       "Temp Written Blocks": 0,                                                                               
       "Plans": [                                                                                              
         {                                                                                                     
           "Node Type": "Nested Loop",                                                                         
           "Parent Relationship": "Outer",                                                                     
           "Parallel Aware": false,                                                                            
           "Join Type": "Inner",                                                                               
           "Startup Cost": 153901.76,                                                                          
           "Total Cost": 165895.01,                                                                            
           "Plan Rows": 1,                                                                                     
           "Plan Width": 15,                                                                                   
           "Actual Startup Time": 611911.684,                                                                  
           "Actual Total Time": 1264068.538,                                                                   
           "Actual Rows": 1918,                                                                                
           "Actual Loops": 1,                                                                                  
           "Inner Unique": false,                                                                              
           "Join Filter": "(ci.movie_id = t.id)",                                                              
           "Rows Removed by Join Filter": 4849300498,                                                          
           "Shared Hit Blocks": 20,                                                                            
           "Shared Read Blocks": 391435,                                                                       
           "Shared Dirtied Blocks": 0,                                                                         
           "Shared Written Blocks": 0,                                                                         
           "Local Hit Blocks": 0,                                                                              
           "Local Read Blocks": 0,                                                                             
           "Local Dirtied Blocks": 0,                                                                          
           "Local Written Blocks": 0,                                                                          
           "Temp Read Blocks": 0,                                                                              
           "Temp Written Blocks": 0,                                                                           
           "Plans": [                                                                                          
             {                                                                                                 
               "Node Type": "Seq Scan",                                                                        
               "Parent Relationship": "Outer",                                                                 
               "Parallel Aware": false,                                                                        
               "Relation Name": "title",                                                                       
               "Alias": "t",                                                                                   
               "Startup Cost": 0.00,                                                                           
               "Total Cost": 1303.96,                                                                          
               "Plan Rows": 2528312,                                                                           
               "Plan Width": 4,                                                                                
               "Actual Startup Time": 21.597,                                                                  
               "Actual Total Time": 443.456,                                                                   
               "Actual Rows": 2528312,                                                                         
               "Actual Loops": 1,                                                                              
               "Shared Hit Blocks": 1,                                                                         
               "Shared Read Blocks": 35997,                                                                    
               "Shared Dirtied Blocks": 0,                                                                     
               "Shared Written Blocks": 0,                                                                     
               "Local Hit Blocks": 0,                                                                          
               "Local Read Blocks": 0,                                                                         
               "Local Dirtied Blocks": 0,                                                                      
               "Local Written Blocks": 0,                                                                      
               "Temp Read Blocks": 0,                                                                          
               "Temp Written Blocks": 0                                                                        
             },                                                                                                
             {                                                                                                 
               "Node Type": "Materialize",                                                                     
               "Parent Relationship": "Inner",                                                                 
               "Parallel Aware": false,                                                                        
               "Startup Cost": 153901.76,                                                                      
               "Total Cost": 164023.64,                                                                        
               "Plan Rows": 1,                                                                                 
               "Plan Width": 27,                                                                               
               "Actual Startup Time": 0.209,                                                                   
               "Actual Total Time": 0.320,                                                                     
               "Actual Rows": 1918,                                                                            
               "Actual Loops": 2528312,                                                                        
               "Shared Hit Blocks": 19,                                                                        
               "Shared Read Blocks": 355438,                                                                   
               "Shared Dirtied Blocks": 0,                                                                     
               "Shared Written Blocks": 0,                                                                     
               "Local Hit Blocks": 0,                                                                          
               "Local Read Blocks": 0,                                                                         
               "Local Dirtied Blocks": 0,                                                                      
               "Local Written Blocks": 0,                                                                      
               "Temp Read Blocks": 0,                                                                          
               "Temp Written Blocks": 0,                                                                       
               "Plans": [                                                                                      
                 {                                                                                             
                   "Node Type": "Nested Loop",                                                                 
                   "Parent Relationship": "Outer",                                                             
                   "Parallel Aware": false,                                                                    
                   "Join Type": "Inner",                                                                       
                   "Startup Cost": 153901.76,                                                                  
                   "Total Cost": 164023.64,                                                                    
                   "Plan Rows": 1,                                                                             
                   "Plan Width": 27,                                                                           
                   "Actual Startup Time": 529024.866,                                                          
                   "Actual Total Time": 595536.485,                                                            
                   "Actual Rows": 1918,                                                                        
                   "Actual Loops": 1,                                                                          
                   "Inner Unique": false,                                                                      
                   "Join Filter": "(mc.company_id = cn.id)",                                                   
                   "Rows Removed by Join Filter": 450722328,                                                   
                   "Shared Hit Blocks": 19,                                                                    
                   "Shared Read Blocks": 355438,                                                               
                   "Shared Dirtied Blocks": 0,                                                                 
                   "Shared Written Blocks": 0,                                                                 
                   "Local Hit Blocks": 0,                                                                      
                   "Local Read Blocks": 0,                                                                     
                   "Local Dirtied Blocks": 0,                                                                  
                   "Local Written Blocks": 0,                                                                  
                   "Temp Read Blocks": 0,                                                                      
                   "Temp Written Blocks": 0,                                                                   
                   "Plans": [                                                                                  
                     {                                                                                         
                       "Node Type": "Seq Scan",                                                                
                       "Parent Relationship": "Outer",                                                         
                       "Parallel Aware": false,                                                                
                       "Relation Name": "company_name",                                                        
                       "Alias": "cn",                                                                          
                       "Startup Cost": 0.00,                                                                   
                       "Total Cost": 110.16,                                                                   
                       "Plan Rows": 234997,                                                                    
                       "Plan Width": 4,                                                                        
                       "Actual Startup Time": 8.015,                                                           
                       "Actual Total Time": 45.310,                                                            
                       "Actual Rows": 234997,                                                                  
                       "Actual Loops": 1,                                                                      
                       "Shared Hit Blocks": 2,                                                                 
                       "Shared Read Blocks": 2992,                                                             
                       "Shared Dirtied Blocks": 0,                                                             
                       "Shared Written Blocks": 0,                                                             
                       "Local Hit Blocks": 0,                                                                  
                       "Local Read Blocks": 0,                                                                 
                       "Local Dirtied Blocks": 0,                                                              
                       "Local Written Blocks": 0,                                                              
                       "Temp Read Blocks": 0,                                                                  
                       "Temp Written Blocks": 0                                                                
                     },                                                                                        
                     {                                                                                         
                       "Node Type": "Materialize",                                                             
                       "Parent Relationship": "Inner",                                                         
                       "Parallel Aware": false,                                                                
                       "Startup Cost": 153901.76,                                                              
                       "Total Cost": 163860.74,                                                                
                       "Plan Rows": 1,                                                                         
                       "Plan Width": 31,                                                                       
                       "Actual Startup Time": 1.870,                                                           
                       "Actual Total Time": 2.335,                                                             
                       "Actual Rows": 1918,                                                                    
                       "Actual Loops": 234997,                                                                 
                       "Shared Hit Blocks": 17,                                                                
                       "Shared Read Blocks": 352446,                                                           
                       "Shared Dirtied Blocks": 0,                                                             
                       "Shared Written Blocks": 0,                                                             
                       "Local Hit Blocks": 0,                                                                  
                       "Local Read Blocks": 0,                                                                 
                       "Local Dirtied Blocks": 0,                                                              
                       "Local Written Blocks": 0,                                                              
                       "Temp Read Blocks": 0,                                                                  
                       "Temp Written Blocks": 0,                                                               
                       "Plans": [                                                                              
                         {                                                                                     
                           "Node Type": "Nested Loop",                                                         
                           "Parent Relationship": "Outer",                                                     
                           "Parallel Aware": false,                                                            
                           "Join Type": "Inner",                                                               
                           "Startup Cost": 153901.76,                                                          
                           "Total Cost": 163860.74,                                                            
                           "Plan Rows": 1,                                                                     
                           "Plan Width": 31,                                                                   
                           "Actual Startup Time": 439316.992,                                                  
                           "Actual Total Time": 528981.322,                                                    
                           "Actual Rows": 1918,                                                                
                           "Actual Loops": 1,                                                                  
                           "Inner Unique": false,                                                              
                           "Join Filter": "(ci.movie_id = mc.movie_id)",                                       
                           "Rows Removed by Join Filter": 652280332,                                           
                           "Shared Hit Blocks": 17,                                                            
                           "Shared Read Blocks": 352446,                                                       
                           "Shared Dirtied Blocks": 0,                                                         
                           "Shared Written Blocks": 0,                                                         
                           "Local Hit Blocks": 0,                                                              
                           "Local Read Blocks": 0,                                                             
                           "Local Dirtied Blocks": 0,                                                          
                           "Local Written Blocks": 0,                                                          
                           "Temp Read Blocks": 0,                                                              
                           "Temp Written Blocks": 0,                                                           
                           "Plans": [                                                                          
                             {                                                                                 
                               "Node Type": "Seq Scan",                                                        
                               "Parent Relationship": "Outer",                                                 
                               "Parallel Aware": false,                                                        
                               "Relation Name": "movie_companies",                                             
                               "Alias": "mc",                                                                  
                               "Startup Cost": 0.00,                                                           
                               "Total Cost": 769.75,                                                           
                               "Plan Rows": 2609129,                                                           
                               "Plan Width": 8,                                                                
                               "Actual Startup Time": 0.013,                                                   
                               "Actual Total Time": 569.765,                                                   
                               "Actual Rows": 2609129,                                                         
                               "Actual Loops": 1,                                                              
                               "Shared Hit Blocks": 3,                                                         
                               "Shared Read Blocks": 18786,                                                    
                               "Shared Dirtied Blocks": 0,                                                     
                               "Shared Written Blocks": 0,                                                     
                               "Local Hit Blocks": 0,                                                          
                               "Local Read Blocks": 0,                                                         
                               "Local Dirtied Blocks": 0,                                                      
                               "Local Written Blocks": 0,                                                      
                               "Temp Read Blocks": 0,                                                          
                               "Temp Written Blocks": 0                                                        
                             },                                                                                
                             {                                                                                 
                               "Node Type": "Materialize",                                                     
                               "Parent Relationship": "Inner",                                                 
                               "Parallel Aware": false,                                                        
                               "Startup Cost": 153901.76,                                                      
                               "Total Cost": 162505.44,                                                        
                               "Plan Rows": 1,                                                                 
                               "Plan Width": 23,                                                               
                               "Actual Startup Time": 0.011,                                                   
                               "Actual Total Time": 0.179,                                                     
                               "Actual Rows": 250,                                                             
                               "Actual Loops": 2609129,                                                        
                               "Shared Hit Blocks": 14,                                                        
                               "Shared Read Blocks": 333660,                                                   
                               "Shared Dirtied Blocks": 0,                                                     
                               "Shared Written Blocks": 0,                                                     
                               "Local Hit Blocks": 0,                                                          
                               "Local Read Blocks": 0,                                                         
                               "Local Dirtied Blocks": 0,                                                      
                               "Local Written Blocks": 0,                                                      
                               "Temp Read Blocks": 0,                                                          
                               "Temp Written Blocks": 0,                                                       
                               "Plans": [                                                                      
                                 {                                                                             
                                   "Node Type": "Nested Loop",                                                 
                                   "Parent Relationship": "Outer",                                             
                                   "Parallel Aware": false,                                                    
                                   "Join Type": "Inner",                                                       
                                   "Startup Cost": 153901.76,                                                  
                                   "Total Cost": 162505.44,                                                    
                                   "Plan Rows": 1,                                                             
                                   "Plan Width": 23,                                                           
                                   "Actual Startup Time": 29625.554,                                           
                                   "Actual Total Time": 438885.879,                                            
                                   "Actual Rows": 250,                                                         
                                   "Actual Loops": 1,                                                          
                                   "Inner Unique": true,                                                       
                                   "Join Filter": "(ci.person_id = n.id)",                                     
                                   "Rows Removed by Join Filter": 2765885308,                                  
                                   "Shared Hit Blocks": 14,                                                    
                                   "Shared Read Blocks": 333660,                                               
                                   "Shared Dirtied Blocks": 0,                                                 
                                   "Shared Written Blocks": 0,                                                 
                                   "Local Hit Blocks": 0,                                                      
                                   "Local Read Blocks": 0,                                                     
                                   "Local Dirtied Blocks": 0,                                                  
                                   "Local Written Blocks": 0,                                                  
                                   "Temp Read Blocks": 0,                                                      
                                   "Temp Written Blocks": 0,                                                   
                                   "Plans": [                                                                  
                                     {                                                                         
                                       "Node Type": "Merge Join",                                              
                                       "Parent Relationship": "Outer",                                         
                                       "Parallel Aware": false,                                                
                                       "Join Type": "Inner",                                                   
                                       "Startup Cost": 153901.76,                                              
                                       "Total Cost": 159529.80,                                                
                                       "Plan Rows": 1138,                                                      
                                       "Plan Width": 12,                                                       
                                       "Actual Startup Time": 23103.011,                                       
                                       "Actual Total Time": 32223.742,                                         
                                       "Actual Rows": 1038393,                                                 
                                       "Actual Loops": 1,                                                      
                                       "Inner Unique": false,                                                  
                                       "Merge Cond": "(mk.movie_id = ci.movie_id)",                            
                                       "Shared Hit Blocks": 13,                                                
                                       "Shared Read Blocks": 278048,                                           
                                       "Shared Dirtied Blocks": 0,                                             
                                       "Shared Written Blocks": 0,                                             
                                       "Local Hit Blocks": 0,                                                  
                                       "Local Read Blocks": 0,                                                 
                                       "Local Dirtied Blocks": 0,                                              
                                       "Local Written Blocks": 0,                                              
                                       "Temp Read Blocks": 0,                                                  
                                       "Temp Written Blocks": 0,                                               
                                       "Plans": [                                                              
                                         {                                                                     
                                           "Node Type": "Sort",                                                
                                           "Parent Relationship": "Outer",                                     
                                           "Parallel Aware": false,                                            
                                           "Startup Cost": 2144.60,                                            
                                           "Total Cost": 2144.60,                                              
                                           "Plan Rows": 34,                                                    
                                           "Plan Width": 4,                                                    
                                           "Actual Startup Time": 2191.852,                                    
                                           "Actual Total Time": 2196.781,                                      
                                           "Actual Rows": 41840,                                               
                                           "Actual Loops": 1,                                                  
                                           "Sort Key": ["mk.movie_id"],                                        
                                           "Sort Method": "quicksort",                                         
                                           "Sort Space Used": 3498,                                            
                                           "Sort Space Type": "Memory",                                        
                                           "Shared Hit Blocks": 9,                                             
                                           "Shared Read Blocks": 25398,                                        
                                           "Shared Dirtied Blocks": 0,                                         
                                           "Shared Written Blocks": 0,                                         
                                           "Local Hit Blocks": 0,                                              
                                           "Local Read Blocks": 0,                                             
                                           "Local Dirtied Blocks": 0,                                          
                                           "Local Written Blocks": 0,                                          
                                           "Temp Read Blocks": 0,                                              
                                           "Temp Written Blocks": 0,                                           
                                           "Plans": [                                                          
                                             {                                                                 
                                               "Node Type": "Nested Loop",                                     
                                               "Parent Relationship": "Outer",                                 
                                               "Parallel Aware": false,                                        
                                               "Join Type": "Inner",                                           
                                               "Startup Cost": 0.00,                                           
                                               "Total Cost": 2144.57,                                          
                                               "Plan Rows": 34,                                                
                                               "Plan Width": 4,                                                
                                               "Actual Startup Time": 84.450,                                  
                                               "Actual Total Time": 2148.143,                                  
                                               "Actual Rows": 41840,                                           
                                               "Actual Loops": 1,                                              
                                               "Inner Unique": true,                                           
                                               "Join Filter": "(k.id = mk.keyword_id)",                        
                                               "Rows Removed by Join Filter": 4482090,                         
                                               "Shared Hit Blocks": 5,                                         
                                               "Shared Read Blocks": 25398,                                    
                                               "Shared Dirtied Blocks": 0,                                     
                                               "Shared Written Blocks": 0,                                     
                                               "Local Hit Blocks": 0,                                          
                                               "Local Read Blocks": 0,                                         
                                               "Local Dirtied Blocks": 0,                                      
                                               "Local Written Blocks": 0,                                      
                                               "Temp Read Blocks": 0,                                          
                                               "Temp Written Blocks": 0,                                       
                                               "Plans": [                                                      
                                                 {                                                             
                                                   "Node Type": "Seq Scan",                                    
                                                   "Parent Relationship": "Outer",                             
                                                   "Parallel Aware": false,                                    
                                                   "Relation Name": "movie_keyword",                           
                                                   "Alias": "mk",                                              
                                                   "Startup Cost": 0.00,                                       
                                                   "Total Cost": 1079.84,                                      
                                                   "Plan Rows": 4523930,                                       
                                                   "Plan Width": 8,                                            
                                                   "Actual Startup Time": 0.014,                               
                                                   "Actual Total Time": 481.059,                               
                                                   "Actual Rows": 4523930,                                     
                                                   "Actual Loops": 1,                                          
                                                   "Shared Hit Blocks": 3,                                     
                                                   "Shared Read Blocks": 24451,                                
                                                   "Shared Dirtied Blocks": 0,                                 
                                                   "Shared Written Blocks": 0,                                 
                                                   "Local Hit Blocks": 0,                                      
                                                   "Local Read Blocks": 0,                                     
                                                   "Local Dirtied Blocks": 0,                                  
                                                   "Local Written Blocks": 0,                                  
                                                   "Temp Read Blocks": 0,                                      
                                                   "Temp Written Blocks": 0                                    
                                                 },                                                            
                                                 {                                                             
                                                   "Node Type": "Materialize",                                 
                                                   "Parent Relationship": "Inner",                             
                                                   "Parallel Aware": false,                                    
                                                   "Startup Cost": 0.00,                                       
                                                   "Total Cost": 49.46,                                        
                                                   "Plan Rows": 1,                                             
                                                   "Plan Width": 4,                                            
                                                   "Actual Startup Time": 0.000,                               
                                                   "Actual Total Time": 0.000,                                 
                                                   "Actual Rows": 1,                                           
                                                   "Actual Loops": 4523930,                                    
                                                   "Shared Hit Blocks": 2,                                     
                                                   "Shared Read Blocks": 947,                                  
                                                   "Shared Dirtied Blocks": 0,                                 
                                                   "Shared Written Blocks": 0,                                 
                                                   "Local Hit Blocks": 0,                                      
                                                   "Local Read Blocks": 0,                                     
                                                   "Local Dirtied Blocks": 0,                                  
                                                   "Local Written Blocks": 0,                                  
                                                   "Temp Read Blocks": 0,                                      
                                                   "Temp Written Blocks": 0,                                   
                                                   "Plans": [                                                  
                                                     {                                                         
                                                       "Node Type": "Seq Scan",                                
                                                       "Parent Relationship": "Outer",                         
                                                       "Parallel Aware": false,                                
                                                       "Relation Name": "keyword",                             
                                                       "Alias": "k",                                           
                                                       "Startup Cost": 0.00,                                   
                                                       "Total Cost": 49.46,                                    
                                                       "Plan Rows": 1,                                         
                                                       "Plan Width": 4,                                        
                                                       "Actual Startup Time": 22.791,                          
                                                       "Actual Total Time": 84.221,                            
                                                       "Actual Rows": 1,                                       
                                                       "Actual Loops": 1,                                      
                                                       "Filter": "(keyword = 'character-name-in-title'::text)",
                                                       "Rows Removed by Filter": 134169,                       
                                                       "Shared Hit Blocks": 2,                                 
                                                       "Shared Read Blocks": 947,                              
                                                       "Shared Dirtied Blocks": 0,                             
                                                       "Shared Written Blocks": 0,                             
                                                       "Local Hit Blocks": 0,                                  
                                                       "Local Read Blocks": 0,                                 
                                                       "Local Dirtied Blocks": 0,                              
                                                       "Local Written Blocks": 0,                              
                                                       "Temp Read Blocks": 0,                                  
                                                       "Temp Written Blocks": 0                                
                                                     }                                                         
                                                   ]                                                           
                                                 }                                                             
                                               ]                                                               
                                             }                                                                 
                                           ]                                                                   
                                         },                                                                    
                                         {                                                                     
                                           "Node Type": "Sort",                                                
                                           "Parent Relationship": "Inner",                                     
                                           "Parallel Aware": false,                                            
                                           "Startup Cost": 151757.13,                                          
                                           "Total Cost": 154571.13,                                            
                                           "Plan Rows": 36244344,                                              
                                           "Plan Width": 8,                                                    
                                           "Actual Startup Time": 20910.279,                                   
                                           "Actual Total Time": 25543.541,                                     
                                           "Actual Rows": 36243485,                                            
                                           "Actual Loops": 1,                                                  
                                           "Sort Key": ["ci.movie_id"],                                        
                                           "Sort Method": "quicksort",                                         
                                           "Sort Space Used": 3271818,                                         
                                           "Sort Space Type": "Memory",                                        
                                           "Shared Hit Blocks": 4,                                             
                                           "Shared Read Blocks": 252650,                                       
                                           "Shared Dirtied Blocks": 0,                                         
                                           "Shared Written Blocks": 0,                                         
                                           "Local Hit Blocks": 0,                                              
                                           "Local Read Blocks": 0,                                             
                                           "Local Dirtied Blocks": 0,                                          
                                           "Local Written Blocks": 0,                                          
                                           "Temp Read Blocks": 0,                                              
                                           "Temp Written Blocks": 0,                                           
                                           "Plans": [                                                          
                                             {                                                                 
                                               "Node Type": "Seq Scan",                                        
                                               "Parent Relationship": "Outer",                                 
                                               "Parallel Aware": false,                                        
                                               "Relation Name": "cast_info",                                   
                                               "Alias": "ci",                                                  
                                               "Startup Cost": 0.00,                                           
                                               "Total Cost": 10431.00,                                         
                                               "Plan Rows": 36244344,                                          
                                               "Plan Width": 8,                                                
                                               "Actual Startup Time": 0.009,                                   
                                               "Actual Total Time": 6848.490,                                  
                                               "Actual Rows": 36244344,                                        
                                               "Actual Loops": 1,                                              
                                               "Shared Hit Blocks": 4,                                         
                                               "Shared Read Blocks": 252650,                                   
                                               "Shared Dirtied Blocks": 0,                                     
                                               "Shared Written Blocks": 0,                                     
                                               "Local Hit Blocks": 0,                                          
                                               "Local Read Blocks": 0,                                         
                                               "Local Dirtied Blocks": 0,                                      
                                               "Local Written Blocks": 0,                                      
                                               "Temp Read Blocks": 0,                                          
                                               "Temp Written Blocks": 0                                        
                                             }                                                                 
                                           ]                                                                   
                                         }                                                                     
                                       ]                                                                       
                                     },                                                                        
                                     {                                                                         
                                       "Node Type": "Materialize",                                             
                                       "Parent Relationship": "Inner",                                         
                                       "Parallel Aware": false,                                                
                                       "Startup Cost": 0.00,                                                   
                                       "Total Cost": 2356.50,                                                  
                                       "Plan Rows": 2425,                                                      
                                       "Plan Width": 19,                                                       
                                       "Actual Startup Time": 0.001,                                           
                                       "Actual Total Time": 0.124,                                             
                                       "Actual Rows": 2664,                                                    
                                       "Actual Loops": 1038393,                                                
                                       "Shared Hit Blocks": 1,                                                 
                                       "Shared Read Blocks": 55612,                                            
                                       "Shared Dirtied Blocks": 0,                                             
                                       "Shared Written Blocks": 0,                                             
                                       "Local Hit Blocks": 0,                                                  
                                       "Local Read Blocks": 0,                                                 
                                       "Local Dirtied Blocks": 0,                                              
                                       "Local Written Blocks": 0,                                              
                                       "Temp Read Blocks": 0,                                                  
                                       "Temp Written Blocks": 0,                                               
                                       "Plans": [                                                              
                                         {                                                                     
                                           "Node Type": "Seq Scan",                                            
                                           "Parent Relationship": "Outer",                                     
                                           "Parallel Aware": false,                                            
                                           "Relation Name": "name",                                            
                                           "Alias": "n",                                                       
                                           "Startup Cost": 0.00,                                               
                                           "Total Cost": 2356.12,                                              
                                           "Plan Rows": 2425,                                                  
                                           "Plan Width": 19,                                                   
                                           "Actual Startup Time": 1073.044,                                    
                                           "Actual Total Time": 2609.565,                                      
                                           "Actual Rows": 2664,                                                
                                           "Actual Loops": 1,                                                  
                                           "Filter": "(name ~~ 'X%'::text)",                                   
                                           "Rows Removed by Filter": 4164827,                                  
                                           "Shared Hit Blocks": 1,                                             
                                           "Shared Read Blocks": 55612,                                        
                                           "Shared Dirtied Blocks": 0,                                         
                                           "Shared Written Blocks": 0,                                         
                                           "Local Hit Blocks": 0,                                              
                                           "Local Read Blocks": 0,                                             
                                           "Local Dirtied Blocks": 0,                                          
                                           "Local Written Blocks": 0,                                          
                                           "Temp Read Blocks": 0,                                              
                                           "Temp Written Blocks": 0                                            
                                         }                                                                     
                                       ]                                                                       
                                     }                                                                         
                                   ]                                                                           
                                 }                                                                             
                               ]                                                                               
                             }                                                                                 
                           ]                                                                                   
                         }                                                                                     
                       ]                                                                                       
                     }                                                                                         
                   ]                                                                                           
                 }                                                                                             
               ]                                                                                               
             }                                                                                                 
           ]                                                                                                   
         }                                                                                                     
       ]                                                                                                       
     },                                                                                                        
     "Planning Time": 5812.663,                                                                                
     "Triggers": [                                                                                             
     ],                                                                                                        
     "Execution Time": 1264187.575                                                                             
   }                                                                                                           
 ]
