 [                                                                                                             
   {                                                                                                           
     "Plan": {                                                                                                 
       "Node Type": "Aggregate",                                                                               
       "Strategy": "Plain",                                                                                    
       "Partial Mode": "Simple",                                                                               
       "Parallel Aware": false,                                                                                
       "Startup Cost": 184187.99,                                                                              
       "Total Cost": 184187.99,                                                                                
       "Plan Rows": 1,                                                                                         
       "Plan Width": 32,                                                                                       
       "Actual Startup Time": 42142.130,                                                                       
       "Actual Total Time": 42142.130,                                                                         
       "Actual Rows": 1,                                                                                       
       "Actual Loops": 1,                                                                                      
       "Shared Hit Blocks": 20,                                                                                
       "Shared Read Blocks": 391435,                                                                           
       "Shared Dirtied Blocks": 0,                                                                             
       "Shared Written Blocks": 0,                                                                             
       "Local Hit Blocks": 0,                                                                                  
       "Local Read Blocks": 0,                                                                                 
       "Local Dirtied Blocks": 0,                                                                              
       "Local Written Blocks": 0,                                                                              
       "Temp Read Blocks": 0,                                                                                  
       "Temp Written Blocks": 0,                                                                               
       "Plans": [                                                                                              
         {                                                                                                     
           "Node Type": "Merge Join",                                                                          
           "Parent Relationship": "Outer",                                                                     
           "Parallel Aware": false,                                                                            
           "Join Type": "Inner",                                                                               
           "Startup Cost": 184151.41,                                                                          
           "Total Cost": 184187.97,                                                                            
           "Plan Rows": 278,                                                                                   
           "Plan Width": 15,                                                                                   
           "Actual Startup Time": 41502.971,                                                                   
           "Actual Total Time": 41954.358,                                                                     
           "Actual Rows": 1113120,                                                                             
           "Actual Loops": 1,                                                                                  
           "Inner Unique": true,                                                                               
           "Merge Cond": "(mc.company_id = cn.id)",                                                            
           "Shared Hit Blocks": 20,                                                                            
           "Shared Read Blocks": 391435,                                                                       
           "Shared Dirtied Blocks": 0,                                                                         
           "Shared Written Blocks": 0,                                                                         
           "Local Hit Blocks": 0,                                                                              
           "Local Read Blocks": 0,                                                                             
           "Local Dirtied Blocks": 0,                                                                          
           "Local Written Blocks": 0,                                                                          
           "Temp Read Blocks": 0,                                                                              
           "Temp Written Blocks": 0,                                                                           
           "Plans": [                                                                                          
             {                                                                                                 
               "Node Type": "Sort",                                                                            
               "Parent Relationship": "Outer",                                                                 
               "Parallel Aware": false,                                                                        
               "Startup Cost": 183390.18,                                                                      
               "Total Cost": 183390.21,                                                                        
               "Plan Rows": 278,                                                                               
               "Plan Width": 19,                                                                               
               "Actual Startup Time": 41310.496,                                                               
               "Actual Total Time": 41457.964,                                                                 
               "Actual Rows": 1113120,                                                                         
               "Actual Loops": 1,                                                                              
               "Sort Key": ["mc.company_id"],                                                                  
               "Sort Method": "quicksort",                                                                     
               "Sort Space Used": 131201,                                                                      
               "Sort Space Type": "Memory",                                                                    
               "Shared Hit Blocks": 18,                                                                        
               "Shared Read Blocks": 388443,                                                                   
               "Shared Dirtied Blocks": 0,                                                                     
               "Shared Written Blocks": 0,                                                                     
               "Local Hit Blocks": 0,                                                                          
               "Local Read Blocks": 0,                                                                         
               "Local Dirtied Blocks": 0,                                                                      
               "Local Written Blocks": 0,                                                                      
               "Temp Read Blocks": 0,                                                                          
               "Temp Written Blocks": 0,                                                                       
               "Plans": [                                                                                      
                 {                                                                                             
                   "Node Type": "Merge Join",                                                                  
                   "Parent Relationship": "Outer",                                                             
                   "Parallel Aware": false,                                                                    
                   "Join Type": "Inner",                                                                       
                   "Startup Cost": 182592.40,                                                                  
                   "Total Cost": 183389.83,                                                                    
                   "Plan Rows": 278,                                                                           
                   "Plan Width": 19,                                                                           
                   "Actual Startup Time": 39642.479,                                                           
                   "Actual Total Time": 40969.843,                                                             
                   "Actual Rows": 1113120,                                                                     
                   "Actual Loops": 1,                                                                          
                   "Inner Unique": false,                                                                      
                   "Merge Cond": "(ci.movie_id = mc.movie_id)",                                                
                   "Shared Hit Blocks": 14,                                                                    
                   "Shared Read Blocks": 388443,                                                               
                   "Shared Dirtied Blocks": 0,                                                                 
                   "Shared Written Blocks": 0,                                                                 
                   "Local Hit Blocks": 0,                                                                      
                   "Local Read Blocks": 0,                                                                     
                   "Local Dirtied Blocks": 0,                                                                  
                   "Local Written Blocks": 0,                                                                  
                   "Temp Read Blocks": 0,                                                                      
                   "Temp Written Blocks": 0,                                                                   
                   "Plans": [                                                                                  
                     {                                                                                         
                       "Node Type": "Merge Join",                                                              
                       "Parent Relationship": "Outer",                                                         
                       "Parallel Aware": false,                                                                
                       "Join Type": "Inner",                                                                   
                       "Startup Cost": 173186.94,                                                              
                       "Total Cost": 173579.21,                                                                
                       "Plan Rows": 145,                                                                       
                       "Plan Width": 27,                                                                       
                       "Actual Startup Time": 38177.282,                                                       
                       "Actual Total Time": 38833.511,                                                         
                       "Actual Rows": 149493,                                                                  
                       "Actual Loops": 1,                                                                      
                       "Inner Unique": true,                                                                   
                       "Merge Cond": "(ci.movie_id = t.id)",                                                   
                       "Shared Hit Blocks": 11,                                                                
                       "Shared Read Blocks": 369657,                                                           
                       "Shared Dirtied Blocks": 0,                                                             
                       "Shared Written Blocks": 0,                                                             
                       "Local Hit Blocks": 0,                                                                  
                       "Local Read Blocks": 0,                                                                 
                       "Local Dirtied Blocks": 0,                                                              
                       "Local Written Blocks": 0,                                                              
                       "Temp Read Blocks": 0,                                                                  
                       "Temp Written Blocks": 0,                                                               
                       "Plans": [                                                                              
                         {                                                                                     
                           "Node Type": "Sort",                                                                
                           "Parent Relationship": "Outer",                                                     
                           "Parallel Aware": false,                                                            
                           "Startup Cost": 163532.59,                                                          
                           "Total Cost": 163532.60,                                                            
                           "Plan Rows": 145,                                                                   
                           "Plan Width": 23,                                                                   
                           "Actual Startup Time": 35865.647,                                                   
                           "Actual Total Time": 35888.140,                                                     
                           "Actual Rows": 149493,                                                              
                           "Actual Loops": 1,                                                                  
                           "Sort Key": ["ci.movie_id"],                                                        
                           "Sort Method": "quicksort",                                                         
                           "Sort Space Used": 17811,                                                           
                           "Sort Space Type": "Memory",                                                        
                           "Shared Hit Blocks": 10,                                                            
                           "Shared Read Blocks": 333660,                                                       
                           "Shared Dirtied Blocks": 0,                                                         
                           "Shared Written Blocks": 0,                                                         
                           "Local Hit Blocks": 0,                                                              
                           "Local Read Blocks": 0,                                                             
                           "Local Dirtied Blocks": 0,                                                          
                           "Local Written Blocks": 0,                                                          
                           "Temp Read Blocks": 0,                                                              
                           "Temp Written Blocks": 0,                                                           
                           "Plans": [                                                                          
                             {                                                                                 
                               "Node Type": "Merge Join",                                                      
                               "Parent Relationship": "Outer",                                                 
                               "Parallel Aware": false,                                                        
                               "Join Type": "Inner",                                                           
                               "Startup Cost": 163452.06,                                                      
                               "Total Cost": 163532.43,                                                        
                               "Plan Rows": 145,                                                               
                               "Plan Width": 23,                                                               
                               "Actual Startup Time": 35381.570,                                               
                               "Actual Total Time": 35809.046,                                                 
                               "Actual Rows": 149494,                                                          
                               "Actual Loops": 1,                                                              
                               "Inner Unique": true,                                                           
                               "Merge Cond": "(ci.person_id = n.id)",                                          
                               "Shared Hit Blocks": 10,                                                        
                               "Shared Read Blocks": 333660,                                                   
                               "Shared Dirtied Blocks": 0,                                                     
                               "Shared Written Blocks": 0,                                                     
                               "Local Hit Blocks": 0,                                                          
                               "Local Read Blocks": 0,                                                         
                               "Local Dirtied Blocks": 0,                                                      
                               "Local Written Blocks": 0,                                                      
                               "Temp Read Blocks": 0,                                                          
                               "Temp Written Blocks": 0,                                                       
                               "Plans": [                                                                      
                                 {                                                                             
                                   "Node Type": "Sort",                                                        
                                   "Parent Relationship": "Outer",                                             
                                   "Parallel Aware": false,                                                    
                                   "Startup Cost": 159531.60,                                                  
                                   "Total Cost": 159531.69,                                                    
                                   "Plan Rows": 1138,                                                          
                                   "Plan Width": 12,                                                           
                                   "Actual Startup Time": 32666.023,                                           
                                   "Actual Total Time": 32814.304,                                             
                                   "Actual Rows": 1038393,                                                     
                                   "Actual Loops": 1,                                                          
                                   "Sort Key": ["ci.person_id"],                                               
                                   "Sort Method": "quicksort",                                                 
                                   "Sort Space Used": 73251,                                                   
                                   "Sort Space Type": "Memory",                                                
                                   "Shared Hit Blocks": 9,                                                     
                                   "Shared Read Blocks": 278048,                                               
                                   "Shared Dirtied Blocks": 0,                                                 
                                   "Shared Written Blocks": 0,                                                 
                                   "Local Hit Blocks": 0,                                                      
                                   "Local Read Blocks": 0,                                                     
                                   "Local Dirtied Blocks": 0,                                                  
                                   "Local Written Blocks": 0,                                                  
                                   "Temp Read Blocks": 0,                                                      
                                   "Temp Written Blocks": 0,                                                   
                                   "Plans": [                                                                  
                                     {                                                                         
                                       "Node Type": "Merge Join",                                              
                                       "Parent Relationship": "Outer",                                         
                                       "Parallel Aware": false,                                                
                                       "Join Type": "Inner",                                                   
                                       "Startup Cost": 153901.76,                                              
                                       "Total Cost": 159529.80,                                                
                                       "Plan Rows": 1138,                                                      
                                       "Plan Width": 12,                                                       
                                       "Actual Startup Time": 23256.559,                                       
                                       "Actual Total Time": 32251.057,                                         
                                       "Actual Rows": 1038393,                                                 
                                       "Actual Loops": 1,                                                      
                                       "Inner Unique": false,                                                  
                                       "Merge Cond": "(mk.movie_id = ci.movie_id)",                            
                                       "Shared Hit Blocks": 9,                                                 
                                       "Shared Read Blocks": 278048,                                           
                                       "Shared Dirtied Blocks": 0,                                             
                                       "Shared Written Blocks": 0,                                             
                                       "Local Hit Blocks": 0,                                                  
                                       "Local Read Blocks": 0,                                                 
                                       "Local Dirtied Blocks": 0,                                              
                                       "Local Written Blocks": 0,                                              
                                       "Temp Read Blocks": 0,                                                  
                                       "Temp Written Blocks": 0,                                               
                                       "Plans": [                                                              
                                         {                                                                     
                                           "Node Type": "Sort",                                                
                                           "Parent Relationship": "Outer",                                     
                                           "Parallel Aware": false,                                            
                                           "Startup Cost": 2144.60,                                            
                                           "Total Cost": 2144.60,                                              
                                           "Plan Rows": 34,                                                    
                                           "Plan Width": 4,                                                    
                                           "Actual Startup Time": 2161.148,                                    
                                           "Actual Total Time": 2165.555,                                      
                                           "Actual Rows": 41840,                                               
                                           "Actual Loops": 1,                                                  
                                           "Sort Key": ["mk.movie_id"],                                        
                                           "Sort Method": "quicksort",                                         
                                           "Sort Space Used": 3498,                                            
                                           "Sort Space Type": "Memory",                                        
                                           "Shared Hit Blocks": 5,                                             
                                           "Shared Read Blocks": 25398,                                        
                                           "Shared Dirtied Blocks": 0,                                         
                                           "Shared Written Blocks": 0,                                         
                                           "Local Hit Blocks": 0,                                              
                                           "Local Read Blocks": 0,                                             
                                           "Local Dirtied Blocks": 0,                                          
                                           "Local Written Blocks": 0,                                          
                                           "Temp Read Blocks": 0,                                              
                                           "Temp Written Blocks": 0,                                           
                                           "Plans": [                                                          
                                             {                                                                 
                                               "Node Type": "Nested Loop",                                     
                                               "Parent Relationship": "Outer",                                 
                                               "Parallel Aware": false,                                        
                                               "Join Type": "Inner",                                           
                                               "Startup Cost": 0.00,                                           
                                               "Total Cost": 2144.57,                                          
                                               "Plan Rows": 34,                                                
                                               "Plan Width": 4,                                                
                                               "Actual Startup Time": 67.497,                                  
                                               "Actual Total Time": 2147.043,                                  
                                               "Actual Rows": 41840,                                           
                                               "Actual Loops": 1,                                              
                                               "Inner Unique": true,                                           
                                               "Join Filter": "(k.id = mk.keyword_id)",                        
                                               "Rows Removed by Join Filter": 4482090,                         
                                               "Shared Hit Blocks": 5,                                         
                                               "Shared Read Blocks": 25398,                                    
                                               "Shared Dirtied Blocks": 0,                                     
                                               "Shared Written Blocks": 0,                                     
                                               "Local Hit Blocks": 0,                                          
                                               "Local Read Blocks": 0,                                         
                                               "Local Dirtied Blocks": 0,                                      
                                               "Local Written Blocks": 0,                                      
                                               "Temp Read Blocks": 0,                                          
                                               "Temp Written Blocks": 0,                                       
                                               "Plans": [                                                      
                                                 {                                                             
                                                   "Node Type": "Seq Scan",                                    
                                                   "Parent Relationship": "Outer",                             
                                                   "Parallel Aware": false,                                    
                                                   "Relation Name": "movie_keyword",                           
                                                   "Alias": "mk",                                              
                                                   "Startup Cost": 0.00,                                       
                                                   "Total Cost": 1079.84,                                      
                                                   "Plan Rows": 4523930,                                       
                                                   "Plan Width": 8,                                            
                                                   "Actual Startup Time": 0.014,                               
                                                   "Actual Total Time": 481.518,                               
                                                   "Actual Rows": 4523930,                                     
                                                   "Actual Loops": 1,                                          
                                                   "Shared Hit Blocks": 3,                                     
                                                   "Shared Read Blocks": 24451,                                
                                                   "Shared Dirtied Blocks": 0,                                 
                                                   "Shared Written Blocks": 0,                                 
                                                   "Local Hit Blocks": 0,                                      
                                                   "Local Read Blocks": 0,                                     
                                                   "Local Dirtied Blocks": 0,                                  
                                                   "Local Written Blocks": 0,                                  
                                                   "Temp Read Blocks": 0,                                      
                                                   "Temp Written Blocks": 0                                    
                                                 },                                                            
                                                 {                                                             
                                                   "Node Type": "Materialize",                                 
                                                   "Parent Relationship": "Inner",                             
                                                   "Parallel Aware": false,                                    
                                                   "Startup Cost": 0.00,                                       
                                                   "Total Cost": 49.46,                                        
                                                   "Plan Rows": 1,                                             
                                                   "Plan Width": 4,                                            
                                                   "Actual Startup Time": 0.000,                               
                                                   "Actual Total Time": 0.000,                                 
                                                   "Actual Rows": 1,                                           
                                                   "Actual Loops": 4523930,                                    
                                                   "Shared Hit Blocks": 2,                                     
                                                   "Shared Read Blocks": 947,                                  
                                                   "Shared Dirtied Blocks": 0,                                 
                                                   "Shared Written Blocks": 0,                                 
                                                   "Local Hit Blocks": 0,                                      
                                                   "Local Read Blocks": 0,                                     
                                                   "Local Dirtied Blocks": 0,                                  
                                                   "Local Written Blocks": 0,                                  
                                                   "Temp Read Blocks": 0,                                      
                                                   "Temp Written Blocks": 0,                                   
                                                   "Plans": [                                                  
                                                     {                                                         
                                                       "Node Type": "Seq Scan",                                
                                                       "Parent Relationship": "Outer",                         
                                                       "Parallel Aware": false,                                
                                                       "Relation Name": "keyword",                             
                                                       "Alias": "k",                                           
                                                       "Startup Cost": 0.00,                                   
                                                       "Total Cost": 49.46,                                    
                                                       "Plan Rows": 1,                                         
                                                       "Plan Width": 4,                                        
                                                       "Actual Startup Time": 6.667,                           
                                                       "Actual Total Time": 67.410,                            
                                                       "Actual Rows": 1,                                       
                                                       "Actual Loops": 1,                                      
                                                       "Filter": "(keyword = 'character-name-in-title'::text)",
                                                       "Rows Removed by Filter": 134169,                       
                                                       "Shared Hit Blocks": 2,                                 
                                                       "Shared Read Blocks": 947,                              
                                                       "Shared Dirtied Blocks": 0,                             
                                                       "Shared Written Blocks": 0,                             
                                                       "Local Hit Blocks": 0,                                  
                                                       "Local Read Blocks": 0,                                 
                                                       "Local Dirtied Blocks": 0,                              
                                                       "Local Written Blocks": 0,                              
                                                       "Temp Read Blocks": 0,                                  
                                                       "Temp Written Blocks": 0                                
                                                     }                                                         
                                                   ]                                                           
                                                 }                                                             
                                               ]                                                               
                                             }                                                                 
                                           ]                                                                   
                                         },                                                                    
                                         {                                                                     
                                           "Node Type": "Sort",                                                
                                           "Parent Relationship": "Inner",                                     
                                           "Parallel Aware": false,                                            
                                           "Startup Cost": 151757.13,                                          
                                           "Total Cost": 154571.13,                                            
                                           "Plan Rows": 36244344,                                              
                                           "Plan Width": 8,                                                    
                                           "Actual Startup Time": 21094.528,                                   
                                           "Actual Total Time": 25449.491,                                     
                                           "Actual Rows": 36243485,                                            
                                           "Actual Loops": 1,                                                  
                                           "Sort Key": ["ci.movie_id"],                                        
                                           "Sort Method": "quicksort",                                         
                                           "Sort Space Used": 3271818,                                         
                                           "Sort Space Type": "Memory",                                        
                                           "Shared Hit Blocks": 4,                                             
                                           "Shared Read Blocks": 252650,                                       
                                           "Shared Dirtied Blocks": 0,                                         
                                           "Shared Written Blocks": 0,                                         
                                           "Local Hit Blocks": 0,                                              
                                           "Local Read Blocks": 0,                                             
                                           "Local Dirtied Blocks": 0,                                          
                                           "Local Written Blocks": 0,                                          
                                           "Temp Read Blocks": 0,                                              
                                           "Temp Written Blocks": 0,                                           
                                           "Plans": [                                                          
                                             {                                                                 
                                               "Node Type": "Seq Scan",                                        
                                               "Parent Relationship": "Outer",                                 
                                               "Parallel Aware": false,                                        
                                               "Relation Name": "cast_info",                                   
                                               "Alias": "ci",                                                  
                                               "Startup Cost": 0.00,                                           
                                               "Total Cost": 10431.00,                                         
                                               "Plan Rows": 36244344,                                          
                                               "Plan Width": 8,                                                
                                               "Actual Startup Time": 0.008,                                   
                                               "Actual Total Time": 6940.632,                                  
                                               "Actual Rows": 36244344,                                        
                                               "Actual Loops": 1,                                              
                                               "Shared Hit Blocks": 4,                                         
                                               "Shared Read Blocks": 252650,                                   
                                               "Shared Dirtied Blocks": 0,                                     
                                               "Shared Written Blocks": 0,                                     
                                               "Local Hit Blocks": 0,                                          
                                               "Local Read Blocks": 0,                                         
                                               "Local Dirtied Blocks": 0,                                      
                                               "Local Written Blocks": 0,                                      
                                               "Temp Read Blocks": 0,                                          
                                               "Temp Written Blocks": 0                                        
                                             }                                                                 
                                           ]                                                                   
                                         }                                                                     
                                       ]                                                                       
                                     }                                                                         
                                   ]                                                                           
                                 },                                                                            
                                 {                                                                             
                                   "Node Type": "Sort",                                                        
                                   "Parent Relationship": "Inner",                                             
                                   "Parallel Aware": false,                                                    
                                   "Startup Cost": 3920.46,                                                    
                                   "Total Cost": 3961.60,                                                      
                                   "Plan Rows": 529807,                                                        
                                   "Plan Width": 19,                                                           
                                   "Actual Startup Time": 2715.531,                                            
                                   "Actual Total Time": 2774.669,                                              
                                   "Actual Rows": 522512,                                                      
                                   "Actual Loops": 1,                                                          
                                   "Sort Key": ["n.id"],                                                       
                                   "Sort Method": "quicksort",                                                 
                                   "Sort Space Used": 64291,                                                   
                                   "Sort Space Type": "Memory",                                                
                                   "Shared Hit Blocks": 1,                                                     
                                   "Shared Read Blocks": 55612,                                                
                                   "Shared Dirtied Blocks": 0,                                                 
                                   "Shared Written Blocks": 0,                                                 
                                   "Local Hit Blocks": 0,                                                      
                                   "Local Read Blocks": 0,                                                     
                                   "Local Dirtied Blocks": 0,                                                  
                                   "Local Written Blocks": 0,                                                  
                                   "Temp Read Blocks": 0,                                                      
                                   "Temp Written Blocks": 0,                                                   
                                   "Plans": [                                                                  
                                     {                                                                         
                                       "Node Type": "Seq Scan",                                                
                                       "Parent Relationship": "Outer",                                         
                                       "Parallel Aware": false,                                                
                                       "Relation Name": "name",                                                
                                       "Alias": "n",                                                           
                                       "Startup Cost": 0.00,                                                   
                                       "Total Cost": 2356.12,                                                  
                                       "Plan Rows": 529807,                                                    
                                       "Plan Width": 19,                                                       
                                       "Actual Startup Time": 22.209,                                          
                                       "Actual Total Time": 2429.215,                                          
                                       "Actual Rows": 536716,                                                  
                                       "Actual Loops": 1,                                                      
                                       "Filter": "(name ~~ '%B%'::text)",                                      
                                       "Rows Removed by Filter": 3630775,                                      
                                       "Shared Hit Blocks": 1,                                                 
                                       "Shared Read Blocks": 55612,                                            
                                       "Shared Dirtied Blocks": 0,                                             
                                       "Shared Written Blocks": 0,                                             
                                       "Local Hit Blocks": 0,                                                  
                                       "Local Read Blocks": 0,                                                 
                                       "Local Dirtied Blocks": 0,                                              
                                       "Local Written Blocks": 0,                                              
                                       "Temp Read Blocks": 0,                                                  
                                       "Temp Written Blocks": 0                                                
                                     }                                                                         
                                   ]                                                                           
                                 }                                                                             
                               ]                                                                               
                             }                                                                                 
                           ]                                                                                   
                         },                                                                                    
                         {                                                                                     
                           "Node Type": "Sort",                                                                
                           "Parent Relationship": "Inner",                                                     
                           "Parallel Aware": false,                                                            
                           "Startup Cost": 9654.35,                                                            
                           "Total Cost": 9850.65,                                                              
                           "Plan Rows": 2528312,                                                               
                           "Plan Width": 4,                                                                    
                           "Actual Startup Time": 2311.525,                                                    
                           "Actual Total Time": 2626.182,                                                      
                           "Actual Rows": 2525756,                                                             
                           "Actual Loops": 1,                                                                  
                           "Sort Key": ["t.id"],                                                               
                           "Sort Method": "quicksort",                                                         
                           "Sort Space Used": 216819,                                                          
                           "Sort Space Type": "Memory",                                                        
                           "Shared Hit Blocks": 1,                                                             
                           "Shared Read Blocks": 35997,                                                        
                           "Shared Dirtied Blocks": 0,                                                         
                           "Shared Written Blocks": 0,                                                         
                           "Local Hit Blocks": 0,                                                              
                           "Local Read Blocks": 0,                                                             
                           "Local Dirtied Blocks": 0,                                                          
                           "Local Written Blocks": 0,                                                          
                           "Temp Read Blocks": 0,                                                              
                           "Temp Written Blocks": 0,                                                           
                           "Plans": [                                                                          
                             {                                                                                 
                               "Node Type": "Seq Scan",                                                        
                               "Parent Relationship": "Outer",                                                 
                               "Parallel Aware": false,                                                        
                               "Relation Name": "title",                                                       
                               "Alias": "t",                                                                   
                               "Startup Cost": 0.00,                                                           
                               "Total Cost": 1303.96,                                                          
                               "Plan Rows": 2528312,                                                           
                               "Plan Width": 4,                                                                
                               "Actual Startup Time": 3.866,                                                   
                               "Actual Total Time": 1082.171,                                                  
                               "Actual Rows": 2528312,                                                         
                               "Actual Loops": 1,                                                              
                               "Shared Hit Blocks": 1,                                                         
                               "Shared Read Blocks": 35997,                                                    
                               "Shared Dirtied Blocks": 0,                                                     
                               "Shared Written Blocks": 0,                                                     
                               "Local Hit Blocks": 0,                                                          
                               "Local Read Blocks": 0,                                                         
                               "Local Dirtied Blocks": 0,                                                      
                               "Local Written Blocks": 0,                                                      
                               "Temp Read Blocks": 0,                                                          
                               "Temp Written Blocks": 0                                                        
                             }                                                                                 
                           ]                                                                                   
                         }                                                                                     
                       ]                                                                                       
                     },                                                                                        
                     {                                                                                         
                       "Node Type": "Sort",                                                                    
                       "Parent Relationship": "Inner",                                                         
                       "Parallel Aware": false,                                                                
                       "Startup Cost": 9405.45,                                                                
                       "Total Cost": 9608.03,                                                                  
                       "Plan Rows": 2609129,                                                                   
                       "Plan Width": 8,                                                                        
                       "Actual Startup Time": 1464.827,                                                        
                       "Actual Total Time": 1662.279,                                                          
                       "Actual Rows": 3595354,                                                                 
                       "Actual Loops": 1,                                                                      
                       "Sort Key": ["mc.movie_id"],                                                            
                       "Sort Method": "quicksort",                                                             
                       "Sort Space Used": 220607,                                                              
                       "Sort Space Type": "Memory",                                                            
                       "Shared Hit Blocks": 3,                                                                 
                       "Shared Read Blocks": 18786,                                                            
                       "Shared Dirtied Blocks": 0,                                                             
                       "Shared Written Blocks": 0,                                                             
                       "Local Hit Blocks": 0,                                                                  
                       "Local Read Blocks": 0,                                                                 
                       "Local Dirtied Blocks": 0,                                                              
                       "Local Written Blocks": 0,                                                              
                       "Temp Read Blocks": 0,                                                                  
                       "Temp Written Blocks": 0,                                                               
                       "Plans": [                                                                              
                         {                                                                                     
                           "Node Type": "Seq Scan",                                                            
                           "Parent Relationship": "Outer",                                                     
                           "Parallel Aware": false,                                                            
                           "Relation Name": "movie_companies",                                                 
                           "Alias": "mc",                                                                      
                           "Startup Cost": 0.00,                                                               
                           "Total Cost": 769.75,                                                               
                           "Plan Rows": 2609129,                                                               
                           "Plan Width": 8,                                                                    
                           "Actual Startup Time": 0.014,                                                       
                           "Actual Total Time": 534.990,                                                       
                           "Actual Rows": 2609129,                                                             
                           "Actual Loops": 1,                                                                  
                           "Shared Hit Blocks": 3,                                                             
                           "Shared Read Blocks": 18786,                                                        
                           "Shared Dirtied Blocks": 0,                                                         
                           "Shared Written Blocks": 0,                                                         
                           "Local Hit Blocks": 0,                                                              
                           "Local Read Blocks": 0,                                                             
                           "Local Dirtied Blocks": 0,                                                          
                           "Local Written Blocks": 0,                                                          
                           "Temp Read Blocks": 0,                                                              
                           "Temp Written Blocks": 0                                                            
                         }                                                                                     
                       ]                                                                                       
                     }                                                                                         
                   ]                                                                                           
                 }                                                                                             
               ]                                                                                               
             },                                                                                                
             {                                                                                                 
               "Node Type": "Sort",                                                                            
               "Parent Relationship": "Inner",                                                                 
               "Parallel Aware": false,                                                                        
               "Startup Cost": 761.23,                                                                         
               "Total Cost": 779.47,                                                                           
               "Plan Rows": 234997,                                                                            
               "Plan Width": 4,                                                                                
               "Actual Startup Time": 192.468,                                                                 
               "Actual Total Time": 221.676,                                                                   
               "Actual Rows": 234933,                                                                          
               "Actual Loops": 1,                                                                              
               "Sort Key": ["cn.id"],                                                                          
               "Sort Method": "quicksort",                                                                     
               "Sort Space Used": 17160,                                                                       
               "Sort Space Type": "Memory",                                                                    
               "Shared Hit Blocks": 2,                                                                         
               "Shared Read Blocks": 2992,                                                                     
               "Shared Dirtied Blocks": 0,                                                                     
               "Shared Written Blocks": 0,                                                                     
               "Local Hit Blocks": 0,                                                                          
               "Local Read Blocks": 0,                                                                         
               "Local Dirtied Blocks": 0,                                                                      
               "Local Written Blocks": 0,                                                                      
               "Temp Read Blocks": 0,                                                                          
               "Temp Written Blocks": 0,                                                                       
               "Plans": [                                                                                      
                 {                                                                                             
                   "Node Type": "Seq Scan",                                                                    
                   "Parent Relationship": "Outer",                                                             
                   "Parallel Aware": false,                                                                    
                   "Relation Name": "company_name",                                                            
                   "Alias": "cn",                                                                              
                   "Startup Cost": 0.00,                                                                       
                   "Total Cost": 110.16,                                                                       
                   "Plan Rows": 234997,                                                                        
                   "Plan Width": 4,                                                                            
                   "Actual Startup Time": 8.465,                                                               
                   "Actual Total Time": 93.156,                                                                
                   "Actual Rows": 234997,                                                                      
                   "Actual Loops": 1,                                                                          
                   "Shared Hit Blocks": 2,                                                                     
                   "Shared Read Blocks": 2992,                                                                 
                   "Shared Dirtied Blocks": 0,                                                                 
                   "Shared Written Blocks": 0,                                                                 
                   "Local Hit Blocks": 0,                                                                      
                   "Local Read Blocks": 0,                                                                     
                   "Local Dirtied Blocks": 0,                                                                  
                   "Local Written Blocks": 0,                                                                  
                   "Temp Read Blocks": 0,                                                                      
                   "Temp Written Blocks": 0                                                                    
                 }                                                                                             
               ]                                                                                               
             }                                                                                                 
           ]                                                                                                   
         }                                                                                                     
       ]                                                                                                       
     },                                                                                                        
     "Planning Time": 5572.725,                                                                                
     "Triggers": [                                                                                             
     ],                                                                                                        
     "Execution Time": 42266.687                                                                               
   }                                                                                                           
 ]
