 [                                                                                                                
   {                                                                                                              
     "Plan": {                                                                                                    
       "Node Type": "Aggregate",                                                                                  
       "Strategy": "Plain",                                                                                       
       "Partial Mode": "Simple",                                                                                  
       "Parallel Aware": false,                                                                                   
       "Startup Cost": 37274.16,                                                                                  
       "Total Cost": 37274.16,                                                                                    
       "Plan Rows": 1,                                                                                            
       "Plan Width": 96,                                                                                          
       "Actual Startup Time": 241556.951,                                                                         
       "Actual Total Time": 241556.951,                                                                           
       "Actual Rows": 1,                                                                                          
       "Actual Loops": 1,                                                                                         
       "Shared Hit Blocks": 16,                                                                                   
       "Shared Read Blocks": 514600,                                                                              
       "Shared Dirtied Blocks": 0,                                                                                
       "Shared Written Blocks": 0,                                                                                
       "Local Hit Blocks": 0,                                                                                     
       "Local Read Blocks": 0,                                                                                    
       "Local Dirtied Blocks": 0,                                                                                 
       "Local Written Blocks": 0,                                                                                 
       "Temp Read Blocks": 0,                                                                                     
       "Temp Written Blocks": 0,                                                                                  
       "Plans": [                                                                                                 
         {                                                                                                        
           "Node Type": "Nested Loop",                                                                            
           "Parent Relationship": "Outer",                                                                        
           "Parallel Aware": false,                                                                               
           "Join Type": "Inner",                                                                                  
           "Startup Cost": 24800.28,                                                                              
           "Total Cost": 37274.16,                                                                                
           "Plan Rows": 2,                                                                                        
           "Plan Width": 65,                                                                                      
           "Actual Startup Time": 93087.550,                                                                      
           "Actual Total Time": 241540.525,                                                                       
           "Actual Rows": 410,                                                                                    
           "Actual Loops": 1,                                                                                     
           "Inner Unique": false,                                                                                 
           "Join Filter": "(mi.movie_id = t.id)",                                                                 
           "Rows Removed by Join Filter": 1036607510,                                                             
           "Shared Hit Blocks": 16,                                                                               
           "Shared Read Blocks": 514600,                                                                          
           "Shared Dirtied Blocks": 0,                                                                            
           "Shared Written Blocks": 0,                                                                            
           "Local Hit Blocks": 0,                                                                                 
           "Local Read Blocks": 0,                                                                                
           "Local Dirtied Blocks": 0,                                                                             
           "Local Written Blocks": 0,                                                                             
           "Temp Read Blocks": 0,                                                                                 
           "Temp Written Blocks": 0,                                                                              
           "Plans": [                                                                                             
             {                                                                                                    
               "Node Type": "Seq Scan",                                                                           
               "Parent Relationship": "Outer",                                                                    
               "Parallel Aware": false,                                                                           
               "Relation Name": "title",                                                                          
               "Alias": "t",                                                                                      
               "Startup Cost": 0.00,                                                                              
               "Total Cost": 1303.96,                                                                             
               "Plan Rows": 2528312,                                                                              
               "Plan Width": 21,                                                                                  
               "Actual Startup Time": 21.964,                                                                     
               "Actual Total Time": 670.213,                                                                      
               "Actual Rows": 2528312,                                                                            
               "Actual Loops": 1,                                                                                 
               "Shared Hit Blocks": 1,                                                                            
               "Shared Read Blocks": 35997,                                                                       
               "Shared Dirtied Blocks": 0,                                                                        
               "Shared Written Blocks": 0,                                                                        
               "Local Hit Blocks": 0,                                                                             
               "Local Read Blocks": 0,                                                                            
               "Local Dirtied Blocks": 0,                                                                         
               "Local Written Blocks": 0,                                                                         
               "Temp Read Blocks": 0,                                                                             
               "Temp Written Blocks": 0                                                                           
             },                                                                                                   
             {                                                                                                    
               "Node Type": "Materialize",                                                                        
               "Parent Relationship": "Inner",                                                                    
               "Parallel Aware": false,                                                                           
               "Startup Cost": 24800.28,                                                                          
               "Total Cost": 34835.39,                                                                            
               "Plan Rows": 2,                                                                                    
               "Plan Width": 60,                                                                                  
               "Actual Startup Time": 0.011,                                                                      
               "Actual Total Time": 0.052,                                                                        
               "Actual Rows": 410,                                                                                
               "Actual Loops": 2528312,                                                                           
               "Shared Hit Blocks": 15,                                                                           
               "Shared Read Blocks": 478603,                                                                      
               "Shared Dirtied Blocks": 0,                                                                        
               "Shared Written Blocks": 0,                                                                        
               "Local Hit Blocks": 0,                                                                             
               "Local Read Blocks": 0,                                                                            
               "Local Dirtied Blocks": 0,                                                                         
               "Local Written Blocks": 0,                                                                         
               "Temp Read Blocks": 0,                                                                             
               "Temp Written Blocks": 0,                                                                          
               "Plans": [                                                                                         
                 {                                                                                                
                   "Node Type": "Nested Loop",                                                                    
                   "Parent Relationship": "Outer",                                                                
                   "Parallel Aware": false,                                                                       
                   "Join Type": "Inner",                                                                          
                   "Startup Cost": 24800.28,                                                                      
                   "Total Cost": 34835.39,                                                                        
                   "Plan Rows": 2,                                                                                
                   "Plan Width": 60,                                                                              
                   "Actual Startup Time": 28002.989,                                                              
                   "Actual Total Time": 85388.955,                                                                
                   "Actual Rows": 410,                                                                            
                   "Actual Loops": 1,                                                                             
                   "Inner Unique": false,                                                                         
                   "Join Filter": "(mi.movie_id = mi_idx.movie_id)",                                              
                   "Rows Removed by Join Filter": 418598995,                                                      
                   "Shared Hit Blocks": 15,                                                                       
                   "Shared Read Blocks": 478603,                                                                  
                   "Shared Dirtied Blocks": 0,                                                                    
                   "Shared Written Blocks": 0,                                                                    
                   "Local Hit Blocks": 0,                                                                         
                   "Local Read Blocks": 0,                                                                        
                   "Local Dirtied Blocks": 0,                                                                     
                   "Local Written Blocks": 0,                                                                     
                   "Temp Read Blocks": 0,                                                                         
                   "Temp Written Blocks": 0,                                                                      
                   "Plans": [                                                                                     
                     {                                                                                            
                       "Node Type": "Merge Join",                                                                 
                       "Parent Relationship": "Outer",                                                            
                       "Parallel Aware": false,                                                                   
                       "Join Type": "Inner",                                                                      
                       "Startup Cost": 24800.28,                                                                  
                       "Total Cost": 24802.57,                                                                    
                       "Plan Rows": 20,                                                                           
                       "Plan Width": 14,                                                                          
                       "Actual Startup Time": 16034.861,                                                          
                       "Actual Total Time": 16109.345,                                                            
                       "Actual Rows": 3435,                                                                       
                       "Actual Loops": 1,                                                                         
                       "Inner Unique": false,                                                                     
                       "Merge Cond": "(ci.movie_id = mi_idx.movie_id)",                                           
                       "Shared Hit Blocks": 12,                                                                   
                       "Shared Read Blocks": 316713,                                                              
                       "Shared Dirtied Blocks": 0,                                                                
                       "Shared Written Blocks": 0,                                                                
                       "Local Hit Blocks": 0,                                                                     
                       "Local Read Blocks": 0,                                                                    
                       "Local Dirtied Blocks": 0,                                                                 
                       "Local Written Blocks": 0,                                                                 
                       "Temp Read Blocks": 0,                                                                     
                       "Temp Written Blocks": 0,                                                                  
                       "Plans": [                                                                                 
                         {                                                                                        
                           "Node Type": "Sort",                                                                   
                           "Parent Relationship": "Outer",                                                        
                           "Parallel Aware": false,                                                               
                           "Startup Cost": 24104.21,                                                              
                           "Total Cost": 24104.41,                                                                
                           "Plan Rows": 2543,                                                                     
                           "Plan Width": 4,                                                                       
                           "Actual Startup Time": 15099.000,                                                      
                           "Actual Total Time": 15100.028,                                                        
                           "Actual Rows": 6719,                                                                   
                           "Actual Loops": 1,                                                                     
                           "Sort Key": ["ci.movie_id"],                                                           
                           "Sort Method": "quicksort",                                                            
                           "Sort Space Used": 507,                                                                
                           "Sort Space Type": "Memory",                                                           
                           "Shared Hit Blocks": 9,                                                                
                           "Shared Read Blocks": 308262,                                                          
                           "Shared Dirtied Blocks": 0,                                                            
                           "Shared Written Blocks": 0,                                                            
                           "Local Hit Blocks": 0,                                                                 
                           "Local Read Blocks": 0,                                                                
                           "Local Dirtied Blocks": 0,                                                             
                           "Local Written Blocks": 0,                                                             
                           "Temp Read Blocks": 0,                                                                 
                           "Temp Written Blocks": 0,                                                              
                           "Plans": [                                                                             
                             {                                                                                    
                               "Node Type": "Merge Join",                                                         
                               "Parent Relationship": "Outer",                                                    
                               "Parallel Aware": false,                                                           
                               "Join Type": "Inner",                                                              
                               "Startup Cost": 23730.69,                                                          
                               "Total Cost": 24099.75,                                                            
                               "Plan Rows": 2543,                                                                 
                               "Plan Width": 4,                                                                   
                               "Actual Startup Time": 14932.283,                                                  
                               "Actual Total Time": 15096.891,                                                    
                               "Actual Rows": 6719,                                                               
                               "Actual Loops": 1,                                                                 
                               "Inner Unique": true,                                                              
                               "Merge Cond": "(ci.person_id = n.id)",                                             
                               "Shared Hit Blocks": 5,                                                            
                               "Shared Read Blocks": 308262,                                                      
                               "Shared Dirtied Blocks": 0,                                                        
                               "Shared Written Blocks": 0,                                                        
                               "Local Hit Blocks": 0,                                                             
                               "Local Read Blocks": 0,                                                            
                               "Local Dirtied Blocks": 0,                                                         
                               "Local Written Blocks": 0,                                                         
                               "Temp Read Blocks": 0,                                                             
                               "Temp Written Blocks": 0,                                                          
                               "Plans": [                                                                         
                                 {                                                                                
                                   "Node Type": "Sort",                                                           
                                   "Parent Relationship": "Outer",                                                
                                   "Parallel Aware": false,                                                       
                                   "Startup Cost": 21042.58,                                                      
                                   "Total Cost": 21226.69,                                                        
                                   "Plan Rows": 2371250,                                                          
                                   "Plan Width": 8,                                                               
                                   "Actual Startup Time": 12236.019,                                              
                                   "Actual Total Time": 12291.871,                                                
                                   "Actual Rows": 947311,                                                         
                                   "Actual Loops": 1,                                                             
                                   "Sort Key": ["ci.person_id"],                                                  
                                   "Sort Method": "quicksort",                                                    
                                   "Sort Space Used": 209833,                                                     
                                   "Sort Space Type": "Memory",                                                   
                                   "Shared Hit Blocks": 4,                                                        
                                   "Shared Read Blocks": 252650,                                                  
                                   "Shared Dirtied Blocks": 0,                                                    
                                   "Shared Written Blocks": 0,                                                    
                                   "Local Hit Blocks": 0,                                                         
                                   "Local Read Blocks": 0,                                                        
                                   "Local Dirtied Blocks": 0,                                                     
                                   "Local Written Blocks": 0,                                                     
                                   "Temp Read Blocks": 0,                                                         
                                   "Temp Written Blocks": 0,                                                      
                                   "Plans": [                                                                     
                                     {                                                                            
                                       "Node Type": "Seq Scan",                                                   
                                       "Parent Relationship": "Outer",                                            
                                       "Parallel Aware": false,                                                   
                                       "Relation Name": "cast_info",                                              
                                       "Alias": "ci",                                                             
                                       "Startup Cost": 0.00,                                                      
                                       "Total Cost": 13245.00,                                                    
                                       "Plan Rows": 2371250,                                                      
                                       "Plan Width": 8,                                                           
                                       "Actual Startup Time": 843.087,                                            
                                       "Actual Total Time": 11474.821,                                            
                                       "Actual Rows": 2379271,                                                    
                                       "Actual Loops": 1,                                                         
                                       "Filter": "(note = ANY ('{(producer),\"(executive producer)\"}'::text[]))",
                                       "Rows Removed by Filter": 33865073,                                        
                                       "Shared Hit Blocks": 4,                                                    
                                       "Shared Read Blocks": 252650,                                              
                                       "Shared Dirtied Blocks": 0,                                                
                                       "Shared Written Blocks": 0,                                                
                                       "Local Hit Blocks": 0,                                                     
                                       "Local Read Blocks": 0,                                                    
                                       "Local Dirtied Blocks": 0,                                                 
                                       "Local Written Blocks": 0,                                                 
                                       "Temp Read Blocks": 0,                                                     
                                       "Temp Written Blocks": 0                                                   
                                     }                                                                            
                                   ]                                                                              
                                 },                                                                               
                                 {                                                                                
                                   "Node Type": "Sort",                                                           
                                   "Parent Relationship": "Inner",                                                
                                   "Parallel Aware": false,                                                       
                                   "Startup Cost": 2688.10,                                                       
                                   "Total Cost": 2688.45,                                                         
                                   "Plan Rows": 4470,                                                             
                                   "Plan Width": 4,                                                               
                                   "Actual Startup Time": 2696.074,                                               
                                   "Actual Total Time": 2696.701,                                                 
                                   "Actual Rows": 9062,                                                           
                                   "Actual Loops": 1,                                                             
                                   "Sort Key": ["n.id"],                                                          
                                   "Sort Method": "quicksort",                                                    
                                   "Sort Space Used": 809,                                                        
                                   "Sort Space Type": "Memory",                                                   
                                   "Shared Hit Blocks": 1,                                                        
                                   "Shared Read Blocks": 55612,                                                   
                                   "Shared Dirtied Blocks": 0,                                                    
                                   "Shared Written Blocks": 0,                                                    
                                   "Local Hit Blocks": 0,                                                         
                                   "Local Read Blocks": 0,                                                        
                                   "Local Dirtied Blocks": 0,                                                     
                                   "Local Written Blocks": 0,                                                     
                                   "Temp Read Blocks": 0,                                                         
                                   "Temp Written Blocks": 0,                                                      
                                   "Plans": [                                                                     
                                     {                                                                            
                                       "Node Type": "Seq Scan",                                                   
                                       "Parent Relationship": "Outer",                                            
                                       "Parallel Aware": false,                                                   
                                       "Relation Name": "name",                                                   
                                       "Alias": "n",                                                              
                                       "Startup Cost": 0.00,                                                      
                                       "Total Cost": 2679.69,                                                     
                                       "Plan Rows": 4470,                                                         
                                       "Plan Width": 4,                                                           
                                       "Actual Startup Time": 8.200,                                              
                                       "Actual Total Time": 2690.708,                                             
                                       "Actual Rows": 9062,                                                       
                                       "Actual Loops": 1,                                                         
                                       "Filter": "((name ~~ '%Tim%'::text) AND ((gender)::text = 'm'::text))",    
                                       "Rows Removed by Filter": 4158429,                                         
                                       "Shared Hit Blocks": 1,                                                    
                                       "Shared Read Blocks": 55612,                                               
                                       "Shared Dirtied Blocks": 0,                                                
                                       "Shared Written Blocks": 0,                                                
                                       "Local Hit Blocks": 0,                                                     
                                       "Local Read Blocks": 0,                                                    
                                       "Local Dirtied Blocks": 0,                                                 
                                       "Local Written Blocks": 0,                                                 
                                       "Temp Read Blocks": 0,                                                     
                                       "Temp Written Blocks": 0                                                   
                                     }                                                                            
                                   ]                                                                              
                                 }                                                                                
                               ]                                                                                  
                             }                                                                                    
                           ]                                                                                      
                         },                                                                                       
                         {                                                                                        
                           "Node Type": "Sort",                                                                   
                           "Parent Relationship": "Inner",                                                        
                           "Parallel Aware": false,                                                               
                           "Startup Cost": 696.07,                                                                
                           "Total Cost": 697.01,                                                                  
                           "Plan Rows": 12213,                                                                    
                           "Plan Width": 10,                                                                      
                           "Actual Startup Time": 935.850,                                                        
                           "Actual Total Time": 957.825,                                                          
                           "Actual Rows": 459436,                                                                 
                           "Actual Loops": 1,                                                                     
                           "Sort Key": ["mi_idx.movie_id"],                                                       
                           "Sort Method": "quicksort",                                                            
                           "Sort Space Used": 33847,                                                              
                           "Sort Space Type": "Memory",                                                           
                           "Shared Hit Blocks": 3,                                                                
                           "Shared Read Blocks": 8451,                                                            
                           "Shared Dirtied Blocks": 0,                                                            
                           "Shared Written Blocks": 0,                                                            
                           "Local Hit Blocks": 0,                                                                 
                           "Local Read Blocks": 0,                                                                
                           "Local Dirtied Blocks": 0,                                                             
                           "Local Written Blocks": 0,                                                             
                           "Temp Read Blocks": 0,                                                                 
                           "Temp Written Blocks": 0,                                                              
                           "Plans": [                                                                             
                             {                                                                                    
                               "Node Type": "Nested Loop",                                                        
                               "Parent Relationship": "Outer",                                                    
                               "Parallel Aware": false,                                                           
                               "Join Type": "Inner",                                                              
                               "Startup Cost": 0.00,                                                              
                               "Total Cost": 670.32,                                                              
                               "Plan Rows": 12213,                                                                
                               "Plan Width": 10,                                                                  
                               "Actual Startup Time": 0.037,                                                      
                               "Actual Total Time": 762.575,                                                      
                               "Actual Rows": 459925,                                                             
                               "Actual Loops": 1,                                                                 
                               "Inner Unique": true,                                                              
                               "Join Filter": "(it.id = mi_idx.info_type_id)",                                   
                               "Rows Removed by Join Filter": 920110,                                             
                               "Shared Hit Blocks": 3,                                                            
                               "Shared Read Blocks": 8451,                                                        
                               "Shared Dirtied Blocks": 0,                                                        
                               "Shared Written Blocks": 0,                                                        
                               "Local Hit Blocks": 0,                                                             
                               "Local Read Blocks": 0,                                                            
                               "Local Dirtied Blocks": 0,                                                         
                               "Local Written Blocks": 0,                                                         
                               "Temp Read Blocks": 0,                                                             
                               "Temp Written Blocks": 0,                                                          
                               "Plans": [                                                                         
                                 {                                                                                
                                   "Node Type": "Seq Scan",                                                       
                                   "Parent Relationship": "Outer",                                                
                                   "Parallel Aware": false,                                                       
                                   "Relation Name": "movie_info_idx",                                             
                                   "Alias": "mi_idx",                                                             
                                   "Startup Cost": 0.00,                                                          
                                   "Total Cost": 360.56,                                                          
                                   "Plan Rows": 1380035,                                                          
                                   "Plan Width": 14,                                                              
                                   "Actual Startup Time": 0.008,                                                  
                                   "Actual Total Time": 232.906,                                                  
                                   "Actual Rows": 1380035,                                                        
                                   "Actual Loops": 1,                                                             
                                   "Shared Hit Blocks": 2,                                                        
                                   "Shared Read Blocks": 8451,                                                    
                                   "Shared Dirtied Blocks": 0,                                                    
                                   "Shared Written Blocks": 0,                                                    
                                   "Local Hit Blocks": 0,                                                         
                                   "Local Read Blocks": 0,                                                        
                                   "Local Dirtied Blocks": 0,                                                     
                                   "Local Written Blocks": 0,                                                     
                                   "Temp Read Blocks": 0,                                                         
                                   "Temp Written Blocks": 0                                                       
                                 },                                                                               
                                 {                                                                                
                                   "Node Type": "Materialize",                                                    
                                   "Parent Relationship": "Inner",                                                
                                   "Parallel Aware": false,                                                       
                                   "Startup Cost": 0.00,                                                          
                                   "Total Cost": 0.05,                                                            
                                   "Plan Rows": 1,                                                                
                                   "Plan Width": 4,                                                               
                                   "Actual Startup Time": 0.000,                                                  
                                   "Actual Total Time": 0.000,                                                    
                                   "Actual Rows": 1,                                                              
                                   "Actual Loops": 1380035,                                                       
                                   "Shared Hit Blocks": 1,                                                        
                                   "Shared Read Blocks": 0,                                                       
                                   "Shared Dirtied Blocks": 0,                                                    
                                   "Shared Written Blocks": 0,                                                    
                                   "Local Hit Blocks": 0,                                                         
                                   "Local Read Blocks": 0,                                                        
                                   "Local Dirtied Blocks": 0,                                                     
                                   "Local Written Blocks": 0,                                                     
                                   "Temp Read Blocks": 0,                                                         
                                   "Temp Written Blocks": 0,                                                      
                                   "Plans": [                                                                     
                                     {                                                                            
                                       "Node Type": "Seq Scan",                                                   
                                       "Parent Relationship": "Outer",                                            
                                       "Parallel Aware": false,                                                   
                                       "Relation Name": "info_type",                                              
                                       "Alias": "it",                                                            
                                       "Startup Cost": 0.00,                                                      
                                       "Total Cost": 0.05,                                                        
                                       "Plan Rows": 1,                                                            
                                       "Plan Width": 4,                                                           
                                       "Actual Startup Time": 0.018,                                              
                                       "Actual Total Time": 0.020,                                                
                                       "Actual Rows": 1,                                                          
                                       "Actual Loops": 1,                                                         
                                       "Filter": "((info)::text = 'votes'::text)",                                
                                       "Rows Removed by Filter": 112,                                             
                                       "Shared Hit Blocks": 1,                                                    
                                       "Shared Read Blocks": 0,                                                   
                                       "Shared Dirtied Blocks": 0,                                                
                                       "Shared Written Blocks": 0,                                                
                                       "Local Hit Blocks": 0,                                                     
                                       "Local Read Blocks": 0,                                                    
                                       "Local Dirtied Blocks": 0,                                                 
                                       "Local Written Blocks": 0,                                                 
                                       "Temp Read Blocks": 0,                                                     
                                       "Temp Written Blocks": 0                                                   
                                     }                                                                            
                                   ]                                                                              
                                 }                                                                                
                               ]                                                                                  
                             }                                                                                    
                           ]                                                                                      
                         }                                                                                        
                       ]                                                                                          
                     },                                                                                           
                     {                                                                                            
                       "Node Type": "Materialize",                                                                
                       "Parent Relationship": "Inner",                                                            
                       "Parallel Aware": false,                                                                   
                       "Startup Cost": 0.00,                                                                      
                       "Total Cost": 9453.72,                                                                     
                       "Plan Rows": 131290,                                                                       
                       "Plan Width": 46,                                                                          
                       "Actual Startup Time": 1.506,                                                              
                       "Actual Total Time": 7.996,                                                                
                       "Actual Rows": 121863,                                                                     
                       "Actual Loops": 3435,                                                                      
                       "Shared Hit Blocks": 3,                                                                    
                       "Shared Read Blocks": 161890,                                                              
                       "Shared Dirtied Blocks": 0,                                                                
                       "Shared Written Blocks": 0,                                                                
                       "Local Hit Blocks": 0,                                                                     
                       "Local Read Blocks": 0,                                                                    
                       "Local Dirtied Blocks": 0,                                                                 
                       "Local Written Blocks": 0,                                                                 
                       "Temp Read Blocks": 0,                                                                     
                       "Temp Written Blocks": 0,                                                                  
                       "Plans": [                                                                                 
                         {                                                                                        
                           "Node Type": "Nested Loop",                                                            
                           "Parent Relationship": "Outer",                                                        
                           "Parallel Aware": false,                                                               
                           "Join Type": "Inner",                                                                  
                           "Startup Cost": 0.00,                                                                  
                           "Total Cost": 9433.33,                                                                 
                           "Plan Rows": 131290,                                                                   
                           "Plan Width": 46,                                                                      
                           "Actual Startup Time": 5173.721,                                                       
                           "Actual Total Time": 9162.196,                                                         
                           "Actual Rows": 121863,                                                                 
                           "Actual Loops": 1,                                                                     
                           "Inner Unique": true,                                                                  
                           "Join Filter": "(it.id = mi.info_type_id)",                                           
                           "Rows Removed by Join Filter": 14713857,                                               
                           "Shared Hit Blocks": 3,                                                                
                           "Shared Read Blocks": 161890,                                                          
                           "Shared Dirtied Blocks": 0,                                                            
                           "Shared Written Blocks": 0,                                                            
                           "Local Hit Blocks": 0,                                                                 
                           "Local Read Blocks": 0,                                                                
                           "Local Dirtied Blocks": 0,                                                             
                           "Local Written Blocks": 0,                                                             
                           "Temp Read Blocks": 0,                                                                 
                           "Temp Written Blocks": 0,                                                              
                           "Plans": [                                                                             
                             {                                                                                    
                               "Node Type": "Seq Scan",                                                           
                               "Parent Relationship": "Outer",                                                    
                               "Parallel Aware": false,                                                           
                               "Relation Name": "movie_info",                                                     
                               "Alias": "mi",                                                                     
                               "Startup Cost": 0.00,                                                              
                               "Total Cost": 6103.84,                                                             
                               "Plan Rows": 14835720,                                                             
                               "Plan Width": 50,                                                                  
                               "Actual Startup Time": 25.873,                                                     
                               "Actual Total Time": 3370.248,                                                     
                               "Actual Rows": 14835720,                                                           
                               "Actual Loops": 1,                                                                 
                               "Shared Hit Blocks": 2,                                                            
                               "Shared Read Blocks": 161890,                                                      
                               "Shared Dirtied Blocks": 0,                                                        
                               "Shared Written Blocks": 0,                                                        
                               "Local Hit Blocks": 0,                                                             
                               "Local Read Blocks": 0,                                                            
                               "Local Dirtied Blocks": 0,                                                         
                               "Local Written Blocks": 0,                                                         
                               "Temp Read Blocks": 0,                                                             
                               "Temp Written Blocks": 0                                                           
                             },                                                                                   
                             {                                                                                    
                               "Node Type": "Materialize",                                                        
                               "Parent Relationship": "Inner",                                                    
                               "Parallel Aware": false,                                                           
                               "Startup Cost": 0.00,                                                              
                               "Total Cost": 0.05,                                                                
                               "Plan Rows": 1,                                                                    
                               "Plan Width": 4,                                                                   
                               "Actual Startup Time": 0.000,                                                      
                               "Actual Total Time": 0.000,                                                        
                               "Actual Rows": 1,                                                                  
                               "Actual Loops": 14835720,                                                          
                               "Shared Hit Blocks": 1,                                                            
                               "Shared Read Blocks": 0,                                                           
                               "Shared Dirtied Blocks": 0,                                                        
                               "Shared Written Blocks": 0,                                                        
                               "Local Hit Blocks": 0,                                                             
                               "Local Read Blocks": 0,                                                            
                               "Local Dirtied Blocks": 0,                                                         
                               "Local Written Blocks": 0,                                                         
                               "Temp Read Blocks": 0,                                                             
                               "Temp Written Blocks": 0,                                                          
                               "Plans": [                                                                         
                                 {                                                                                
                                   "Node Type": "Seq Scan",                                                       
                                   "Parent Relationship": "Outer",                                                
                                   "Parallel Aware": false,                                                       
                                   "Relation Name": "info_type",                                                  
                                   "Alias": "it",                                                                
                                   "Startup Cost": 0.00,                                                          
                                   "Total Cost": 0.05,                                                            
                                   "Plan Rows": 1,                                                                
                                   "Plan Width": 4,                                                               
                                   "Actual Startup Time": 0.064,                                                  
                                   "Actual Total Time": 0.068,                                                    
                                   "Actual Rows": 1,                                                              
                                   "Actual Loops": 1,                                                             
                                   "Filter": "((info)::text = 'budget'::text)",                                   
                                   "Rows Removed by Filter": 112,                                                 
                                   "Shared Hit Blocks": 1,                                                        
                                   "Shared Read Blocks": 0,                                                       
                                   "Shared Dirtied Blocks": 0,                                                    
                                   "Shared Written Blocks": 0,                                                    
                                   "Local Hit Blocks": 0,                                                         
                                   "Local Read Blocks": 0,                                                        
                                   "Local Dirtied Blocks": 0,                                                     
                                   "Local Written Blocks": 0,                                                     
                                   "Temp Read Blocks": 0,                                                         
                                   "Temp Written Blocks": 0                                                       
                                 }                                                                                
                               ]                                                                                  
                             }                                                                                    
                           ]                                                                                      
                         }                                                                                        
                       ]                                                                                          
                     }                                                                                            
                   ]                                                                                              
                 }                                                                                                
               ]                                                                                                  
             }                                                                                                    
           ]                                                                                                      
         }                                                                                                        
       ]                                                                                                          
     },                                                                                                           
     "Planning Time": 5748.813,                                                                                   
     "Triggers": [                                                                                                
     ],                                                                                                           
     "Execution Time": 241599.908                                                                                 
   }                                                                                                              
 ]
