 [                                                                                                                                           
   {                                                                                                                                         
     "Plan": {                                                                                                                               
       "Node Type": "Aggregate",                                                                                                             
       "Strategy": "Plain",                                                                                                                  
       "Partial Mode": "Simple",                                                                                                             
       "Parallel Aware": false,                                                                                                              
       "Startup Cost": 29866.15,                                                                                                             
       "Total Cost": 29866.15,                                                                                                               
       "Plan Rows": 1,                                                                                                                       
       "Plan Width": 96,                                                                                                                     
       "Actual Startup Time": 218294.250,                                                                                                    
       "Actual Total Time": 218294.250,                                                                                                      
       "Actual Rows": 1,                                                                                                                     
       "Actual Loops": 1,                                                                                                                    
       "Shared Hit Blocks": 16,                                                                                                              
       "Shared Read Blocks": 514600,                                                                                                         
       "Shared Dirtied Blocks": 0,                                                                                                           
       "Shared Written Blocks": 0,                                                                                                           
       "Local Hit Blocks": 0,                                                                                                                
       "Local Read Blocks": 0,                                                                                                               
       "Local Dirtied Blocks": 0,                                                                                                            
       "Local Written Blocks": 0,                                                                                                            
       "Temp Read Blocks": 0,                                                                                                                
       "Temp Written Blocks": 0,                                                                                                             
       "Plans": [                                                                                                                            
         {                                                                                                                                   
           "Node Type": "Nested Loop",                                                                                                       
           "Parent Relationship": "Outer",                                                                                                   
           "Parallel Aware": false,                                                                                                          
           "Join Type": "Inner",                                                                                                             
           "Startup Cost": 7751.71,                                                                                                          
           "Total Cost": 29866.15,                                                                                                           
           "Plan Rows": 1,                                                                                                                   
           "Plan Width": 65,                                                                                                                 
           "Actual Startup Time": 217404.492,                                                                                                
           "Actual Total Time": 218294.166,                                                                                                  
           "Actual Rows": 11,                                                                                                                
           "Actual Loops": 1,                                                                                                                
           "Inner Unique": false,                                                                                                            
           "Join Filter": "(mi.movie_id = t.id)",                                                                                            
           "Rows Removed by Join Filter": 12551797,                                                                                          
           "Shared Hit Blocks": 16,                                                                                                          
           "Shared Read Blocks": 514600,                                                                                                     
           "Shared Dirtied Blocks": 0,                                                                                                       
           "Shared Written Blocks": 0,                                                                                                       
           "Local Hit Blocks": 0,                                                                                                            
           "Local Read Blocks": 0,                                                                                                           
           "Local Dirtied Blocks": 0,                                                                                                        
           "Local Written Blocks": 0,                                                                                                        
           "Temp Read Blocks": 0,                                                                                                            
           "Temp Written Blocks": 0,                                                                                                         
           "Plans": [                                                                                                                        
             {                                                                                                                               
               "Node Type": "Seq Scan",                                                                                                      
               "Parent Relationship": "Outer",                                                                                               
               "Parallel Aware": false,                                                                                                      
               "Relation Name": "title",                                                                                                     
               "Alias": "t",                                                                                                                 
               "Startup Cost": 0.00,                                                                                                         
               "Total Cost": 1696.56,                                                                                                        
               "Plan Rows": 784488,                                                                                                          
               "Plan Width": 21,                                                                                                             
               "Actual Startup Time": 21.964,                                                                                                
               "Actual Total Time": 589.000,                                                                                                 
               "Actual Rows": 784488,                                                                                                        
               "Actual Loops": 1,                                                                                                            
               "Filter": "((production_year >= 2008) AND (production_year <= 2014))",                                                        
               "Rows Removed by Filter": 1743824,                                                                                            
               "Shared Hit Blocks": 1,                                                                                                       
               "Shared Read Blocks": 35997,                                                                                                  
               "Shared Dirtied Blocks": 0,                                                                                                   
               "Shared Written Blocks": 0,                                                                                                   
               "Local Hit Blocks": 0,                                                                                                        
               "Local Read Blocks": 0,                                                                                                       
               "Local Dirtied Blocks": 0,                                                                                                    
               "Local Written Blocks": 0,                                                                                                    
               "Temp Read Blocks": 0,                                                                                                        
               "Temp Written Blocks": 0                                                                                                      
             },                                                                                                                              
             {                                                                                                                               
               "Node Type": "Materialize",                                                                                                   
               "Parent Relationship": "Inner",                                                                                               
               "Parallel Aware": false,                                                                                                      
               "Startup Cost": 7751.71,                                                                                                      
               "Total Cost": 27993.54,                                                                                                       
               "Plan Rows": 1,                                                                                                               
               "Plan Width": 60,                                                                                                             
               "Actual Startup Time": 0.203,                                                                                                 
               "Actual Total Time": 0.276,                                                                                                   
               "Actual Rows": 16,                                                                                                            
               "Actual Loops": 784488,                                                                                                       
               "Shared Hit Blocks": 15,                                                                                                      
               "Shared Read Blocks": 478603,                                                                                                 
               "Shared Dirtied Blocks": 0,                                                                                                   
               "Shared Written Blocks": 0,                                                                                                   
               "Local Hit Blocks": 0,                                                                                                        
               "Local Read Blocks": 0,                                                                                                       
               "Local Dirtied Blocks": 0,                                                                                                    
               "Local Written Blocks": 0,                                                                                                    
               "Temp Read Blocks": 0,                                                                                                        
               "Temp Written Blocks": 0,                                                                                                     
               "Plans": [                                                                                                                    
                 {                                                                                                                           
                   "Node Type": "Nested Loop",                                                                                               
                   "Parent Relationship": "Outer",                                                                                           
                   "Parallel Aware": false,                                                                                                  
                   "Join Type": "Inner",                                                                                                     
                   "Startup Cost": 7751.71,                                                                                                  
                   "Total Cost": 27993.54,                                                                                                   
                   "Plan Rows": 1,                                                                                                           
                   "Plan Width": 60,                                                                                                         
                   "Actual Startup Time": 159470.434,                                                                                        
                   "Actual Total Time": 215569.606,                                                                                          
                   "Actual Rows": 16,                                                                                                        
                   "Actual Loops": 1,                                                                                                        
                   "Inner Unique": false,                                                                                                    
                   "Join Filter": "(ci.person_id = n.id)",                                                                                   
                   "Rows Removed by Join Filter": 396160644,                                                                                 
                   "Shared Hit Blocks": 15,                                                                                                  
                   "Shared Read Blocks": 478603,                                                                                             
                   "Shared Dirtied Blocks": 0,                                                                                               
                   "Shared Written Blocks": 0,                                                                                               
                   "Local Hit Blocks": 0,                                                                                                    
                   "Local Read Blocks": 0,                                                                                                   
                   "Local Dirtied Blocks": 0,                                                                                                
                   "Local Written Blocks": 0,                                                                                                
                   "Temp Read Blocks": 0,                                                                                                    
                   "Temp Written Blocks": 0,                                                                                                 
                   "Plans": [                                                                                                                
                     {                                                                                                                       
                       "Node Type": "Seq Scan",                                                                                              
                       "Parent Relationship": "Outer",                                                                                       
                       "Parallel Aware": false,                                                                                              
                       "Relation Name": "name",                                                                                              
                       "Alias": "n",                                                                                                         
                       "Startup Cost": 0.00,                                                                                                 
                       "Total Cost": 2356.12,                                                                                                
                       "Plan Rows": 623581,                                                                                                  
                       "Plan Width": 4,                                                                                                      
                       "Actual Startup Time": 1097.969,                                                                                      
                       "Actual Total Time": 2228.695,                                                                                        
                       "Actual Rows": 961555,                                                                                                
                       "Actual Loops": 1,                                                                                                    
                       "Filter": "((gender IS NOT NULL) AND ((gender)::text = 'f'::text))",                                                  
                       "Rows Removed by Filter": 3205936,                                                                                    
                       "Shared Hit Blocks": 1,                                                                                               
                       "Shared Read Blocks": 55612,                                                                                          
                       "Shared Dirtied Blocks": 0,                                                                                           
                       "Shared Written Blocks": 0,                                                                                           
                       "Local Hit Blocks": 0,                                                                                                
                       "Local Read Blocks": 0,                                                                                               
                       "Local Dirtied Blocks": 0,                                                                                            
                       "Local Written Blocks": 0,                                                                                            
                       "Temp Read Blocks": 0,                                                                                                
                       "Temp Written Blocks": 0                                                                                              
                     },                                                                                                                      
                     {                                                                                                                       
                       "Node Type": "Materialize",                                                                                           
                       "Parent Relationship": "Inner",                                                                                       
                       "Parallel Aware": false,                                                                                              
                       "Startup Cost": 7751.71,                                                                                              
                       "Total Cost": 25497.47,                                                                                               
                       "Plan Rows": 1,                                                                                                       
                       "Plan Width": 64,                                                                                                     
                       "Actual Startup Time": 0.018,                                                                                         
                       "Actual Total Time": 0.181,                                                                                           
                       "Actual Rows": 412,                                                                                                   
                       "Actual Loops": 961555,                                                                                               
                       "Shared Hit Blocks": 14,                                                                                              
                       "Shared Read Blocks": 422991,                                                                                         
                       "Shared Dirtied Blocks": 0,                                                                                           
                       "Shared Written Blocks": 0,                                                                                           
                       "Local Hit Blocks": 0,                                                                                                
                       "Local Read Blocks": 0,                                                                                               
                       "Local Dirtied Blocks": 0,                                                                                            
                       "Local Written Blocks": 0,                                                                                            
                       "Temp Read Blocks": 0,                                                                                                
                       "Temp Written Blocks": 0,                                                                                             
                       "Plans": [                                                                                                            
                         {                                                                                                                   
                           "Node Type": "Nested Loop",                                                                                       
                           "Parent Relationship": "Outer",                                                                                   
                           "Parallel Aware": false,                                                                                          
                           "Join Type": "Inner",                                                                                             
                           "Startup Cost": 7751.71,                                                                                          
                           "Total Cost": 25497.47,                                                                                           
                           "Plan Rows": 1,                                                                                                   
                           "Plan Width": 64,                                                                                                 
                           "Actual Startup Time": 17124.382,                                                                                 
                           "Actual Total Time": 156415.130,                                                                                  
                           "Actual Rows": 412,                                                                                               
                           "Actual Loops": 1,                                                                                                
                           "Inner Unique": false,                                                                                            
                           "Join Filter": "(mi.movie_id = ci.movie_id)",                                                                     
                           "Rows Removed by Join Filter": 911131700,                                                                         
                           "Shared Hit Blocks": 14,                                                                                          
                           "Shared Read Blocks": 422991,                                                                                     
                           "Shared Dirtied Blocks": 0,                                                                                       
                           "Shared Written Blocks": 0,                                                                                       
                           "Local Hit Blocks": 0,                                                                                            
                           "Local Read Blocks": 0,                                                                                           
                           "Local Dirtied Blocks": 0,                                                                                        
                           "Local Written Blocks": 0,                                                                                        
                           "Temp Read Blocks": 0,                                                                                            
                           "Temp Written Blocks": 0,                                                                                         
                           "Plans": [                                                                                                        
                             {                                                                                                               
                               "Node Type": "Seq Scan",                                                                                      
                               "Parent Relationship": "Outer",                                                                               
                               "Parallel Aware": false,                                                                                      
                               "Relation Name": "cast_info",                                                                                 
                               "Alias": "ci",                                                                                                
                               "Startup Cost": 0.00,                                                                                         
                               "Total Cost": 17466.00,                                                                                       
                               "Plan Rows": 1245851,                                                                                         
                               "Plan Width": 8,                                                                                              
                               "Actual Startup Time": 360.391,                                                                               
                               "Actual Total Time": 10901.666,                                                                               
                               "Actual Rows": 1244716,                                                                                       
                               "Actual Loops": 1,                                                                                            
                               "Filter": "(note = ANY ('{(writer),\"(head writer)\",\"(written by)\",(story),\"(story editor)\"}'::text[]))",
                               "Rows Removed by Filter": 34999628,                                                                           
                               "Shared Hit Blocks": 4,                                                                                       
                               "Shared Read Blocks": 252650,                                                                                 
                               "Shared Dirtied Blocks": 0,                                                                                   
                               "Shared Written Blocks": 0,                                                                                   
                               "Local Hit Blocks": 0,                                                                                        
                               "Local Read Blocks": 0,                                                                                       
                               "Local Dirtied Blocks": 0,                                                                                    
                               "Local Written Blocks": 0,                                                                                    
                               "Temp Read Blocks": 0,                                                                                        
                               "Temp Written Blocks": 0                                                                                      
                             },                                                                                                              
                             {                                                                                                               
                               "Node Type": "Materialize",                                                                                   
                               "Parent Relationship": "Inner",                                                                               
                               "Parallel Aware": false,                                                                                      
                               "Startup Cost": 7751.71,                                                                                      
                               "Total Cost": 7751.87,                                                                                        
                               "Plan Rows": 1,                                                                                               
                               "Plan Width": 56,                                                                                             
                               "Actual Startup Time": 0.007,                                                                                 
                               "Actual Total Time": 0.041,                                                                                   
                               "Actual Rows": 732,                                                                                           
                               "Actual Loops": 1244716,                                                                                      
                               "Shared Hit Blocks": 10,                                                                                      
                               "Shared Read Blocks": 170341,                                                                                 
                               "Shared Dirtied Blocks": 0,                                                                                   
                               "Shared Written Blocks": 0,                                                                                   
                               "Local Hit Blocks": 0,                                                                                        
                               "Local Read Blocks": 0,                                                                                       
                               "Local Dirtied Blocks": 0,                                                                                    
                               "Local Written Blocks": 0,                                                                                    
                               "Temp Read Blocks": 0,                                                                                        
                               "Temp Written Blocks": 0,                                                                                     
                               "Plans": [                                                                                                    
                                 {                                                                                                           
                                   "Node Type": "Merge Join",                                                                                
                                   "Parent Relationship": "Outer",                                                                           
                                   "Parallel Aware": false,                                                                                  
                                   "Join Type": "Inner",                                                                                     
                                   "Startup Cost": 7751.71,                                                                                  
                                   "Total Cost": 7751.87,                                                                                    
                                   "Plan Rows": 1,                                                                                           
                                   "Plan Width": 56,                                                                                         
                                   "Actual Startup Time": 9152.576,                                                                          
                                   "Actual Total Time": 9173.641,                                                                            
                                   "Actual Rows": 732,                                                                                       
                                   "Actual Loops": 1,                                                                                        
                                   "Inner Unique": false,                                                                                    
                                   "Merge Cond": "(mi.movie_id = mi_idx.movie_id)",                                                          
                                   "Shared Hit Blocks": 10,                                                                                  
                                   "Shared Read Blocks": 170341,                                                                             
                                   "Shared Dirtied Blocks": 0,                                                                               
                                   "Shared Written Blocks": 0,                                                                               
                                   "Local Hit Blocks": 0,                                                                                    
                                   "Local Read Blocks": 0,                                                                                   
                                   "Local Dirtied Blocks": 0,                                                                                
                                   "Local Written Blocks": 0,                                                                                
                                   "Temp Read Blocks": 0,                                                                                    
                                   "Temp Written Blocks": 0,                                                                                 
                                   "Plans": [                                                                                                
                                     {                                                                                                       
                                       "Node Type": "Sort",                                                                                  
                                       "Parent Relationship": "Outer",                                                                       
                                       "Parallel Aware": false,                                                                              
                                       "Startup Cost": 7271.44,                                                                              
                                       "Total Cost": 7271.49,                                                                                
                                       "Plan Rows": 587,                                                                                     
                                       "Plan Width": 46,                                                                                     
                                       "Actual Startup Time": 8534.941,                                                                      
                                       "Actual Total Time": 8539.759,                                                                        
                                       "Actual Rows": 72251,                                                                                 
                                       "Actual Loops": 1,                                                                                    
                                       "Sort Key": ["mi.movie_id"],                                                                          
                                       "Sort Method": "quicksort",                                                                           
                                       "Sort Space Used": 6460,                                                                              
                                       "Sort Space Type": "Memory",                                                                          
                                       "Shared Hit Blocks": 7,                                                                               
                                       "Shared Read Blocks": 161890,                                                                         
                                       "Shared Dirtied Blocks": 0,                                                                           
                                       "Shared Written Blocks": 0,                                                                           
                                       "Local Hit Blocks": 0,                                                                                
                                       "Local Read Blocks": 0,                                                                               
                                       "Local Dirtied Blocks": 0,                                                                            
                                       "Local Written Blocks": 0,                                                                            
                                       "Temp Read Blocks": 0,                                                                                
                                       "Temp Written Blocks": 0,                                                                             
                                       "Plans": [                                                                                            
                                         {                                                                                                   
                                           "Node Type": "Nested Loop",                                                                       
                                           "Parent Relationship": "Outer",                                                                   
                                           "Parallel Aware": false,                                                                          
                                           "Join Type": "Inner",                                                                             
                                           "Startup Cost": 0.00,                                                                             
                                           "Total Cost": 7270.61,                                                                            
                                           "Plan Rows": 587,                                                                                 
                                           "Plan Width": 46,                                                                                 
                                           "Actual Startup Time": 7748.717,                                                                  
                                           "Actual Total Time": 8497.681,                                                                    
                                           "Actual Rows": 72258,                                                                             
                                           "Actual Loops": 1,                                                                                
                                           "Inner Unique": true,                                                                             
                                           "Join Filter": "(it.id = mi.info_type_id)",                                                      
                                           "Rows Removed by Join Filter": 789,                                                               
                                           "Shared Hit Blocks": 3,                                                                           
                                           "Shared Read Blocks": 161890,                                                                     
                                           "Shared Dirtied Blocks": 0,                                                                       
                                           "Shared Written Blocks": 0,                                                                       
                                           "Local Hit Blocks": 0,                                                                            
                                           "Local Read Blocks": 0,                                                                           
                                           "Local Dirtied Blocks": 0,                                                                        
                                           "Local Written Blocks": 0,                                                                        
                                           "Temp Read Blocks": 0,                                                                            
                                           "Temp Written Blocks": 0,                                                                         
                                           "Plans": [                                                                                        
                                             {                                                                                               
                                               "Node Type": "Seq Scan",                                                                      
                                               "Parent Relationship": "Outer",                                                               
                                               "Parallel Aware": false,                                                                      
                                               "Relation Name": "movie_info",                                                                
                                               "Alias": "mi",                                                                                
                                               "Startup Cost": 0.00,                                                                         
                                               "Total Cost": 7255.68,                                                                        
                                               "Plan Rows": 66310,                                                                           
                                               "Plan Width": 50,                                                                             
                                               "Actual Startup Time": 4923.635,                                                              
                                               "Actual Total Time": 8457.699,                                                                
                                               "Actual Rows": 73047,                                                                         
                                               "Actual Loops": 1,                                                                            
                                               "Filter": "((note IS NULL) AND (info = ANY ('{Horror,Thriller}'::text[])))",                  
                                               "Rows Removed by Filter": 14762673,                                                           
                                               "Shared Hit Blocks": 2,                                                                       
                                               "Shared Read Blocks": 161890,                                                                 
                                               "Shared Dirtied Blocks": 0,                                                                   
                                               "Shared Written Blocks": 0,                                                                   
                                               "Local Hit Blocks": 0,                                                                        
                                               "Local Read Blocks": 0,                                                                       
                                               "Local Dirtied Blocks": 0,                                                                    
                                               "Local Written Blocks": 0,                                                                    
                                               "Temp Read Blocks": 0,                                                                        
                                               "Temp Written Blocks": 0                                                                      
                                             },                                                                                              
                                             {                                                                                               
                                               "Node Type": "Materialize",                                                                   
                                               "Parent Relationship": "Inner",                                                               
                                               "Parallel Aware": false,                                                                      
                                               "Startup Cost": 0.00,                                                                         
                                               "Total Cost": 0.05,                                                                           
                                               "Plan Rows": 1,                                                                               
                                               "Plan Width": 4,                                                                              
                                               "Actual Startup Time": 0.000,                                                                 
                                               "Actual Total Time": 0.000,                                                                   
                                               "Actual Rows": 1,                                                                             
                                               "Actual Loops": 73047,                                                                        
                                               "Shared Hit Blocks": 1,                                                                       
                                               "Shared Read Blocks": 0,                                                                      
                                               "Shared Dirtied Blocks": 0,                                                                   
                                               "Shared Written Blocks": 0,                                                                   
                                               "Local Hit Blocks": 0,                                                                        
                                               "Local Read Blocks": 0,                                                                       
                                               "Local Dirtied Blocks": 0,                                                                    
                                               "Local Written Blocks": 0,                                                                    
                                               "Temp Read Blocks": 0,                                                                        
                                               "Temp Written Blocks": 0,                                                                     
                                               "Plans": [                                                                                    
                                                 {                                                                                           
                                                   "Node Type": "Seq Scan",                                                                  
                                                   "Parent Relationship": "Outer",                                                           
                                                   "Parallel Aware": false,                                                                  
                                                   "Relation Name": "info_type",                                                             
                                                   "Alias": "it",                                                                           
                                                   "Startup Cost": 0.00,                                                                     
                                                   "Total Cost": 0.05,                                                                       
                                                   "Plan Rows": 1,                                                                           
                                                   "Plan Width": 4,                                                                          
                                                   "Actual Startup Time": 0.010,                                                             
                                                   "Actual Total Time": 0.022,                                                               
                                                   "Actual Rows": 1,                                                                         
                                                   "Actual Loops": 1,                                                                        
                                                   "Filter": "((info)::text = 'genres'::text)",                                              
                                                   "Rows Removed by Filter": 112,                                                            
                                                   "Shared Hit Blocks": 1,                                                                   
                                                   "Shared Read Blocks": 0,                                                                  
                                                   "Shared Dirtied Blocks": 0,                                                               
                                                   "Shared Written Blocks": 0,                                                               
                                                   "Local Hit Blocks": 0,                                                                    
                                                   "Local Read Blocks": 0,                                                                   
                                                   "Local Dirtied Blocks": 0,                                                                
                                                   "Local Written Blocks": 0,                                                                
                                                   "Temp Read Blocks": 0,                                                                    
                                                   "Temp Written Blocks": 0                                                                  
                                                 }                                                                                           
                                               ]                                                                                             
                                             }                                                                                               
                                           ]                                                                                                 
                                         }                                                                                                   
                                       ]                                                                                                     
                                     },                                                                                                      
                                     {                                                                                                       
                                       "Node Type": "Sort",                                                                                  
                                       "Parent Relationship": "Inner",                                                                       
                                       "Parallel Aware": false,                                                                              
                                       "Startup Cost": 480.26,                                                                               
                                       "Total Cost": 480.30,                                                                                 
                                       "Plan Rows": 468,                                                                                     
                                       "Plan Width": 10,                                                                                     
                                       "Actual Startup Time": 617.609,                                                                       
                                       "Actual Total Time": 619.014,                                                                         
                                       "Actual Rows": 15929,                                                                                 
                                       "Actual Loops": 1,                                                                                    
                                       "Sort Key": ["mi_idx.movie_id"],                                                                      
                                       "Sort Method": "quicksort",                                                                           
                                       "Sort Space Used": 1127,                                                                              
                                       "Sort Space Type": "Memory",                                                                          
                                       "Shared Hit Blocks": 3,                                                                               
                                       "Shared Read Blocks": 8451,                                                                           
                                       "Shared Dirtied Blocks": 0,                                                                           
                                       "Shared Written Blocks": 0,                                                                           
                                       "Local Hit Blocks": 0,                                                                                
                                       "Local Read Blocks": 0,                                                                               
                                       "Local Dirtied Blocks": 0,                                                                            
                                       "Local Written Blocks": 0,                                                                            
                                       "Temp Read Blocks": 0,                                                                                
                                       "Temp Written Blocks": 0,                                                                             
                                       "Plans": [                                                                                            
                                         {                                                                                                   
                                           "Node Type": "Nested Loop",                                                                       
                                           "Parent Relationship": "Outer",                                                                   
                                           "Parallel Aware": false,                                                                          
                                           "Join Type": "Inner",                                                                             
                                           "Startup Cost": 0.00,                                                                             
                                           "Total Cost": 479.62,                                                                             
                                           "Plan Rows": 468,                                                                                 
                                           "Plan Width": 10,                                                                                 
                                           "Actual Startup Time": 0.055,                                                                     
                                           "Actual Total Time": 606.397,                                                                     
                                           "Actual Rows": 15849,                                                                             
                                           "Actual Loops": 1,                                                                                
                                           "Inner Unique": true,                                                                             
                                           "Join Filter": "(it.id = mi_idx.info_type_id)",                                                  
                                           "Rows Removed by Join Filter": 37013,                                                             
                                           "Shared Hit Blocks": 3,                                                                           
                                           "Shared Read Blocks": 8451,                                                                       
                                           "Shared Dirtied Blocks": 0,                                                                       
                                           "Shared Written Blocks": 0,                                                                       
                                           "Local Hit Blocks": 0,                                                                            
                                           "Local Read Blocks": 0,                                                                           
                                           "Local Dirtied Blocks": 0,                                                                        
                                           "Local Written Blocks": 0,                                                                        
                                           "Temp Read Blocks": 0,                                                                            
                                           "Temp Written Blocks": 0,                                                                         
                                           "Plans": [                                                                                        
                                             {                                                                                               
                                               "Node Type": "Seq Scan",                                                                      
                                               "Parent Relationship": "Outer",                                                               
                                               "Parallel Aware": false,                                                                      
                                               "Relation Name": "movie_info_idx",                                                            
                                               "Alias": "mi_idx",                                                                            
                                               "Startup Cost": 0.00,                                                                         
                                               "Total Cost": 467.71,                                                                         
                                               "Plan Rows": 52860,                                                                           
                                               "Plan Width": 14,                                                                             
                                               "Actual Startup Time": 0.026,                                                                 
                                               "Actual Total Time": 574.323,                                                                 
                                               "Actual Rows": 52862,                                                                         
                                               "Actual Loops": 1,                                                                            
                                               "Filter": "(info > '8.0'::text)",                                                             
                                               "Rows Removed by Filter": 1327173,                                                            
                                               "Shared Hit Blocks": 2,                                                                       
                                               "Shared Read Blocks": 8451,                                                                   
                                               "Shared Dirtied Blocks": 0,                                                                   
                                               "Shared Written Blocks": 0,                                                                   
                                               "Local Hit Blocks": 0,                                                                        
                                               "Local Read Blocks": 0,                                                                       
                                               "Local Dirtied Blocks": 0,                                                                    
                                               "Local Written Blocks": 0,                                                                    
                                               "Temp Read Blocks": 0,                                                                        
                                               "Temp Written Blocks": 0                                                                      
                                             },                                                                                              
                                             {                                                                                               
                                               "Node Type": "Materialize",                                                                   
                                               "Parent Relationship": "Inner",                                                               
                                               "Parallel Aware": false,                                                                      
                                               "Startup Cost": 0.00,                                                                         
                                               "Total Cost": 0.05,                                                                           
                                               "Plan Rows": 1,                                                                               
                                               "Plan Width": 4,                                                                              
                                               "Actual Startup Time": 0.000,                                                                 
                                               "Actual Total Time": 0.000,                                                                   
                                               "Actual Rows": 1,                                                                             
                                               "Actual Loops": 52862,                                                                        
                                               "Shared Hit Blocks": 1,                                                                       
                                               "Shared Read Blocks": 0,                                                                      
                                               "Shared Dirtied Blocks": 0,                                                                   
                                               "Shared Written Blocks": 0,                                                                   
                                               "Local Hit Blocks": 0,                                                                        
                                               "Local Read Blocks": 0,                                                                       
                                               "Local Dirtied Blocks": 0,                                                                    
                                               "Local Written Blocks": 0,                                                                    
                                               "Temp Read Blocks": 0,                                                                        
                                               "Temp Written Blocks": 0,                                                                     
                                               "Plans": [                                                                                    
                                                 {                                                                                           
                                                   "Node Type": "Seq Scan",                                                                  
                                                   "Parent Relationship": "Outer",                                                           
                                                   "Parallel Aware": false,                                                                  
                                                   "Relation Name": "info_type",                                                             
                                                   "Alias": "it",                                                                           
                                                   "Startup Cost": 0.00,                                                                     
                                                   "Total Cost": 0.05,                                                                       
                                                   "Plan Rows": 1,                                                                           
                                                   "Plan Width": 4,                                                                          
                                                   "Actual Startup Time": 0.016,                                                             
                                                   "Actual Total Time": 0.023,                                                               
                                                   "Actual Rows": 1,                                                                         
                                                   "Actual Loops": 1,                                                                        
                                                   "Filter": "((info)::text = 'rating'::text)",                                              
                                                   "Rows Removed by Filter": 112,                                                            
                                                   "Shared Hit Blocks": 1,                                                                   
                                                   "Shared Read Blocks": 0,                                                                  
                                                   "Shared Dirtied Blocks": 0,                                                               
                                                   "Shared Written Blocks": 0,                                                               
                                                   "Local Hit Blocks": 0,                                                                    
                                                   "Local Read Blocks": 0,                                                                   
                                                   "Local Dirtied Blocks": 0,                                                                
                                                   "Local Written Blocks": 0,                                                                
                                                   "Temp Read Blocks": 0,                                                                    
                                                   "Temp Written Blocks": 0                                                                  
                                                 }                                                                                           
                                               ]                                                                                             
                                             }                                                                                               
                                           ]                                                                                                 
                                         }                                                                                                   
                                       ]                                                                                                     
                                     }                                                                                                       
                                   ]                                                                                                         
                                 }                                                                                                           
                               ]                                                                                                             
                             }                                                                                                               
                           ]                                                                                                                 
                         }                                                                                                                   
                       ]                                                                                                                     
                     }                                                                                                                       
                   ]                                                                                                                         
                 }                                                                                                                           
               ]                                                                                                                             
             }                                                                                                                               
           ]                                                                                                                                 
         }                                                                                                                                   
       ]                                                                                                                                     
     },                                                                                                                                      
     "Planning Time": 5638.921,                                                                                                              
     "Triggers": [                                                                                                                           
     ],                                                                                                                                      
     "Execution Time": 218322.033                                                                                                            
   }                                                                                                                                         
 ]
