 [                                                                                                                                                                      
   {                                                                                                                                                                    
     "Plan": {                                                                                                                                                          
       "Node Type": "Aggregate",                                                                                                                                        
       "Strategy": "Plain",                                                                                                                                             
       "Partial Mode": "Simple",                                                                                                                                        
       "Parallel Aware": false,                                                                                                                                         
       "Startup Cost": 30802.80,                                                                                                                                        
       "Total Cost": 30802.80,                                                                                                                                          
       "Plan Rows": 1,                                                                                                                                                  
       "Plan Width": 64,                                                                                                                                                
       "Actual Startup Time": 49211.656,                                                                                                                                
       "Actual Total Time": 49211.656,                                                                                                                                  
       "Actual Rows": 1,                                                                                                                                                
       "Actual Loops": 1,                                                                                                                                               
       "Shared Hit Blocks": 6691,                                                                                                                                       
       "Shared Read Blocks": 576184,                                                                                                                                    
       "Shared Dirtied Blocks": 0,                                                                                                                                      
       "Shared Written Blocks": 0,                                                                                                                                      
       "Local Hit Blocks": 0,                                                                                                                                           
       "Local Read Blocks": 0,                                                                                                                                          
       "Local Dirtied Blocks": 0,                                                                                                                                       
       "Local Written Blocks": 0,                                                                                                                                       
       "Temp Read Blocks": 0,                                                                                                                                           
       "Temp Written Blocks": 0,                                                                                                                                        
       "Plans": [                                                                                                                                                       
         {                                                                                                                                                              
           "Node Type": "Nested Loop",                                                                                                                                  
           "Parent Relationship": "Outer",                                                                                                                              
           "Parallel Aware": false,                                                                                                                                     
           "Join Type": "Inner",                                                                                                                                        
           "Startup Cost": 0.00,                                                                                                                                        
           "Total Cost": 30802.80,                                                                                                                                      
           "Plan Rows": 1,                                                                                                                                              
           "Plan Width": 32,                                                                                                                                            
           "Actual Startup Time": 47954.082,                                                                                                                            
           "Actual Total Time": 49211.633,                                                                                                                              
           "Actual Rows": 15,                                                                                                                                           
           "Actual Loops": 1,                                                                                                                                           
           "Inner Unique": false,                                                                                                                                       
           "Join Filter": "(ci.person_id = n.id)",                                                                                                                      
           "Rows Removed by Join Filter": 194709,                                                                                                                       
           "Shared Hit Blocks": 6691,                                                                                                                                   
           "Shared Read Blocks": 576184,                                                                                                                                
           "Shared Dirtied Blocks": 0,                                                                                                                                  
           "Shared Written Blocks": 0,                                                                                                                                  
           "Local Hit Blocks": 0,                                                                                                                                       
           "Local Read Blocks": 0,                                                                                                                                      
           "Local Dirtied Blocks": 0,                                                                                                                                   
           "Local Written Blocks": 0,                                                                                                                                   
           "Temp Read Blocks": 0,                                                                                                                                       
           "Temp Written Blocks": 0,                                                                                                                                    
           "Plans": [                                                                                                                                                   
             {                                                                                                                                                          
               "Node Type": "Seq Scan",                                                                                                                                 
               "Parent Relationship": "Outer",                                                                                                                          
               "Parallel Aware": false,                                                                                                                                 
               "Relation Name": "name",                                                                                                                                 
               "Alias": "n",                                                                                                                                            
               "Startup Cost": 0.00,                                                                                                                                    
               "Total Cost": 2679.69,                                                                                                                                   
               "Plan Rows": 2762,                                                                                                                                       
               "Plan Width": 19,                                                                                                                                        
               "Actual Startup Time": 1156.176,                                                                                                                         
               "Actual Total Time": 2608.925,                                                                                                                           
               "Actual Rows": 5409,                                                                                                                                     
               "Actual Loops": 1,                                                                                                                                       
               "Filter": "((name ~~ '%Angel%'::text) AND ((gender)::text = 'f'::text))",                                                                                
               "Rows Removed by Filter": 4162082,                                                                                                                       
               "Shared Hit Blocks": 2,                                                                                                                                  
               "Shared Read Blocks": 55611,                                                                                                                             
               "Shared Dirtied Blocks": 0,                                                                                                                              
               "Shared Written Blocks": 0,                                                                                                                              
               "Local Hit Blocks": 0,                                                                                                                                   
               "Local Read Blocks": 0,                                                                                                                                  
               "Local Dirtied Blocks": 0,                                                                                                                               
               "Local Written Blocks": 0,                                                                                                                               
               "Temp Read Blocks": 0,                                                                                                                                   
               "Temp Written Blocks": 0                                                                                                                                 
             },                                                                                                                                                         
             {                                                                                                                                                          
               "Node Type": "Materialize",                                                                                                                              
               "Parent Relationship": "Inner",                                                                                                                          
               "Parallel Aware": false,                                                                                                                                 
               "Startup Cost": 0.00,                                                                                                                                    
               "Total Cost": 28122.49,                                                                                                                                  
               "Plan Rows": 1,                                                                                                                                          
               "Plan Width": 25,                                                                                                                                        
               "Actual Startup Time": 8.522,                                                                                                                            
               "Actual Total Time": 8.608,                                                                                                                              
               "Actual Rows": 36,                                                                                                                                       
               "Actual Loops": 5409,                                                                                                                                    
               "Shared Hit Blocks": 6689,                                                                                                                               
               "Shared Read Blocks": 520573,                                                                                                                            
               "Shared Dirtied Blocks": 0,                                                                                                                              
               "Shared Written Blocks": 0,                                                                                                                              
               "Local Hit Blocks": 0,                                                                                                                                   
               "Local Read Blocks": 0,                                                                                                                                  
               "Local Dirtied Blocks": 0,                                                                                                                               
               "Local Written Blocks": 0,                                                                                                                               
               "Temp Read Blocks": 0,                                                                                                                                   
               "Temp Written Blocks": 0,                                                                                                                                
               "Plans": [                                                                                                                                               
                 {                                                                                                                                                      
                   "Node Type": "Nested Loop",                                                                                                                          
                   "Parent Relationship": "Outer",                                                                                                                      
                   "Parallel Aware": false,                                                                                                                             
                   "Join Type": "Inner",                                                                                                                                
                   "Startup Cost": 0.00,                                                                                                                                
                   "Total Cost": 28122.49,                                                                                                                              
                   "Plan Rows": 1,                                                                                                                                      
                   "Plan Width": 25,                                                                                                                                    
                   "Actual Startup Time": 46097.130,                                                                                                                    
                   "Actual Total Time": 46543.982,                                                                                                                      
                   "Actual Rows": 36,                                                                                                                                   
                   "Actual Loops": 1,                                                                                                                                   
                   "Inner Unique": false,                                                                                                                               
                   "Join Filter": "(mc.company_id = cn.id)",                                                                                                            
                   "Rows Removed by Join Filter": 3054312,                                                                                                              
                   "Shared Hit Blocks": 6689,                                                                                                                           
                   "Shared Read Blocks": 520573,                                                                                                                        
                   "Shared Dirtied Blocks": 0,                                                                                                                          
                   "Shared Written Blocks": 0,                                                                                                                          
                   "Local Hit Blocks": 0,                                                                                                                               
                   "Local Read Blocks": 0,                                                                                                                              
                   "Local Dirtied Blocks": 0,                                                                                                                           
                   "Local Written Blocks": 0,                                                                                                                           
                   "Temp Read Blocks": 0,                                                                                                                               
                   "Temp Written Blocks": 0,                                                                                                                            
                   "Plans": [                                                                                                                                           
                     {                                                                                                                                                  
                       "Node Type": "Seq Scan",                                                                                                                         
                       "Parent Relationship": "Outer",                                                                                                                  
                       "Parallel Aware": false,                                                                                                                         
                       "Relation Name": "company_name",                                                                                                                 
                       "Alias": "cn",                                                                                                                                   
                       "Startup Cost": 0.00,                                                                                                                            
                       "Total Cost": 128.41,                                                                                                                            
                       "Plan Rows": 84843,                                                                                                                              
                       "Plan Width": 4,                                                                                                                                 
                       "Actual Startup Time": 9.155,                                                                                                                    
                       "Actual Total Time": 68.724,                                                                                                                     
                       "Actual Rows": 84843,                                                                                                                            
                       "Actual Loops": 1,                                                                                                                               
                       "Filter": "((country_code)::text = '[us]'::text)",                                                                                               
                       "Rows Removed by Filter": 150154,                                                                                                                
                       "Shared Hit Blocks": 2,                                                                                                                          
                       "Shared Read Blocks": 2992,                                                                                                                      
                       "Shared Dirtied Blocks": 0,                                                                                                                      
                       "Shared Written Blocks": 0,                                                                                                                      
                       "Local Hit Blocks": 0,                                                                                                                           
                       "Local Read Blocks": 0,                                                                                                                          
                       "Local Dirtied Blocks": 0,                                                                                                                       
                       "Local Written Blocks": 0,                                                                                                                       
                       "Temp Read Blocks": 0,                                                                                                                           
                       "Temp Written Blocks": 0                                                                                                                         
                     },                                                                                                                                                 
                     {                                                                                                                                                  
                       "Node Type": "Materialize",                                                                                                                      
                       "Parent Relationship": "Inner",                                                                                                                  
                       "Parallel Aware": false,                                                                                                                         
                       "Startup Cost": 0.00,                                                                                                                            
                       "Total Cost": 27975.04,                                                                                                                          
                       "Plan Rows": 1,                                                                                                                                  
                       "Plan Width": 29,                                                                                                                                
                       "Actual Startup Time": 0.332,                                                                                                                    
                       "Actual Total Time": 0.544,                                                                                                                      
                       "Actual Rows": 36,                                                                                                                               
                       "Actual Loops": 84843,                                                                                                                           
                       "Shared Hit Blocks": 6687,                                                                                                                       
                       "Shared Read Blocks": 517581,                                                                                                                    
                       "Shared Dirtied Blocks": 0,                                                                                                                      
                       "Shared Written Blocks": 0,                                                                                                                      
                       "Local Hit Blocks": 0,                                                                                                                           
                       "Local Read Blocks": 0,                                                                                                                          
                       "Local Dirtied Blocks": 0,                                                                                                                       
                       "Local Written Blocks": 0,                                                                                                                       
                       "Temp Read Blocks": 0,                                                                                                                           
                       "Temp Written Blocks": 0,                                                                                                                        
                       "Plans": [                                                                                                                                       
                         {                                                                                                                                              
                           "Node Type": "Nested Loop",                                                                                                                  
                           "Parent Relationship": "Outer",                                                                                                              
                           "Parallel Aware": false,                                                                                                                     
                           "Join Type": "Inner",                                                                                                                        
                           "Startup Cost": 0.00,                                                                                                                        
                           "Total Cost": 27975.04,                                                                                                                      
                           "Plan Rows": 1,                                                                                                                              
                           "Plan Width": 29,                                                                                                                            
                           "Actual Startup Time": 28145.107,                                                                                                            
                           "Actual Total Time": 45988.070,                                                                                                              
                           "Actual Rows": 36,                                                                                                                           
                           "Actual Loops": 1,                                                                                                                           
                           "Inner Unique": false,                                                                                                                       
                           "Join Filter": "(ci.person_role_id = chn.id)",                                                                                               
                           "Rows Removed by Join Filter": 113052168,                                                                                                    
                           "Shared Hit Blocks": 6687,                                                                                                                   
                           "Shared Read Blocks": 517581,                                                                                                                
                           "Shared Dirtied Blocks": 0,                                                                                                                  
                           "Shared Written Blocks": 0,                                                                                                                  
                           "Local Hit Blocks": 0,                                                                                                                       
                           "Local Read Blocks": 0,                                                                                                                      
                           "Local Dirtied Blocks": 0,                                                                                                                   
                           "Local Written Blocks": 0,                                                                                                                   
                           "Temp Read Blocks": 0,                                                                                                                       
                           "Temp Written Blocks": 0,                                                                                                                    
                           "Plans": [                                                                                                                                   
                             {                                                                                                                                          
                               "Node Type": "Seq Scan",                                                                                                                 
                               "Parent Relationship": "Outer",                                                                                                          
                               "Parallel Aware": false,                                                                                                                 
                               "Relation Name": "char_name",                                                                                                            
                               "Alias": "chn",                                                                                                                          
                               "Startup Cost": 0.00,                                                                                                                    
                               "Total Cost": 1360.36,                                                                                                                   
                               "Plan Rows": 3140339,                                                                                                                    
                               "Plan Width": 4,                                                                                                                         
                               "Actual Startup Time": 3.787,                                                                                                            
                               "Actual Total Time": 460.460,                                                                                                            
                               "Actual Rows": 3140339,                                                                                                                  
                               "Actual Loops": 1,                                                                                                                       
                               "Shared Hit Blocks": 2,                                                                                                                  
                               "Shared Read Blocks": 36445,                                                                                                             
                               "Shared Dirtied Blocks": 0,                                                                                                              
                               "Shared Written Blocks": 0,                                                                                                              
                               "Local Hit Blocks": 0,                                                                                                                   
                               "Local Read Blocks": 0,                                                                                                                  
                               "Local Dirtied Blocks": 0,                                                                                                               
                               "Local Written Blocks": 0,                                                                                                               
                               "Temp Read Blocks": 0,                                                                                                                   
                               "Temp Written Blocks": 0                                                                                                                 
                             },                                                                                                                                         
                             {                                                                                                                                          
                               "Node Type": "Materialize",                                                                                                              
                               "Parent Relationship": "Inner",                                                                                                          
                               "Parallel Aware": false,                                                                                                                 
                               "Startup Cost": 0.00,                                                                                                                    
                               "Total Cost": 25909.92,                                                                                                                  
                               "Plan Rows": 1,                                                                                                                          
                               "Plan Width": 33,                                                                                                                        
                               "Actual Startup Time": 0.008,                                                                                                            
                               "Actual Total Time": 0.011,                                                                                                              
                               "Actual Rows": 36,                                                                                                                       
                               "Actual Loops": 3140339,                                                                                                                 
                               "Shared Hit Blocks": 6685,                                                                                                               
                               "Shared Read Blocks": 481136,                                                                                                            
                               "Shared Dirtied Blocks": 0,                                                                                                              
                               "Shared Written Blocks": 0,                                                                                                              
                               "Local Hit Blocks": 0,                                                                                                                   
                               "Local Read Blocks": 0,                                                                                                                  
                               "Local Dirtied Blocks": 0,                                                                                                               
                               "Local Written Blocks": 0,                                                                                                               
                               "Temp Read Blocks": 0,                                                                                                                   
                               "Temp Written Blocks": 0,                                                                                                                
                               "Plans": [                                                                                                                               
                                 {                                                                                                                                      
                                   "Node Type": "Nested Loop",                                                                                                          
                                   "Parent Relationship": "Outer",                                                                                                      
                                   "Parallel Aware": false,                                                                                                             
                                   "Join Type": "Inner",                                                                                                                
                                   "Startup Cost": 0.00,                                                                                                                
                                   "Total Cost": 25909.92,                                                                                                              
                                   "Plan Rows": 1,                                                                                                                      
                                   "Plan Width": 33,                                                                                                                    
                                   "Actual Startup Time": 25292.080,                                                                                                    
                                   "Actual Total Time": 27988.673,                                                                                                      
                                   "Actual Rows": 36,                                                                                                                   
                                   "Actual Loops": 1,                                                                                                                   
                                   "Inner Unique": false,                                                                                                               
                                   "Join Filter": "(ci.person_id = an.person_id)",                                                                                      
                                   "Rows Removed by Join Filter": 21632196,                                                                                             
                                   "Shared Hit Blocks": 6685,                                                                                                           
                                   "Shared Read Blocks": 481136,                                                                                                        
                                   "Shared Dirtied Blocks": 0,                                                                                                          
                                   "Shared Written Blocks": 0,                                                                                                          
                                   "Local Hit Blocks": 0,                                                                                                               
                                   "Local Read Blocks": 0,                                                                                                              
                                   "Local Dirtied Blocks": 0,                                                                                                           
                                   "Local Written Blocks": 0,                                                                                                           
                                   "Temp Read Blocks": 0,                                                                                                               
                                   "Temp Written Blocks": 0,                                                                                                            
                                   "Plans": [                                                                                                                           
                                     {                                                                                                                                  
                                       "Node Type": "Seq Scan",                                                                                                         
                                       "Parent Relationship": "Outer",                                                                                                  
                                       "Parallel Aware": false,                                                                                                         
                                       "Relation Name": "aka_name",                                                                                                     
                                       "Alias": "an",                                                                                                                   
                                       "Startup Cost": 0.00,                                                                                                            
                                       "Total Cost": 419.75,                                                                                                            
                                       "Plan Rows": 901343,                                                                                                             
                                       "Plan Width": 4,                                                                                                                 
                                       "Actual Startup Time": 0.012,                                                                                                    
                                       "Actual Total Time": 151.452,                                                                                                    
                                       "Actual Rows": 901343,                                                                                                           
                                       "Actual Loops": 1,                                                                                                               
                                       "Shared Hit Blocks": 2,                                                                                                          
                                       "Shared Read Blocks": 11393,                                                                                                     
                                       "Shared Dirtied Blocks": 0,                                                                                                      
                                       "Shared Written Blocks": 0,                                                                                                      
                                       "Local Hit Blocks": 0,                                                                                                           
                                       "Local Read Blocks": 0,                                                                                                          
                                       "Local Dirtied Blocks": 0,                                                                                                       
                                       "Local Written Blocks": 0,                                                                                                       
                                       "Temp Read Blocks": 0,                                                                                                           
                                       "Temp Written Blocks": 0                                                                                                         
                                     },                                                                                                                                 
                                     {                                                                                                                                  
                                       "Node Type": "Materialize",                                                                                                      
                                       "Parent Relationship": "Inner",                                                                                                  
                                       "Parallel Aware": false,                                                                                                         
                                       "Startup Cost": 0.00,                                                                                                            
                                       "Total Cost": 25287.90,                                                                                                          
                                       "Plan Rows": 1,                                                                                                                  
                                       "Plan Width": 29,                                                                                                                
                                       "Actual Startup Time": 0.018,                                                                                                    
                                       "Actual Total Time": 0.028,                                                                                                      
                                       "Actual Rows": 24,                                                                                                               
                                       "Actual Loops": 901343,                                                                                                          
                                       "Shared Hit Blocks": 6683,                                                                                                       
                                       "Shared Read Blocks": 469743,                                                                                                    
                                       "Shared Dirtied Blocks": 0,                                                                                                      
                                       "Shared Written Blocks": 0,                                                                                                      
                                       "Local Hit Blocks": 0,                                                                                                           
                                       "Local Read Blocks": 0,                                                                                                          
                                       "Local Dirtied Blocks": 0,                                                                                                       
                                       "Local Written Blocks": 0,                                                                                                       
                                       "Temp Read Blocks": 0,                                                                                                           
                                       "Temp Written Blocks": 0,                                                                                                        
                                       "Plans": [                                                                                                                       
                                         {                                                                                                                              
                                           "Node Type": "Nested Loop",                                                                                                  
                                           "Parent Relationship": "Outer",                                                                                              
                                           "Parallel Aware": false,                                                                                                     
                                           "Join Type": "Inner",                                                                                                        
                                           "Startup Cost": 0.00,                                                                                                        
                                           "Total Cost": 25287.90,                                                                                                      
                                           "Plan Rows": 1,                                                                                                              
                                           "Plan Width": 29,                                                                                                            
                                           "Actual Startup Time": 16491.538,                                                                                            
                                           "Actual Total Time": 24661.956,                                                                                              
                                           "Actual Rows": 24,                                                                                                           
                                           "Actual Loops": 1,                                                                                                           
                                           "Inner Unique": false,                                                                                                       
                                           "Join Filter": "(t.id = mc.movie_id)",                                                                                       
                                           "Rows Removed by Join Filter": 3374799,                                                                                      
                                           "Shared Hit Blocks": 6683,                                                                                                   
                                           "Shared Read Blocks": 469743,                                                                                                
                                           "Shared Dirtied Blocks": 0,                                                                                                  
                                           "Shared Written Blocks": 0,                                                                                                  
                                           "Local Hit Blocks": 0,                                                                                                       
                                           "Local Read Blocks": 0,                                                                                                      
                                           "Local Dirtied Blocks": 0,                                                                                                   
                                           "Local Written Blocks": 0,                                                                                                   
                                           "Temp Read Blocks": 0,                                                                                                       
                                           "Temp Written Blocks": 0,                                                                                                    
                                           "Plans": [                                                                                                                   
                                             {                                                                                                                          
                                               "Node Type": "Nested Loop",                                                                                              
                                               "Parent Relationship": "Outer",                                                                                          
                                               "Parallel Aware": false,                                                                                                 
                                               "Join Type": "Inner",                                                                                                    
                                               "Startup Cost": 0.00,                                                                                                    
                                               "Total Cost": 23794.73,                                                                                                  
                                               "Plan Rows": 1,                                                                                                          
                                               "Plan Width": 37,                                                                                                        
                                               "Actual Startup Time": 16157.315,                                                                                        
                                               "Actual Total Time": 23323.452,                                                                                          
                                               "Actual Rows": 17,                                                                                                       
                                               "Actual Loops": 1,                                                                                                       
                                               "Inner Unique": false,                                                                                                   
                                               "Join Filter": "(ci.movie_id = t.id)",                                                                                   
                                               "Rows Removed by Join Filter": 1336099,                                                                                  
                                               "Shared Hit Blocks": 6680,                                                                                               
                                               "Shared Read Blocks": 450957,                                                                                            
                                               "Shared Dirtied Blocks": 0,                                                                                              
                                               "Shared Written Blocks": 0,                                                                                              
                                               "Local Hit Blocks": 0,                                                                                                   
                                               "Local Read Blocks": 0,                                                                                                  
                                               "Local Dirtied Blocks": 0,                                                                                               
                                               "Local Written Blocks": 0,                                                                                               
                                               "Temp Read Blocks": 0,                                                                                                   
                                               "Temp Written Blocks": 0,                                                                                                
                                               "Plans": [                                                                                                               
                                                 {                                                                                                                      
                                                   "Node Type": "Nested Loop",                                                                                          
                                                   "Parent Relationship": "Outer",                                                                                      
                                                   "Parallel Aware": false,                                                                                             
                                                   "Join Type": "Inner",                                                                                                
                                                   "Startup Cost": 0.00,                                                                                                
                                                   "Total Cost": 10318.63,                                                                                              
                                                   "Plan Rows": 1,                                                                                                      
                                                   "Plan Width": 25,                                                                                                    
                                                   "Actual Startup Time": 3323.415,                                                                                     
                                                   "Actual Total Time": 11163.187,                                                                                      
                                                   "Actual Rows": 6,                                                                                                    
                                                   "Actual Loops": 1,                                                                                                   
                                                   "Inner Unique": true,                                                                                                
                                                   "Join Filter": "(mi.movie_id = t.id)",                                                                               
                                                   "Rows Removed by Join Filter": 486324,                                                                               
                                                   "Shared Hit Blocks": 6674,                                                                                           
                                                   "Shared Read Blocks": 198308,                                                                                        
                                                   "Shared Dirtied Blocks": 0,                                                                                          
                                                   "Shared Written Blocks": 0,                                                                                          
                                                   "Local Hit Blocks": 0,                                                                                               
                                                   "Local Read Blocks": 0,                                                                                              
                                                   "Local Dirtied Blocks": 0,                                                                                           
                                                   "Local Written Blocks": 0,                                                                                           
                                                   "Temp Read Blocks": 0,                                                                                               
                                                   "Temp Written Blocks": 0,                                                                                            
                                                   "Plans": [                                                                                                           
                                                     {                                                                                                                  
                                                       "Node Type": "Nested Loop",                                                                                      
                                                       "Parent Relationship": "Outer",                                                                                  
                                                       "Parallel Aware": false,                                                                                         
                                                       "Join Type": "Inner",                                                                                            
                                                       "Startup Cost": 0.00,                                                                                            
                                                       "Total Cost": 8423.28,                                                                                           
                                                       "Plan Rows": 619,                                                                                                
                                                       "Plan Width": 4,                                                                                                 
                                                       "Actual Startup Time": 1518.478,                                                                                 
                                                       "Actual Total Time": 9333.044,                                                                                   
                                                       "Actual Rows": 69478,                                                                                            
                                                       "Actual Loops": 1,                                                                                               
                                                       "Inner Unique": true,                                                                                            
                                                       "Join Filter": "(it.id = mi.info_type_id)",                                                                      
                                                       "Rows Removed by Join Filter": 0,                                                                                
                                                       "Shared Hit Blocks": 6673,                                                                                       
                                                       "Shared Read Blocks": 162311,                                                                                    
                                                       "Shared Dirtied Blocks": 0,                                                                                      
                                                       "Shared Written Blocks": 0,                                                                                      
                                                       "Local Hit Blocks": 0,                                                                                           
                                                       "Local Read Blocks": 0,                                                                                          
                                                       "Local Dirtied Blocks": 0,                                                                                       
                                                       "Local Written Blocks": 0,                                                                                       
                                                       "Temp Read Blocks": 0,                                                                                           
                                                       "Temp Written Blocks": 0,                                                                                        
                                                       "Plans": [                                                                                                       
                                                         {                                                                                                              
                                                           "Node Type": "Seq Scan",                                                                                     
                                                           "Parent Relationship": "Outer",                                                                              
                                                           "Parallel Aware": false,                                                                                     
                                                           "Relation Name": "movie_info",                                                                               
                                                           "Alias": "mi",                                                                                               
                                                           "Startup Cost": 0.00,                                                                                        
                                                           "Total Cost": 8407.52,                                                                                       
                                                           "Plan Rows": 69999,                                                                                          
                                                           "Plan Width": 8,                                                                                             
                                                           "Actual Startup Time": 1518.445,                                                                             
                                                           "Actual Total Time": 9305.272,                                                                               
                                                           "Actual Rows": 69478,                                                                                        
                                                           "Actual Loops": 1,                                                                                           
                                                           "Filter": "((info IS NOT NULL) AND ((info ~~ 'Japan:%2007%'::text) OR (info ~~ 'USA:%2008%'::text)))",       
                                                           "Rows Removed by Filter": 14766242,                                                                          
                                                           "Shared Hit Blocks": 6672,                                                                                   
                                                           "Shared Read Blocks": 162311,                                                                                
                                                           "Shared Dirtied Blocks": 0,                                                                                  
                                                           "Shared Written Blocks": 0,                                                                                  
                                                           "Local Hit Blocks": 0,                                                                                       
                                                           "Local Read Blocks": 0,                                                                                      
                                                           "Local Dirtied Blocks": 0,                                                                                   
                                                           "Local Written Blocks": 0,                                                                                   
                                                           "Temp Read Blocks": 0,                                                                                       
                                                           "Temp Written Blocks": 0                                                                                     
                                                         },                                                                                                             
                                                         {                                                                                                              
                                                           "Node Type": "Materialize",                                                                                  
                                                           "Parent Relationship": "Inner",                                                                              
                                                           "Parallel Aware": false,                                                                                     
                                                           "Startup Cost": 0.00,                                                                                        
                                                           "Total Cost": 0.05,                                                                                          
                                                           "Plan Rows": 1,                                                                                              
                                                           "Plan Width": 4,                                                                                             
                                                           "Actual Startup Time": 0.000,                                                                                
                                                           "Actual Total Time": 0.000,                                                                                  
                                                           "Actual Rows": 1,                                                                                            
                                                           "Actual Loops": 69478,                                                                                       
                                                           "Shared Hit Blocks": 1,                                                                                      
                                                           "Shared Read Blocks": 0,                                                                                     
                                                           "Shared Dirtied Blocks": 0,                                                                                  
                                                           "Shared Written Blocks": 0,                                                                                  
                                                           "Local Hit Blocks": 0,                                                                                       
                                                           "Local Read Blocks": 0,                                                                                      
                                                           "Local Dirtied Blocks": 0,                                                                                   
                                                           "Local Written Blocks": 0,                                                                                   
                                                           "Temp Read Blocks": 0,                                                                                       
                                                           "Temp Written Blocks": 0,                                                                                    
                                                           "Plans": [                                                                                                   
                                                             {                                                                                                          
                                                               "Node Type": "Seq Scan",                                                                                 
                                                               "Parent Relationship": "Outer",                                                                          
                                                               "Parallel Aware": false,                                                                                 
                                                               "Relation Name": "info_type",                                                                            
                                                               "Alias": "it",                                                                                           
                                                               "Startup Cost": 0.00,                                                                                    
                                                               "Total Cost": 0.05,                                                                                      
                                                               "Plan Rows": 1,                                                                                          
                                                               "Plan Width": 4,                                                                                         
                                                               "Actual Startup Time": 0.018,                                                                            
                                                               "Actual Total Time": 0.018,                                                                              
                                                               "Actual Rows": 1,                                                                                        
                                                               "Actual Loops": 1,                                                                                       
                                                               "Filter": "((info)::text = 'release dates'::text)",                                                      
                                                               "Rows Removed by Filter": 15,                                                                            
                                                               "Shared Hit Blocks": 1,                                                                                  
                                                               "Shared Read Blocks": 0,                                                                                 
                                                               "Shared Dirtied Blocks": 0,                                                                              
                                                               "Shared Written Blocks": 0,                                                                              
                                                               "Local Hit Blocks": 0,                                                                                   
                                                               "Local Read Blocks": 0,                                                                                  
                                                               "Local Dirtied Blocks": 0,                                                                               
                                                               "Local Written Blocks": 0,                                                                               
                                                               "Temp Read Blocks": 0,                                                                                   
                                                               "Temp Written Blocks": 0                                                                                 
                                                             }                                                                                                          
                                                           ]                                                                                                            
                                                         }                                                                                                              
                                                       ]                                                                                                                
                                                     },                                                                                                                 
                                                     {                                                                                                                  
                                                       "Node Type": "Materialize",                                                                                      
                                                       "Parent Relationship": "Inner",                                                                                  
                                                       "Parallel Aware": false,                                                                                         
                                                       "Startup Cost": 0.00,                                                                                            
                                                       "Total Cost": 1892.86,                                                                                           
                                                       "Plan Rows": 18,                                                                                                 
                                                       "Plan Width": 21,                                                                                                
                                                       "Actual Startup Time": 0.002,                                                                                    
                                                       "Actual Total Time": 0.025,                                                                                      
                                                       "Actual Rows": 7,                                                                                                
                                                       "Actual Loops": 69478,                                                                                           
                                                       "Shared Hit Blocks": 1,                                                                                          
                                                       "Shared Read Blocks": 35997,                                                                                     
                                                       "Shared Dirtied Blocks": 0,                                                                                      
                                                       "Shared Written Blocks": 0,                                                                                      
                                                       "Local Hit Blocks": 0,                                                                                           
                                                       "Local Read Blocks": 0,                                                                                          
                                                       "Local Dirtied Blocks": 0,                                                                                       
                                                       "Local Written Blocks": 0,                                                                                       
                                                       "Temp Read Blocks": 0,                                                                                           
                                                       "Temp Written Blocks": 0,                                                                                        
                                                       "Plans": [                                                                                                       
                                                         {                                                                                                              
                                                           "Node Type": "Seq Scan",                                                                                     
                                                           "Parent Relationship": "Outer",                                                                              
                                                           "Parallel Aware": false,                                                                                     
                                                           "Relation Name": "title",                                                                                    
                                                           "Alias": "t",                                                                                                
                                                           "Startup Cost": 0.00,                                                                                        
                                                           "Total Cost": 1892.85,                                                                                       
                                                           "Plan Rows": 18,                                                                                             
                                                           "Plan Width": 21,                                                                                            
                                                           "Actual Startup Time": 151.392,                                                                              
                                                           "Actual Total Time": 1718.673,                                                                               
                                                           "Actual Rows": 7,                                                                                            
                                                           "Actual Loops": 1,                                                                                           
                                                           "Filter": "((production_year >= 2007) AND (production_year <= 2008) AND (title ~~ '%Kung%Fu%Panda%'::text))",
                                                           "Rows Removed by Filter": 2528305,                                                                           
                                                           "Shared Hit Blocks": 1,                                                                                      
                                                           "Shared Read Blocks": 35997,                                                                                 
                                                           "Shared Dirtied Blocks": 0,                                                                                  
                                                           "Shared Written Blocks": 0,                                                                                  
                                                           "Local Hit Blocks": 0,                                                                                       
                                                           "Local Read Blocks": 0,                                                                                      
                                                           "Local Dirtied Blocks": 0,                                                                                   
                                                           "Local Written Blocks": 0,                                                                                   
                                                           "Temp Read Blocks": 0,                                                                                       
                                                           "Temp Written Blocks": 0                                                                                     
                                                         }                                                                                                              
                                                       ]                                                                                                                
                                                     }                                                                                                                  
                                                   ]                                                                                                                    
                                                 },                                                                                                                     
                                                 {                                                                                                                      
                                                   "Node Type": "Materialize",                                                                                          
                                                   "Parent Relationship": "Inner",                                                                                      
                                                   "Parallel Aware": false,                                                                                             
                                                   "Startup Cost": 0.00,                                                                                                
                                                   "Total Cost": 13414.10,                                                                                              
                                                   "Plan Rows": 59356,                                                                                                  
                                                   "Plan Width": 12,                                                                                                    
                                                   "Actual Startup Time": 669.117,                                                                                      
                                                   "Actual Total Time": 2004.058,                                                                                       
                                                   "Actual Rows": 222686,                                                                                               
                                                   "Actual Loops": 6,                                                                                                   
                                                   "Shared Hit Blocks": 6,                                                                                              
                                                   "Shared Read Blocks": 252649,                                                                                        
                                                   "Shared Dirtied Blocks": 0,                                                                                          
                                                   "Shared Written Blocks": 0,                                                                                          
                                                   "Local Hit Blocks": 0,                                                                                               
                                                   "Local Read Blocks": 0,                                                                                              
                                                   "Local Dirtied Blocks": 0,                                                                                           
                                                   "Local Written Blocks": 0,                                                                                           
                                                   "Temp Read Blocks": 0,                                                                                               
                                                   "Temp Written Blocks": 0,                                                                                            
                                                   "Plans": [                                                                                                           
                                                     {                                                                                                                  
                                                       "Node Type": "Nested Loop",                                                                                      
                                                       "Parent Relationship": "Outer",                                                                                  
                                                       "Parallel Aware": false,                                                                                         
                                                       "Join Type": "Inner",                                                                                            
                                                       "Startup Cost": 0.00,                                                                                            
                                                       "Total Cost": 13404.88,                                                                                          
                                                       "Plan Rows": 59356,                                                                                              
                                                       "Plan Width": 12,                                                                                                
                                                       "Actual Startup Time": 4014.691,                                                                                 
                                                       "Actual Total Time": 11897.986,                                                                                  
                                                       "Actual Rows": 222686,                                                                                           
                                                       "Actual Loops": 1,                                                                                               
                                                       "Inner Unique": true,                                                                                            
                                                       "Join Filter": "(ci.role_id = rt.id)",                                                                           
                                                       "Rows Removed by Join Filter": 491142,                                                                           
                                                       "Shared Hit Blocks": 6,                                                                                          
                                                       "Shared Read Blocks": 252649,                                                                                    
                                                       "Shared Dirtied Blocks": 0,                                                                                      
                                                       "Shared Written Blocks": 0,                                                                                      
                                                       "Local Hit Blocks": 0,                                                                                           
                                                       "Local Read Blocks": 0,                                                                                          
                                                       "Local Dirtied Blocks": 0,                                                                                       
                                                       "Local Written Blocks": 0,                                                                                       
                                                       "Temp Read Blocks": 0,                                                                                           
                                                       "Temp Written Blocks": 0,                                                                                        
                                                       "Plans": [                                                                                                       
                                                         {                                                                                                              
                                                           "Node Type": "Seq Scan",                                                                                     
                                                           "Parent Relationship": "Outer",                                                                              
                                                           "Parallel Aware": false,                                                                                     
                                                           "Relation Name": "cast_info",                                                                                
                                                           "Alias": "ci",                                                                                               
                                                           "Startup Cost": 0.00,                                                                                        
                                                           "Total Cost": 13245.00,                                                                                      
                                                           "Plan Rows": 712274,                                                                                         
                                                           "Plan Width": 16,                                                                                            
                                                           "Actual Startup Time": 0.011,                                                                                
                                                           "Actual Total Time": 11496.015,                                                                              
                                                           "Actual Rows": 713828,                                                                                       
                                                           "Actual Loops": 1,                                                                                           
                                                           "Filter": "(note = '(voice)'::text)",                                                                        
                                                           "Rows Removed by Filter": 35530516,                                                                          
                                                           "Shared Hit Blocks": 5,                                                                                      
                                                           "Shared Read Blocks": 252649,                                                                                
                                                           "Shared Dirtied Blocks": 0,                                                                                  
                                                           "Shared Written Blocks": 0,                                                                                  
                                                           "Local Hit Blocks": 0,                                                                                       
                                                           "Local Read Blocks": 0,                                                                                      
                                                           "Local Dirtied Blocks": 0,                                                                                   
                                                           "Local Written Blocks": 0,                                                                                   
                                                           "Temp Read Blocks": 0,                                                                                       
                                                           "Temp Written Blocks": 0                                                                                     
                                                         },                                                                                                             
                                                         {                                                                                                              
                                                           "Node Type": "Materialize",                                                                                  
                                                           "Parent Relationship": "Inner",                                                                              
                                                           "Parallel Aware": false,                                                                                     
                                                           "Startup Cost": 0.00,                                                                                        
                                                           "Total Cost": 0.03,                                                                                          
                                                           "Plan Rows": 1,                                                                                              
                                                           "Plan Width": 4,                                                                                             
                                                           "Actual Startup Time": 0.000,                                                                                
                                                           "Actual Total Time": 0.000,                                                                                  
                                                           "Actual Rows": 1,                                                                                            
                                                           "Actual Loops": 713828,                                                                                      
                                                           "Shared Hit Blocks": 1,                                                                                      
                                                           "Shared Read Blocks": 0,                                                                                     
                                                           "Shared Dirtied Blocks": 0,                                                                                  
                                                           "Shared Written Blocks": 0,                                                                                  
                                                           "Local Hit Blocks": 0,                                                                                       
                                                           "Local Read Blocks": 0,                                                                                      
                                                           "Local Dirtied Blocks": 0,                                                                                   
                                                           "Local Written Blocks": 0,                                                                                   
                                                           "Temp Read Blocks": 0,                                                                                       
                                                           "Temp Written Blocks": 0,                                                                                    
                                                           "Plans": [                                                                                                   
                                                             {                                                                                                          
                                                               "Node Type": "Seq Scan",                                                                                 
                                                               "Parent Relationship": "Outer",                                                                          
                                                               "Parallel Aware": false,                                                                                 
                                                               "Relation Name": "role_type",                                                                            
                                                               "Alias": "rt",                                                                                           
                                                               "Startup Cost": 0.00,                                                                                    
                                                               "Total Cost": 0.03,                                                                                      
                                                               "Plan Rows": 1,                                                                                          
                                                               "Plan Width": 4,                                                                                         
                                                               "Actual Startup Time": 0.004,                                                                            
                                                               "Actual Total Time": 0.006,                                                                              
                                                               "Actual Rows": 1,                                                                                        
                                                               "Actual Loops": 1,                                                                                       
                                                               "Filter": "((role)::text = 'actress'::text)",                                                            
                                                               "Rows Removed by Filter": 11,                                                                            
                                                               "Shared Hit Blocks": 1,                                                                                  
                                                               "Shared Read Blocks": 0,                                                                                 
                                                               "Shared Dirtied Blocks": 0,                                                                              
                                                               "Shared Written Blocks": 0,                                                                              
                                                               "Local Hit Blocks": 0,                                                                                   
                                                               "Local Read Blocks": 0,                                                                                  
                                                               "Local Dirtied Blocks": 0,                                                                               
                                                               "Local Written Blocks": 0,                                                                               
                                                               "Temp Read Blocks": 0,                                                                                   
                                                               "Temp Written Blocks": 0                                                                                 
                                                             }                                                                                                          
                                                           ]                                                                                                            
                                                         }                                                                                                              
                                                       ]                                                                                                                
                                                     }                                                                                                                  
                                                   ]                                                                                                                    
                                                 }                                                                                                                      
                                               ]                                                                                                                        
                                             },                                                                                                                         
                                             {                                                                                                                          
                                               "Node Type": "Materialize",                                                                                              
                                               "Parent Relationship": "Inner",                                                                                          
                                               "Parallel Aware": false,                                                                                                 
                                               "Startup Cost": 0.00,                                                                                                    
                                               "Total Cost": 1392.45,                                                                                                   
                                               "Plan Rows": 96436,                                                                                                      
                                               "Plan Width": 8,                                                                                                         
                                               "Actual Startup Time": 0.001,                                                                                            
                                               "Actual Total Time": 59.918,                                                                                             
                                               "Actual Rows": 198519,                                                                                                   
                                               "Actual Loops": 17,                                                                                                      
                                               "Shared Hit Blocks": 3,                                                                                                  
                                               "Shared Read Blocks": 18786,                                                                                             
                                               "Shared Dirtied Blocks": 0,                                                                                              
                                               "Shared Written Blocks": 0,                                                                                              
                                               "Local Hit Blocks": 0,                                                                                                   
                                               "Local Read Blocks": 0,                                                                                                  
                                               "Local Dirtied Blocks": 0,                                                                                               
                                               "Local Written Blocks": 0,                                                                                               
                                               "Temp Read Blocks": 0,                                                                                                   
                                               "Temp Written Blocks": 0,                                                                                                
                                               "Plans": [                                                                                                               
                                                 {                                                                                                                      
                                                   "Node Type": "Seq Scan",                                                                                             
                                                   "Parent Relationship": "Outer",                                                                                      
                                                   "Parallel Aware": false,                                                                                             
                                                   "Relation Name": "movie_companies",                                                                                  
                                                   "Alias": "mc",                                                                                                       
                                                   "Startup Cost": 0.00,                                                                                                
                                                   "Total Cost": 1377.47,                                                                                               
                                                   "Plan Rows": 96436,                                                                                                  
                                                   "Plan Width": 8,                                                                                                     
                                                   "Actual Startup Time": 0.013,                                                                                        
                                                   "Actual Total Time": 825.739,                                                                                        
                                                   "Actual Rows": 198519,                                                                                               
                                                   "Actual Loops": 1,                                                                                                   
                                                   "Filter": "((note ~~ '%(200%)%'::text) AND ((note ~~ '%(USA)%'::text) OR (note ~~ '%(worldwide)%'::text)))",         
                                                   "Rows Removed by Filter": 2410610,                                                                                   
                                                   "Shared Hit Blocks": 3,                                                                                              
                                                   "Shared Read Blocks": 18786,                                                                                         
                                                   "Shared Dirtied Blocks": 0,                                                                                          
                                                   "Shared Written Blocks": 0,                                                                                          
                                                   "Local Hit Blocks": 0,                                                                                               
                                                   "Local Read Blocks": 0,                                                                                              
                                                   "Local Dirtied Blocks": 0,                                                                                           
                                                   "Local Written Blocks": 0,                                                                                           
                                                   "Temp Read Blocks": 0,                                                                                               
                                                   "Temp Written Blocks": 0                                                                                             
                                                 }                                                                                                                      
                                               ]                                                                                                                        
                                             }                                                                                                                          
                                           ]                                                                                                                            
                                         }                                                                                                                              
                                       ]                                                                                                                                
                                     }                                                                                                                                  
                                   ]                                                                                                                                    
                                 }                                                                                                                                      
                               ]                                                                                                                                        
                             }                                                                                                                                          
                           ]                                                                                                                                            
                         }                                                                                                                                              
                       ]                                                                                                                                                
                     }                                                                                                                                                  
                   ]                                                                                                                                                    
                 }                                                                                                                                                      
               ]                                                                                                                                                        
             }                                                                                                                                                          
           ]                                                                                                                                                            
         }                                                                                                                                                              
       ]                                                                                                                                                                
     },                                                                                                                                                                 
     "Planning Time": 7250.406,                                                                                                                                         
     "Triggers": [                                                                                                                                                      
     ],                                                                                                                                                                 
     "Execution Time": 49229.316                                                                                                                                        
   }                                                                                                                                                                    
 ]
