 [                                                                                                                                                                          
   {                                                                                                                                                                        
     "Plan": {                                                                                                                                                              
       "Node Type": "Aggregate",                                                                                                                                            
       "Strategy": "Plain",                                                                                                                                                 
       "Partial Mode": "Simple",                                                                                                                                            
       "Parallel Aware": false,                                                                                                                                             
       "Startup Cost": 12132.77,                                                                                                                                            
       "Total Cost": 12132.77,                                                                                                                                              
       "Plan Rows": 1,                                                                                                                                                      
       "Plan Width": 68,                                                                                                                                                    
       "Actual Startup Time": 5120.161,                                                                                                                                     
       "Actual Total Time": 5120.162,                                                                                                                                       
       "Actual Rows": 1,                                                                                                                                                    
       "Actual Loops": 1,                                                                                                                                                   
       "Shared Hit Blocks": 11,                                                                                                                                             
       "Shared Read Blocks": 63235,                                                                                                                                         
       "Shared Dirtied Blocks": 0,                                                                                                                                          
       "Shared Written Blocks": 0,                                                                                                                                          
       "Local Hit Blocks": 0,                                                                                                                                               
       "Local Read Blocks": 0,                                                                                                                                              
       "Local Dirtied Blocks": 0,                                                                                                                                           
       "Local Written Blocks": 0,                                                                                                                                           
       "Temp Read Blocks": 0,                                                                                                                                               
       "Temp Written Blocks": 0,                                                                                                                                            
       "Plans": [                                                                                                                                                           
         {                                                                                                                                                                  
           "Node Type": "Merge Join",                                                                                                                                       
           "Parent Relationship": "Outer",                                                                                                                                  
           "Parallel Aware": false,                                                                                                                                         
           "Join Type": "Inner",                                                                                                                                            
           "Startup Cost": 11738.08,                                                                                                                                        
           "Total Cost": 12132.76,                                                                                                                                          
           "Plan Rows": 42,                                                                                                                                                 
           "Plan Width": 45,                                                                                                                                                
           "Actual Startup Time": 4884.984,                                                                                                                                 
           "Actual Total Time": 5120.018,                                                                                                                                   
           "Actual Rows": 142,                                                                                                                                              
           "Actual Loops": 1,                                                                                                                                               
           "Inner Unique": true,                                                                                                                                            
           "Merge Cond": "(mc.movie_id = t.id)",                                                                                                                            
           "Shared Hit Blocks": 11,                                                                                                                                         
           "Shared Read Blocks": 63235,                                                                                                                                     
           "Shared Dirtied Blocks": 0,                                                                                                                                      
           "Shared Written Blocks": 0,                                                                                                                                      
           "Local Hit Blocks": 0,                                                                                                                                           
           "Local Read Blocks": 0,                                                                                                                                          
           "Local Dirtied Blocks": 0,                                                                                                                                       
           "Local Written Blocks": 0,                                                                                                                                       
           "Temp Read Blocks": 0,                                                                                                                                           
           "Temp Written Blocks": 0,                                                                                                                                        
           "Plans": [                                                                                                                                                       
             {                                                                                                                                                              
               "Node Type": "Merge Join",                                                                                                                                   
               "Parent Relationship": "Outer",                                                                                                                              
               "Parallel Aware": false,                                                                                                                                     
               "Join Type": "Inner",                                                                                                                                        
               "Startup Cost": 2083.73,                                                                                                                                     
               "Total Cost": 2086.20,                                                                                                                                       
               "Plan Rows": 42,                                                                                                                                             
               "Plan Width": 32,                                                                                                                                            
               "Actual Startup Time": 1973.332,                                                                                                                             
               "Actual Total Time": 1977.506,                                                                                                                               
               "Actual Rows": 142,                                                                                                                                          
               "Actual Loops": 1,                                                                                                                                           
               "Inner Unique": false,                                                                                                                                       
               "Merge Cond": "(mc.movie_id = mi_idx.movie_id)",                                                                                                             
               "Shared Hit Blocks": 10,                                                                                                                                     
               "Shared Read Blocks": 27238,                                                                                                                                 
               "Shared Dirtied Blocks": 0,                                                                                                                                  
               "Shared Written Blocks": 0,                                                                                                                                  
               "Local Hit Blocks": 0,                                                                                                                                       
               "Local Read Blocks": 0,                                                                                                                                      
               "Local Dirtied Blocks": 0,                                                                                                                                   
               "Local Written Blocks": 0,                                                                                                                                   
               "Temp Read Blocks": 0,                                                                                                                                       
               "Temp Written Blocks": 0,                                                                                                                                    
               "Plans": [                                                                                                                                                   
                 {                                                                                                                                                          
                   "Node Type": "Sort",                                                                                                                                     
                   "Parent Relationship": "Outer",                                                                                                                          
                   "Parallel Aware": false,                                                                                                                                 
                   "Startup Cost": 1387.66,                                                                                                                                 
                   "Total Cost": 1387.95,                                                                                                                                   
                   "Plan Rows": 3709,                                                                                                                                       
                   "Plan Width": 28,                                                                                                                                        
                   "Actual Startup Time": 1119.388,                                                                                                                         
                   "Actual Total Time": 1120.976,                                                                                                                           
                   "Actual Rows": 28348,                                                                                                                                    
                   "Actual Loops": 1,                                                                                                                                       
                   "Sort Key": ["mc.movie_id"],                                                                                                                             
                   "Sort Method": "quicksort",                                                                                                                              
                   "Sort Space Used": 2821,                                                                                                                                 
                   "Sort Space Type": "Memory",                                                                                                                             
                   "Shared Hit Blocks": 7,                                                                                                                                  
                   "Shared Read Blocks": 18787,                                                                                                                             
                   "Shared Dirtied Blocks": 0,                                                                                                                              
                   "Shared Written Blocks": 0,                                                                                                                              
                   "Local Hit Blocks": 0,                                                                                                                                   
                   "Local Read Blocks": 0,                                                                                                                                  
                   "Local Dirtied Blocks": 0,                                                                                                                               
                   "Local Written Blocks": 0,                                                                                                                               
                   "Temp Read Blocks": 0,                                                                                                                                   
                   "Temp Written Blocks": 0,                                                                                                                                
                   "Plans": [                                                                                                                                               
                     {                                                                                                                                                      
                       "Node Type": "Nested Loop",                                                                                                                          
                       "Parent Relationship": "Outer",                                                                                                                      
                       "Parallel Aware": false,                                                                                                                             
                       "Join Type": "Inner",                                                                                                                                
                       "Startup Cost": 0.00,                                                                                                                                
                       "Total Cost": 1380.83,                                                                                                                               
                       "Plan Rows": 3709,                                                                                                                                   
                       "Plan Width": 28,                                                                                                                                    
                       "Actual Startup Time": 788.111,                                                                                                                      
                       "Actual Total Time": 1106.929,                                                                                                                       
                       "Actual Rows": 28657,                                                                                                                                
                       "Actual Loops": 1,                                                                                                                                   
                       "Inner Unique": true,                                                                                                                                
                       "Join Filter": "(ct.id = mc.company_type_id)",                                                                                                       
                       "Rows Removed by Join Filter": 232,                                                                                                                  
                       "Shared Hit Blocks": 3,                                                                                                                              
                       "Shared Read Blocks": 18787,                                                                                                                         
                       "Shared Dirtied Blocks": 0,                                                                                                                          
                       "Shared Written Blocks": 0,                                                                                                                          
                       "Local Hit Blocks": 0,                                                                                                                               
                       "Local Read Blocks": 0,                                                                                                                              
                       "Local Dirtied Blocks": 0,                                                                                                                           
                       "Local Written Blocks": 0,                                                                                                                           
                       "Temp Read Blocks": 0,                                                                                                                               
                       "Temp Written Blocks": 0,                                                                                                                            
                       "Plans": [                                                                                                                                           
                         {                                                                                                                                                  
                           "Node Type": "Seq Scan",                                                                                                                         
                           "Parent Relationship": "Outer",                                                                                                                  
                           "Parallel Aware": false,                                                                                                                         
                           "Relation Name": "movie_companies",                                                                                                              
                           "Alias": "mc",                                                                                                                                   
                           "Startup Cost": 0.00,                                                                                                                            
                           "Total Cost": 1377.47,                                                                                                                           
                           "Plan Rows": 14835,                                                                                                                              
                           "Plan Width": 32,                                                                                                                                
                           "Actual Startup Time": 118.525,                                                                                                                  
                           "Actual Total Time": 1067.731,                                                                                                                   
                           "Actual Rows": 28889,                                                                                                                            
                           "Actual Loops": 1,                                                                                                                               
                           "Filter": "((note !~~ '%(as Metro-Goldwyn-Mayer Pictures)%'::text) AND ((note ~~ '%(co-production)%'::text) OR (note ~~ '%(presents)%'::text)))",
                           "Rows Removed by Filter": 2580240,                                                                                                               
                           "Shared Hit Blocks": 2,                                                                                                                          
                           "Shared Read Blocks": 18787,                                                                                                                     
                           "Shared Dirtied Blocks": 0,                                                                                                                      
                           "Shared Written Blocks": 0,                                                                                                                      
                           "Local Hit Blocks": 0,                                                                                                                           
                           "Local Read Blocks": 0,                                                                                                                          
                           "Local Dirtied Blocks": 0,                                                                                                                       
                           "Local Written Blocks": 0,                                                                                                                       
                           "Temp Read Blocks": 0,                                                                                                                           
                           "Temp Written Blocks": 0                                                                                                                         
                         },                                                                                                                                                 
                         {                                                                                                                                                  
                           "Node Type": "Materialize",                                                                                                                      
                           "Parent Relationship": "Inner",                                                                                                                  
                           "Parallel Aware": false,                                                                                                                         
                           "Startup Cost": 0.00,                                                                                                                            
                           "Total Cost": 0.03,                                                                                                                              
                           "Plan Rows": 1,                                                                                                                                  
                           "Plan Width": 4,                                                                                                                                 
                           "Actual Startup Time": 0.001,                                                                                                                    
                           "Actual Total Time": 0.001,                                                                                                                      
                           "Actual Rows": 1,                                                                                                                                
                           "Actual Loops": 28889,                                                                                                                           
                           "Shared Hit Blocks": 1,                                                                                                                          
                           "Shared Read Blocks": 0,                                                                                                                         
                           "Shared Dirtied Blocks": 0,                                                                                                                      
                           "Shared Written Blocks": 0,                                                                                                                      
                           "Local Hit Blocks": 0,                                                                                                                           
                           "Local Read Blocks": 0,                                                                                                                          
                           "Local Dirtied Blocks": 0,                                                                                                                       
                           "Local Written Blocks": 0,                                                                                                                       
                           "Temp Read Blocks": 0,                                                                                                                           
                           "Temp Written Blocks": 0,                                                                                                                        
                           "Plans": [                                                                                                                                       
                             {                                                                                                                                              
                               "Node Type": "Seq Scan",                                                                                                                     
                               "Parent Relationship": "Outer",                                                                                                              
                               "Parallel Aware": false,                                                                                                                     
                               "Relation Name": "company_type",                                                                                                             
                               "Alias": "ct",                                                                                                                               
                               "Startup Cost": 0.00,                                                                                                                        
                               "Total Cost": 0.03,                                                                                                                          
                               "Plan Rows": 1,                                                                                                                              
                               "Plan Width": 4,                                                                                                                             
                               "Actual Startup Time": 26.963,                                                                                                               
                               "Actual Total Time": 26.967,                                                                                                                 
                               "Actual Rows": 1,                                                                                                                            
                               "Actual Loops": 1,                                                                                                                           
                               "Filter": "((kind)::text = 'production companies'::text)",                                                                                   
                               "Rows Removed by Filter": 3,                                                                                                                 
                               "Shared Hit Blocks": 1,                                                                                                                      
                               "Shared Read Blocks": 0,                                                                                                                     
                               "Shared Dirtied Blocks": 0,                                                                                                                  
                               "Shared Written Blocks": 0,                                                                                                                  
                               "Local Hit Blocks": 0,                                                                                                                       
                               "Local Read Blocks": 0,                                                                                                                      
                               "Local Dirtied Blocks": 0,                                                                                                                   
                               "Local Written Blocks": 0,                                                                                                                   
                               "Temp Read Blocks": 0,                                                                                                                       
                               "Temp Written Blocks": 0                                                                                                                     
                             }                                                                                                                                              
                           ]                                                                                                                                                
                         }                                                                                                                                                  
                       ]                                                                                                                                                    
                     }                                                                                                                                                      
                   ]                                                                                                                                                        
                 },                                                                                                                                                         
                 {                                                                                                                                                          
                   "Node Type": "Sort",                                                                                                                                     
                   "Parent Relationship": "Inner",                                                                                                                          
                   "Parallel Aware": false,                                                                                                                                 
                   "Startup Cost": 696.07,                                                                                                                                  
                   "Total Cost": 697.01,                                                                                                                                    
                   "Plan Rows": 12213,                                                                                                                                      
                   "Plan Width": 4,                                                                                                                                         
                   "Actual Startup Time": 853.310,                                                                                                                          
                   "Actual Total Time": 853.354,                                                                                                                            
                   "Actual Rows": 287,                                                                                                                                      
                   "Actual Loops": 1,                                                                                                                                       
                   "Sort Key": ["mi_idx.movie_id"],                                                                                                                         
                   "Sort Method": "quicksort",                                                                                                                              
                   "Sort Space Used": 36,                                                                                                                                   
                   "Sort Space Type": "Memory",                                                                                                                             
                   "Shared Hit Blocks": 3,                                                                                                                                  
                   "Shared Read Blocks": 8451,                                                                                                                              
                   "Shared Dirtied Blocks": 0,                                                                                                                              
                   "Shared Written Blocks": 0,                                                                                                                              
                   "Local Hit Blocks": 0,                                                                                                                                   
                   "Local Read Blocks": 0,                                                                                                                                  
                   "Local Dirtied Blocks": 0,                                                                                                                               
                   "Local Written Blocks": 0,                                                                                                                               
                   "Temp Read Blocks": 0,                                                                                                                                   
                   "Temp Written Blocks": 0,                                                                                                                                
                   "Plans": [                                                                                                                                               
                     {                                                                                                                                                      
                       "Node Type": "Nested Loop",                                                                                                                          
                       "Parent Relationship": "Outer",                                                                                                                      
                       "Parallel Aware": false,                                                                                                                             
                       "Join Type": "Inner",                                                                                                                                
                       "Startup Cost": 0.00,                                                                                                                                
                       "Total Cost": 670.32,                                                                                                                                
                       "Plan Rows": 12213,                                                                                                                                  
                       "Plan Width": 4,                                                                                                                                     
                       "Actual Startup Time": 853.134,                                                                                                                      
                       "Actual Total Time": 853.238,                                                                                                                        
                       "Actual Rows": 250,                                                                                                                                  
                       "Actual Loops": 1,                                                                                                                                   
                       "Inner Unique": true,                                                                                                                                
                       "Join Filter": "(it.id = mi_idx.info_type_id)",                                                                                                      
                       "Rows Removed by Join Filter": 1379785,                                                                                                              
                       "Shared Hit Blocks": 3,                                                                                                                              
                       "Shared Read Blocks": 8451,                                                                                                                          
                       "Shared Dirtied Blocks": 0,                                                                                                                          
                       "Shared Written Blocks": 0,                                                                                                                          
                       "Local Hit Blocks": 0,                                                                                                                               
                       "Local Read Blocks": 0,                                                                                                                              
                       "Local Dirtied Blocks": 0,                                                                                                                           
                       "Local Written Blocks": 0,                                                                                                                           
                       "Temp Read Blocks": 0,                                                                                                                               
                       "Temp Written Blocks": 0,                                                                                                                            
                       "Plans": [                                                                                                                                           
                         {                                                                                                                                                  
                           "Node Type": "Seq Scan",                                                                                                                         
                           "Parent Relationship": "Outer",                                                                                                                  
                           "Parallel Aware": false,                                                                                                                         
                           "Relation Name": "movie_info_idx",                                                                                                               
                           "Alias": "mi_idx",                                                                                                                               
                           "Startup Cost": 0.00,                                                                                                                            
                           "Total Cost": 360.56,                                                                                                                            
                           "Plan Rows": 1380035,                                                                                                                            
                           "Plan Width": 8,                                                                                                                                 
                           "Actual Startup Time": 0.006,                                                                                                                    
                           "Actual Total Time": 336.924,                                                                                                                    
                           "Actual Rows": 1380035,                                                                                                                          
                           "Actual Loops": 1,                                                                                                                               
                           "Shared Hit Blocks": 2,                                                                                                                          
                           "Shared Read Blocks": 8451,                                                                                                                      
                           "Shared Dirtied Blocks": 0,                                                                                                                      
                           "Shared Written Blocks": 0,                                                                                                                      
                           "Local Hit Blocks": 0,                                                                                                                           
                           "Local Read Blocks": 0,                                                                                                                          
                           "Local Dirtied Blocks": 0,                                                                                                                       
                           "Local Written Blocks": 0,                                                                                                                       
                           "Temp Read Blocks": 0,                                                                                                                           
                           "Temp Written Blocks": 0                                                                                                                         
                         },                                                                                                                                                 
                         {                                                                                                                                                  
                           "Node Type": "Materialize",                                                                                                                      
                           "Parent Relationship": "Inner",                                                                                                                  
                           "Parallel Aware": false,                                                                                                                         
                           "Startup Cost": 0.00,                                                                                                                            
                           "Total Cost": 0.05,                                                                                                                              
                           "Plan Rows": 1,                                                                                                                                  
                           "Plan Width": 4,                                                                                                                                 
                           "Actual Startup Time": 0.000,                                                                                                                    
                           "Actual Total Time": 0.000,                                                                                                                      
                           "Actual Rows": 1,                                                                                                                                
                           "Actual Loops": 1380035,                                                                                                                         
                           "Shared Hit Blocks": 1,                                                                                                                          
                           "Shared Read Blocks": 0,                                                                                                                         
                           "Shared Dirtied Blocks": 0,                                                                                                                      
                           "Shared Written Blocks": 0,                                                                                                                      
                           "Local Hit Blocks": 0,                                                                                                                           
                           "Local Read Blocks": 0,                                                                                                                          
                           "Local Dirtied Blocks": 0,                                                                                                                       
                           "Local Written Blocks": 0,                                                                                                                       
                           "Temp Read Blocks": 0,                                                                                                                           
                           "Temp Written Blocks": 0,                                                                                                                        
                           "Plans": [                                                                                                                                       
                             {                                                                                                                                              
                               "Node Type": "Seq Scan",                                                                                                                     
                               "Parent Relationship": "Outer",                                                                                                              
                               "Parallel Aware": false,                                                                                                                     
                               "Relation Name": "info_type",                                                                                                                
                               "Alias": "it",                                                                                                                               
                               "Startup Cost": 0.00,                                                                                                                        
                               "Total Cost": 0.05,                                                                                                                          
                               "Plan Rows": 1,                                                                                                                              
                               "Plan Width": 4,                                                                                                                             
                               "Actual Startup Time": 0.018,                                                                                                                
                               "Actual Total Time": 0.018,                                                                                                                  
                               "Actual Rows": 1,                                                                                                                            
                               "Actual Loops": 1,                                                                                                                           
                               "Filter": "((info)::text = 'top 250 rank'::text)",                                                                                           
                               "Rows Removed by Filter": 112,                                                                                                               
                               "Shared Hit Blocks": 1,                                                                                                                      
                               "Shared Read Blocks": 0,                                                                                                                     
                               "Shared Dirtied Blocks": 0,                                                                                                                  
                               "Shared Written Blocks": 0,                                                                                                                  
                               "Local Hit Blocks": 0,                                                                                                                       
                               "Local Read Blocks": 0,                                                                                                                      
                               "Local Dirtied Blocks": 0,                                                                                                                   
                               "Local Written Blocks": 0,                                                                                                                   
                               "Temp Read Blocks": 0,                                                                                                                       
                               "Temp Written Blocks": 0                                                                                                                     
                             }                                                                                                                                              
                           ]                                                                                                                                                
                         }                                                                                                                                                  
                       ]                                                                                                                                                    
                     }                                                                                                                                                      
                   ]                                                                                                                                                        
                 }                                                                                                                                                          
               ]                                                                                                                                                            
             },                                                                                                                                                             
             {                                                                                                                                                              
               "Node Type": "Sort",                                                                                                                                         
               "Parent Relationship": "Inner",                                                                                                                              
               "Parallel Aware": false,                                                                                                                                     
               "Startup Cost": 9654.35,                                                                                                                                     
               "Total Cost": 9850.65,                                                                                                                                       
               "Plan Rows": 2528312,                                                                                                                                        
               "Plan Width": 25,                                                                                                                                            
               "Actual Startup Time": 2453.091,                                                                                                                             
               "Actual Total Time": 2769.205,                                                                                                                               
               "Actual Rows": 2471561,                                                                                                                                      
               "Actual Loops": 1,                                                                                                                                           
               "Sort Key": ["t.id"],                                                                                                                                        
               "Sort Method": "quicksort",                                                                                                                                  
               "Sort Space Used": 289432,                                                                                                                                   
               "Sort Space Type": "Memory",                                                                                                                                 
               "Shared Hit Blocks": 1,                                                                                                                                      
               "Shared Read Blocks": 35997,                                                                                                                                 
               "Shared Dirtied Blocks": 0,                                                                                                                                  
               "Shared Written Blocks": 0,                                                                                                                                  
               "Local Hit Blocks": 0,                                                                                                                                       
               "Local Read Blocks": 0,                                                                                                                                      
               "Local Dirtied Blocks": 0,                                                                                                                                   
               "Local Written Blocks": 0,                                                                                                                                   
               "Temp Read Blocks": 0,                                                                                                                                       
               "Temp Written Blocks": 0,                                                                                                                                    
               "Plans": [                                                                                                                                                   
                 {                                                                                                                                                          
                   "Node Type": "Seq Scan",                                                                                                                                 
                   "Parent Relationship": "Outer",                                                                                                                          
                   "Parallel Aware": false,                                                                                                                                 
                   "Relation Name": "title",                                                                                                                                
                   "Alias": "t",                                                                                                                                            
                   "Startup Cost": 0.00,                                                                                                                                    
                   "Total Cost": 1303.96,                                                                                                                                   
                   "Plan Rows": 2528312,                                                                                                                                    
                   "Plan Width": 25,                                                                                                                                        
                   "Actual Startup Time": 14.829,                                                                                                                           
                   "Actual Total Time": 1122.015,                                                                                                                           
                   "Actual Rows": 2528312,                                                                                                                                  
                   "Actual Loops": 1,                                                                                                                                       
                   "Shared Hit Blocks": 1,                                                                                                                                  
                   "Shared Read Blocks": 35997,                                                                                                                             
                   "Shared Dirtied Blocks": 0,                                                                                                                              
                   "Shared Written Blocks": 0,                                                                                                                              
                   "Local Hit Blocks": 0,                                                                                                                                   
                   "Local Read Blocks": 0,                                                                                                                                  
                   "Local Dirtied Blocks": 0,                                                                                                                               
                   "Local Written Blocks": 0,                                                                                                                               
                   "Temp Read Blocks": 0,                                                                                                                                   
                   "Temp Written Blocks": 0                                                                                                                                 
                 }                                                                                                                                                          
               ]                                                                                                                                                            
             }                                                                                                                                                              
           ]                                                                                                                                                                
         }                                                                                                                                                                  
       ]                                                                                                                                                                    
     },                                                                                                                                                                     
     "Planning Time": 2397.090,                                                                                                                                             
     "Triggers": [                                                                                                                                                          
     ],                                                                                                                                                                     
     "Execution Time": 5167.906                                                                                                                                             
   }                                                                                                                                                                        
 ]
