 [                                                                                           
   {                                                                                         
     "Plan": {                                                                               
       "Node Type": "Aggregate",                                                             
       "Strategy": "Plain",                                                                  
       "Partial Mode": "Simple",                                                             
       "Parallel Aware": false,                                                              
       "Startup Cost": 6946.37,                                                              
       "Total Cost": 6946.37,                                                                
       "Plan Rows": 1,                                                                       
       "Plan Width": 68,                                                                     
       "Actual Startup Time": 4011.500,                                                      
       "Actual Total Time": 4011.500,                                                        
       "Actual Rows": 1,                                                                     
       "Actual Loops": 1,                                                                    
       "Shared Hit Blocks": 11,                                                              
       "Shared Read Blocks": 63235,                                                          
       "Shared Dirtied Blocks": 0,                                                           
       "Shared Written Blocks": 0,                                                           
       "Local Hit Blocks": 0,                                                                
       "Local Read Blocks": 0,                                                               
       "Local Dirtied Blocks": 0,                                                            
       "Local Written Blocks": 0,                                                            
       "Temp Read Blocks": 0,                                                                
       "Temp Written Blocks": 0,                                                             
       "Plans": [                                                                            
         {                                                                                   
           "Node Type": "Merge Join",                                                        
           "Parent Relationship": "Outer",                                                   
           "Parallel Aware": false,                                                          
           "Join Type": "Inner",                                                             
           "Startup Cost": 6780.80,                                                          
           "Total Cost": 6946.12,                                                            
           "Plan Rows": 1069,                                                                
           "Plan Width": 45,                                                                 
           "Actual Startup Time": 3964.351,                                                  
           "Actual Total Time": 4011.444,                                                    
           "Actual Rows": 3,                                                                 
           "Actual Loops": 1,                                                                
           "Inner Unique": false,                                                            
           "Merge Cond": "(t.id = mc.movie_id)",                                             
           "Shared Hit Blocks": 11,                                                          
           "Shared Read Blocks": 63235,                                                      
           "Shared Dirtied Blocks": 0,                                                       
           "Shared Written Blocks": 0,                                                       
           "Local Hit Blocks": 0,                                                            
           "Local Read Blocks": 0,                                                           
           "Local Dirtied Blocks": 0,                                                        
           "Local Written Blocks": 0,                                                        
           "Temp Read Blocks": 0,                                                            
           "Temp Written Blocks": 0,                                                         
           "Plans": [                                                                        
             {                                                                               
               "Node Type": "Merge Join",                                                    
               "Parent Relationship": "Outer",                                               
               "Parallel Aware": false,                                                      
               "Join Type": "Inner",                                                         
               "Startup Cost": 4555.87,                                                      
               "Total Cost": 4669.12,                                                        
               "Plan Rows": 3460,                                                            
               "Plan Width": 29,                                                             
               "Actual Startup Time": 2787.115,                                              
               "Actual Total Time": 2832.592,                                                
               "Actual Rows": 4,                                                             
               "Actual Loops": 1,                                                            
               "Inner Unique": true,                                                         
               "Merge Cond": "(mi_idx.movie_id = t.id)",                                     
               "Shared Hit Blocks": 8,                                                       
               "Shared Read Blocks": 44448,                                                  
               "Shared Dirtied Blocks": 0,                                                   
               "Shared Written Blocks": 0,                                                   
               "Local Hit Blocks": 0,                                                        
               "Local Read Blocks": 0,                                                       
               "Local Dirtied Blocks": 0,                                                    
               "Local Written Blocks": 0,                                                    
               "Temp Read Blocks": 0,                                                        
               "Temp Written Blocks": 0,                                                     
               "Plans": [                                                                    
                 {                                                                           
                   "Node Type": "Sort",                                                      
                   "Parent Relationship": "Outer",                                           
                   "Parallel Aware": false,                                                  
                   "Startup Cost": 696.07,                                                   
                   "Total Cost": 697.01,                                                     
                   "Plan Rows": 12213,                                                       
                   "Plan Width": 4,                                                          
                   "Actual Startup Time": 656.208,                                           
                   "Actual Total Time": 656.212,                                             
                   "Actual Rows": 10,                                                        
                   "Actual Loops": 1,                                                        
                   "Sort Key": ["mi_idx.movie_id"],                                          
                   "Sort Method": "quicksort",                                               
                   "Sort Space Used": 25,                                                    
                   "Sort Space Type": "Memory",                                              
                   "Shared Hit Blocks": 7,                                                   
                   "Shared Read Blocks": 8451,                                               
                   "Shared Dirtied Blocks": 0,                                               
                   "Shared Written Blocks": 0,                                               
                   "Local Hit Blocks": 0,                                                    
                   "Local Read Blocks": 0,                                                   
                   "Local Dirtied Blocks": 0,                                                
                   "Local Written Blocks": 0,                                                
                   "Temp Read Blocks": 0,                                                    
                   "Temp Written Blocks": 0,                                                 
                   "Plans": [                                                                
                     {                                                                       
                       "Node Type": "Nested Loop",                                           
                       "Parent Relationship": "Outer",                                       
                       "Parallel Aware": false,                                              
                       "Join Type": "Inner",                                                 
                       "Startup Cost": 0.00,                                                 
                       "Total Cost": 670.32,                                                 
                       "Plan Rows": 12213,                                                   
                       "Plan Width": 4,                                                      
                       "Actual Startup Time": 656.145,                                       
                       "Actual Total Time": 656.149,                                         
                       "Actual Rows": 10,                                                    
                       "Actual Loops": 1,                                                    
                       "Inner Unique": true,                                                 
                       "Join Filter": "(it.id = mi_idx.info_type_id)",                       
                       "Rows Removed by Join Filter": 1380025,                               
                       "Shared Hit Blocks": 3,                                               
                       "Shared Read Blocks": 8451,                                           
                       "Shared Dirtied Blocks": 0,                                           
                       "Shared Written Blocks": 0,                                           
                       "Local Hit Blocks": 0,                                                
                       "Local Read Blocks": 0,                                               
                       "Local Dirtied Blocks": 0,                                            
                       "Local Written Blocks": 0,                                            
                       "Temp Read Blocks": 0,                                                
                       "Temp Written Blocks": 0,                                             
                       "Plans": [                                                            
                         {                                                                   
                           "Node Type": "Seq Scan",                                          
                           "Parent Relationship": "Outer",                                   
                           "Parallel Aware": false,                                          
                           "Relation Name": "movie_info_idx",                                
                           "Alias": "mi_idx",                                                
                           "Startup Cost": 0.00,                                             
                           "Total Cost": 360.56,                                             
                           "Plan Rows": 1380035,                                             
                           "Plan Width": 8,                                                  
                           "Actual Startup Time": 0.013,                                     
                           "Actual Total Time": 156.640,                                     
                           "Actual Rows": 1380035,                                           
                           "Actual Loops": 1,                                                
                           "Shared Hit Blocks": 2,                                           
                           "Shared Read Blocks": 8451,                                       
                           "Shared Dirtied Blocks": 0,                                       
                           "Shared Written Blocks": 0,                                       
                           "Local Hit Blocks": 0,                                            
                           "Local Read Blocks": 0,                                           
                           "Local Dirtied Blocks": 0,                                        
                           "Local Written Blocks": 0,                                        
                           "Temp Read Blocks": 0,                                            
                           "Temp Written Blocks": 0                                          
                         },                                                                  
                         {                                                                   
                           "Node Type": "Materialize",                                       
                           "Parent Relationship": "Inner",                                   
                           "Parallel Aware": false,                                          
                           "Startup Cost": 0.00,                                             
                           "Total Cost": 0.05,                                               
                           "Plan Rows": 1,                                                   
                           "Plan Width": 4,                                                  
                           "Actual Startup Time": 0.000,                                     
                           "Actual Total Time": 0.000,                                       
                           "Actual Rows": 1,                                                 
                           "Actual Loops": 1380035,                                          
                           "Shared Hit Blocks": 1,                                           
                           "Shared Read Blocks": 0,                                          
                           "Shared Dirtied Blocks": 0,                                       
                           "Shared Written Blocks": 0,                                       
                           "Local Hit Blocks": 0,                                            
                           "Local Read Blocks": 0,                                           
                           "Local Dirtied Blocks": 0,                                        
                           "Local Written Blocks": 0,                                        
                           "Temp Read Blocks": 0,                                            
                           "Temp Written Blocks": 0,                                         
                           "Plans": [                                                        
                             {                                                               
                               "Node Type": "Seq Scan",                                      
                               "Parent Relationship": "Outer",                               
                               "Parallel Aware": false,                                      
                               "Relation Name": "info_type",                                 
                               "Alias": "it",                                                
                               "Startup Cost": 0.00,                                         
                               "Total Cost": 0.05,                                           
                               "Plan Rows": 1,                                               
                               "Plan Width": 4,                                              
                               "Actual Startup Time": 0.072,                                 
                               "Actual Total Time": 0.073,                                   
                               "Actual Rows": 1,                                             
                               "Actual Loops": 1,                                            
                               "Filter": "((info)::text = 'bottom 10 rank'::text)",          
                               "Rows Removed by Filter": 112,                                
                               "Shared Hit Blocks": 1,                                       
                               "Shared Read Blocks": 0,                                      
                               "Shared Dirtied Blocks": 0,                                   
                               "Shared Written Blocks": 0,                                   
                               "Local Hit Blocks": 0,                                        
                               "Local Read Blocks": 0,                                       
                               "Local Dirtied Blocks": 0,                                    
                               "Local Written Blocks": 0,                                    
                               "Temp Read Blocks": 0,                                        
                               "Temp Written Blocks": 0                                      
                             }                                                               
                           ]                                                                 
                         }                                                                   
                       ]                                                                     
                     }                                                                       
                   ]                                                                         
                 },                                                                          
                 {                                                                           
                   "Node Type": "Sort",                                                      
                   "Parent Relationship": "Inner",                                           
                   "Parallel Aware": false,                                                  
                   "Startup Cost": 3859.80,                                                  
                   "Total Cost": 3915.41,                                                    
                   "Plan Rows": 716259,                                                      
                   "Plan Width": 25,                                                         
                   "Actual Startup Time": 1990.976,                                          
                   "Actual Total Time": 2073.059,                                            
                   "Actual Rows": 698261,                                                    
                   "Actual Loops": 1,                                                        
                   "Sort Key": ["t.id"],                                                     
                   "Sort Method": "quicksort",                                               
                   "Sort Space Used": 78436,                                                 
                   "Sort Space Type": "Memory",                                              
                   "Shared Hit Blocks": 1,                                                   
                   "Shared Read Blocks": 35997,                                              
                   "Shared Dirtied Blocks": 0,                                               
                   "Shared Written Blocks": 0,                                               
                   "Local Hit Blocks": 0,                                                    
                   "Local Read Blocks": 0,                                                   
                   "Local Dirtied Blocks": 0,                                                
                   "Local Written Blocks": 0,                                                
                   "Temp Read Blocks": 0,                                                    
                   "Temp Written Blocks": 0,                                                 
                   "Plans": [                                                                
                     {                                                                       
                       "Node Type": "Seq Scan",                                              
                       "Parent Relationship": "Outer",                                       
                       "Parallel Aware": false,                                              
                       "Relation Name": "title",                                             
                       "Alias": "t",                                                         
                       "Startup Cost": 0.00,                                                 
                       "Total Cost": 1696.56,                                                
                       "Plan Rows": 716259,                                                  
                       "Plan Width": 25,                                                     
                       "Actual Startup Time": 23.664,                                        
                       "Actual Total Time": 1522.890,                                        
                       "Actual Rows": 716259,                                                
                       "Actual Loops": 1,                                                    
                       "Filter": "((production_year >= 2005) AND (production_year <= 2010))",
                       "Rows Removed by Filter": 1812053,                                    
                       "Shared Hit Blocks": 1,                                               
                       "Shared Read Blocks": 35997,                                          
                       "Shared Dirtied Blocks": 0,                                           
                       "Shared Written Blocks": 0,                                           
                       "Local Hit Blocks": 0,                                                
                       "Local Read Blocks": 0,                                               
                       "Local Dirtied Blocks": 0,                                            
                       "Local Written Blocks": 0,                                            
                       "Temp Read Blocks": 0,                                                
                       "Temp Written Blocks": 0                                              
                     }                                                                       
                   ]                                                                         
                 }                                                                           
               ]                                                                             
             },                                                                              
             {                                                                               
               "Node Type": "Sort",                                                          
               "Parent Relationship": "Inner",                                               
               "Parallel Aware": false,                                                      
               "Startup Cost": 2224.93,                                                      
               "Total Cost": 2250.88,                                                        
               "Plan Rows": 334271,                                                          
               "Plan Width": 28,                                                             
               "Actual Startup Time": 1160.231,                                              
               "Actual Total Time": 1165.924,                                                
               "Actual Rows": 124632,                                                        
               "Actual Loops": 1,                                                            
               "Sort Key": ["mc.movie_id"],                                                  
               "Sort Method": "quicksort",                                                   
               "Sort Space Used": 16562,                                                     
               "Sort Space Type": "Memory",                                                  
               "Shared Hit Blocks": 3,                                                       
               "Shared Read Blocks": 18787,                                                  
               "Shared Dirtied Blocks": 0,                                                   
               "Shared Written Blocks": 0,                                                   
               "Local Hit Blocks": 0,                                                        
               "Local Read Blocks": 0,                                                       
               "Local Dirtied Blocks": 0,                                                    
               "Local Written Blocks": 0,                                                    
               "Temp Read Blocks": 0,                                                        
               "Temp Written Blocks": 0,                                                     
               "Plans": [                                                                    
                 {                                                                           
                   "Node Type": "Nested Loop",                                               
                   "Parent Relationship": "Outer",                                           
                   "Parallel Aware": false,                                                  
                   "Join Type": "Inner",                                                     
                   "Startup Cost": 0.00,                                                     
                   "Total Cost": 1272.43,                                                    
                   "Plan Rows": 334271,                                                      
                   "Plan Width": 28,                                                         
                   "Actual Startup Time": 815.709,                                           
                   "Actual Total Time": 1104.318,                                            
                   "Actual Rows": 140904,                                                    
                   "Actual Loops": 1,                                                        
                   "Inner Unique": true,                                                     
                   "Join Filter": "(ct.id = mc.company_type_id)",                            
                   "Rows Removed by Join Filter": 1196184,                                   
                   "Shared Hit Blocks": 3,                                                   
                   "Shared Read Blocks": 18787,                                              
                   "Shared Dirtied Blocks": 0,                                               
                   "Shared Written Blocks": 0,                                               
                   "Local Hit Blocks": 0,                                                    
                   "Local Read Blocks": 0,                                                   
                   "Local Dirtied Blocks": 0,                                                
                   "Local Written Blocks": 0,                                                
                   "Temp Read Blocks": 0,                                                    
                   "Temp Written Blocks": 0,                                                 
                   "Plans": [                                                                
                     {                                                                       
                       "Node Type": "Seq Scan",                                              
                       "Parent Relationship": "Outer",                                       
                       "Parallel Aware": false,                                              
                       "Relation Name": "movie_companies",                                   
                       "Alias": "mc",                                                        
                       "Startup Cost": 0.00,                                                 
                       "Total Cost": 972.33,                                                 
                       "Plan Rows": 1337085,                                                 
                       "Plan Width": 32,                                                     
                       "Actual Startup Time": 0.016,                                         
                       "Actual Total Time": 650.491,                                         
                       "Actual Rows": 1337088,                                               
                       "Actual Loops": 1,                                                    
                       "Filter": "(note !~~ '%(as Metro-Goldwyn-Mayer Pictures)%'::text)",   
                       "Rows Removed by Filter": 1272041,                                    
                       "Shared Hit Blocks": 2,                                               
                       "Shared Read Blocks": 18787,                                          
                       "Shared Dirtied Blocks": 0,                                           
                       "Shared Written Blocks": 0,                                           
                       "Local Hit Blocks": 0,                                                
                       "Local Read Blocks": 0,                                               
                       "Local Dirtied Blocks": 0,                                            
                       "Local Written Blocks": 0,                                            
                       "Temp Read Blocks": 0,                                                
                       "Temp Written Blocks": 0                                              
                     },                                                                      
                     {                                                                       
                       "Node Type": "Materialize",                                           
                       "Parent Relationship": "Inner",                                       
                       "Parallel Aware": false,                                              
                       "Startup Cost": 0.00,                                                 
                       "Total Cost": 0.03,                                                   
                       "Plan Rows": 1,                                                       
                       "Plan Width": 4,                                                      
                       "Actual Startup Time": 0.000,                                         
                       "Actual Total Time": 0.000,                                           
                       "Actual Rows": 1,                                                     
                       "Actual Loops": 1337088,                                              
                       "Shared Hit Blocks": 1,                                               
                       "Shared Read Blocks": 0,                                              
                       "Shared Dirtied Blocks": 0,                                           
                       "Shared Written Blocks": 0,                                           
                       "Local Hit Blocks": 0,                                                
                       "Local Read Blocks": 0,                                               
                       "Local Dirtied Blocks": 0,                                            
                       "Local Written Blocks": 0,                                            
                       "Temp Read Blocks": 0,                                                
                       "Temp Written Blocks": 0,                                             
                       "Plans": [                                                            
                         {                                                                   
                           "Node Type": "Seq Scan",                                          
                           "Parent Relationship": "Outer",                                   
                           "Parallel Aware": false,                                          
                           "Relation Name": "company_type",                                  
                           "Alias": "ct",                                                    
                           "Startup Cost": 0.00,                                             
                           "Total Cost": 0.03,                                               
                           "Plan Rows": 1,                                                   
                           "Plan Width": 4,                                                  
                           "Actual Startup Time": 0.005,                                     
                           "Actual Total Time": 0.006,                                       
                           "Actual Rows": 1,                                                 
                           "Actual Loops": 1,                                                
                           "Filter": "((kind)::text = 'production companies'::text)",        
                           "Rows Removed by Filter": 3,                                      
                           "Shared Hit Blocks": 1,                                           
                           "Shared Read Blocks": 0,                                          
                           "Shared Dirtied Blocks": 0,                                       
                           "Shared Written Blocks": 0,                                       
                           "Local Hit Blocks": 0,                                            
                           "Local Read Blocks": 0,                                           
                           "Local Dirtied Blocks": 0,                                        
                           "Local Written Blocks": 0,                                        
                           "Temp Read Blocks": 0,                                            
                           "Temp Written Blocks": 0                                          
                         }                                                                   
                       ]                                                                     
                     }                                                                       
                   ]                                                                         
                 }                                                                           
               ]                                                                             
             }                                                                               
           ]                                                                                 
         }                                                                                   
       ]                                                                                     
     },                                                                                      
     "Planning Time": 2310.715,                                                              
     "Triggers": [                                                                           
     ],                                                                                      
     "Execution Time": 4041.397                                                              
   }                                                                                         
 ]
