 [                                                                                                                                          
   {                                                                                                                                        
     "Plan": {                                                                                                                              
       "Node Type": "Aggregate",                                                                                                            
       "Strategy": "Plain",                                                                                                                 
       "Partial Mode": "Simple",                                                                                                            
       "Parallel Aware": false,                                                                                                             
       "Startup Cost": 5664.88,                                                                                                             
       "Total Cost": 5664.88,                                                                                                               
       "Plan Rows": 1,                                                                                                                      
       "Plan Width": 68,                                                                                                                    
       "Actual Startup Time": 3769.716,                                                                                                     
       "Actual Total Time": 3769.717,                                                                                                       
       "Actual Rows": 1,                                                                                                                    
       "Actual Loops": 1,                                                                                                                   
       "Shared Hit Blocks": 11,                                                                                                             
       "Shared Read Blocks": 63235,                                                                                                         
       "Shared Dirtied Blocks": 0,                                                                                                          
       "Shared Written Blocks": 0,                                                                                                          
       "Local Hit Blocks": 0,                                                                                                               
       "Local Read Blocks": 0,                                                                                                              
       "Local Dirtied Blocks": 0,                                                                                                           
       "Local Written Blocks": 0,                                                                                                           
       "Temp Read Blocks": 0,                                                                                                               
       "Temp Written Blocks": 0,                                                                                                            
       "Plans": [                                                                                                                           
         {                                                                                                                                  
           "Node Type": "Nested Loop",                                                                                                      
           "Parent Relationship": "Outer",                                                                                                  
           "Parallel Aware": false,                                                                                                         
           "Join Type": "Inner",                                                                                                            
           "Startup Cost": 1877.01,                                                                                                         
           "Total Cost": 5664.88,                                                                                                           
           "Plan Rows": 4,                                                                                                                  
           "Plan Width": 45,                                                                                                                
           "Actual Startup Time": 3393.035,                                                                                                 
           "Actual Total Time": 3769.668,                                                                                                   
           "Actual Rows": 3,                                                                                                                
           "Actual Loops": 1,                                                                                                               
           "Inner Unique": false,                                                                                                           
           "Join Filter": "(mc.movie_id = t.id)",                                                                                           
           "Rows Removed by Join Filter": 9008315,                                                                                          
           "Shared Hit Blocks": 11,                                                                                                         
           "Shared Read Blocks": 63235,                                                                                                     
           "Shared Dirtied Blocks": 0,                                                                                                      
           "Shared Written Blocks": 0,                                                                                                      
           "Local Hit Blocks": 0,                                                                                                           
           "Local Read Blocks": 0,                                                                                                          
           "Local Dirtied Blocks": 0,                                                                                                       
           "Local Written Blocks": 0,                                                                                                       
           "Temp Read Blocks": 0,                                                                                                           
           "Temp Written Blocks": 0,                                                                                                        
           "Plans": [                                                                                                                       
             {                                                                                                                              
               "Node Type": "Seq Scan",                                                                                                     
               "Parent Relationship": "Outer",                                                                                              
               "Parallel Aware": false,                                                                                                     
               "Relation Name": "title",                                                                                                    
               "Alias": "t",                                                                                                                
               "Startup Cost": 0.00,                                                                                                        
               "Total Cost": 1500.26,                                                                                                       
               "Plan Rows": 391667,                                                                                                         
               "Plan Width": 25,                                                                                                            
               "Actual Startup Time": 24.219,                                                                                               
               "Actual Total Time": 674.817,                                                                                                
               "Actual Rows": 391666,                                                                                                       
               "Actual Loops": 1,                                                                                                           
               "Filter": "(production_year > 2010)",                                                                                        
               "Rows Removed by Filter": 2136646,                                                                                           
               "Shared Hit Blocks": 1,                                                                                                      
               "Shared Read Blocks": 35997,                                                                                                 
               "Shared Dirtied Blocks": 0,                                                                                                  
               "Shared Written Blocks": 0,                                                                                                  
               "Local Hit Blocks": 0,                                                                                                       
               "Local Read Blocks": 0,                                                                                                      
               "Local Dirtied Blocks": 0,                                                                                                   
               "Local Written Blocks": 0,                                                                                                   
               "Temp Read Blocks": 0,                                                                                                       
               "Temp Written Blocks": 0                                                                                                     
             },                                                                                                                             
             {                                                                                                                              
               "Node Type": "Materialize",                                                                                                  
               "Parent Relationship": "Inner",                                                                                              
               "Parallel Aware": false,                                                                                                     
               "Startup Cost": 1877.01,                                                                                                     
               "Total Cost": 1879.26,                                                                                                       
               "Plan Rows": 26,                                                                                                             
               "Plan Width": 32,                                                                                                            
               "Actual Startup Time": 0.004,                                                                                                
               "Actual Total Time": 0.005,                                                                                                  
               "Actual Rows": 23,                                                                                                           
               "Actual Loops": 391666,                                                                                                      
               "Shared Hit Blocks": 10,                                                                                                     
               "Shared Read Blocks": 27238,                                                                                                 
               "Shared Dirtied Blocks": 0,                                                                                                  
               "Shared Written Blocks": 0,                                                                                                  
               "Local Hit Blocks": 0,                                                                                                       
               "Local Read Blocks": 0,                                                                                                      
               "Local Dirtied Blocks": 0,                                                                                                   
               "Local Written Blocks": 0,                                                                                                   
               "Temp Read Blocks": 0,                                                                                                       
               "Temp Written Blocks": 0,                                                                                                    
               "Plans": [                                                                                                                   
                 {                                                                                                                          
                   "Node Type": "Merge Join",                                                                                               
                   "Parent Relationship": "Outer",                                                                                          
                   "Parallel Aware": false,                                                                                                 
                   "Join Type": "Inner",                                                                                                    
                   "Startup Cost": 1877.01,                                                                                                 
                   "Total Cost": 1879.26,                                                                                                   
                   "Plan Rows": 26,                                                                                                         
                   "Plan Width": 32,                                                                                                        
                   "Actual Startup Time": 1600.848,                                                                                         
                   "Actual Total Time": 1602.755,                                                                                           
                   "Actual Rows": 23,                                                                                                       
                   "Actual Loops": 1,                                                                                                       
                   "Inner Unique": false,                                                                                                   
                   "Merge Cond": "(mc.movie_id = mi_idx.movie_id)",                                                                         
                   "Shared Hit Blocks": 10,                                                                                                 
                   "Shared Read Blocks": 27238,                                                                                             
                   "Shared Dirtied Blocks": 0,                                                                                              
                   "Shared Written Blocks": 0,                                                                                              
                   "Local Hit Blocks": 0,                                                                                                   
                   "Local Read Blocks": 0,                                                                                                  
                   "Local Dirtied Blocks": 0,                                                                                               
                   "Local Written Blocks": 0,                                                                                               
                   "Temp Read Blocks": 0,                                                                                                   
                   "Temp Written Blocks": 0,                                                                                                
                   "Plans": [                                                                                                               
                     {                                                                                                                      
                       "Node Type": "Sort",                                                                                                 
                       "Parent Relationship": "Outer",                                                                                      
                       "Parallel Aware": false,                                                                                             
                       "Startup Cost": 1180.94,                                                                                             
                       "Total Cost": 1181.12,                                                                                               
                       "Plan Rows": 2285,                                                                                                   
                       "Plan Width": 28,                                                                                                    
                       "Actual Startup Time": 950.704,                                                                                      
                       "Actual Total Time": 951.512,                                                                                        
                       "Actual Rows": 17556,                                                                                                
                       "Actual Loops": 1,                                                                                                   
                       "Sort Key": ["mc.movie_id"],                                                                                         
                       "Sort Method": "quicksort",                                                                                          
                       "Sort Space Used": 2170,                                                                                             
                       "Sort Space Type": "Memory",                                                                                         
                       "Shared Hit Blocks": 7,                                                                                              
                       "Shared Read Blocks": 18787,                                                                                         
                       "Shared Dirtied Blocks": 0,                                                                                          
                       "Shared Written Blocks": 0,                                                                                          
                       "Local Hit Blocks": 0,                                                                                               
                       "Local Read Blocks": 0,                                                                                              
                       "Local Dirtied Blocks": 0,                                                                                           
                       "Local Written Blocks": 0,                                                                                           
                       "Temp Read Blocks": 0,                                                                                               
                       "Temp Written Blocks": 0,                                                                                            
                       "Plans": [                                                                                                           
                         {                                                                                                                  
                           "Node Type": "Nested Loop",                                                                                      
                           "Parent Relationship": "Outer",                                                                                  
                           "Parallel Aware": false,                                                                                         
                           "Join Type": "Inner",                                                                                            
                           "Startup Cost": 0.00,                                                                                            
                           "Total Cost": 1176.98,                                                                                           
                           "Plan Rows": 2285,                                                                                               
                           "Plan Width": 28,                                                                                                
                           "Actual Startup Time": 576.931,                                                                                  
                           "Actual Total Time": 910.825,                                                                                    
                           "Actual Rows": 17811,                                                                                            
                           "Actual Loops": 1,                                                                                               
                           "Inner Unique": true,                                                                                            
                           "Join Filter": "(ct.id = mc.company_type_id)",                                                                   
                           "Rows Removed by Join Filter": 5,                                                                                
                           "Shared Hit Blocks": 3,                                                                                          
                           "Shared Read Blocks": 18787,                                                                                     
                           "Shared Dirtied Blocks": 0,                                                                                      
                           "Shared Written Blocks": 0,                                                                                      
                           "Local Hit Blocks": 0,                                                                                           
                           "Local Read Blocks": 0,                                                                                          
                           "Local Dirtied Blocks": 0,                                                                                       
                           "Local Written Blocks": 0,                                                                                       
                           "Temp Read Blocks": 0,                                                                                           
                           "Temp Written Blocks": 0,                                                                                        
                           "Plans": [                                                                                                       
                             {                                                                                                              
                               "Node Type": "Seq Scan",                                                                                     
                               "Parent Relationship": "Outer",                                                                              
                               "Parallel Aware": false,                                                                                     
                               "Relation Name": "movie_companies",                                                                          
                               "Alias": "mc",                                                                                               
                               "Startup Cost": 0.00,                                                                                        
                               "Total Cost": 1174.90,                                                                                       
                               "Plan Rows": 9141,                                                                                           
                               "Plan Width": 32,                                                                                            
                               "Actual Startup Time": 351.743,                                                                              
                               "Actual Total Time": 901.833,                                                                                
                               "Actual Rows": 17816,                                                                                        
                               "Actual Loops": 1,                                                                                           
                               "Filter": "((note !~~ '%(as Metro-Goldwyn-Mayer Pictures)%'::text) AND (note ~~ '%(co-production)%'::text))",
                               "Rows Removed by Filter": 2591313,                                                                           
                               "Shared Hit Blocks": 2,                                                                                      
                               "Shared Read Blocks": 18787,                                                                                 
                               "Shared Dirtied Blocks": 0,                                                                                  
                               "Shared Written Blocks": 0,                                                                                  
                               "Local Hit Blocks": 0,                                                                                       
                               "Local Read Blocks": 0,                                                                                      
                               "Local Dirtied Blocks": 0,                                                                                   
                               "Local Written Blocks": 0,                                                                                   
                               "Temp Read Blocks": 0,                                                                                       
                               "Temp Written Blocks": 0                                                                                     
                             },                                                                                                             
                             {                                                                                                              
                               "Node Type": "Materialize",                                                                                  
                               "Parent Relationship": "Inner",                                                                              
                               "Parallel Aware": false,                                                                                     
                               "Startup Cost": 0.00,                                                                                        
                               "Total Cost": 0.03,                                                                                          
                               "Plan Rows": 1,                                                                                              
                               "Plan Width": 4,                                                                                             
                               "Actual Startup Time": 0.000,                                                                                
                               "Actual Total Time": 0.000,                                                                                  
                               "Actual Rows": 1,                                                                                            
                               "Actual Loops": 17816,                                                                                       
                               "Shared Hit Blocks": 1,                                                                                      
                               "Shared Read Blocks": 0,                                                                                     
                               "Shared Dirtied Blocks": 0,                                                                                  
                               "Shared Written Blocks": 0,                                                                                  
                               "Local Hit Blocks": 0,                                                                                       
                               "Local Read Blocks": 0,                                                                                      
                               "Local Dirtied Blocks": 0,                                                                                   
                               "Local Written Blocks": 0,                                                                                   
                               "Temp Read Blocks": 0,                                                                                       
                               "Temp Written Blocks": 0,                                                                                    
                               "Plans": [                                                                                                   
                                 {                                                                                                          
                                   "Node Type": "Seq Scan",                                                                                 
                                   "Parent Relationship": "Outer",                                                                          
                                   "Parallel Aware": false,                                                                                 
                                   "Relation Name": "company_type",                                                                         
                                   "Alias": "ct",                                                                                           
                                   "Startup Cost": 0.00,                                                                                    
                                   "Total Cost": 0.03,                                                                                      
                                   "Plan Rows": 1,                                                                                          
                                   "Plan Width": 4,                                                                                         
                                   "Actual Startup Time": 0.008,                                                                            
                                   "Actual Total Time": 0.009,                                                                              
                                   "Actual Rows": 1,                                                                                        
                                   "Actual Loops": 1,                                                                                       
                                   "Filter": "((kind)::text = 'production companies'::text)",                                               
                                   "Rows Removed by Filter": 3,                                                                             
                                   "Shared Hit Blocks": 1,                                                                                  
                                   "Shared Read Blocks": 0,                                                                                 
                                   "Shared Dirtied Blocks": 0,                                                                              
                                   "Shared Written Blocks": 0,                                                                              
                                   "Local Hit Blocks": 0,                                                                                   
                                   "Local Read Blocks": 0,                                                                                  
                                   "Local Dirtied Blocks": 0,                                                                               
                                   "Local Written Blocks": 0,                                                                               
                                   "Temp Read Blocks": 0,                                                                                   
                                   "Temp Written Blocks": 0                                                                                 
                                 }                                                                                                          
                               ]                                                                                                            
                             }                                                                                                              
                           ]                                                                                                                
                         }                                                                                                                  
                       ]                                                                                                                    
                     },                                                                                                                     
                     {                                                                                                                      
                       "Node Type": "Sort",                                                                                                 
                       "Parent Relationship": "Inner",                                                                                      
                       "Parallel Aware": false,                                                                                             
                       "Startup Cost": 696.07,                                                                                              
                       "Total Cost": 697.01,                                                                                                
                       "Plan Rows": 12213,                                                                                                  
                       "Plan Width": 4,                                                                                                     
                       "Actual Startup Time": 649.378,                                                                                      
                       "Actual Total Time": 649.394,                                                                                        
                       "Actual Rows": 265,                                                                                                  
                       "Actual Loops": 1,                                                                                                   
                       "Sort Key": ["mi_idx.movie_id"],                                                                                     
                       "Sort Method": "quicksort",                                                                                          
                       "Sort Space Used": 36,                                                                                               
                       "Sort Space Type": "Memory",                                                                                         
                       "Shared Hit Blocks": 3,                                                                                              
                       "Shared Read Blocks": 8451,                                                                                          
                       "Shared Dirtied Blocks": 0,                                                                                          
                       "Shared Written Blocks": 0,                                                                                          
                       "Local Hit Blocks": 0,                                                                                               
                       "Local Read Blocks": 0,                                                                                              
                       "Local Dirtied Blocks": 0,                                                                                           
                       "Local Written Blocks": 0,                                                                                           
                       "Temp Read Blocks": 0,                                                                                               
                       "Temp Written Blocks": 0,                                                                                            
                       "Plans": [                                                                                                           
                         {                                                                                                                  
                           "Node Type": "Nested Loop",                                                                                      
                           "Parent Relationship": "Outer",                                                                                  
                           "Parallel Aware": false,                                                                                         
                           "Join Type": "Inner",                                                                                            
                           "Startup Cost": 0.00,                                                                                            
                           "Total Cost": 670.32,                                                                                            
                           "Plan Rows": 12213,                                                                                              
                           "Plan Width": 4,                                                                                                 
                           "Actual Startup Time": 649.206,                                                                                  
                           "Actual Total Time": 649.304,                                                                                    
                           "Actual Rows": 250,                                                                                              
                           "Actual Loops": 1,                                                                                               
                           "Inner Unique": true,                                                                                            
                           "Join Filter": "(it.id = mi_idx.info_type_id)",                                                                  
                           "Rows Removed by Join Filter": 1379785,                                                                          
                           "Shared Hit Blocks": 3,                                                                                          
                           "Shared Read Blocks": 8451,                                                                                      
                           "Shared Dirtied Blocks": 0,                                                                                      
                           "Shared Written Blocks": 0,                                                                                      
                           "Local Hit Blocks": 0,                                                                                           
                           "Local Read Blocks": 0,                                                                                          
                           "Local Dirtied Blocks": 0,                                                                                       
                           "Local Written Blocks": 0,                                                                                       
                           "Temp Read Blocks": 0,                                                                                           
                           "Temp Written Blocks": 0,                                                                                        
                           "Plans": [                                                                                                       
                             {                                                                                                              
                               "Node Type": "Seq Scan",                                                                                     
                               "Parent Relationship": "Outer",                                                                              
                               "Parallel Aware": false,                                                                                     
                               "Relation Name": "movie_info_idx",                                                                           
                               "Alias": "mi_idx",                                                                                           
                               "Startup Cost": 0.00,                                                                                        
                               "Total Cost": 360.56,                                                                                        
                               "Plan Rows": 1380035,                                                                                        
                               "Plan Width": 8,                                                                                             
                               "Actual Startup Time": 0.009,                                                                                
                               "Actual Total Time": 154.597,                                                                                
                               "Actual Rows": 1380035,                                                                                      
                               "Actual Loops": 1,                                                                                           
                               "Shared Hit Blocks": 2,                                                                                      
                               "Shared Read Blocks": 8451,                                                                                  
                               "Shared Dirtied Blocks": 0,                                                                                  
                               "Shared Written Blocks": 0,                                                                                  
                               "Local Hit Blocks": 0,                                                                                       
                               "Local Read Blocks": 0,                                                                                      
                               "Local Dirtied Blocks": 0,                                                                                   
                               "Local Written Blocks": 0,                                                                                   
                               "Temp Read Blocks": 0,                                                                                       
                               "Temp Written Blocks": 0                                                                                     
                             },                                                                                                             
                             {                                                                                                              
                               "Node Type": "Materialize",                                                                                  
                               "Parent Relationship": "Inner",                                                                              
                               "Parallel Aware": false,                                                                                     
                               "Startup Cost": 0.00,                                                                                        
                               "Total Cost": 0.05,                                                                                          
                               "Plan Rows": 1,                                                                                              
                               "Plan Width": 4,                                                                                             
                               "Actual Startup Time": 0.000,                                                                                
                               "Actual Total Time": 0.000,                                                                                  
                               "Actual Rows": 1,                                                                                            
                               "Actual Loops": 1380035,                                                                                     
                               "Shared Hit Blocks": 1,                                                                                      
                               "Shared Read Blocks": 0,                                                                                     
                               "Shared Dirtied Blocks": 0,                                                                                  
                               "Shared Written Blocks": 0,                                                                                  
                               "Local Hit Blocks": 0,                                                                                       
                               "Local Read Blocks": 0,                                                                                      
                               "Local Dirtied Blocks": 0,                                                                                   
                               "Local Written Blocks": 0,                                                                                   
                               "Temp Read Blocks": 0,                                                                                       
                               "Temp Written Blocks": 0,                                                                                    
                               "Plans": [                                                                                                   
                                 {                                                                                                          
                                   "Node Type": "Seq Scan",                                                                                 
                                   "Parent Relationship": "Outer",                                                                          
                                   "Parallel Aware": false,                                                                                 
                                   "Relation Name": "info_type",                                                                            
                                   "Alias": "it",                                                                                           
                                   "Startup Cost": 0.00,                                                                                    
                                   "Total Cost": 0.05,                                                                                      
                                   "Plan Rows": 1,                                                                                          
                                   "Plan Width": 4,                                                                                         
                                   "Actual Startup Time": 0.034,                                                                            
                                   "Actual Total Time": 0.035,                                                                              
                                   "Actual Rows": 1,                                                                                        
                                   "Actual Loops": 1,                                                                                       
                                   "Filter": "((info)::text = 'top 250 rank'::text)",                                                       
                                   "Rows Removed by Filter": 112,                                                                           
                                   "Shared Hit Blocks": 1,                                                                                  
                                   "Shared Read Blocks": 0,                                                                                 
                                   "Shared Dirtied Blocks": 0,                                                                              
                                   "Shared Written Blocks": 0,                                                                              
                                   "Local Hit Blocks": 0,                                                                                   
                                   "Local Read Blocks": 0,                                                                                  
                                   "Local Dirtied Blocks": 0,                                                                               
                                   "Local Written Blocks": 0,                                                                               
                                   "Temp Read Blocks": 0,                                                                                   
                                   "Temp Written Blocks": 0                                                                                 
                                 }                                                                                                          
                               ]                                                                                                            
                             }                                                                                                              
                           ]                                                                                                                
                         }                                                                                                                  
                       ]                                                                                                                    
                     }                                                                                                                      
                   ]                                                                                                                        
                 }                                                                                                                          
               ]                                                                                                                            
             }                                                                                                                              
           ]                                                                                                                                
         }                                                                                                                                  
       ]                                                                                                                                    
     },                                                                                                                                     
     "Planning Time": 2393.503,                                                                                                             
     "Triggers": [                                                                                                                          
     ],                                                                                                                                     
     "Execution Time": 3802.287                                                                                                             
   }                                                                                                                                        
 ]
