 [                                                                                                                                                                                   
   {                                                                                                                                                                                 
     "Plan": {                                                                                                                                                                       
       "Node Type": "Aggregate",                                                                                                                                                     
       "Strategy": "Plain",                                                                                                                                                          
       "Partial Mode": "Simple",                                                                                                                                                     
       "Parallel Aware": false,                                                                                                                                                      
       "Startup Cost": 35402.74,                                                                                                                                                     
       "Total Cost": 35402.74,                                                                                                                                                       
       "Plan Rows": 1,                                                                                                                                                               
       "Plan Width": 32,                                                                                                                                                             
       "Actual Startup Time": 35188145.455,                                                                                                                                          
       "Actual Total Time": 35188145.455,                                                                                                                                            
       "Actual Rows": 1,                                                                                                                                                             
       "Actual Loops": 1,                                                                                                                                                            
       "Shared Hit Blocks": 24,                                                                                                                                                      
       "Shared Read Blocks": 406829,                                                                                                                                                 
       "Shared Dirtied Blocks": 0,                                                                                                                                                   
       "Shared Written Blocks": 0,                                                                                                                                                   
       "Local Hit Blocks": 0,                                                                                                                                                        
       "Local Read Blocks": 0,                                                                                                                                                       
       "Local Dirtied Blocks": 0,                                                                                                                                                    
       "Local Written Blocks": 0,                                                                                                                                                    
       "Temp Read Blocks": 0,                                                                                                                                                        
       "Temp Written Blocks": 0,                                                                                                                                                     
       "Plans": [                                                                                                                                                                    
         {                                                                                                                                                                           
           "Node Type": "Nested Loop",                                                                                                                                               
           "Parent Relationship": "Outer",                                                                                                                                           
           "Parallel Aware": false,                                                                                                                                                  
           "Join Type": "Inner",                                                                                                                                                     
           "Startup Cost": 9370.30,                                                                                                                                                  
           "Total Cost": 35402.74,                                                                                                                                                   
           "Plan Rows": 1,                                                                                                                                                           
           "Plan Width": 17,                                                                                                                                                         
           "Actual Startup Time": 35169558.443,                                                                                                                                      
           "Actual Total Time": 35188145.387,                                                                                                                                        
           "Actual Rows": 33,                                                                                                                                                        
           "Actual Loops": 1,                                                                                                                                                        
           "Inner Unique": false,                                                                                                                                                    
           "Join Filter": "(ci.person_id = n.id)",                                                                                                                                   
           "Rows Removed by Join Filter": 137527170,                                                                                                                                 
           "Shared Hit Blocks": 24,                                                                                                                                                  
           "Shared Read Blocks": 406829,                                                                                                                                             
           "Shared Dirtied Blocks": 0,                                                                                                                                               
           "Shared Written Blocks": 0,                                                                                                                                               
           "Local Hit Blocks": 0,                                                                                                                                                    
           "Local Read Blocks": 0,                                                                                                                                                   
           "Local Dirtied Blocks": 0,                                                                                                                                                
           "Local Written Blocks": 0,                                                                                                                                                
           "Temp Read Blocks": 0,                                                                                                                                                    
           "Temp Written Blocks": 0,                                                                                                                                                 
           "Plans": [                                                                                                                                                                
             {                                                                                                                                                                       
               "Node Type": "Seq Scan",                                                                                                                                              
               "Parent Relationship": "Outer",                                                                                                                                       
               "Parallel Aware": false,                                                                                                                                              
               "Relation Name": "name",                                                                                                                                              
               "Alias": "n",                                                                                                                                                         
               "Startup Cost": 0.00,                                                                                                                                                 
               "Total Cost": 2032.56,                                                                                                                                                
               "Plan Rows": 4167491,                                                                                                                                                 
               "Plan Width": 4,                                                                                                                                                      
               "Actual Startup Time": 23.811,                                                                                                                                        
               "Actual Total Time": 709.189,                                                                                                                                         
               "Actual Rows": 4167491,                                                                                                                                               
               "Actual Loops": 1,                                                                                                                                                    
               "Shared Hit Blocks": 1,                                                                                                                                               
               "Shared Read Blocks": 55612,                                                                                                                                          
               "Shared Dirtied Blocks": 0,                                                                                                                                           
               "Shared Written Blocks": 0,                                                                                                                                           
               "Local Hit Blocks": 0,                                                                                                                                                
               "Local Read Blocks": 0,                                                                                                                                               
               "Local Dirtied Blocks": 0,                                                                                                                                            
               "Local Written Blocks": 0,                                                                                                                                            
               "Temp Read Blocks": 0,                                                                                                                                                
               "Temp Written Blocks": 0                                                                                                                                              
             },                                                                                                                                                                      
             {                                                                                                                                                                       
               "Node Type": "Materialize",                                                                                                                                           
               "Parent Relationship": "Inner",                                                                                                                                       
               "Parallel Aware": false,                                                                                                                                              
               "Startup Cost": 9370.30,                                                                                                                                              
               "Total Cost": 32434.91,                                                                                                                                               
               "Plan Rows": 1,                                                                                                                                                       
               "Plan Width": 21,                                                                                                                                                     
               "Actual Startup Time": 8.438,                                                                                                                                         
               "Actual Total Time": 8.440,                                                                                                                                           
               "Actual Rows": 33,                                                                                                                                                    
               "Actual Loops": 4167491,                                                                                                                                              
               "Shared Hit Blocks": 23,                                                                                                                                              
               "Shared Read Blocks": 351217,                                                                                                                                         
               "Shared Dirtied Blocks": 0,                                                                                                                                           
               "Shared Written Blocks": 0,                                                                                                                                           
               "Local Hit Blocks": 0,                                                                                                                                                
               "Local Read Blocks": 0,                                                                                                                                               
               "Local Dirtied Blocks": 0,                                                                                                                                            
               "Local Written Blocks": 0,                                                                                                                                            
               "Temp Read Blocks": 0,                                                                                                                                                
               "Temp Written Blocks": 0,                                                                                                                                             
               "Plans": [                                                                                                                                                            
                 {                                                                                                                                                                   
                   "Node Type": "Nested Loop",                                                                                                                                       
                   "Parent Relationship": "Outer",                                                                                                                                   
                   "Parallel Aware": false,                                                                                                                                          
                   "Join Type": "Inner",                                                                                                                                             
                   "Startup Cost": 9370.30,                                                                                                                                          
                   "Total Cost": 32434.91,                                                                                                                                           
                   "Plan Rows": 1,                                                                                                                                                   
                   "Plan Width": 21,                                                                                                                                                 
                   "Actual Startup Time": 35164236.114,                                                                                                                              
                   "Actual Total Time": 35167425.265,                                                                                                                                
                   "Actual Rows": 33,                                                                                                                                                
                   "Actual Loops": 1,                                                                                                                                                
                   "Inner Unique": false,                                                                                                                                            
                   "Join Filter": "(ci.person_role_id = chn.id)",                                                                                                                    
                   "Rows Removed by Join Filter": 15984237,                                                                                                                          
                   "Shared Hit Blocks": 23,                                                                                                                                          
                   "Shared Read Blocks": 351217,                                                                                                                                     
                   "Shared Dirtied Blocks": 0,                                                                                                                                       
                   "Shared Written Blocks": 0,                                                                                                                                       
                   "Local Hit Blocks": 0,                                                                                                                                            
                   "Local Read Blocks": 0,                                                                                                                                           
                   "Local Dirtied Blocks": 0,                                                                                                                                        
                   "Local Written Blocks": 0,                                                                                                                                        
                   "Temp Read Blocks": 0,                                                                                                                                            
                   "Temp Written Blocks": 0,                                                                                                                                         
                   "Plans": [                                                                                                                                                        
                     {                                                                                                                                                               
                       "Node Type": "Seq Scan",                                                                                                                                      
                       "Parent Relationship": "Outer",                                                                                                                               
                       "Parallel Aware": false,                                                                                                                                      
                       "Relation Name": "char_name",                                                                                                                                 
                       "Alias": "chn",                                                                                                                                               
                       "Startup Cost": 0.00,                                                                                                                                         
                       "Total Cost": 2091.81,                                                                                                                                        
                       "Plan Rows": 628,                                                                                                                                             
                       "Plan Width": 4,                                                                                                                                              
                       "Actual Startup Time": 60.185,                                                                                                                                
                       "Actual Total Time": 1218.518,                                                                                                                                
                       "Actual Rows": 30,                                                                                                                                            
                       "Actual Loops": 1,                                                                                                                                            
                       "Filter": "((name !~~ '%Sherlock%'::text) AND ((name ~~ '%Tony%Stark%'::text) OR (name ~~ '%Iron%Man%'::text)))",                                             
                       "Rows Removed by Filter": 3140309,                                                                                                                            
                       "Shared Hit Blocks": 2,                                                                                                                                       
                       "Shared Read Blocks": 36445,                                                                                                                                  
                       "Shared Dirtied Blocks": 0,                                                                                                                                   
                       "Shared Written Blocks": 0,                                                                                                                                   
                       "Local Hit Blocks": 0,                                                                                                                                        
                       "Local Read Blocks": 0,                                                                                                                                       
                       "Local Dirtied Blocks": 0,                                                                                                                                    
                       "Local Written Blocks": 0,                                                                                                                                    
                       "Temp Read Blocks": 0,                                                                                                                                        
                       "Temp Written Blocks": 0                                                                                                                                      
                     },                                                                                                                                                              
                     {                                                                                                                                                               
                       "Node Type": "Materialize",                                                                                                                                   
                       "Parent Relationship": "Inner",                                                                                                                               
                       "Parallel Aware": false,                                                                                                                                      
                       "Startup Cost": 9370.30,                                                                                                                                      
                       "Total Cost": 30342.25,                                                                                                                                       
                       "Plan Rows": 6,                                                                                                                                               
                       "Plan Width": 25,                                                                                                                                             
                       "Actual Startup Time": 21147.444,                                                                                                                             
                       "Actual Total Time": 1172158.957,                                                                                                                             
                       "Actual Rows": 532809,                                                                                                                                        
                       "Actual Loops": 30,                                                                                                                                           
                       "Shared Hit Blocks": 21,                                                                                                                                      
                       "Shared Read Blocks": 314772,                                                                                                                                 
                       "Shared Dirtied Blocks": 0,                                                                                                                                   
                       "Shared Written Blocks": 0,                                                                                                                                   
                       "Local Hit Blocks": 0,                                                                                                                                        
                       "Local Read Blocks": 0,                                                                                                                                       
                       "Local Dirtied Blocks": 0,                                                                                                                                    
                       "Local Written Blocks": 0,                                                                                                                                    
                       "Temp Read Blocks": 0,                                                                                                                                        
                       "Temp Written Blocks": 0,                                                                                                                                     
                       "Plans": [                                                                                                                                                    
                         {                                                                                                                                                           
                           "Node Type": "Nested Loop",                                                                                                                               
                           "Parent Relationship": "Outer",                                                                                                                           
                           "Parallel Aware": false,                                                                                                                                  
                           "Join Type": "Inner",                                                                                                                                     
                           "Startup Cost": 9370.30,                                                                                                                                  
                           "Total Cost": 30342.25,                                                                                                                                   
                           "Plan Rows": 6,                                                                                                                                           
                           "Plan Width": 25,                                                                                                                                         
                           "Actual Startup Time": 634423.291,                                                                                                                        
                           "Actual Total Time": 35163885.976,                                                                                                                        
                           "Actual Rows": 532809,                                                                                                                                    
                           "Actual Loops": 1,                                                                                                                                        
                           "Inner Unique": false,                                                                                                                                    
                           "Join Filter": "(t.id = ci.movie_id)",                                                                                                                    
                           "Rows Removed by Join Filter": 218045440695,                                                                                                              
                           "Shared Hit Blocks": 21,                                                                                                                                  
                           "Shared Read Blocks": 314772,                                                                                                                             
                           "Shared Dirtied Blocks": 0,                                                                                                                               
                           "Shared Written Blocks": 0,                                                                                                                               
                           "Local Hit Blocks": 0,                                                                                                                                    
                           "Local Read Blocks": 0,                                                                                                                                   
                           "Local Dirtied Blocks": 0,                                                                                                                                
                           "Local Written Blocks": 0,                                                                                                                                
                           "Temp Read Blocks": 0,                                                                                                                                    
                           "Temp Written Blocks": 0,                                                                                                                                 
                           "Plans": [                                                                                                                                                
                             {                                                                                                                                                       
                               "Node Type": "Seq Scan",                                                                                                                              
                               "Parent Relationship": "Outer",                                                                                                                       
                               "Parallel Aware": false,                                                                                                                              
                               "Relation Name": "cast_info",                                                                                                                         
                               "Alias": "ci",                                                                                                                                        
                               "Startup Cost": 0.00,                                                                                                                                 
                               "Total Cost": 10431.00,                                                                                                                               
                               "Plan Rows": 36244344,                                                                                                                                
                               "Plan Width": 12,                                                                                                                                     
                               "Actual Startup Time": 0.006,                                                                                                                         
                               "Actual Total Time": 4833.395,                                                                                                                        
                               "Actual Rows": 36244344,                                                                                                                              
                               "Actual Loops": 1,                                                                                                                                    
                               "Shared Hit Blocks": 5,                                                                                                                               
                               "Shared Read Blocks": 252649,                                                                                                                         
                               "Shared Dirtied Blocks": 0,                                                                                                                           
                               "Shared Written Blocks": 0,                                                                                                                           
                               "Local Hit Blocks": 0,                                                                                                                                
                               "Local Read Blocks": 0,                                                                                                                               
                               "Local Dirtied Blocks": 0,                                                                                                                            
                               "Local Written Blocks": 0,                                                                                                                            
                               "Temp Read Blocks": 0,                                                                                                                                
                               "Temp Written Blocks": 0                                                                                                                              
                             },                                                                                                                                                      
                             {                                                                                                                                                       
                               "Node Type": "Materialize",                                                                                                                           
                               "Parent Relationship": "Inner",                                                                                                                       
                               "Parallel Aware": false,                                                                                                                              
                               "Startup Cost": 9370.30,                                                                                                                              
                               "Total Cost": 11777.25,                                                                                                                               
                               "Plan Rows": 1,                                                                                                                                       
                               "Plan Width": 29,                                                                                                                                     
                               "Actual Startup Time": 0.001,                                                                                                                         
                               "Actual Total Time": 0.296,                                                                                                                           
                               "Actual Rows": 6016,                                                                                                                                  
                               "Actual Loops": 36244344,                                                                                                                             
                               "Shared Hit Blocks": 16,                                                                                                                              
                               "Shared Read Blocks": 62123,                                                                                                                          
                               "Shared Dirtied Blocks": 0,                                                                                                                           
                               "Shared Written Blocks": 0,                                                                                                                           
                               "Local Hit Blocks": 0,                                                                                                                                
                               "Local Read Blocks": 0,                                                                                                                               
                               "Local Dirtied Blocks": 0,                                                                                                                            
                               "Local Written Blocks": 0,                                                                                                                            
                               "Temp Read Blocks": 0,                                                                                                                                
                               "Temp Written Blocks": 0,                                                                                                                             
                               "Plans": [                                                                                                                                            
                                 {                                                                                                                                                   
                                   "Node Type": "Nested Loop",                                                                                                                       
                                   "Parent Relationship": "Outer",                                                                                                                   
                                   "Parallel Aware": false,                                                                                                                          
                                   "Join Type": "Inner",                                                                                                                             
                                   "Startup Cost": 9370.30,                                                                                                                          
                                   "Total Cost": 11777.25,                                                                                                                           
                                   "Plan Rows": 1,                                                                                                                                   
                                   "Plan Width": 29,                                                                                                                                 
                                   "Actual Startup Time": 38754.736,                                                                                                                 
                                   "Actual Total Time": 634401.762,                                                                                                                  
                                   "Actual Rows": 6016,                                                                                                                              
                                   "Actual Loops": 1,                                                                                                                                
                                   "Inner Unique": false,                                                                                                                            
                                   "Join Filter": "(t.id = mk.movie_id)",                                                                                                            
                                   "Rows Removed by Join Filter": 4316607479,                                                                                                        
                                   "Shared Hit Blocks": 16,                                                                                                                          
                                   "Shared Read Blocks": 62123,                                                                                                                      
                                   "Shared Dirtied Blocks": 0,                                                                                                                       
                                   "Shared Written Blocks": 0,                                                                                                                       
                                   "Local Hit Blocks": 0,                                                                                                                            
                                   "Local Read Blocks": 0,                                                                                                                           
                                   "Local Dirtied Blocks": 0,                                                                                                                        
                                   "Local Written Blocks": 0,                                                                                                                        
                                   "Temp Read Blocks": 0,                                                                                                                            
                                   "Temp Written Blocks": 0,                                                                                                                         
                                   "Plans": [                                                                                                                                        
                                     {                                                                                                                                               
                                       "Node Type": "Merge Join",                                                                                                                    
                                       "Parent Relationship": "Outer",                                                                                                               
                                       "Parallel Aware": false,                                                                                                                      
                                       "Join Type": "Inner",                                                                                                                         
                                       "Startup Cost": 9370.30,                                                                                                                      
                                       "Total Cost": 9371.63,                                                                                                                        
                                       "Plan Rows": 5,                                                                                                                               
                                       "Plan Width": 8,                                                                                                                              
                                       "Actual Startup Time": 6814.940,                                                                                                              
                                       "Actual Total Time": 6860.001,                                                                                                                
                                       "Actual Rows": 8765,                                                                                                                          
                                       "Actual Loops": 1,                                                                                                                            
                                       "Inner Unique": false,                                                                                                                        
                                       "Merge Cond": "(mk.movie_id = cc.movie_id)",                                                                                                  
                                       "Shared Hit Blocks": 13,                                                                                                                      
                                       "Shared Read Blocks": 26127,                                                                                                                  
                                       "Shared Dirtied Blocks": 0,                                                                                                                   
                                       "Shared Written Blocks": 0,                                                                                                                   
                                       "Local Hit Blocks": 0,                                                                                                                        
                                       "Local Read Blocks": 0,                                                                                                                       
                                       "Local Dirtied Blocks": 0,                                                                                                                    
                                       "Local Written Blocks": 0,                                                                                                                    
                                       "Temp Read Blocks": 0,                                                                                                                        
                                       "Temp Written Blocks": 0,                                                                                                                     
                                       "Plans": [                                                                                                                                    
                                         {                                                                                                                                           
                                           "Node Type": "Sort",                                                                                                                      
                                           "Parent Relationship": "Outer",                                                                                                           
                                           "Parallel Aware": false,                                                                                                                  
                                           "Startup Cost": 9282.97,                                                                                                                  
                                           "Total Cost": 9282.99,                                                                                                                    
                                           "Plan Rows": 270,                                                                                                                         
                                           "Plan Width": 4,                                                                                                                          
                                           "Actual Startup Time": 6654.509,                                                                                                          
                                           "Actual Total Time": 6660.259,                                                                                                            
                                           "Actual Rows": 35548,                                                                                                                     
                                           "Actual Loops": 1,                                                                                                                        
                                           "Sort Key": ["mk.movie_id"],                                                                                                              
                                           "Sort Method": "quicksort",                                                                                                               
                                           "Sort Space Used": 3203,                                                                                                                  
                                           "Sort Space Type": "Memory",                                                                                                              
                                           "Shared Hit Blocks": 9,                                                                                                                   
                                           "Shared Read Blocks": 25398,                                                                                                              
                                           "Shared Dirtied Blocks": 0,                                                                                                               
                                           "Shared Written Blocks": 0,                                                                                                               
                                           "Local Hit Blocks": 0,                                                                                                                    
                                           "Local Read Blocks": 0,                                                                                                                   
                                           "Local Dirtied Blocks": 0,                                                                                                                
                                           "Local Written Blocks": 0,                                                                                                                
                                           "Temp Read Blocks": 0,                                                                                                                    
                                           "Temp Written Blocks": 0,                                                                                                                 
                                           "Plans": [                                                                                                                                
                                             {                                                                                                                                       
                                               "Node Type": "Nested Loop",                                                                                                           
                                               "Parent Relationship": "Outer",                                                                                                       
                                               "Parallel Aware": false,                                                                                                              
                                               "Join Type": "Inner",                                                                                                                 
                                               "Startup Cost": 0.00,                                                                                                                 
                                               "Total Cost": 9282.63,                                                                                                                
                                               "Plan Rows": 270,                                                                                                                     
                                               "Plan Width": 4,                                                                                                                      
                                               "Actual Startup Time": 109.823,                                                                                                       
                                               "Actual Total Time": 6616.480,                                                                                                        
                                               "Actual Rows": 35548,                                                                                                                 
                                               "Actual Loops": 1,                                                                                                                    
                                               "Inner Unique": true,                                                                                                                 
                                               "Join Filter": "(k.id = mk.keyword_id)",                                                                                              
                                               "Rows Removed by Join Filter": 36034353,                                                                                              
                                               "Shared Hit Blocks": 5,                                                                                                               
                                               "Shared Read Blocks": 25398,                                                                                                          
                                               "Shared Dirtied Blocks": 0,                                                                                                           
                                               "Shared Written Blocks": 0,                                                                                                           
                                               "Local Hit Blocks": 0,                                                                                                                
                                               "Local Read Blocks": 0,                                                                                                               
                                               "Local Dirtied Blocks": 0,                                                                                                            
                                               "Local Written Blocks": 0,                                                                                                            
                                               "Temp Read Blocks": 0,                                                                                                                
                                               "Temp Written Blocks": 0,                                                                                                             
                                               "Plans": [                                                                                                                            
                                                 {                                                                                                                                   
                                                   "Node Type": "Seq Scan",                                                                                                          
                                                   "Parent Relationship": "Outer",                                                                                                   
                                                   "Parallel Aware": false,                                                                                                          
                                                   "Relation Name": "movie_keyword",                                                                                                 
                                                   "Alias": "mk",                                                                                                                    
                                                   "Startup Cost": 0.00,                                                                                                             
                                                   "Total Cost": 1079.84,                                                                                                            
                                                   "Plan Rows": 4523930,                                                                                                             
                                                   "Plan Width": 8,                                                                                                                  
                                                   "Actual Startup Time": 0.007,                                                                                                     
                                                   "Actual Total Time": 496.301,                                                                                                     
                                                   "Actual Rows": 4523930,                                                                                                           
                                                   "Actual Loops": 1,                                                                                                                
                                                   "Shared Hit Blocks": 3,                                                                                                           
                                                   "Shared Read Blocks": 24451,                                                                                                      
                                                   "Shared Dirtied Blocks": 0,                                                                                                       
                                                   "Shared Written Blocks": 0,                                                                                                       
                                                   "Local Hit Blocks": 0,                                                                                                            
                                                   "Local Read Blocks": 0,                                                                                                           
                                                   "Local Dirtied Blocks": 0,                                                                                                        
                                                   "Local Written Blocks": 0,                                                                                                        
                                                   "Temp Read Blocks": 0,                                                                                                            
                                                   "Temp Written Blocks": 0                                                                                                          
                                                 },                                                                                                                                  
                                                 {                                                                                                                                   
                                                   "Node Type": "Materialize",                                                                                                       
                                                   "Parent Relationship": "Inner",                                                                                                   
                                                   "Parallel Aware": false,                                                                                                          
                                                   "Startup Cost": 0.00,                                                                                                             
                                                   "Total Cost": 80.71,                                                                                                              
                                                   "Plan Rows": 8,                                                                                                                   
                                                   "Plan Width": 4,                                                                                                                  
                                                   "Actual Startup Time": 0.000,                                                                                                     
                                                   "Actual Total Time": 0.000,                                                                                                       
                                                   "Actual Rows": 8,                                                                                                                 
                                                   "Actual Loops": 4523930,                                                                                                          
                                                   "Shared Hit Blocks": 2,                                                                                                           
                                                   "Shared Read Blocks": 947,                                                                                                        
                                                   "Shared Dirtied Blocks": 0,                                                                                                       
                                                   "Shared Written Blocks": 0,                                                                                                       
                                                   "Local Hit Blocks": 0,                                                                                                            
                                                   "Local Read Blocks": 0,                                                                                                           
                                                   "Local Dirtied Blocks": 0,                                                                                                        
                                                   "Local Written Blocks": 0,                                                                                                        
                                                   "Temp Read Blocks": 0,                                                                                                            
                                                   "Temp Written Blocks": 0,                                                                                                         
                                                   "Plans": [                                                                                                                        
                                                     {                                                                                                                               
                                                       "Node Type": "Seq Scan",                                                                                                      
                                                       "Parent Relationship": "Outer",                                                                                               
                                                       "Parallel Aware": false,                                                                                                      
                                                       "Relation Name": "keyword",                                                                                                   
                                                       "Alias": "k",                                                                                                                 
                                                       "Startup Cost": 0.00,                                                                                                         
                                                       "Total Cost": 80.71,                                                                                                          
                                                       "Plan Rows": 8,                                                                                                               
                                                       "Plan Width": 4,                                                                                                              
                                                       "Actual Startup Time": 19.357,                                                                                                
                                                       "Actual Total Time": 84.464,                                                                                                  
                                                       "Actual Rows": 8,                                                                                                             
                                                       "Actual Loops": 1,                                                                                                            
                                                       "Filter": "(keyword = ANY ('{superhero,sequel,second-part,marvel-comics,based-on-comic,tv-special,fight,violence}'::text[]))",
                                                       "Rows Removed by Filter": 134162,                                                                                             
                                                       "Shared Hit Blocks": 2,                                                                                                       
                                                       "Shared Read Blocks": 947,                                                                                                    
                                                       "Shared Dirtied Blocks": 0,                                                                                                   
                                                       "Shared Written Blocks": 0,                                                                                                   
                                                       "Local Hit Blocks": 0,                                                                                                        
                                                       "Local Read Blocks": 0,                                                                                                       
                                                       "Local Dirtied Blocks": 0,                                                                                                    
                                                       "Local Written Blocks": 0,                                                                                                    
                                                       "Temp Read Blocks": 0,                                                                                                        
                                                       "Temp Written Blocks": 0                                                                                                      
                                                     }                                                                                                                               
                                                   ]                                                                                                                                 
                                                 }                                                                                                                                   
                                               ]                                                                                                                                     
                                             }                                                                                                                                       
                                           ]                                                                                                                                         
                                         },                                                                                                                                          
                                         {                                                                                                                                           
                                           "Node Type": "Sort",                                                                                                                      
                                           "Parent Relationship": "Inner",                                                                                                           
                                           "Parallel Aware": false,                                                                                                                  
                                           "Startup Cost": 87.33,                                                                                                                    
                                           "Total Cost": 87.98,                                                                                                                      
                                           "Plan Rows": 8443,                                                                                                                        
                                           "Plan Width": 4,                                                                                                                          
                                           "Actual Startup Time": 160.363,                                                                                                           
                                           "Actual Total Time": 170.107,                                                                                                             
                                           "Actual Rows": 85984,                                                                                                                     
                                           "Actual Loops": 1,                                                                                                                        
                                           "Sort Key": ["cc.movie_id"],                                                                                                              
                                           "Sort Method": "quicksort",                                                                                                               
                                           "Sort Space Used": 7101,                                                                                                                  
                                           "Sort Space Type": "Memory",                                                                                                              
                                           "Shared Hit Blocks": 4,                                                                                                                   
                                           "Shared Read Blocks": 729,                                                                                                                
                                           "Shared Dirtied Blocks": 0,                                                                                                               
                                           "Shared Written Blocks": 0,                                                                                                               
                                           "Local Hit Blocks": 0,                                                                                                                    
                                           "Local Read Blocks": 0,                                                                                                                   
                                           "Local Dirtied Blocks": 0,                                                                                                                
                                           "Local Written Blocks": 0,                                                                                                                
                                           "Temp Read Blocks": 0,                                                                                                                    
                                           "Temp Written Blocks": 0,                                                                                                                 
                                           "Plans": [                                                                                                                                
                                             {                                                                                                                                       
                                               "Node Type": "Nested Loop",                                                                                                           
                                               "Parent Relationship": "Outer",                                                                                                       
                                               "Parallel Aware": false,                                                                                                              
                                               "Join Type": "Inner",                                                                                                                 
                                               "Startup Cost": 0.00,                                                                                                                 
                                               "Total Cost": 70.23,                                                                                                                  
                                               "Plan Rows": 8443,                                                                                                                    
                                               "Plan Width": 4,                                                                                                                      
                                               "Actual Startup Time": 22.742,                                                                                                        
                                               "Actual Total Time": 129.912,                                                                                                         
                                               "Actual Rows": 85941,                                                                                                                 
                                               "Actual Loops": 1,                                                                                                                    
                                               "Inner Unique": true,                                                                                                                 
                                               "Join Filter": "(cc.status_id = cct.id)",                                                                                            
                                               "Rows Removed by Join Filter": 17879,                                                                                                 
                                               "Shared Hit Blocks": 4,                                                                                                               
                                               "Shared Read Blocks": 729,                                                                                                            
                                               "Shared Dirtied Blocks": 0,                                                                                                           
                                               "Shared Written Blocks": 0,                                                                                                           
                                               "Local Hit Blocks": 0,                                                                                                                
                                               "Local Read Blocks": 0,                                                                                                               
                                               "Local Dirtied Blocks": 0,                                                                                                            
                                               "Local Written Blocks": 0,                                                                                                            
                                               "Temp Read Blocks": 0,                                                                                                                
                                               "Temp Written Blocks": 0,                                                                                                             
                                               "Plans": [                                                                                                                            
                                                 {                                                                                                                                   
                                                   "Node Type": "Nested Loop",                                                                                                       
                                                   "Parent Relationship": "Outer",                                                                                                   
                                                   "Parallel Aware": false,                                                                                                          
                                                   "Join Type": "Inner",                                                                                                             
                                                   "Startup Cost": 0.00,                                                                                                             
                                                   "Total Cost": 62.62,                                                                                                              
                                                   "Plan Rows": 33772,                                                                                                               
                                                   "Plan Width": 8,                                                                                                                  
                                                   "Actual Startup Time": 22.723,                                                                                                    
                                                   "Actual Total Time": 94.812,                                                                                                      
                                                   "Actual Rows": 85941,                                                                                                             
                                                   "Actual Loops": 1,                                                                                                                
                                                   "Inner Unique": true,                                                                                                             
                                                   "Join Filter": "(cc.subject_id = cct.id)",                                                                                       
                                                   "Rows Removed by Join Filter": 49145,                                                                                             
                                                   "Shared Hit Blocks": 3,                                                                                                           
                                                   "Shared Read Blocks": 729,                                                                                                        
                                                   "Shared Dirtied Blocks": 0,                                                                                                       
                                                   "Shared Written Blocks": 0,                                                                                                       
                                                   "Local Hit Blocks": 0,                                                                                                            
                                                   "Local Read Blocks": 0,                                                                                                           
                                                   "Local Dirtied Blocks": 0,                                                                                                        
                                                   "Local Written Blocks": 0,                                                                                                        
                                                   "Temp Read Blocks": 0,                                                                                                            
                                                   "Temp Written Blocks": 0,                                                                                                         
                                                   "Plans": [                                                                                                                        
                                                     {                                                                                                                               
                                                       "Node Type": "Seq Scan",                                                                                                      
                                                       "Parent Relationship": "Outer",                                                                                               
                                                       "Parallel Aware": false,                                                                                                      
                                                       "Relation Name": "complete_cast",                                                                                             
                                                       "Alias": "cc",                                                                                                                
                                                       "Startup Cost": 0.00,                                                                                                         
                                                       "Total Cost": 32.27,                                                                                                          
                                                       "Plan Rows": 135086,                                                                                                          
                                                       "Plan Width": 12,                                                                                                             
                                                       "Actual Startup Time": 22.685,                                                                                                
                                                       "Actual Total Time": 39.463,                                                                                                  
                                                       "Actual Rows": 135086,                                                                                                        
                                                       "Actual Loops": 1,                                                                                                            
                                                       "Shared Hit Blocks": 2,                                                                                                       
                                                       "Shared Read Blocks": 729,                                                                                                    
                                                       "Shared Dirtied Blocks": 0,                                                                                                   
                                                       "Shared Written Blocks": 0,                                                                                                   
                                                       "Local Hit Blocks": 0,                                                                                                        
                                                       "Local Read Blocks": 0,                                                                                                       
                                                       "Local Dirtied Blocks": 0,                                                                                                    
                                                       "Local Written Blocks": 0,                                                                                                    
                                                       "Temp Read Blocks": 0,                                                                                                        
                                                       "Temp Written Blocks": 0                                                                                                      
                                                     },                                                                                                                              
                                                     {                                                                                                                               
                                                       "Node Type": "Materialize",                                                                                                   
                                                       "Parent Relationship": "Inner",                                                                                               
                                                       "Parallel Aware": false,                                                                                                      
                                                       "Startup Cost": 0.00,                                                                                                         
                                                       "Total Cost": 0.03,                                                                                                           
                                                       "Plan Rows": 1,                                                                                                               
                                                       "Plan Width": 4,                                                                                                              
                                                       "Actual Startup Time": 0.000,                                                                                                 
                                                       "Actual Total Time": 0.000,                                                                                                   
                                                       "Actual Rows": 1,                                                                                                             
                                                       "Actual Loops": 135086,                                                                                                       
                                                       "Shared Hit Blocks": 1,                                                                                                       
                                                       "Shared Read Blocks": 0,                                                                                                      
                                                       "Shared Dirtied Blocks": 0,                                                                                                   
                                                       "Shared Written Blocks": 0,                                                                                                   
                                                       "Local Hit Blocks": 0,                                                                                                        
                                                       "Local Read Blocks": 0,                                                                                                       
                                                       "Local Dirtied Blocks": 0,                                                                                                    
                                                       "Local Written Blocks": 0,                                                                                                    
                                                       "Temp Read Blocks": 0,                                                                                                        
                                                       "Temp Written Blocks": 0,                                                                                                     
                                                       "Plans": [                                                                                                                    
                                                         {                                                                                                                           
                                                           "Node Type": "Seq Scan",                                                                                                  
                                                           "Parent Relationship": "Outer",                                                                                           
                                                           "Parallel Aware": false,                                                                                                  
                                                           "Relation Name": "comp_cast_type",                                                                                        
                                                           "Alias": "cct",                                                                                                          
                                                           "Startup Cost": 0.00,                                                                                                     
                                                           "Total Cost": 0.03,                                                                                                       
                                                           "Plan Rows": 1,                                                                                                           
                                                           "Plan Width": 4,                                                                                                          
                                                           "Actual Startup Time": 0.018,                                                                                             
                                                           "Actual Total Time": 0.022,                                                                                               
                                                           "Actual Rows": 1,                                                                                                         
                                                           "Actual Loops": 1,                                                                                                        
                                                           "Filter": "((kind)::text = 'cast'::text)",                                                                                
                                                           "Rows Removed by Filter": 3,                                                                                              
                                                           "Shared Hit Blocks": 1,                                                                                                   
                                                           "Shared Read Blocks": 0,                                                                                                  
                                                           "Shared Dirtied Blocks": 0,                                                                                               
                                                           "Shared Written Blocks": 0,                                                                                               
                                                           "Local Hit Blocks": 0,                                                                                                    
                                                           "Local Read Blocks": 0,                                                                                                   
                                                           "Local Dirtied Blocks": 0,                                                                                                
                                                           "Local Written Blocks": 0,                                                                                                
                                                           "Temp Read Blocks": 0,                                                                                                    
                                                           "Temp Written Blocks": 0                                                                                                  
                                                         }                                                                                                                           
                                                       ]                                                                                                                             
                                                     }                                                                                                                               
                                                   ]                                                                                                                                 
                                                 },                                                                                                                                  
                                                 {                                                                                                                                   
                                                   "Node Type": "Materialize",                                                                                                       
                                                   "Parent Relationship": "Inner",                                                                                                   
                                                   "Parallel Aware": false,                                                                                                          
                                                   "Startup Cost": 0.00,                                                                                                             
                                                   "Total Cost": 0.03,                                                                                                               
                                                   "Plan Rows": 1,                                                                                                                   
                                                   "Plan Width": 4,                                                                                                                  
                                                   "Actual Startup Time": 0.000,                                                                                                     
                                                   "Actual Total Time": 0.000,                                                                                                       
                                                   "Actual Rows": 1,                                                                                                                 
                                                   "Actual Loops": 85941,                                                                                                            
                                                   "Shared Hit Blocks": 1,                                                                                                           
                                                   "Shared Read Blocks": 0,                                                                                                          
                                                   "Shared Dirtied Blocks": 0,                                                                                                       
                                                   "Shared Written Blocks": 0,                                                                                                       
                                                   "Local Hit Blocks": 0,                                                                                                            
                                                   "Local Read Blocks": 0,                                                                                                           
                                                   "Local Dirtied Blocks": 0,                                                                                                        
                                                   "Local Written Blocks": 0,                                                                                                        
                                                   "Temp Read Blocks": 0,                                                                                                            
                                                   "Temp Written Blocks": 0,                                                                                                         
                                                   "Plans": [                                                                                                                        
                                                     {                                                                                                                               
                                                       "Node Type": "Seq Scan",                                                                                                      
                                                       "Parent Relationship": "Outer",                                                                                               
                                                       "Parallel Aware": false,                                                                                                      
                                                       "Relation Name": "comp_cast_type",                                                                                            
                                                       "Alias": "cct",                                                                                                              
                                                       "Startup Cost": 0.00,                                                                                                         
                                                       "Total Cost": 0.03,                                                                                                           
                                                       "Plan Rows": 1,                                                                                                               
                                                       "Plan Width": 4,                                                                                                              
                                                       "Actual Startup Time": 0.009,                                                                                                 
                                                       "Actual Total Time": 0.010,                                                                                                   
                                                       "Actual Rows": 2,                                                                                                             
                                                       "Actual Loops": 1,                                                                                                            
                                                       "Filter": "((kind)::text ~~ '%complete%'::text)",                                                                             
                                                       "Rows Removed by Filter": 2,                                                                                                  
                                                       "Shared Hit Blocks": 1,                                                                                                       
                                                       "Shared Read Blocks": 0,                                                                                                      
                                                       "Shared Dirtied Blocks": 0,                                                                                                   
                                                       "Shared Written Blocks": 0,                                                                                                   
                                                       "Local Hit Blocks": 0,                                                                                                        
                                                       "Local Read Blocks": 0,                                                                                                       
                                                       "Local Dirtied Blocks": 0,                                                                                                    
                                                       "Local Written Blocks": 0,                                                                                                    
                                                       "Temp Read Blocks": 0,                                                                                                        
                                                       "Temp Written Blocks": 0                                                                                                      
                                                     }                                                                                                                               
                                                   ]                                                                                                                                 
                                                 }                                                                                                                                   
                                               ]                                                                                                                                     
                                             }                                                                                                                                       
                                           ]                                                                                                                                         
                                         }                                                                                                                                           
                                       ]                                                                                                                                             
                                     },                                                                                                                                              
                                     {                                                                                                                                               
                                       "Node Type": "Materialize",                                                                                                                   
                                       "Parent Relationship": "Inner",                                                                                                               
                                       "Parallel Aware": false,                                                                                                                      
                                       "Startup Cost": 0.00,                                                                                                                         
                                       "Total Cost": 2064.34,                                                                                                                        
                                       "Plan Rows": 326753,                                                                                                                          
                                       "Plan Width": 21,                                                                                                                             
                                       "Actual Startup Time": 0.010,                                                                                                                 
                                       "Actual Total Time": 21.959,                                                                                                                  
                                       "Actual Rows": 492483,                                                                                                                        
                                       "Actual Loops": 8765,                                                                                                                         
                                       "Shared Hit Blocks": 3,                                                                                                                       
                                       "Shared Read Blocks": 35996,                                                                                                                  
                                       "Shared Dirtied Blocks": 0,                                                                                                                   
                                       "Shared Written Blocks": 0,                                                                                                                   
                                       "Local Hit Blocks": 0,                                                                                                                        
                                       "Local Read Blocks": 0,                                                                                                                       
                                       "Local Dirtied Blocks": 0,                                                                                                                    
                                       "Local Written Blocks": 0,                                                                                                                    
                                       "Temp Read Blocks": 0,                                                                                                                        
                                       "Temp Written Blocks": 0,                                                                                                                     
                                       "Plans": [                                                                                                                                    
                                         {                                                                                                                                           
                                           "Node Type": "Nested Loop",                                                                                                               
                                           "Parent Relationship": "Outer",                                                                                                           
                                           "Parallel Aware": false,                                                                                                                  
                                           "Join Type": "Inner",                                                                                                                     
                                           "Startup Cost": 0.00,                                                                                                                     
                                           "Total Cost": 2013.60,                                                                                                                    
                                           "Plan Rows": 326753,                                                                                                                      
                                           "Plan Width": 21,                                                                                                                         
                                           "Actual Startup Time": 87.773,                                                                                                            
                                           "Actual Total Time": 1733.320,                                                                                                            
                                           "Actual Rows": 492483,                                                                                                                    
                                           "Actual Loops": 1,                                                                                                                        
                                           "Inner Unique": true,                                                                                                                     
                                           "Join Filter": "(kt.id = t.kind_id)",                                                                                                     
                                           "Rows Removed by Join Filter": 1794788,                                                                                                   
                                           "Shared Hit Blocks": 3,                                                                                                                   
                                           "Shared Read Blocks": 35996,                                                                                                              
                                           "Shared Dirtied Blocks": 0,                                                                                                               
                                           "Shared Written Blocks": 0,                                                                                                               
                                           "Local Hit Blocks": 0,                                                                                                                    
                                           "Local Read Blocks": 0,                                                                                                                   
                                           "Local Dirtied Blocks": 0,                                                                                                                
                                           "Local Written Blocks": 0,                                                                                                                
                                           "Temp Read Blocks": 0,                                                                                                                    
                                           "Temp Written Blocks": 0,                                                                                                                 
                                           "Plans": [                                                                                                                                
                                             {                                                                                                                                       
                                               "Node Type": "Seq Scan",                                                                                                              
                                               "Parent Relationship": "Outer",                                                                                                       
                                               "Parallel Aware": false,                                                                                                              
                                               "Relation Name": "title",                                                                                                             
                                               "Alias": "t",                                                                                                                         
                                               "Startup Cost": 0.00,                                                                                                                 
                                               "Total Cost": 1500.26,                                                                                                                
                                               "Plan Rows": 2287272,                                                                                                                 
                                               "Plan Width": 25,                                                                                                                     
                                               "Actual Startup Time": 22.582,                                                                                                        
                                               "Actual Total Time": 877.349,                                                                                                         
                                               "Actual Rows": 2287271,                                                                                                               
                                               "Actual Loops": 1,                                                                                                                    
                                               "Filter": "(production_year > 1950)",                                                                                                 
                                               "Rows Removed by Filter": 241041,                                                                                                     
                                               "Shared Hit Blocks": 2,                                                                                                               
                                               "Shared Read Blocks": 35996,                                                                                                          
                                               "Shared Dirtied Blocks": 0,                                                                                                           
                                               "Shared Written Blocks": 0,                                                                                                           
                                               "Local Hit Blocks": 0,                                                                                                                
                                               "Local Read Blocks": 0,                                                                                                               
                                               "Local Dirtied Blocks": 0,                                                                                                            
                                               "Local Written Blocks": 0,                                                                                                            
                                               "Temp Read Blocks": 0,                                                                                                                
                                               "Temp Written Blocks": 0                                                                                                              
                                             },                                                                                                                                      
                                             {                                                                                                                                       
                                               "Node Type": "Materialize",                                                                                                           
                                               "Parent Relationship": "Inner",                                                                                                       
                                               "Parallel Aware": false,                                                                                                              
                                               "Startup Cost": 0.00,                                                                                                                 
                                               "Total Cost": 0.03,                                                                                                                   
                                               "Plan Rows": 1,                                                                                                                       
                                               "Plan Width": 4,                                                                                                                      
                                               "Actual Startup Time": 0.000,                                                                                                         
                                               "Actual Total Time": 0.000,                                                                                                           
                                               "Actual Rows": 1,                                                                                                                     
                                               "Actual Loops": 2287271,                                                                                                              
                                               "Shared Hit Blocks": 1,                                                                                                               
                                               "Shared Read Blocks": 0,                                                                                                              
                                               "Shared Dirtied Blocks": 0,                                                                                                           
                                               "Shared Written Blocks": 0,                                                                                                           
                                               "Local Hit Blocks": 0,                                                                                                                
                                               "Local Read Blocks": 0,                                                                                                               
                                               "Local Dirtied Blocks": 0,                                                                                                            
                                               "Local Written Blocks": 0,                                                                                                            
                                               "Temp Read Blocks": 0,                                                                                                                
                                               "Temp Written Blocks": 0,                                                                                                             
                                               "Plans": [                                                                                                                            
                                                 {                                                                                                                                   
                                                   "Node Type": "Seq Scan",                                                                                                          
                                                   "Parent Relationship": "Outer",                                                                                                   
                                                   "Parallel Aware": false,                                                                                                          
                                                   "Relation Name": "kind_type",                                                                                                     
                                                   "Alias": "kt",                                                                                                                    
                                                   "Startup Cost": 0.00,                                                                                                             
                                                   "Total Cost": 0.03,                                                                                                               
                                                   "Plan Rows": 1,                                                                                                                   
                                                   "Plan Width": 4,                                                                                                                  
                                                   "Actual Startup Time": 0.016,                                                                                                     
                                                   "Actual Total Time": 0.021,                                                                                                       
                                                   "Actual Rows": 1,                                                                                                                 
                                                   "Actual Loops": 1,                                                                                                                
                                                   "Filter": "((kind)::text = 'movie'::text)",                                                                                       
                                                   "Rows Removed by Filter": 6,                                                                                                      
                                                   "Shared Hit Blocks": 1,                                                                                                           
                                                   "Shared Read Blocks": 0,                                                                                                          
                                                   "Shared Dirtied Blocks": 0,                                                                                                       
                                                   "Shared Written Blocks": 0,                                                                                                       
                                                   "Local Hit Blocks": 0,                                                                                                            
                                                   "Local Read Blocks": 0,                                                                                                           
                                                   "Local Dirtied Blocks": 0,                                                                                                        
                                                   "Local Written Blocks": 0,                                                                                                        
                                                   "Temp Read Blocks": 0,                                                                                                            
                                                   "Temp Written Blocks": 0                                                                                                          
                                                 }                                                                                                                                   
                                               ]                                                                                                                                     
                                             }                                                                                                                                       
                                           ]                                                                                                                                         
                                         }                                                                                                                                           
                                       ]                                                                                                                                             
                                     }                                                                                                                                               
                                   ]                                                                                                                                                 
                                 }                                                                                                                                                   
                               ]                                                                                                                                                     
                             }                                                                                                                                                       
                           ]                                                                                                                                                         
                         }                                                                                                                                                           
                       ]                                                                                                                                                             
                     }                                                                                                                                                               
                   ]                                                                                                                                                                 
                 }                                                                                                                                                                   
               ]                                                                                                                                                                     
             }                                                                                                                                                                       
           ]                                                                                                                                                                         
         }                                                                                                                                                                           
       ]                                                                                                                                                                             
     },                                                                                                                                                                              
     "Planning Time": 6174.217,                                                                                                                                                      
     "Triggers": [                                                                                                                                                                   
     ],                                                                                                                                                                              
     "Execution Time": 35188219.389                                                                                                                                                  
   }                                                                                                                                                                                 
 ]
