 [                                                                                                                                                                                   
   {                                                                                                                                                                                 
     "Plan": {                                                                                                                                                                       
       "Node Type": "Aggregate",                                                                                                                                                     
       "Strategy": "Plain",                                                                                                                                                          
       "Partial Mode": "Simple",                                                                                                                                                     
       "Parallel Aware": false,                                                                                                                                                      
       "Startup Cost": 34432.15,                                                                                                                                                     
       "Total Cost": 34432.15,                                                                                                                                                       
       "Plan Rows": 1,                                                                                                                                                               
       "Plan Width": 32,                                                                                                                                                             
       "Actual Startup Time": 8787220.335,                                                                                                                                           
       "Actual Total Time": 8787220.335,                                                                                                                                             
       "Actual Rows": 1,                                                                                                                                                             
       "Actual Loops": 1,                                                                                                                                                            
       "Shared Hit Blocks": 24,                                                                                                                                                      
       "Shared Read Blocks": 406829,                                                                                                                                                 
       "Shared Dirtied Blocks": 0,                                                                                                                                                   
       "Shared Written Blocks": 0,                                                                                                                                                   
       "Local Hit Blocks": 0,                                                                                                                                                        
       "Local Read Blocks": 0,                                                                                                                                                       
       "Local Dirtied Blocks": 0,                                                                                                                                                    
       "Local Written Blocks": 0,                                                                                                                                                    
       "Temp Read Blocks": 0,                                                                                                                                                        
       "Temp Written Blocks": 0,                                                                                                                                                     
       "Plans": [                                                                                                                                                                    
         {                                                                                                                                                                           
           "Node Type": "Nested Loop",                                                                                                                                               
           "Parent Relationship": "Outer",                                                                                                                                           
           "Parallel Aware": false,                                                                                                                                                  
           "Join Type": "Inner",                                                                                                                                                     
           "Startup Cost": 9370.30,                                                                                                                                                  
           "Total Cost": 34432.15,                                                                                                                                                   
           "Plan Rows": 1,                                                                                                                                                           
           "Plan Width": 17,                                                                                                                                                         
           "Actual Startup Time": 8785576.341,                                                                                                                                       
           "Actual Total Time": 8787220.263,                                                                                                                                         
           "Actual Rows": 17,                                                                                                                                                        
           "Actual Loops": 1,                                                                                                                                                        
           "Inner Unique": false,                                                                                                                                                    
           "Join Filter": "(ci.person_role_id = chn.id)",                                                                                                                            
           "Rows Removed by Join Filter": 793,                                                                                                                                       
           "Shared Hit Blocks": 24,                                                                                                                                                  
           "Shared Read Blocks": 406829,                                                                                                                                             
           "Shared Dirtied Blocks": 0,                                                                                                                                               
           "Shared Written Blocks": 0,                                                                                                                                               
           "Local Hit Blocks": 0,                                                                                                                                                    
           "Local Read Blocks": 0,                                                                                                                                                   
           "Local Dirtied Blocks": 0,                                                                                                                                                
           "Local Written Blocks": 0,                                                                                                                                                
           "Temp Read Blocks": 0,                                                                                                                                                    
           "Temp Written Blocks": 0,                                                                                                                                                 
           "Plans": [                                                                                                                                                                
             {                                                                                                                                                                       
               "Node Type": "Seq Scan",                                                                                                                                              
               "Parent Relationship": "Outer",                                                                                                                                       
               "Parallel Aware": false,                                                                                                                                              
               "Relation Name": "char_name",                                                                                                                                         
               "Alias": "chn",                                                                                                                                                       
               "Startup Cost": 0.00,                                                                                                                                                 
               "Total Cost": 2091.81,                                                                                                                                                
               "Plan Rows": 628,                                                                                                                                                     
               "Plan Width": 4,                                                                                                                                                      
               "Actual Startup Time": 77.346,                                                                                                                                        
               "Actual Total Time": 1743.785,                                                                                                                                        
               "Actual Rows": 30,                                                                                                                                                    
               "Actual Loops": 1,                                                                                                                                                    
               "Filter": "((name !~~ '%Sherlock%'::text) AND ((name ~~ '%Tony%Stark%'::text) OR (name ~~ '%Iron%Man%'::text)))",                                                     
               "Rows Removed by Filter": 3140309,                                                                                                                                    
               "Shared Hit Blocks": 2,                                                                                                                                               
               "Shared Read Blocks": 36445,                                                                                                                                          
               "Shared Dirtied Blocks": 0,                                                                                                                                           
               "Shared Written Blocks": 0,                                                                                                                                           
               "Local Hit Blocks": 0,                                                                                                                                                
               "Local Read Blocks": 0,                                                                                                                                               
               "Local Dirtied Blocks": 0,                                                                                                                                            
               "Local Written Blocks": 0,                                                                                                                                            
               "Temp Read Blocks": 0,                                                                                                                                                
               "Temp Written Blocks": 0                                                                                                                                              
             },                                                                                                                                                                      
             {                                                                                                                                                                       
               "Node Type": "Materialize",                                                                                                                                           
               "Parent Relationship": "Inner",                                                                                                                                       
               "Parallel Aware": false,                                                                                                                                              
               "Startup Cost": 9370.30,                                                                                                                                              
               "Total Cost": 32340.20,                                                                                                                                               
               "Plan Rows": 1,                                                                                                                                                       
               "Plan Width": 21,                                                                                                                                                     
               "Actual Startup Time": 292770.259,                                                                                                                                    
               "Actual Total Time": 292849.209,                                                                                                                                      
               "Actual Rows": 27,                                                                                                                                                    
               "Actual Loops": 30,                                                                                                                                                   
               "Shared Hit Blocks": 22,                                                                                                                                              
               "Shared Read Blocks": 370384,                                                                                                                                         
               "Shared Dirtied Blocks": 0,                                                                                                                                           
               "Shared Written Blocks": 0,                                                                                                                                           
               "Local Hit Blocks": 0,                                                                                                                                                
               "Local Read Blocks": 0,                                                                                                                                               
               "Local Dirtied Blocks": 0,                                                                                                                                            
               "Local Written Blocks": 0,                                                                                                                                            
               "Temp Read Blocks": 0,                                                                                                                                                
               "Temp Written Blocks": 0,                                                                                                                                             
               "Plans": [                                                                                                                                                            
                 {                                                                                                                                                                   
                   "Node Type": "Nested Loop",                                                                                                                                       
                   "Parent Relationship": "Outer",                                                                                                                                   
                   "Parallel Aware": false,                                                                                                                                          
                   "Join Type": "Inner",                                                                                                                                             
                   "Startup Cost": 9370.30,                                                                                                                                          
                   "Total Cost": 32340.20,                                                                                                                                           
                   "Plan Rows": 1,                                                                                                                                                   
                   "Plan Width": 21,                                                                                                                                                 
                   "Actual Startup Time": 8783107.734,                                                                                                                               
                   "Actual Total Time": 8785476.171,                                                                                                                                 
                   "Actual Rows": 27,                                                                                                                                                
                   "Actual Loops": 1,                                                                                                                                                
                   "Inner Unique": false,                                                                                                                                            
                   "Join Filter": "(ci.person_id = n.id)",                                                                                                                           
                   "Rows Removed by Join Filter": 445009,                                                                                                                            
                   "Shared Hit Blocks": 22,                                                                                                                                          
                   "Shared Read Blocks": 370384,                                                                                                                                     
                   "Shared Dirtied Blocks": 0,                                                                                                                                       
                   "Shared Written Blocks": 0,                                                                                                                                       
                   "Local Hit Blocks": 0,                                                                                                                                            
                   "Local Read Blocks": 0,                                                                                                                                           
                   "Local Dirtied Blocks": 0,                                                                                                                                        
                   "Local Written Blocks": 0,                                                                                                                                        
                   "Temp Read Blocks": 0,                                                                                                                                            
                   "Temp Written Blocks": 0,                                                                                                                                         
                   "Plans": [                                                                                                                                                        
                     {                                                                                                                                                               
                       "Node Type": "Seq Scan",                                                                                                                                      
                       "Parent Relationship": "Outer",                                                                                                                               
                       "Parallel Aware": false,                                                                                                                                      
                       "Relation Name": "name",                                                                                                                                      
                       "Alias": "n",                                                                                                                                                 
                       "Startup Cost": 0.00,                                                                                                                                         
                       "Total Cost": 2356.12,                                                                                                                                        
                       "Plan Rows": 400,                                                                                                                                             
                       "Plan Width": 4,                                                                                                                                              
                       "Actual Startup Time": 273.567,                                                                                                                               
                       "Actual Total Time": 2612.548,                                                                                                                                
                       "Actual Rows": 2,                                                                                                                                             
                       "Actual Loops": 1,                                                                                                                                            
                       "Filter": "(name ~~ '%Downey%Robert%'::text)",                                                                                                                
                       "Rows Removed by Filter": 4167489,                                                                                                                            
                       "Shared Hit Blocks": 1,                                                                                                                                       
                       "Shared Read Blocks": 55612,                                                                                                                                  
                       "Shared Dirtied Blocks": 0,                                                                                                                                   
                       "Shared Written Blocks": 0,                                                                                                                                   
                       "Local Hit Blocks": 0,                                                                                                                                        
                       "Local Read Blocks": 0,                                                                                                                                       
                       "Local Dirtied Blocks": 0,                                                                                                                                    
                       "Local Written Blocks": 0,                                                                                                                                    
                       "Temp Read Blocks": 0,                                                                                                                                        
                       "Temp Written Blocks": 0                                                                                                                                      
                     },                                                                                                                                                              
                     {                                                                                                                                                               
                       "Node Type": "Materialize",                                                                                                                                   
                       "Parent Relationship": "Inner",                                                                                                                               
                       "Parallel Aware": false,                                                                                                                                      
                       "Startup Cost": 9370.30,                                                                                                                                      
                       "Total Cost": 29983.72,                                                                                                                                       
                       "Plan Rows": 4,                                                                                                                                               
                       "Plan Width": 25,                                                                                                                                             
                       "Actual Startup Time": 178199.742,                                                                                                                            
                       "Actual Total Time": 4391408.853,                                                                                                                             
                       "Actual Rows": 222518,                                                                                                                                        
                       "Actual Loops": 2,                                                                                                                                            
                       "Shared Hit Blocks": 21,                                                                                                                                      
                       "Shared Read Blocks": 314772,                                                                                                                                 
                       "Shared Dirtied Blocks": 0,                                                                                                                                   
                       "Shared Written Blocks": 0,                                                                                                                                   
                       "Local Hit Blocks": 0,                                                                                                                                        
                       "Local Read Blocks": 0,                                                                                                                                       
                       "Local Dirtied Blocks": 0,                                                                                                                                    
                       "Local Written Blocks": 0,                                                                                                                                    
                       "Temp Read Blocks": 0,                                                                                                                                        
                       "Temp Written Blocks": 0,                                                                                                                                     
                       "Plans": [                                                                                                                                                    
                         {                                                                                                                                                           
                           "Node Type": "Nested Loop",                                                                                                                               
                           "Parent Relationship": "Outer",                                                                                                                           
                           "Parallel Aware": false,                                                                                                                                  
                           "Join Type": "Inner",                                                                                                                                     
                           "Startup Cost": 9370.30,                                                                                                                                  
                           "Total Cost": 29983.72,                                                                                                                                   
                           "Plan Rows": 4,                                                                                                                                           
                           "Plan Width": 25,                                                                                                                                         
                           "Actual Startup Time": 356399.473,                                                                                                                        
                           "Actual Total Time": 8782735.124,                                                                                                                         
                           "Actual Rows": 222518,                                                                                                                                    
                           "Actual Loops": 1,                                                                                                                                        
                           "Inner Unique": false,                                                                                                                                    
                           "Join Filter": "(t.id = ci.movie_id)",                                                                                                                    
                           "Rows Removed by Join Filter": 53351451850,                                                                                                               
                           "Shared Hit Blocks": 21,                                                                                                                                  
                           "Shared Read Blocks": 314772,                                                                                                                             
                           "Shared Dirtied Blocks": 0,                                                                                                                               
                           "Shared Written Blocks": 0,                                                                                                                               
                           "Local Hit Blocks": 0,                                                                                                                                    
                           "Local Read Blocks": 0,                                                                                                                                   
                           "Local Dirtied Blocks": 0,                                                                                                                                
                           "Local Written Blocks": 0,                                                                                                                                
                           "Temp Read Blocks": 0,                                                                                                                                    
                           "Temp Written Blocks": 0,                                                                                                                                 
                           "Plans": [                                                                                                                                                
                             {                                                                                                                                                       
                               "Node Type": "Seq Scan",                                                                                                                              
                               "Parent Relationship": "Outer",                                                                                                                       
                               "Parallel Aware": false,                                                                                                                              
                               "Relation Name": "cast_info",                                                                                                                         
                               "Alias": "ci",                                                                                                                                        
                               "Startup Cost": 0.00,                                                                                                                                 
                               "Total Cost": 10431.00,                                                                                                                               
                               "Plan Rows": 36244344,                                                                                                                                
                               "Plan Width": 12,                                                                                                                                     
                               "Actual Startup Time": 0.011,                                                                                                                         
                               "Actual Total Time": 4556.535,                                                                                                                        
                               "Actual Rows": 36244344,                                                                                                                              
                               "Actual Loops": 1,                                                                                                                                    
                               "Shared Hit Blocks": 5,                                                                                                                               
                               "Shared Read Blocks": 252649,                                                                                                                         
                               "Shared Dirtied Blocks": 0,                                                                                                                           
                               "Shared Written Blocks": 0,                                                                                                                           
                               "Local Hit Blocks": 0,                                                                                                                                
                               "Local Read Blocks": 0,                                                                                                                               
                               "Local Dirtied Blocks": 0,                                                                                                                            
                               "Local Written Blocks": 0,                                                                                                                            
                               "Temp Read Blocks": 0,                                                                                                                                
                               "Temp Written Blocks": 0                                                                                                                              
                             },                                                                                                                                                      
                             {                                                                                                                                                       
                               "Node Type": "Materialize",                                                                                                                           
                               "Parent Relationship": "Inner",                                                                                                                       
                               "Parallel Aware": false,                                                                                                                              
                               "Startup Cost": 9370.30,                                                                                                                              
                               "Total Cost": 11418.72,                                                                                                                               
                               "Plan Rows": 1,                                                                                                                                       
                               "Plan Width": 29,                                                                                                                                     
                               "Actual Startup Time": 0.001,                                                                                                                         
                               "Actual Total Time": 0.075,                                                                                                                           
                               "Actual Rows": 1472,                                                                                                                                  
                               "Actual Loops": 36244344,                                                                                                                             
                               "Shared Hit Blocks": 16,                                                                                                                              
                               "Shared Read Blocks": 62123,                                                                                                                          
                               "Shared Dirtied Blocks": 0,                                                                                                                           
                               "Shared Written Blocks": 0,                                                                                                                           
                               "Local Hit Blocks": 0,                                                                                                                                
                               "Local Read Blocks": 0,                                                                                                                               
                               "Local Dirtied Blocks": 0,                                                                                                                            
                               "Local Written Blocks": 0,                                                                                                                            
                               "Temp Read Blocks": 0,                                                                                                                                
                               "Temp Written Blocks": 0,                                                                                                                             
                               "Plans": [                                                                                                                                            
                                 {                                                                                                                                                   
                                   "Node Type": "Nested Loop",                                                                                                                       
                                   "Parent Relationship": "Outer",                                                                                                                   
                                   "Parallel Aware": false,                                                                                                                          
                                   "Join Type": "Inner",                                                                                                                             
                                   "Startup Cost": 9370.30,                                                                                                                          
                                   "Total Cost": 11418.72,                                                                                                                           
                                   "Plan Rows": 1,                                                                                                                                   
                                   "Plan Width": 29,                                                                                                                                 
                                   "Actual Startup Time": 25781.794,                                                                                                                 
                                   "Actual Total Time": 356320.161,                                                                                                                  
                                   "Actual Rows": 1472,                                                                                                                              
                                   "Actual Loops": 1,                                                                                                                                
                                   "Inner Unique": false,                                                                                                                            
                                   "Join Filter": "(t.id = mk.movie_id)",                                                                                                            
                                   "Rows Removed by Join Filter": 2401740003,                                                                                                        
                                   "Shared Hit Blocks": 16,                                                                                                                          
                                   "Shared Read Blocks": 62123,                                                                                                                      
                                   "Shared Dirtied Blocks": 0,                                                                                                                       
                                   "Shared Written Blocks": 0,                                                                                                                       
                                   "Local Hit Blocks": 0,                                                                                                                            
                                   "Local Read Blocks": 0,                                                                                                                           
                                   "Local Dirtied Blocks": 0,                                                                                                                        
                                   "Local Written Blocks": 0,                                                                                                                        
                                   "Temp Read Blocks": 0,                                                                                                                            
                                   "Temp Written Blocks": 0,                                                                                                                         
                                   "Plans": [                                                                                                                                        
                                     {                                                                                                                                               
                                       "Node Type": "Merge Join",                                                                                                                    
                                       "Parent Relationship": "Outer",                                                                                                               
                                       "Parallel Aware": false,                                                                                                                      
                                       "Join Type": "Inner",                                                                                                                         
                                       "Startup Cost": 9370.30,                                                                                                                      
                                       "Total Cost": 9371.63,                                                                                                                        
                                       "Plan Rows": 5,                                                                                                                               
                                       "Plan Width": 8,                                                                                                                              
                                       "Actual Startup Time": 6739.096,                                                                                                              
                                       "Actual Total Time": 6786.896,                                                                                                                
                                       "Actual Rows": 8765,                                                                                                                          
                                       "Actual Loops": 1,                                                                                                                            
                                       "Inner Unique": false,                                                                                                                        
                                       "Merge Cond": "(mk.movie_id = cc.movie_id)",                                                                                                  
                                       "Shared Hit Blocks": 13,                                                                                                                      
                                       "Shared Read Blocks": 26127,                                                                                                                  
                                       "Shared Dirtied Blocks": 0,                                                                                                                   
                                       "Shared Written Blocks": 0,                                                                                                                   
                                       "Local Hit Blocks": 0,                                                                                                                        
                                       "Local Read Blocks": 0,                                                                                                                       
                                       "Local Dirtied Blocks": 0,                                                                                                                    
                                       "Local Written Blocks": 0,                                                                                                                    
                                       "Temp Read Blocks": 0,                                                                                                                        
                                       "Temp Written Blocks": 0,                                                                                                                     
                                       "Plans": [                                                                                                                                    
                                         {                                                                                                                                           
                                           "Node Type": "Sort",                                                                                                                      
                                           "Parent Relationship": "Outer",                                                                                                           
                                           "Parallel Aware": false,                                                                                                                  
                                           "Startup Cost": 9282.97,                                                                                                                  
                                           "Total Cost": 9282.99,                                                                                                                    
                                           "Plan Rows": 270,                                                                                                                         
                                           "Plan Width": 4,                                                                                                                          
                                           "Actual Startup Time": 6576.726,                                                                                                          
                                           "Actual Total Time": 6581.812,                                                                                                            
                                           "Actual Rows": 35548,                                                                                                                     
                                           "Actual Loops": 1,                                                                                                                        
                                           "Sort Key": ["mk.movie_id"],                                                                                                              
                                           "Sort Method": "quicksort",                                                                                                               
                                           "Sort Space Used": 3203,                                                                                                                  
                                           "Sort Space Type": "Memory",                                                                                                              
                                           "Shared Hit Blocks": 9,                                                                                                                   
                                           "Shared Read Blocks": 25398,                                                                                                              
                                           "Shared Dirtied Blocks": 0,                                                                                                               
                                           "Shared Written Blocks": 0,                                                                                                               
                                           "Local Hit Blocks": 0,                                                                                                                    
                                           "Local Read Blocks": 0,                                                                                                                   
                                           "Local Dirtied Blocks": 0,                                                                                                                
                                           "Local Written Blocks": 0,                                                                                                                
                                           "Temp Read Blocks": 0,                                                                                                                    
                                           "Temp Written Blocks": 0,                                                                                                                 
                                           "Plans": [                                                                                                                                
                                             {                                                                                                                                       
                                               "Node Type": "Nested Loop",                                                                                                           
                                               "Parent Relationship": "Outer",                                                                                                       
                                               "Parallel Aware": false,                                                                                                              
                                               "Join Type": "Inner",                                                                                                                 
                                               "Startup Cost": 0.00,                                                                                                                 
                                               "Total Cost": 9282.63,                                                                                                                
                                               "Plan Rows": 270,                                                                                                                     
                                               "Plan Width": 4,                                                                                                                      
                                               "Actual Startup Time": 109.864,                                                                                                       
                                               "Actual Total Time": 6539.535,                                                                                                        
                                               "Actual Rows": 35548,                                                                                                                 
                                               "Actual Loops": 1,                                                                                                                    
                                               "Inner Unique": true,                                                                                                                 
                                               "Join Filter": "(k.id = mk.keyword_id)",                                                                                              
                                               "Rows Removed by Join Filter": 36034353,                                                                                              
                                               "Shared Hit Blocks": 5,                                                                                                               
                                               "Shared Read Blocks": 25398,                                                                                                          
                                               "Shared Dirtied Blocks": 0,                                                                                                           
                                               "Shared Written Blocks": 0,                                                                                                           
                                               "Local Hit Blocks": 0,                                                                                                                
                                               "Local Read Blocks": 0,                                                                                                               
                                               "Local Dirtied Blocks": 0,                                                                                                            
                                               "Local Written Blocks": 0,                                                                                                            
                                               "Temp Read Blocks": 0,                                                                                                                
                                               "Temp Written Blocks": 0,                                                                                                             
                                               "Plans": [                                                                                                                            
                                                 {                                                                                                                                   
                                                   "Node Type": "Seq Scan",                                                                                                          
                                                   "Parent Relationship": "Outer",                                                                                                   
                                                   "Parallel Aware": false,                                                                                                          
                                                   "Relation Name": "movie_keyword",                                                                                                 
                                                   "Alias": "mk",                                                                                                                    
                                                   "Startup Cost": 0.00,                                                                                                             
                                                   "Total Cost": 1079.84,                                                                                                            
                                                   "Plan Rows": 4523930,                                                                                                             
                                                   "Plan Width": 8,                                                                                                                  
                                                   "Actual Startup Time": 0.017,                                                                                                     
                                                   "Actual Total Time": 497.362,                                                                                                     
                                                   "Actual Rows": 4523930,                                                                                                           
                                                   "Actual Loops": 1,                                                                                                                
                                                   "Shared Hit Blocks": 3,                                                                                                           
                                                   "Shared Read Blocks": 24451,                                                                                                      
                                                   "Shared Dirtied Blocks": 0,                                                                                                       
                                                   "Shared Written Blocks": 0,                                                                                                       
                                                   "Local Hit Blocks": 0,                                                                                                            
                                                   "Local Read Blocks": 0,                                                                                                           
                                                   "Local Dirtied Blocks": 0,                                                                                                        
                                                   "Local Written Blocks": 0,                                                                                                        
                                                   "Temp Read Blocks": 0,                                                                                                            
                                                   "Temp Written Blocks": 0                                                                                                          
                                                 },                                                                                                                                  
                                                 {                                                                                                                                   
                                                   "Node Type": "Materialize",                                                                                                       
                                                   "Parent Relationship": "Inner",                                                                                                   
                                                   "Parallel Aware": false,                                                                                                          
                                                   "Startup Cost": 0.00,                                                                                                             
                                                   "Total Cost": 80.71,                                                                                                              
                                                   "Plan Rows": 8,                                                                                                                   
                                                   "Plan Width": 4,                                                                                                                  
                                                   "Actual Startup Time": 0.000,                                                                                                     
                                                   "Actual Total Time": 0.000,                                                                                                       
                                                   "Actual Rows": 8,                                                                                                                 
                                                   "Actual Loops": 4523930,                                                                                                          
                                                   "Shared Hit Blocks": 2,                                                                                                           
                                                   "Shared Read Blocks": 947,                                                                                                        
                                                   "Shared Dirtied Blocks": 0,                                                                                                       
                                                   "Shared Written Blocks": 0,                                                                                                       
                                                   "Local Hit Blocks": 0,                                                                                                            
                                                   "Local Read Blocks": 0,                                                                                                           
                                                   "Local Dirtied Blocks": 0,                                                                                                        
                                                   "Local Written Blocks": 0,                                                                                                        
                                                   "Temp Read Blocks": 0,                                                                                                            
                                                   "Temp Written Blocks": 0,                                                                                                         
                                                   "Plans": [                                                                                                                        
                                                     {                                                                                                                               
                                                       "Node Type": "Seq Scan",                                                                                                      
                                                       "Parent Relationship": "Outer",                                                                                               
                                                       "Parallel Aware": false,                                                                                                      
                                                       "Relation Name": "keyword",                                                                                                   
                                                       "Alias": "k",                                                                                                                 
                                                       "Startup Cost": 0.00,                                                                                                         
                                                       "Total Cost": 80.71,                                                                                                          
                                                       "Plan Rows": 8,                                                                                                               
                                                       "Plan Width": 4,                                                                                                              
                                                       "Actual Startup Time": 19.392,                                                                                                
                                                       "Actual Total Time": 86.817,                                                                                                  
                                                       "Actual Rows": 8,                                                                                                             
                                                       "Actual Loops": 1,                                                                                                            
                                                       "Filter": "(keyword = ANY ('{superhero,sequel,second-part,marvel-comics,based-on-comic,tv-special,fight,violence}'::text[]))",
                                                       "Rows Removed by Filter": 134162,                                                                                             
                                                       "Shared Hit Blocks": 2,                                                                                                       
                                                       "Shared Read Blocks": 947,                                                                                                    
                                                       "Shared Dirtied Blocks": 0,                                                                                                   
                                                       "Shared Written Blocks": 0,                                                                                                   
                                                       "Local Hit Blocks": 0,                                                                                                        
                                                       "Local Read Blocks": 0,                                                                                                       
                                                       "Local Dirtied Blocks": 0,                                                                                                    
                                                       "Local Written Blocks": 0,                                                                                                    
                                                       "Temp Read Blocks": 0,                                                                                                        
                                                       "Temp Written Blocks": 0                                                                                                      
                                                     }                                                                                                                               
                                                   ]                                                                                                                                 
                                                 }                                                                                                                                   
                                               ]                                                                                                                                     
                                             }                                                                                                                                       
                                           ]                                                                                                                                         
                                         },                                                                                                                                          
                                         {                                                                                                                                           
                                           "Node Type": "Sort",                                                                                                                      
                                           "Parent Relationship": "Inner",                                                                                                           
                                           "Parallel Aware": false,                                                                                                                  
                                           "Startup Cost": 87.33,                                                                                                                    
                                           "Total Cost": 87.98,                                                                                                                      
                                           "Plan Rows": 8443,                                                                                                                        
                                           "Plan Width": 4,                                                                                                                          
                                           "Actual Startup Time": 162.299,                                                                                                           
                                           "Actual Total Time": 172.632,                                                                                                             
                                           "Actual Rows": 85984,                                                                                                                     
                                           "Actual Loops": 1,                                                                                                                        
                                           "Sort Key": ["cc.movie_id"],                                                                                                              
                                           "Sort Method": "quicksort",                                                                                                               
                                           "Sort Space Used": 7101,                                                                                                                  
                                           "Sort Space Type": "Memory",                                                                                                              
                                           "Shared Hit Blocks": 4,                                                                                                                   
                                           "Shared Read Blocks": 729,                                                                                                                
                                           "Shared Dirtied Blocks": 0,                                                                                                               
                                           "Shared Written Blocks": 0,                                                                                                               
                                           "Local Hit Blocks": 0,                                                                                                                    
                                           "Local Read Blocks": 0,                                                                                                                   
                                           "Local Dirtied Blocks": 0,                                                                                                                
                                           "Local Written Blocks": 0,                                                                                                                
                                           "Temp Read Blocks": 0,                                                                                                                    
                                           "Temp Written Blocks": 0,                                                                                                                 
                                           "Plans": [                                                                                                                                
                                             {                                                                                                                                       
                                               "Node Type": "Nested Loop",                                                                                                           
                                               "Parent Relationship": "Outer",                                                                                                       
                                               "Parallel Aware": false,                                                                                                              
                                               "Join Type": "Inner",                                                                                                                 
                                               "Startup Cost": 0.00,                                                                                                                 
                                               "Total Cost": 70.23,                                                                                                                  
                                               "Plan Rows": 8443,                                                                                                                    
                                               "Plan Width": 4,                                                                                                                      
                                               "Actual Startup Time": 24.898,                                                                                                        
                                               "Actual Total Time": 131.865,                                                                                                         
                                               "Actual Rows": 85941,                                                                                                                 
                                               "Actual Loops": 1,                                                                                                                    
                                               "Inner Unique": true,                                                                                                                 
                                               "Join Filter": "(cc.status_id = cct.id)",                                                                                            
                                               "Rows Removed by Join Filter": 17879,                                                                                                 
                                               "Shared Hit Blocks": 4,                                                                                                               
                                               "Shared Read Blocks": 729,                                                                                                            
                                               "Shared Dirtied Blocks": 0,                                                                                                           
                                               "Shared Written Blocks": 0,                                                                                                           
                                               "Local Hit Blocks": 0,                                                                                                                
                                               "Local Read Blocks": 0,                                                                                                               
                                               "Local Dirtied Blocks": 0,                                                                                                            
                                               "Local Written Blocks": 0,                                                                                                            
                                               "Temp Read Blocks": 0,                                                                                                                
                                               "Temp Written Blocks": 0,                                                                                                             
                                               "Plans": [                                                                                                                            
                                                 {                                                                                                                                   
                                                   "Node Type": "Nested Loop",                                                                                                       
                                                   "Parent Relationship": "Outer",                                                                                                   
                                                   "Parallel Aware": false,                                                                                                          
                                                   "Join Type": "Inner",                                                                                                             
                                                   "Startup Cost": 0.00,                                                                                                             
                                                   "Total Cost": 62.62,                                                                                                              
                                                   "Plan Rows": 33772,                                                                                                               
                                                   "Plan Width": 8,                                                                                                                  
                                                   "Actual Startup Time": 24.880,                                                                                                    
                                                   "Actual Total Time": 97.500,                                                                                                      
                                                   "Actual Rows": 85941,                                                                                                             
                                                   "Actual Loops": 1,                                                                                                                
                                                   "Inner Unique": true,                                                                                                             
                                                   "Join Filter": "(cc.subject_id = cct.id)",                                                                                       
                                                   "Rows Removed by Join Filter": 49145,                                                                                             
                                                   "Shared Hit Blocks": 3,                                                                                                           
                                                   "Shared Read Blocks": 729,                                                                                                        
                                                   "Shared Dirtied Blocks": 0,                                                                                                       
                                                   "Shared Written Blocks": 0,                                                                                                       
                                                   "Local Hit Blocks": 0,                                                                                                            
                                                   "Local Read Blocks": 0,                                                                                                           
                                                   "Local Dirtied Blocks": 0,                                                                                                        
                                                   "Local Written Blocks": 0,                                                                                                        
                                                   "Temp Read Blocks": 0,                                                                                                            
                                                   "Temp Written Blocks": 0,                                                                                                         
                                                   "Plans": [                                                                                                                        
                                                     {                                                                                                                               
                                                       "Node Type": "Seq Scan",                                                                                                      
                                                       "Parent Relationship": "Outer",                                                                                               
                                                       "Parallel Aware": false,                                                                                                      
                                                       "Relation Name": "complete_cast",                                                                                             
                                                       "Alias": "cc",                                                                                                                
                                                       "Startup Cost": 0.00,                                                                                                         
                                                       "Total Cost": 32.27,                                                                                                          
                                                       "Plan Rows": 135086,                                                                                                          
                                                       "Plan Width": 12,                                                                                                             
                                                       "Actual Startup Time": 24.846,                                                                                                
                                                       "Actual Total Time": 42.381,                                                                                                  
                                                       "Actual Rows": 135086,                                                                                                        
                                                       "Actual Loops": 1,                                                                                                            
                                                       "Shared Hit Blocks": 2,                                                                                                       
                                                       "Shared Read Blocks": 729,                                                                                                    
                                                       "Shared Dirtied Blocks": 0,                                                                                                   
                                                       "Shared Written Blocks": 0,                                                                                                   
                                                       "Local Hit Blocks": 0,                                                                                                        
                                                       "Local Read Blocks": 0,                                                                                                       
                                                       "Local Dirtied Blocks": 0,                                                                                                    
                                                       "Local Written Blocks": 0,                                                                                                    
                                                       "Temp Read Blocks": 0,                                                                                                        
                                                       "Temp Written Blocks": 0                                                                                                      
                                                     },                                                                                                                              
                                                     {                                                                                                                               
                                                       "Node Type": "Materialize",                                                                                                   
                                                       "Parent Relationship": "Inner",                                                                                               
                                                       "Parallel Aware": false,                                                                                                      
                                                       "Startup Cost": 0.00,                                                                                                         
                                                       "Total Cost": 0.03,                                                                                                           
                                                       "Plan Rows": 1,                                                                                                               
                                                       "Plan Width": 4,                                                                                                              
                                                       "Actual Startup Time": 0.000,                                                                                                 
                                                       "Actual Total Time": 0.000,                                                                                                   
                                                       "Actual Rows": 1,                                                                                                             
                                                       "Actual Loops": 135086,                                                                                                       
                                                       "Shared Hit Blocks": 1,                                                                                                       
                                                       "Shared Read Blocks": 0,                                                                                                      
                                                       "Shared Dirtied Blocks": 0,                                                                                                   
                                                       "Shared Written Blocks": 0,                                                                                                   
                                                       "Local Hit Blocks": 0,                                                                                                        
                                                       "Local Read Blocks": 0,                                                                                                       
                                                       "Local Dirtied Blocks": 0,                                                                                                    
                                                       "Local Written Blocks": 0,                                                                                                    
                                                       "Temp Read Blocks": 0,                                                                                                        
                                                       "Temp Written Blocks": 0,                                                                                                     
                                                       "Plans": [                                                                                                                    
                                                         {                                                                                                                           
                                                           "Node Type": "Seq Scan",                                                                                                  
                                                           "Parent Relationship": "Outer",                                                                                           
                                                           "Parallel Aware": false,                                                                                                  
                                                           "Relation Name": "comp_cast_type",                                                                                        
                                                           "Alias": "cct",                                                                                                          
                                                           "Startup Cost": 0.00,                                                                                                     
                                                           "Total Cost": 0.03,                                                                                                       
                                                           "Plan Rows": 1,                                                                                                           
                                                           "Plan Width": 4,                                                                                                          
                                                           "Actual Startup Time": 0.019,                                                                                             
                                                           "Actual Total Time": 0.022,                                                                                               
                                                           "Actual Rows": 1,                                                                                                         
                                                           "Actual Loops": 1,                                                                                                        
                                                           "Filter": "((kind)::text = 'cast'::text)",                                                                                
                                                           "Rows Removed by Filter": 3,                                                                                              
                                                           "Shared Hit Blocks": 1,                                                                                                   
                                                           "Shared Read Blocks": 0,                                                                                                  
                                                           "Shared Dirtied Blocks": 0,                                                                                               
                                                           "Shared Written Blocks": 0,                                                                                               
                                                           "Local Hit Blocks": 0,                                                                                                    
                                                           "Local Read Blocks": 0,                                                                                                   
                                                           "Local Dirtied Blocks": 0,                                                                                                
                                                           "Local Written Blocks": 0,                                                                                                
                                                           "Temp Read Blocks": 0,                                                                                                    
                                                           "Temp Written Blocks": 0                                                                                                  
                                                         }                                                                                                                           
                                                       ]                                                                                                                             
                                                     }                                                                                                                               
                                                   ]                                                                                                                                 
                                                 },                                                                                                                                  
                                                 {                                                                                                                                   
                                                   "Node Type": "Materialize",                                                                                                       
                                                   "Parent Relationship": "Inner",                                                                                                   
                                                   "Parallel Aware": false,                                                                                                          
                                                   "Startup Cost": 0.00,                                                                                                             
                                                   "Total Cost": 0.03,                                                                                                               
                                                   "Plan Rows": 1,                                                                                                                   
                                                   "Plan Width": 4,                                                                                                                  
                                                   "Actual Startup Time": 0.000,                                                                                                     
                                                   "Actual Total Time": 0.000,                                                                                                       
                                                   "Actual Rows": 1,                                                                                                                 
                                                   "Actual Loops": 85941,                                                                                                            
                                                   "Shared Hit Blocks": 1,                                                                                                           
                                                   "Shared Read Blocks": 0,                                                                                                          
                                                   "Shared Dirtied Blocks": 0,                                                                                                       
                                                   "Shared Written Blocks": 0,                                                                                                       
                                                   "Local Hit Blocks": 0,                                                                                                            
                                                   "Local Read Blocks": 0,                                                                                                           
                                                   "Local Dirtied Blocks": 0,                                                                                                        
                                                   "Local Written Blocks": 0,                                                                                                        
                                                   "Temp Read Blocks": 0,                                                                                                            
                                                   "Temp Written Blocks": 0,                                                                                                         
                                                   "Plans": [                                                                                                                        
                                                     {                                                                                                                               
                                                       "Node Type": "Seq Scan",                                                                                                      
                                                       "Parent Relationship": "Outer",                                                                                               
                                                       "Parallel Aware": false,                                                                                                      
                                                       "Relation Name": "comp_cast_type",                                                                                            
                                                       "Alias": "cct",                                                                                                              
                                                       "Startup Cost": 0.00,                                                                                                         
                                                       "Total Cost": 0.03,                                                                                                           
                                                       "Plan Rows": 1,                                                                                                               
                                                       "Plan Width": 4,                                                                                                              
                                                       "Actual Startup Time": 0.009,                                                                                                 
                                                       "Actual Total Time": 0.010,                                                                                                   
                                                       "Actual Rows": 2,                                                                                                             
                                                       "Actual Loops": 1,                                                                                                            
                                                       "Filter": "((kind)::text ~~ '%complete%'::text)",                                                                             
                                                       "Rows Removed by Filter": 2,                                                                                                  
                                                       "Shared Hit Blocks": 1,                                                                                                       
                                                       "Shared Read Blocks": 0,                                                                                                      
                                                       "Shared Dirtied Blocks": 0,                                                                                                   
                                                       "Shared Written Blocks": 0,                                                                                                   
                                                       "Local Hit Blocks": 0,                                                                                                        
                                                       "Local Read Blocks": 0,                                                                                                       
                                                       "Local Dirtied Blocks": 0,                                                                                                    
                                                       "Local Written Blocks": 0,                                                                                                    
                                                       "Temp Read Blocks": 0,                                                                                                        
                                                       "Temp Written Blocks": 0                                                                                                      
                                                     }                                                                                                                               
                                                   ]                                                                                                                                 
                                                 }                                                                                                                                   
                                               ]                                                                                                                                     
                                             }                                                                                                                                       
                                           ]                                                                                                                                         
                                         }                                                                                                                                           
                                       ]                                                                                                                                             
                                     },                                                                                                                                              
                                     {                                                                                                                                               
                                       "Node Type": "Materialize",                                                                                                                   
                                       "Parent Relationship": "Inner",                                                                                                               
                                       "Parallel Aware": false,                                                                                                                      
                                       "Startup Cost": 0.00,                                                                                                                         
                                       "Total Cost": 1840.96,                                                                                                                        
                                       "Plan Rows": 197350,                                                                                                                          
                                       "Plan Width": 21,                                                                                                                             
                                       "Actual Startup Time": 0.010,                                                                                                                 
                                       "Actual Total Time": 12.328,                                                                                                                  
                                       "Actual Rows": 274015,                                                                                                                        
                                       "Actual Loops": 8765,                                                                                                                         
                                       "Shared Hit Blocks": 3,                                                                                                                       
                                       "Shared Read Blocks": 35996,                                                                                                                  
                                       "Shared Dirtied Blocks": 0,                                                                                                                   
                                       "Shared Written Blocks": 0,                                                                                                                   
                                       "Local Hit Blocks": 0,                                                                                                                        
                                       "Local Read Blocks": 0,                                                                                                                       
                                       "Local Dirtied Blocks": 0,                                                                                                                    
                                       "Local Written Blocks": 0,                                                                                                                    
                                       "Temp Read Blocks": 0,                                                                                                                        
                                       "Temp Written Blocks": 0,                                                                                                                     
                                       "Plans": [                                                                                                                                    
                                         {                                                                                                                                           
                                           "Node Type": "Nested Loop",                                                                                                               
                                           "Parent Relationship": "Outer",                                                                                                           
                                           "Parallel Aware": false,                                                                                                                  
                                           "Join Type": "Inner",                                                                                                                     
                                           "Startup Cost": 0.00,                                                                                                                     
                                           "Total Cost": 1810.32,                                                                                                                    
                                           "Plan Rows": 197350,                                                                                                                      
                                           "Plan Width": 21,                                                                                                                         
                                           "Actual Startup Time": 84.822,                                                                                                            
                                           "Actual Total Time": 1737.896,                                                                                                            
                                           "Actual Rows": 274015,                                                                                                                    
                                           "Actual Loops": 1,                                                                                                                        
                                           "Inner Unique": true,                                                                                                                     
                                           "Join Filter": "(kt.id = t.kind_id)",                                                                                                     
                                           "Rows Removed by Join Filter": 1107438,                                                                                                   
                                           "Shared Hit Blocks": 3,                                                                                                                   
                                           "Shared Read Blocks": 35996,                                                                                                              
                                           "Shared Dirtied Blocks": 0,                                                                                                               
                                           "Shared Written Blocks": 0,                                                                                                               
                                           "Local Hit Blocks": 0,                                                                                                                    
                                           "Local Read Blocks": 0,                                                                                                                   
                                           "Local Dirtied Blocks": 0,                                                                                                                
                                           "Local Written Blocks": 0,                                                                                                                
                                           "Temp Read Blocks": 0,                                                                                                                    
                                           "Temp Written Blocks": 0,                                                                                                                 
                                           "Plans": [                                                                                                                                
                                             {                                                                                                                                       
                                               "Node Type": "Seq Scan",                                                                                                              
                                               "Parent Relationship": "Outer",                                                                                                       
                                               "Parallel Aware": false,                                                                                                              
                                               "Relation Name": "title",                                                                                                             
                                               "Alias": "t",                                                                                                                         
                                               "Startup Cost": 0.00,                                                                                                                 
                                               "Total Cost": 1500.26,                                                                                                                
                                               "Plan Rows": 1381453,                                                                                                                 
                                               "Plan Width": 25,                                                                                                                     
                                               "Actual Startup Time": 22.807,                                                                                                        
                                               "Actual Total Time": 1102.296,                                                                                                        
                                               "Actual Rows": 1381453,                                                                                                               
                                               "Actual Loops": 1,                                                                                                                    
                                               "Filter": "(production_year > 2000)",                                                                                                 
                                               "Rows Removed by Filter": 1146859,                                                                                                    
                                               "Shared Hit Blocks": 2,                                                                                                               
                                               "Shared Read Blocks": 35996,                                                                                                          
                                               "Shared Dirtied Blocks": 0,                                                                                                           
                                               "Shared Written Blocks": 0,                                                                                                           
                                               "Local Hit Blocks": 0,                                                                                                                
                                               "Local Read Blocks": 0,                                                                                                               
                                               "Local Dirtied Blocks": 0,                                                                                                            
                                               "Local Written Blocks": 0,                                                                                                            
                                               "Temp Read Blocks": 0,                                                                                                                
                                               "Temp Written Blocks": 0                                                                                                              
                                             },                                                                                                                                      
                                             {                                                                                                                                       
                                               "Node Type": "Materialize",                                                                                                           
                                               "Parent Relationship": "Inner",                                                                                                       
                                               "Parallel Aware": false,                                                                                                              
                                               "Startup Cost": 0.00,                                                                                                                 
                                               "Total Cost": 0.03,                                                                                                                   
                                               "Plan Rows": 1,                                                                                                                       
                                               "Plan Width": 4,                                                                                                                      
                                               "Actual Startup Time": 0.000,                                                                                                         
                                               "Actual Total Time": 0.000,                                                                                                           
                                               "Actual Rows": 1,                                                                                                                     
                                               "Actual Loops": 1381453,                                                                                                              
                                               "Shared Hit Blocks": 1,                                                                                                               
                                               "Shared Read Blocks": 0,                                                                                                              
                                               "Shared Dirtied Blocks": 0,                                                                                                           
                                               "Shared Written Blocks": 0,                                                                                                           
                                               "Local Hit Blocks": 0,                                                                                                                
                                               "Local Read Blocks": 0,                                                                                                               
                                               "Local Dirtied Blocks": 0,                                                                                                            
                                               "Local Written Blocks": 0,                                                                                                            
                                               "Temp Read Blocks": 0,                                                                                                                
                                               "Temp Written Blocks": 0,                                                                                                             
                                               "Plans": [                                                                                                                            
                                                 {                                                                                                                                   
                                                   "Node Type": "Seq Scan",                                                                                                          
                                                   "Parent Relationship": "Outer",                                                                                                   
                                                   "Parallel Aware": false,                                                                                                          
                                                   "Relation Name": "kind_type",                                                                                                     
                                                   "Alias": "kt",                                                                                                                    
                                                   "Startup Cost": 0.00,                                                                                                             
                                                   "Total Cost": 0.03,                                                                                                               
                                                   "Plan Rows": 1,                                                                                                                   
                                                   "Plan Width": 4,                                                                                                                  
                                                   "Actual Startup Time": 0.015,                                                                                                     
                                                   "Actual Total Time": 0.020,                                                                                                       
                                                   "Actual Rows": 1,                                                                                                                 
                                                   "Actual Loops": 1,                                                                                                                
                                                   "Filter": "((kind)::text = 'movie'::text)",                                                                                       
                                                   "Rows Removed by Filter": 6,                                                                                                      
                                                   "Shared Hit Blocks": 1,                                                                                                           
                                                   "Shared Read Blocks": 0,                                                                                                          
                                                   "Shared Dirtied Blocks": 0,                                                                                                       
                                                   "Shared Written Blocks": 0,                                                                                                       
                                                   "Local Hit Blocks": 0,                                                                                                            
                                                   "Local Read Blocks": 0,                                                                                                           
                                                   "Local Dirtied Blocks": 0,                                                                                                        
                                                   "Local Written Blocks": 0,                                                                                                        
                                                   "Temp Read Blocks": 0,                                                                                                            
                                                   "Temp Written Blocks": 0                                                                                                          
                                                 }                                                                                                                                   
                                               ]                                                                                                                                     
                                             }                                                                                                                                       
                                           ]                                                                                                                                         
                                         }                                                                                                                                           
                                       ]                                                                                                                                             
                                     }                                                                                                                                               
                                   ]                                                                                                                                                 
                                 }                                                                                                                                                   
                               ]                                                                                                                                                     
                             }                                                                                                                                                       
                           ]                                                                                                                                                         
                         }                                                                                                                                                           
                       ]                                                                                                                                                             
                     }                                                                                                                                                               
                   ]                                                                                                                                                                 
                 }                                                                                                                                                                   
               ]                                                                                                                                                                     
             }                                                                                                                                                                       
           ]                                                                                                                                                                         
         }                                                                                                                                                                           
       ]                                                                                                                                                                             
     },                                                                                                                                                                              
     "Planning Time": 6198.587,                                                                                                                                                      
     "Triggers": [                                                                                                                                                                   
     ],                                                                                                                                                                              
     "Execution Time": 8787381.022                                                                                                                                                   
   }                                                                                                                                                                                 
 ]
