 [                                                                                                                                          
   {                                                                                                                                        
     "Plan": {                                                                                                                              
       "Node Type": "Aggregate",                                                                                                            
       "Strategy": "Plain",                                                                                                                 
       "Partial Mode": "Simple",                                                                                                            
       "Parallel Aware": false,                                                                                                             
       "Startup Cost": 7877.52,                                                                                                             
       "Total Cost": 7877.52,                                                                                                               
       "Plan Rows": 1,                                                                                                                      
       "Plan Width": 96,                                                                                                                    
       "Actual Startup Time": 42318.616,                                                                                                    
       "Actual Total Time": 42318.616,                                                                                                      
       "Actual Rows": 1,                                                                                                                    
       "Actual Loops": 1,                                                                                                                   
       "Shared Hit Blocks": 21,                                                                                                             
       "Shared Read Blocks": 245224,                                                                                                        
       "Shared Dirtied Blocks": 0,                                                                                                          
       "Shared Written Blocks": 0,                                                                                                          
       "Local Hit Blocks": 0,                                                                                                               
       "Local Read Blocks": 0,                                                                                                              
       "Local Dirtied Blocks": 0,                                                                                                           
       "Local Written Blocks": 0,                                                                                                           
       "Temp Read Blocks": 0,                                                                                                               
       "Temp Written Blocks": 0,                                                                                                            
       "Plans": [                                                                                                                           
         {                                                                                                                                  
           "Node Type": "Nested Loop",                                                                                                      
           "Parent Relationship": "Outer",                                                                                                  
           "Parallel Aware": false,                                                                                                         
           "Join Type": "Inner",                                                                                                            
           "Startup Cost": 6656.98,                                                                                                         
           "Total Cost": 7877.52,                                                                                                           
           "Plan Rows": 1,                                                                                                                  
           "Plan Width": 48,                                                                                                                
           "Actual Startup Time": 20893.519,                                                                                                
           "Actual Total Time": 42303.287,                                                                                                  
           "Actual Rows": 1410,                                                                                                             
           "Actual Loops": 1,                                                                                                               
           "Inner Unique": true,                                                                                                            
           "Join Filter": "(mc.company_type_id = ct.id)",                                                                                   
           "Rows Removed by Join Filter": 95,                                                                                               
           "Shared Hit Blocks": 21,                                                                                                         
           "Shared Read Blocks": 245224,                                                                                                    
           "Shared Dirtied Blocks": 0,                                                                                                      
           "Shared Written Blocks": 0,                                                                                                      
           "Local Hit Blocks": 0,                                                                                                           
           "Local Read Blocks": 0,                                                                                                          
           "Local Dirtied Blocks": 0,                                                                                                       
           "Local Written Blocks": 0,                                                                                                       
           "Temp Read Blocks": 0,                                                                                                           
           "Temp Written Blocks": 0,                                                                                                        
           "Plans": [                                                                                                                       
             {                                                                                                                              
               "Node Type": "Nested Loop",                                                                                                  
               "Parent Relationship": "Outer",                                                                                              
               "Parallel Aware": false,                                                                                                     
               "Join Type": "Inner",                                                                                                        
               "Startup Cost": 6656.98,                                                                                                     
               "Total Cost": 7877.49,                                                                                                       
               "Plan Rows": 1,                                                                                                              
               "Plan Width": 52,                                                                                                            
               "Actual Startup Time": 20893.506,                                                                                            
               "Actual Total Time": 42302.742,                                                                                              
               "Actual Rows": 1505,                                                                                                         
               "Actual Loops": 1,                                                                                                           
               "Inner Unique": false,                                                                                                       
               "Join Filter": "(mc.company_id = cn.id)",                                                                                    
               "Rows Removed by Join Filter": 150893943,                                                                                    
               "Shared Hit Blocks": 20,                                                                                                     
               "Shared Read Blocks": 245224,                                                                                                
               "Shared Dirtied Blocks": 0,                                                                                                  
               "Shared Written Blocks": 0,                                                                                                  
               "Local Hit Blocks": 0,                                                                                                       
               "Local Read Blocks": 0,                                                                                                      
               "Local Dirtied Blocks": 0,                                                                                                   
               "Local Written Blocks": 0,                                                                                                   
               "Temp Read Blocks": 0,                                                                                                       
               "Temp Written Blocks": 0,                                                                                                    
               "Plans": [                                                                                                                   
                 {                                                                                                                          
                   "Node Type": "Seq Scan",                                                                                                 
                   "Parent Relationship": "Outer",                                                                                          
                   "Parallel Aware": false,                                                                                                 
                   "Relation Name": "company_name",                                                                                         
                   "Alias": "cn",                                                                                                           
                   "Startup Cost": 0.00,                                                                                                    
                   "Total Cost": 164.90,                                                                                                    
                   "Plan Rows": 49161,                                                                                                      
                   "Plan Width": 23,                                                                                                        
                   "Actual Startup Time": 21.590,                                                                                           
                   "Actual Total Time": 114.145,                                                                                            
                   "Actual Rows": 48302,                                                                                                    
                   "Actual Loops": 1,                                                                                                       
                   "Filter": "(((country_code)::text <> '[pl]'::text) AND ((name ~~ '%Film%'::text) OR (name ~~ '%Warner%'::text)))",       
                   "Rows Removed by Filter": 186695,                                                                                        
                   "Shared Hit Blocks": 2,                                                                                                  
                   "Shared Read Blocks": 2992,                                                                                              
                   "Shared Dirtied Blocks": 0,                                                                                              
                   "Shared Written Blocks": 0,                                                                                              
                   "Local Hit Blocks": 0,                                                                                                   
                   "Local Read Blocks": 0,                                                                                                  
                   "Local Dirtied Blocks": 0,                                                                                               
                   "Local Written Blocks": 0,                                                                                               
                   "Temp Read Blocks": 0,                                                                                                   
                   "Temp Written Blocks": 0                                                                                                 
                 },                                                                                                                         
                 {                                                                                                                          
                   "Node Type": "Materialize",                                                                                              
                   "Parent Relationship": "Inner",                                                                                          
                   "Parallel Aware": false,                                                                                                 
                   "Startup Cost": 6656.98,                                                                                                 
                   "Total Cost": 7701.56,                                                                                                   
                   "Plan Rows": 1,                                                                                                          
                   "Plan Width": 37,                                                                                                        
                   "Actual Startup Time": 0.273,                                                                                            
                   "Actual Total Time": 0.561,                                                                                              
                   "Actual Rows": 3124,                                                                                                     
                   "Actual Loops": 48302,                                                                                                   
                   "Shared Hit Blocks": 18,                                                                                                 
                   "Shared Read Blocks": 242232,                                                                                            
                   "Shared Dirtied Blocks": 0,                                                                                              
                   "Shared Written Blocks": 0,                                                                                              
                   "Local Hit Blocks": 0,                                                                                                   
                   "Local Read Blocks": 0,                                                                                                  
                   "Local Dirtied Blocks": 0,                                                                                               
                   "Local Written Blocks": 0,                                                                                               
                   "Temp Read Blocks": 0,                                                                                                   
                   "Temp Written Blocks": 0,                                                                                                
                   "Plans": [                                                                                                               
                     {                                                                                                                      
                       "Node Type": "Merge Join",                                                                                           
                       "Parent Relationship": "Outer",                                                                                      
                       "Parallel Aware": false,                                                                                             
                       "Join Type": "Inner",                                                                                                
                       "Startup Cost": 6656.98,                                                                                             
                       "Total Cost": 7701.56,                                                                                               
                       "Plan Rows": 1,                                                                                                      
                       "Plan Width": 37,                                                                                                    
                       "Actual Startup Time": 13185.139,                                                                                    
                       "Actual Total Time": 20191.790,                                                                                      
                       "Actual Rows": 3124,                                                                                                 
                       "Actual Loops": 1,                                                                                                   
                       "Inner Unique": false,                                                                                               
                       "Merge Cond": "(t.id = ml.movie_id)",                                                                                
                       "Shared Hit Blocks": 18,                                                                                             
                       "Shared Read Blocks": 242232,                                                                                        
                       "Shared Dirtied Blocks": 0,                                                                                          
                       "Shared Written Blocks": 0,                                                                                          
                       "Local Hit Blocks": 0,                                                                                               
                       "Local Read Blocks": 0,                                                                                              
                       "Local Dirtied Blocks": 0,                                                                                           
                       "Local Written Blocks": 0,                                                                                           
                       "Temp Read Blocks": 0,                                                                                               
                       "Temp Written Blocks": 0,                                                                                            
                       "Plans": [                                                                                                           
                         {                                                                                                                  
                           "Node Type": "Nested Loop",                                                                                      
                           "Parent Relationship": "Outer",                                                                                  
                           "Parallel Aware": false,                                                                                         
                           "Join Type": "Inner",                                                                                            
                           "Startup Cost": 6640.26,                                                                                         
                           "Total Cost": 20216.38,                                                                                          
                           "Plan Rows": 13,                                                                                                 
                           "Plan Width": 41,                                                                                                
                           "Actual Startup Time": 13123.268,                                                                                
                           "Actual Total Time": 20128.787,                                                                                  
                           "Actual Rows": 173,                                                                                              
                           "Actual Loops": 1,                                                                                               
                           "Inner Unique": false,                                                                                           
                           "Join Filter": "(t.id = mc.movie_id)",                                                                           
                           "Rows Removed by Join Filter": 39602189,                                                                         
                           "Shared Hit Blocks": 15,                                                                                         
                           "Shared Read Blocks": 242071,                                                                                    
                           "Shared Dirtied Blocks": 0,                                                                                      
                           "Shared Written Blocks": 0,                                                                                      
                           "Local Hit Blocks": 0,                                                                                           
                           "Local Read Blocks": 0,                                                                                          
                           "Local Dirtied Blocks": 0,                                                                                       
                           "Local Written Blocks": 0,                                                                                       
                           "Temp Read Blocks": 0,                                                                                           
                           "Temp Written Blocks": 0,                                                                                        
                           "Plans": [                                                                                                       
                             {                                                                                                              
                               "Node Type": "Nested Loop",                                                                                  
                               "Parent Relationship": "Outer",                                                                              
                               "Parallel Aware": false,                                                                                     
                               "Join Type": "Inner",                                                                                        
                               "Startup Cost": 6640.26,                                                                                     
                               "Total Cost": 17920.57,                                                                                      
                               "Plan Rows": 5,                                                                                              
                               "Plan Width": 29,                                                                                            
                               "Actual Startup Time": 12554.810,                                                                            
                               "Actual Total Time": 13544.921,                                                                              
                               "Actual Rows": 32,                                                                                           
                               "Actual Loops": 1,                                                                                           
                               "Inner Unique": false,                                                                                       
                               "Join Filter": "(t.id = mi.movie_id)",                                                                       
                               "Rows Removed by Join Filter": 7839670,                                                                      
                               "Shared Hit Blocks": 12,                                                                                     
                               "Shared Read Blocks": 223285,                                                                                
                               "Shared Dirtied Blocks": 0,                                                                                  
                               "Shared Written Blocks": 0,                                                                                  
                               "Local Hit Blocks": 0,                                                                                       
                               "Local Read Blocks": 0,                                                                                      
                               "Local Dirtied Blocks": 0,                                                                                   
                               "Local Written Blocks": 0,                                                                                   
                               "Temp Read Blocks": 0,                                                                                       
                               "Temp Written Blocks": 0,                                                                                    
                               "Plans": [                                                                                                   
                                 {                                                                                                          
                                   "Node Type": "Merge Join",                                                                               
                                   "Parent Relationship": "Outer",                                                                          
                                   "Parallel Aware": false,                                                                                 
                                   "Join Type": "Inner",                                                                                    
                                   "Startup Cost": 6640.26,                                                                                 
                                   "Total Cost": 6781.53,                                                                                   
                                   "Plan Rows": 12,                                                                                         
                                   "Plan Width": 25,                                                                                        
                                   "Actual Startup Time": 4104.349,                                                                         
                                   "Actual Total Time": 4135.816,                                                                           
                                   "Actual Rows": 51,                                                                                       
                                   "Actual Loops": 1,                                                                                       
                                   "Inner Unique": true,                                                                                    
                                   "Merge Cond": "(mk.movie_id = t.id)",                                                                    
                                   "Shared Hit Blocks": 10,                                                                                 
                                   "Shared Read Blocks": 61395,                                                                             
                                   "Shared Dirtied Blocks": 0,                                                                              
                                   "Shared Written Blocks": 0,                                                                              
                                   "Local Hit Blocks": 0,                                                                                   
                                   "Local Read Blocks": 0,                                                                                  
                                   "Local Dirtied Blocks": 0,                                                                               
                                   "Local Written Blocks": 0,                                                                               
                                   "Temp Read Blocks": 0,                                                                                   
                                   "Temp Written Blocks": 0,                                                                                
                                   "Plans": [                                                                                               
                                     {                                                                                                      
                                       "Node Type": "Sort",                                                                                 
                                       "Parent Relationship": "Outer",                                                                      
                                       "Parallel Aware": false,                                                                             
                                       "Startup Cost": 2144.60,                                                                             
                                       "Total Cost": 2144.60,                                                                               
                                       "Plan Rows": 34,                                                                                     
                                       "Plan Width": 4,                                                                                     
                                       "Actual Startup Time": 2195.046,                                                                     
                                       "Actual Total Time": 2195.066,                                                                       
                                       "Actual Rows": 63,                                                                                   
                                       "Actual Loops": 1,                                                                                   
                                       "Sort Key": ["mk.movie_id"],                                                                         
                                       "Sort Method": "quicksort",                                                                          
                                       "Sort Space Used": 879,                                                                              
                                       "Sort Space Type": "Memory",                                                                         
                                       "Shared Hit Blocks": 9,                                                                              
                                       "Shared Read Blocks": 25398,                                                                         
                                       "Shared Dirtied Blocks": 0,                                                                          
                                       "Shared Written Blocks": 0,                                                                          
                                       "Local Hit Blocks": 0,                                                                               
                                       "Local Read Blocks": 0,                                                                              
                                       "Local Dirtied Blocks": 0,                                                                           
                                       "Local Written Blocks": 0,                                                                           
                                       "Temp Read Blocks": 0,                                                                               
                                       "Temp Written Blocks": 0,                                                                            
                                       "Plans": [                                                                                           
                                         {                                                                                                  
                                           "Node Type": "Nested Loop",                                                                      
                                           "Parent Relationship": "Outer",                                                                  
                                           "Parallel Aware": false,                                                                         
                                           "Join Type": "Inner",                                                                            
                                           "Startup Cost": 0.00,                                                                            
                                           "Total Cost": 2144.57,                                                                           
                                           "Plan Rows": 34,                                                                                 
                                           "Plan Width": 4,                                                                                 
                                           "Actual Startup Time": 84.305,                                                                   
                                           "Actual Total Time": 2161.838,                                                                   
                                           "Actual Rows": 10544,                                                                            
                                           "Actual Loops": 1,                                                                               
                                           "Inner Unique": true,                                                                            
                                           "Join Filter": "(k.id = mk.keyword_id)",                                                         
                                           "Rows Removed by Join Filter": 4513386,                                                          
                                           "Shared Hit Blocks": 5,                                                                          
                                           "Shared Read Blocks": 25398,                                                                     
                                           "Shared Dirtied Blocks": 0,                                                                      
                                           "Shared Written Blocks": 0,                                                                      
                                           "Local Hit Blocks": 0,                                                                           
                                           "Local Read Blocks": 0,                                                                          
                                           "Local Dirtied Blocks": 0,                                                                       
                                           "Local Written Blocks": 0,                                                                       
                                           "Temp Read Blocks": 0,                                                                           
                                           "Temp Written Blocks": 0,                                                                        
                                           "Plans": [                                                                                       
                                             {                                                                                              
                                               "Node Type": "Seq Scan",                                                                     
                                               "Parent Relationship": "Outer",                                                              
                                               "Parallel Aware": false,                                                                     
                                               "Relation Name": "movie_keyword",                                                            
                                               "Alias": "mk",                                                                               
                                               "Startup Cost": 0.00,                                                                        
                                               "Total Cost": 1079.84,                                                                       
                                               "Plan Rows": 4523930,                                                                        
                                               "Plan Width": 8,                                                                             
                                               "Actual Startup Time": 0.014,                                                                
                                               "Actual Total Time": 485.053,                                                                
                                               "Actual Rows": 4523930,                                                                      
                                               "Actual Loops": 1,                                                                           
                                               "Shared Hit Blocks": 3,                                                                      
                                               "Shared Read Blocks": 24451,                                                                 
                                               "Shared Dirtied Blocks": 0,                                                                  
                                               "Shared Written Blocks": 0,                                                                  
                                               "Local Hit Blocks": 0,                                                                       
                                               "Local Read Blocks": 0,                                                                      
                                               "Local Dirtied Blocks": 0,                                                                   
                                               "Local Written Blocks": 0,                                                                   
                                               "Temp Read Blocks": 0,                                                                       
                                               "Temp Written Blocks": 0                                                                     
                                             },                                                                                             
                                             {                                                                                              
                                               "Node Type": "Materialize",                                                                  
                                               "Parent Relationship": "Inner",                                                              
                                               "Parallel Aware": false,                                                                     
                                               "Startup Cost": 0.00,                                                                        
                                               "Total Cost": 49.46,                                                                         
                                               "Plan Rows": 1,                                                                              
                                               "Plan Width": 4,                                                                             
                                               "Actual Startup Time": 0.000,                                                                
                                               "Actual Total Time": 0.000,                                                                  
                                               "Actual Rows": 1,                                                                            
                                               "Actual Loops": 4523930,                                                                     
                                               "Shared Hit Blocks": 2,                                                                      
                                               "Shared Read Blocks": 947,                                                                   
                                               "Shared Dirtied Blocks": 0,                                                                  
                                               "Shared Written Blocks": 0,                                                                  
                                               "Local Hit Blocks": 0,                                                                       
                                               "Local Read Blocks": 0,                                                                      
                                               "Local Dirtied Blocks": 0,                                                                   
                                               "Local Written Blocks": 0,                                                                   
                                               "Temp Read Blocks": 0,                                                                       
                                               "Temp Written Blocks": 0,                                                                    
                                               "Plans": [                                                                                   
                                                 {                                                                                          
                                                   "Node Type": "Seq Scan",                                                                 
                                                   "Parent Relationship": "Outer",                                                          
                                                   "Parallel Aware": false,                                                                 
                                                   "Relation Name": "keyword",                                                              
                                                   "Alias": "k",                                                                            
                                                   "Startup Cost": 0.00,                                                                    
                                                   "Total Cost": 49.46,                                                                     
                                                   "Plan Rows": 1,                                                                          
                                                   "Plan Width": 4,                                                                         
                                                   "Actual Startup Time": 23.645,                                                           
                                                   "Actual Total Time": 83.732,                                                             
                                                   "Actual Rows": 1,                                                                        
                                                   "Actual Loops": 1,                                                                       
                                                   "Filter": "(keyword = 'sequel'::text)",                                                  
                                                   "Rows Removed by Filter": 134169,                                                        
                                                   "Shared Hit Blocks": 2,                                                                  
                                                   "Shared Read Blocks": 947,                                                               
                                                   "Shared Dirtied Blocks": 0,                                                              
                                                   "Shared Written Blocks": 0,                                                              
                                                   "Local Hit Blocks": 0,                                                                   
                                                   "Local Read Blocks": 0,                                                                  
                                                   "Local Dirtied Blocks": 0,                                                               
                                                   "Local Written Blocks": 0,                                                               
                                                   "Temp Read Blocks": 0,                                                                   
                                                   "Temp Written Blocks": 0                                                                 
                                                 }                                                                                          
                                               ]                                                                                            
                                             }                                                                                              
                                           ]                                                                                                
                                         }                                                                                                  
                                       ]                                                                                                    
                                     },                                                                                                     
                                     {                                                                                                      
                                       "Node Type": "Sort",                                                                                 
                                       "Parent Relationship": "Inner",                                                                      
                                       "Parallel Aware": false,                                                                             
                                       "Startup Cost": 4495.66,                                                                             
                                       "Total Cost": 4566.36,                                                                               
                                       "Plan Rows": 910581,                                                                                 
                                       "Plan Width": 21,                                                                                    
                                       "Actual Startup Time": 1909.016,                                                                     
                                       "Actual Total Time": 1924.243,                                                                       
                                       "Actual Rows": 115682,                                                                               
                                       "Actual Loops": 1,                                                                                   
                                       "Sort Key": ["t.id"],                                                                                
                                       "Sort Method": "quicksort",                                                                          
                                       "Sort Space Used": 88345,                                                                            
                                       "Sort Space Type": "Memory",                                                                         
                                       "Shared Hit Blocks": 1,                                                                              
                                       "Shared Read Blocks": 35997,                                                                         
                                       "Shared Dirtied Blocks": 0,                                                                          
                                       "Shared Written Blocks": 0,                                                                          
                                       "Local Hit Blocks": 0,                                                                               
                                       "Local Read Blocks": 0,                                                                              
                                       "Local Dirtied Blocks": 0,                                                                           
                                       "Local Written Blocks": 0,                                                                           
                                       "Temp Read Blocks": 0,                                                                               
                                       "Temp Written Blocks": 0,                                                                            
                                       "Plans": [                                                                                           
                                         {                                                                                                  
                                           "Node Type": "Seq Scan",                                                                         
                                           "Parent Relationship": "Outer",                                                                  
                                           "Parallel Aware": false,                                                                         
                                           "Relation Name": "title",                                                                        
                                           "Alias": "t",                                                                                    
                                           "Startup Cost": 0.00,                                                                            
                                           "Total Cost": 1696.56,                                                                           
                                           "Plan Rows": 910581,                                                                             
                                           "Plan Width": 21,                                                                                
                                           "Actual Startup Time": 5.101,                                                                    
                                           "Actual Total Time": 1366.396,                                                                   
                                           "Actual Rows": 910581,                                                                           
                                           "Actual Loops": 1,                                                                               
                                           "Filter": "((production_year >= 1950) AND (production_year <= 2000))",                           
                                           "Rows Removed by Filter": 1617731,                                                               
                                           "Shared Hit Blocks": 1,                                                                          
                                           "Shared Read Blocks": 35997,                                                                     
                                           "Shared Dirtied Blocks": 0,                                                                      
                                           "Shared Written Blocks": 0,                                                                      
                                           "Local Hit Blocks": 0,                                                                           
                                           "Local Read Blocks": 0,                                                                          
                                           "Local Dirtied Blocks": 0,                                                                       
                                           "Local Written Blocks": 0,                                                                       
                                           "Temp Read Blocks": 0,                                                                           
                                           "Temp Written Blocks": 0                                                                         
                                         }                                                                                                  
                                       ]                                                                                                    
                                     }                                                                                                      
                                   ]                                                                                                        
                                 },                                                                                                         
                                 {                                                                                                          
                                   "Node Type": "Materialize",                                                                              
                                   "Parent Relationship": "Inner",                                                                          
                                   "Parallel Aware": false,                                                                                 
                                   "Startup Cost": 0.00,                                                                                    
                                   "Total Cost": 10735.18,                                                                                  
                                   "Plan Rows": 154416,                                                                                     
                                   "Plan Width": 4,                                                                                         
                                   "Actual Startup Time": 0.210,                                                                            
                                   "Actual Total Time": 170.069,                                                                            
                                   "Actual Rows": 153720,                                                                                   
                                   "Actual Loops": 51,                                                                                      
                                   "Shared Hit Blocks": 2,                                                                                  
                                   "Shared Read Blocks": 161890,                                                                            
                                   "Shared Dirtied Blocks": 0,                                                                              
                                   "Shared Written Blocks": 0,                                                                              
                                   "Local Hit Blocks": 0,                                                                                   
                                   "Local Read Blocks": 0,                                                                                  
                                   "Local Dirtied Blocks": 0,                                                                               
                                   "Local Written Blocks": 0,                                                                               
                                   "Temp Read Blocks": 0,                                                                                   
                                   "Temp Written Blocks": 0,                                                                                
                                   "Plans": [                                                                                               
                                     {                                                                                                      
                                       "Node Type": "Seq Scan",                                                                             
                                       "Parent Relationship": "Outer",                                                                      
                                       "Parallel Aware": false,                                                                             
                                       "Relation Name": "movie_info",                                                                       
                                       "Alias": "mi",                                                                                       
                                       "Startup Cost": 0.00,                                                                                
                                       "Total Cost": 10711.20,                                                                              
                                       "Plan Rows": 154416,                                                                                 
                                       "Plan Width": 4,                                                                                     
                                       "Actual Startup Time": 10.720,                                                                       
                                       "Actual Total Time": 8306.374,                                                                       
                                       "Actual Rows": 153897,                                                                               
                                       "Actual Loops": 1,                                                                                   
                                       "Filter": "(info = ANY ('{Sweden,Norway,Germany,Denmark,Swedish,Denish,Norwegian,German}'::text[]))",
                                       "Rows Removed by Filter": 14681823,                                                                  
                                       "Shared Hit Blocks": 2,                                                                              
                                       "Shared Read Blocks": 161890,                                                                        
                                       "Shared Dirtied Blocks": 0,                                                                          
                                       "Shared Written Blocks": 0,                                                                          
                                       "Local Hit Blocks": 0,                                                                               
                                       "Local Read Blocks": 0,                                                                              
                                       "Local Dirtied Blocks": 0,                                                                           
                                       "Local Written Blocks": 0,                                                                           
                                       "Temp Read Blocks": 0,                                                                               
                                       "Temp Written Blocks": 0                                                                             
                                     }                                                                                                      
                                   ]                                                                                                        
                                 }                                                                                                          
                               ]                                                                                                            
                             },                                                                                                             
                             {                                                                                                              
                               "Node Type": "Materialize",                                                                                  
                               "Parent Relationship": "Inner",                                                                              
                               "Parallel Aware": false,                                                                                     
                               "Startup Cost": 0.00,                                                                                        
                               "Total Cost": 967.27,                                                                                        
                               "Plan Rows": 1271989,                                                                                        
                               "Plan Width": 12,                                                                                            
                               "Actual Startup Time": 0.001,                                                                                
                               "Actual Total Time": 88.640,                                                                                 
                               "Actual Rows": 1237574,                                                                                      
                               "Actual Loops": 32,                                                                                          
                               "Shared Hit Blocks": 3,                                                                                      
                               "Shared Read Blocks": 18786,                                                                                 
                               "Shared Dirtied Blocks": 0,                                                                                  
                               "Shared Written Blocks": 0,                                                                                  
                               "Local Hit Blocks": 0,                                                                                       
                               "Local Read Blocks": 0,                                                                                      
                               "Local Dirtied Blocks": 0,                                                                                   
                               "Local Written Blocks": 0,                                                                                   
                               "Temp Read Blocks": 0,                                                                                       
                               "Temp Written Blocks": 0,                                                                                    
                               "Plans": [                                                                                                   
                                 {                                                                                                          
                                   "Node Type": "Seq Scan",                                                                                 
                                   "Parent Relationship": "Outer",                                                                          
                                   "Parallel Aware": false,                                                                                 
                                   "Relation Name": "movie_companies",                                                                      
                                   "Alias": "mc",                                                                                           
                                   "Startup Cost": 0.00,                                                                                    
                                   "Total Cost": 769.75,                                                                                    
                                   "Plan Rows": 1271989,                                                                                    
                                   "Plan Width": 12,                                                                                        
                                   "Actual Startup Time": 0.024,                                                                            
                                   "Actual Total Time": 860.301,                                                                            
                                   "Actual Rows": 1271989,                                                                                  
                                   "Actual Loops": 1,                                                                                       
                                   "Filter": "(note IS NULL)",                                                                              
                                   "Rows Removed by Filter": 1337140,                                                                       
                                   "Shared Hit Blocks": 3,                                                                                  
                                   "Shared Read Blocks": 18786,                                                                             
                                   "Shared Dirtied Blocks": 0,                                                                              
                                   "Shared Written Blocks": 0,                                                                              
                                   "Local Hit Blocks": 0,                                                                                   
                                   "Local Read Blocks": 0,                                                                                  
                                   "Local Dirtied Blocks": 0,                                                                               
                                   "Local Written Blocks": 0,                                                                               
                                   "Temp Read Blocks": 0,                                                                                   
                                   "Temp Written Blocks": 0                                                                                 
                                 }                                                                                                          
                               ]                                                                                                            
                             }                                                                                                              
                           ]                                                                                                                
                         },                                                                                                                 
                         {                                                                                                                  
                           "Node Type": "Sort",                                                                                             
                           "Parent Relationship": "Inner",                                                                                  
                           "Parallel Aware": false,                                                                                         
                           "Startup Cost": 16.72,                                                                                           
                           "Total Cost": 16.85,                                                                                             
                           "Plan Rows": 1666,                                                                                               
                           "Plan Width": 16,                                                                                                
                           "Actual Startup Time": 61.804,                                                                                   
                           "Actual Total Time": 62.083,                                                                                     
                           "Actual Rows": 5323,                                                                                             
                           "Actual Loops": 1,                                                                                               
                           "Sort Key": ["ml.movie_id"],                                                                                     
                           "Sort Method": "quicksort",                                                                                      
                           "Sort Space Used": 205,                                                                                          
                           "Sort Space Type": "Memory",                                                                                     
                           "Shared Hit Blocks": 3,                                                                                          
                           "Shared Read Blocks": 161,                                                                                       
                           "Shared Dirtied Blocks": 0,                                                                                      
                           "Shared Written Blocks": 0,                                                                                      
                           "Local Hit Blocks": 0,                                                                                           
                           "Local Read Blocks": 0,                                                                                          
                           "Local Dirtied Blocks": 0,                                                                                       
                           "Local Written Blocks": 0,                                                                                       
                           "Temp Read Blocks": 0,                                                                                           
                           "Temp Written Blocks": 0,                                                                                        
                           "Plans": [                                                                                                       
                             {                                                                                                              
                               "Node Type": "Nested Loop",                                                                                  
                               "Parent Relationship": "Outer",                                                                              
                               "Parallel Aware": false,                                                                                     
                               "Join Type": "Inner",                                                                                        
                               "Startup Cost": 0.00,                                                                                        
                               "Total Cost": 13.95,                                                                                         
                               "Plan Rows": 1666,                                                                                           
                               "Plan Width": 16,                                                                                            
                               "Actual Startup Time": 0.052,                                                                                
                               "Actual Total Time": 60.778,                                                                                 
                               "Actual Rows": 2315,                                                                                         
                               "Actual Loops": 1,                                                                                           
                               "Inner Unique": true,                                                                                        
                               "Join Filter": "(lt.id = ml.link_type_id)",                                                                  
                               "Rows Removed by Join Filter": 56521,                                                                        
                               "Shared Hit Blocks": 3,                                                                                      
                               "Shared Read Blocks": 161,                                                                                   
                               "Shared Dirtied Blocks": 0,                                                                                  
                               "Shared Written Blocks": 0,                                                                                  
                               "Local Hit Blocks": 0,                                                                                       
                               "Local Read Blocks": 0,                                                                                      
                               "Local Dirtied Blocks": 0,                                                                                   
                               "Local Written Blocks": 0,                                                                                   
                               "Temp Read Blocks": 0,                                                                                       
                               "Temp Written Blocks": 0,                                                                                    
                               "Plans": [                                                                                                   
                                 {                                                                                                          
                                   "Node Type": "Seq Scan",                                                                                 
                                   "Parent Relationship": "Outer",                                                                          
                                   "Parallel Aware": false,                                                                                 
                                   "Relation Name": "movie_link",                                                                           
                                   "Alias": "ml",                                                                                           
                                   "Startup Cost": 0.00,                                                                                    
                                   "Total Cost": 7.19,                                                                                      
                                   "Plan Rows": 29997,                                                                                      
                                   "Plan Width": 8,                                                                                         
                                   "Actual Startup Time": 0.008,                                                                            
                                   "Actual Total Time": 28.511,                                                                             
                                   "Actual Rows": 29997,                                                                                    
                                   "Actual Loops": 1,                                                                                       
                                   "Shared Hit Blocks": 2,                                                                                  
                                   "Shared Read Blocks": 161,                                                                               
                                   "Shared Dirtied Blocks": 0,                                                                              
                                   "Shared Written Blocks": 0,                                                                              
                                   "Local Hit Blocks": 0,                                                                                   
                                   "Local Read Blocks": 0,                                                                                  
                                   "Local Dirtied Blocks": 0,                                                                               
                                   "Local Written Blocks": 0,                                                                               
                                   "Temp Read Blocks": 0,                                                                                   
                                   "Temp Written Blocks": 0                                                                                 
                                 },                                                                                                         
                                 {                                                                                                          
                                   "Node Type": "Materialize",                                                                              
                                   "Parent Relationship": "Inner",                                                                          
                                   "Parallel Aware": false,                                                                                 
                                   "Startup Cost": 0.00,                                                                                    
                                   "Total Cost": 0.03,                                                                                      
                                   "Plan Rows": 1,                                                                                          
                                   "Plan Width": 16,                                                                                        
                                   "Actual Startup Time": 0.000,                                                                            
                                   "Actual Total Time": 0.000,                                                                              
                                   "Actual Rows": 2,                                                                                        
                                   "Actual Loops": 29997,                                                                                   
                                   "Shared Hit Blocks": 1,                                                                                  
                                   "Shared Read Blocks": 0,                                                                                 
                                   "Shared Dirtied Blocks": 0,                                                                              
                                   "Shared Written Blocks": 0,                                                                              
                                   "Local Hit Blocks": 0,                                                                                   
                                   "Local Read Blocks": 0,                                                                                  
                                   "Local Dirtied Blocks": 0,                                                                               
                                   "Local Written Blocks": 0,                                                                               
                                   "Temp Read Blocks": 0,                                                                                   
                                   "Temp Written Blocks": 0,                                                                                
                                   "Plans": [                                                                                               
                                     {                                                                                                      
                                       "Node Type": "Seq Scan",                                                                             
                                       "Parent Relationship": "Outer",                                                                      
                                       "Parallel Aware": false,                                                                             
                                       "Relation Name": "link_type",                                                                        
                                       "Alias": "lt",                                                                                       
                                       "Startup Cost": 0.00,                                                                                
                                       "Total Cost": 0.03,                                                                                  
                                       "Plan Rows": 1,                                                                                      
                                       "Plan Width": 16,                                                                                    
                                       "Actual Startup Time": 0.008,                                                                        
                                       "Actual Total Time": 0.012,                                                                          
                                       "Actual Rows": 2,                                                                                    
                                       "Actual Loops": 1,                                                                                   
                                       "Filter": "((link)::text ~~ '%follow%'::text)",                                                      
                                       "Rows Removed by Filter": 16,                                                                        
                                       "Shared Hit Blocks": 1,                                                                              
                                       "Shared Read Blocks": 0,                                                                             
                                       "Shared Dirtied Blocks": 0,                                                                          
                                       "Shared Written Blocks": 0,                                                                          
                                       "Local Hit Blocks": 0,                                                                               
                                       "Local Read Blocks": 0,                                                                              
                                       "Local Dirtied Blocks": 0,                                                                           
                                       "Local Written Blocks": 0,                                                                           
                                       "Temp Read Blocks": 0,                                                                               
                                       "Temp Written Blocks": 0                                                                             
                                     }                                                                                                      
                                   ]                                                                                                        
                                 }                                                                                                          
                               ]                                                                                                            
                             }                                                                                                              
                           ]                                                                                                                
                         }                                                                                                                  
                       ]                                                                                                                    
                     }                                                                                                                      
                   ]                                                                                                                        
                 }                                                                                                                          
               ]                                                                                                                            
             },                                                                                                                             
             {                                                                                                                              
               "Node Type": "Materialize",                                                                                                  
               "Parent Relationship": "Inner",                                                                                              
               "Parallel Aware": false,                                                                                                     
               "Startup Cost": 0.00,                                                                                                        
               "Total Cost": 0.03,                                                                                                          
               "Plan Rows": 1,                                                                                                              
               "Plan Width": 4,                                                                                                             
               "Actual Startup Time": 0.000,                                                                                                
               "Actual Total Time": 0.000,                                                                                                  
               "Actual Rows": 1,                                                                                                            
               "Actual Loops": 1505,                                                                                                        
               "Shared Hit Blocks": 1,                                                                                                      
               "Shared Read Blocks": 0,                                                                                                     
               "Shared Dirtied Blocks": 0,                                                                                                  
               "Shared Written Blocks": 0,                                                                                                  
               "Local Hit Blocks": 0,                                                                                                       
               "Local Read Blocks": 0,                                                                                                      
               "Local Dirtied Blocks": 0,                                                                                                   
               "Local Written Blocks": 0,                                                                                                   
               "Temp Read Blocks": 0,                                                                                                       
               "Temp Written Blocks": 0,                                                                                                    
               "Plans": [                                                                                                                   
                 {                                                                                                                          
                   "Node Type": "Seq Scan",                                                                                                 
                   "Parent Relationship": "Outer",                                                                                          
                   "Parallel Aware": false,                                                                                                 
                   "Relation Name": "company_type",                                                                                         
                   "Alias": "ct",                                                                                                           
                   "Startup Cost": 0.00,                                                                                                    
                   "Total Cost": 0.03,                                                                                                      
                   "Plan Rows": 1,                                                                                                          
                   "Plan Width": 4,                                                                                                         
                   "Actual Startup Time": 0.006,                                                                                            
                   "Actual Total Time": 0.008,                                                                                              
                   "Actual Rows": 1,                                                                                                        
                   "Actual Loops": 1,                                                                                                       
                   "Filter": "((kind)::text = 'production companies'::text)",                                                               
                   "Rows Removed by Filter": 3,                                                                                             
                   "Shared Hit Blocks": 1,                                                                                                  
                   "Shared Read Blocks": 0,                                                                                                 
                   "Shared Dirtied Blocks": 0,                                                                                              
                   "Shared Written Blocks": 0,                                                                                              
                   "Local Hit Blocks": 0,                                                                                                   
                   "Local Read Blocks": 0,                                                                                                  
                   "Local Dirtied Blocks": 0,                                                                                               
                   "Local Written Blocks": 0,                                                                                               
                   "Temp Read Blocks": 0,                                                                                                   
                   "Temp Written Blocks": 0                                                                                                 
                 }                                                                                                                          
               ]                                                                                                                            
             }                                                                                                                              
           ]                                                                                                                                
         }                                                                                                                                  
       ]                                                                                                                                    
     },                                                                                                                                     
     "Planning Time": 6050.092,                                                                                                             
     "Triggers": [                                                                                                                          
     ],                                                                                                                                     
     "Execution Time": 42420.110                                                                                                            
   }                                                                                                                                        
 ]
