 [                                                                                                                                   
   {                                                                                                                                 
     "Plan": {                                                                                                                       
       "Node Type": "Aggregate",                                                                                                     
       "Strategy": "Plain",                                                                                                          
       "Partial Mode": "Simple",                                                                                                     
       "Parallel Aware": false,                                                                                                      
       "Startup Cost": 10410.49,                                                                                                     
       "Total Cost": 10410.49,                                                                                                       
       "Plan Rows": 1,                                                                                                               
       "Plan Width": 96,                                                                                                             
       "Actual Startup Time": 16103.366,                                                                                             
       "Actual Total Time": 16103.367,                                                                                               
       "Actual Rows": 1,                                                                                                             
       "Actual Loops": 1,                                                                                                            
       "Shared Hit Blocks": 21,                                                                                                      
       "Shared Read Blocks": 245224,                                                                                                 
       "Shared Dirtied Blocks": 0,                                                                                                   
       "Shared Written Blocks": 0,                                                                                                   
       "Local Hit Blocks": 0,                                                                                                        
       "Local Read Blocks": 0,                                                                                                       
       "Local Dirtied Blocks": 0,                                                                                                    
       "Local Written Blocks": 0,                                                                                                    
       "Temp Read Blocks": 0,                                                                                                        
       "Temp Written Blocks": 0,                                                                                                     
       "Plans": [                                                                                                                    
         {                                                                                                                           
           "Node Type": "Nested Loop",                                                                                               
           "Parent Relationship": "Outer",                                                                                           
           "Parallel Aware": false,                                                                                                  
           "Join Type": "Inner",                                                                                                     
           "Startup Cost": 9722.08,                                                                                                  
           "Total Cost": 10410.49,                                                                                                   
           "Plan Rows": 1,                                                                                                           
           "Plan Width": 48,                                                                                                         
           "Actual Startup Time": 15126.590,                                                                                         
           "Actual Total Time": 16103.299,                                                                                           
           "Actual Rows": 38,                                                                                                        
           "Actual Loops": 1,                                                                                                        
           "Inner Unique": true,                                                                                                     
           "Join Filter": "(mc.company_type_id = ct.id)",                                                                            
           "Rows Removed by Join Filter": 0,                                                                                         
           "Shared Hit Blocks": 21,                                                                                                  
           "Shared Read Blocks": 245224,                                                                                             
           "Shared Dirtied Blocks": 0,                                                                                               
           "Shared Written Blocks": 0,                                                                                               
           "Local Hit Blocks": 0,                                                                                                    
           "Local Read Blocks": 0,                                                                                                   
           "Local Dirtied Blocks": 0,                                                                                                
           "Local Written Blocks": 0,                                                                                                
           "Temp Read Blocks": 0,                                                                                                    
           "Temp Written Blocks": 0,                                                                                                 
           "Plans": [                                                                                                                
             {                                                                                                                       
               "Node Type": "Nested Loop",                                                                                           
               "Parent Relationship": "Outer",                                                                                       
               "Parallel Aware": false,                                                                                              
               "Join Type": "Inner",                                                                                                 
               "Startup Cost": 9722.08,                                                                                              
               "Total Cost": 10410.46,                                                                                               
               "Plan Rows": 1,                                                                                                       
               "Plan Width": 52,                                                                                                     
               "Actual Startup Time": 15126.576,                                                                                     
               "Actual Total Time": 16103.271,                                                                                       
               "Actual Rows": 38,                                                                                                    
               "Actual Loops": 1,                                                                                                    
               "Inner Unique": false,                                                                                                
               "Join Filter": "(mc.company_id = cn.id)",                                                                             
               "Rows Removed by Join Filter": 6424128,                                                                               
               "Shared Hit Blocks": 20,                                                                                              
               "Shared Read Blocks": 245224,                                                                                         
               "Shared Dirtied Blocks": 0,                                                                                           
               "Shared Written Blocks": 0,                                                                                           
               "Local Hit Blocks": 0,                                                                                                
               "Local Read Blocks": 0,                                                                                               
               "Local Dirtied Blocks": 0,                                                                                            
               "Local Written Blocks": 0,                                                                                            
               "Temp Read Blocks": 0,                                                                                                
               "Temp Written Blocks": 0,                                                                                             
               "Plans": [                                                                                                            
                 {                                                                                                                   
                   "Node Type": "Seq Scan",                                                                                          
                   "Parent Relationship": "Outer",                                                                                   
                   "Parallel Aware": false,                                                                                          
                   "Relation Name": "company_name",                                                                                  
                   "Alias": "cn",                                                                                                    
                   "Startup Cost": 0.00,                                                                                             
                   "Total Cost": 164.90,                                                                                             
                   "Plan Rows": 49161,                                                                                               
                   "Plan Width": 23,                                                                                                 
                   "Actual Startup Time": 21.593,                                                                                    
                   "Actual Total Time": 145.413,                                                                                     
                   "Actual Rows": 48302,                                                                                             
                   "Actual Loops": 1,                                                                                                
                   "Filter": "(((country_code)::text <> '[pl]'::text) AND ((name ~~ '%Film%'::text) OR (name ~~ '%Warner%'::text)))",
                   "Rows Removed by Filter": 186695,                                                                                 
                   "Shared Hit Blocks": 2,                                                                                           
                   "Shared Read Blocks": 2992,                                                                                       
                   "Shared Dirtied Blocks": 0,                                                                                       
                   "Shared Written Blocks": 0,                                                                                       
                   "Local Hit Blocks": 0,                                                                                            
                   "Local Read Blocks": 0,                                                                                           
                   "Local Dirtied Blocks": 0,                                                                                        
                   "Local Written Blocks": 0,                                                                                        
                   "Temp Read Blocks": 0,                                                                                            
                   "Temp Written Blocks": 0                                                                                          
                 },                                                                                                                  
                 {                                                                                                                   
                   "Node Type": "Materialize",                                                                                       
                   "Parent Relationship": "Inner",                                                                                   
                   "Parallel Aware": false,                                                                                          
                   "Startup Cost": 9722.08,                                                                                          
                   "Total Cost": 10234.53,                                                                                           
                   "Plan Rows": 1,                                                                                                   
                   "Plan Width": 37,                                                                                                 
                   "Actual Startup Time": 0.282,                                                                                     
                   "Actual Total Time": 0.317,                                                                                       
                   "Actual Rows": 133,                                                                                               
                   "Actual Loops": 48302,                                                                                            
                   "Shared Hit Blocks": 18,                                                                                          
                   "Shared Read Blocks": 242232,                                                                                     
                   "Shared Dirtied Blocks": 0,                                                                                       
                   "Shared Written Blocks": 0,                                                                                       
                   "Local Hit Blocks": 0,                                                                                            
                   "Local Read Blocks": 0,                                                                                           
                   "Local Dirtied Blocks": 0,                                                                                        
                   "Local Written Blocks": 0,                                                                                        
                   "Temp Read Blocks": 0,                                                                                            
                   "Temp Written Blocks": 0,                                                                                         
                   "Plans": [                                                                                                        
                     {                                                                                                               
                       "Node Type": "Merge Join",                                                                                    
                       "Parent Relationship": "Outer",                                                                               
                       "Parallel Aware": false,                                                                                      
                       "Join Type": "Inner",                                                                                         
                       "Startup Cost": 9722.08,                                                                                      
                       "Total Cost": 10234.53,                                                                                       
                       "Plan Rows": 1,                                                                                               
                       "Plan Width": 37,                                                                                             
                       "Actual Startup Time": 13609.664,                                                                             
                       "Actual Total Time": 15014.322,                                                                               
                       "Actual Rows": 133,                                                                                           
                       "Actual Loops": 1,                                                                                            
                       "Inner Unique": false,                                                                                        
                       "Merge Cond": "(t.id = ml.movie_id)",                                                                         
                       "Shared Hit Blocks": 18,                                                                                      
                       "Shared Read Blocks": 242232,                                                                                 
                       "Shared Dirtied Blocks": 0,                                                                                   
                       "Shared Written Blocks": 0,                                                                                   
                       "Local Hit Blocks": 0,                                                                                        
                       "Local Read Blocks": 0,                                                                                       
                       "Local Dirtied Blocks": 0,                                                                                    
                       "Local Written Blocks": 0,                                                                                    
                       "Temp Read Blocks": 0,                                                                                        
                       "Temp Written Blocks": 0,                                                                                     
                       "Plans": [                                                                                                    
                         {                                                                                                           
                           "Node Type": "Nested Loop",                                                                               
                           "Parent Relationship": "Outer",                                                                           
                           "Parallel Aware": false,                                                                                  
                           "Join Type": "Inner",                                                                                     
                           "Startup Cost": 9705.36,                                                                                  
                           "Total Cost": 15851.63,                                                                                   
                           "Plan Rows": 12,                                                                                          
                           "Plan Width": 41,                                                                                         
                           "Actual Startup Time": 13552.844,                                                                         
                           "Actual Total Time": 14957.345,                                                                           
                           "Actual Rows": 8,                                                                                         
                           "Actual Loops": 1,                                                                                        
                           "Inner Unique": false,                                                                                    
                           "Join Filter": "(t.id = mc.movie_id)",                                                                    
                           "Rows Removed by Join Filter": 1273674,                                                                   
                           "Shared Hit Blocks": 15,                                                                                  
                           "Shared Read Blocks": 242071,                                                                             
                           "Shared Dirtied Blocks": 0,                                                                               
                           "Shared Written Blocks": 0,                                                                               
                           "Local Hit Blocks": 0,                                                                                    
                           "Local Read Blocks": 0,                                                                                   
                           "Local Dirtied Blocks": 0,                                                                                
                           "Local Written Blocks": 0,                                                                                
                           "Temp Read Blocks": 0,                                                                                    
                           "Temp Written Blocks": 0,                                                                                 
                           "Plans": [                                                                                                
                             {                                                                                                       
                               "Node Type": "Nested Loop",                                                                           
                               "Parent Relationship": "Outer",                                                                       
                               "Parallel Aware": false,                                                                              
                               "Join Type": "Inner",                                                                                 
                               "Startup Cost": 9705.36,                                                                              
                               "Total Cost": 13841.27,                                                                               
                               "Plan Rows": 4,                                                                                       
                               "Plan Width": 29,                                                                                     
                               "Actual Startup Time": 12856.790,                                                                     
                               "Actual Total Time": 13630.854,                                                                       
                               "Actual Rows": 2,                                                                                     
                               "Actual Loops": 1,                                                                                    
                               "Inner Unique": true,                                                                                 
                               "Join Filter": "(mk.movie_id = t.id)",                                                                
                               "Rows Removed by Join Filter": 9614170,                                                               
                               "Shared Hit Blocks": 12,                                                                              
                               "Shared Read Blocks": 223285,                                                                         
                               "Shared Dirtied Blocks": 0,                                                                           
                               "Shared Written Blocks": 0,                                                                           
                               "Local Hit Blocks": 0,                                                                                
                               "Local Read Blocks": 0,                                                                               
                               "Local Dirtied Blocks": 0,                                                                            
                               "Local Written Blocks": 0,                                                                            
                               "Temp Read Blocks": 0,                                                                                
                               "Temp Written Blocks": 0,                                                                             
                               "Plans": [                                                                                            
                                 {                                                                                                   
                                   "Node Type": "Merge Join",                                                                        
                                   "Parent Relationship": "Outer",                                                                   
                                   "Parallel Aware": false,                                                                          
                                   "Join Type": "Inner",                                                                             
                                   "Startup Cost": 9705.36,                                                                          
                                   "Total Cost": 9723.49,                                                                            
                                   "Plan Rows": 10,                                                                                  
                                   "Plan Width": 8,                                                                                  
                                   "Actual Startup Time": 10662.736,                                                                 
                                   "Actual Total Time": 10663.154,                                                                   
                                   "Actual Rows": 11,                                                                                
                                   "Actual Loops": 1,                                                                                
                                   "Inner Unique": false,                                                                            
                                   "Merge Cond": "(mk.movie_id = mi.movie_id)",                                                      
                                   "Shared Hit Blocks": 11,                                                                          
                                   "Shared Read Blocks": 187288,                                                                     
                                   "Shared Dirtied Blocks": 0,                                                                       
                                   "Shared Written Blocks": 0,                                                                       
                                   "Local Hit Blocks": 0,                                                                            
                                   "Local Read Blocks": 0,                                                                           
                                   "Local Dirtied Blocks": 0,                                                                        
                                   "Local Written Blocks": 0,                                                                        
                                   "Temp Read Blocks": 0,                                                                            
                                   "Temp Written Blocks": 0,                                                                         
                                   "Plans": [                                                                                        
                                     {                                                                                               
                                       "Node Type": "Sort",                                                                          
                                       "Parent Relationship": "Outer",                                                               
                                       "Parallel Aware": false,                                                                      
                                       "Startup Cost": 2144.60,                                                                      
                                       "Total Cost": 2144.60,                                                                        
                                       "Plan Rows": 34,                                                                              
                                       "Plan Width": 4,                                                                              
                                       "Actual Startup Time": 2187.251,                                                              
                                       "Actual Total Time": 2187.259,                                                                
                                       "Actual Rows": 49,                                                                            
                                       "Actual Loops": 1,                                                                            
                                       "Sort Key": ["mk.movie_id"],                                                                  
                                       "Sort Method": "quicksort",                                                                   
                                       "Sort Space Used": 879,                                                                       
                                       "Sort Space Type": "Memory",                                                                  
                                       "Shared Hit Blocks": 9,                                                                       
                                       "Shared Read Blocks": 25398,                                                                  
                                       "Shared Dirtied Blocks": 0,                                                                   
                                       "Shared Written Blocks": 0,                                                                   
                                       "Local Hit Blocks": 0,                                                                        
                                       "Local Read Blocks": 0,                                                                       
                                       "Local Dirtied Blocks": 0,                                                                    
                                       "Local Written Blocks": 0,                                                                    
                                       "Temp Read Blocks": 0,                                                                        
                                       "Temp Written Blocks": 0,                                                                     
                                       "Plans": [                                                                                    
                                         {                                                                                           
                                           "Node Type": "Nested Loop",                                                               
                                           "Parent Relationship": "Outer",                                                           
                                           "Parallel Aware": false,                                                                  
                                           "Join Type": "Inner",                                                                     
                                           "Startup Cost": 0.00,                                                                     
                                           "Total Cost": 2144.57,                                                                    
                                           "Plan Rows": 34,                                                                          
                                           "Plan Width": 4,                                                                          
                                           "Actual Startup Time": 83.828,                                                            
                                           "Actual Total Time": 2154.209,                                                            
                                           "Actual Rows": 10544,                                                                     
                                           "Actual Loops": 1,                                                                        
                                           "Inner Unique": true,                                                                     
                                           "Join Filter": "(k.id = mk.keyword_id)",                                                  
                                           "Rows Removed by Join Filter": 4513386,                                                   
                                           "Shared Hit Blocks": 5,                                                                   
                                           "Shared Read Blocks": 25398,                                                              
                                           "Shared Dirtied Blocks": 0,                                                               
                                           "Shared Written Blocks": 0,                                                               
                                           "Local Hit Blocks": 0,                                                                    
                                           "Local Read Blocks": 0,                                                                   
                                           "Local Dirtied Blocks": 0,                                                                
                                           "Local Written Blocks": 0,                                                                
                                           "Temp Read Blocks": 0,                                                                    
                                           "Temp Written Blocks": 0,                                                                 
                                           "Plans": [                                                                                
                                             {                                                                                       
                                               "Node Type": "Seq Scan",                                                              
                                               "Parent Relationship": "Outer",                                                       
                                               "Parallel Aware": false,                                                              
                                               "Relation Name": "movie_keyword",                                                     
                                               "Alias": "mk",                                                                        
                                               "Startup Cost": 0.00,                                                                 
                                               "Total Cost": 1079.84,                                                                
                                               "Plan Rows": 4523930,                                                                 
                                               "Plan Width": 8,                                                                      
                                               "Actual Startup Time": 0.015,                                                         
                                               "Actual Total Time": 483.518,                                                         
                                               "Actual Rows": 4523930,                                                               
                                               "Actual Loops": 1,                                                                    
                                               "Shared Hit Blocks": 3,                                                               
                                               "Shared Read Blocks": 24451,                                                          
                                               "Shared Dirtied Blocks": 0,                                                           
                                               "Shared Written Blocks": 0,                                                           
                                               "Local Hit Blocks": 0,                                                                
                                               "Local Read Blocks": 0,                                                               
                                               "Local Dirtied Blocks": 0,                                                            
                                               "Local Written Blocks": 0,                                                            
                                               "Temp Read Blocks": 0,                                                                
                                               "Temp Written Blocks": 0                                                              
                                             },                                                                                      
                                             {                                                                                       
                                               "Node Type": "Materialize",                                                           
                                               "Parent Relationship": "Inner",                                                       
                                               "Parallel Aware": false,                                                              
                                               "Startup Cost": 0.00,                                                                 
                                               "Total Cost": 49.46,                                                                  
                                               "Plan Rows": 1,                                                                       
                                               "Plan Width": 4,                                                                      
                                               "Actual Startup Time": 0.000,                                                         
                                               "Actual Total Time": 0.000,                                                           
                                               "Actual Rows": 1,                                                                     
                                               "Actual Loops": 4523930,                                                              
                                               "Shared Hit Blocks": 2,                                                               
                                               "Shared Read Blocks": 947,                                                            
                                               "Shared Dirtied Blocks": 0,                                                           
                                               "Shared Written Blocks": 0,                                                           
                                               "Local Hit Blocks": 0,                                                                
                                               "Local Read Blocks": 0,                                                               
                                               "Local Dirtied Blocks": 0,                                                            
                                               "Local Written Blocks": 0,                                                            
                                               "Temp Read Blocks": 0,                                                                
                                               "Temp Written Blocks": 0,                                                             
                                               "Plans": [                                                                            
                                                 {                                                                                   
                                                   "Node Type": "Seq Scan",                                                          
                                                   "Parent Relationship": "Outer",                                                   
                                                   "Parallel Aware": false,                                                          
                                                   "Relation Name": "keyword",                                                       
                                                   "Alias": "k",                                                                     
                                                   "Startup Cost": 0.00,                                                             
                                                   "Total Cost": 49.46,                                                              
                                                   "Plan Rows": 1,                                                                   
                                                   "Plan Width": 4,                                                                  
                                                   "Actual Startup Time": 23.589,                                                    
                                                   "Actual Total Time": 83.418,                                                      
                                                   "Actual Rows": 1,                                                                 
                                                   "Actual Loops": 1,                                                                
                                                   "Filter": "(keyword = 'sequel'::text)",                                           
                                                   "Rows Removed by Filter": 134169,                                                 
                                                   "Shared Hit Blocks": 2,                                                           
                                                   "Shared Read Blocks": 947,                                                        
                                                   "Shared Dirtied Blocks": 0,                                                       
                                                   "Shared Written Blocks": 0,                                                       
                                                   "Local Hit Blocks": 0,                                                            
                                                   "Local Read Blocks": 0,                                                           
                                                   "Local Dirtied Blocks": 0,                                                        
                                                   "Local Written Blocks": 0,                                                        
                                                   "Temp Read Blocks": 0,                                                            
                                                   "Temp Written Blocks": 0                                                          
                                                 }                                                                                   
                                               ]                                                                                     
                                             }                                                                                       
                                           ]                                                                                         
                                         }                                                                                           
                                       ]                                                                                             
                                     },                                                                                              
                                     {                                                                                               
                                       "Node Type": "Sort",                                                                          
                                       "Parent Relationship": "Inner",                                                               
                                       "Parallel Aware": false,                                                                      
                                       "Startup Cost": 7560.76,                                                                      
                                       "Total Cost": 7569.83,                                                                        
                                       "Plan Rows": 116723,                                                                          
                                       "Plan Width": 4,                                                                              
                                       "Actual Startup Time": 8475.352,                                                              
                                       "Actual Total Time": 8475.525,                                                                
                                       "Actual Rows": 3382,                                                                          
                                       "Actual Loops": 1,                                                                            
                                       "Sort Key": ["mi.movie_id"],                                                                  
                                       "Sort Method": "quicksort",                                                                   
                                       "Sort Space Used": 8536,                                                                      
                                       "Sort Space Type": "Memory",                                                                  
                                       "Shared Hit Blocks": 2,                                                                       
                                       "Shared Read Blocks": 161890,                                                                 
                                       "Shared Dirtied Blocks": 0,                                                                   
                                       "Shared Written Blocks": 0,                                                                   
                                       "Local Hit Blocks": 0,                                                                        
                                       "Local Read Blocks": 0,                                                                       
                                       "Local Dirtied Blocks": 0,                                                                    
                                       "Local Written Blocks": 0,                                                                    
                                       "Temp Read Blocks": 0,                                                                        
                                       "Temp Written Blocks": 0,                                                                     
                                       "Plans": [                                                                                    
                                         {                                                                                           
                                           "Node Type": "Seq Scan",                                                                  
                                           "Parent Relationship": "Outer",                                                           
                                           "Parallel Aware": false,                                                                  
                                           "Relation Name": "movie_info",                                                            
                                           "Alias": "mi",                                                                            
                                           "Startup Cost": 0.00,                                                                     
                                           "Total Cost": 7255.68,                                                                    
                                           "Plan Rows": 116723,                                                                      
                                           "Plan Width": 4,                                                                          
                                           "Actual Startup Time": 11.755,                                                            
                                           "Actual Total Time": 8415.145,                                                            
                                           "Actual Rows": 116559,                                                                    
                                           "Actual Loops": 1,                                                                        
                                           "Filter": "(info = ANY ('{Germany,German}'::text[]))",                                    
                                           "Rows Removed by Filter": 14719161,                                                       
                                           "Shared Hit Blocks": 2,                                                                   
                                           "Shared Read Blocks": 161890,                                                             
                                           "Shared Dirtied Blocks": 0,                                                               
                                           "Shared Written Blocks": 0,                                                               
                                           "Local Hit Blocks": 0,                                                                    
                                           "Local Read Blocks": 0,                                                                   
                                           "Local Dirtied Blocks": 0,                                                                
                                           "Local Written Blocks": 0,                                                                
                                           "Temp Read Blocks": 0,                                                                    
                                           "Temp Written Blocks": 0                                                                  
                                         }                                                                                           
                                       ]                                                                                             
                                     }                                                                                               
                                   ]                                                                                                 
                                 },                                                                                                  
                                 {                                                                                                   
                                   "Node Type": "Materialize",                                                                       
                                   "Parent Relationship": "Inner",                                                                   
                                   "Parallel Aware": false,                                                                          
                                   "Startup Cost": 0.00,                                                                             
                                   "Total Cost": 1858.48,                                                                            
                                   "Plan Rows": 1042800,                                                                             
                                   "Plan Width": 21,                                                                                 
                                   "Actual Startup Time": 1.844,                                                                     
                                   "Actual Total Time": 179.293,                                                                     
                                   "Actual Rows": 874016,                                                                            
                                   "Actual Loops": 11,                                                                               
                                   "Shared Hit Blocks": 1,                                                                           
                                   "Shared Read Blocks": 35997,                                                                      
                                   "Shared Dirtied Blocks": 0,                                                                       
                                   "Shared Written Blocks": 0,                                                                       
                                   "Local Hit Blocks": 0,                                                                            
                                   "Local Read Blocks": 0,                                                                           
                                   "Local Dirtied Blocks": 0,                                                                        
                                   "Local Written Blocks": 0,                                                                        
                                   "Temp Read Blocks": 0,                                                                            
                                   "Temp Written Blocks": 0,                                                                         
                                   "Plans": [                                                                                        
                                     {                                                                                               
                                       "Node Type": "Seq Scan",                                                                      
                                       "Parent Relationship": "Outer",                                                               
                                       "Parallel Aware": false,                                                                      
                                       "Relation Name": "title",                                                                     
                                       "Alias": "t",                                                                                 
                                       "Startup Cost": 0.00,                                                                         
                                       "Total Cost": 1696.56,                                                                        
                                       "Plan Rows": 1042800,                                                                         
                                       "Plan Width": 21,                                                                             
                                       "Actual Startup Time": 20.270,                                                                
                                       "Actual Total Time": 1267.598,                                                                
                                       "Actual Rows": 1042800,                                                                       
                                       "Actual Loops": 1,                                                                            
                                       "Filter": "((production_year >= 2000) AND (production_year <= 2010))",                        
                                       "Rows Removed by Filter": 1485512,                                                            
                                       "Shared Hit Blocks": 1,                                                                       
                                       "Shared Read Blocks": 35997,                                                                  
                                       "Shared Dirtied Blocks": 0,                                                                   
                                       "Shared Written Blocks": 0,                                                                   
                                       "Local Hit Blocks": 0,                                                                        
                                       "Local Read Blocks": 0,                                                                       
                                       "Local Dirtied Blocks": 0,                                                                    
                                       "Local Written Blocks": 0,                                                                    
                                       "Temp Read Blocks": 0,                                                                        
                                       "Temp Written Blocks": 0                                                                      
                                     }                                                                                               
                                   ]                                                                                                 
                                 }                                                                                                   
                               ]                                                                                                     
                             },                                                                                                      
                             {                                                                                                       
                               "Node Type": "Materialize",                                                                           
                               "Parent Relationship": "Inner",                                                                       
                               "Parallel Aware": false,                                                                              
                               "Startup Cost": 0.00,                                                                                 
                               "Total Cost": 967.27,                                                                                 
                               "Plan Rows": 1271989,                                                                                 
                               "Plan Width": 12,                                                                                     
                               "Actual Startup Time": 0.016,                                                                         
                               "Actual Total Time": 603.711,                                                                         
                               "Actual Rows": 636841,                                                                                
                               "Actual Loops": 2,                                                                                    
                               "Shared Hit Blocks": 3,                                                                               
                               "Shared Read Blocks": 18786,                                                                          
                               "Shared Dirtied Blocks": 0,                                                                           
                               "Shared Written Blocks": 0,                                                                           
                               "Local Hit Blocks": 0,                                                                                
                               "Local Read Blocks": 0,                                                                               
                               "Local Dirtied Blocks": 0,                                                                            
                               "Local Written Blocks": 0,                                                                            
                               "Temp Read Blocks": 0,                                                                                
                               "Temp Written Blocks": 0,                                                                             
                               "Plans": [                                                                                            
                                 {                                                                                                   
                                   "Node Type": "Seq Scan",                                                                          
                                   "Parent Relationship": "Outer",                                                                   
                                   "Parallel Aware": false,                                                                          
                                   "Relation Name": "movie_companies",                                                               
                                   "Alias": "mc",                                                                                    
                                   "Startup Cost": 0.00,                                                                             
                                   "Total Cost": 769.75,                                                                             
                                   "Plan Rows": 1271989,                                                                             
                                   "Plan Width": 12,                                                                                 
                                   "Actual Startup Time": 0.024,                                                                     
                                   "Actual Total Time": 925.118,                                                                     
                                   "Actual Rows": 1271989,                                                                           
                                   "Actual Loops": 1,                                                                                
                                   "Filter": "(note IS NULL)",                                                                       
                                   "Rows Removed by Filter": 1337140,                                                                
                                   "Shared Hit Blocks": 3,                                                                           
                                   "Shared Read Blocks": 18786,                                                                      
                                   "Shared Dirtied Blocks": 0,                                                                       
                                   "Shared Written Blocks": 0,                                                                       
                                   "Local Hit Blocks": 0,                                                                            
                                   "Local Read Blocks": 0,                                                                           
                                   "Local Dirtied Blocks": 0,                                                                        
                                   "Local Written Blocks": 0,                                                                        
                                   "Temp Read Blocks": 0,                                                                            
                                   "Temp Written Blocks": 0                                                                          
                                 }                                                                                                   
                               ]                                                                                                     
                             }                                                                                                       
                           ]                                                                                                         
                         },                                                                                                          
                         {                                                                                                           
                           "Node Type": "Sort",                                                                                      
                           "Parent Relationship": "Inner",                                                                           
                           "Parallel Aware": false,                                                                                  
                           "Startup Cost": 16.72,                                                                                    
                           "Total Cost": 16.85,                                                                                      
                           "Plan Rows": 1666,                                                                                        
                           "Plan Width": 16,                                                                                         
                           "Actual Startup Time": 56.594,                                                                            
                           "Actual Total Time": 56.706,                                                                              
                           "Actual Rows": 2429,                                                                                      
                           "Actual Loops": 1,                                                                                        
                           "Sort Key": ["ml.movie_id"],                                                                              
                           "Sort Method": "quicksort",                                                                               
                           "Sort Space Used": 205,                                                                                   
                           "Sort Space Type": "Memory",                                                                              
                           "Shared Hit Blocks": 3,                                                                                   
                           "Shared Read Blocks": 161,                                                                                
                           "Shared Dirtied Blocks": 0,                                                                               
                           "Shared Written Blocks": 0,                                                                               
                           "Local Hit Blocks": 0,                                                                                    
                           "Local Read Blocks": 0,                                                                                   
                           "Local Dirtied Blocks": 0,                                                                                
                           "Local Written Blocks": 0,                                                                                
                           "Temp Read Blocks": 0,                                                                                    
                           "Temp Written Blocks": 0,                                                                                 
                           "Plans": [                                                                                                
                             {                                                                                                       
                               "Node Type": "Nested Loop",                                                                           
                               "Parent Relationship": "Outer",                                                                       
                               "Parallel Aware": false,                                                                              
                               "Join Type": "Inner",                                                                                 
                               "Startup Cost": 0.00,                                                                                 
                               "Total Cost": 13.95,                                                                                  
                               "Plan Rows": 1666,                                                                                    
                               "Plan Width": 16,                                                                                     
                               "Actual Startup Time": 0.059,                                                                         
                               "Actual Total Time": 55.612,                                                                          
                               "Actual Rows": 2315,                                                                                  
                               "Actual Loops": 1,                                                                                    
                               "Inner Unique": true,                                                                                 
                               "Join Filter": "(lt.id = ml.link_type_id)",                                                           
                               "Rows Removed by Join Filter": 56521,                                                                 
                               "Shared Hit Blocks": 3,                                                                               
                               "Shared Read Blocks": 161,                                                                            
                               "Shared Dirtied Blocks": 0,                                                                           
                               "Shared Written Blocks": 0,                                                                           
                               "Local Hit Blocks": 0,                                                                                
                               "Local Read Blocks": 0,                                                                               
                               "Local Dirtied Blocks": 0,                                                                            
                               "Local Written Blocks": 0,                                                                            
                               "Temp Read Blocks": 0,                                                                                
                               "Temp Written Blocks": 0,                                                                             
                               "Plans": [                                                                                            
                                 {                                                                                                   
                                   "Node Type": "Seq Scan",                                                                          
                                   "Parent Relationship": "Outer",                                                                   
                                   "Parallel Aware": false,                                                                          
                                   "Relation Name": "movie_link",                                                                    
                                   "Alias": "ml",                                                                                    
                                   "Startup Cost": 0.00,                                                                             
                                   "Total Cost": 7.19,                                                                               
                                   "Plan Rows": 29997,                                                                               
                                   "Plan Width": 8,                                                                                  
                                   "Actual Startup Time": 0.008,                                                                     
                                   "Actual Total Time": 23.780,                                                                      
                                   "Actual Rows": 29997,                                                                             
                                   "Actual Loops": 1,                                                                                
                                   "Shared Hit Blocks": 2,                                                                           
                                   "Shared Read Blocks": 161,                                                                        
                                   "Shared Dirtied Blocks": 0,                                                                       
                                   "Shared Written Blocks": 0,                                                                       
                                   "Local Hit Blocks": 0,                                                                            
                                   "Local Read Blocks": 0,                                                                           
                                   "Local Dirtied Blocks": 0,                                                                        
                                   "Local Written Blocks": 0,                                                                        
                                   "Temp Read Blocks": 0,                                                                            
                                   "Temp Written Blocks": 0                                                                          
                                 },                                                                                                  
                                 {                                                                                                   
                                   "Node Type": "Materialize",                                                                       
                                   "Parent Relationship": "Inner",                                                                   
                                   "Parallel Aware": false,                                                                          
                                   "Startup Cost": 0.00,                                                                             
                                   "Total Cost": 0.03,                                                                               
                                   "Plan Rows": 1,                                                                                   
                                   "Plan Width": 16,                                                                                 
                                   "Actual Startup Time": 0.000,                                                                     
                                   "Actual Total Time": 0.000,                                                                       
                                   "Actual Rows": 2,                                                                                 
                                   "Actual Loops": 29997,                                                                            
                                   "Shared Hit Blocks": 1,                                                                           
                                   "Shared Read Blocks": 0,                                                                          
                                   "Shared Dirtied Blocks": 0,                                                                       
                                   "Shared Written Blocks": 0,                                                                       
                                   "Local Hit Blocks": 0,                                                                            
                                   "Local Read Blocks": 0,                                                                           
                                   "Local Dirtied Blocks": 0,                                                                        
                                   "Local Written Blocks": 0,                                                                        
                                   "Temp Read Blocks": 0,                                                                            
                                   "Temp Written Blocks": 0,                                                                         
                                   "Plans": [                                                                                        
                                     {                                                                                               
                                       "Node Type": "Seq Scan",                                                                      
                                       "Parent Relationship": "Outer",                                                               
                                       "Parallel Aware": false,                                                                      
                                       "Relation Name": "link_type",                                                                 
                                       "Alias": "lt",                                                                                
                                       "Startup Cost": 0.00,                                                                         
                                       "Total Cost": 0.03,                                                                           
                                       "Plan Rows": 1,                                                                               
                                       "Plan Width": 16,                                                                             
                                       "Actual Startup Time": 0.009,                                                                 
                                       "Actual Total Time": 0.014,                                                                   
                                       "Actual Rows": 2,                                                                             
                                       "Actual Loops": 1,                                                                            
                                       "Filter": "((link)::text ~~ '%follow%'::text)",                                               
                                       "Rows Removed by Filter": 16,                                                                 
                                       "Shared Hit Blocks": 1,                                                                       
                                       "Shared Read Blocks": 0,                                                                      
                                       "Shared Dirtied Blocks": 0,                                                                   
                                       "Shared Written Blocks": 0,                                                                   
                                       "Local Hit Blocks": 0,                                                                        
                                       "Local Read Blocks": 0,                                                                       
                                       "Local Dirtied Blocks": 0,                                                                    
                                       "Local Written Blocks": 0,                                                                    
                                       "Temp Read Blocks": 0,                                                                        
                                       "Temp Written Blocks": 0                                                                      
                                     }                                                                                               
                                   ]                                                                                                 
                                 }                                                                                                   
                               ]                                                                                                     
                             }                                                                                                       
                           ]                                                                                                         
                         }                                                                                                           
                       ]                                                                                                             
                     }                                                                                                               
                   ]                                                                                                                 
                 }                                                                                                                   
               ]                                                                                                                     
             },                                                                                                                      
             {                                                                                                                       
               "Node Type": "Materialize",                                                                                           
               "Parent Relationship": "Inner",                                                                                       
               "Parallel Aware": false,                                                                                              
               "Startup Cost": 0.00,                                                                                                 
               "Total Cost": 0.03,                                                                                                   
               "Plan Rows": 1,                                                                                                       
               "Plan Width": 4,                                                                                                      
               "Actual Startup Time": 0.000,                                                                                         
               "Actual Total Time": 0.000,                                                                                           
               "Actual Rows": 1,                                                                                                     
               "Actual Loops": 38,                                                                                                   
               "Shared Hit Blocks": 1,                                                                                               
               "Shared Read Blocks": 0,                                                                                              
               "Shared Dirtied Blocks": 0,                                                                                           
               "Shared Written Blocks": 0,                                                                                           
               "Local Hit Blocks": 0,                                                                                                
               "Local Read Blocks": 0,                                                                                               
               "Local Dirtied Blocks": 0,                                                                                            
               "Local Written Blocks": 0,                                                                                            
               "Temp Read Blocks": 0,                                                                                                
               "Temp Written Blocks": 0,                                                                                             
               "Plans": [                                                                                                            
                 {                                                                                                                   
                   "Node Type": "Seq Scan",                                                                                          
                   "Parent Relationship": "Outer",                                                                                   
                   "Parallel Aware": false,                                                                                          
                   "Relation Name": "company_type",                                                                                  
                   "Alias": "ct",                                                                                                    
                   "Startup Cost": 0.00,                                                                                             
                   "Total Cost": 0.03,                                                                                               
                   "Plan Rows": 1,                                                                                                   
                   "Plan Width": 4,                                                                                                  
                   "Actual Startup Time": 0.008,                                                                                     
                   "Actual Total Time": 0.008,                                                                                       
                   "Actual Rows": 1,                                                                                                 
                   "Actual Loops": 1,                                                                                                
                   "Filter": "((kind)::text = 'production companies'::text)",                                                        
                   "Rows Removed by Filter": 1,                                                                                      
                   "Shared Hit Blocks": 1,                                                                                           
                   "Shared Read Blocks": 0,                                                                                          
                   "Shared Dirtied Blocks": 0,                                                                                       
                   "Shared Written Blocks": 0,                                                                                       
                   "Local Hit Blocks": 0,                                                                                            
                   "Local Read Blocks": 0,                                                                                           
                   "Local Dirtied Blocks": 0,                                                                                        
                   "Local Written Blocks": 0,                                                                                        
                   "Temp Read Blocks": 0,                                                                                            
                   "Temp Written Blocks": 0                                                                                          
                 }                                                                                                                   
               ]                                                                                                                     
             }                                                                                                                       
           ]                                                                                                                         
         }                                                                                                                           
       ]                                                                                                                             
     },                                                                                                                              
     "Planning Time": 5785.207,                                                                                                      
     "Triggers": [                                                                                                                   
     ],                                                                                                                              
     "Execution Time": 16184.100                                                                                                     
   }                                                                                                                                 
 ]
