 [                                                                                                                                               
   {                                                                                                                                             
     "Plan": {                                                                                                                                   
       "Node Type": "Aggregate",                                                                                                                 
       "Strategy": "Plain",                                                                                                                      
       "Partial Mode": "Simple",                                                                                                                 
       "Parallel Aware": false,                                                                                                                  
       "Startup Cost": 7449.25,                                                                                                                  
       "Total Cost": 7449.25,                                                                                                                    
       "Plan Rows": 1,                                                                                                                           
       "Plan Width": 96,                                                                                                                         
       "Actual Startup Time": 17405.641,                                                                                                         
       "Actual Total Time": 17405.641,                                                                                                           
       "Actual Rows": 1,                                                                                                                         
       "Actual Loops": 1,                                                                                                                        
       "Shared Hit Blocks": 21,                                                                                                                  
       "Shared Read Blocks": 213512,                                                                                                             
       "Shared Dirtied Blocks": 0,                                                                                                               
       "Shared Written Blocks": 0,                                                                                                               
       "Local Hit Blocks": 0,                                                                                                                    
       "Local Read Blocks": 0,                                                                                                                   
       "Local Dirtied Blocks": 0,                                                                                                                
       "Local Written Blocks": 0,                                                                                                                
       "Temp Read Blocks": 0,                                                                                                                    
       "Temp Written Blocks": 0,                                                                                                                 
       "Plans": [                                                                                                                                
         {                                                                                                                                       
           "Node Type": "Merge Join",                                                                                                            
           "Parent Relationship": "Outer",                                                                                                       
           "Parallel Aware": false,                                                                                                              
           "Join Type": "Inner",                                                                                                                 
           "Startup Cost": 4119.14,                                                                                                              
           "Total Cost": 7449.25,                                                                                                                
           "Plan Rows": 1,                                                                                                                       
           "Plan Width": 48,                                                                                                                     
           "Actual Startup Time": 11332.281,                                                                                                     
           "Actual Total Time": 17381.684,                                                                                                       
           "Actual Rows": 1874,                                                                                                                  
           "Actual Loops": 1,                                                                                                                    
           "Inner Unique": false,                                                                                                                
           "Merge Cond": "(t.id = ml.movie_id)",                                                                                                 
           "Shared Hit Blocks": 21,                                                                                                              
           "Shared Read Blocks": 213512,                                                                                                         
           "Shared Dirtied Blocks": 0,                                                                                                           
           "Shared Written Blocks": 0,                                                                                                           
           "Local Hit Blocks": 0,                                                                                                                
           "Local Read Blocks": 0,                                                                                                               
           "Local Dirtied Blocks": 0,                                                                                                            
           "Local Written Blocks": 0,                                                                                                            
           "Temp Read Blocks": 0,                                                                                                                
           "Temp Written Blocks": 0,                                                                                                             
           "Plans": [                                                                                                                            
             {                                                                                                                                   
               "Node Type": "Nested Loop",                                                                                                       
               "Parent Relationship": "Outer",                                                                                                   
               "Parallel Aware": false,                                                                                                          
               "Join Type": "Inner",                                                                                                             
               "Startup Cost": 4102.41,                                                                                                          
               "Total Cost": 20751.67,                                                                                                           
               "Plan Rows": 5,                                                                                                                   
               "Plan Width": 52,                                                                                                                 
               "Actual Startup Time": 11284.403,                                                                                                 
               "Actual Total Time": 17332.913,                                                                                                   
               "Actual Rows": 110,                                                                                                               
               "Actual Loops": 1,                                                                                                                
               "Inner Unique": false,                                                                                                            
               "Join Filter": "(t.id = mi.movie_id)",                                                                                            
               "Rows Removed by Join Filter": 27841930,                                                                                          
               "Shared Hit Blocks": 18,                                                                                                          
               "Shared Read Blocks": 213351,                                                                                                     
               "Shared Dirtied Blocks": 0,                                                                                                       
               "Shared Written Blocks": 0,                                                                                                       
               "Local Hit Blocks": 0,                                                                                                            
               "Local Read Blocks": 0,                                                                                                           
               "Local Dirtied Blocks": 0,                                                                                                        
               "Local Written Blocks": 0,                                                                                                        
               "Temp Read Blocks": 0,                                                                                                            
               "Temp Written Blocks": 0,                                                                                                         
               "Plans": [                                                                                                                        
                 {                                                                                                                               
                   "Node Type": "Nested Loop",                                                                                                   
                   "Parent Relationship": "Outer",                                                                                               
                   "Parallel Aware": false,                                                                                                      
                   "Join Type": "Inner",                                                                                                         
                   "Startup Cost": 4102.41,                                                                                                      
                   "Total Cost": 8550.78,                                                                                                        
                   "Plan Rows": 4,                                                                                                               
                   "Plan Width": 48,                                                                                                             
                   "Actual Startup Time": 4007.976,                                                                                              
                   "Actual Total Time": 4976.783,                                                                                                
                   "Actual Rows": 30,                                                                                                            
                   "Actual Loops": 1,                                                                                                            
                   "Inner Unique": true,                                                                                                         
                   "Join Filter": "(mk.movie_id = t.id)",                                                                                        
                   "Rows Removed by Join Filter": 2728984,                                                                                       
                   "Shared Hit Blocks": 16,                                                                                                      
                   "Shared Read Blocks": 51461,                                                                                                  
                   "Shared Dirtied Blocks": 0,                                                                                                   
                   "Shared Written Blocks": 0,                                                                                                   
                   "Local Hit Blocks": 0,                                                                                                        
                   "Local Read Blocks": 0,                                                                                                       
                   "Local Dirtied Blocks": 0,                                                                                                    
                   "Local Written Blocks": 0,                                                                                                    
                   "Temp Read Blocks": 0,                                                                                                        
                   "Temp Written Blocks": 0,                                                                                                     
                   "Plans": [                                                                                                                    
                     {                                                                                                                           
                       "Node Type": "Nested Loop",                                                                                               
                       "Parent Relationship": "Outer",                                                                                           
                       "Parallel Aware": false,                                                                                                  
                       "Join Type": "Inner",                                                                                                     
                       "Startup Cost": 4102.41,                                                                                                  
                       "Total Cost": 4574.27,                                                                                                    
                       "Plan Rows": 5,                                                                                                           
                       "Plan Width": 27,                                                                                                         
                       "Actual Startup Time": 3935.685,                                                                                          
                       "Actual Total Time": 4403.869,                                                                                            
                       "Actual Rows": 30,                                                                                                        
                       "Actual Loops": 1,                                                                                                        
                       "Inner Unique": true,                                                                                                     
                       "Join Filter": "(mc.company_id = cn.id)",                                                                                 
                       "Rows Removed by Join Filter": 3632325,                                                                                   
                       "Shared Hit Blocks": 15,                                                                                                  
                       "Shared Read Blocks": 47176,                                                                                              
                       "Shared Dirtied Blocks": 0,                                                                                               
                       "Shared Written Blocks": 0,                                                                                               
                       "Local Hit Blocks": 0,                                                                                                    
                       "Local Read Blocks": 0,                                                                                                   
                       "Local Dirtied Blocks": 0,                                                                                                
                       "Local Written Blocks": 0,                                                                                                
                       "Temp Read Blocks": 0,                                                                                                    
                       "Temp Written Blocks": 0,                                                                                                 
                       "Plans": [                                                                                                                
                         {                                                                                                                       
                           "Node Type": "Merge Join",                                                                                            
                           "Parent Relationship": "Outer",                                                                                       
                           "Parallel Aware": false,                                                                                              
                           "Join Type": "Inner",                                                                                                 
                           "Startup Cost": 4102.41,                                                                                              
                           "Total Cost": 4151.80,                                                                                                
                           "Plan Rows": 23,                                                                                                      
                           "Plan Width": 12,                                                                                                     
                           "Actual Startup Time": 3715.592,                                                                                      
                           "Actual Total Time": 3724.159,                                                                                        
                           "Actual Rows": 99,                                                                                                    
                           "Actual Loops": 1,                                                                                                    
                           "Inner Unique": false,                                                                                                
                           "Merge Cond": "(mc.movie_id = mk.movie_id)",                                                                          
                           "Shared Hit Blocks": 13,                                                                                              
                           "Shared Read Blocks": 44184,                                                                                          
                           "Shared Dirtied Blocks": 0,                                                                                           
                           "Shared Written Blocks": 0,                                                                                           
                           "Local Hit Blocks": 0,                                                                                                
                           "Local Read Blocks": 0,                                                                                               
                           "Local Dirtied Blocks": 0,                                                                                            
                           "Local Written Blocks": 0,                                                                                            
                           "Temp Read Blocks": 0,                                                                                                
                           "Temp Written Blocks": 0,                                                                                             
                           "Plans": [                                                                                                            
                             {                                                                                                                   
                               "Node Type": "Sort",                                                                                              
                               "Parent Relationship": "Outer",                                                                                   
                               "Parallel Aware": false,                                                                                          
                               "Startup Cost": 1957.82,                                                                                          
                               "Total Cost": 1982.51,                                                                                            
                               "Plan Rows": 317997,                                                                                              
                               "Plan Width": 8,                                                                                                  
                               "Actual Startup Time": 1565.217,                                                                                  
                               "Actual Total Time": 1568.012,                                                                                    
                               "Actual Rows": 59818,                                                                                             
                               "Actual Loops": 1,                                                                                                
                               "Sort Key": ["mc.movie_id"],                                                                                      
                               "Sort Method": "quicksort",                                                                                       
                               "Sort Space Used": 105118,                                                                                        
                               "Sort Space Type": "Memory",                                                                                      
                               "Shared Hit Blocks": 8,                                                                                           
                               "Shared Read Blocks": 18786,                                                                                      
                               "Shared Dirtied Blocks": 0,                                                                                       
                               "Shared Written Blocks": 0,                                                                                       
                               "Local Hit Blocks": 0,                                                                                            
                               "Local Read Blocks": 0,                                                                                           
                               "Local Dirtied Blocks": 0,                                                                                        
                               "Local Written Blocks": 0,                                                                                        
                               "Temp Read Blocks": 0,                                                                                            
                               "Temp Written Blocks": 0,                                                                                         
                               "Plans": [                                                                                                        
                                 {                                                                                                               
                                   "Node Type": "Nested Loop",                                                                                   
                                   "Parent Relationship": "Outer",                                                                               
                                   "Parallel Aware": false,                                                                                      
                                   "Join Type": "Inner",                                                                                         
                                   "Startup Cost": 0.00,                                                                                         
                                   "Total Cost": 1055.25,                                                                                        
                                   "Plan Rows": 317997,                                                                                          
                                   "Plan Width": 8,                                                                                              
                                   "Actual Startup Time": 565.572,                                                                               
                                   "Actual Total Time": 1151.160,                                                                                
                                   "Actual Rows": 1193928,                                                                                       
                                   "Actual Loops": 1,                                                                                            
                                   "Inner Unique": true,                                                                                         
                                   "Join Filter": "(ct.id = mc.company_type_id)",                                                                
                                   "Rows Removed by Join Filter": 78061,                                                                         
                                   "Shared Hit Blocks": 4,                                                                                       
                                   "Shared Read Blocks": 18786,                                                                                  
                                   "Shared Dirtied Blocks": 0,                                                                                   
                                   "Shared Written Blocks": 0,                                                                                   
                                   "Local Hit Blocks": 0,                                                                                        
                                   "Local Read Blocks": 0,                                                                                       
                                   "Local Dirtied Blocks": 0,                                                                                    
                                   "Local Written Blocks": 0,                                                                                    
                                   "Temp Read Blocks": 0,                                                                                        
                                   "Temp Written Blocks": 0,                                                                                     
                                   "Plans": [                                                                                                    
                                     {                                                                                                           
                                       "Node Type": "Seq Scan",                                                                                  
                                       "Parent Relationship": "Outer",                                                                           
                                       "Parallel Aware": false,                                                                                  
                                       "Relation Name": "movie_companies",                                                                       
                                       "Alias": "mc",                                                                                            
                                       "Startup Cost": 0.00,                                                                                     
                                       "Total Cost": 769.75,                                                                                     
                                       "Plan Rows": 1271989,                                                                                     
                                       "Plan Width": 12,                                                                                         
                                       "Actual Startup Time": 0.059,                                                                             
                                       "Actual Total Time": 747.962,                                                                             
                                       "Actual Rows": 1271989,                                                                                   
                                       "Actual Loops": 1,                                                                                        
                                       "Filter": "(note IS NULL)",                                                                               
                                       "Rows Removed by Filter": 1337140,                                                                        
                                       "Shared Hit Blocks": 3,                                                                                   
                                       "Shared Read Blocks": 18786,                                                                              
                                       "Shared Dirtied Blocks": 0,                                                                               
                                       "Shared Written Blocks": 0,                                                                               
                                       "Local Hit Blocks": 0,                                                                                    
                                       "Local Read Blocks": 0,                                                                                   
                                       "Local Dirtied Blocks": 0,                                                                                
                                       "Local Written Blocks": 0,                                                                                
                                       "Temp Read Blocks": 0,                                                                                    
                                       "Temp Written Blocks": 0                                                                                  
                                     },                                                                                                          
                                     {                                                                                                           
                                       "Node Type": "Materialize",                                                                               
                                       "Parent Relationship": "Inner",                                                                           
                                       "Parallel Aware": false,                                                                                  
                                       "Startup Cost": 0.00,                                                                                     
                                       "Total Cost": 0.03,                                                                                       
                                       "Plan Rows": 1,                                                                                           
                                       "Plan Width": 4,                                                                                          
                                       "Actual Startup Time": 0.000,                                                                             
                                       "Actual Total Time": 0.000,                                                                               
                                       "Actual Rows": 1,                                                                                         
                                       "Actual Loops": 1271989,                                                                                  
                                       "Shared Hit Blocks": 1,                                                                                   
                                       "Shared Read Blocks": 0,                                                                                  
                                       "Shared Dirtied Blocks": 0,                                                                               
                                       "Shared Written Blocks": 0,                                                                               
                                       "Local Hit Blocks": 0,                                                                                    
                                       "Local Read Blocks": 0,                                                                                   
                                       "Local Dirtied Blocks": 0,                                                                                
                                       "Local Written Blocks": 0,                                                                                
                                       "Temp Read Blocks": 0,                                                                                    
                                       "Temp Written Blocks": 0,                                                                                 
                                       "Plans": [                                                                                                
                                         {                                                                                                       
                                           "Node Type": "Seq Scan",                                                                              
                                           "Parent Relationship": "Outer",                                                                       
                                           "Parallel Aware": false,                                                                              
                                           "Relation Name": "company_type",                                                                      
                                           "Alias": "ct",                                                                                        
                                           "Startup Cost": 0.00,                                                                                 
                                           "Total Cost": 0.03,                                                                                   
                                           "Plan Rows": 1,                                                                                       
                                           "Plan Width": 4,                                                                                      
                                           "Actual Startup Time": 0.010,                                                                         
                                           "Actual Total Time": 0.012,                                                                           
                                           "Actual Rows": 1,                                                                                     
                                           "Actual Loops": 1,                                                                                    
                                           "Filter": "((kind)::text = 'production companies'::text)",                                            
                                           "Rows Removed by Filter": 3,                                                                          
                                           "Shared Hit Blocks": 1,                                                                               
                                           "Shared Read Blocks": 0,                                                                              
                                           "Shared Dirtied Blocks": 0,                                                                           
                                           "Shared Written Blocks": 0,                                                                           
                                           "Local Hit Blocks": 0,                                                                                
                                           "Local Read Blocks": 0,                                                                               
                                           "Local Dirtied Blocks": 0,                                                                            
                                           "Local Written Blocks": 0,                                                                            
                                           "Temp Read Blocks": 0,                                                                                
                                           "Temp Written Blocks": 0                                                                              
                                         }                                                                                                       
                                       ]                                                                                                         
                                     }                                                                                                           
                                   ]                                                                                                             
                                 }                                                                                                               
                               ]                                                                                                                 
                             },                                                                                                                  
                             {                                                                                                                   
                               "Node Type": "Sort",                                                                                              
                               "Parent Relationship": "Inner",                                                                                   
                               "Parallel Aware": false,                                                                                          
                               "Startup Cost": 2144.60,                                                                                          
                               "Total Cost": 2144.60,                                                                                            
                               "Plan Rows": 34,                                                                                                  
                               "Plan Width": 4,                                                                                                  
                               "Actual Startup Time": 2150.304,                                                                                  
                               "Actual Total Time": 2150.326,                                                                                    
                               "Actual Rows": 104,                                                                                               
                               "Actual Loops": 1,                                                                                                
                               "Sort Key": ["mk.movie_id"],                                                                                      
                               "Sort Method": "quicksort",                                                                                       
                               "Sort Space Used": 879,                                                                                           
                               "Sort Space Type": "Memory",                                                                                      
                               "Shared Hit Blocks": 5,                                                                                           
                               "Shared Read Blocks": 25398,                                                                                      
                               "Shared Dirtied Blocks": 0,                                                                                       
                               "Shared Written Blocks": 0,                                                                                       
                               "Local Hit Blocks": 0,                                                                                            
                               "Local Read Blocks": 0,                                                                                           
                               "Local Dirtied Blocks": 0,                                                                                        
                               "Local Written Blocks": 0,                                                                                        
                               "Temp Read Blocks": 0,                                                                                            
                               "Temp Written Blocks": 0,                                                                                         
                               "Plans": [                                                                                                        
                                 {                                                                                                               
                                   "Node Type": "Nested Loop",                                                                                   
                                   "Parent Relationship": "Outer",                                                                               
                                   "Parallel Aware": false,                                                                                      
                                   "Join Type": "Inner",                                                                                         
                                   "Startup Cost": 0.00,                                                                                         
                                   "Total Cost": 2144.57,                                                                                        
                                   "Plan Rows": 34,                                                                                              
                                   "Plan Width": 4,                                                                                              
                                   "Actual Startup Time": 111.387,                                                                               
                                   "Actual Total Time": 2146.773,                                                                                
                                   "Actual Rows": 10544,                                                                                         
                                   "Actual Loops": 1,                                                                                            
                                   "Inner Unique": true,                                                                                         
                                   "Join Filter": "(k.id = mk.keyword_id)",                                                                      
                                   "Rows Removed by Join Filter": 4513386,                                                                       
                                   "Shared Hit Blocks": 5,                                                                                       
                                   "Shared Read Blocks": 25398,                                                                                  
                                   "Shared Dirtied Blocks": 0,                                                                                   
                                   "Shared Written Blocks": 0,                                                                                   
                                   "Local Hit Blocks": 0,                                                                                        
                                   "Local Read Blocks": 0,                                                                                       
                                   "Local Dirtied Blocks": 0,                                                                                    
                                   "Local Written Blocks": 0,                                                                                    
                                   "Temp Read Blocks": 0,                                                                                        
                                   "Temp Written Blocks": 0,                                                                                     
                                   "Plans": [                                                                                                    
                                     {                                                                                                           
                                       "Node Type": "Seq Scan",                                                                                  
                                       "Parent Relationship": "Outer",                                                                           
                                       "Parallel Aware": false,                                                                                  
                                       "Relation Name": "movie_keyword",                                                                         
                                       "Alias": "mk",                                                                                            
                                       "Startup Cost": 0.00,                                                                                     
                                       "Total Cost": 1079.84,                                                                                    
                                       "Plan Rows": 4523930,                                                                                     
                                       "Plan Width": 8,                                                                                          
                                       "Actual Startup Time": 0.012,                                                                             
                                       "Actual Total Time": 475.944,                                                                             
                                       "Actual Rows": 4523930,                                                                                   
                                       "Actual Loops": 1,                                                                                        
                                       "Shared Hit Blocks": 3,                                                                                   
                                       "Shared Read Blocks": 24451,                                                                              
                                       "Shared Dirtied Blocks": 0,                                                                               
                                       "Shared Written Blocks": 0,                                                                               
                                       "Local Hit Blocks": 0,                                                                                    
                                       "Local Read Blocks": 0,                                                                                   
                                       "Local Dirtied Blocks": 0,                                                                                
                                       "Local Written Blocks": 0,                                                                                
                                       "Temp Read Blocks": 0,                                                                                    
                                       "Temp Written Blocks": 0                                                                                  
                                     },                                                                                                          
                                     {                                                                                                           
                                       "Node Type": "Materialize",                                                                               
                                       "Parent Relationship": "Inner",                                                                           
                                       "Parallel Aware": false,                                                                                  
                                       "Startup Cost": 0.00,                                                                                     
                                       "Total Cost": 49.46,                                                                                      
                                       "Plan Rows": 1,                                                                                           
                                       "Plan Width": 4,                                                                                          
                                       "Actual Startup Time": 0.000,                                                                             
                                       "Actual Total Time": 0.000,                                                                               
                                       "Actual Rows": 1,                                                                                         
                                       "Actual Loops": 4523930,                                                                                  
                                       "Shared Hit Blocks": 2,                                                                                   
                                       "Shared Read Blocks": 947,                                                                                
                                       "Shared Dirtied Blocks": 0,                                                                               
                                       "Shared Written Blocks": 0,                                                                               
                                       "Local Hit Blocks": 0,                                                                                    
                                       "Local Read Blocks": 0,                                                                                   
                                       "Local Dirtied Blocks": 0,                                                                                
                                       "Local Written Blocks": 0,                                                                                
                                       "Temp Read Blocks": 0,                                                                                    
                                       "Temp Written Blocks": 0,                                                                                 
                                       "Plans": [                                                                                                
                                         {                                                                                                       
                                           "Node Type": "Seq Scan",                                                                              
                                           "Parent Relationship": "Outer",                                                                       
                                           "Parallel Aware": false,                                                                              
                                           "Relation Name": "keyword",                                                                           
                                           "Alias": "k",                                                                                         
                                           "Startup Cost": 0.00,                                                                                 
                                           "Total Cost": 49.46,                                                                                  
                                           "Plan Rows": 1,                                                                                       
                                           "Plan Width": 4,                                                                                      
                                           "Actual Startup Time": 25.773,                                                                        
                                           "Actual Total Time": 85.512,                                                                          
                                           "Actual Rows": 1,                                                                                     
                                           "Actual Loops": 1,                                                                                    
                                           "Filter": "(keyword = 'sequel'::text)",                                                               
                                           "Rows Removed by Filter": 134169,                                                                     
                                           "Shared Hit Blocks": 2,                                                                               
                                           "Shared Read Blocks": 947,                                                                            
                                           "Shared Dirtied Blocks": 0,                                                                           
                                           "Shared Written Blocks": 0,                                                                           
                                           "Local Hit Blocks": 0,                                                                                
                                           "Local Read Blocks": 0,                                                                               
                                           "Local Dirtied Blocks": 0,                                                                            
                                           "Local Written Blocks": 0,                                                                            
                                           "Temp Read Blocks": 0,                                                                                
                                           "Temp Written Blocks": 0                                                                              
                                         }                                                                                                       
                                       ]                                                                                                         
                                     }                                                                                                           
                                   ]                                                                                                             
                                 }                                                                                                               
                               ]                                                                                                                 
                             }                                                                                                                   
                           ]                                                                                                                     
                         },                                                                                                                      
                         {                                                                                                                       
                           "Node Type": "Materialize",                                                                                           
                           "Parent Relationship": "Inner",                                                                                       
                           "Parallel Aware": false,                                                                                              
                           "Startup Cost": 0.00,                                                                                                 
                           "Total Cost": 172.53,                                                                                                 
                           "Plan Rows": 49161,                                                                                                   
                           "Plan Width": 23,                                                                                                     
                           "Actual Startup Time": 0.059,                                                                                         
                           "Actual Total Time": 3.017,                                                                                           
                           "Actual Rows": 36690,                                                                                                 
                           "Actual Loops": 99,                                                                                                   
                           "Shared Hit Blocks": 2,                                                                                               
                           "Shared Read Blocks": 2992,                                                                                           
                           "Shared Dirtied Blocks": 0,                                                                                           
                           "Shared Written Blocks": 0,                                                                                           
                           "Local Hit Blocks": 0,                                                                                                
                           "Local Read Blocks": 0,                                                                                               
                           "Local Dirtied Blocks": 0,                                                                                            
                           "Local Written Blocks": 0,                                                                                            
                           "Temp Read Blocks": 0,                                                                                                
                           "Temp Written Blocks": 0,                                                                                             
                           "Plans": [                                                                                                            
                             {                                                                                                                   
                               "Node Type": "Seq Scan",                                                                                          
                               "Parent Relationship": "Outer",                                                                                   
                               "Parallel Aware": false,                                                                                          
                               "Relation Name": "company_name",                                                                                  
                               "Alias": "cn",                                                                                                    
                               "Startup Cost": 0.00,                                                                                             
                               "Total Cost": 164.90,                                                                                             
                               "Plan Rows": 49161,                                                                                               
                               "Plan Width": 23,                                                                                                 
                               "Actual Startup Time": 5.808,                                                                                     
                               "Actual Total Time": 123.045,                                                                                     
                               "Actual Rows": 48302,                                                                                             
                               "Actual Loops": 1,                                                                                                
                               "Filter": "(((country_code)::text <> '[pl]'::text) AND ((name ~~ '%Film%'::text) OR (name ~~ '%Warner%'::text)))",
                               "Rows Removed by Filter": 186695,                                                                                 
                               "Shared Hit Blocks": 2,                                                                                           
                               "Shared Read Blocks": 2992,                                                                                       
                               "Shared Dirtied Blocks": 0,                                                                                       
                               "Shared Written Blocks": 0,                                                                                       
                               "Local Hit Blocks": 0,                                                                                            
                               "Local Read Blocks": 0,                                                                                           
                               "Local Dirtied Blocks": 0,                                                                                        
                               "Local Written Blocks": 0,                                                                                        
                               "Temp Read Blocks": 0,                                                                                            
                               "Temp Written Blocks": 0                                                                                          
                             }                                                                                                                   
                           ]                                                                                                                     
                         }                                                                                                                       
                       ]                                                                                                                         
                     },                                                                                                                          
                     {                                                                                                                           
                       "Node Type": "Materialize",                                                                                               
                       "Parent Relationship": "Inner",                                                                                           
                       "Parallel Aware": false,                                                                                                  
                       "Startup Cost": 0.00,                                                                                                     
                       "Total Cost": 1991.64,                                                                                                    
                       "Plan Rows": 1900368,                                                                                                     
                       "Plan Width": 21,                                                                                                         
                       "Actual Startup Time": 0.366,                                                                                             
                       "Actual Total Time": 9.944,                                                                                               
                       "Actual Rows": 90967,                                                                                                     
                       "Actual Loops": 30,                                                                                                       
                       "Shared Hit Blocks": 1,                                                                                                   
                       "Shared Read Blocks": 4285,                                                                                               
                       "Shared Dirtied Blocks": 0,                                                                                               
                       "Shared Written Blocks": 0,                                                                                               
                       "Local Hit Blocks": 0,                                                                                                    
                       "Local Read Blocks": 0,                                                                                                   
                       "Local Dirtied Blocks": 0,                                                                                                
                       "Local Written Blocks": 0,                                                                                                
                       "Temp Read Blocks": 0,                                                                                                    
                       "Temp Written Blocks": 0,                                                                                                 
                       "Plans": [                                                                                                                
                         {                                                                                                                       
                           "Node Type": "Seq Scan",                                                                                              
                           "Parent Relationship": "Outer",                                                                                       
                           "Parallel Aware": false,                                                                                              
                           "Relation Name": "title",                                                                                             
                           "Alias": "t",                                                                                                         
                           "Startup Cost": 0.00,                                                                                                 
                           "Total Cost": 1696.56,                                                                                                
                           "Plan Rows": 1900368,                                                                                                 
                           "Plan Width": 21,                                                                                                     
                           "Actual Startup Time": 10.983,                                                                                        
                           "Actual Total Time": 128.089,                                                                                         
                           "Actual Rows": 231927,                                                                                                
                           "Actual Loops": 1,                                                                                                    
                           "Filter": "((production_year >= 1950) AND (production_year <= 2010))",                                                
                           "Rows Removed by Filter": 62419,                                                                                      
                           "Shared Hit Blocks": 1,                                                                                               
                           "Shared Read Blocks": 4285,                                                                                           
                           "Shared Dirtied Blocks": 0,                                                                                           
                           "Shared Written Blocks": 0,                                                                                           
                           "Local Hit Blocks": 0,                                                                                                
                           "Local Read Blocks": 0,                                                                                               
                           "Local Dirtied Blocks": 0,                                                                                            
                           "Local Written Blocks": 0,                                                                                            
                           "Temp Read Blocks": 0,                                                                                                
                           "Temp Written Blocks": 0                                                                                              
                         }                                                                                                                       
                       ]                                                                                                                         
                     }                                                                                                                           
                   ]                                                                                                                             
                 },                                                                                                                              
                 {                                                                                                                               
                   "Node Type": "Materialize",                                                                                                   
                   "Parent Relationship": "Inner",                                                                                               
                   "Parallel Aware": false,                                                                                                      
                   "Startup Cost": 0.00,                                                                                                         
                   "Total Cost": 11432.60,                                                                                                       
                   "Plan Rows": 936891,                                                                                                          
                   "Plan Width": 4,                                                                                                              
                   "Actual Startup Time": 0.292,                                                                                                 
                   "Actual Total Time": 324.526,                                                                                                 
                   "Actual Rows": 928068,                                                                                                        
                   "Actual Loops": 30,                                                                                                           
                   "Shared Hit Blocks": 2,                                                                                                       
                   "Shared Read Blocks": 161890,                                                                                                 
                   "Shared Dirtied Blocks": 0,                                                                                                   
                   "Shared Written Blocks": 0,                                                                                                   
                   "Local Hit Blocks": 0,                                                                                                        
                   "Local Read Blocks": 0,                                                                                                       
                   "Local Dirtied Blocks": 0,                                                                                                    
                   "Local Written Blocks": 0,                                                                                                    
                   "Temp Read Blocks": 0,                                                                                                        
                   "Temp Written Blocks": 0,                                                                                                     
                   "Plans": [                                                                                                                    
                     {                                                                                                                           
                       "Node Type": "Seq Scan",                                                                                                  
                       "Parent Relationship": "Outer",                                                                                           
                       "Parallel Aware": false,                                                                                                  
                       "Relation Name": "movie_info",                                                                                            
                       "Alias": "mi",                                                                                                            
                       "Startup Cost": 0.00,                                                                                                     
                       "Total Cost": 11287.12,                                                                                                   
                       "Plan Rows": 936891,                                                                                                      
                       "Plan Width": 4,                                                                                                          
                       "Actual Startup Time": 8.732,                                                                                             
                       "Actual Total Time": 8376.917,                                                                                            
                       "Actual Rows": 936223,                                                                                                    
                       "Actual Loops": 1,                                                                                                        
                       "Filter": "(info = ANY ('{Sweden,Norway,Germany,Denmark,Swedish,Denish,Norwegian,German,English}'::text[]))",             
                       "Rows Removed by Filter": 13899497,                                                                                       
                       "Shared Hit Blocks": 2,                                                                                                   
                       "Shared Read Blocks": 161890,                                                                                             
                       "Shared Dirtied Blocks": 0,                                                                                               
                       "Shared Written Blocks": 0,                                                                                               
                       "Local Hit Blocks": 0,                                                                                                    
                       "Local Read Blocks": 0,                                                                                                   
                       "Local Dirtied Blocks": 0,                                                                                                
                       "Local Written Blocks": 0,                                                                                                
                       "Temp Read Blocks": 0,                                                                                                    
                       "Temp Written Blocks": 0                                                                                                  
                     }                                                                                                                           
                   ]                                                                                                                             
                 }                                                                                                                               
               ]                                                                                                                                 
             },                                                                                                                                  
             {                                                                                                                                   
               "Node Type": "Sort",                                                                                                              
               "Parent Relationship": "Inner",                                                                                                   
               "Parallel Aware": false,                                                                                                          
               "Startup Cost": 16.72,                                                                                                            
               "Total Cost": 16.85,                                                                                                              
               "Plan Rows": 1666,                                                                                                                
               "Plan Width": 16,                                                                                                                 
               "Actual Startup Time": 47.814,                                                                                                    
               "Actual Total Time": 48.054,                                                                                                      
               "Actual Rows": 4033,                                                                                                              
               "Actual Loops": 1,                                                                                                                
               "Sort Key": ["ml.movie_id"],                                                                                                      
               "Sort Method": "quicksort",                                                                                                       
               "Sort Space Used": 205,                                                                                                           
               "Sort Space Type": "Memory",                                                                                                      
               "Shared Hit Blocks": 3,                                                                                                           
               "Shared Read Blocks": 161,                                                                                                        
               "Shared Dirtied Blocks": 0,                                                                                                       
               "Shared Written Blocks": 0,                                                                                                       
               "Local Hit Blocks": 0,                                                                                                            
               "Local Read Blocks": 0,                                                                                                           
               "Local Dirtied Blocks": 0,                                                                                                        
               "Local Written Blocks": 0,                                                                                                        
               "Temp Read Blocks": 0,                                                                                                            
               "Temp Written Blocks": 0,                                                                                                         
               "Plans": [                                                                                                                        
                 {                                                                                                                               
                   "Node Type": "Nested Loop",                                                                                                   
                   "Parent Relationship": "Outer",                                                                                               
                   "Parallel Aware": false,                                                                                                      
                   "Join Type": "Inner",                                                                                                         
                   "Startup Cost": 0.00,                                                                                                         
                   "Total Cost": 13.95,                                                                                                          
                   "Plan Rows": 1666,                                                                                                            
                   "Plan Width": 16,                                                                                                             
                   "Actual Startup Time": 0.045,                                                                                                 
                   "Actual Total Time": 46.745,                                                                                                  
                   "Actual Rows": 2315,                                                                                                          
                   "Actual Loops": 1,                                                                                                            
                   "Inner Unique": true,                                                                                                         
                   "Join Filter": "(lt.id = ml.link_type_id)",                                                                                   
                   "Rows Removed by Join Filter": 56521,                                                                                         
                   "Shared Hit Blocks": 3,                                                                                                       
                   "Shared Read Blocks": 161,                                                                                                    
                   "Shared Dirtied Blocks": 0,                                                                                                   
                   "Shared Written Blocks": 0,                                                                                                   
                   "Local Hit Blocks": 0,                                                                                                        
                   "Local Read Blocks": 0,                                                                                                       
                   "Local Dirtied Blocks": 0,                                                                                                    
                   "Local Written Blocks": 0,                                                                                                    
                   "Temp Read Blocks": 0,                                                                                                        
                   "Temp Written Blocks": 0,                                                                                                     
                   "Plans": [                                                                                                                    
                     {                                                                                                                           
                       "Node Type": "Seq Scan",                                                                                                  
                       "Parent Relationship": "Outer",                                                                                           
                       "Parallel Aware": false,                                                                                                  
                       "Relation Name": "movie_link",                                                                                            
                       "Alias": "ml",                                                                                                            
                       "Startup Cost": 0.00,                                                                                                     
                       "Total Cost": 7.19,                                                                                                       
                       "Plan Rows": 29997,                                                                                                       
                       "Plan Width": 8,                                                                                                          
                       "Actual Startup Time": 0.007,                                                                                             
                       "Actual Total Time": 14.030,                                                                                              
                       "Actual Rows": 29997,                                                                                                     
                       "Actual Loops": 1,                                                                                                        
                       "Shared Hit Blocks": 2,                                                                                                   
                       "Shared Read Blocks": 161,                                                                                                
                       "Shared Dirtied Blocks": 0,                                                                                               
                       "Shared Written Blocks": 0,                                                                                               
                       "Local Hit Blocks": 0,                                                                                                    
                       "Local Read Blocks": 0,                                                                                                   
                       "Local Dirtied Blocks": 0,                                                                                                
                       "Local Written Blocks": 0,                                                                                                
                       "Temp Read Blocks": 0,                                                                                                    
                       "Temp Written Blocks": 0                                                                                                  
                     },                                                                                                                          
                     {                                                                                                                           
                       "Node Type": "Materialize",                                                                                               
                       "Parent Relationship": "Inner",                                                                                           
                       "Parallel Aware": false,                                                                                                  
                       "Startup Cost": 0.00,                                                                                                     
                       "Total Cost": 0.03,                                                                                                       
                       "Plan Rows": 1,                                                                                                           
                       "Plan Width": 16,                                                                                                         
                       "Actual Startup Time": 0.000,                                                                                             
                       "Actual Total Time": 0.000,                                                                                               
                       "Actual Rows": 2,                                                                                                         
                       "Actual Loops": 29997,                                                                                                    
                       "Shared Hit Blocks": 1,                                                                                                   
                       "Shared Read Blocks": 0,                                                                                                  
                       "Shared Dirtied Blocks": 0,                                                                                               
                       "Shared Written Blocks": 0,                                                                                               
                       "Local Hit Blocks": 0,                                                                                                    
                       "Local Read Blocks": 0,                                                                                                   
                       "Local Dirtied Blocks": 0,                                                                                                
                       "Local Written Blocks": 0,                                                                                                
                       "Temp Read Blocks": 0,                                                                                                    
                       "Temp Written Blocks": 0,                                                                                                 
                       "Plans": [                                                                                                                
                         {                                                                                                                       
                           "Node Type": "Seq Scan",                                                                                              
                           "Parent Relationship": "Outer",                                                                                       
                           "Parallel Aware": false,                                                                                              
                           "Relation Name": "link_type",                                                                                         
                           "Alias": "lt",                                                                                                        
                           "Startup Cost": 0.00,                                                                                                 
                           "Total Cost": 0.03,                                                                                                   
                           "Plan Rows": 1,                                                                                                       
                           "Plan Width": 16,                                                                                                     
                           "Actual Startup Time": 0.006,                                                                                         
                           "Actual Total Time": 0.010,                                                                                           
                           "Actual Rows": 2,                                                                                                     
                           "Actual Loops": 1,                                                                                                    
                           "Filter": "((link)::text ~~ '%follow%'::text)",                                                                       
                           "Rows Removed by Filter": 16,                                                                                         
                           "Shared Hit Blocks": 1,                                                                                               
                           "Shared Read Blocks": 0,                                                                                              
                           "Shared Dirtied Blocks": 0,                                                                                           
                           "Shared Written Blocks": 0,                                                                                           
                           "Local Hit Blocks": 0,                                                                                                
                           "Local Read Blocks": 0,                                                                                               
                           "Local Dirtied Blocks": 0,                                                                                            
                           "Local Written Blocks": 0,                                                                                            
                           "Temp Read Blocks": 0,                                                                                                
                           "Temp Written Blocks": 0                                                                                              
                         }                                                                                                                       
                       ]                                                                                                                         
                     }                                                                                                                           
                   ]                                                                                                                             
                 }                                                                                                                               
               ]                                                                                                                                 
             }                                                                                                                                   
           ]                                                                                                                                     
         }                                                                                                                                       
       ]                                                                                                                                         
     },                                                                                                                                          
     "Planning Time": 5903.231,                                                                                                                  
     "Triggers": [                                                                                                                               
     ],                                                                                                                                          
     "Execution Time": 17459.365                                                                                                                 
   }                                                                                                                                             
 ]
