 [                                                                                                                            
   {                                                                                                                          
     "Plan": {                                                                                                                
       "Node Type": "Aggregate",                                                                                              
       "Strategy": "Plain",                                                                                                   
       "Partial Mode": "Simple",                                                                                              
       "Parallel Aware": false,                                                                                               
       "Startup Cost": 15351.49,                                                                                              
       "Total Cost": 15351.49,                                                                                                
       "Plan Rows": 1,                                                                                                        
       "Plan Width": 96,                                                                                                      
       "Actual Startup Time": 10377987.931,                                                                                   
       "Actual Total Time": 10377987.931,                                                                                     
       "Actual Rows": 1,                                                                                                      
       "Actual Loops": 1,                                                                                                     
       "Shared Hit Blocks": 23,                                                                                               
       "Shared Read Blocks": 253514,                                                                                          
       "Shared Dirtied Blocks": 0,                                                                                            
       "Shared Written Blocks": 0,                                                                                            
       "Local Hit Blocks": 0,                                                                                                 
       "Local Read Blocks": 0,                                                                                                
       "Local Dirtied Blocks": 0,                                                                                             
       "Local Written Blocks": 0,                                                                                             
       "Temp Read Blocks": 0,                                                                                                 
       "Temp Written Blocks": 0,                                                                                              
       "Plans": [                                                                                                             
         {                                                                                                                    
           "Node Type": "Nested Loop",                                                                                        
           "Parent Relationship": "Outer",                                                                                    
           "Parallel Aware": false,                                                                                           
           "Join Type": "Inner",                                                                                              
           "Startup Cost": 10877.34,                                                                                          
           "Total Cost": 15351.49,                                                                                            
           "Plan Rows": 1,                                                                                                    
           "Plan Width": 42,                                                                                                  
           "Actual Startup Time": 10320482.287,                                                                               
           "Actual Total Time": 10377986.926,                                                                                 
           "Actual Rows": 2851,                                                                                               
           "Actual Loops": 1,                                                                                                 
           "Inner Unique": false,                                                                                             
           "Join Filter": "(mc.company_type_id = ct.id)",                                                                     
           "Rows Removed by Join Filter": 8553,                                                                               
           "Shared Hit Blocks": 23,                                                                                           
           "Shared Read Blocks": 253514,                                                                                      
           "Shared Dirtied Blocks": 0,                                                                                        
           "Shared Written Blocks": 0,                                                                                        
           "Local Hit Blocks": 0,                                                                                             
           "Local Read Blocks": 0,                                                                                            
           "Local Dirtied Blocks": 0,                                                                                         
           "Local Written Blocks": 0,                                                                                         
           "Temp Read Blocks": 0,                                                                                             
           "Temp Written Blocks": 0,                                                                                          
           "Plans": [                                                                                                         
             {                                                                                                                
               "Node Type": "Seq Scan",                                                                                       
               "Parent Relationship": "Outer",                                                                                
               "Parallel Aware": false,                                                                                       
               "Relation Name": "company_type",                                                                               
               "Alias": "ct",                                                                                                 
               "Startup Cost": 0.00,                                                                                          
               "Total Cost": 0.03,                                                                                            
               "Plan Rows": 4,                                                                                                
               "Plan Width": 4,                                                                                               
               "Actual Startup Time": 0.010,                                                                                  
               "Actual Total Time": 0.011,                                                                                    
               "Actual Rows": 4,                                                                                              
               "Actual Loops": 1,                                                                                             
               "Shared Hit Blocks": 1,                                                                                        
               "Shared Read Blocks": 0,                                                                                       
               "Shared Dirtied Blocks": 0,                                                                                    
               "Shared Written Blocks": 0,                                                                                    
               "Local Hit Blocks": 0,                                                                                         
               "Local Read Blocks": 0,                                                                                        
               "Local Dirtied Blocks": 0,                                                                                     
               "Local Written Blocks": 0,                                                                                     
               "Temp Read Blocks": 0,                                                                                         
               "Temp Written Blocks": 0                                                                                       
             },                                                                                                               
             {                                                                                                                
               "Node Type": "Materialize",                                                                                    
               "Parent Relationship": "Inner",                                                                                
               "Parallel Aware": false,                                                                                       
               "Startup Cost": 10877.34,                                                                                      
               "Total Cost": 15351.45,                                                                                        
               "Plan Rows": 1,                                                                                                
               "Plan Width": 46,                                                                                              
               "Actual Startup Time": 2580120.568,                                                                            
               "Actual Total Time": 2594496.393,                                                                              
               "Actual Rows": 2851,                                                                                           
               "Actual Loops": 4,                                                                                             
               "Shared Hit Blocks": 22,                                                                                       
               "Shared Read Blocks": 253514,                                                                                  
               "Shared Dirtied Blocks": 0,                                                                                    
               "Shared Written Blocks": 0,                                                                                    
               "Local Hit Blocks": 0,                                                                                         
               "Local Read Blocks": 0,                                                                                        
               "Local Dirtied Blocks": 0,                                                                                     
               "Local Written Blocks": 0,                                                                                     
               "Temp Read Blocks": 0,                                                                                         
               "Temp Written Blocks": 0,                                                                                      
               "Plans": [                                                                                                     
                 {                                                                                                            
                   "Node Type": "Nested Loop",                                                                                
                   "Parent Relationship": "Outer",                                                                            
                   "Parallel Aware": false,                                                                                   
                   "Join Type": "Inner",                                                                                      
                   "Startup Cost": 10877.34,                                                                                  
                   "Total Cost": 15351.45,                                                                                    
                   "Plan Rows": 1,                                                                                            
                   "Plan Width": 46,                                                                                          
                   "Actual Startup Time": 10320482.263,                                                                       
                   "Actual Total Time": 10377984.244,                                                                         
                   "Actual Rows": 2851,                                                                                       
                   "Actual Loops": 1,                                                                                         
                   "Inner Unique": false,                                                                                     
                   "Join Filter": "(mc.company_id = cn.id)",                                                                  
                   "Rows Removed by Join Filter": 406836439,                                                                  
                   "Shared Hit Blocks": 22,                                                                                   
                   "Shared Read Blocks": 253514,                                                                              
                   "Shared Dirtied Blocks": 0,                                                                                
                   "Shared Written Blocks": 0,                                                                                
                   "Local Hit Blocks": 0,                                                                                     
                   "Local Read Blocks": 0,                                                                                    
                   "Local Dirtied Blocks": 0,                                                                                 
                   "Local Written Blocks": 0,                                                                                 
                   "Temp Read Blocks": 0,                                                                                     
                   "Temp Written Blocks": 0,                                                                                  
                   "Plans": [                                                                                                 
                     {                                                                                                        
                       "Node Type": "Seq Scan",                                                                               
                       "Parent Relationship": "Outer",                                                                        
                       "Parallel Aware": false,                                                                               
                       "Relation Name": "company_name",                                                                       
                       "Alias": "cn",                                                                                         
                       "Startup Cost": 0.00,                                                                                  
                       "Total Cost": 128.41,                                                                                  
                       "Plan Rows": 126230,                                                                                   
                       "Plan Width": 23,                                                                                      
                       "Actual Startup Time": 21.459,                                                                         
                       "Actual Total Time": 78.834,                                                                           
                       "Actual Rows": 126230,                                                                                 
                       "Actual Loops": 1,                                                                                     
                       "Filter": "((country_code)::text <> '[us]'::text)",                                                    
                       "Rows Removed by Filter": 108767,                                                                      
                       "Shared Hit Blocks": 2,                                                                                
                       "Shared Read Blocks": 2992,                                                                            
                       "Shared Dirtied Blocks": 0,                                                                            
                       "Shared Written Blocks": 0,                                                                            
                       "Local Hit Blocks": 0,                                                                                 
                       "Local Read Blocks": 0,                                                                                
                       "Local Dirtied Blocks": 0,                                                                             
                       "Local Written Blocks": 0,                                                                             
                       "Temp Read Blocks": 0,                                                                                 
                       "Temp Written Blocks": 0                                                                               
                     },                                                                                                       
                     {                                                                                                        
                       "Node Type": "Materialize",                                                                            
                       "Parent Relationship": "Inner",                                                                        
                       "Parallel Aware": false,                                                                               
                       "Startup Cost": 10877.34,                                                                              
                       "Total Cost": 15194.72,                                                                                
                       "Plan Rows": 1,                                                                                        
                       "Plan Width": 31,                                                                                      
                       "Actual Startup Time": 54.479,                                                                         
                       "Actual Total Time": 81.900,                                                                           
                       "Actual Rows": 3223,                                                                                   
                       "Actual Loops": 126230,                                                                                
                       "Shared Hit Blocks": 20,                                                                               
                       "Shared Read Blocks": 250522,                                                                          
                       "Shared Dirtied Blocks": 0,                                                                            
                       "Shared Written Blocks": 0,                                                                            
                       "Local Hit Blocks": 0,                                                                                 
                       "Local Read Blocks": 0,                                                                                
                       "Local Dirtied Blocks": 0,                                                                             
                       "Local Written Blocks": 0,                                                                             
                       "Temp Read Blocks": 0,                                                                                 
                       "Temp Written Blocks": 0,                                                                              
                       "Plans": [                                                                                             
                         {                                                                                                    
                           "Node Type": "Nested Loop",                                                                        
                           "Parent Relationship": "Outer",                                                                    
                           "Parallel Aware": false,                                                                           
                           "Join Type": "Inner",                                                                              
                           "Startup Cost": 10877.34,                                                                          
                           "Total Cost": 15194.72,                                                                            
                           "Plan Rows": 1,                                                                                    
                           "Plan Width": 31,                                                                                  
                           "Actual Startup Time": 6876872.213,                                                                
                           "Actual Total Time": 10320427.650,                                                                 
                           "Actual Rows": 3223,                                                                               
                           "Actual Loops": 1,                                                                                 
                           "Inner Unique": true,                                                                              
                           "Join Filter": "(mk.keyword_id = k.id)",                                                           
                           "Rows Removed by Join Filter": 1046938,                                                            
                           "Shared Hit Blocks": 20,                                                                           
                           "Shared Read Blocks": 250522,                                                                      
                           "Shared Dirtied Blocks": 0,                                                                        
                           "Shared Written Blocks": 0,                                                                        
                           "Local Hit Blocks": 0,                                                                             
                           "Local Read Blocks": 0,                                                                            
                           "Local Dirtied Blocks": 0,                                                                         
                           "Local Written Blocks": 0,                                                                         
                           "Temp Read Blocks": 0,                                                                             
                           "Temp Written Blocks": 0,                                                                          
                           "Plans": [                                                                                         
                             {                                                                                                
                               "Node Type": "Nested Loop",                                                                    
                               "Parent Relationship": "Outer",                                                                
                               "Parallel Aware": false,                                                                       
                               "Join Type": "Inner",                                                                          
                               "Startup Cost": 10877.34,                                                                      
                               "Total Cost": 15134.84,                                                                        
                               "Plan Rows": 7,                                                                                
                               "Plan Width": 35,                                                                              
                               "Actual Startup Time": 6777976.786,                                                            
                               "Actual Total Time": 10320127.041,                                                             
                               "Actual Rows": 350973,                                                                         
                               "Actual Loops": 1,                                                                             
                               "Inner Unique": false,                                                                         
                               "Join Filter": "(t.id = mk.movie_id)",                                                         
                               "Rows Removed by Join Filter": 20058754647,                                                    
                               "Shared Hit Blocks": 18,                                                                       
                               "Shared Read Blocks": 249575,                                                                  
                               "Shared Dirtied Blocks": 0,                                                                    
                               "Shared Written Blocks": 0,                                                                    
                               "Local Hit Blocks": 0,                                                                         
                               "Local Read Blocks": 0,                                                                        
                               "Local Dirtied Blocks": 0,                                                                     
                               "Local Written Blocks": 0,                                                                     
                               "Temp Read Blocks": 0,                                                                         
                               "Temp Written Blocks": 0,                                                                      
                               "Plans": [                                                                                     
                                 {                                                                                            
                                   "Node Type": "Seq Scan",                                                                   
                                   "Parent Relationship": "Outer",                                                            
                                   "Parallel Aware": false,                                                                   
                                   "Relation Name": "movie_keyword",                                                          
                                   "Alias": "mk",                                                                             
                                   "Startup Cost": 0.00,                                                                      
                                   "Total Cost": 1079.84,                                                                     
                                   "Plan Rows": 4523930,                                                                      
                                   "Plan Width": 8,                                                                           
                                   "Actual Startup Time": 0.014,                                                              
                                   "Actual Total Time": 567.468,                                                              
                                   "Actual Rows": 4523930,                                                                    
                                   "Actual Loops": 1,                                                                         
                                   "Shared Hit Blocks": 3,                                                                    
                                   "Shared Read Blocks": 24451,                                                               
                                   "Shared Dirtied Blocks": 0,                                                                
                                   "Shared Written Blocks": 0,                                                                
                                   "Local Hit Blocks": 0,                                                                     
                                   "Local Read Blocks": 0,                                                                    
                                   "Local Dirtied Blocks": 0,                                                                 
                                   "Local Written Blocks": 0,                                                                 
                                   "Temp Read Blocks": 0,                                                                     
                                   "Temp Written Blocks": 0                                                                   
                                 },                                                                                           
                                 {                                                                                            
                                   "Node Type": "Materialize",                                                                
                                   "Parent Relationship": "Inner",                                                            
                                   "Parallel Aware": false,                                                                   
                                   "Startup Cost": 10877.34,                                                                  
                                   "Total Cost": 13039.73,                                                                    
                                   "Plan Rows": 1,                                                                            
                                   "Plan Width": 47,                                                                          
                                   "Actual Startup Time": 0.005,                                                              
                                   "Actual Total Time": 1.695,                                                                
                                   "Actual Rows": 4434,                                                                       
                                   "Actual Loops": 4523930,                                                                   
                                   "Shared Hit Blocks": 15,                                                                   
                                   "Shared Read Blocks": 225124,                                                              
                                   "Shared Dirtied Blocks": 0,                                                                
                                   "Shared Written Blocks": 0,                                                                
                                   "Local Hit Blocks": 0,                                                                     
                                   "Local Read Blocks": 0,                                                                    
                                   "Local Dirtied Blocks": 0,                                                                 
                                   "Local Written Blocks": 0,                                                                 
                                   "Temp Read Blocks": 0,                                                                     
                                   "Temp Written Blocks": 0,                                                                  
                                   "Plans": [                                                                                 
                                     {                                                                                        
                                       "Node Type": "Nested Loop",                                                            
                                       "Parent Relationship": "Outer",                                                        
                                       "Parallel Aware": false,                                                               
                                       "Join Type": "Inner",                                                                  
                                       "Startup Cost": 10877.34,                                                              
                                       "Total Cost": 13039.73,                                                                
                                       "Plan Rows": 1,                                                                        
                                       "Plan Width": 47,                                                                      
                                       "Actual Startup Time": 22608.026,                                                      
                                       "Actual Total Time": 6776554.104,                                                      
                                       "Actual Rows": 4434,                                                                   
                                       "Actual Loops": 1,                                                                     
                                       "Inner Unique": false,                                                                 
                                       "Join Filter": "(t.id = mi.movie_id)",                                                 
                                       "Rows Removed by Join Filter": 46764869214,                                            
                                       "Shared Hit Blocks": 15,                                                               
                                       "Shared Read Blocks": 225124,                                                          
                                       "Shared Dirtied Blocks": 0,                                                            
                                       "Shared Written Blocks": 0,                                                            
                                       "Local Hit Blocks": 0,                                                                 
                                       "Local Read Blocks": 0,                                                                
                                       "Local Dirtied Blocks": 0,                                                             
                                       "Local Written Blocks": 0,                                                             
                                       "Temp Read Blocks": 0,                                                                 
                                       "Temp Written Blocks": 0,                                                              
                                       "Plans": [                                                                             
                                         {                                                                                    
                                           "Node Type": "Merge Join",                                                         
                                           "Parent Relationship": "Outer",                                                    
                                           "Parallel Aware": false,                                                           
                                           "Join Type": "Inner",                                                              
                                           "Startup Cost": 10877.34,                                                          
                                           "Total Cost": 10902.12,                                                            
                                           "Plan Rows": 8,                                                                    
                                           "Plan Width": 26,                                                                  
                                           "Actual Startup Time": 10260.695,                                                  
                                           "Actual Total Time": 10774.099,                                                    
                                           "Actual Rows": 78662,                                                              
                                           "Actual Loops": 1,                                                                 
                                           "Inner Unique": false,                                                             
                                           "Merge Cond": "(mi.movie_id = mc.movie_id)",                                       
                                           "Shared Hit Blocks": 13,                                                           
                                           "Shared Read Blocks": 189127,                                                      
                                           "Shared Dirtied Blocks": 0,                                                        
                                           "Shared Written Blocks": 0,                                                        
                                           "Local Hit Blocks": 0,                                                             
                                           "Local Read Blocks": 0,                                                            
                                           "Local Dirtied Blocks": 0,                                                         
                                           "Local Written Blocks": 0,                                                         
                                           "Temp Read Blocks": 0,                                                             
                                           "Temp Written Blocks": 0,                                                          
                                           "Plans": [                                                                         
                                             {                                                                                
                                               "Node Type": "Merge Join",                                                     
                                               "Parent Relationship": "Outer",                                                
                                               "Parallel Aware": false,                                                       
                                               "Join Type": "Inner",                                                          
                                               "Startup Cost": 9321.42,                                                       
                                               "Total Cost": 9323.95,                                                         
                                               "Plan Rows": 39,                                                               
                                               "Plan Width": 14,                                                              
                                               "Actual Startup Time": 9303.608,                                               
                                               "Actual Total Time": 9602.572,                                                 
                                               "Actual Rows": 147242,                                                         
                                               "Actual Loops": 1,                                                             
                                               "Inner Unique": false,                                                         
                                               "Merge Cond": "(mi.movie_id = mi_idx.movie_id)",                               
                                               "Shared Hit Blocks": 10,                                                       
                                               "Shared Read Blocks": 170341,                                                  
                                               "Shared Dirtied Blocks": 0,                                                    
                                               "Shared Written Blocks": 0,                                                    
                                               "Local Hit Blocks": 0,                                                         
                                               "Local Read Blocks": 0,                                                        
                                               "Local Dirtied Blocks": 0,                                                     
                                               "Local Written Blocks": 0,                                                     
                                               "Temp Read Blocks": 0,                                                         
                                               "Temp Written Blocks": 0,                                                      
                                               "Plans": [                                                                     
                                                 {                                                                            
                                                   "Node Type": "Sort",                                                       
                                                   "Parent Relationship": "Outer",                                            
                                                   "Parallel Aware": false,                                                   
                                                   "Startup Cost": 8568.95,                                                   
                                                   "Total Cost": 8569.41,                                                     
                                                   "Plan Rows": 5910,                                                         
                                                   "Plan Width": 4,                                                           
                                                   "Actual Startup Time": 8490.620,                                           
                                                   "Actual Total Time": 8543.752,                                             
                                                   "Actual Rows": 588736,                                                     
                                                   "Actual Loops": 1,                                                         
                                                   "Sort Key": ["mi.movie_id"],                                               
                                                   "Sort Method": "quicksort",                                                
                                                   "Sort Space Used": 52175,                                                  
                                                   "Sort Space Type": "Memory",                                               
                                                   "Shared Hit Blocks": 7,                                                    
                                                   "Shared Read Blocks": 161890,                                              
                                                   "Shared Dirtied Blocks": 0,                                                
                                                   "Shared Written Blocks": 0,                                                
                                                   "Local Hit Blocks": 0,                                                     
                                                   "Local Read Blocks": 0,                                                    
                                                   "Local Dirtied Blocks": 0,                                                 
                                                   "Local Written Blocks": 0,                                                 
                                                   "Temp Read Blocks": 0,                                                     
                                                   "Temp Written Blocks": 0,                                                  
                                                   "Plans": [                                                                 
                                                     {                                                                        
                                                       "Node Type": "Nested Loop",                                            
                                                       "Parent Relationship": "Outer",                                        
                                                       "Parallel Aware": false,                                               
                                                       "Join Type": "Inner",                                                  
                                                       "Startup Cost": 0.00,                                                  
                                                       "Total Cost": 8557.45,                                                 
                                                       "Plan Rows": 5910,                                                     
                                                       "Plan Width": 4,                                                       
                                                       "Actual Startup Time": 7042.718,                                       
                                                       "Actual Total Time": 8267.333,                                         
                                                       "Actual Rows": 588764,                                                 
                                                       "Actual Loops": 1,                                                     
                                                       "Inner Unique": true,                                                  
                                                       "Join Filter": "(it.id = mi.info_type_id)",                           
                                                       "Rows Removed by Join Filter": 80572,                                  
                                                       "Shared Hit Blocks": 3,                                                
                                                       "Shared Read Blocks": 161890,                                          
                                                       "Shared Dirtied Blocks": 0,                                            
                                                       "Shared Written Blocks": 0,                                            
                                                       "Local Hit Blocks": 0,                                                 
                                                       "Local Read Blocks": 0,                                                
                                                       "Local Dirtied Blocks": 0,                                             
                                                       "Local Written Blocks": 0,                                             
                                                       "Temp Read Blocks": 0,                                                 
                                                       "Temp Written Blocks": 0,                                              
                                                       "Plans": [                                                             
                                                         {                                                                    
                                                           "Node Type": "Seq Scan",                                           
                                                           "Parent Relationship": "Outer",                                    
                                                           "Parallel Aware": false,                                           
                                                           "Relation Name": "movie_info",                                     
                                                           "Alias": "mi",                                                     
                                                           "Startup Cost": 0.00,                                              
                                                           "Total Cost": 8407.52,                                             
                                                           "Plan Rows": 667885,                                               
                                                           "Plan Width": 8,                                                   
                                                           "Actual Startup Time": 27.373,                                     
                                                           "Actual Total Time": 8057.406,                                     
                                                           "Actual Rows": 669336,                                             
                                                           "Actual Loops": 1,                                                 
                                                           "Filter": "(info = ANY ('{Germany,German,USA,American}'::text[]))",
                                                           "Rows Removed by Filter": 14166384,                                
                                                           "Shared Hit Blocks": 2,                                            
                                                           "Shared Read Blocks": 161890,                                      
                                                           "Shared Dirtied Blocks": 0,                                        
                                                           "Shared Written Blocks": 0,                                        
                                                           "Local Hit Blocks": 0,                                             
                                                           "Local Read Blocks": 0,                                            
                                                           "Local Dirtied Blocks": 0,                                         
                                                           "Local Written Blocks": 0,                                         
                                                           "Temp Read Blocks": 0,                                             
                                                           "Temp Written Blocks": 0                                           
                                                         },                                                                   
                                                         {                                                                    
                                                           "Node Type": "Materialize",                                        
                                                           "Parent Relationship": "Inner",                                    
                                                           "Parallel Aware": false,                                           
                                                           "Startup Cost": 0.00,                                              
                                                           "Total Cost": 0.05,                                                
                                                           "Plan Rows": 1,                                                    
                                                           "Plan Width": 4,                                                   
                                                           "Actual Startup Time": 0.000,                                      
                                                           "Actual Total Time": 0.000,                                        
                                                           "Actual Rows": 1,                                                  
                                                           "Actual Loops": 669336,                                            
                                                           "Shared Hit Blocks": 1,                                            
                                                           "Shared Read Blocks": 0,                                           
                                                           "Shared Dirtied Blocks": 0,                                        
                                                           "Shared Written Blocks": 0,                                        
                                                           "Local Hit Blocks": 0,                                             
                                                           "Local Read Blocks": 0,                                            
                                                           "Local Dirtied Blocks": 0,                                         
                                                           "Local Written Blocks": 0,                                         
                                                           "Temp Read Blocks": 0,                                             
                                                           "Temp Written Blocks": 0,                                          
                                                           "Plans": [                                                         
                                                             {                                                                
                                                               "Node Type": "Seq Scan",                                       
                                                               "Parent Relationship": "Outer",                                
                                                               "Parallel Aware": false,                                       
                                                               "Relation Name": "info_type",                                  
                                                               "Alias": "it",                                                
                                                               "Startup Cost": 0.00,                                          
                                                               "Total Cost": 0.05,                                            
                                                               "Plan Rows": 1,                                                
                                                               "Plan Width": 4,                                               
                                                               "Actual Startup Time": 0.011,                                  
                                                               "Actual Total Time": 0.032,                                    
                                                               "Actual Rows": 1,                                              
                                                               "Actual Loops": 1,                                             
                                                               "Filter": "((info)::text = 'countries'::text)",                
                                                               "Rows Removed by Filter": 112,                                 
                                                               "Shared Hit Blocks": 1,                                        
                                                               "Shared Read Blocks": 0,                                       
                                                               "Shared Dirtied Blocks": 0,                                    
                                                               "Shared Written Blocks": 0,                                    
                                                               "Local Hit Blocks": 0,                                         
                                                               "Local Read Blocks": 0,                                        
                                                               "Local Dirtied Blocks": 0,                                     
                                                               "Local Written Blocks": 0,                                     
                                                               "Temp Read Blocks": 0,                                         
                                                               "Temp Written Blocks": 0                                       
                                                             }                                                                
                                                           ]                                                                  
                                                         }                                                                    
                                                       ]                                                                      
                                                     }                                                                        
                                                   ]                                                                          
                                                 },                                                                           
                                                 {                                                                            
                                                   "Node Type": "Sort",                                                       
                                                   "Parent Relationship": "Inner",                                            
                                                   "Parallel Aware": false,                                                   
                                                   "Startup Cost": 752.47,                                                    
                                                   "Total Cost": 753.28,                                                      
                                                   "Plan Rows": 10379,                                                        
                                                   "Plan Width": 10,                                                          
                                                   "Actual Startup Time": 812.980,                                            
                                                   "Actual Total Time": 851.324,                                              
                                                   "Actual Rows": 326045,                                                     
                                                   "Actual Loops": 1,                                                         
                                                   "Sort Key": ["mi_idx.movie_id"],                                           
                                                   "Sort Method": "quicksort",                                                
                                                   "Sort Space Used": 27481,                                                  
                                                   "Sort Space Type": "Memory",                                               
                                                   "Shared Hit Blocks": 3,                                                    
                                                   "Shared Read Blocks": 8451,                                                
                                                   "Shared Dirtied Blocks": 0,                                                
                                                   "Shared Written Blocks": 0,                                                
                                                   "Local Hit Blocks": 0,                                                     
                                                   "Local Read Blocks": 0,                                                    
                                                   "Local Dirtied Blocks": 0,                                                 
                                                   "Local Written Blocks": 0,                                                 
                                                   "Temp Read Blocks": 0,                                                     
                                                   "Temp Written Blocks": 0,                                                  
                                                   "Plans": [                                                                 
                                                     {                                                                        
                                                       "Node Type": "Nested Loop",                                            
                                                       "Parent Relationship": "Outer",                                        
                                                       "Parallel Aware": false,                                               
                                                       "Join Type": "Inner",                                                  
                                                       "Startup Cost": 0.00,                                                  
                                                       "Total Cost": 730.97,                                                  
                                                       "Plan Rows": 10379,                                                    
                                                       "Plan Width": 10,                                                      
                                                       "Actual Startup Time": 0.047,                                          
                                                       "Actual Total Time": 695.790,                                          
                                                       "Actual Rows": 324117,                                                 
                                                       "Actual Loops": 1,                                                     
                                                       "Inner Unique": true,                                                  
                                                       "Join Filter": "(it.id = mi_idx.info_type_id)",                       
                                                       "Rows Removed by Join Filter": 848715,                                 
                                                       "Shared Hit Blocks": 3,                                                
                                                       "Shared Read Blocks": 8451,                                            
                                                       "Shared Dirtied Blocks": 0,                                            
                                                       "Shared Written Blocks": 0,                                            
                                                       "Local Hit Blocks": 0,                                                 
                                                       "Local Read Blocks": 0,                                                
                                                       "Local Dirtied Blocks": 0,                                             
                                                       "Local Written Blocks": 0,                                             
                                                       "Temp Read Blocks": 0,                                                 
                                                       "Temp Written Blocks": 0,                                              
                                                       "Plans": [                                                             
                                                         {                                                                    
                                                           "Node Type": "Seq Scan",                                           
                                                           "Parent Relationship": "Outer",                                    
                                                           "Parallel Aware": false,                                           
                                                           "Relation Name": "movie_info_idx",                                 
                                                           "Alias": "mi_idx",                                                 
                                                           "Startup Cost": 0.00,                                              
                                                           "Total Cost": 467.71,                                              
                                                           "Plan Rows": 1172842,                                              
                                                           "Plan Width": 14,                                                  
                                                           "Actual Startup Time": 0.015,                                      
                                                           "Actual Total Time": 321.413,                                      
                                                           "Actual Rows": 1172832,                                            
                                                           "Actual Loops": 1,                                                 
                                                           "Filter": "(info < '7.0'::text)",                                  
                                                           "Rows Removed by Filter": 207203,                                  
                                                           "Shared Hit Blocks": 2,                                            
                                                           "Shared Read Blocks": 8451,                                        
                                                           "Shared Dirtied Blocks": 0,                                        
                                                           "Shared Written Blocks": 0,                                        
                                                           "Local Hit Blocks": 0,                                             
                                                           "Local Read Blocks": 0,                                            
                                                           "Local Dirtied Blocks": 0,                                         
                                                           "Local Written Blocks": 0,                                         
                                                           "Temp Read Blocks": 0,                                             
                                                           "Temp Written Blocks": 0                                           
                                                         },                                                                   
                                                         {                                                                    
                                                           "Node Type": "Materialize",                                        
                                                           "Parent Relationship": "Inner",                                    
                                                           "Parallel Aware": false,                                           
                                                           "Startup Cost": 0.00,                                              
                                                           "Total Cost": 0.05,                                                
                                                           "Plan Rows": 1,                                                    
                                                           "Plan Width": 4,                                                   
                                                           "Actual Startup Time": 0.000,                                      
                                                           "Actual Total Time": 0.000,                                        
                                                           "Actual Rows": 1,                                                  
                                                           "Actual Loops": 1172832,                                           
                                                           "Shared Hit Blocks": 1,                                            
                                                           "Shared Read Blocks": 0,                                           
                                                           "Shared Dirtied Blocks": 0,                                        
                                                           "Shared Written Blocks": 0,                                        
                                                           "Local Hit Blocks": 0,                                             
                                                           "Local Read Blocks": 0,                                            
                                                           "Local Dirtied Blocks": 0,                                         
                                                           "Local Written Blocks": 0,                                         
                                                           "Temp Read Blocks": 0,                                             
                                                           "Temp Written Blocks": 0,                                          
                                                           "Plans": [                                                         
                                                             {                                                                
                                                               "Node Type": "Seq Scan",                                       
                                                               "Parent Relationship": "Outer",                                
                                                               "Parallel Aware": false,                                       
                                                               "Relation Name": "info_type",                                  
                                                               "Alias": "it",                                                
                                                               "Startup Cost": 0.00,                                          
                                                               "Total Cost": 0.05,                                            
                                                               "Plan Rows": 1,                                                
                                                               "Plan Width": 4,                                               
                                                               "Actual Startup Time": 0.016,                                  
                                                               "Actual Total Time": 0.019,                                    
                                                               "Actual Rows": 1,                                              
                                                               "Actual Loops": 1,                                             
                                                               "Filter": "((info)::text = 'rating'::text)",                   
                                                               "Rows Removed by Filter": 112,                                 
                                                               "Shared Hit Blocks": 1,                                        
                                                               "Shared Read Blocks": 0,                                       
                                                               "Shared Dirtied Blocks": 0,                                    
                                                               "Shared Written Blocks": 0,                                    
                                                               "Local Hit Blocks": 0,                                         
                                                               "Local Read Blocks": 0,                                        
                                                               "Local Dirtied Blocks": 0,                                     
                                                               "Local Written Blocks": 0,                                     
                                                               "Temp Read Blocks": 0,                                         
                                                               "Temp Written Blocks": 0                                       
                                                             }                                                                
                                                           ]                                                                  
                                                         }                                                                    
                                                       ]                                                                      
                                                     }                                                                        
                                                   ]                                                                          
                                                 }                                                                            
                                               ]                                                                              
                                             },                                                                               
                                             {                                                                                
                                               "Node Type": "Sort",                                                           
                                               "Parent Relationship": "Inner",                                                
                                               "Parallel Aware": false,                                                       
                                               "Startup Cost": 1555.92,                                                       
                                               "Total Cost": 1567.04,                                                         
                                               "Plan Rows": 143259,                                                           
                                               "Plan Width": 12,                                                              
                                               "Actual Startup Time": 957.078,                                                
                                               "Actual Total Time": 1019.468,                                                 
                                               "Actual Rows": 309057,                                                         
                                               "Actual Loops": 1,                                                             
                                               "Sort Key": ["mc.movie_id"],                                                   
                                               "Sort Method": "quicksort",                                                    
                                               "Sort Space Used": 26504,                                                      
                                               "Sort Space Type": "Memory",                                                   
                                               "Shared Hit Blocks": 3,                                                        
                                               "Shared Read Blocks": 18786,                                                   
                                               "Shared Dirtied Blocks": 0,                                                    
                                               "Shared Written Blocks": 0,                                                    
                                               "Local Hit Blocks": 0,                                                         
                                               "Local Read Blocks": 0,                                                        
                                               "Local Dirtied Blocks": 0,                                                     
                                               "Local Written Blocks": 0,                                                     
                                               "Temp Read Blocks": 0,                                                         
                                               "Temp Written Blocks": 0,                                                      
                                               "Plans": [                                                                     
                                                 {                                                                            
                                                   "Node Type": "Seq Scan",                                                   
                                                   "Parent Relationship": "Outer",                                            
                                                   "Parallel Aware": false,                                                   
                                                   "Relation Name": "movie_companies",                                        
                                                   "Alias": "mc",                                                             
                                                   "Startup Cost": 0.00,                                                      
                                                   "Total Cost": 1174.90,                                                     
                                                   "Plan Rows": 143259,                                                       
                                                   "Plan Width": 12,                                                          
                                                   "Actual Startup Time": 0.014,                                              
                                                   "Actual Total Time": 847.713,                                              
                                                   "Actual Rows": 303271,                                                     
                                                   "Actual Loops": 1,                                                         
                                                   "Filter": "((note !~~ '%(USA)%'::text) AND (note ~~ '%(200%)%'::text))",   
                                                   "Rows Removed by Filter": 2305858,                                         
                                                   "Shared Hit Blocks": 3,                                                    
                                                   "Shared Read Blocks": 18786,                                               
                                                   "Shared Dirtied Blocks": 0,                                                
                                                   "Shared Written Blocks": 0,                                                
                                                   "Local Hit Blocks": 0,                                                     
                                                   "Local Read Blocks": 0,                                                    
                                                   "Local Dirtied Blocks": 0,                                                 
                                                   "Local Written Blocks": 0,                                                 
                                                   "Temp Read Blocks": 0,                                                     
                                                   "Temp Written Blocks": 0                                                   
                                                 }                                                                            
                                               ]                                                                              
                                             }                                                                                
                                           ]                                                                                  
                                         },                                                                                   
                                         {                                                                                    
                                           "Node Type": "Materialize",                                                        
                                           "Parent Relationship": "Inner",                                                    
                                           "Parallel Aware": false,                                                           
                                           "Startup Cost": 0.00,                                                              
                                           "Total Cost": 1812.68,                                                             
                                           "Plan Rows": 189162,                                                               
                                           "Plan Width": 21,                                                                  
                                           "Actual Startup Time": 0.000,                                                      
                                           "Actual Total Time": 26.433,                                                       
                                           "Actual Rows": 594504,                                                             
                                           "Actual Loops": 78662,                                                             
                                           "Shared Hit Blocks": 2,                                                            
                                           "Shared Read Blocks": 35997,                                                       
                                           "Shared Dirtied Blocks": 0,                                                        
                                           "Shared Written Blocks": 0,                                                        
                                           "Local Hit Blocks": 0,                                                             
                                           "Local Read Blocks": 0,                                                            
                                           "Local Dirtied Blocks": 0,                                                         
                                           "Local Written Blocks": 0,                                                         
                                           "Temp Read Blocks": 0,                                                             
                                           "Temp Written Blocks": 0,                                                          
                                           "Plans": [                                                                         
                                             {                                                                                
                                               "Node Type": "Nested Loop",                                                    
                                               "Parent Relationship": "Outer",                                                
                                               "Parallel Aware": false,                                                       
                                               "Join Type": "Inner",                                                          
                                               "Startup Cost": 0.00,                                                          
                                               "Total Cost": 1783.30,                                                         
                                               "Plan Rows": 189162,                                                           
                                               "Plan Width": 21,                                                              
                                               "Actual Startup Time": 5.703,                                                  
                                               "Actual Total Time": 1562.144,                                                 
                                               "Actual Rows": 594504,                                                         
                                               "Actual Loops": 1,                                                             
                                               "Inner Unique": true,                                                          
                                               "Join Filter": "(kt.id = t.kind_id)",                                          
                                               "Rows Removed by Join Filter": 569340,                                         
                                               "Shared Hit Blocks": 2,                                                        
                                               "Shared Read Blocks": 35997,                                                   
                                               "Shared Dirtied Blocks": 0,                                                    
                                               "Shared Written Blocks": 0,                                                    
                                               "Local Hit Blocks": 0,                                                         
                                               "Local Read Blocks": 0,                                                        
                                               "Local Dirtied Blocks": 0,                                                     
                                               "Local Written Blocks": 0,                                                     
                                               "Temp Read Blocks": 0,                                                         
                                               "Temp Written Blocks": 0,                                                      
                                               "Plans": [                                                                     
                                                 {                                                                            
                                                   "Node Type": "Seq Scan",                                                   
                                                   "Parent Relationship": "Outer",                                            
                                                   "Parallel Aware": false,                                                   
                                                   "Relation Name": "title",                                                  
                                                   "Alias": "t",                                                              
                                                   "Startup Cost": 0.00,                                                      
                                                   "Total Cost": 1500.26,                                                     
                                                   "Plan Rows": 662066,                                                       
                                                   "Plan Width": 25,                                                          
                                                   "Actual Startup Time": 5.658,                                              
                                                   "Actual Total Time": 1143.084,                                             
                                                   "Actual Rows": 662065,                                                     
                                                   "Actual Loops": 1,                                                         
                                                   "Filter": "(production_year > 2008)",                                      
                                                   "Rows Removed by Filter": 1866247,                                         
                                                   "Shared Hit Blocks": 1,                                                    
                                                   "Shared Read Blocks": 35997,                                               
                                                   "Shared Dirtied Blocks": 0,                                                
                                                   "Shared Written Blocks": 0,                                                
                                                   "Local Hit Blocks": 0,                                                     
                                                   "Local Read Blocks": 0,                                                    
                                                   "Local Dirtied Blocks": 0,                                                 
                                                   "Local Written Blocks": 0,                                                 
                                                   "Temp Read Blocks": 0,                                                     
                                                   "Temp Written Blocks": 0                                                   
                                                 },                                                                           
                                                 {                                                                            
                                                   "Node Type": "Materialize",                                                
                                                   "Parent Relationship": "Inner",                                            
                                                   "Parallel Aware": false,                                                   
                                                   "Startup Cost": 0.00,                                                      
                                                   "Total Cost": 0.03,                                                        
                                                   "Plan Rows": 2,                                                            
                                                   "Plan Width": 4,                                                           
                                                   "Actual Startup Time": 0.000,                                              
                                                   "Actual Total Time": 0.000,                                                
                                                   "Actual Rows": 2,                                                          
                                                   "Actual Loops": 662065,                                                    
                                                   "Shared Hit Blocks": 1,                                                    
                                                   "Shared Read Blocks": 0,                                                   
                                                   "Shared Dirtied Blocks": 0,                                                
                                                   "Shared Written Blocks": 0,                                                
                                                   "Local Hit Blocks": 0,                                                     
                                                   "Local Read Blocks": 0,                                                    
                                                   "Local Dirtied Blocks": 0,                                                 
                                                   "Local Written Blocks": 0,                                                 
                                                   "Temp Read Blocks": 0,                                                     
                                                   "Temp Written Blocks": 0,                                                  
                                                   "Plans": [                                                                 
                                                     {                                                                        
                                                       "Node Type": "Seq Scan",                                               
                                                       "Parent Relationship": "Outer",                                        
                                                       "Parallel Aware": false,                                               
                                                       "Relation Name": "kind_type",                                          
                                                       "Alias": "kt",                                                         
                                                       "Startup Cost": 0.00,                                                  
                                                       "Total Cost": 0.03,                                                    
                                                       "Plan Rows": 2,                                                        
                                                       "Plan Width": 4,                                                       
                                                       "Actual Startup Time": 0.019,                                          
                                                       "Actual Total Time": 0.025,                                            
                                                       "Actual Rows": 2,                                                      
                                                       "Actual Loops": 1,                                                     
                                                       "Filter": "((kind)::text = ANY ('{movie,episode}'::text[]))",          
                                                       "Rows Removed by Filter": 5,                                           
                                                       "Shared Hit Blocks": 1,                                                
                                                       "Shared Read Blocks": 0,                                               
                                                       "Shared Dirtied Blocks": 0,                                            
                                                       "Shared Written Blocks": 0,                                            
                                                       "Local Hit Blocks": 0,                                                 
                                                       "Local Read Blocks": 0,                                                
                                                       "Local Dirtied Blocks": 0,                                             
                                                       "Local Written Blocks": 0,                                             
                                                       "Temp Read Blocks": 0,                                                 
                                                       "Temp Written Blocks": 0                                               
                                                     }                                                                        
                                                   ]                                                                          
                                                 }                                                                            
                                               ]                                                                              
                                             }                                                                                
                                           ]                                                                                  
                                         }                                                                                    
                                       ]                                                                                      
                                     }                                                                                        
                                   ]                                                                                          
                                 }                                                                                            
                               ]                                                                                              
                             },                                                                                               
                             {                                                                                                
                               "Node Type": "Materialize",                                                                    
                               "Parent Relationship": "Inner",                                                                
                               "Parallel Aware": false,                                                                       
                               "Startup Cost": 0.00,                                                                          
                               "Total Cost": 59.88,                                                                           
                               "Plan Rows": 4,                                                                                
                               "Plan Width": 4,                                                                               
                               "Actual Startup Time": 0.000,                                                                  
                               "Actual Total Time": 0.000,                                                                    
                               "Actual Rows": 3,                                                                              
                               "Actual Loops": 350973,                                                                        
                               "Shared Hit Blocks": 2,                                                                        
                               "Shared Read Blocks": 947,                                                                     
                               "Shared Dirtied Blocks": 0,                                                                    
                               "Shared Written Blocks": 0,                                                                    
                               "Local Hit Blocks": 0,                                                                         
                               "Local Read Blocks": 0,                                                                        
                               "Local Dirtied Blocks": 0,                                                                     
                               "Local Written Blocks": 0,                                                                     
                               "Temp Read Blocks": 0,                                                                         
                               "Temp Written Blocks": 0,                                                                      
                               "Plans": [                                                                                     
                                 {                                                                                            
                                   "Node Type": "Seq Scan",                                                                   
                                   "Parent Relationship": "Outer",                                                            
                                   "Parallel Aware": false,                                                                   
                                   "Relation Name": "keyword",                                                                
                                   "Alias": "k",                                                                              
                                   "Startup Cost": 0.00,                                                                      
                                   "Total Cost": 59.88,                                                                       
                                   "Plan Rows": 4,                                                                            
                                   "Plan Width": 4,                                                                           
                                   "Actual Startup Time": 23.674,                                                             
                                   "Actual Total Time": 88.046,                                                               
                                   "Actual Rows": 3,                                                                          
                                   "Actual Loops": 1,                                                                         
                                   "Filter": "(keyword = ANY ('{murder,murder-in-title,blood,violence}'::text[]))",           
                                   "Rows Removed by Filter": 134167,                                                          
                                   "Shared Hit Blocks": 2,                                                                    
                                   "Shared Read Blocks": 947,                                                                 
                                   "Shared Dirtied Blocks": 0,                                                                
                                   "Shared Written Blocks": 0,                                                                
                                   "Local Hit Blocks": 0,                                                                     
                                   "Local Read Blocks": 0,                                                                    
                                   "Local Dirtied Blocks": 0,                                                                 
                                   "Local Written Blocks": 0,                                                                 
                                   "Temp Read Blocks": 0,                                                                     
                                   "Temp Written Blocks": 0                                                                   
                                 }                                                                                            
                               ]                                                                                              
                             }                                                                                                
                           ]                                                                                                  
                         }                                                                                                    
                       ]                                                                                                      
                     }                                                                                                        
                   ]                                                                                                          
                 }                                                                                                            
               ]                                                                                                              
             }                                                                                                                
           ]                                                                                                                  
         }                                                                                                                    
       ]                                                                                                                      
     },                                                                                                                       
     "Planning Time": 9160.464,                                                                                               
     "Triggers": [                                                                                                            
     ],                                                                                                                       
     "Execution Time": 10378032.452                                                                                           
   }                                                                                                                          
 ]
