 [                                                                                                                            
   {                                                                                                                          
     "Plan": {                                                                                                                
       "Node Type": "Aggregate",                                                                                              
       "Strategy": "Plain",                                                                                                   
       "Partial Mode": "Simple",                                                                                              
       "Parallel Aware": false,                                                                                               
       "Startup Cost": 15045.39,                                                                                              
       "Total Cost": 15045.39,                                                                                                
       "Plan Rows": 1,                                                                                                        
       "Plan Width": 96,                                                                                                      
       "Actual Startup Time": 635415.985,                                                                                     
       "Actual Total Time": 635415.985,                                                                                       
       "Actual Rows": 1,                                                                                                      
       "Actual Loops": 1,                                                                                                     
       "Shared Hit Blocks": 23,                                                                                               
       "Shared Read Blocks": 253514,                                                                                          
       "Shared Dirtied Blocks": 0,                                                                                            
       "Shared Written Blocks": 0,                                                                                            
       "Local Hit Blocks": 0,                                                                                                 
       "Local Read Blocks": 0,                                                                                                
       "Local Dirtied Blocks": 0,                                                                                             
       "Local Written Blocks": 0,                                                                                             
       "Temp Read Blocks": 0,                                                                                                 
       "Temp Written Blocks": 0,                                                                                              
       "Plans": [                                                                                                             
         {                                                                                                                    
           "Node Type": "Nested Loop",                                                                                        
           "Parent Relationship": "Outer",                                                                                    
           "Parallel Aware": false,                                                                                           
           "Join Type": "Inner",                                                                                              
           "Startup Cost": 11457.13,                                                                                          
           "Total Cost": 15045.39,                                                                                            
           "Plan Rows": 1,                                                                                                    
           "Plan Width": 42,                                                                                                  
           "Actual Startup Time": 634640.375,                                                                                 
           "Actual Total Time": 635415.908,                                                                                   
           "Actual Rows": 31,                                                                                                 
           "Actual Loops": 1,                                                                                                 
           "Inner Unique": false,                                                                                             
           "Join Filter": "(mc.company_type_id = ct.id)",                                                                     
           "Rows Removed by Join Filter": 93,                                                                                 
           "Shared Hit Blocks": 23,                                                                                           
           "Shared Read Blocks": 253514,                                                                                      
           "Shared Dirtied Blocks": 0,                                                                                        
           "Shared Written Blocks": 0,                                                                                        
           "Local Hit Blocks": 0,                                                                                             
           "Local Read Blocks": 0,                                                                                            
           "Local Dirtied Blocks": 0,                                                                                         
           "Local Written Blocks": 0,                                                                                         
           "Temp Read Blocks": 0,                                                                                             
           "Temp Written Blocks": 0,                                                                                          
           "Plans": [                                                                                                         
             {                                                                                                                
               "Node Type": "Seq Scan",                                                                                       
               "Parent Relationship": "Outer",                                                                                
               "Parallel Aware": false,                                                                                       
               "Relation Name": "company_type",                                                                               
               "Alias": "ct",                                                                                                 
               "Startup Cost": 0.00,                                                                                          
               "Total Cost": 0.03,                                                                                            
               "Plan Rows": 4,                                                                                                
               "Plan Width": 4,                                                                                               
               "Actual Startup Time": 0.010,                                                                                  
               "Actual Total Time": 0.011,                                                                                    
               "Actual Rows": 4,                                                                                              
               "Actual Loops": 1,                                                                                             
               "Shared Hit Blocks": 1,                                                                                        
               "Shared Read Blocks": 0,                                                                                       
               "Shared Dirtied Blocks": 0,                                                                                    
               "Shared Written Blocks": 0,                                                                                    
               "Local Hit Blocks": 0,                                                                                         
               "Local Read Blocks": 0,                                                                                        
               "Local Dirtied Blocks": 0,                                                                                     
               "Local Written Blocks": 0,                                                                                     
               "Temp Read Blocks": 0,                                                                                         
               "Temp Written Blocks": 0                                                                                       
             },                                                                                                               
             {                                                                                                                
               "Node Type": "Materialize",                                                                                    
               "Parent Relationship": "Inner",                                                                                
               "Parallel Aware": false,                                                                                       
               "Startup Cost": 11457.13,                                                                                      
               "Total Cost": 15045.36,                                                                                        
               "Plan Rows": 1,                                                                                                
               "Plan Width": 46,                                                                                              
               "Actual Startup Time": 158660.090,                                                                             
               "Actual Total Time": 158853.968,                                                                               
               "Actual Rows": 31,                                                                                             
               "Actual Loops": 4,                                                                                             
               "Shared Hit Blocks": 22,                                                                                       
               "Shared Read Blocks": 253514,                                                                                  
               "Shared Dirtied Blocks": 0,                                                                                    
               "Shared Written Blocks": 0,                                                                                    
               "Local Hit Blocks": 0,                                                                                         
               "Local Read Blocks": 0,                                                                                        
               "Local Dirtied Blocks": 0,                                                                                     
               "Local Written Blocks": 0,                                                                                     
               "Temp Read Blocks": 0,                                                                                         
               "Temp Written Blocks": 0,                                                                                      
               "Plans": [                                                                                                     
                 {                                                                                                            
                   "Node Type": "Nested Loop",                                                                                
                   "Parent Relationship": "Outer",                                                                            
                   "Parallel Aware": false,                                                                                   
                   "Join Type": "Inner",                                                                                      
                   "Startup Cost": 11457.13,                                                                                  
                   "Total Cost": 15045.36,                                                                                    
                   "Plan Rows": 1,                                                                                            
                   "Plan Width": 46,                                                                                          
                   "Actual Startup Time": 634640.353,                                                                         
                   "Actual Total Time": 635415.842,                                                                           
                   "Actual Rows": 31,                                                                                         
                   "Actual Loops": 1,                                                                                         
                   "Inner Unique": false,                                                                                     
                   "Join Filter": "(mc.company_id = cn.id)",                                                                  
                   "Rows Removed by Join Filter": 4922939,                                                                    
                   "Shared Hit Blocks": 22,                                                                                   
                   "Shared Read Blocks": 253514,                                                                              
                   "Shared Dirtied Blocks": 0,                                                                                
                   "Shared Written Blocks": 0,                                                                                
                   "Local Hit Blocks": 0,                                                                                     
                   "Local Read Blocks": 0,                                                                                    
                   "Local Dirtied Blocks": 0,                                                                                 
                   "Local Written Blocks": 0,                                                                                 
                   "Temp Read Blocks": 0,                                                                                     
                   "Temp Written Blocks": 0,                                                                                  
                   "Plans": [                                                                                                 
                     {                                                                                                        
                       "Node Type": "Seq Scan",                                                                               
                       "Parent Relationship": "Outer",                                                                        
                       "Parallel Aware": false,                                                                               
                       "Relation Name": "company_name",                                                                       
                       "Alias": "cn",                                                                                         
                       "Startup Cost": 0.00,                                                                                  
                       "Total Cost": 128.41,                                                                                  
                       "Plan Rows": 126230,                                                                                   
                       "Plan Width": 23,                                                                                      
                       "Actual Startup Time": 21.476,                                                                         
                       "Actual Total Time": 81.164,                                                                           
                       "Actual Rows": 126230,                                                                                 
                       "Actual Loops": 1,                                                                                     
                       "Filter": "((country_code)::text <> '[us]'::text)",                                                    
                       "Rows Removed by Filter": 108767,                                                                      
                       "Shared Hit Blocks": 2,                                                                                
                       "Shared Read Blocks": 2992,                                                                            
                       "Shared Dirtied Blocks": 0,                                                                            
                       "Shared Written Blocks": 0,                                                                            
                       "Local Hit Blocks": 0,                                                                                 
                       "Local Read Blocks": 0,                                                                                
                       "Local Dirtied Blocks": 0,                                                                             
                       "Local Written Blocks": 0,                                                                             
                       "Temp Read Blocks": 0,                                                                                 
                       "Temp Written Blocks": 0                                                                               
                     },                                                                                                       
                     {                                                                                                        
                       "Node Type": "Materialize",                                                                            
                       "Parent Relationship": "Inner",                                                                        
                       "Parallel Aware": false,                                                                               
                       "Startup Cost": 11457.13,                                                                              
                       "Total Cost": 14888.62,                                                                                
                       "Plan Rows": 1,                                                                                        
                       "Plan Width": 31,                                                                                      
                       "Actual Startup Time": 4.137,                                                                          
                       "Actual Total Time": 5.029,                                                                            
                       "Actual Rows": 39,                                                                                     
                       "Actual Loops": 126230,                                                                                
                       "Shared Hit Blocks": 20,                                                                               
                       "Shared Read Blocks": 250522,                                                                          
                       "Shared Dirtied Blocks": 0,                                                                            
                       "Shared Written Blocks": 0,                                                                            
                       "Local Hit Blocks": 0,                                                                                 
                       "Local Read Blocks": 0,                                                                                
                       "Local Dirtied Blocks": 0,                                                                             
                       "Local Written Blocks": 0,                                                                             
                       "Temp Read Blocks": 0,                                                                                 
                       "Temp Written Blocks": 0,                                                                              
                       "Plans": [                                                                                             
                         {                                                                                                    
                           "Node Type": "Nested Loop",                                                                        
                           "Parent Relationship": "Outer",                                                                    
                           "Parallel Aware": false,                                                                           
                           "Join Type": "Inner",                                                                              
                           "Startup Cost": 11457.13,                                                                          
                           "Total Cost": 14888.62,                                                                            
                           "Plan Rows": 1,                                                                                    
                           "Plan Width": 31,                                                                                  
                           "Actual Startup Time": 522230.667,                                                                 
                           "Actual Total Time": 634598.021,                                                                   
                           "Actual Rows": 39,                                                                                 
                           "Actual Loops": 1,                                                                                 
                           "Inner Unique": true,                                                                              
                           "Join Filter": "(mk.keyword_id = k.id)",                                                           
                           "Rows Removed by Join Filter": 11212,                                                              
                           "Shared Hit Blocks": 20,                                                                           
                           "Shared Read Blocks": 250522,                                                                      
                           "Shared Dirtied Blocks": 0,                                                                        
                           "Shared Written Blocks": 0,                                                                        
                           "Local Hit Blocks": 0,                                                                             
                           "Local Read Blocks": 0,                                                                            
                           "Local Dirtied Blocks": 0,                                                                         
                           "Local Written Blocks": 0,                                                                         
                           "Temp Read Blocks": 0,                                                                             
                           "Temp Written Blocks": 0,                                                                          
                           "Plans": [                                                                                         
                             {                                                                                                
                               "Node Type": "Nested Loop",                                                                    
                               "Parent Relationship": "Outer",                                                                
                               "Parallel Aware": false,                                                                       
                               "Join Type": "Inner",                                                                          
                               "Startup Cost": 11457.13,                                                                      
                               "Total Cost": 14828.74,                                                                        
                               "Plan Rows": 6,                                                                                
                               "Plan Width": 35,                                                                              
                               "Actual Startup Time": 520391.013,                                                             
                               "Actual Total Time": 634511.216,                                                               
                               "Actual Rows": 3762,                                                                           
                               "Actual Loops": 1,                                                                             
                               "Inner Unique": false,                                                                         
                               "Join Filter": "(t.id = mk.movie_id)",                                                         
                               "Rows Removed by Join Filter": 782636128,                                                      
                               "Shared Hit Blocks": 18,                                                                       
                               "Shared Read Blocks": 249575,                                                                  
                               "Shared Dirtied Blocks": 0,                                                                    
                               "Shared Written Blocks": 0,                                                                    
                               "Local Hit Blocks": 0,                                                                         
                               "Local Read Blocks": 0,                                                                        
                               "Local Dirtied Blocks": 0,                                                                     
                               "Local Written Blocks": 0,                                                                     
                               "Temp Read Blocks": 0,                                                                         
                               "Temp Written Blocks": 0,                                                                      
                               "Plans": [                                                                                     
                                 {                                                                                            
                                   "Node Type": "Seq Scan",                                                                   
                                   "Parent Relationship": "Outer",                                                            
                                   "Parallel Aware": false,                                                                   
                                   "Relation Name": "movie_keyword",                                                          
                                   "Alias": "mk",                                                                             
                                   "Startup Cost": 0.00,                                                                      
                                   "Total Cost": 1079.84,                                                                     
                                   "Plan Rows": 4523930,                                                                      
                                   "Plan Width": 8,                                                                           
                                   "Actual Startup Time": 0.014,                                                              
                                   "Actual Total Time": 488.578,                                                              
                                   "Actual Rows": 4523930,                                                                    
                                   "Actual Loops": 1,                                                                         
                                   "Shared Hit Blocks": 3,                                                                    
                                   "Shared Read Blocks": 24451,                                                               
                                   "Shared Dirtied Blocks": 0,                                                                
                                   "Shared Written Blocks": 0,                                                                
                                   "Local Hit Blocks": 0,                                                                     
                                   "Local Read Blocks": 0,                                                                    
                                   "Local Dirtied Blocks": 0,                                                                 
                                   "Local Written Blocks": 0,                                                                 
                                   "Temp Read Blocks": 0,                                                                     
                                   "Temp Written Blocks": 0                                                                   
                                 },                                                                                           
                                 {                                                                                            
                                   "Node Type": "Materialize",                                                                
                                   "Parent Relationship": "Inner",                                                            
                                   "Parallel Aware": false,                                                                   
                                   "Startup Cost": 11457.13,                                                                  
                                   "Total Cost": 12733.63,                                                                    
                                   "Plan Rows": 1,                                                                            
                                   "Plan Width": 47,                                                                          
                                   "Actual Startup Time": 0.017,                                                              
                                   "Actual Total Time": 0.117,                                                                
                                   "Actual Rows": 173,                                                                        
                                   "Actual Loops": 4523930,                                                                   
                                   "Shared Hit Blocks": 15,                                                                   
                                   "Shared Read Blocks": 225124,                                                              
                                   "Shared Dirtied Blocks": 0,                                                                
                                   "Shared Written Blocks": 0,                                                                
                                   "Local Hit Blocks": 0,                                                                     
                                   "Local Read Blocks": 0,                                                                    
                                   "Local Dirtied Blocks": 0,                                                                 
                                   "Local Written Blocks": 0,                                                                 
                                   "Temp Read Blocks": 0,                                                                     
                                   "Temp Written Blocks": 0,                                                                  
                                   "Plans": [                                                                                 
                                     {                                                                                        
                                       "Node Type": "Nested Loop",                                                            
                                       "Parent Relationship": "Outer",                                                        
                                       "Parallel Aware": false,                                                               
                                       "Join Type": "Inner",                                                                  
                                       "Startup Cost": 11457.13,                                                              
                                       "Total Cost": 12733.63,                                                                
                                       "Plan Rows": 1,                                                                        
                                       "Plan Width": 47,                                                                      
                                       "Actual Startup Time": 76904.396,                                                      
                                       "Actual Total Time": 493941.377,                                                       
                                       "Actual Rows": 173,                                                                    
                                       "Actual Loops": 1,                                                                     
                                       "Inner Unique": false,                                                                 
                                       "Join Filter": "(t.id = mc.movie_id)",                                                 
                                       "Rows Removed by Join Filter": 3499747167,                                             
                                       "Shared Hit Blocks": 15,                                                               
                                       "Shared Read Blocks": 225124,                                                          
                                       "Shared Dirtied Blocks": 0,                                                            
                                       "Shared Written Blocks": 0,                                                            
                                       "Local Hit Blocks": 0,                                                                 
                                       "Local Read Blocks": 0,                                                                
                                       "Local Dirtied Blocks": 0,                                                             
                                       "Local Written Blocks": 0,                                                             
                                       "Temp Read Blocks": 0,                                                                 
                                       "Temp Written Blocks": 0,                                                              
                                       "Plans": [                                                                             
                                         {                                                                                    
                                           "Node Type": "Merge Join",                                                         
                                           "Parent Relationship": "Outer",                                                    
                                           "Parallel Aware": false,                                                           
                                           "Join Type": "Inner",                                                              
                                           "Startup Cost": 11457.13,                                                          
                                           "Total Cost": 11483.31,                                                            
                                           "Plan Rows": 2,                                                                    
                                           "Plan Width": 35,                                                                  
                                           "Actual Startup Time": 11356.954,                                                  
                                           "Actual Total Time": 11762.858,                                                    
                                           "Actual Rows": 11540,                                                              
                                           "Actual Loops": 1,                                                                 
                                           "Inner Unique": false,                                                             
                                           "Merge Cond": "(mi.movie_id = t.id)",                                              
                                           "Shared Hit Blocks": 12,                                                           
                                           "Shared Read Blocks": 206338,                                                      
                                           "Shared Dirtied Blocks": 0,                                                        
                                           "Shared Written Blocks": 0,                                                        
                                           "Local Hit Blocks": 0,                                                             
                                           "Local Read Blocks": 0,                                                            
                                           "Local Dirtied Blocks": 0,                                                         
                                           "Local Written Blocks": 0,                                                         
                                           "Temp Read Blocks": 0,                                                             
                                           "Temp Written Blocks": 0,                                                          
                                           "Plans": [                                                                         
                                             {                                                                                
                                               "Node Type": "Merge Join",                                                     
                                               "Parent Relationship": "Outer",                                                
                                               "Parallel Aware": false,                                                       
                                               "Join Type": "Inner",                                                          
                                               "Startup Cost": 9321.42,                                                       
                                               "Total Cost": 9323.95,                                                         
                                               "Plan Rows": 39,                                                               
                                               "Plan Width": 14,                                                              
                                               "Actual Startup Time": 9409.279,                                               
                                               "Actual Total Time": 9635.203,                                                 
                                               "Actual Rows": 147247,                                                         
                                               "Actual Loops": 1,                                                             
                                               "Inner Unique": false,                                                         
                                               "Merge Cond": "(mi.movie_id = mi_idx.movie_id)",                               
                                               "Shared Hit Blocks": 10,                                                       
                                               "Shared Read Blocks": 170341,                                                  
                                               "Shared Dirtied Blocks": 0,                                                    
                                               "Shared Written Blocks": 0,                                                    
                                               "Local Hit Blocks": 0,                                                         
                                               "Local Read Blocks": 0,                                                        
                                               "Local Dirtied Blocks": 0,                                                     
                                               "Local Written Blocks": 0,                                                     
                                               "Temp Read Blocks": 0,                                                         
                                               "Temp Written Blocks": 0,                                                      
                                               "Plans": [                                                                     
                                                 {                                                                            
                                                   "Node Type": "Sort",                                                       
                                                   "Parent Relationship": "Outer",                                            
                                                   "Parallel Aware": false,                                                   
                                                   "Startup Cost": 8568.95,                                                   
                                                   "Total Cost": 8569.41,                                                     
                                                   "Plan Rows": 5910,                                                         
                                                   "Plan Width": 4,                                                           
                                                   "Actual Startup Time": 8484.691,                                           
                                                   "Actual Total Time": 8526.514,                                             
                                                   "Actual Rows": 588752,                                                     
                                                   "Actual Loops": 1,                                                         
                                                   "Sort Key": ["mi.movie_id"],                                               
                                                   "Sort Method": "quicksort",                                                
                                                   "Sort Space Used": 52175,                                                  
                                                   "Sort Space Type": "Memory",                                               
                                                   "Shared Hit Blocks": 7,                                                    
                                                   "Shared Read Blocks": 161890,                                              
                                                   "Shared Dirtied Blocks": 0,                                                
                                                   "Shared Written Blocks": 0,                                                
                                                   "Local Hit Blocks": 0,                                                     
                                                   "Local Read Blocks": 0,                                                    
                                                   "Local Dirtied Blocks": 0,                                                 
                                                   "Local Written Blocks": 0,                                                 
                                                   "Temp Read Blocks": 0,                                                     
                                                   "Temp Written Blocks": 0,                                                  
                                                   "Plans": [                                                                 
                                                     {                                                                        
                                                       "Node Type": "Nested Loop",                                            
                                                       "Parent Relationship": "Outer",                                        
                                                       "Parallel Aware": false,                                               
                                                       "Join Type": "Inner",                                                  
                                                       "Startup Cost": 0.00,                                                  
                                                       "Total Cost": 8557.45,                                                 
                                                       "Plan Rows": 5910,                                                     
                                                       "Plan Width": 4,                                                       
                                                       "Actual Startup Time": 7076.803,                                       
                                                       "Actual Total Time": 8296.149,                                         
                                                       "Actual Rows": 588764,                                                 
                                                       "Actual Loops": 1,                                                     
                                                       "Inner Unique": true,                                                  
                                                       "Join Filter": "(it.id = mi.info_type_id)",                           
                                                       "Rows Removed by Join Filter": 80572,                                  
                                                       "Shared Hit Blocks": 3,                                                
                                                       "Shared Read Blocks": 161890,                                          
                                                       "Shared Dirtied Blocks": 0,                                            
                                                       "Shared Written Blocks": 0,                                            
                                                       "Local Hit Blocks": 0,                                                 
                                                       "Local Read Blocks": 0,                                                
                                                       "Local Dirtied Blocks": 0,                                             
                                                       "Local Written Blocks": 0,                                             
                                                       "Temp Read Blocks": 0,                                                 
                                                       "Temp Written Blocks": 0,                                              
                                                       "Plans": [                                                             
                                                         {                                                                    
                                                           "Node Type": "Seq Scan",                                           
                                                           "Parent Relationship": "Outer",                                    
                                                           "Parallel Aware": false,                                           
                                                           "Relation Name": "movie_info",                                     
                                                           "Alias": "mi",                                                     
                                                           "Startup Cost": 0.00,                                              
                                                           "Total Cost": 8407.52,                                             
                                                           "Plan Rows": 667885,                                               
                                                           "Plan Width": 8,                                                   
                                                           "Actual Startup Time": 8.050,                                      
                                                           "Actual Total Time": 8090.685,                                     
                                                           "Actual Rows": 669336,                                             
                                                           "Actual Loops": 1,                                                 
                                                           "Filter": "(info = ANY ('{Germany,German,USA,American}'::text[]))",
                                                           "Rows Removed by Filter": 14166384,                                
                                                           "Shared Hit Blocks": 2,                                            
                                                           "Shared Read Blocks": 161890,                                      
                                                           "Shared Dirtied Blocks": 0,                                        
                                                           "Shared Written Blocks": 0,                                        
                                                           "Local Hit Blocks": 0,                                             
                                                           "Local Read Blocks": 0,                                            
                                                           "Local Dirtied Blocks": 0,                                         
                                                           "Local Written Blocks": 0,                                         
                                                           "Temp Read Blocks": 0,                                             
                                                           "Temp Written Blocks": 0                                           
                                                         },                                                                   
                                                         {                                                                    
                                                           "Node Type": "Materialize",                                        
                                                           "Parent Relationship": "Inner",                                    
                                                           "Parallel Aware": false,                                           
                                                           "Startup Cost": 0.00,                                              
                                                           "Total Cost": 0.05,                                                
                                                           "Plan Rows": 1,                                                    
                                                           "Plan Width": 4,                                                   
                                                           "Actual Startup Time": 0.000,                                      
                                                           "Actual Total Time": 0.000,                                        
                                                           "Actual Rows": 1,                                                  
                                                           "Actual Loops": 669336,                                            
                                                           "Shared Hit Blocks": 1,                                            
                                                           "Shared Read Blocks": 0,                                           
                                                           "Shared Dirtied Blocks": 0,                                        
                                                           "Shared Written Blocks": 0,                                        
                                                           "Local Hit Blocks": 0,                                             
                                                           "Local Read Blocks": 0,                                            
                                                           "Local Dirtied Blocks": 0,                                         
                                                           "Local Written Blocks": 0,                                         
                                                           "Temp Read Blocks": 0,                                             
                                                           "Temp Written Blocks": 0,                                          
                                                           "Plans": [                                                         
                                                             {                                                                
                                                               "Node Type": "Seq Scan",                                       
                                                               "Parent Relationship": "Outer",                                
                                                               "Parallel Aware": false,                                       
                                                               "Relation Name": "info_type",                                  
                                                               "Alias": "it",                                                
                                                               "Startup Cost": 0.00,                                          
                                                               "Total Cost": 0.05,                                            
                                                               "Plan Rows": 1,                                                
                                                               "Plan Width": 4,                                               
                                                               "Actual Startup Time": 0.018,                                  
                                                               "Actual Total Time": 0.055,                                    
                                                               "Actual Rows": 1,                                              
                                                               "Actual Loops": 1,                                             
                                                               "Filter": "((info)::text = 'countries'::text)",                
                                                               "Rows Removed by Filter": 112,                                 
                                                               "Shared Hit Blocks": 1,                                        
                                                               "Shared Read Blocks": 0,                                       
                                                               "Shared Dirtied Blocks": 0,                                    
                                                               "Shared Written Blocks": 0,                                    
                                                               "Local Hit Blocks": 0,                                         
                                                               "Local Read Blocks": 0,                                        
                                                               "Local Dirtied Blocks": 0,                                     
                                                               "Local Written Blocks": 0,                                     
                                                               "Temp Read Blocks": 0,                                         
                                                               "Temp Written Blocks": 0                                       
                                                             }                                                                
                                                           ]                                                                  
                                                         }                                                                    
                                                       ]                                                                      
                                                     }                                                                        
                                                   ]                                                                          
                                                 },                                                                           
                                                 {                                                                            
                                                   "Node Type": "Sort",                                                       
                                                   "Parent Relationship": "Inner",                                            
                                                   "Parallel Aware": false,                                                   
                                                   "Startup Cost": 752.47,                                                    
                                                   "Total Cost": 753.28,                                                      
                                                   "Plan Rows": 10379,                                                        
                                                   "Plan Width": 10,                                                          
                                                   "Actual Startup Time": 924.577,                                            
                                                   "Actual Total Time": 952.301,                                              
                                                   "Actual Rows": 326051,                                                     
                                                   "Actual Loops": 1,                                                         
                                                   "Sort Key": ["mi_idx.movie_id"],                                           
                                                   "Sort Method": "quicksort",                                                
                                                   "Sort Space Used": 27481,                                                  
                                                   "Sort Space Type": "Memory",                                               
                                                   "Shared Hit Blocks": 3,                                                    
                                                   "Shared Read Blocks": 8451,                                                
                                                   "Shared Dirtied Blocks": 0,                                                
                                                   "Shared Written Blocks": 0,                                                
                                                   "Local Hit Blocks": 0,                                                     
                                                   "Local Read Blocks": 0,                                                    
                                                   "Local Dirtied Blocks": 0,                                                 
                                                   "Local Written Blocks": 0,                                                 
                                                   "Temp Read Blocks": 0,                                                     
                                                   "Temp Written Blocks": 0,                                                  
                                                   "Plans": [                                                                 
                                                     {                                                                        
                                                       "Node Type": "Nested Loop",                                            
                                                       "Parent Relationship": "Outer",                                        
                                                       "Parallel Aware": false,                                               
                                                       "Join Type": "Inner",                                                  
                                                       "Startup Cost": 0.00,                                                  
                                                       "Total Cost": 730.97,                                                  
                                                       "Plan Rows": 10379,                                                    
                                                       "Plan Width": 10,                                                      
                                                       "Actual Startup Time": 0.046,                                          
                                                       "Actual Total Time": 802.229,                                          
                                                       "Actual Rows": 324117,                                                 
                                                       "Actual Loops": 1,                                                     
                                                       "Inner Unique": true,                                                  
                                                       "Join Filter": "(it.id = mi_idx.info_type_id)",                       
                                                       "Rows Removed by Join Filter": 848715,                                 
                                                       "Shared Hit Blocks": 3,                                                
                                                       "Shared Read Blocks": 8451,                                            
                                                       "Shared Dirtied Blocks": 0,                                            
                                                       "Shared Written Blocks": 0,                                            
                                                       "Local Hit Blocks": 0,                                                 
                                                       "Local Read Blocks": 0,                                                
                                                       "Local Dirtied Blocks": 0,                                             
                                                       "Local Written Blocks": 0,                                             
                                                       "Temp Read Blocks": 0,                                                 
                                                       "Temp Written Blocks": 0,                                              
                                                       "Plans": [                                                             
                                                         {                                                                    
                                                           "Node Type": "Seq Scan",                                           
                                                           "Parent Relationship": "Outer",                                    
                                                           "Parallel Aware": false,                                           
                                                           "Relation Name": "movie_info_idx",                                 
                                                           "Alias": "mi_idx",                                                 
                                                           "Startup Cost": 0.00,                                              
                                                           "Total Cost": 467.71,                                              
                                                           "Plan Rows": 1172842,                                              
                                                           "Plan Width": 14,                                                  
                                                           "Actual Startup Time": 0.015,                                      
                                                           "Actual Total Time": 391.869,                                      
                                                           "Actual Rows": 1172832,                                            
                                                           "Actual Loops": 1,                                                 
                                                           "Filter": "(info < '7.0'::text)",                                  
                                                           "Rows Removed by Filter": 207203,                                  
                                                           "Shared Hit Blocks": 2,                                            
                                                           "Shared Read Blocks": 8451,                                        
                                                           "Shared Dirtied Blocks": 0,                                        
                                                           "Shared Written Blocks": 0,                                        
                                                           "Local Hit Blocks": 0,                                             
                                                           "Local Read Blocks": 0,                                            
                                                           "Local Dirtied Blocks": 0,                                         
                                                           "Local Written Blocks": 0,                                         
                                                           "Temp Read Blocks": 0,                                             
                                                           "Temp Written Blocks": 0                                           
                                                         },                                                                   
                                                         {                                                                    
                                                           "Node Type": "Materialize",                                        
                                                           "Parent Relationship": "Inner",                                    
                                                           "Parallel Aware": false,                                           
                                                           "Startup Cost": 0.00,                                              
                                                           "Total Cost": 0.05,                                                
                                                           "Plan Rows": 1,                                                    
                                                           "Plan Width": 4,                                                   
                                                           "Actual Startup Time": 0.000,                                      
                                                           "Actual Total Time": 0.000,                                        
                                                           "Actual Rows": 1,                                                  
                                                           "Actual Loops": 1172832,                                           
                                                           "Shared Hit Blocks": 1,                                            
                                                           "Shared Read Blocks": 0,                                           
                                                           "Shared Dirtied Blocks": 0,                                        
                                                           "Shared Written Blocks": 0,                                        
                                                           "Local Hit Blocks": 0,                                             
                                                           "Local Read Blocks": 0,                                            
                                                           "Local Dirtied Blocks": 0,                                         
                                                           "Local Written Blocks": 0,                                         
                                                           "Temp Read Blocks": 0,                                             
                                                           "Temp Written Blocks": 0,                                          
                                                           "Plans": [                                                         
                                                             {                                                                
                                                               "Node Type": "Seq Scan",                                       
                                                               "Parent Relationship": "Outer",                                
                                                               "Parallel Aware": false,                                       
                                                               "Relation Name": "info_type",                                  
                                                               "Alias": "it",                                                
                                                               "Startup Cost": 0.00,                                          
                                                               "Total Cost": 0.05,                                            
                                                               "Plan Rows": 1,                                                
                                                               "Plan Width": 4,                                               
                                                               "Actual Startup Time": 0.016,                                  
                                                               "Actual Total Time": 0.019,                                    
                                                               "Actual Rows": 1,                                              
                                                               "Actual Loops": 1,                                             
                                                               "Filter": "((info)::text = 'rating'::text)",                   
                                                               "Rows Removed by Filter": 112,                                 
                                                               "Shared Hit Blocks": 1,                                        
                                                               "Shared Read Blocks": 0,                                       
                                                               "Shared Dirtied Blocks": 0,                                    
                                                               "Shared Written Blocks": 0,                                    
                                                               "Local Hit Blocks": 0,                                         
                                                               "Local Read Blocks": 0,                                        
                                                               "Local Dirtied Blocks": 0,                                     
                                                               "Local Written Blocks": 0,                                     
                                                               "Temp Read Blocks": 0,                                         
                                                               "Temp Written Blocks": 0                                       
                                                             }                                                                
                                                           ]                                                                  
                                                         }                                                                    
                                                       ]                                                                      
                                                     }                                                                        
                                                   ]                                                                          
                                                 }                                                                            
                                               ]                                                                              
                                             },                                                                               
                                             {                                                                                
                                               "Node Type": "Sort",                                                           
                                               "Parent Relationship": "Inner",                                                
                                               "Parallel Aware": false,                                                       
                                               "Startup Cost": 2135.71,                                                       
                                               "Total Cost": 2147.54,                                                         
                                               "Plan Rows": 152391,                                                           
                                               "Plan Width": 21,                                                              
                                               "Actual Startup Time": 1947.644,                                               
                                               "Actual Total Time": 2025.152,                                                 
                                               "Actual Rows": 481806,                                                         
                                               "Actual Loops": 1,                                                             
                                               "Sort Key": ["t.id"],                                                          
                                               "Sort Method": "quicksort",                                                    
                                               "Sort Space Used": 45722,                                                      
                                               "Sort Space Type": "Memory",                                                   
                                               "Shared Hit Blocks": 2,                                                        
                                               "Shared Read Blocks": 35997,                                                   
                                               "Shared Dirtied Blocks": 0,                                                    
                                               "Shared Written Blocks": 0,                                                    
                                               "Local Hit Blocks": 0,                                                         
                                               "Local Read Blocks": 0,                                                        
                                               "Local Dirtied Blocks": 0,                                                     
                                               "Local Written Blocks": 0,                                                     
                                               "Temp Read Blocks": 0,                                                         
                                               "Temp Written Blocks": 0,                                                      
                                               "Plans": [                                                                     
                                                 {                                                                            
                                                   "Node Type": "Nested Loop",                                                
                                                   "Parent Relationship": "Outer",                                            
                                                   "Parallel Aware": false,                                                   
                                                   "Join Type": "Inner",                                                      
                                                   "Startup Cost": 0.00,                                                      
                                                   "Total Cost": 1728.29,                                                     
                                                   "Plan Rows": 152391,                                                       
                                                   "Plan Width": 21,                                                          
                                                   "Actual Startup Time": 23.815,                                             
                                                   "Actual Total Time": 1681.061,                                             
                                                   "Actual Rows": 481716,                                                     
                                                   "Actual Loops": 1,                                                         
                                                   "Inner Unique": true,                                                      
                                                   "Join Filter": "(kt.id = t.kind_id)",                                      
                                                   "Rows Removed by Join Filter": 452840,                                     
                                                   "Shared Hit Blocks": 2,                                                    
                                                   "Shared Read Blocks": 35997,                                               
                                                   "Shared Dirtied Blocks": 0,                                                
                                                   "Shared Written Blocks": 0,                                                
                                                   "Local Hit Blocks": 0,                                                     
                                                   "Local Read Blocks": 0,                                                    
                                                   "Local Dirtied Blocks": 0,                                                 
                                                   "Local Written Blocks": 0,                                                 
                                                   "Temp Read Blocks": 0,                                                     
                                                   "Temp Written Blocks": 0,                                                  
                                                   "Plans": [                                                                 
                                                     {                                                                        
                                                       "Node Type": "Seq Scan",                                               
                                                       "Parent Relationship": "Outer",                                        
                                                       "Parallel Aware": false,                                               
                                                       "Relation Name": "title",                                              
                                                       "Alias": "t",                                                          
                                                       "Startup Cost": 0.00,                                                  
                                                       "Total Cost": 1500.26,                                                 
                                                       "Plan Rows": 533370,                                                   
                                                       "Plan Width": 25,                                                      
                                                       "Actual Startup Time": 23.764,                                         
                                                       "Actual Total Time": 1323.428,                                         
                                                       "Actual Rows": 533369,                                                 
                                                       "Actual Loops": 1,                                                     
                                                       "Filter": "(production_year > 2009)",                                  
                                                       "Rows Removed by Filter": 1994943,                                     
                                                       "Shared Hit Blocks": 1,                                                
                                                       "Shared Read Blocks": 35997,                                           
                                                       "Shared Dirtied Blocks": 0,                                            
                                                       "Shared Written Blocks": 0,                                            
                                                       "Local Hit Blocks": 0,                                                 
                                                       "Local Read Blocks": 0,                                                
                                                       "Local Dirtied Blocks": 0,                                             
                                                       "Local Written Blocks": 0,                                             
                                                       "Temp Read Blocks": 0,                                                 
                                                       "Temp Written Blocks": 0                                               
                                                     },                                                                       
                                                     {                                                                        
                                                       "Node Type": "Materialize",                                            
                                                       "Parent Relationship": "Inner",                                        
                                                       "Parallel Aware": false,                                               
                                                       "Startup Cost": 0.00,                                                  
                                                       "Total Cost": 0.03,                                                    
                                                       "Plan Rows": 2,                                                        
                                                       "Plan Width": 4,                                                       
                                                       "Actual Startup Time": 0.000,                                          
                                                       "Actual Total Time": 0.000,                                            
                                                       "Actual Rows": 2,                                                      
                                                       "Actual Loops": 533369,                                                
                                                       "Shared Hit Blocks": 1,                                                
                                                       "Shared Read Blocks": 0,                                               
                                                       "Shared Dirtied Blocks": 0,                                            
                                                       "Shared Written Blocks": 0,                                            
                                                       "Local Hit Blocks": 0,                                                 
                                                       "Local Read Blocks": 0,                                                
                                                       "Local Dirtied Blocks": 0,                                             
                                                       "Local Written Blocks": 0,                                             
                                                       "Temp Read Blocks": 0,                                                 
                                                       "Temp Written Blocks": 0,                                              
                                                       "Plans": [                                                             
                                                         {                                                                    
                                                           "Node Type": "Seq Scan",                                           
                                                           "Parent Relationship": "Outer",                                    
                                                           "Parallel Aware": false,                                           
                                                           "Relation Name": "kind_type",                                      
                                                           "Alias": "kt",                                                     
                                                           "Startup Cost": 0.00,                                              
                                                           "Total Cost": 0.03,                                                
                                                           "Plan Rows": 2,                                                    
                                                           "Plan Width": 4,                                                   
                                                           "Actual Startup Time": 0.020,                                      
                                                           "Actual Total Time": 0.026,                                        
                                                           "Actual Rows": 2,                                                  
                                                           "Actual Loops": 1,                                                 
                                                           "Filter": "((kind)::text = ANY ('{movie,episode}'::text[]))",      
                                                           "Rows Removed by Filter": 5,                                       
                                                           "Shared Hit Blocks": 1,                                            
                                                           "Shared Read Blocks": 0,                                           
                                                           "Shared Dirtied Blocks": 0,                                        
                                                           "Shared Written Blocks": 0,                                        
                                                           "Local Hit Blocks": 0,                                             
                                                           "Local Read Blocks": 0,                                            
                                                           "Local Dirtied Blocks": 0,                                         
                                                           "Local Written Blocks": 0,                                         
                                                           "Temp Read Blocks": 0,                                             
                                                           "Temp Written Blocks": 0                                           
                                                         }                                                                    
                                                       ]                                                                      
                                                     }                                                                        
                                                   ]                                                                          
                                                 }                                                                            
                                               ]                                                                              
                                             }                                                                                
                                           ]                                                                                  
                                         },                                                                                   
                                         {                                                                                    
                                           "Node Type": "Materialize",                                                        
                                           "Parent Relationship": "Inner",                                                    
                                           "Parallel Aware": false,                                                           
                                           "Startup Cost": 0.00,                                                              
                                           "Total Cost": 1197.14,                                                             
                                           "Plan Rows": 143259,                                                               
                                           "Plan Width": 12,                                                                  
                                           "Actual Startup Time": 0.000,                                                      
                                           "Actual Total Time": 13.586,                                                       
                                           "Actual Rows": 303271,                                                             
                                           "Actual Loops": 11540,                                                             
                                           "Shared Hit Blocks": 3,                                                            
                                           "Shared Read Blocks": 18786,                                                       
                                           "Shared Dirtied Blocks": 0,                                                        
                                           "Shared Written Blocks": 0,                                                        
                                           "Local Hit Blocks": 0,                                                             
                                           "Local Read Blocks": 0,                                                            
                                           "Local Dirtied Blocks": 0,                                                         
                                           "Local Written Blocks": 0,                                                         
                                           "Temp Read Blocks": 0,                                                             
                                           "Temp Written Blocks": 0,                                                          
                                           "Plans": [                                                                         
                                             {                                                                                
                                               "Node Type": "Seq Scan",                                                       
                                               "Parent Relationship": "Outer",                                                
                                               "Parallel Aware": false,                                                       
                                               "Relation Name": "movie_companies",                                            
                                               "Alias": "mc",                                                                 
                                               "Startup Cost": 0.00,                                                          
                                               "Total Cost": 1174.90,                                                         
                                               "Plan Rows": 143259,                                                           
                                               "Plan Width": 12,                                                              
                                               "Actual Startup Time": 0.016,                                                  
                                               "Actual Total Time": 836.338,                                                  
                                               "Actual Rows": 303271,                                                         
                                               "Actual Loops": 1,                                                             
                                               "Filter": "((note !~~ '%(USA)%'::text) AND (note ~~ '%(200%)%'::text))",       
                                               "Rows Removed by Filter": 2305858,                                             
                                               "Shared Hit Blocks": 3,                                                        
                                               "Shared Read Blocks": 18786,                                                   
                                               "Shared Dirtied Blocks": 0,                                                    
                                               "Shared Written Blocks": 0,                                                    
                                               "Local Hit Blocks": 0,                                                         
                                               "Local Read Blocks": 0,                                                        
                                               "Local Dirtied Blocks": 0,                                                     
                                               "Local Written Blocks": 0,                                                     
                                               "Temp Read Blocks": 0,                                                         
                                               "Temp Written Blocks": 0                                                       
                                             }                                                                                
                                           ]                                                                                  
                                         }                                                                                    
                                       ]                                                                                      
                                     }                                                                                        
                                   ]                                                                                          
                                 }                                                                                            
                               ]                                                                                              
                             },                                                                                               
                             {                                                                                                
                               "Node Type": "Materialize",                                                                    
                               "Parent Relationship": "Inner",                                                                
                               "Parallel Aware": false,                                                                       
                               "Startup Cost": 0.00,                                                                          
                               "Total Cost": 59.88,                                                                           
                               "Plan Rows": 4,                                                                                
                               "Plan Width": 4,                                                                               
                               "Actual Startup Time": 0.006,                                                                  
                               "Actual Total Time": 0.023,                                                                    
                               "Actual Rows": 3,                                                                              
                               "Actual Loops": 3762,                                                                          
                               "Shared Hit Blocks": 2,                                                                        
                               "Shared Read Blocks": 947,                                                                     
                               "Shared Dirtied Blocks": 0,                                                                    
                               "Shared Written Blocks": 0,                                                                    
                               "Local Hit Blocks": 0,                                                                         
                               "Local Read Blocks": 0,                                                                        
                               "Local Dirtied Blocks": 0,                                                                     
                               "Local Written Blocks": 0,                                                                     
                               "Temp Read Blocks": 0,                                                                         
                               "Temp Written Blocks": 0,                                                                      
                               "Plans": [                                                                                     
                                 {                                                                                            
                                   "Node Type": "Seq Scan",                                                                   
                                   "Parent Relationship": "Outer",                                                            
                                   "Parallel Aware": false,                                                                   
                                   "Relation Name": "keyword",                                                                
                                   "Alias": "k",                                                                              
                                   "Startup Cost": 0.00,                                                                      
                                   "Total Cost": 59.88,                                                                       
                                   "Plan Rows": 4,                                                                            
                                   "Plan Width": 4,                                                                           
                                   "Actual Startup Time": 23.996,                                                             
                                   "Actual Total Time": 84.173,                                                               
                                   "Actual Rows": 3,                                                                          
                                   "Actual Loops": 1,                                                                         
                                   "Filter": "(keyword = ANY ('{murder,murder-in-title,blood,violence}'::text[]))",           
                                   "Rows Removed by Filter": 134167,                                                          
                                   "Shared Hit Blocks": 2,                                                                    
                                   "Shared Read Blocks": 947,                                                                 
                                   "Shared Dirtied Blocks": 0,                                                                
                                   "Shared Written Blocks": 0,                                                                
                                   "Local Hit Blocks": 0,                                                                     
                                   "Local Read Blocks": 0,                                                                    
                                   "Local Dirtied Blocks": 0,                                                                 
                                   "Local Written Blocks": 0,                                                                 
                                   "Temp Read Blocks": 0,                                                                     
                                   "Temp Written Blocks": 0                                                                   
                                 }                                                                                            
                               ]                                                                                              
                             }                                                                                                
                           ]                                                                                                  
                         }                                                                                                    
                       ]                                                                                                      
                     }                                                                                                        
                   ]                                                                                                          
                 }                                                                                                            
               ]                                                                                                              
             }                                                                                                                
           ]                                                                                                                  
         }                                                                                                                    
       ]                                                                                                                      
     },                                                                                                                       
     "Planning Time": 9152.490,                                                                                               
     "Triggers": [                                                                                                            
     ],                                                                                                                       
     "Execution Time": 635465.315                                                                                             
   }                                                                                                                          
 ]
