 [                                                                                                                                                                       
   {                                                                                                                                                                     
     "Plan": {                                                                                                                                                           
       "Node Type": "Aggregate",                                                                                                                                         
       "Strategy": "Plain",                                                                                                                                              
       "Partial Mode": "Simple",                                                                                                                                         
       "Parallel Aware": false,                                                                                                                                          
       "Startup Cost": 19239.95,                                                                                                                                         
       "Total Cost": 19239.95,                                                                                                                                           
       "Plan Rows": 1,                                                                                                                                                   
       "Plan Width": 96,                                                                                                                                                 
       "Actual Startup Time": 43749644.160,                                                                                                                              
       "Actual Total Time": 43749644.160,                                                                                                                                
       "Actual Rows": 1,                                                                                                                                                 
       "Actual Loops": 1,                                                                                                                                                
       "Shared Hit Blocks": 23,                                                                                                                                          
       "Shared Read Blocks": 253514,                                                                                                                                     
       "Shared Dirtied Blocks": 0,                                                                                                                                       
       "Shared Written Blocks": 0,                                                                                                                                       
       "Local Hit Blocks": 0,                                                                                                                                            
       "Local Read Blocks": 0,                                                                                                                                           
       "Local Dirtied Blocks": 0,                                                                                                                                        
       "Local Written Blocks": 0,                                                                                                                                        
       "Temp Read Blocks": 0,                                                                                                                                            
       "Temp Written Blocks": 0,                                                                                                                                         
       "Plans": [                                                                                                                                                        
         {                                                                                                                                                               
           "Node Type": "Nested Loop",                                                                                                                                   
           "Parent Relationship": "Outer",                                                                                                                               
           "Parallel Aware": false,                                                                                                                                      
           "Join Type": "Inner",                                                                                                                                         
           "Startup Cost": 14386.18,                                                                                                                                     
           "Total Cost": 19239.95,                                                                                                                                       
           "Plan Rows": 1,                                                                                                                                               
           "Plan Width": 42,                                                                                                                                             
           "Actual Startup Time": 15008200.746,                                                                                                                          
           "Actual Total Time": 43749614.664,                                                                                                                            
           "Actual Rows": 21489,                                                                                                                                         
           "Actual Loops": 1,                                                                                                                                            
           "Inner Unique": false,                                                                                                                                        
           "Join Filter": "(mc.company_type_id = ct.id)",                                                                                                                
           "Rows Removed by Join Filter": 64467,                                                                                                                         
           "Shared Hit Blocks": 23,                                                                                                                                      
           "Shared Read Blocks": 253514,                                                                                                                                 
           "Shared Dirtied Blocks": 0,                                                                                                                                   
           "Shared Written Blocks": 0,                                                                                                                                   
           "Local Hit Blocks": 0,                                                                                                                                        
           "Local Read Blocks": 0,                                                                                                                                       
           "Local Dirtied Blocks": 0,                                                                                                                                    
           "Local Written Blocks": 0,                                                                                                                                    
           "Temp Read Blocks": 0,                                                                                                                                        
           "Temp Written Blocks": 0,                                                                                                                                     
           "Plans": [                                                                                                                                                    
             {                                                                                                                                                           
               "Node Type": "Seq Scan",                                                                                                                                  
               "Parent Relationship": "Outer",                                                                                                                           
               "Parallel Aware": false,                                                                                                                                  
               "Relation Name": "company_type",                                                                                                                          
               "Alias": "ct",                                                                                                                                            
               "Startup Cost": 0.00,                                                                                                                                     
               "Total Cost": 0.03,                                                                                                                                       
               "Plan Rows": 4,                                                                                                                                           
               "Plan Width": 4,                                                                                                                                          
               "Actual Startup Time": 0.010,                                                                                                                             
               "Actual Total Time": 0.012,                                                                                                                               
               "Actual Rows": 4,                                                                                                                                         
               "Actual Loops": 1,                                                                                                                                        
               "Shared Hit Blocks": 1,                                                                                                                                   
               "Shared Read Blocks": 0,                                                                                                                                  
               "Shared Dirtied Blocks": 0,                                                                                                                               
               "Shared Written Blocks": 0,                                                                                                                               
               "Local Hit Blocks": 0,                                                                                                                                    
               "Local Read Blocks": 0,                                                                                                                                   
               "Local Dirtied Blocks": 0,                                                                                                                                
               "Local Written Blocks": 0,                                                                                                                                
               "Temp Read Blocks": 0,                                                                                                                                    
               "Temp Written Blocks": 0                                                                                                                                  
             },                                                                                                                                                          
             {                                                                                                                                                           
               "Node Type": "Materialize",                                                                                                                               
               "Parent Relationship": "Inner",                                                                                                                           
               "Parallel Aware": false,                                                                                                                                  
               "Startup Cost": 14386.18,                                                                                                                                 
               "Total Cost": 19239.92,                                                                                                                                   
               "Plan Rows": 1,                                                                                                                                           
               "Plan Width": 46,                                                                                                                                         
               "Actual Startup Time": 3752050.183,                                                                                                                       
               "Actual Total Time": 10937400.806,                                                                                                                        
               "Actual Rows": 21489,                                                                                                                                     
               "Actual Loops": 4,                                                                                                                                        
               "Shared Hit Blocks": 22,                                                                                                                                  
               "Shared Read Blocks": 253514,                                                                                                                             
               "Shared Dirtied Blocks": 0,                                                                                                                               
               "Shared Written Blocks": 0,                                                                                                                               
               "Local Hit Blocks": 0,                                                                                                                                    
               "Local Read Blocks": 0,                                                                                                                                   
               "Local Dirtied Blocks": 0,                                                                                                                                
               "Local Written Blocks": 0,                                                                                                                                
               "Temp Read Blocks": 0,                                                                                                                                    
               "Temp Written Blocks": 0,                                                                                                                                 
               "Plans": [                                                                                                                                                
                 {                                                                                                                                                       
                   "Node Type": "Nested Loop",                                                                                                                           
                   "Parent Relationship": "Outer",                                                                                                                       
                   "Parallel Aware": false,                                                                                                                              
                   "Join Type": "Inner",                                                                                                                                 
                   "Startup Cost": 14386.18,                                                                                                                             
                   "Total Cost": 19239.92,                                                                                                                               
                   "Plan Rows": 1,                                                                                                                                       
                   "Plan Width": 46,                                                                                                                                     
                   "Actual Startup Time": 15008200.722,                                                                                                                  
                   "Actual Total Time": 43749588.936,                                                                                                                    
                   "Actual Rows": 21489,                                                                                                                                 
                   "Actual Loops": 1,                                                                                                                                    
                   "Inner Unique": true,                                                                                                                                 
                   "Join Filter": "(mk.keyword_id = k.id)",                                                                                                              
                   "Rows Removed by Join Filter": 7791702,                                                                                                               
                   "Shared Hit Blocks": 22,                                                                                                                              
                   "Shared Read Blocks": 253514,                                                                                                                         
                   "Shared Dirtied Blocks": 0,                                                                                                                           
                   "Shared Written Blocks": 0,                                                                                                                           
                   "Local Hit Blocks": 0,                                                                                                                                
                   "Local Read Blocks": 0,                                                                                                                               
                   "Local Dirtied Blocks": 0,                                                                                                                            
                   "Local Written Blocks": 0,                                                                                                                            
                   "Temp Read Blocks": 0,                                                                                                                                
                   "Temp Written Blocks": 0,                                                                                                                             
                   "Plans": [                                                                                                                                            
                     {                                                                                                                                                   
                       "Node Type": "Nested Loop",                                                                                                                       
                       "Parent Relationship": "Outer",                                                                                                                   
                       "Parallel Aware": false,                                                                                                                          
                       "Join Type": "Inner",                                                                                                                             
                       "Startup Cost": 14386.18,                                                                                                                         
                       "Total Cost": 19180.03,                                                                                                                           
                       "Plan Rows": 7,                                                                                                                                   
                       "Plan Width": 50,                                                                                                                                 
                       "Actual Startup Time": 14563229.006,                                                                                                              
                       "Actual Total Time": 43747867.915,                                                                                                                
                       "Actual Rows": 2610972,                                                                                                                           
                       "Actual Loops": 1,                                                                                                                                
                       "Inner Unique": false,                                                                                                                            
                       "Join Filter": "(t.id = mk.movie_id)",                                                                                                            
                       "Rows Removed by Join Filter": 162542193928,                                                                                                      
                       "Shared Hit Blocks": 20,                                                                                                                          
                       "Shared Read Blocks": 252567,                                                                                                                     
                       "Shared Dirtied Blocks": 0,                                                                                                                       
                       "Shared Written Blocks": 0,                                                                                                                       
                       "Local Hit Blocks": 0,                                                                                                                            
                       "Local Read Blocks": 0,                                                                                                                           
                       "Local Dirtied Blocks": 0,                                                                                                                        
                       "Local Written Blocks": 0,                                                                                                                        
                       "Temp Read Blocks": 0,                                                                                                                            
                       "Temp Written Blocks": 0,                                                                                                                         
                       "Plans": [                                                                                                                                        
                         {                                                                                                                                               
                           "Node Type": "Seq Scan",                                                                                                                      
                           "Parent Relationship": "Outer",                                                                                                               
                           "Parallel Aware": false,                                                                                                                      
                           "Relation Name": "movie_keyword",                                                                                                             
                           "Alias": "mk",                                                                                                                                
                           "Startup Cost": 0.00,                                                                                                                         
                           "Total Cost": 1079.84,                                                                                                                        
                           "Plan Rows": 4523930,                                                                                                                         
                           "Plan Width": 8,                                                                                                                              
                           "Actual Startup Time": 0.011,                                                                                                                 
                           "Actual Total Time": 1465.245,                                                                                                                
                           "Actual Rows": 4523930,                                                                                                                       
                           "Actual Loops": 1,                                                                                                                            
                           "Shared Hit Blocks": 3,                                                                                                                       
                           "Shared Read Blocks": 24451,                                                                                                                  
                           "Shared Dirtied Blocks": 0,                                                                                                                   
                           "Shared Written Blocks": 0,                                                                                                                   
                           "Local Hit Blocks": 0,                                                                                                                        
                           "Local Read Blocks": 0,                                                                                                                       
                           "Local Dirtied Blocks": 0,                                                                                                                    
                           "Local Written Blocks": 0,                                                                                                                    
                           "Temp Read Blocks": 0,                                                                                                                        
                           "Temp Written Blocks": 0                                                                                                                      
                         },                                                                                                                                              
                         {                                                                                                                                               
                           "Node Type": "Materialize",                                                                                                                   
                           "Parent Relationship": "Inner",                                                                                                               
                           "Parallel Aware": false,                                                                                                                      
                           "Startup Cost": 14386.18,                                                                                                                     
                           "Total Cost": 17084.93,                                                                                                                       
                           "Plan Rows": 1,                                                                                                                               
                           "Plan Width": 62,                                                                                                                             
                           "Actual Startup Time": 0.003,                                                                                                                 
                           "Actual Total Time": 4.834,                                                                                                                   
                           "Actual Rows": 35930,                                                                                                                         
                           "Actual Loops": 4523930,                                                                                                                      
                           "Shared Hit Blocks": 17,                                                                                                                      
                           "Shared Read Blocks": 228116,                                                                                                                 
                           "Shared Dirtied Blocks": 0,                                                                                                                   
                           "Shared Written Blocks": 0,                                                                                                                   
                           "Local Hit Blocks": 0,                                                                                                                        
                           "Local Read Blocks": 0,                                                                                                                       
                           "Local Dirtied Blocks": 0,                                                                                                                    
                           "Local Written Blocks": 0,                                                                                                                    
                           "Temp Read Blocks": 0,                                                                                                                        
                           "Temp Written Blocks": 0,                                                                                                                     
                           "Plans": [                                                                                                                                    
                             {                                                                                                                                           
                               "Node Type": "Nested Loop",                                                                                                               
                               "Parent Relationship": "Outer",                                                                                                           
                               "Parallel Aware": false,                                                                                                                  
                               "Join Type": "Inner",                                                                                                                     
                               "Startup Cost": 14386.18,                                                                                                                 
                               "Total Cost": 17084.93,                                                                                                                   
                               "Plan Rows": 1,                                                                                                                           
                               "Plan Width": 62,                                                                                                                         
                               "Actual Startup Time": 13800.074,                                                                                                         
                               "Actual Total Time": 14561161.110,                                                                                                        
                               "Actual Rows": 35930,                                                                                                                     
                               "Actual Loops": 1,                                                                                                                        
                               "Inner Unique": false,                                                                                                                    
                               "Join Filter": "(t.id = mi.movie_id)",                                                                                                    
                               "Rows Removed by Join Filter": 95936863133,                                                                                               
                               "Shared Hit Blocks": 17,                                                                                                                  
                               "Shared Read Blocks": 228116,                                                                                                             
                               "Shared Dirtied Blocks": 0,                                                                                                               
                               "Shared Written Blocks": 0,                                                                                                               
                               "Local Hit Blocks": 0,                                                                                                                    
                               "Local Read Blocks": 0,                                                                                                                   
                               "Local Dirtied Blocks": 0,                                                                                                                
                               "Local Written Blocks": 0,                                                                                                                
                               "Temp Read Blocks": 0,                                                                                                                    
                               "Temp Written Blocks": 0,                                                                                                                 
                               "Plans": [                                                                                                                                
                                 {                                                                                                                                       
                                   "Node Type": "Nested Loop",                                                                                                           
                                   "Parent Relationship": "Outer",                                                                                                       
                                   "Parallel Aware": false,                                                                                                              
                                   "Join Type": "Inner",                                                                                                                 
                                   "Startup Cost": 14386.18,                                                                                                             
                                   "Total Cost": 14804.43,                                                                                                               
                                   "Plan Rows": 5,                                                                                                                       
                                   "Plan Width": 41,                                                                                                                     
                                   "Actual Startup Time": 10872.831,                                                                                                     
                                   "Actual Total Time": 709739.272,                                                                                                      
                                   "Actual Rows": 107407,                                                                                                                
                                   "Actual Loops": 1,                                                                                                                    
                                   "Inner Unique": true,                                                                                                                 
                                   "Join Filter": "(mc.company_id = cn.id)",                                                                                             
                                   "Rows Removed by Join Filter": 4724224622,                                                                                            
                                   "Shared Hit Blocks": 15,                                                                                                              
                                   "Shared Read Blocks": 192119,                                                                                                         
                                   "Shared Dirtied Blocks": 0,                                                                                                           
                                   "Shared Written Blocks": 0,                                                                                                           
                                   "Local Hit Blocks": 0,                                                                                                                
                                   "Local Read Blocks": 0,                                                                                                               
                                   "Local Dirtied Blocks": 0,                                                                                                            
                                   "Local Written Blocks": 0,                                                                                                            
                                   "Temp Read Blocks": 0,                                                                                                                
                                   "Temp Written Blocks": 0,                                                                                                             
                                   "Plans": [                                                                                                                            
                                     {                                                                                                                                   
                                       "Node Type": "Merge Join",                                                                                                        
                                       "Parent Relationship": "Outer",                                                                                                   
                                       "Parallel Aware": false,                                                                                                          
                                       "Join Type": "Inner",                                                                                                             
                                       "Startup Cost": 14386.18,                                                                                                         
                                       "Total Cost": 14411.26,                                                                                                           
                                       "Plan Rows": 9,                                                                                                                   
                                       "Plan Width": 26,                                                                                                                 
                                       "Actual Startup Time": 10718.865,                                                                                                 
                                       "Actual Total Time": 11404.741,                                                                                                   
                                       "Actual Rows": 128275,                                                                                                            
                                       "Actual Loops": 1,                                                                                                                
                                       "Inner Unique": false,                                                                                                            
                                       "Merge Cond": "(mi.movie_id = mc.movie_id)",                                                                                      
                                       "Shared Hit Blocks": 13,                                                                                                          
                                       "Shared Read Blocks": 189127,                                                                                                     
                                       "Shared Dirtied Blocks": 0,                                                                                                       
                                       "Shared Written Blocks": 0,                                                                                                       
                                       "Local Hit Blocks": 0,                                                                                                            
                                       "Local Read Blocks": 0,                                                                                                           
                                       "Local Dirtied Blocks": 0,                                                                                                        
                                       "Local Written Blocks": 0,                                                                                                        
                                       "Temp Read Blocks": 0,                                                                                                            
                                       "Temp Written Blocks": 0,                                                                                                         
                                       "Plans": [                                                                                                                        
                                         {                                                                                                                               
                                           "Node Type": "Merge Join",                                                                                                    
                                           "Parent Relationship": "Outer",                                                                                               
                                           "Parallel Aware": false,                                                                                                      
                                           "Join Type": "Inner",                                                                                                         
                                           "Startup Cost": 12830.26,                                                                                                     
                                           "Total Cost": 12833.09,                                                                                                       
                                           "Plan Rows": 48,                                                                                                              
                                           "Plan Width": 14,                                                                                                             
                                           "Actual Startup Time": 9643.994,                                                                                              
                                           "Actual Total Time": 10039.304,                                                                                               
                                           "Actual Rows": 213233,                                                                                                        
                                           "Actual Loops": 1,                                                                                                            
                                           "Inner Unique": false,                                                                                                        
                                           "Merge Cond": "(mi.movie_id = mi_idx.movie_id)",                                                                              
                                           "Shared Hit Blocks": 10,                                                                                                      
                                           "Shared Read Blocks": 170341,                                                                                                 
                                           "Shared Dirtied Blocks": 0,                                                                                                   
                                           "Shared Written Blocks": 0,                                                                                                   
                                           "Local Hit Blocks": 0,                                                                                                        
                                           "Local Read Blocks": 0,                                                                                                       
                                           "Local Dirtied Blocks": 0,                                                                                                    
                                           "Local Written Blocks": 0,                                                                                                    
                                           "Temp Read Blocks": 0,                                                                                                        
                                           "Temp Written Blocks": 0,                                                                                                     
                                           "Plans": [                                                                                                                    
                                             {                                                                                                                           
                                               "Node Type": "Sort",                                                                                                      
                                               "Parent Relationship": "Outer",                                                                                           
                                               "Parallel Aware": false,                                                                                                  
                                               "Startup Cost": 12035.99,                                                                                                 
                                               "Total Cost": 12036.48,                                                                                                   
                                               "Plan Rows": 6329,                                                                                                        
                                               "Plan Width": 4,                                                                                                          
                                               "Actual Startup Time": 8699.406,                                                                                          
                                               "Actual Total Time": 8764.355,                                                                                            
                                               "Actual Rows": 614218,                                                                                                    
                                               "Actual Loops": 1,                                                                                                        
                                               "Sort Key": ["mi.movie_id"],                                                                                              
                                               "Sort Method": "quicksort",                                                                                               
                                               "Sort Space Used": 53370,                                                                                                 
                                               "Sort Space Type": "Memory",                                                                                              
                                               "Shared Hit Blocks": 7,                                                                                                   
                                               "Shared Read Blocks": 161890,                                                                                             
                                               "Shared Dirtied Blocks": 0,                                                                                               
                                               "Shared Written Blocks": 0,                                                                                               
                                               "Local Hit Blocks": 0,                                                                                                    
                                               "Local Read Blocks": 0,                                                                                                   
                                               "Local Dirtied Blocks": 0,                                                                                                
                                               "Local Written Blocks": 0,                                                                                                
                                               "Temp Read Blocks": 0,                                                                                                    
                                               "Temp Written Blocks": 0,                                                                                                 
                                               "Plans": [                                                                                                                
                                                 {                                                                                                                       
                                                   "Node Type": "Nested Loop",                                                                                           
                                                   "Parent Relationship": "Outer",                                                                                       
                                                   "Parallel Aware": false,                                                                                              
                                                   "Join Type": "Inner",                                                                                                 
                                                   "Startup Cost": 0.00,                                                                                                 
                                                   "Total Cost": 12023.58,                                                                                               
                                                   "Plan Rows": 6329,                                                                                                    
                                                   "Plan Width": 4,                                                                                                      
                                                   "Actual Startup Time": 7148.074,                                                                                      
                                                   "Actual Total Time": 8481.087,                                                                                        
                                                   "Actual Rows": 614251,                                                                                                
                                                   "Actual Loops": 1,                                                                                                    
                                                   "Inner Unique": true,                                                                                                 
                                                   "Join Filter": "(it.id = mi.info_type_id)",                                                                          
                                                   "Rows Removed by Join Filter": 101959,                                                                                
                                                   "Shared Hit Blocks": 3,                                                                                               
                                                   "Shared Read Blocks": 161890,                                                                                         
                                                   "Shared Dirtied Blocks": 0,                                                                                           
                                                   "Shared Written Blocks": 0,                                                                                           
                                                   "Local Hit Blocks": 0,                                                                                                
                                                   "Local Read Blocks": 0,                                                                                               
                                                   "Local Dirtied Blocks": 0,                                                                                            
                                                   "Local Written Blocks": 0,                                                                                            
                                                   "Temp Read Blocks": 0,                                                                                                
                                                   "Temp Written Blocks": 0,                                                                                             
                                                   "Plans": [                                                                                                            
                                                     {                                                                                                                   
                                                       "Node Type": "Seq Scan",                                                                                          
                                                       "Parent Relationship": "Outer",                                                                                   
                                                       "Parallel Aware": false,                                                                                          
                                                       "Relation Name": "movie_info",                                                                                    
                                                       "Alias": "mi",                                                                                                    
                                                       "Startup Cost": 0.00,                                                                                             
                                                       "Total Cost": 11863.04,                                                                                           
                                                       "Plan Rows": 715132,                                                                                              
                                                       "Plan Width": 8,                                                                                                  
                                                       "Actual Startup Time": 31.798,                                                                                    
                                                       "Actual Total Time": 8259.932,                                                                                    
                                                       "Actual Rows": 716210,                                                                                            
                                                       "Actual Loops": 1,                                                                                                
                                                       "Filter": "(info = ANY ('{Sweden,Norway,Germany,Denmark,Swedish,Danish,Norwegian,German,USA,American}'::text[]))",
                                                       "Rows Removed by Filter": 14119510,                                                                               
                                                       "Shared Hit Blocks": 2,                                                                                           
                                                       "Shared Read Blocks": 161890,                                                                                     
                                                       "Shared Dirtied Blocks": 0,                                                                                       
                                                       "Shared Written Blocks": 0,                                                                                       
                                                       "Local Hit Blocks": 0,                                                                                            
                                                       "Local Read Blocks": 0,                                                                                           
                                                       "Local Dirtied Blocks": 0,                                                                                        
                                                       "Local Written Blocks": 0,                                                                                        
                                                       "Temp Read Blocks": 0,                                                                                            
                                                       "Temp Written Blocks": 0                                                                                          
                                                     },                                                                                                                  
                                                     {                                                                                                                   
                                                       "Node Type": "Materialize",                                                                                       
                                                       "Parent Relationship": "Inner",                                                                                   
                                                       "Parallel Aware": false,                                                                                          
                                                       "Startup Cost": 0.00,                                                                                             
                                                       "Total Cost": 0.05,                                                                                               
                                                       "Plan Rows": 1,                                                                                                   
                                                       "Plan Width": 4,                                                                                                  
                                                       "Actual Startup Time": 0.000,                                                                                     
                                                       "Actual Total Time": 0.000,                                                                                       
                                                       "Actual Rows": 1,                                                                                                 
                                                       "Actual Loops": 716210,                                                                                           
                                                       "Shared Hit Blocks": 1,                                                                                           
                                                       "Shared Read Blocks": 0,                                                                                          
                                                       "Shared Dirtied Blocks": 0,                                                                                       
                                                       "Shared Written Blocks": 0,                                                                                       
                                                       "Local Hit Blocks": 0,                                                                                            
                                                       "Local Read Blocks": 0,                                                                                           
                                                       "Local Dirtied Blocks": 0,                                                                                        
                                                       "Local Written Blocks": 0,                                                                                        
                                                       "Temp Read Blocks": 0,                                                                                            
                                                       "Temp Written Blocks": 0,                                                                                         
                                                       "Plans": [                                                                                                        
                                                         {                                                                                                               
                                                           "Node Type": "Seq Scan",                                                                                      
                                                           "Parent Relationship": "Outer",                                                                               
                                                           "Parallel Aware": false,                                                                                      
                                                           "Relation Name": "info_type",                                                                                 
                                                           "Alias": "it",                                                                                               
                                                           "Startup Cost": 0.00,                                                                                         
                                                           "Total Cost": 0.05,                                                                                           
                                                           "Plan Rows": 1,                                                                                               
                                                           "Plan Width": 4,                                                                                              
                                                           "Actual Startup Time": 0.018,                                                                                 
                                                           "Actual Total Time": 0.055,                                                                                   
                                                           "Actual Rows": 1,                                                                                             
                                                           "Actual Loops": 1,                                                                                            
                                                           "Filter": "((info)::text = 'countries'::text)",                                                               
                                                           "Rows Removed by Filter": 112,                                                                                
                                                           "Shared Hit Blocks": 1,                                                                                       
                                                           "Shared Read Blocks": 0,                                                                                      
                                                           "Shared Dirtied Blocks": 0,                                                                                   
                                                           "Shared Written Blocks": 0,                                                                                   
                                                           "Local Hit Blocks": 0,                                                                                        
                                                           "Local Read Blocks": 0,                                                                                       
                                                           "Local Dirtied Blocks": 0,                                                                                    
                                                           "Local Written Blocks": 0,                                                                                    
                                                           "Temp Read Blocks": 0,                                                                                        
                                                           "Temp Written Blocks": 0                                                                                      
                                                         }                                                                                                               
                                                       ]                                                                                                                 
                                                     }                                                                                                                   
                                                   ]                                                                                                                     
                                                 }                                                                                                                       
                                               ]                                                                                                                         
                                             },                                                                                                                          
                                             {                                                                                                                           
                                               "Node Type": "Sort",                                                                                                      
                                               "Parent Relationship": "Inner",                                                                                           
                                               "Parallel Aware": false,                                                                                                  
                                               "Startup Cost": 794.27,                                                                                                   
                                               "Total Cost": 795.20,                                                                                                     
                                               "Plan Rows": 11890,                                                                                                       
                                               "Plan Width": 10,                                                                                                         
                                               "Actual Startup Time": 944.576,                                                                                           
                                               "Actual Total Time": 999.677,                                                                                             
                                               "Actual Rows": 457668,                                                                                                    
                                               "Actual Loops": 1,                                                                                                        
                                               "Sort Key": ["mi_idx.movie_id"],                                                                                          
                                               "Sort Method": "quicksort",                                                                                               
                                               "Sort Space Used": 33581,                                                                                                 
                                               "Sort Space Type": "Memory",                                                                                              
                                               "Shared Hit Blocks": 3,                                                                                                   
                                               "Shared Read Blocks": 8451,                                                                                               
                                               "Shared Dirtied Blocks": 0,                                                                                               
                                               "Shared Written Blocks": 0,                                                                                               
                                               "Local Hit Blocks": 0,                                                                                                    
                                               "Local Read Blocks": 0,                                                                                                   
                                               "Local Dirtied Blocks": 0,                                                                                                
                                               "Local Written Blocks": 0,                                                                                                
                                               "Temp Read Blocks": 0,                                                                                                    
                                               "Temp Written Blocks": 0,                                                                                                 
                                               "Plans": [                                                                                                                
                                                 {                                                                                                                       
                                                   "Node Type": "Nested Loop",                                                                                           
                                                   "Parent Relationship": "Outer",                                                                                       
                                                   "Parallel Aware": false,                                                                                              
                                                   "Join Type": "Inner",                                                                                                 
                                                   "Startup Cost": 0.00,                                                                                                 
                                                   "Total Cost": 769.28,                                                                                                 
                                                   "Plan Rows": 11890,                                                                                                   
                                                   "Plan Width": 10,                                                                                                     
                                                   "Actual Startup Time": 0.055,                                                                                         
                                                   "Actual Total Time": 779.531,                                                                                         
                                                   "Actual Rows": 454230,                                                                                                
                                                   "Actual Loops": 1,                                                                                                    
                                                   "Inner Unique": true,                                                                                                 
                                                   "Join Filter": "(it.id = mi_idx.info_type_id)",                                                                      
                                                   "Rows Removed by Join Filter": 889325,                                                                                
                                                   "Shared Hit Blocks": 3,                                                                                               
                                                   "Shared Read Blocks": 8451,                                                                                           
                                                   "Shared Dirtied Blocks": 0,                                                                                           
                                                   "Shared Written Blocks": 0,                                                                                           
                                                   "Local Hit Blocks": 0,                                                                                                
                                                   "Local Read Blocks": 0,                                                                                               
                                                   "Local Dirtied Blocks": 0,                                                                                            
                                                   "Local Written Blocks": 0,                                                                                            
                                                   "Temp Read Blocks": 0,                                                                                                
                                                   "Temp Written Blocks": 0,                                                                                             
                                                   "Plans": [                                                                                                            
                                                     {                                                                                                                   
                                                       "Node Type": "Seq Scan",                                                                                          
                                                       "Parent Relationship": "Outer",                                                                                   
                                                       "Parallel Aware": false,                                                                                          
                                                       "Relation Name": "movie_info_idx",                                                                                
                                                       "Alias": "mi_idx",                                                                                                
                                                       "Startup Cost": 0.00,                                                                                             
                                                       "Total Cost": 467.71,                                                                                             
                                                       "Plan Rows": 1343551,                                                                                             
                                                       "Plan Width": 14,                                                                                                 
                                                       "Actual Startup Time": 0.022,                                                                                     
                                                       "Actual Total Time": 340.671,                                                                                     
                                                       "Actual Rows": 1343555,                                                                                           
                                                       "Actual Loops": 1,                                                                                                
                                                       "Filter": "(info < '8.5'::text)",                                                                                 
                                                       "Rows Removed by Filter": 36480,                                                                                  
                                                       "Shared Hit Blocks": 2,                                                                                           
                                                       "Shared Read Blocks": 8451,                                                                                       
                                                       "Shared Dirtied Blocks": 0,                                                                                       
                                                       "Shared Written Blocks": 0,                                                                                       
                                                       "Local Hit Blocks": 0,                                                                                            
                                                       "Local Read Blocks": 0,                                                                                           
                                                       "Local Dirtied Blocks": 0,                                                                                        
                                                       "Local Written Blocks": 0,                                                                                        
                                                       "Temp Read Blocks": 0,                                                                                            
                                                       "Temp Written Blocks": 0                                                                                          
                                                     },                                                                                                                  
                                                     {                                                                                                                   
                                                       "Node Type": "Materialize",                                                                                       
                                                       "Parent Relationship": "Inner",                                                                                   
                                                       "Parallel Aware": false,                                                                                          
                                                       "Startup Cost": 0.00,                                                                                             
                                                       "Total Cost": 0.05,                                                                                               
                                                       "Plan Rows": 1,                                                                                                   
                                                       "Plan Width": 4,                                                                                                  
                                                       "Actual Startup Time": 0.000,                                                                                     
                                                       "Actual Total Time": 0.000,                                                                                       
                                                       "Actual Rows": 1,                                                                                                 
                                                       "Actual Loops": 1343555,                                                                                          
                                                       "Shared Hit Blocks": 1,                                                                                           
                                                       "Shared Read Blocks": 0,                                                                                          
                                                       "Shared Dirtied Blocks": 0,                                                                                       
                                                       "Shared Written Blocks": 0,                                                                                       
                                                       "Local Hit Blocks": 0,                                                                                            
                                                       "Local Read Blocks": 0,                                                                                           
                                                       "Local Dirtied Blocks": 0,                                                                                        
                                                       "Local Written Blocks": 0,                                                                                        
                                                       "Temp Read Blocks": 0,                                                                                            
                                                       "Temp Written Blocks": 0,                                                                                         
                                                       "Plans": [                                                                                                        
                                                         {                                                                                                               
                                                           "Node Type": "Seq Scan",                                                                                      
                                                           "Parent Relationship": "Outer",                                                                               
                                                           "Parallel Aware": false,                                                                                      
                                                           "Relation Name": "info_type",                                                                                 
                                                           "Alias": "it",                                                                                               
                                                           "Startup Cost": 0.00,                                                                                         
                                                           "Total Cost": 0.05,                                                                                           
                                                           "Plan Rows": 1,                                                                                               
                                                           "Plan Width": 4,                                                                                              
                                                           "Actual Startup Time": 0.017,                                                                                 
                                                           "Actual Total Time": 0.020,                                                                                   
                                                           "Actual Rows": 1,                                                                                             
                                                           "Actual Loops": 1,                                                                                            
                                                           "Filter": "((info)::text = 'rating'::text)",                                                                  
                                                           "Rows Removed by Filter": 112,                                                                                
                                                           "Shared Hit Blocks": 1,                                                                                       
                                                           "Shared Read Blocks": 0,                                                                                      
                                                           "Shared Dirtied Blocks": 0,                                                                                   
                                                           "Shared Written Blocks": 0,                                                                                   
                                                           "Local Hit Blocks": 0,                                                                                        
                                                           "Local Read Blocks": 0,                                                                                       
                                                           "Local Dirtied Blocks": 0,                                                                                    
                                                           "Local Written Blocks": 0,                                                                                    
                                                           "Temp Read Blocks": 0,                                                                                        
                                                           "Temp Written Blocks": 0                                                                                      
                                                         }                                                                                                               
                                                       ]                                                                                                                 
                                                     }                                                                                                                   
                                                   ]                                                                                                                     
                                                 }                                                                                                                       
                                               ]                                                                                                                         
                                             }                                                                                                                           
                                           ]                                                                                                                             
                                         },                                                                                                                              
                                         {                                                                                                                               
                                           "Node Type": "Sort",                                                                                                          
                                           "Parent Relationship": "Inner",                                                                                               
                                           "Parallel Aware": false,                                                                                                      
                                           "Startup Cost": 1555.92,                                                                                                      
                                           "Total Cost": 1567.04,                                                                                                        
                                           "Plan Rows": 143259,                                                                                                          
                                           "Plan Width": 12,                                                                                                             
                                           "Actual Startup Time": 1074.860,                                                                                              
                                           "Actual Total Time": 1156.739,                                                                                                
                                           "Actual Rows": 313540,                                                                                                        
                                           "Actual Loops": 1,                                                                                                            
                                           "Sort Key": ["mc.movie_id"],                                                                                                  
                                           "Sort Method": "quicksort",                                                                                                   
                                           "Sort Space Used": 26504,                                                                                                     
                                           "Sort Space Type": "Memory",                                                                                                  
                                           "Shared Hit Blocks": 3,                                                                                                       
                                           "Shared Read Blocks": 18786,                                                                                                  
                                           "Shared Dirtied Blocks": 0,                                                                                                   
                                           "Shared Written Blocks": 0,                                                                                                   
                                           "Local Hit Blocks": 0,                                                                                                        
                                           "Local Read Blocks": 0,                                                                                                       
                                           "Local Dirtied Blocks": 0,                                                                                                    
                                           "Local Written Blocks": 0,                                                                                                    
                                           "Temp Read Blocks": 0,                                                                                                        
                                           "Temp Written Blocks": 0,                                                                                                     
                                           "Plans": [                                                                                                                    
                                             {                                                                                                                           
                                               "Node Type": "Seq Scan",                                                                                                  
                                               "Parent Relationship": "Outer",                                                                                           
                                               "Parallel Aware": false,                                                                                                  
                                               "Relation Name": "movie_companies",                                                                                       
                                               "Alias": "mc",                                                                                                            
                                               "Startup Cost": 0.00,                                                                                                     
                                               "Total Cost": 1174.90,                                                                                                    
                                               "Plan Rows": 143259,                                                                                                      
                                               "Plan Width": 12,                                                                                                         
                                               "Actual Startup Time": 0.015,                                                                                             
                                               "Actual Total Time": 961.390,                                                                                             
                                               "Actual Rows": 303271,                                                                                                    
                                               "Actual Loops": 1,                                                                                                        
                                               "Filter": "((note !~~ '%(USA)%'::text) AND (note ~~ '%(200%)%'::text))",                                                  
                                               "Rows Removed by Filter": 2305858,                                                                                        
                                               "Shared Hit Blocks": 3,                                                                                                   
                                               "Shared Read Blocks": 18786,                                                                                              
                                               "Shared Dirtied Blocks": 0,                                                                                               
                                               "Shared Written Blocks": 0,                                                                                               
                                               "Local Hit Blocks": 0,                                                                                                    
                                               "Local Read Blocks": 0,                                                                                                   
                                               "Local Dirtied Blocks": 0,                                                                                                
                                               "Local Written Blocks": 0,                                                                                                
                                               "Temp Read Blocks": 0,                                                                                                    
                                               "Temp Written Blocks": 0                                                                                                  
                                             }                                                                                                                           
                                           ]                                                                                                                             
                                         }                                                                                                                               
                                       ]                                                                                                                                 
                                     },                                                                                                                                  
                                     {                                                                                                                                   
                                       "Node Type": "Materialize",                                                                                                       
                                       "Parent Relationship": "Inner",                                                                                                   
                                       "Parallel Aware": false,                                                                                                          
                                       "Startup Cost": 0.00,                                                                                                             
                                       "Total Cost": 148.01,                                                                                                             
                                       "Plan Rows": 126230,                                                                                                              
                                       "Plan Width": 23,                                                                                                                 
                                       "Actual Startup Time": 0.000,                                                                                                     
                                       "Actual Total Time": 1.592,                                                                                                       
                                       "Actual Rows": 36830,                                                                                                             
                                       "Actual Loops": 128275,                                                                                                           
                                       "Shared Hit Blocks": 2,                                                                                                           
                                       "Shared Read Blocks": 2992,                                                                                                       
                                       "Shared Dirtied Blocks": 0,                                                                                                       
                                       "Shared Written Blocks": 0,                                                                                                       
                                       "Local Hit Blocks": 0,                                                                                                            
                                       "Local Read Blocks": 0,                                                                                                           
                                       "Local Dirtied Blocks": 0,                                                                                                        
                                       "Local Written Blocks": 0,                                                                                                        
                                       "Temp Read Blocks": 0,                                                                                                            
                                       "Temp Written Blocks": 0,                                                                                                         
                                       "Plans": [                                                                                                                        
                                         {                                                                                                                               
                                           "Node Type": "Seq Scan",                                                                                                      
                                           "Parent Relationship": "Outer",                                                                                               
                                           "Parallel Aware": false,                                                                                                      
                                           "Relation Name": "company_name",                                                                                              
                                           "Alias": "cn",                                                                                                                
                                           "Startup Cost": 0.00,                                                                                                         
                                           "Total Cost": 128.41,                                                                                                         
                                           "Plan Rows": 126230,                                                                                                          
                                           "Plan Width": 23,                                                                                                             
                                           "Actual Startup Time": 9.896,                                                                                                 
                                           "Actual Total Time": 94.486,                                                                                                  
                                           "Actual Rows": 126230,                                                                                                        
                                           "Actual Loops": 1,                                                                                                            
                                           "Filter": "((country_code)::text <> '[us]'::text)",                                                                           
                                           "Rows Removed by Filter": 108767,                                                                                             
                                           "Shared Hit Blocks": 2,                                                                                                       
                                           "Shared Read Blocks": 2992,                                                                                                   
                                           "Shared Dirtied Blocks": 0,                                                                                                   
                                           "Shared Written Blocks": 0,                                                                                                   
                                           "Local Hit Blocks": 0,                                                                                                        
                                           "Local Read Blocks": 0,                                                                                                       
                                           "Local Dirtied Blocks": 0,                                                                                                    
                                           "Local Written Blocks": 0,                                                                                                    
                                           "Temp Read Blocks": 0,                                                                                                        
                                           "Temp Written Blocks": 0                                                                                                      
                                         }                                                                                                                               
                                       ]                                                                                                                                 
                                     }                                                                                                                                   
                                   ]                                                                                                                                     
                                 },                                                                                                                                      
                                 {                                                                                                                                       
                                   "Node Type": "Materialize",                                                                                                           
                                   "Parent Relationship": "Inner",                                                                                                       
                                   "Parallel Aware": false,                                                                                                              
                                   "Startup Cost": 0.00,                                                                                                                 
                                   "Total Cost": 1978.22,                                                                                                                
                                   "Plan Rows": 289406,                                                                                                                  
                                   "Plan Width": 21,                                                                                                                     
                                   "Actual Startup Time": 0.000,                                                                                                         
                                   "Actual Total Time": 39.461,                                                                                                          
                                   "Actual Rows": 893209,                                                                                                                
                                   "Actual Loops": 107407,                                                                                                               
                                   "Shared Hit Blocks": 2,                                                                                                               
                                   "Shared Read Blocks": 35997,                                                                                                          
                                   "Shared Dirtied Blocks": 0,                                                                                                           
                                   "Shared Written Blocks": 0,                                                                                                           
                                   "Local Hit Blocks": 0,                                                                                                                
                                   "Local Read Blocks": 0,                                                                                                               
                                   "Local Dirtied Blocks": 0,                                                                                                            
                                   "Local Written Blocks": 0,                                                                                                            
                                   "Temp Read Blocks": 0,                                                                                                                
                                   "Temp Written Blocks": 0,                                                                                                             
                                   "Plans": [                                                                                                                            
                                     {                                                                                                                                   
                                       "Node Type": "Nested Loop",                                                                                                       
                                       "Parent Relationship": "Outer",                                                                                                   
                                       "Parallel Aware": false,                                                                                                          
                                       "Join Type": "Inner",                                                                                                             
                                       "Startup Cost": 0.00,                                                                                                             
                                       "Total Cost": 1933.28,                                                                                                            
                                       "Plan Rows": 289406,                                                                                                              
                                       "Plan Width": 21,                                                                                                                 
                                       "Actual Startup Time": 6.274,                                                                                                     
                                       "Actual Total Time": 1382.286,                                                                                                    
                                       "Actual Rows": 893209,                                                                                                            
                                       "Actual Loops": 1,                                                                                                                
                                       "Inner Unique": true,                                                                                                             
                                       "Join Filter": "(kt.id = t.kind_id)",                                                                                             
                                       "Rows Removed by Join Filter": 916349,                                                                                            
                                       "Shared Hit Blocks": 2,                                                                                                           
                                       "Shared Read Blocks": 35997,                                                                                                      
                                       "Shared Dirtied Blocks": 0,                                                                                                       
                                       "Shared Written Blocks": 0,                                                                                                       
                                       "Local Hit Blocks": 0,                                                                                                            
                                       "Local Read Blocks": 0,                                                                                                           
                                       "Local Dirtied Blocks": 0,                                                                                                        
                                       "Local Written Blocks": 0,                                                                                                        
                                       "Temp Read Blocks": 0,                                                                                                            
                                       "Temp Written Blocks": 0,                                                                                                         
                                       "Plans": [                                                                                                                        
                                         {                                                                                                                               
                                           "Node Type": "Seq Scan",                                                                                                      
                                           "Parent Relationship": "Outer",                                                                                               
                                           "Parallel Aware": false,                                                                                                      
                                           "Relation Name": "title",                                                                                                     
                                           "Alias": "t",                                                                                                                 
                                           "Startup Cost": 0.00,                                                                                                         
                                           "Total Cost": 1500.26,                                                                                                        
                                           "Plan Rows": 1012920,                                                                                                         
                                           "Plan Width": 25,                                                                                                             
                                           "Actual Startup Time": 6.256,                                                                                                 
                                           "Actual Total Time": 862.591,                                                                                                 
                                           "Actual Rows": 1012920,                                                                                                       
                                           "Actual Loops": 1,                                                                                                            
                                           "Filter": "(production_year > 2005)",                                                                                         
                                           "Rows Removed by Filter": 1515392,                                                                                            
                                           "Shared Hit Blocks": 1,                                                                                                       
                                           "Shared Read Blocks": 35997,                                                                                                  
                                           "Shared Dirtied Blocks": 0,                                                                                                   
                                           "Shared Written Blocks": 0,                                                                                                   
                                           "Local Hit Blocks": 0,                                                                                                        
                                           "Local Read Blocks": 0,                                                                                                       
                                           "Local Dirtied Blocks": 0,                                                                                                    
                                           "Local Written Blocks": 0,                                                                                                    
                                           "Temp Read Blocks": 0,                                                                                                        
                                           "Temp Written Blocks": 0                                                                                                      
                                         },                                                                                                                              
                                         {                                                                                                                               
                                           "Node Type": "Materialize",                                                                                                   
                                           "Parent Relationship": "Inner",                                                                                               
                                           "Parallel Aware": false,                                                                                                      
                                           "Startup Cost": 0.00,                                                                                                         
                                           "Total Cost": 0.03,                                                                                                           
                                           "Plan Rows": 2,                                                                                                               
                                           "Plan Width": 4,                                                                                                              
                                           "Actual Startup Time": 0.000,                                                                                                 
                                           "Actual Total Time": 0.000,                                                                                                   
                                           "Actual Rows": 2,                                                                                                             
                                           "Actual Loops": 1012920,                                                                                                      
                                           "Shared Hit Blocks": 1,                                                                                                       
                                           "Shared Read Blocks": 0,                                                                                                      
                                           "Shared Dirtied Blocks": 0,                                                                                                   
                                           "Shared Written Blocks": 0,                                                                                                   
                                           "Local Hit Blocks": 0,                                                                                                        
                                           "Local Read Blocks": 0,                                                                                                       
                                           "Local Dirtied Blocks": 0,                                                                                                    
                                           "Local Written Blocks": 0,                                                                                                    
                                           "Temp Read Blocks": 0,                                                                                                        
                                           "Temp Written Blocks": 0,                                                                                                     
                                           "Plans": [                                                                                                                    
                                             {                                                                                                                           
                                               "Node Type": "Seq Scan",                                                                                                  
                                               "Parent Relationship": "Outer",                                                                                           
                                               "Parallel Aware": false,                                                                                                  
                                               "Relation Name": "kind_type",                                                                                             
                                               "Alias": "kt",                                                                                                            
                                               "Startup Cost": 0.00,                                                                                                     
                                               "Total Cost": 0.03,                                                                                                       
                                               "Plan Rows": 2,                                                                                                           
                                               "Plan Width": 4,                                                                                                          
                                               "Actual Startup Time": 0.010,                                                                                             
                                               "Actual Total Time": 0.013,                                                                                               
                                               "Actual Rows": 2,                                                                                                         
                                               "Actual Loops": 1,                                                                                                        
                                               "Filter": "((kind)::text = ANY ('{movie,episode}'::text[]))",                                                             
                                               "Rows Removed by Filter": 5,                                                                                              
                                               "Shared Hit Blocks": 1,                                                                                                   
                                               "Shared Read Blocks": 0,                                                                                                  
                                               "Shared Dirtied Blocks": 0,                                                                                               
                                               "Shared Written Blocks": 0,                                                                                               
                                               "Local Hit Blocks": 0,                                                                                                    
                                               "Local Read Blocks": 0,                                                                                                   
                                               "Local Dirtied Blocks": 0,                                                                                                
                                               "Local Written Blocks": 0,                                                                                                
                                               "Temp Read Blocks": 0,                                                                                                    
                                               "Temp Written Blocks": 0                                                                                                  
                                             }                                                                                                                           
                                           ]                                                                                                                             
                                         }                                                                                                                               
                                       ]                                                                                                                                 
                                     }                                                                                                                                   
                                   ]                                                                                                                                     
                                 }                                                                                                                                       
                               ]                                                                                                                                         
                             }                                                                                                                                           
                           ]                                                                                                                                             
                         }                                                                                                                                               
                       ]                                                                                                                                                 
                     },                                                                                                                                                  
                     {                                                                                                                                                   
                       "Node Type": "Materialize",                                                                                                                       
                       "Parent Relationship": "Inner",                                                                                                                   
                       "Parallel Aware": false,                                                                                                                          
                       "Startup Cost": 0.00,                                                                                                                             
                       "Total Cost": 59.88,                                                                                                                              
                       "Plan Rows": 4,                                                                                                                                   
                       "Plan Width": 4,                                                                                                                                  
                       "Actual Startup Time": 0.000,                                                                                                                     
                       "Actual Total Time": 0.000,                                                                                                                       
                       "Actual Rows": 3,                                                                                                                                 
                       "Actual Loops": 2610972,                                                                                                                          
                       "Shared Hit Blocks": 2,                                                                                                                           
                       "Shared Read Blocks": 947,                                                                                                                        
                       "Shared Dirtied Blocks": 0,                                                                                                                       
                       "Shared Written Blocks": 0,                                                                                                                       
                       "Local Hit Blocks": 0,                                                                                                                            
                       "Local Read Blocks": 0,                                                                                                                           
                       "Local Dirtied Blocks": 0,                                                                                                                        
                       "Local Written Blocks": 0,                                                                                                                        
                       "Temp Read Blocks": 0,                                                                                                                            
                       "Temp Written Blocks": 0,                                                                                                                         
                       "Plans": [                                                                                                                                        
                         {                                                                                                                                               
                           "Node Type": "Seq Scan",                                                                                                                      
                           "Parent Relationship": "Outer",                                                                                                               
                           "Parallel Aware": false,                                                                                                                      
                           "Relation Name": "keyword",                                                                                                                   
                           "Alias": "k",                                                                                                                                 
                           "Startup Cost": 0.00,                                                                                                                         
                           "Total Cost": 59.88,                                                                                                                          
                           "Plan Rows": 4,                                                                                                                               
                           "Plan Width": 4,                                                                                                                              
                           "Actual Startup Time": 23.853,                                                                                                                
                           "Actual Total Time": 84.087,                                                                                                                  
                           "Actual Rows": 3,                                                                                                                             
                           "Actual Loops": 1,                                                                                                                            
                           "Filter": "(keyword = ANY ('{murder,murder-in-title,blood,violence}'::text[]))",                                                              
                           "Rows Removed by Filter": 134167,                                                                                                             
                           "Shared Hit Blocks": 2,                                                                                                                       
                           "Shared Read Blocks": 947,                                                                                                                    
                           "Shared Dirtied Blocks": 0,                                                                                                                   
                           "Shared Written Blocks": 0,                                                                                                                   
                           "Local Hit Blocks": 0,                                                                                                                        
                           "Local Read Blocks": 0,                                                                                                                       
                           "Local Dirtied Blocks": 0,                                                                                                                    
                           "Local Written Blocks": 0,                                                                                                                    
                           "Temp Read Blocks": 0,                                                                                                                        
                           "Temp Written Blocks": 0                                                                                                                      
                         }                                                                                                                                               
                       ]                                                                                                                                                 
                     }                                                                                                                                                   
                   ]                                                                                                                                                     
                 }                                                                                                                                                       
               ]                                                                                                                                                         
             }                                                                                                                                                           
           ]                                                                                                                                                             
         }                                                                                                                                                               
       ]                                                                                                                                                                 
     },                                                                                                                                                                  
     "Planning Time": 9432.965,                                                                                                                                          
     "Triggers": [                                                                                                                                                       
     ],                                                                                                                                                                  
     "Execution Time": 43749707.509                                                                                                                                      
   }                                                                                                                                                                     
 ]
