 [                                                                                                                                                                               
   {                                                                                                                                                                             
     "Plan": {                                                                                                                                                                   
       "Node Type": "Aggregate",                                                                                                                                                 
       "Strategy": "Plain",                                                                                                                                                      
       "Partial Mode": "Simple",                                                                                                                                                 
       "Parallel Aware": false,                                                                                                                                                  
       "Startup Cost": 21265.06,                                                                                                                                                 
       "Total Cost": 21265.06,                                                                                                                                                   
       "Plan Rows": 1,                                                                                                                                                           
       "Plan Width": 96,                                                                                                                                                         
       "Actual Startup Time": 38196325.277,                                                                                                                                      
       "Actual Total Time": 38196325.278,                                                                                                                                        
       "Actual Rows": 1,                                                                                                                                                         
       "Actual Loops": 1,                                                                                                                                                        
       "Shared Hit Blocks": 23,                                                                                                                                                  
       "Shared Read Blocks": 253514,                                                                                                                                             
       "Shared Dirtied Blocks": 0,                                                                                                                                               
       "Shared Written Blocks": 0,                                                                                                                                               
       "Local Hit Blocks": 0,                                                                                                                                                    
       "Local Read Blocks": 0,                                                                                                                                                   
       "Local Dirtied Blocks": 0,                                                                                                                                                
       "Local Written Blocks": 0,                                                                                                                                                
       "Temp Read Blocks": 0,                                                                                                                                                    
       "Temp Written Blocks": 0,                                                                                                                                                 
       "Plans": [                                                                                                                                                                
         {                                                                                                                                                                       
           "Node Type": "Nested Loop",                                                                                                                                           
           "Parent Relationship": "Outer",                                                                                                                                       
           "Parallel Aware": false,                                                                                                                                              
           "Join Type": "Inner",                                                                                                                                                 
           "Startup Cost": 5995.19,                                                                                                                                              
           "Total Cost": 21265.06,                                                                                                                                               
           "Plan Rows": 1,                                                                                                                                                       
           "Plan Width": 42,                                                                                                                                                     
           "Actual Startup Time": 30905399.689,                                                                                                                                  
           "Actual Total Time": 38196287.318,                                                                                                                                    
           "Actual Rows": 46281,                                                                                                                                                 
           "Actual Loops": 1,                                                                                                                                                    
           "Inner Unique": false,                                                                                                                                                
           "Join Filter": "(t.kind_id = kt.id)",                                                                                                                                 
           "Rows Removed by Join Filter": 53535,                                                                                                                                 
           "Shared Hit Blocks": 23,                                                                                                                                              
           "Shared Read Blocks": 253514,                                                                                                                                         
           "Shared Dirtied Blocks": 0,                                                                                                                                           
           "Shared Written Blocks": 0,                                                                                                                                           
           "Local Hit Blocks": 0,                                                                                                                                                
           "Local Read Blocks": 0,                                                                                                                                               
           "Local Dirtied Blocks": 0,                                                                                                                                            
           "Local Written Blocks": 0,                                                                                                                                            
           "Temp Read Blocks": 0,                                                                                                                                                
           "Temp Written Blocks": 0,                                                                                                                                             
           "Plans": [                                                                                                                                                            
             {                                                                                                                                                                   
               "Node Type": "Seq Scan",                                                                                                                                          
               "Parent Relationship": "Outer",                                                                                                                                   
               "Parallel Aware": false,                                                                                                                                          
               "Relation Name": "kind_type",                                                                                                                                     
               "Alias": "kt",                                                                                                                                                    
               "Startup Cost": 0.00,                                                                                                                                             
               "Total Cost": 0.03,                                                                                                                                               
               "Plan Rows": 2,                                                                                                                                                   
               "Plan Width": 4,                                                                                                                                                  
               "Actual Startup Time": 0.019,                                                                                                                                     
               "Actual Total Time": 0.024,                                                                                                                                       
               "Actual Rows": 2,                                                                                                                                                 
               "Actual Loops": 1,                                                                                                                                                
               "Filter": "((kind)::text = ANY ('{movie,episode}'::text[]))",                                                                                                     
               "Rows Removed by Filter": 5,                                                                                                                                      
               "Shared Hit Blocks": 1,                                                                                                                                           
               "Shared Read Blocks": 0,                                                                                                                                          
               "Shared Dirtied Blocks": 0,                                                                                                                                       
               "Shared Written Blocks": 0,                                                                                                                                       
               "Local Hit Blocks": 0,                                                                                                                                            
               "Local Read Blocks": 0,                                                                                                                                           
               "Local Dirtied Blocks": 0,                                                                                                                                        
               "Local Written Blocks": 0,                                                                                                                                        
               "Temp Read Blocks": 0,                                                                                                                                            
               "Temp Written Blocks": 0                                                                                                                                          
             },                                                                                                                                                                  
             {                                                                                                                                                                   
               "Node Type": "Materialize",                                                                                                                                       
               "Parent Relationship": "Inner",                                                                                                                                   
               "Parallel Aware": false,                                                                                                                                          
               "Startup Cost": 5995.19,                                                                                                                                          
               "Total Cost": 21265.03,                                                                                                                                           
               "Plan Rows": 1,                                                                                                                                                   
               "Plan Width": 46,                                                                                                                                                 
               "Actual Startup Time": 7494348.266,                                                                                                                               
               "Actual Total Time": 19098133.602,                                                                                                                                
               "Actual Rows": 49908,                                                                                                                                             
               "Actual Loops": 2,                                                                                                                                                
               "Shared Hit Blocks": 22,                                                                                                                                          
               "Shared Read Blocks": 253514,                                                                                                                                     
               "Shared Dirtied Blocks": 0,                                                                                                                                       
               "Shared Written Blocks": 0,                                                                                                                                       
               "Local Hit Blocks": 0,                                                                                                                                            
               "Local Read Blocks": 0,                                                                                                                                           
               "Local Dirtied Blocks": 0,                                                                                                                                        
               "Local Written Blocks": 0,                                                                                                                                        
               "Temp Read Blocks": 0,                                                                                                                                            
               "Temp Written Blocks": 0,                                                                                                                                         
               "Plans": [                                                                                                                                                        
                 {                                                                                                                                                               
                   "Node Type": "Nested Loop",                                                                                                                                   
                   "Parent Relationship": "Outer",                                                                                                                               
                   "Parallel Aware": false,                                                                                                                                      
                   "Join Type": "Inner",                                                                                                                                         
                   "Startup Cost": 5995.19,                                                                                                                                      
                   "Total Cost": 21265.03,                                                                                                                                       
                   "Plan Rows": 1,                                                                                                                                               
                   "Plan Width": 46,                                                                                                                                             
                   "Actual Startup Time": 14988696.522,                                                                                                                          
                   "Actual Total Time": 38196231.255,                                                                                                                            
                   "Actual Rows": 49908,                                                                                                                                         
                   "Actual Loops": 1,                                                                                                                                            
                   "Inner Unique": false,                                                                                                                                        
                   "Join Filter": "(mi.movie_id = t.id)",                                                                                                                        
                   "Rows Removed by Join Filter": 146602900452,                                                                                                                  
                   "Shared Hit Blocks": 22,                                                                                                                                      
                   "Shared Read Blocks": 253514,                                                                                                                                 
                   "Shared Dirtied Blocks": 0,                                                                                                                                   
                   "Shared Written Blocks": 0,                                                                                                                                   
                   "Local Hit Blocks": 0,                                                                                                                                        
                   "Local Read Blocks": 0,                                                                                                                                       
                   "Local Dirtied Blocks": 0,                                                                                                                                    
                   "Local Written Blocks": 0,                                                                                                                                    
                   "Temp Read Blocks": 0,                                                                                                                                        
                   "Temp Written Blocks": 0,                                                                                                                                     
                   "Plans": [                                                                                                                                                    
                     {                                                                                                                                                           
                       "Node Type": "Seq Scan",                                                                                                                                  
                       "Parent Relationship": "Outer",                                                                                                                           
                       "Parallel Aware": false,                                                                                                                                  
                       "Relation Name": "title",                                                                                                                                 
                       "Alias": "t",                                                                                                                                             
                       "Startup Cost": 0.00,                                                                                                                                     
                       "Total Cost": 1500.26,                                                                                                                                    
                       "Plan Rows": 1012920,                                                                                                                                     
                       "Plan Width": 25,                                                                                                                                         
                       "Actual Startup Time": 21.833,                                                                                                                            
                       "Actual Total Time": 2572.527,                                                                                                                            
                       "Actual Rows": 1012920,                                                                                                                                   
                       "Actual Loops": 1,                                                                                                                                        
                       "Filter": "(production_year > 2005)",                                                                                                                     
                       "Rows Removed by Filter": 1515392,                                                                                                                        
                       "Shared Hit Blocks": 1,                                                                                                                                   
                       "Shared Read Blocks": 35997,                                                                                                                              
                       "Shared Dirtied Blocks": 0,                                                                                                                               
                       "Shared Written Blocks": 0,                                                                                                                               
                       "Local Hit Blocks": 0,                                                                                                                                    
                       "Local Read Blocks": 0,                                                                                                                                   
                       "Local Dirtied Blocks": 0,                                                                                                                                
                       "Local Written Blocks": 0,                                                                                                                                
                       "Temp Read Blocks": 0,                                                                                                                                    
                       "Temp Written Blocks": 0                                                                                                                                  
                     },                                                                                                                                                          
                     {                                                                                                                                                           
                       "Node Type": "Materialize",                                                                                                                               
                       "Parent Relationship": "Inner",                                                                                                                           
                       "Parallel Aware": false,                                                                                                                                  
                       "Startup Cost": 5995.19,                                                                                                                                  
                       "Total Cost": 19537.45,                                                                                                                                   
                       "Plan Rows": 1,                                                                                                                                           
                       "Plan Width": 41,                                                                                                                                         
                       "Actual Startup Time": 10.114,                                                                                                                            
                       "Actual Total Time": 22.192,                                                                                                                              
                       "Actual Rows": 144733,                                                                                                                                    
                       "Actual Loops": 1012920,                                                                                                                                  
                       "Shared Hit Blocks": 21,                                                                                                                                  
                       "Shared Read Blocks": 217517,                                                                                                                             
                       "Shared Dirtied Blocks": 0,                                                                                                                               
                       "Shared Written Blocks": 0,                                                                                                                               
                       "Local Hit Blocks": 0,                                                                                                                                    
                       "Local Read Blocks": 0,                                                                                                                                   
                       "Local Dirtied Blocks": 0,                                                                                                                                
                       "Local Written Blocks": 0,                                                                                                                                
                       "Temp Read Blocks": 0,                                                                                                                                    
                       "Temp Written Blocks": 0,                                                                                                                                 
                       "Plans": [                                                                                                                                                
                         {                                                                                                                                                       
                           "Node Type": "Nested Loop",                                                                                                                           
                           "Parent Relationship": "Outer",                                                                                                                       
                           "Parallel Aware": false,                                                                                                                              
                           "Join Type": "Inner",                                                                                                                                 
                           "Startup Cost": 5995.19,                                                                                                                              
                           "Total Cost": 19537.45,                                                                                                                               
                           "Plan Rows": 1,                                                                                                                                       
                           "Plan Width": 41,                                                                                                                                     
                           "Actual Startup Time": 10244582.162,                                                                                                                  
                           "Actual Total Time": 14982331.485,                                                                                                                    
                           "Actual Rows": 144733,                                                                                                                                
                           "Actual Loops": 1,                                                                                                                                    
                           "Inner Unique": false,                                                                                                                                
                           "Join Filter": "(mc.company_type_id = ct.id)",                                                                                                        
                           "Rows Removed by Join Filter": 434199,                                                                                                                
                           "Shared Hit Blocks": 21,                                                                                                                              
                           "Shared Read Blocks": 217517,                                                                                                                         
                           "Shared Dirtied Blocks": 0,                                                                                                                           
                           "Shared Written Blocks": 0,                                                                                                                           
                           "Local Hit Blocks": 0,                                                                                                                                
                           "Local Read Blocks": 0,                                                                                                                               
                           "Local Dirtied Blocks": 0,                                                                                                                            
                           "Local Written Blocks": 0,                                                                                                                            
                           "Temp Read Blocks": 0,                                                                                                                                
                           "Temp Written Blocks": 0,                                                                                                                             
                           "Plans": [                                                                                                                                            
                             {                                                                                                                                                   
                               "Node Type": "Seq Scan",                                                                                                                          
                               "Parent Relationship": "Outer",                                                                                                                   
                               "Parallel Aware": false,                                                                                                                          
                               "Relation Name": "company_type",                                                                                                                  
                               "Alias": "ct",                                                                                                                                    
                               "Startup Cost": 0.00,                                                                                                                             
                               "Total Cost": 0.03,                                                                                                                               
                               "Plan Rows": 4,                                                                                                                                   
                               "Plan Width": 4,                                                                                                                                  
                               "Actual Startup Time": 0.010,                                                                                                                     
                               "Actual Total Time": 0.014,                                                                                                                       
                               "Actual Rows": 4,                                                                                                                                 
                               "Actual Loops": 1,                                                                                                                                
                               "Shared Hit Blocks": 1,                                                                                                                           
                               "Shared Read Blocks": 0,                                                                                                                          
                               "Shared Dirtied Blocks": 0,                                                                                                                       
                               "Shared Written Blocks": 0,                                                                                                                       
                               "Local Hit Blocks": 0,                                                                                                                            
                               "Local Read Blocks": 0,                                                                                                                           
                               "Local Dirtied Blocks": 0,                                                                                                                        
                               "Local Written Blocks": 0,                                                                                                                        
                               "Temp Read Blocks": 0,                                                                                                                            
                               "Temp Written Blocks": 0                                                                                                                          
                             },                                                                                                                                                  
                             {                                                                                                                                                   
                               "Node Type": "Materialize",                                                                                                                       
                               "Parent Relationship": "Inner",                                                                                                                   
                               "Parallel Aware": false,                                                                                                                          
                               "Startup Cost": 5995.19,                                                                                                                          
                               "Total Cost": 19537.42,                                                                                                                           
                               "Plan Rows": 1,                                                                                                                                   
                               "Plan Width": 45,                                                                                                                                 
                               "Actual Startup Time": 2561145.538,                                                                                                               
                               "Actual Total Time": 3745561.297,                                                                                                                 
                               "Actual Rows": 144733,                                                                                                                            
                               "Actual Loops": 4,                                                                                                                                
                               "Shared Hit Blocks": 20,                                                                                                                          
                               "Shared Read Blocks": 217517,                                                                                                                     
                               "Shared Dirtied Blocks": 0,                                                                                                                       
                               "Shared Written Blocks": 0,                                                                                                                       
                               "Local Hit Blocks": 0,                                                                                                                            
                               "Local Read Blocks": 0,                                                                                                                           
                               "Local Dirtied Blocks": 0,                                                                                                                        
                               "Local Written Blocks": 0,                                                                                                                        
                               "Temp Read Blocks": 0,                                                                                                                            
                               "Temp Written Blocks": 0,                                                                                                                         
                               "Plans": [                                                                                                                                        
                                 {                                                                                                                                               
                                   "Node Type": "Nested Loop",                                                                                                                   
                                   "Parent Relationship": "Outer",                                                                                                               
                                   "Parallel Aware": false,                                                                                                                      
                                   "Join Type": "Inner",                                                                                                                         
                                   "Startup Cost": 5995.19,                                                                                                                      
                                   "Total Cost": 19537.42,                                                                                                                       
                                   "Plan Rows": 1,                                                                                                                               
                                   "Plan Width": 45,                                                                                                                             
                                   "Actual Startup Time": 10244582.144,                                                                                                          
                                   "Actual Total Time": 14982143.474,                                                                                                            
                                   "Actual Rows": 144733,                                                                                                                        
                                   "Actual Loops": 1,                                                                                                                            
                                   "Inner Unique": false,                                                                                                                        
                                   "Join Filter": "(mc.company_id = cn.id)",                                                                                                     
                                   "Rows Removed by Join Filter": 30995000617,                                                                                                   
                                   "Shared Hit Blocks": 20,                                                                                                                      
                                   "Shared Read Blocks": 217517,                                                                                                                 
                                   "Shared Dirtied Blocks": 0,                                                                                                                   
                                   "Shared Written Blocks": 0,                                                                                                                   
                                   "Local Hit Blocks": 0,                                                                                                                        
                                   "Local Read Blocks": 0,                                                                                                                       
                                   "Local Dirtied Blocks": 0,                                                                                                                    
                                   "Local Written Blocks": 0,                                                                                                                    
                                   "Temp Read Blocks": 0,                                                                                                                        
                                   "Temp Written Blocks": 0,                                                                                                                     
                                   "Plans": [                                                                                                                                    
                                     {                                                                                                                                           
                                       "Node Type": "Seq Scan",                                                                                                                  
                                       "Parent Relationship": "Outer",                                                                                                           
                                       "Parallel Aware": false,                                                                                                                  
                                       "Relation Name": "company_name",                                                                                                          
                                       "Alias": "cn",                                                                                                                            
                                       "Startup Cost": 0.00,                                                                                                                     
                                       "Total Cost": 128.41,                                                                                                                     
                                       "Plan Rows": 126230,                                                                                                                      
                                       "Plan Width": 23,                                                                                                                         
                                       "Actual Startup Time": 8.004,                                                                                                             
                                       "Actual Total Time": 297.342,                                                                                                             
                                       "Actual Rows": 126230,                                                                                                                    
                                       "Actual Loops": 1,                                                                                                                        
                                       "Filter": "((country_code)::text <> '[us]'::text)",                                                                                       
                                       "Rows Removed by Filter": 108767,                                                                                                         
                                       "Shared Hit Blocks": 2,                                                                                                                   
                                       "Shared Read Blocks": 2992,                                                                                                               
                                       "Shared Dirtied Blocks": 0,                                                                                                               
                                       "Shared Written Blocks": 0,                                                                                                               
                                       "Local Hit Blocks": 0,                                                                                                                    
                                       "Local Read Blocks": 0,                                                                                                                   
                                       "Local Dirtied Blocks": 0,                                                                                                                
                                       "Local Written Blocks": 0,                                                                                                                
                                       "Temp Read Blocks": 0,                                                                                                                    
                                       "Temp Written Blocks": 0                                                                                                                  
                                     },                                                                                                                                          
                                     {                                                                                                                                           
                                       "Node Type": "Materialize",                                                                                                               
                                       "Parent Relationship": "Inner",                                                                                                           
                                       "Parallel Aware": false,                                                                                                                  
                                       "Startup Cost": 5995.19,                                                                                                                  
                                       "Total Cost": 19380.68,                                                                                                                   
                                       "Plan Rows": 1,                                                                                                                           
                                       "Plan Width": 30,                                                                                                                         
                                       "Actual Startup Time": 22.062,                                                                                                            
                                       "Actual Total Time": 92.014,                                                                                                              
                                       "Actual Rows": 245545,                                                                                                                    
                                       "Actual Loops": 126230,                                                                                                                   
                                       "Shared Hit Blocks": 18,                                                                                                                  
                                       "Shared Read Blocks": 214525,                                                                                                             
                                       "Shared Dirtied Blocks": 0,                                                                                                               
                                       "Shared Written Blocks": 0,                                                                                                               
                                       "Local Hit Blocks": 0,                                                                                                                    
                                       "Local Read Blocks": 0,                                                                                                                   
                                       "Local Dirtied Blocks": 0,                                                                                                                
                                       "Local Written Blocks": 0,                                                                                                                
                                       "Temp Read Blocks": 0,                                                                                                                    
                                       "Temp Written Blocks": 0,                                                                                                                 
                                       "Plans": [                                                                                                                                
                                         {                                                                                                                                       
                                           "Node Type": "Nested Loop",                                                                                                           
                                           "Parent Relationship": "Outer",                                                                                                       
                                           "Parallel Aware": false,                                                                                                              
                                           "Join Type": "Inner",                                                                                                                 
                                           "Startup Cost": 5995.19,                                                                                                              
                                           "Total Cost": 19380.68,                                                                                                               
                                           "Plan Rows": 1,                                                                                                                       
                                           "Plan Width": 30,                                                                                                                     
                                           "Actual Startup Time": 2784839.366,                                                                                                   
                                           "Actual Total Time": 10244321.087,                                                                                                    
                                           "Actual Rows": 245545,                                                                                                                
                                           "Actual Loops": 1,                                                                                                                    
                                           "Inner Unique": false,                                                                                                                
                                           "Join Filter": "(mi.movie_id = mc.movie_id)",                                                                                         
                                           "Rows Removed by Join Filter": 54705362198,                                                                                           
                                           "Shared Hit Blocks": 18,                                                                                                              
                                           "Shared Read Blocks": 214525,                                                                                                         
                                           "Shared Dirtied Blocks": 0,                                                                                                           
                                           "Shared Written Blocks": 0,                                                                                                           
                                           "Local Hit Blocks": 0,                                                                                                                
                                           "Local Read Blocks": 0,                                                                                                               
                                           "Local Dirtied Blocks": 0,                                                                                                            
                                           "Local Written Blocks": 0,                                                                                                            
                                           "Temp Read Blocks": 0,                                                                                                                
                                           "Temp Written Blocks": 0,                                                                                                             
                                           "Plans": [                                                                                                                            
                                             {                                                                                                                                   
                                               "Node Type": "Seq Scan",                                                                                                          
                                               "Parent Relationship": "Outer",                                                                                                   
                                               "Parallel Aware": false,                                                                                                          
                                               "Relation Name": "movie_companies",                                                                                               
                                               "Alias": "mc",                                                                                                                    
                                               "Startup Cost": 0.00,                                                                                                             
                                               "Total Cost": 769.75,                                                                                                             
                                               "Plan Rows": 2609129,                                                                                                             
                                               "Plan Width": 12,                                                                                                                 
                                               "Actual Startup Time": 0.013,                                                                                                     
                                               "Actual Total Time": 685.348,                                                                                                     
                                               "Actual Rows": 2609129,                                                                                                           
                                               "Actual Loops": 1,                                                                                                                
                                               "Shared Hit Blocks": 3,                                                                                                           
                                               "Shared Read Blocks": 18786,                                                                                                      
                                               "Shared Dirtied Blocks": 0,                                                                                                       
                                               "Shared Written Blocks": 0,                                                                                                       
                                               "Local Hit Blocks": 0,                                                                                                            
                                               "Local Read Blocks": 0,                                                                                                           
                                               "Local Dirtied Blocks": 0,                                                                                                        
                                               "Local Written Blocks": 0,                                                                                                        
                                               "Temp Read Blocks": 0,                                                                                                            
                                               "Temp Written Blocks": 0                                                                                                          
                                             },                                                                                                                                  
                                             {                                                                                                                                   
                                               "Node Type": "Materialize",                                                                                                       
                                               "Parent Relationship": "Inner",                                                                                                   
                                               "Parallel Aware": false,                                                                                                          
                                               "Startup Cost": 5995.19,                                                                                                          
                                               "Total Cost": 18025.39,                                                                                                           
                                               "Plan Rows": 1,                                                                                                                   
                                               "Plan Width": 18,                                                                                                                 
                                               "Actual Startup Time": 0.005,                                                                                                     
                                               "Actual Total Time": 1.980,                                                                                                       
                                               "Actual Rows": 20967,                                                                                                             
                                               "Actual Loops": 2609129,                                                                                                          
                                               "Shared Hit Blocks": 15,                                                                                                          
                                               "Shared Read Blocks": 195739,                                                                                                     
                                               "Shared Dirtied Blocks": 0,                                                                                                       
                                               "Shared Written Blocks": 0,                                                                                                       
                                               "Local Hit Blocks": 0,                                                                                                            
                                               "Local Read Blocks": 0,                                                                                                           
                                               "Local Dirtied Blocks": 0,                                                                                                        
                                               "Local Written Blocks": 0,                                                                                                        
                                               "Temp Read Blocks": 0,                                                                                                            
                                               "Temp Written Blocks": 0,                                                                                                         
                                               "Plans": [                                                                                                                        
                                                 {                                                                                                                               
                                                   "Node Type": "Nested Loop",                                                                                                   
                                                   "Parent Relationship": "Outer",                                                                                               
                                                   "Parallel Aware": false,                                                                                                      
                                                   "Join Type": "Inner",                                                                                                         
                                                   "Startup Cost": 5995.19,                                                                                                      
                                                   "Total Cost": 18025.38,                                                                                                       
                                                   "Plan Rows": 1,                                                                                                               
                                                   "Plan Width": 18,                                                                                                             
                                                   "Actual Startup Time": 11578.533,                                                                                             
                                                   "Actual Total Time": 2784409.117,                                                                                             
                                                   "Actual Rows": 20967,                                                                                                         
                                                   "Actual Loops": 1,                                                                                                            
                                                   "Inner Unique": false,                                                                                                        
                                                   "Join Filter": "(mi.movie_id = mk.movie_id)",                                                                                 
                                                   "Rows Removed by Join Filter": 19533160833,                                                                                   
                                                   "Shared Hit Blocks": 15,                                                                                                      
                                                   "Shared Read Blocks": 195739,                                                                                                 
                                                   "Shared Dirtied Blocks": 0,                                                                                                   
                                                   "Shared Written Blocks": 0,                                                                                                   
                                                   "Local Hit Blocks": 0,                                                                                                        
                                                   "Local Read Blocks": 0,                                                                                                       
                                                   "Local Dirtied Blocks": 0,                                                                                                    
                                                   "Local Written Blocks": 0,                                                                                                    
                                                   "Temp Read Blocks": 0,                                                                                                        
                                                   "Temp Written Blocks": 0,                                                                                                     
                                                   "Plans": [                                                                                                                    
                                                     {                                                                                                                           
                                                       "Node Type": "Merge Join",                                                                                                
                                                       "Parent Relationship": "Outer",                                                                                           
                                                       "Parallel Aware": false,                                                                                                  
                                                       "Join Type": "Inner",                                                                                                     
                                                       "Startup Cost": 5995.19,                                                                                                  
                                                       "Total Cost": 5997.05,                                                                                                    
                                                       "Plan Rows": 3,                                                                                                           
                                                       "Plan Width": 14,                                                                                                         
                                                       "Actual Startup Time": 4415.976,                                                                                          
                                                       "Actual Total Time": 4587.063,                                                                                            
                                                       "Actual Rows": 31800,                                                                                                     
                                                       "Actual Loops": 1,                                                                                                        
                                                       "Inner Unique": false,                                                                                                    
                                                       "Merge Cond": "(mi_idx.movie_id = mk.movie_id)",                                                                          
                                                       "Shared Hit Blocks": 12,                                                                                                  
                                                       "Shared Read Blocks": 33849,                                                                                              
                                                       "Shared Dirtied Blocks": 0,                                                                                               
                                                       "Shared Written Blocks": 0,                                                                                               
                                                       "Local Hit Blocks": 0,                                                                                                    
                                                       "Local Read Blocks": 0,                                                                                                   
                                                       "Local Dirtied Blocks": 0,                                                                                                
                                                       "Local Written Blocks": 0,                                                                                                
                                                       "Temp Read Blocks": 0,                                                                                                    
                                                       "Temp Written Blocks": 0,                                                                                                 
                                                       "Plans": [                                                                                                                
                                                         {                                                                                                                       
                                                           "Node Type": "Sort",                                                                                                  
                                                           "Parent Relationship": "Outer",                                                                                       
                                                           "Parallel Aware": false,                                                                                              
                                                           "Startup Cost": 794.27,                                                                                               
                                                           "Total Cost": 795.20,                                                                                                 
                                                           "Plan Rows": 11890,                                                                                                   
                                                           "Plan Width": 10,                                                                                                     
                                                           "Actual Startup Time": 964.744,                                                                                       
                                                           "Actual Total Time": 999.576,                                                                                         
                                                           "Actual Rows": 454219,                                                                                                
                                                           "Actual Loops": 1,                                                                                                    
                                                           "Sort Key": ["mi_idx.movie_id"],                                                                                      
                                                           "Sort Method": "quicksort",                                                                                           
                                                           "Sort Space Used": 33581,                                                                                             
                                                           "Sort Space Type": "Memory",                                                                                          
                                                           "Shared Hit Blocks": 7,                                                                                               
                                                           "Shared Read Blocks": 8451,                                                                                           
                                                           "Shared Dirtied Blocks": 0,                                                                                           
                                                           "Shared Written Blocks": 0,                                                                                           
                                                           "Local Hit Blocks": 0,                                                                                                
                                                           "Local Read Blocks": 0,                                                                                               
                                                           "Local Dirtied Blocks": 0,                                                                                            
                                                           "Local Written Blocks": 0,                                                                                            
                                                           "Temp Read Blocks": 0,                                                                                                
                                                           "Temp Written Blocks": 0,                                                                                             
                                                           "Plans": [                                                                                                            
                                                             {                                                                                                                   
                                                               "Node Type": "Nested Loop",                                                                                       
                                                               "Parent Relationship": "Outer",                                                                                   
                                                               "Parallel Aware": false,                                                                                          
                                                               "Join Type": "Inner",                                                                                             
                                                               "Startup Cost": 0.00,                                                                                             
                                                               "Total Cost": 769.28,                                                                                             
                                                               "Plan Rows": 11890,                                                                                               
                                                               "Plan Width": 10,                                                                                                 
                                                               "Actual Startup Time": 0.095,                                                                                     
                                                               "Actual Total Time": 796.090,                                                                                     
                                                               "Actual Rows": 454230,                                                                                            
                                                               "Actual Loops": 1,                                                                                                
                                                               "Inner Unique": true,                                                                                             
                                                               "Join Filter": "(it.id = mi_idx.info_type_id)",                                                                  
                                                               "Rows Removed by Join Filter": 889325,                                                                            
                                                               "Shared Hit Blocks": 3,                                                                                           
                                                               "Shared Read Blocks": 8451,                                                                                       
                                                               "Shared Dirtied Blocks": 0,                                                                                       
                                                               "Shared Written Blocks": 0,                                                                                       
                                                               "Local Hit Blocks": 0,                                                                                            
                                                               "Local Read Blocks": 0,                                                                                           
                                                               "Local Dirtied Blocks": 0,                                                                                        
                                                               "Local Written Blocks": 0,                                                                                        
                                                               "Temp Read Blocks": 0,                                                                                            
                                                               "Temp Written Blocks": 0,                                                                                         
                                                               "Plans": [                                                                                                        
                                                                 {                                                                                                               
                                                                   "Node Type": "Seq Scan",                                                                                      
                                                                   "Parent Relationship": "Outer",                                                                               
                                                                   "Parallel Aware": false,                                                                                      
                                                                   "Relation Name": "movie_info_idx",                                                                            
                                                                   "Alias": "mi_idx",                                                                                            
                                                                   "Startup Cost": 0.00,                                                                                         
                                                                   "Total Cost": 467.71,                                                                                         
                                                                   "Plan Rows": 1343551,                                                                                         
                                                                   "Plan Width": 14,                                                                                             
                                                                   "Actual Startup Time": 0.015,                                                                                 
                                                                   "Actual Total Time": 349.592,                                                                                 
                                                                   "Actual Rows": 1343555,                                                                                       
                                                                   "Actual Loops": 1,                                                                                            
                                                                   "Filter": "(info < '8.5'::text)",                                                                             
                                                                   "Rows Removed by Filter": 36480,                                                                              
                                                                   "Shared Hit Blocks": 2,                                                                                       
                                                                   "Shared Read Blocks": 8451,                                                                                   
                                                                   "Shared Dirtied Blocks": 0,                                                                                   
                                                                   "Shared Written Blocks": 0,                                                                                   
                                                                   "Local Hit Blocks": 0,                                                                                        
                                                                   "Local Read Blocks": 0,                                                                                       
                                                                   "Local Dirtied Blocks": 0,                                                                                    
                                                                   "Local Written Blocks": 0,                                                                                    
                                                                   "Temp Read Blocks": 0,                                                                                        
                                                                   "Temp Written Blocks": 0                                                                                      
                                                                 },                                                                                                              
                                                                 {                                                                                                               
                                                                   "Node Type": "Materialize",                                                                                   
                                                                   "Parent Relationship": "Inner",                                                                               
                                                                   "Parallel Aware": false,                                                                                      
                                                                   "Startup Cost": 0.00,                                                                                         
                                                                   "Total Cost": 0.05,                                                                                           
                                                                   "Plan Rows": 1,                                                                                               
                                                                   "Plan Width": 4,                                                                                              
                                                                   "Actual Startup Time": 0.000,                                                                                 
                                                                   "Actual Total Time": 0.000,                                                                                   
                                                                   "Actual Rows": 1,                                                                                             
                                                                   "Actual Loops": 1343555,                                                                                      
                                                                   "Shared Hit Blocks": 1,                                                                                       
                                                                   "Shared Read Blocks": 0,                                                                                      
                                                                   "Shared Dirtied Blocks": 0,                                                                                   
                                                                   "Shared Written Blocks": 0,                                                                                   
                                                                   "Local Hit Blocks": 0,                                                                                        
                                                                   "Local Read Blocks": 0,                                                                                       
                                                                   "Local Dirtied Blocks": 0,                                                                                    
                                                                   "Local Written Blocks": 0,                                                                                    
                                                                   "Temp Read Blocks": 0,                                                                                        
                                                                   "Temp Written Blocks": 0,                                                                                     
                                                                   "Plans": [                                                                                                    
                                                                     {                                                                                                           
                                                                       "Node Type": "Seq Scan",                                                                                  
                                                                       "Parent Relationship": "Outer",                                                                           
                                                                       "Parallel Aware": false,                                                                                  
                                                                       "Relation Name": "info_type",                                                                             
                                                                       "Alias": "it",                                                                                           
                                                                       "Startup Cost": 0.00,                                                                                     
                                                                       "Total Cost": 0.05,                                                                                       
                                                                       "Plan Rows": 1,                                                                                           
                                                                       "Plan Width": 4,                                                                                          
                                                                       "Actual Startup Time": 0.050,                                                                             
                                                                       "Actual Total Time": 0.055,                                                                               
                                                                       "Actual Rows": 1,                                                                                         
                                                                       "Actual Loops": 1,                                                                                        
                                                                       "Filter": "((info)::text = 'rating'::text)",                                                              
                                                                       "Rows Removed by Filter": 112,                                                                            
                                                                       "Shared Hit Blocks": 1,                                                                                   
                                                                       "Shared Read Blocks": 0,                                                                                  
                                                                       "Shared Dirtied Blocks": 0,                                                                               
                                                                       "Shared Written Blocks": 0,                                                                               
                                                                       "Local Hit Blocks": 0,                                                                                    
                                                                       "Local Read Blocks": 0,                                                                                   
                                                                       "Local Dirtied Blocks": 0,                                                                                
                                                                       "Local Written Blocks": 0,                                                                                
                                                                       "Temp Read Blocks": 0,                                                                                    
                                                                       "Temp Written Blocks": 0                                                                                  
                                                                     }                                                                                                           
                                                                   ]                                                                                                             
                                                                 }                                                                                                               
                                                               ]                                                                                                                 
                                                             }                                                                                                                   
                                                           ]                                                                                                                     
                                                         },                                                                                                                      
                                                         {                                                                                                                       
                                                           "Node Type": "Sort",                                                                                                  
                                                           "Parent Relationship": "Inner",                                                                                       
                                                           "Parallel Aware": false,                                                                                              
                                                           "Startup Cost": 5200.91,                                                                                              
                                                           "Total Cost": 5200.92,                                                                                                
                                                           "Plan Rows": 135,                                                                                                     
                                                           "Plan Width": 4,                                                                                                      
                                                           "Actual Startup Time": 3451.203,                                                                                      
                                                           "Actual Total Time": 3472.041,                                                                                        
                                                           "Actual Rows": 37091,                                                                                                 
                                                           "Actual Loops": 1,                                                                                                    
                                                           "Sort Key": ["mk.movie_id"],                                                                                          
                                                           "Sort Method": "quicksort",                                                                                           
                                                           "Sort Space Used": 3275,                                                                                              
                                                           "Sort Space Type": "Memory",                                                                                          
                                                           "Shared Hit Blocks": 5,                                                                                               
                                                           "Shared Read Blocks": 25398,                                                                                          
                                                           "Shared Dirtied Blocks": 0,                                                                                           
                                                           "Shared Written Blocks": 0,                                                                                           
                                                           "Local Hit Blocks": 0,                                                                                                
                                                           "Local Read Blocks": 0,                                                                                               
                                                           "Local Dirtied Blocks": 0,                                                                                            
                                                           "Local Written Blocks": 0,                                                                                            
                                                           "Temp Read Blocks": 0,                                                                                                
                                                           "Temp Written Blocks": 0,                                                                                             
                                                           "Plans": [                                                                                                            
                                                             {                                                                                                                   
                                                               "Node Type": "Nested Loop",                                                                                       
                                                               "Parent Relationship": "Outer",                                                                                   
                                                               "Parallel Aware": false,                                                                                          
                                                               "Join Type": "Inner",                                                                                             
                                                               "Startup Cost": 0.00,                                                                                             
                                                               "Total Cost": 5200.77,                                                                                            
                                                               "Plan Rows": 135,                                                                                                 
                                                               "Plan Width": 4,                                                                                                  
                                                               "Actual Startup Time": 75.190,                                                                                    
                                                               "Actual Total Time": 3437.732,                                                                                    
                                                               "Actual Rows": 37091,                                                                                             
                                                               "Actual Loops": 1,                                                                                                
                                                               "Inner Unique": true,                                                                                             
                                                               "Join Filter": "(k.id = mk.keyword_id)",                                                                          
                                                               "Rows Removed by Join Filter": 13507910,                                                                          
                                                               "Shared Hit Blocks": 5,                                                                                           
                                                               "Shared Read Blocks": 25398,                                                                                      
                                                               "Shared Dirtied Blocks": 0,                                                                                       
                                                               "Shared Written Blocks": 0,                                                                                       
                                                               "Local Hit Blocks": 0,                                                                                            
                                                               "Local Read Blocks": 0,                                                                                           
                                                               "Local Dirtied Blocks": 0,                                                                                        
                                                               "Local Written Blocks": 0,                                                                                        
                                                               "Temp Read Blocks": 0,                                                                                            
                                                               "Temp Written Blocks": 0,                                                                                         
                                                               "Plans": [                                                                                                        
                                                                 {                                                                                                               
                                                                   "Node Type": "Seq Scan",                                                                                      
                                                                   "Parent Relationship": "Outer",                                                                               
                                                                   "Parallel Aware": false,                                                                                      
                                                                   "Relation Name": "movie_keyword",                                                                             
                                                                   "Alias": "mk",                                                                                                
                                                                   "Startup Cost": 0.00,                                                                                         
                                                                   "Total Cost": 1079.84,                                                                                        
                                                                   "Plan Rows": 4523930,                                                                                         
                                                                   "Plan Width": 8,                                                                                              
                                                                   "Actual Startup Time": 0.011,                                                                                 
                                                                   "Actual Total Time": 483.288,                                                                                 
                                                                   "Actual Rows": 4523930,                                                                                       
                                                                   "Actual Loops": 1,                                                                                            
                                                                   "Shared Hit Blocks": 3,                                                                                       
                                                                   "Shared Read Blocks": 24451,                                                                                  
                                                                   "Shared Dirtied Blocks": 0,                                                                                   
                                                                   "Shared Written Blocks": 0,                                                                                   
                                                                   "Local Hit Blocks": 0,                                                                                        
                                                                   "Local Read Blocks": 0,                                                                                       
                                                                   "Local Dirtied Blocks": 0,                                                                                    
                                                                   "Local Written Blocks": 0,                                                                                    
                                                                   "Temp Read Blocks": 0,                                                                                        
                                                                   "Temp Written Blocks": 0                                                                                      
                                                                 },                                                                                                              
                                                                 {                                                                                                               
                                                                   "Node Type": "Materialize",                                                                                   
                                                                   "Parent Relationship": "Inner",                                                                               
                                                                   "Parallel Aware": false,                                                                                      
                                                                   "Startup Cost": 0.00,                                                                                         
                                                                   "Total Cost": 59.88,                                                                                          
                                                                   "Plan Rows": 4,                                                                                               
                                                                   "Plan Width": 4,                                                                                              
                                                                   "Actual Startup Time": 0.000,                                                                                 
                                                                   "Actual Total Time": 0.000,                                                                                   
                                                                   "Actual Rows": 3,                                                                                             
                                                                   "Actual Loops": 4523930,                                                                                      
                                                                   "Shared Hit Blocks": 2,                                                                                       
                                                                   "Shared Read Blocks": 947,                                                                                    
                                                                   "Shared Dirtied Blocks": 0,                                                                                   
                                                                   "Shared Written Blocks": 0,                                                                                   
                                                                   "Local Hit Blocks": 0,                                                                                        
                                                                   "Local Read Blocks": 0,                                                                                       
                                                                   "Local Dirtied Blocks": 0,                                                                                    
                                                                   "Local Written Blocks": 0,                                                                                    
                                                                   "Temp Read Blocks": 0,                                                                                        
                                                                   "Temp Written Blocks": 0,                                                                                     
                                                                   "Plans": [                                                                                                    
                                                                     {                                                                                                           
                                                                       "Node Type": "Seq Scan",                                                                                  
                                                                       "Parent Relationship": "Outer",                                                                           
                                                                       "Parallel Aware": false,                                                                                  
                                                                       "Relation Name": "keyword",                                                                               
                                                                       "Alias": "k",                                                                                             
                                                                       "Startup Cost": 0.00,                                                                                     
                                                                       "Total Cost": 59.88,                                                                                      
                                                                       "Plan Rows": 4,                                                                                           
                                                                       "Plan Width": 4,                                                                                          
                                                                       "Actual Startup Time": 13.016,                                                                            
                                                                       "Actual Total Time": 74.926,                                                                              
                                                                       "Actual Rows": 3,                                                                                         
                                                                       "Actual Loops": 1,                                                                                        
                                                                       "Filter": "(keyword = ANY ('{murder,murder-in-title,blood,violence}'::text[]))",                          
                                                                       "Rows Removed by Filter": 134167,                                                                         
                                                                       "Shared Hit Blocks": 2,                                                                                   
                                                                       "Shared Read Blocks": 947,                                                                                
                                                                       "Shared Dirtied Blocks": 0,                                                                               
                                                                       "Shared Written Blocks": 0,                                                                               
                                                                       "Local Hit Blocks": 0,                                                                                    
                                                                       "Local Read Blocks": 0,                                                                                   
                                                                       "Local Dirtied Blocks": 0,                                                                                
                                                                       "Local Written Blocks": 0,                                                                                
                                                                       "Temp Read Blocks": 0,                                                                                    
                                                                       "Temp Written Blocks": 0                                                                                  
                                                                     }                                                                                                           
                                                                   ]                                                                                                             
                                                                 }                                                                                                               
                                                               ]                                                                                                                 
                                                             }                                                                                                                   
                                                           ]                                                                                                                     
                                                         }                                                                                                                       
                                                       ]                                                                                                                         
                                                     },                                                                                                                          
                                                     {                                                                                                                           
                                                       "Node Type": "Materialize",                                                                                               
                                                       "Parent Relationship": "Inner",                                                                                           
                                                       "Parallel Aware": false,                                                                                                  
                                                       "Startup Cost": 0.00,                                                                                                     
                                                       "Total Cost": 12024.56,                                                                                                   
                                                       "Plan Rows": 6329,                                                                                                        
                                                       "Plan Width": 4,                                                                                                          
                                                       "Actual Startup Time": 0.226,                                                                                             
                                                       "Actual Total Time": 27.106,                                                                                              
                                                       "Actual Rows": 614251,                                                                                                    
                                                       "Actual Loops": 31800,                                                                                                    
                                                       "Shared Hit Blocks": 3,                                                                                                   
                                                       "Shared Read Blocks": 161890,                                                                                             
                                                       "Shared Dirtied Blocks": 0,                                                                                               
                                                       "Shared Written Blocks": 0,                                                                                               
                                                       "Local Hit Blocks": 0,                                                                                                    
                                                       "Local Read Blocks": 0,                                                                                                   
                                                       "Local Dirtied Blocks": 0,                                                                                                
                                                       "Local Written Blocks": 0,                                                                                                
                                                       "Temp Read Blocks": 0,                                                                                                    
                                                       "Temp Written Blocks": 0,                                                                                                 
                                                       "Plans": [                                                                                                                
                                                         {                                                                                                                       
                                                           "Node Type": "Nested Loop",                                                                                           
                                                           "Parent Relationship": "Outer",                                                                                       
                                                           "Parallel Aware": false,                                                                                              
                                                           "Join Type": "Inner",                                                                                                 
                                                           "Startup Cost": 0.00,                                                                                                 
                                                           "Total Cost": 12023.58,                                                                                               
                                                           "Plan Rows": 6329,                                                                                                    
                                                           "Plan Width": 4,                                                                                                      
                                                           "Actual Startup Time": 7162.467,                                                                                      
                                                           "Actual Total Time": 8760.685,                                                                                        
                                                           "Actual Rows": 614251,                                                                                                
                                                           "Actual Loops": 1,                                                                                                    
                                                           "Inner Unique": true,                                                                                                 
                                                           "Join Filter": "(it.id = mi.info_type_id)",                                                                          
                                                           "Rows Removed by Join Filter": 101959,                                                                                
                                                           "Shared Hit Blocks": 3,                                                                                               
                                                           "Shared Read Blocks": 161890,                                                                                         
                                                           "Shared Dirtied Blocks": 0,                                                                                           
                                                           "Shared Written Blocks": 0,                                                                                           
                                                           "Local Hit Blocks": 0,                                                                                                
                                                           "Local Read Blocks": 0,                                                                                               
                                                           "Local Dirtied Blocks": 0,                                                                                            
                                                           "Local Written Blocks": 0,                                                                                            
                                                           "Temp Read Blocks": 0,                                                                                                
                                                           "Temp Written Blocks": 0,                                                                                             
                                                           "Plans": [                                                                                                            
                                                             {                                                                                                                   
                                                               "Node Type": "Seq Scan",                                                                                          
                                                               "Parent Relationship": "Outer",                                                                                   
                                                               "Parallel Aware": false,                                                                                          
                                                               "Relation Name": "movie_info",                                                                                    
                                                               "Alias": "mi",                                                                                                    
                                                               "Startup Cost": 0.00,                                                                                             
                                                               "Total Cost": 11863.04,                                                                                           
                                                               "Plan Rows": 715132,                                                                                              
                                                               "Plan Width": 8,                                                                                                  
                                                               "Actual Startup Time": 7.076,                                                                                     
                                                               "Actual Total Time": 8545.976,                                                                                    
                                                               "Actual Rows": 716210,                                                                                            
                                                               "Actual Loops": 1,                                                                                                
                                                               "Filter": "(info = ANY ('{Sweden,Norway,Germany,Denmark,Swedish,Danish,Norwegian,German,USA,American}'::text[]))",
                                                               "Rows Removed by Filter": 14119510,                                                                               
                                                               "Shared Hit Blocks": 2,                                                                                           
                                                               "Shared Read Blocks": 161890,                                                                                     
                                                               "Shared Dirtied Blocks": 0,                                                                                       
                                                               "Shared Written Blocks": 0,                                                                                       
                                                               "Local Hit Blocks": 0,                                                                                            
                                                               "Local Read Blocks": 0,                                                                                           
                                                               "Local Dirtied Blocks": 0,                                                                                        
                                                               "Local Written Blocks": 0,                                                                                        
                                                               "Temp Read Blocks": 0,                                                                                            
                                                               "Temp Written Blocks": 0                                                                                          
                                                             },                                                                                                                  
                                                             {                                                                                                                   
                                                               "Node Type": "Materialize",                                                                                       
                                                               "Parent Relationship": "Inner",                                                                                   
                                                               "Parallel Aware": false,                                                                                          
                                                               "Startup Cost": 0.00,                                                                                             
                                                               "Total Cost": 0.05,                                                                                               
                                                               "Plan Rows": 1,                                                                                                   
                                                               "Plan Width": 4,                                                                                                  
                                                               "Actual Startup Time": 0.000,                                                                                     
                                                               "Actual Total Time": 0.000,                                                                                       
                                                               "Actual Rows": 1,                                                                                                 
                                                               "Actual Loops": 716210,                                                                                           
                                                               "Shared Hit Blocks": 1,                                                                                           
                                                               "Shared Read Blocks": 0,                                                                                          
                                                               "Shared Dirtied Blocks": 0,                                                                                       
                                                               "Shared Written Blocks": 0,                                                                                       
                                                               "Local Hit Blocks": 0,                                                                                            
                                                               "Local Read Blocks": 0,                                                                                           
                                                               "Local Dirtied Blocks": 0,                                                                                        
                                                               "Local Written Blocks": 0,                                                                                        
                                                               "Temp Read Blocks": 0,                                                                                            
                                                               "Temp Written Blocks": 0,                                                                                         
                                                               "Plans": [                                                                                                        
                                                                 {                                                                                                               
                                                                   "Node Type": "Seq Scan",                                                                                      
                                                                   "Parent Relationship": "Outer",                                                                               
                                                                   "Parallel Aware": false,                                                                                      
                                                                   "Relation Name": "info_type",                                                                                 
                                                                   "Alias": "it",                                                                                               
                                                                   "Startup Cost": 0.00,                                                                                         
                                                                   "Total Cost": 0.05,                                                                                           
                                                                   "Plan Rows": 1,                                                                                               
                                                                   "Plan Width": 4,                                                                                              
                                                                   "Actual Startup Time": 0.008,                                                                                 
                                                                   "Actual Total Time": 0.019,                                                                                   
                                                                   "Actual Rows": 1,                                                                                             
                                                                   "Actual Loops": 1,                                                                                            
                                                                   "Filter": "((info)::text = 'countries'::text)",                                                               
                                                                   "Rows Removed by Filter": 112,                                                                                
                                                                   "Shared Hit Blocks": 1,                                                                                       
                                                                   "Shared Read Blocks": 0,                                                                                      
                                                                   "Shared Dirtied Blocks": 0,                                                                                   
                                                                   "Shared Written Blocks": 0,                                                                                   
                                                                   "Local Hit Blocks": 0,                                                                                        
                                                                   "Local Read Blocks": 0,                                                                                       
                                                                   "Local Dirtied Blocks": 0,                                                                                    
                                                                   "Local Written Blocks": 0,                                                                                    
                                                                   "Temp Read Blocks": 0,                                                                                        
                                                                   "Temp Written Blocks": 0                                                                                      
                                                                 }                                                                                                               
                                                               ]                                                                                                                 
                                                             }                                                                                                                   
                                                           ]                                                                                                                     
                                                         }                                                                                                                       
                                                       ]                                                                                                                         
                                                     }                                                                                                                           
                                                   ]                                                                                                                             
                                                 }                                                                                                                               
                                               ]                                                                                                                                 
                                             }                                                                                                                                   
                                           ]                                                                                                                                     
                                         }                                                                                                                                       
                                       ]                                                                                                                                         
                                     }                                                                                                                                           
                                   ]                                                                                                                                             
                                 }                                                                                                                                               
                               ]                                                                                                                                                 
                             }                                                                                                                                                   
                           ]                                                                                                                                                     
                         }                                                                                                                                                       
                       ]                                                                                                                                                         
                     }                                                                                                                                                           
                   ]                                                                                                                                                             
                 }                                                                                                                                                               
               ]                                                                                                                                                                 
             }                                                                                                                                                                   
           ]                                                                                                                                                                     
         }                                                                                                                                                                       
       ]                                                                                                                                                                         
     },                                                                                                                                                                          
     "Planning Time": 9133.722,                                                                                                                                                  
     "Triggers": [                                                                                                                                                               
     ],                                                                                                                                                                          
     "Execution Time": 38196386.905                                                                                                                                              
   }                                                                                                                                                                             
 ]
