 [                                                                                                                                                     
   {                                                                                                                                                   
     "Plan": {                                                                                                                                         
       "Node Type": "Aggregate",                                                                                                                       
       "Strategy": "Plain",                                                                                                                            
       "Partial Mode": "Simple",                                                                                                                       
       "Parallel Aware": false,                                                                                                                        
       "Startup Cost": 13953.49,                                                                                                                       
       "Total Cost": 13953.49,                                                                                                                         
       "Plan Rows": 1,                                                                                                                                 
       "Plan Width": 64,                                                                                                                               
       "Actual Startup Time": 25699.946,                                                                                                               
       "Actual Total Time": 25699.946,                                                                                                                 
       "Actual Rows": 1,                                                                                                                               
       "Actual Loops": 1,                                                                                                                              
       "Shared Hit Blocks": 20,                                                                                                                        
       "Shared Read Blocks": 245791,                                                                                                                   
       "Shared Dirtied Blocks": 0,                                                                                                                     
       "Shared Written Blocks": 0,                                                                                                                     
       "Local Hit Blocks": 0,                                                                                                                          
       "Local Read Blocks": 0,                                                                                                                         
       "Local Dirtied Blocks": 0,                                                                                                                      
       "Local Written Blocks": 0,                                                                                                                      
       "Temp Read Blocks": 0,                                                                                                                          
       "Temp Written Blocks": 0,                                                                                                                       
       "Plans": [                                                                                                                                      
         {                                                                                                                                             
           "Node Type": "Nested Loop",                                                                                                                 
           "Parent Relationship": "Outer",                                                                                                             
           "Parallel Aware": false,                                                                                                                    
           "Join Type": "Inner",                                                                                                                       
           "Startup Cost": 0.00,                                                                                                                       
           "Total Cost": 13953.48,                                                                                                                     
           "Plan Rows": 1,                                                                                                                             
           "Plan Width": 27,                                                                                                                           
           "Actual Startup Time": 24548.941,                                                                                                           
           "Actual Total Time": 25699.872,                                                                                                             
           "Actual Rows": 16,                                                                                                                          
           "Actual Loops": 1,                                                                                                                          
           "Inner Unique": false,                                                                                                                      
           "Join Filter": "(mk.keyword_id = k.id)",                                                                                                    
           "Rows Removed by Join Filter": 2456,                                                                                                        
           "Shared Hit Blocks": 20,                                                                                                                    
           "Shared Read Blocks": 245791,                                                                                                               
           "Shared Dirtied Blocks": 0,                                                                                                                 
           "Shared Written Blocks": 0,                                                                                                                 
           "Local Hit Blocks": 0,                                                                                                                      
           "Local Read Blocks": 0,                                                                                                                     
           "Local Dirtied Blocks": 0,                                                                                                                  
           "Local Written Blocks": 0,                                                                                                                  
           "Temp Read Blocks": 0,                                                                                                                      
           "Temp Written Blocks": 0,                                                                                                                   
           "Plans": [                                                                                                                                  
             {                                                                                                                                         
               "Node Type": "Seq Scan",                                                                                                                
               "Parent Relationship": "Outer",                                                                                                         
               "Parallel Aware": false,                                                                                                                
               "Relation Name": "keyword",                                                                                                             
               "Alias": "k",                                                                                                                           
               "Startup Cost": 0.00,                                                                                                                   
               "Total Cost": 59.88,                                                                                                                    
               "Plan Rows": 4,                                                                                                                         
               "Plan Width": 4,                                                                                                                        
               "Actual Startup Time": 2.783,                                                                                                           
               "Actual Total Time": 81.633,                                                                                                            
               "Actual Rows": 4,                                                                                                                       
               "Actual Loops": 1,                                                                                                                      
               "Filter": "(keyword = ANY ('{nerd,loner,alienation,dignity}'::text[]))",                                                                
               "Rows Removed by Filter": 134166,                                                                                                       
               "Shared Hit Blocks": 2,                                                                                                                 
               "Shared Read Blocks": 947,                                                                                                              
               "Shared Dirtied Blocks": 0,                                                                                                             
               "Shared Written Blocks": 0,                                                                                                             
               "Local Hit Blocks": 0,                                                                                                                  
               "Local Read Blocks": 0,                                                                                                                 
               "Local Dirtied Blocks": 0,                                                                                                              
               "Local Written Blocks": 0,                                                                                                              
               "Temp Read Blocks": 0,                                                                                                                  
               "Temp Written Blocks": 0                                                                                                                
             },                                                                                                                                        
             {                                                                                                                                         
               "Node Type": "Materialize",                                                                                                             
               "Parent Relationship": "Inner",                                                                                                         
               "Parallel Aware": false,                                                                                                                
               "Startup Cost": 0.00,                                                                                                                   
               "Total Cost": 13893.61,                                                                                                                 
               "Plan Rows": 1,                                                                                                                         
               "Plan Width": 31,                                                                                                                       
               "Actual Startup Time": 6127.938,                                                                                                        
               "Actual Total Time": 6404.415,                                                                                                          
               "Actual Rows": 618,                                                                                                                     
               "Actual Loops": 4,                                                                                                                      
               "Shared Hit Blocks": 18,                                                                                                                
               "Shared Read Blocks": 244844,                                                                                                           
               "Shared Dirtied Blocks": 0,                                                                                                             
               "Shared Written Blocks": 0,                                                                                                             
               "Local Hit Blocks": 0,                                                                                                                  
               "Local Read Blocks": 0,                                                                                                                 
               "Local Dirtied Blocks": 0,                                                                                                              
               "Local Written Blocks": 0,                                                                                                              
               "Temp Read Blocks": 0,                                                                                                                  
               "Temp Written Blocks": 0,                                                                                                               
               "Plans": [                                                                                                                              
                 {                                                                                                                                     
                   "Node Type": "Nested Loop",                                                                                                         
                   "Parent Relationship": "Outer",                                                                                                     
                   "Parallel Aware": false,                                                                                                            
                   "Join Type": "Inner",                                                                                                               
                   "Startup Cost": 0.00,                                                                                                               
                   "Total Cost": 13893.61,                                                                                                             
                   "Plan Rows": 1,                                                                                                                     
                   "Plan Width": 31,                                                                                                                   
                   "Actual Startup Time": 24511.741,                                                                                                   
                   "Actual Total Time": 25617.256,                                                                                                     
                   "Actual Rows": 618,                                                                                                                 
                   "Actual Loops": 1,                                                                                                                  
                   "Inner Unique": false,                                                                                                              
                   "Join Filter": "(t.id = mk.movie_id)",                                                                                              
                   "Rows Removed by Join Filter": 27142962,                                                                                            
                   "Shared Hit Blocks": 18,                                                                                                            
                   "Shared Read Blocks": 244844,                                                                                                       
                   "Shared Dirtied Blocks": 0,                                                                                                         
                   "Shared Written Blocks": 0,                                                                                                         
                   "Local Hit Blocks": 0,                                                                                                              
                   "Local Read Blocks": 0,                                                                                                             
                   "Local Dirtied Blocks": 0,                                                                                                          
                   "Local Written Blocks": 0,                                                                                                          
                   "Temp Read Blocks": 0,                                                                                                              
                   "Temp Written Blocks": 0,                                                                                                           
                   "Plans": [                                                                                                                          
                     {                                                                                                                                 
                       "Node Type": "Seq Scan",                                                                                                        
                       "Parent Relationship": "Outer",                                                                                                 
                       "Parallel Aware": false,                                                                                                        
                       "Relation Name": "movie_keyword",                                                                                               
                       "Alias": "mk",                                                                                                                  
                       "Startup Cost": 0.00,                                                                                                           
                       "Total Cost": 1079.84,                                                                                                          
                       "Plan Rows": 4523930,                                                                                                           
                       "Plan Width": 8,                                                                                                                
                       "Actual Startup Time": 0.007,                                                                                                   
                       "Actual Total Time": 555.282,                                                                                                   
                       "Actual Rows": 4523930,                                                                                                         
                       "Actual Loops": 1,                                                                                                              
                       "Shared Hit Blocks": 3,                                                                                                         
                       "Shared Read Blocks": 24451,                                                                                                    
                       "Shared Dirtied Blocks": 0,                                                                                                     
                       "Shared Written Blocks": 0,                                                                                                     
                       "Local Hit Blocks": 0,                                                                                                          
                       "Local Read Blocks": 0,                                                                                                         
                       "Local Dirtied Blocks": 0,                                                                                                      
                       "Local Written Blocks": 0,                                                                                                      
                       "Temp Read Blocks": 0,                                                                                                          
                       "Temp Written Blocks": 0                                                                                                        
                     },                                                                                                                                
                     {                                                                                                                                 
                       "Node Type": "Materialize",                                                                                                     
                       "Parent Relationship": "Inner",                                                                                                 
                       "Parallel Aware": false,                                                                                                        
                       "Startup Cost": 0.00,                                                                                                           
                       "Total Cost": 11798.50,                                                                                                         
                       "Plan Rows": 1,                                                                                                                 
                       "Plan Width": 43,                                                                                                               
                       "Actual Startup Time": 0.004,                                                                                                   
                       "Actual Total Time": 0.005,                                                                                                     
                       "Actual Rows": 6,                                                                                                               
                       "Actual Loops": 4523930,                                                                                                        
                       "Shared Hit Blocks": 15,                                                                                                        
                       "Shared Read Blocks": 220393,                                                                                                   
                       "Shared Dirtied Blocks": 0,                                                                                                     
                       "Shared Written Blocks": 0,                                                                                                     
                       "Local Hit Blocks": 0,                                                                                                          
                       "Local Read Blocks": 0,                                                                                                         
                       "Local Dirtied Blocks": 0,                                                                                                      
                       "Local Written Blocks": 0,                                                                                                      
                       "Temp Read Blocks": 0,                                                                                                          
                       "Temp Written Blocks": 0,                                                                                                       
                       "Plans": [                                                                                                                      
                         {                                                                                                                             
                           "Node Type": "Nested Loop",                                                                                                 
                           "Parent Relationship": "Outer",                                                                                             
                           "Parallel Aware": false,                                                                                                    
                           "Join Type": "Inner",                                                                                                       
                           "Startup Cost": 0.00,                                                                                                       
                           "Total Cost": 11798.50,                                                                                                     
                           "Plan Rows": 1,                                                                                                             
                           "Plan Width": 43,                                                                                                           
                           "Actual Startup Time": 19528.592,                                                                                           
                           "Actual Total Time": 19673.086,                                                                                             
                           "Actual Rows": 6,                                                                                                           
                           "Actual Loops": 1,                                                                                                          
                           "Inner Unique": true,                                                                                                       
                           "Join Filter": "(t.kind_id = kt.id)",                                                                                       
                           "Rows Removed by Join Filter": 0,                                                                                           
                           "Shared Hit Blocks": 15,                                                                                                    
                           "Shared Read Blocks": 220393,                                                                                               
                           "Shared Dirtied Blocks": 0,                                                                                                 
                           "Shared Written Blocks": 0,                                                                                                 
                           "Local Hit Blocks": 0,                                                                                                      
                           "Local Read Blocks": 0,                                                                                                     
                           "Local Dirtied Blocks": 0,                                                                                                  
                           "Local Written Blocks": 0,                                                                                                  
                           "Temp Read Blocks": 0,                                                                                                      
                           "Temp Written Blocks": 0,                                                                                                   
                           "Plans": [                                                                                                                  
                             {                                                                                                                         
                               "Node Type": "Nested Loop",                                                                                             
                               "Parent Relationship": "Outer",                                                                                         
                               "Parallel Aware": false,                                                                                                
                               "Join Type": "Inner",                                                                                                   
                               "Startup Cost": 0.00,                                                                                                   
                               "Total Cost": 11798.46,                                                                                                 
                               "Plan Rows": 1,                                                                                                         
                               "Plan Width": 37,                                                                                                       
                               "Actual Startup Time": 19528.568,                                                                                       
                               "Actual Total Time": 19673.059,                                                                                         
                               "Actual Rows": 6,                                                                                                       
                               "Actual Loops": 1,                                                                                                      
                               "Inner Unique": false,                                                                                                  
                               "Join Filter": "(mi.movie_id = t.id)",                                                                                  
                               "Rows Removed by Join Filter": 8288712,                                                                                 
                               "Shared Hit Blocks": 14,                                                                                                
                               "Shared Read Blocks": 220393,                                                                                           
                               "Shared Dirtied Blocks": 0,                                                                                             
                               "Shared Written Blocks": 0,                                                                                             
                               "Local Hit Blocks": 0,                                                                                                  
                               "Local Read Blocks": 0,                                                                                                 
                               "Local Dirtied Blocks": 0,                                                                                              
                               "Local Written Blocks": 0,                                                                                              
                               "Temp Read Blocks": 0,                                                                                                  
                               "Temp Written Blocks": 0,                                                                                               
                               "Plans": [                                                                                                              
                                 {                                                                                                                     
                                   "Node Type": "Seq Scan",                                                                                            
                                   "Parent Relationship": "Outer",                                                                                     
                                   "Parallel Aware": false,                                                                                            
                                   "Relation Name": "title",                                                                                           
                                   "Alias": "t",                                                                                                       
                                   "Startup Cost": 0.00,                                                                                               
                                   "Total Cost": 1500.26,                                                                                              
                                   "Plan Rows": 1381453,                                                                                               
                                   "Plan Width": 25,                                                                                                   
                                   "Actual Startup Time": 35.746,                                                                                      
                                   "Actual Total Time": 645.409,                                                                                       
                                   "Actual Rows": 1381453,                                                                                             
                                   "Actual Loops": 1,                                                                                                  
                                   "Filter": "(production_year > 2000)",                                                                               
                                   "Rows Removed by Filter": 1146859,                                                                                  
                                   "Shared Hit Blocks": 2,                                                                                             
                                   "Shared Read Blocks": 35996,                                                                                        
                                   "Shared Dirtied Blocks": 0,                                                                                         
                                   "Shared Written Blocks": 0,                                                                                         
                                   "Local Hit Blocks": 0,                                                                                              
                                   "Local Read Blocks": 0,                                                                                             
                                   "Local Dirtied Blocks": 0,                                                                                          
                                   "Local Written Blocks": 0,                                                                                          
                                   "Temp Read Blocks": 0,                                                                                              
                                   "Temp Written Blocks": 0                                                                                            
                                 },                                                                                                                    
                                 {                                                                                                                     
                                   "Node Type": "Materialize",                                                                                         
                                   "Parent Relationship": "Inner",                                                                                     
                                   "Parallel Aware": false,                                                                                            
                                   "Startup Cost": 0.00,                                                                                               
                                   "Total Cost": 9988.18,                                                                                              
                                   "Plan Rows": 1,                                                                                                     
                                   "Plan Width": 12,                                                                                                   
                                   "Actual Startup Time": 0.013,                                                                                       
                                   "Actual Total Time": 0.013,                                                                                         
                                   "Actual Rows": 6,                                                                                                   
                                   "Actual Loops": 1381453,                                                                                            
                                   "Shared Hit Blocks": 12,                                                                                            
                                   "Shared Read Blocks": 184397,                                                                                       
                                   "Shared Dirtied Blocks": 0,                                                                                         
                                   "Shared Written Blocks": 0,                                                                                         
                                   "Local Hit Blocks": 0,                                                                                              
                                   "Local Read Blocks": 0,                                                                                             
                                   "Local Dirtied Blocks": 0,                                                                                          
                                   "Local Written Blocks": 0,                                                                                          
                                   "Temp Read Blocks": 0,                                                                                              
                                   "Temp Written Blocks": 0,                                                                                           
                                   "Plans": [                                                                                                          
                                     {                                                                                                                 
                                       "Node Type": "Nested Loop",                                                                                     
                                       "Parent Relationship": "Outer",                                                                                 
                                       "Parallel Aware": false,                                                                                        
                                       "Join Type": "Inner",                                                                                           
                                       "Startup Cost": 0.00,                                                                                           
                                       "Total Cost": 9988.18,                                                                                          
                                       "Plan Rows": 1,                                                                                                 
                                       "Plan Width": 12,                                                                                               
                                       "Actual Startup Time": 17353.953,                                                                               
                                       "Actual Total Time": 17458.147,                                                                                 
                                       "Actual Rows": 6,                                                                                               
                                       "Actual Loops": 1,                                                                                              
                                       "Inner Unique": false,                                                                                          
                                       "Join Filter": "(mc.company_type_id = ct.id)",                                                                  
                                       "Rows Removed by Join Filter": 18,                                                                              
                                       "Shared Hit Blocks": 12,                                                                                        
                                       "Shared Read Blocks": 184397,                                                                                   
                                       "Shared Dirtied Blocks": 0,                                                                                     
                                       "Shared Written Blocks": 0,                                                                                     
                                       "Local Hit Blocks": 0,                                                                                          
                                       "Local Read Blocks": 0,                                                                                         
                                       "Local Dirtied Blocks": 0,                                                                                      
                                       "Local Written Blocks": 0,                                                                                      
                                       "Temp Read Blocks": 0,                                                                                          
                                       "Temp Written Blocks": 0,                                                                                       
                                       "Plans": [                                                                                                      
                                         {                                                                                                             
                                           "Node Type": "Seq Scan",                                                                                    
                                           "Parent Relationship": "Outer",                                                                             
                                           "Parallel Aware": false,                                                                                    
                                           "Relation Name": "company_type",                                                                            
                                           "Alias": "ct",                                                                                              
                                           "Startup Cost": 0.00,                                                                                       
                                           "Total Cost": 0.03,                                                                                         
                                           "Plan Rows": 4,                                                                                             
                                           "Plan Width": 4,                                                                                            
                                           "Actual Startup Time": 0.010,                                                                               
                                           "Actual Total Time": 0.011,                                                                                 
                                           "Actual Rows": 4,                                                                                           
                                           "Actual Loops": 1,                                                                                          
                                           "Shared Hit Blocks": 1,                                                                                     
                                           "Shared Read Blocks": 0,                                                                                    
                                           "Shared Dirtied Blocks": 0,                                                                                 
                                           "Shared Written Blocks": 0,                                                                                 
                                           "Local Hit Blocks": 0,                                                                                      
                                           "Local Read Blocks": 0,                                                                                     
                                           "Local Dirtied Blocks": 0,                                                                                  
                                           "Local Written Blocks": 0,                                                                                  
                                           "Temp Read Blocks": 0,                                                                                      
                                           "Temp Written Blocks": 0                                                                                    
                                         },                                                                                                            
                                         {                                                                                                             
                                           "Node Type": "Materialize",                                                                                 
                                           "Parent Relationship": "Inner",                                                                             
                                           "Parallel Aware": false,                                                                                    
                                           "Startup Cost": 0.00,                                                                                       
                                           "Total Cost": 9988.15,                                                                                      
                                           "Plan Rows": 1,                                                                                             
                                           "Plan Width": 16,                                                                                           
                                           "Actual Startup Time": 4338.485,                                                                            
                                           "Actual Total Time": 4364.532,                                                                              
                                           "Actual Rows": 6,                                                                                           
                                           "Actual Loops": 4,                                                                                          
                                           "Shared Hit Blocks": 11,                                                                                    
                                           "Shared Read Blocks": 184397,                                                                               
                                           "Shared Dirtied Blocks": 0,                                                                                 
                                           "Shared Written Blocks": 0,                                                                                 
                                           "Local Hit Blocks": 0,                                                                                      
                                           "Local Read Blocks": 0,                                                                                     
                                           "Local Dirtied Blocks": 0,                                                                                  
                                           "Local Written Blocks": 0,                                                                                  
                                           "Temp Read Blocks": 0,                                                                                      
                                           "Temp Written Blocks": 0,                                                                                   
                                           "Plans": [                                                                                                  
                                             {                                                                                                         
                                               "Node Type": "Nested Loop",                                                                             
                                               "Parent Relationship": "Outer",                                                                         
                                               "Parallel Aware": false,                                                                                
                                               "Join Type": "Inner",                                                                                   
                                               "Startup Cost": 0.00,                                                                                   
                                               "Total Cost": 9988.15,                                                                                  
                                               "Plan Rows": 1,                                                                                         
                                               "Plan Width": 16,                                                                                       
                                               "Actual Startup Time": 17353.934,                                                                       
                                               "Actual Total Time": 17458.112,                                                                         
                                               "Actual Rows": 6,                                                                                       
                                               "Actual Loops": 1,                                                                                      
                                               "Inner Unique": false,                                                                                  
                                               "Join Filter": "(mc.company_id = cn.id)",                                                               
                                               "Rows Removed by Join Filter": 509052,                                                                  
                                               "Shared Hit Blocks": 11,                                                                                
                                               "Shared Read Blocks": 184397,                                                                           
                                               "Shared Dirtied Blocks": 0,                                                                             
                                               "Shared Written Blocks": 0,                                                                             
                                               "Local Hit Blocks": 0,                                                                                  
                                               "Local Read Blocks": 0,                                                                                 
                                               "Local Dirtied Blocks": 0,                                                                              
                                               "Local Written Blocks": 0,                                                                              
                                               "Temp Read Blocks": 0,                                                                                  
                                               "Temp Written Blocks": 0,                                                                               
                                               "Plans": [                                                                                              
                                                 {                                                                                                     
                                                   "Node Type": "Seq Scan",                                                                            
                                                   "Parent Relationship": "Outer",                                                                     
                                                   "Parallel Aware": false,                                                                            
                                                   "Relation Name": "company_name",                                                                    
                                                   "Alias": "cn",                                                                                      
                                                   "Startup Cost": 0.00,                                                                               
                                                   "Total Cost": 128.41,                                                                               
                                                   "Plan Rows": 84843,                                                                                 
                                                   "Plan Width": 4,                                                                                    
                                                   "Actual Startup Time": 7.996,                                                                       
                                                   "Actual Total Time": 70.373,                                                                        
                                                   "Actual Rows": 84843,                                                                               
                                                   "Actual Loops": 1,                                                                                  
                                                   "Filter": "((country_code)::text = '[us]'::text)",                                                  
                                                   "Rows Removed by Filter": 150154,                                                                   
                                                   "Shared Hit Blocks": 2,                                                                             
                                                   "Shared Read Blocks": 2992,                                                                         
                                                   "Shared Dirtied Blocks": 0,                                                                         
                                                   "Shared Written Blocks": 0,                                                                         
                                                   "Local Hit Blocks": 0,                                                                              
                                                   "Local Read Blocks": 0,                                                                             
                                                   "Local Dirtied Blocks": 0,                                                                          
                                                   "Local Written Blocks": 0,                                                                          
                                                   "Temp Read Blocks": 0,                                                                              
                                                   "Temp Written Blocks": 0                                                                            
                                                 },                                                                                                    
                                                 {                                                                                                     
                                                   "Node Type": "Materialize",                                                                         
                                                   "Parent Relationship": "Inner",                                                                     
                                                   "Parallel Aware": false,                                                                            
                                                   "Startup Cost": 0.00,                                                                               
                                                   "Total Cost": 9840.70,                                                                              
                                                   "Plan Rows": 1,                                                                                     
                                                   "Plan Width": 20,                                                                                   
                                                   "Actual Startup Time": 0.184,                                                                       
                                                   "Actual Total Time": 0.204,                                                                         
                                                   "Actual Rows": 6,                                                                                   
                                                   "Actual Loops": 84843,                                                                              
                                                   "Shared Hit Blocks": 9,                                                                             
                                                   "Shared Read Blocks": 181405,                                                                       
                                                   "Shared Dirtied Blocks": 0,                                                                         
                                                   "Shared Written Blocks": 0,                                                                         
                                                   "Local Hit Blocks": 0,                                                                              
                                                   "Local Read Blocks": 0,                                                                             
                                                   "Local Dirtied Blocks": 0,                                                                          
                                                   "Local Written Blocks": 0,                                                                          
                                                   "Temp Read Blocks": 0,                                                                              
                                                   "Temp Written Blocks": 0,                                                                           
                                                   "Plans": [                                                                                          
                                                     {                                                                                                 
                                                       "Node Type": "Nested Loop",                                                                     
                                                       "Parent Relationship": "Outer",                                                                 
                                                       "Parallel Aware": false,                                                                        
                                                       "Join Type": "Inner",                                                                           
                                                       "Startup Cost": 0.00,                                                                           
                                                       "Total Cost": 9840.70,                                                                          
                                                       "Plan Rows": 1,                                                                                 
                                                       "Plan Width": 20,                                                                               
                                                       "Actual Startup Time": 15581.741,                                                               
                                                       "Actual Total Time": 17282.611,                                                                 
                                                       "Actual Rows": 6,                                                                               
                                                       "Actual Loops": 1,                                                                              
                                                       "Inner Unique": false,                                                                          
                                                       "Join Filter": "(mi.movie_id = mc.movie_id)",                                                   
                                                       "Rows Removed by Join Filter": 13045639,                                                        
                                                       "Shared Hit Blocks": 9,                                                                         
                                                       "Shared Read Blocks": 181405,                                                                   
                                                       "Shared Dirtied Blocks": 0,                                                                     
                                                       "Shared Written Blocks": 0,                                                                     
                                                       "Local Hit Blocks": 0,                                                                          
                                                       "Local Read Blocks": 0,                                                                         
                                                       "Local Dirtied Blocks": 0,                                                                      
                                                       "Local Written Blocks": 0,                                                                      
                                                       "Temp Read Blocks": 0,                                                                          
                                                       "Temp Written Blocks": 0,                                                                       
                                                       "Plans": [                                                                                      
                                                         {                                                                                             
                                                           "Node Type": "Seq Scan",                                                                    
                                                           "Parent Relationship": "Outer",                                                             
                                                           "Parallel Aware": false,                                                                    
                                                           "Relation Name": "movie_companies",                                                         
                                                           "Alias": "mc",                                                                              
                                                           "Startup Cost": 0.00,                                                                       
                                                           "Total Cost": 769.75,                                                                       
                                                           "Plan Rows": 2609129,                                                                       
                                                           "Plan Width": 12,                                                                           
                                                           "Actual Startup Time": 0.015,                                                               
                                                           "Actual Total Time": 324.021,                                                               
                                                           "Actual Rows": 2609129,                                                                     
                                                           "Actual Loops": 1,                                                                          
                                                           "Shared Hit Blocks": 3,                                                                     
                                                           "Shared Read Blocks": 18786,                                                                
                                                           "Shared Dirtied Blocks": 0,                                                                 
                                                           "Shared Written Blocks": 0,                                                                 
                                                           "Local Hit Blocks": 0,                                                                      
                                                           "Local Read Blocks": 0,                                                                     
                                                           "Local Dirtied Blocks": 0,                                                                  
                                                           "Local Written Blocks": 0,                                                                  
                                                           "Temp Read Blocks": 0,                                                                      
                                                           "Temp Written Blocks": 0                                                                    
                                                         },                                                                                            
                                                         {                                                                                             
                                                           "Node Type": "Materialize",                                                                 
                                                           "Parent Relationship": "Inner",                                                             
                                                           "Parallel Aware": false,                                                                    
                                                           "Startup Cost": 0.00,                                                                       
                                                           "Total Cost": 8485.40,                                                                      
                                                           "Plan Rows": 1,                                                                             
                                                           "Plan Width": 8,                                                                            
                                                           "Actual Startup Time": 0.004,                                                               
                                                           "Actual Total Time": 0.006,                                                                 
                                                           "Actual Rows": 5,                                                                           
                                                           "Actual Loops": 2609129,                                                                    
                                                           "Shared Hit Blocks": 6,                                                                     
                                                           "Shared Read Blocks": 162619,                                                               
                                                           "Shared Dirtied Blocks": 0,                                                                 
                                                           "Shared Written Blocks": 0,                                                                 
                                                           "Local Hit Blocks": 0,                                                                      
                                                           "Local Read Blocks": 0,                                                                     
                                                           "Local Dirtied Blocks": 0,                                                                  
                                                           "Local Written Blocks": 0,                                                                  
                                                           "Temp Read Blocks": 0,                                                                      
                                                           "Temp Written Blocks": 0,                                                                   
                                                           "Plans": [                                                                                  
                                                             {                                                                                         
                                                               "Node Type": "Nested Loop",                                                             
                                                               "Parent Relationship": "Outer",                                                         
                                                               "Parallel Aware": false,                                                                
                                                               "Join Type": "Inner",                                                                   
                                                               "Startup Cost": 0.00,                                                                   
                                                               "Total Cost": 8485.40,                                                                  
                                                               "Plan Rows": 1,                                                                         
                                                               "Plan Width": 8,                                                                        
                                                               "Actual Startup Time": 11520.805,                                                       
                                                               "Actual Total Time": 14390.340,                                                         
                                                               "Actual Rows": 5,                                                                       
                                                               "Actual Loops": 1,                                                                      
                                                               "Inner Unique": false,                                                                  
                                                               "Join Filter": "(cc.movie_id = mi.movie_id)",                                           
                                                               "Rows Removed by Join Filter": 43552427,                                                
                                                               "Shared Hit Blocks": 6,                                                                 
                                                               "Shared Read Blocks": 162619,                                                           
                                                               "Shared Dirtied Blocks": 0,                                                             
                                                               "Shared Written Blocks": 0,                                                             
                                                               "Local Hit Blocks": 0,                                                                  
                                                               "Local Read Blocks": 0,                                                                 
                                                               "Local Dirtied Blocks": 0,                                                              
                                                               "Local Written Blocks": 0,                                                              
                                                               "Temp Read Blocks": 0,                                                                  
                                                               "Temp Written Blocks": 0,                                                               
                                                               "Plans": [                                                                              
                                                                 {                                                                                     
                                                                   "Node Type": "Nested Loop",                                                         
                                                                   "Parent Relationship": "Outer",                                                     
                                                                   "Parallel Aware": false,                                                            
                                                                   "Join Type": "Inner",                                                               
                                                                   "Startup Cost": 0.00,                                                               
                                                                   "Total Cost": 62.62,                                                                
                                                                   "Plan Rows": 33772,                                                                 
                                                                   "Plan Width": 4,                                                                    
                                                                   "Actual Startup Time": 0.168,                                                       
                                                                   "Actual Total Time": 62.593,                                                        
                                                                   "Actual Rows": 24592,                                                               
                                                                   "Actual Loops": 1,                                                                  
                                                                   "Inner Unique": true,                                                               
                                                                   "Join Filter": "(cc.status_id = cct.id)",                                          
                                                                   "Rows Removed by Join Filter": 110494,                                              
                                                                   "Shared Hit Blocks": 3,                                                             
                                                                   "Shared Read Blocks": 729,                                                          
                                                                   "Shared Dirtied Blocks": 0,                                                         
                                                                   "Shared Written Blocks": 0,                                                         
                                                                   "Local Hit Blocks": 0,                                                              
                                                                   "Local Read Blocks": 0,                                                             
                                                                   "Local Dirtied Blocks": 0,                                                          
                                                                   "Local Written Blocks": 0,                                                          
                                                                   "Temp Read Blocks": 0,                                                              
                                                                   "Temp Written Blocks": 0,                                                           
                                                                   "Plans": [                                                                          
                                                                     {                                                                                 
                                                                       "Node Type": "Seq Scan",                                                        
                                                                       "Parent Relationship": "Outer",                                                 
                                                                       "Parallel Aware": false,                                                        
                                                                       "Relation Name": "complete_cast",                                               
                                                                       "Alias": "cc",                                                                  
                                                                       "Startup Cost": 0.00,                                                           
                                                                       "Total Cost": 32.27,                                                            
                                                                       "Plan Rows": 135086,                                                            
                                                                       "Plan Width": 8,                                                                
                                                                       "Actual Startup Time": 0.138,                                                   
                                                                       "Actual Total Time": 14.512,                                                    
                                                                       "Actual Rows": 135086,                                                          
                                                                       "Actual Loops": 1,                                                              
                                                                       "Shared Hit Blocks": 2,                                                         
                                                                       "Shared Read Blocks": 729,                                                      
                                                                       "Shared Dirtied Blocks": 0,                                                     
                                                                       "Shared Written Blocks": 0,                                                     
                                                                       "Local Hit Blocks": 0,                                                          
                                                                       "Local Read Blocks": 0,                                                         
                                                                       "Local Dirtied Blocks": 0,                                                      
                                                                       "Local Written Blocks": 0,                                                      
                                                                       "Temp Read Blocks": 0,                                                          
                                                                       "Temp Written Blocks": 0                                                        
                                                                     },                                                                                
                                                                     {                                                                                 
                                                                       "Node Type": "Materialize",                                                     
                                                                       "Parent Relationship": "Inner",                                                 
                                                                       "Parallel Aware": false,                                                        
                                                                       "Startup Cost": 0.00,                                                           
                                                                       "Total Cost": 0.03,                                                             
                                                                       "Plan Rows": 1,                                                                 
                                                                       "Plan Width": 4,                                                                
                                                                       "Actual Startup Time": 0.000,                                                   
                                                                       "Actual Total Time": 0.000,                                                     
                                                                       "Actual Rows": 1,                                                               
                                                                       "Actual Loops": 135086,                                                         
                                                                       "Shared Hit Blocks": 1,                                                         
                                                                       "Shared Read Blocks": 0,                                                        
                                                                       "Shared Dirtied Blocks": 0,                                                     
                                                                       "Shared Written Blocks": 0,                                                     
                                                                       "Local Hit Blocks": 0,                                                          
                                                                       "Local Read Blocks": 0,                                                         
                                                                       "Local Dirtied Blocks": 0,                                                      
                                                                       "Local Written Blocks": 0,                                                      
                                                                       "Temp Read Blocks": 0,                                                          
                                                                       "Temp Written Blocks": 0,                                                       
                                                                       "Plans": [                                                                      
                                                                         {                                                                             
                                                                           "Node Type": "Seq Scan",                                                    
                                                                           "Parent Relationship": "Outer",                                             
                                                                           "Parallel Aware": false,                                                    
                                                                           "Relation Name": "comp_cast_type",                                          
                                                                           "Alias": "cct",                                                            
                                                                           "Startup Cost": 0.00,                                                       
                                                                           "Total Cost": 0.03,                                                         
                                                                           "Plan Rows": 1,                                                             
                                                                           "Plan Width": 4,                                                            
                                                                           "Actual Startup Time": 0.019,                                               
                                                                           "Actual Total Time": 0.020,                                                 
                                                                           "Actual Rows": 1,                                                           
                                                                           "Actual Loops": 1,                                                          
                                                                           "Filter": "((kind)::text = 'completeverified'::text)",                     
                                                                           "Rows Removed by Filter": 3,                                                
                                                                           "Shared Hit Blocks": 1,                                                     
                                                                           "Shared Read Blocks": 0,                                                    
                                                                           "Shared Dirtied Blocks": 0,                                                 
                                                                           "Shared Written Blocks": 0,                                                 
                                                                           "Local Hit Blocks": 0,                                                      
                                                                           "Local Read Blocks": 0,                                                     
                                                                           "Local Dirtied Blocks": 0,                                                  
                                                                           "Local Written Blocks": 0,                                                  
                                                                           "Temp Read Blocks": 0,                                                      
                                                                           "Temp Written Blocks": 0                                                    
                                                                         }                                                                             
                                                                       ]                                                                               
                                                                     }                                                                                 
                                                                   ]                                                                                   
                                                                 },                                                                                    
                                                                 {                                                                                     
                                                                   "Node Type": "Materialize",                                                         
                                                                   "Parent Relationship": "Inner",                                                     
                                                                   "Parallel Aware": false,                                                            
                                                                   "Startup Cost": 0.00,                                                               
                                                                   "Total Cost": 8407.62,                                                              
                                                                   "Plan Rows": 2,                                                                     
                                                                   "Plan Width": 4,                                                                    
                                                                   "Actual Startup Time": 0.061,                                                       
                                                                   "Actual Total Time": 0.417,                                                         
                                                                   "Actual Rows": 1771,                                                                
                                                                   "Actual Loops": 24592,                                                              
                                                                   "Shared Hit Blocks": 3,                                                             
                                                                   "Shared Read Blocks": 161890,                                                       
                                                                   "Shared Dirtied Blocks": 0,                                                         
                                                                   "Shared Written Blocks": 0,                                                         
                                                                   "Local Hit Blocks": 0,                                                              
                                                                   "Local Read Blocks": 0,                                                             
                                                                   "Local Dirtied Blocks": 0,                                                          
                                                                   "Local Written Blocks": 0,                                                          
                                                                   "Temp Read Blocks": 0,                                                              
                                                                   "Temp Written Blocks": 0,                                                           
                                                                   "Plans": [                                                                          
                                                                     {                                                                                 
                                                                       "Node Type": "Nested Loop",                                                     
                                                                       "Parent Relationship": "Outer",                                                 
                                                                       "Parallel Aware": false,                                                        
                                                                       "Join Type": "Inner",                                                           
                                                                       "Startup Cost": 0.00,                                                           
                                                                       "Total Cost": 8407.62,                                                          
                                                                       "Plan Rows": 2,                                                                 
                                                                       "Plan Width": 4,                                                                
                                                                       "Actual Startup Time": 1501.993,                                                
                                                                       "Actual Total Time": 8356.937,                                                  
                                                                       "Actual Rows": 1771,                                                            
                                                                       "Actual Loops": 1,                                                              
                                                                       "Inner Unique": true,                                                           
                                                                       "Join Filter": "(it.id = mi.info_type_id)",                                    
                                                                       "Rows Removed by Join Filter": 0,                                               
                                                                       "Shared Hit Blocks": 3,                                                         
                                                                       "Shared Read Blocks": 161890,                                                   
                                                                       "Shared Dirtied Blocks": 0,                                                     
                                                                       "Shared Written Blocks": 0,                                                     
                                                                       "Local Hit Blocks": 0,                                                          
                                                                       "Local Read Blocks": 0,                                                         
                                                                       "Local Dirtied Blocks": 0,                                                      
                                                                       "Local Written Blocks": 0,                                                      
                                                                       "Temp Read Blocks": 0,                                                          
                                                                       "Temp Written Blocks": 0,                                                       
                                                                       "Plans": [                                                                      
                                                                         {                                                                             
                                                                           "Node Type": "Seq Scan",                                                    
                                                                           "Parent Relationship": "Outer",                                             
                                                                           "Parallel Aware": false,                                                    
                                                                           "Relation Name": "movie_info",                                              
                                                                           "Alias": "mi",                                                              
                                                                           "Startup Cost": 0.00,                                                       
                                                                           "Total Cost": 8407.52,                                                      
                                                                           "Plan Rows": 260,                                                           
                                                                           "Plan Width": 8,                                                            
                                                                           "Actual Startup Time": 1501.947,                                            
                                                                           "Actual Total Time": 8355.303,                                              
                                                                           "Actual Rows": 1771,                                                        
                                                                           "Actual Loops": 1,                                                          
                                                                           "Filter": "((note ~~ '%internet%'::text) AND (info ~~ 'USA:% 200%'::text))",
                                                                           "Rows Removed by Filter": 14833949,                                         
                                                                           "Shared Hit Blocks": 2,                                                     
                                                                           "Shared Read Blocks": 161890,                                               
                                                                           "Shared Dirtied Blocks": 0,                                                 
                                                                           "Shared Written Blocks": 0,                                                 
                                                                           "Local Hit Blocks": 0,                                                      
                                                                           "Local Read Blocks": 0,                                                     
                                                                           "Local Dirtied Blocks": 0,                                                  
                                                                           "Local Written Blocks": 0,                                                  
                                                                           "Temp Read Blocks": 0,                                                      
                                                                           "Temp Written Blocks": 0                                                    
                                                                         },                                                                            
                                                                         {                                                                             
                                                                           "Node Type": "Materialize",                                                 
                                                                           "Parent Relationship": "Inner",                                             
                                                                           "Parallel Aware": false,                                                    
                                                                           "Startup Cost": 0.00,                                                       
                                                                           "Total Cost": 0.05,                                                         
                                                                           "Plan Rows": 1,                                                             
                                                                           "Plan Width": 4,                                                            
                                                                           "Actual Startup Time": 0.000,                                               
                                                                           "Actual Total Time": 0.000,                                                 
                                                                           "Actual Rows": 1,                                                           
                                                                           "Actual Loops": 1771,                                                       
                                                                           "Shared Hit Blocks": 1,                                                     
                                                                           "Shared Read Blocks": 0,                                                    
                                                                           "Shared Dirtied Blocks": 0,                                                 
                                                                           "Shared Written Blocks": 0,                                                 
                                                                           "Local Hit Blocks": 0,                                                      
                                                                           "Local Read Blocks": 0,                                                     
                                                                           "Local Dirtied Blocks": 0,                                                  
                                                                           "Local Written Blocks": 0,                                                  
                                                                           "Temp Read Blocks": 0,                                                      
                                                                           "Temp Written Blocks": 0,                                                   
                                                                           "Plans": [                                                                  
                                                                             {                                                                         
                                                                               "Node Type": "Seq Scan",                                                
                                                                               "Parent Relationship": "Outer",                                         
                                                                               "Parallel Aware": false,                                                
                                                                               "Relation Name": "info_type",                                           
                                                                               "Alias": "it",                                                         
                                                                               "Startup Cost": 0.00,                                                   
                                                                               "Total Cost": 0.05,                                                     
                                                                               "Plan Rows": 1,                                                         
                                                                               "Plan Width": 4,                                                        
                                                                               "Actual Startup Time": 0.022,                                           
                                                                               "Actual Total Time": 0.022,                                             
                                                                               "Actual Rows": 1,                                                       
                                                                               "Actual Loops": 1,                                                      
                                                                               "Filter": "((info)::text = 'release dates'::text)",                     
                                                                               "Rows Removed by Filter": 15,                                           
                                                                               "Shared Hit Blocks": 1,                                                 
                                                                               "Shared Read Blocks": 0,                                                
                                                                               "Shared Dirtied Blocks": 0,                                             
                                                                               "Shared Written Blocks": 0,                                             
                                                                               "Local Hit Blocks": 0,                                                  
                                                                               "Local Read Blocks": 0,                                                 
                                                                               "Local Dirtied Blocks": 0,                                              
                                                                               "Local Written Blocks": 0,                                              
                                                                               "Temp Read Blocks": 0,                                                  
                                                                               "Temp Written Blocks": 0                                                
                                                                             }                                                                         
                                                                           ]                                                                           
                                                                         }                                                                             
                                                                       ]                                                                               
                                                                     }                                                                                 
                                                                   ]                                                                                   
                                                                 }                                                                                     
                                                               ]                                                                                       
                                                             }                                                                                         
                                                           ]                                                                                           
                                                         }                                                                                             
                                                       ]                                                                                               
                                                     }                                                                                                 
                                                   ]                                                                                                   
                                                 }                                                                                                     
                                               ]                                                                                                       
                                             }                                                                                                         
                                           ]                                                                                                           
                                         }                                                                                                             
                                       ]                                                                                                               
                                     }                                                                                                                 
                                   ]                                                                                                                   
                                 }                                                                                                                     
                               ]                                                                                                                       
                             },                                                                                                                        
                             {                                                                                                                         
                               "Node Type": "Materialize",                                                                                             
                               "Parent Relationship": "Inner",                                                                                         
                               "Parallel Aware": false,                                                                                                
                               "Startup Cost": 0.00,                                                                                                   
                               "Total Cost": 0.03,                                                                                                     
                               "Plan Rows": 1,                                                                                                         
                               "Plan Width": 14,                                                                                                       
                               "Actual Startup Time": 0.003,                                                                                           
                               "Actual Total Time": 0.003,                                                                                             
                               "Actual Rows": 1,                                                                                                       
                               "Actual Loops": 6,                                                                                                      
                               "Shared Hit Blocks": 1,                                                                                                 
                               "Shared Read Blocks": 0,                                                                                                
                               "Shared Dirtied Blocks": 0,                                                                                             
                               "Shared Written Blocks": 0,                                                                                             
                               "Local Hit Blocks": 0,                                                                                                  
                               "Local Read Blocks": 0,                                                                                                 
                               "Local Dirtied Blocks": 0,                                                                                              
                               "Local Written Blocks": 0,                                                                                              
                               "Temp Read Blocks": 0,                                                                                                  
                               "Temp Written Blocks": 0,                                                                                               
                               "Plans": [                                                                                                              
                                 {                                                                                                                     
                                   "Node Type": "Seq Scan",                                                                                            
                                   "Parent Relationship": "Outer",                                                                                     
                                   "Parallel Aware": false,                                                                                            
                                   "Relation Name": "kind_type",                                                                                       
                                   "Alias": "kt",                                                                                                      
                                   "Startup Cost": 0.00,                                                                                               
                                   "Total Cost": 0.03,                                                                                                 
                                   "Plan Rows": 1,                                                                                                     
                                   "Plan Width": 14,                                                                                                   
                                   "Actual Startup Time": 0.008,                                                                                       
                                   "Actual Total Time": 0.008,                                                                                         
                                   "Actual Rows": 1,                                                                                                   
                                   "Actual Loops": 1,                                                                                                  
                                   "Filter": "((kind)::text = 'movie'::text)",                                                                         
                                   "Rows Removed by Filter": 0,                                                                                        
                                   "Shared Hit Blocks": 1,                                                                                             
                                   "Shared Read Blocks": 0,                                                                                            
                                   "Shared Dirtied Blocks": 0,                                                                                         
                                   "Shared Written Blocks": 0,                                                                                         
                                   "Local Hit Blocks": 0,                                                                                              
                                   "Local Read Blocks": 0,                                                                                             
                                   "Local Dirtied Blocks": 0,                                                                                          
                                   "Local Written Blocks": 0,                                                                                          
                                   "Temp Read Blocks": 0,                                                                                              
                                   "Temp Written Blocks": 0                                                                                            
                                 }                                                                                                                     
                               ]                                                                                                                       
                             }                                                                                                                         
                           ]                                                                                                                           
                         }                                                                                                                             
                       ]                                                                                                                               
                     }                                                                                                                                 
                   ]                                                                                                                                   
                 }                                                                                                                                     
               ]                                                                                                                                       
             }                                                                                                                                         
           ]                                                                                                                                           
         }                                                                                                                                             
       ]                                                                                                                                               
     },                                                                                                                                                
     "Planning Time": 9285.756,                                                                                                                        
     "Triggers": [                                                                                                                                     
     ],                                                                                                                                                
     "Execution Time": 25725.418                                                                                                                       
   }                                                                                                                                                   
 ]
