 [                                                                                                                                                       
   {                                                                                                                                                     
     "Plan": {                                                                                                                                           
       "Node Type": "Aggregate",                                                                                                                         
       "Strategy": "Plain",                                                                                                                              
       "Partial Mode": "Simple",                                                                                                                         
       "Parallel Aware": false,                                                                                                                          
       "Startup Cost": 33386.50,                                                                                                                         
       "Total Cost": 33386.50,                                                                                                                           
       "Plan Rows": 1,                                                                                                                                   
       "Plan Width": 128,                                                                                                                                
       "Actual Startup Time": 9385573.009,                                                                                                               
       "Actual Total Time": 9385573.009,                                                                                                                 
       "Actual Rows": 1,                                                                                                                                 
       "Actual Loops": 1,                                                                                                                                
       "Shared Hit Blocks": 21,                                                                                                                          
       "Shared Read Blocks": 539998,                                                                                                                     
       "Shared Dirtied Blocks": 0,                                                                                                                       
       "Shared Written Blocks": 0,                                                                                                                       
       "Local Hit Blocks": 0,                                                                                                                            
       "Local Read Blocks": 0,                                                                                                                           
       "Local Dirtied Blocks": 0,                                                                                                                        
       "Local Written Blocks": 0,                                                                                                                        
       "Temp Read Blocks": 0,                                                                                                                            
       "Temp Written Blocks": 0,                                                                                                                         
       "Plans": [                                                                                                                                        
         {                                                                                                                                               
           "Node Type": "Nested Loop",                                                                                                                   
           "Parent Relationship": "Outer",                                                                                                               
           "Parallel Aware": false,                                                                                                                      
           "Join Type": "Inner",                                                                                                                         
           "Startup Cost": 7959.16,                                                                                                                      
           "Total Cost": 33386.50,                                                                                                                       
           "Plan Rows": 1,                                                                                                                               
           "Plan Width": 80,                                                                                                                             
           "Actual Startup Time": 8056390.191,                                                                                                           
           "Actual Total Time": 9385560.845,                                                                                                             
           "Actual Rows": 4407,                                                                                                                          
           "Actual Loops": 1,                                                                                                                            
           "Inner Unique": false,                                                                                                                        
           "Join Filter": "(mi.movie_id = t.id)",                                                                                                        
           "Rows Removed by Join Filter": 11142266577,                                                                                                   
           "Shared Hit Blocks": 21,                                                                                                                      
           "Shared Read Blocks": 539998,                                                                                                                 
           "Shared Dirtied Blocks": 0,                                                                                                                   
           "Shared Written Blocks": 0,                                                                                                                   
           "Local Hit Blocks": 0,                                                                                                                        
           "Local Read Blocks": 0,                                                                                                                       
           "Local Dirtied Blocks": 0,                                                                                                                    
           "Local Written Blocks": 0,                                                                                                                    
           "Temp Read Blocks": 0,                                                                                                                        
           "Temp Written Blocks": 0,                                                                                                                     
           "Plans": [                                                                                                                                    
             {                                                                                                                                           
               "Node Type": "Seq Scan",                                                                                                                  
               "Parent Relationship": "Outer",                                                                                                           
               "Parallel Aware": false,                                                                                                                  
               "Relation Name": "title",                                                                                                                 
               "Alias": "t",                                                                                                                             
               "Startup Cost": 0.00,                                                                                                                     
               "Total Cost": 1303.96,                                                                                                                    
               "Plan Rows": 2528312,                                                                                                                     
               "Plan Width": 21,                                                                                                                         
               "Actual Startup Time": 21.562,                                                                                                            
               "Actual Total Time": 476.323,                                                                                                             
               "Actual Rows": 2528312,                                                                                                                   
               "Actual Loops": 1,                                                                                                                        
               "Shared Hit Blocks": 1,                                                                                                                   
               "Shared Read Blocks": 35997,                                                                                                              
               "Shared Dirtied Blocks": 0,                                                                                                               
               "Shared Written Blocks": 0,                                                                                                               
               "Local Hit Blocks": 0,                                                                                                                    
               "Local Read Blocks": 0,                                                                                                                   
               "Local Dirtied Blocks": 0,                                                                                                                
               "Local Written Blocks": 0,                                                                                                                
               "Temp Read Blocks": 0,                                                                                                                    
               "Temp Written Blocks": 0                                                                                                                  
             },                                                                                                                                          
             {                                                                                                                                           
               "Node Type": "Materialize",                                                                                                               
               "Parent Relationship": "Inner",                                                                                                           
               "Parallel Aware": false,                                                                                                                  
               "Startup Cost": 7959.16,                                                                                                                  
               "Total Cost": 31515.13,                                                                                                                   
               "Plan Rows": 1,                                                                                                                           
               "Plan Width": 79,                                                                                                                         
               "Actual Startup Time": 1.840,                                                                                                             
               "Actual Total Time": 3.250,                                                                                                               
               "Actual Rows": 4407,                                                                                                                      
               "Actual Loops": 2528312,                                                                                                                  
               "Shared Hit Blocks": 20,                                                                                                                  
               "Shared Read Blocks": 504001,                                                                                                             
               "Shared Dirtied Blocks": 0,                                                                                                               
               "Shared Written Blocks": 0,                                                                                                               
               "Local Hit Blocks": 0,                                                                                                                    
               "Local Read Blocks": 0,                                                                                                                   
               "Local Dirtied Blocks": 0,                                                                                                                
               "Local Written Blocks": 0,                                                                                                                
               "Temp Read Blocks": 0,                                                                                                                    
               "Temp Written Blocks": 0,                                                                                                                 
               "Plans": [                                                                                                                                
                 {                                                                                                                                       
                   "Node Type": "Nested Loop",                                                                                                           
                   "Parent Relationship": "Outer",                                                                                                       
                   "Parallel Aware": false,                                                                                                              
                   "Join Type": "Inner",                                                                                                                 
                   "Startup Cost": 7959.16,                                                                                                              
                   "Total Cost": 31515.13,                                                                                                               
                   "Plan Rows": 1,                                                                                                                       
                   "Plan Width": 79,                                                                                                                     
                   "Actual Startup Time": 4652227.954,                                                                                                   
                   "Actual Total Time": 7726216.448,                                                                                                     
                   "Actual Rows": 4407,                                                                                                                  
                   "Actual Loops": 1,                                                                                                                    
                   "Inner Unique": true,                                                                                                                 
                   "Join Filter": "(mk.keyword_id = k.id)",                                                                                              
                   "Rows Removed by Join Filter": 631135,                                                                                                
                   "Shared Hit Blocks": 20,                                                                                                              
                   "Shared Read Blocks": 504001,                                                                                                         
                   "Shared Dirtied Blocks": 0,                                                                                                           
                   "Shared Written Blocks": 0,                                                                                                           
                   "Local Hit Blocks": 0,                                                                                                                
                   "Local Read Blocks": 0,                                                                                                               
                   "Local Dirtied Blocks": 0,                                                                                                            
                   "Local Written Blocks": 0,                                                                                                            
                   "Temp Read Blocks": 0,                                                                                                                
                   "Temp Written Blocks": 0,                                                                                                             
                   "Plans": [                                                                                                                            
                     {                                                                                                                                   
                       "Node Type": "Nested Loop",                                                                                                       
                       "Parent Relationship": "Outer",                                                                                                   
                       "Parallel Aware": false,                                                                                                          
                       "Join Type": "Inner",                                                                                                             
                       "Startup Cost": 7959.16,                                                                                                          
                       "Total Cost": 31450.03,                                                                                                           
                       "Plan Rows": 10,                                                                                                                  
                       "Plan Width": 83,                                                                                                                 
                       "Actual Startup Time": 4466936.200,                                                                                               
                       "Actual Total Time": 7726007.825,                                                                                                 
                       "Actual Rows": 128590,                                                                                                            
                       "Actual Loops": 1,                                                                                                                
                       "Inner Unique": false,                                                                                                            
                       "Join Filter": "(mi.movie_id = mk.movie_id)",                                                                                     
                       "Rows Removed by Join Filter": 21945455840,                                                                                       
                       "Shared Hit Blocks": 18,                                                                                                          
                       "Shared Read Blocks": 503054,                                                                                                     
                       "Shared Dirtied Blocks": 0,                                                                                                       
                       "Shared Written Blocks": 0,                                                                                                       
                       "Local Hit Blocks": 0,                                                                                                            
                       "Local Read Blocks": 0,                                                                                                           
                       "Local Dirtied Blocks": 0,                                                                                                        
                       "Local Written Blocks": 0,                                                                                                        
                       "Temp Read Blocks": 0,                                                                                                            
                       "Temp Written Blocks": 0,                                                                                                         
                       "Plans": [                                                                                                                        
                         {                                                                                                                               
                           "Node Type": "Seq Scan",                                                                                                      
                           "Parent Relationship": "Outer",                                                                                               
                           "Parallel Aware": false,                                                                                                      
                           "Relation Name": "movie_keyword",                                                                                             
                           "Alias": "mk",                                                                                                                
                           "Startup Cost": 0.00,                                                                                                         
                           "Total Cost": 1079.84,                                                                                                        
                           "Plan Rows": 4523930,                                                                                                         
                           "Plan Width": 8,                                                                                                              
                           "Actual Startup Time": 0.015,                                                                                                 
                           "Actual Total Time": 553.512,                                                                                                 
                           "Actual Rows": 4523930,                                                                                                       
                           "Actual Loops": 1,                                                                                                            
                           "Shared Hit Blocks": 3,                                                                                                       
                           "Shared Read Blocks": 24451,                                                                                                  
                           "Shared Dirtied Blocks": 0,                                                                                                   
                           "Shared Written Blocks": 0,                                                                                                   
                           "Local Hit Blocks": 0,                                                                                                        
                           "Local Read Blocks": 0,                                                                                                       
                           "Local Dirtied Blocks": 0,                                                                                                    
                           "Local Written Blocks": 0,                                                                                                    
                           "Temp Read Blocks": 0,                                                                                                        
                           "Temp Written Blocks": 0                                                                                                      
                         },                                                                                                                              
                         {                                                                                                                               
                           "Node Type": "Materialize",                                                                                                   
                           "Parent Relationship": "Inner",                                                                                               
                           "Parallel Aware": false,                                                                                                      
                           "Startup Cost": 7959.16,                                                                                                      
                           "Total Cost": 29354.92,                                                                                                       
                           "Plan Rows": 1,                                                                                                               
                           "Plan Width": 75,                                                                                                             
                           "Actual Startup Time": 0.007,                                                                                                 
                           "Actual Total Time": 1.198,                                                                                                   
                           "Actual Rows": 4851,                                                                                                          
                           "Actual Loops": 4523930,                                                                                                      
                           "Shared Hit Blocks": 15,                                                                                                      
                           "Shared Read Blocks": 478603,                                                                                                 
                           "Shared Dirtied Blocks": 0,                                                                                                   
                           "Shared Written Blocks": 0,                                                                                                   
                           "Local Hit Blocks": 0,                                                                                                        
                           "Local Read Blocks": 0,                                                                                                       
                           "Local Dirtied Blocks": 0,                                                                                                    
                           "Local Written Blocks": 0,                                                                                                    
                           "Temp Read Blocks": 0,                                                                                                        
                           "Temp Written Blocks": 0,                                                                                                     
                           "Plans": [                                                                                                                    
                             {                                                                                                                           
                               "Node Type": "Nested Loop",                                                                                               
                               "Parent Relationship": "Outer",                                                                                           
                               "Parallel Aware": false,                                                                                                  
                               "Join Type": "Inner",                                                                                                     
                               "Startup Cost": 7959.16,                                                                                                  
                               "Total Cost": 29354.92,                                                                                                   
                               "Plan Rows": 1,                                                                                                           
                               "Plan Width": 75,                                                                                                         
                               "Actual Startup Time": 29221.768,                                                                                         
                               "Actual Total Time": 4451190.310,                                                                                         
                               "Actual Rows": 4851,                                                                                                      
                               "Actual Loops": 1,                                                                                                        
                               "Inner Unique": true,                                                                                                     
                               "Join Filter": "(ci.person_id = n.id)",                                                                                   
                               "Rows Removed by Join Filter": 10854954174,                                                                               
                               "Shared Hit Blocks": 15,                                                                                                  
                               "Shared Read Blocks": 478603,                                                                                             
                               "Shared Dirtied Blocks": 0,                                                                                               
                               "Shared Written Blocks": 0,                                                                                               
                               "Local Hit Blocks": 0,                                                                                                    
                               "Local Read Blocks": 0,                                                                                                   
                               "Local Dirtied Blocks": 0,                                                                                                
                               "Local Written Blocks": 0,                                                                                                
                               "Temp Read Blocks": 0,                                                                                                    
                               "Temp Written Blocks": 0,                                                                                                 
                               "Plans": [                                                                                                                
                                 {                                                                                                                       
                                   "Node Type": "Nested Loop",                                                                                           
                                   "Parent Relationship": "Outer",                                                                                       
                                   "Parallel Aware": false,                                                                                              
                                   "Join Type": "Inner",                                                                                                 
                                   "Startup Cost": 7959.16,                                                                                              
                                   "Total Cost": 26083.02,                                                                                               
                                   "Plan Rows": 2,                                                                                                       
                                   "Plan Width": 64,                                                                                                     
                                   "Actual Startup Time": 25090.717,                                                                                     
                                   "Actual Total Time": 2854284.189,                                                                                     
                                   "Actual Rows": 8650,                                                                                                  
                                   "Actual Loops": 1,                                                                                                    
                                   "Inner Unique": false,                                                                                                
                                   "Join Filter": "(mi.movie_id = ci.movie_id)",                                                                         
                                   "Rows Removed by Join Filter": 20512911030,                                                                           
                                   "Shared Hit Blocks": 14,                                                                                              
                                   "Shared Read Blocks": 422991,                                                                                         
                                   "Shared Dirtied Blocks": 0,                                                                                           
                                   "Shared Written Blocks": 0,                                                                                           
                                   "Local Hit Blocks": 0,                                                                                                
                                   "Local Read Blocks": 0,                                                                                               
                                   "Local Dirtied Blocks": 0,                                                                                            
                                   "Local Written Blocks": 0,                                                                                            
                                   "Temp Read Blocks": 0,                                                                                                
                                   "Temp Written Blocks": 0,                                                                                             
                                   "Plans": [                                                                                                            
                                     {                                                                                                                   
                                       "Node Type": "Merge Join",                                                                                        
                                       "Parent Relationship": "Outer",                                                                                   
                                       "Parallel Aware": false,                                                                                          
                                       "Join Type": "Inner",                                                                                             
                                       "Startup Cost": 7959.16,                                                                                          
                                       "Total Cost": 7961.10,                                                                                            
                                       "Plan Rows": 2,                                                                                                   
                                       "Plan Width": 56,                                                                                                 
                                       "Actual Startup Time": 9223.604,                                                                                  
                                       "Actual Total Time": 9355.753,                                                                                    
                                       "Actual Rows": 16480,                                                                                             
                                       "Actual Loops": 1,                                                                                                
                                       "Inner Unique": false,                                                                                            
                                       "Merge Cond": "(mi.movie_id = mi_idx.movie_id)",                                                                  
                                       "Shared Hit Blocks": 10,                                                                                          
                                       "Shared Read Blocks": 170341,                                                                                     
                                       "Shared Dirtied Blocks": 0,                                                                                       
                                       "Shared Written Blocks": 0,                                                                                       
                                       "Local Hit Blocks": 0,                                                                                            
                                       "Local Read Blocks": 0,                                                                                           
                                       "Local Dirtied Blocks": 0,                                                                                        
                                       "Local Written Blocks": 0,                                                                                        
                                       "Temp Read Blocks": 0,                                                                                            
                                       "Temp Written Blocks": 0,                                                                                         
                                       "Plans": [                                                                                                        
                                         {                                                                                                               
                                           "Node Type": "Sort",                                                                                          
                                           "Parent Relationship": "Outer",                                                                               
                                           "Parallel Aware": false,                                                                                      
                                           "Startup Cost": 7263.09,                                                                                      
                                           "Total Cost": 7263.11,                                                                                        
                                           "Plan Rows": 277,                                                                                             
                                           "Plan Width": 46,                                                                                             
                                           "Actual Startup Time": 8369.999,                                                                              
                                           "Actual Total Time": 8378.342,                                                                                
                                           "Actual Rows": 30413,                                                                                         
                                           "Actual Loops": 1,                                                                                            
                                           "Sort Key": ["mi.movie_id"],                                                                                  
                                           "Sort Method": "quicksort",                                                                                   
                                           "Sort Space Used": 2194,                                                                                      
                                           "Sort Space Type": "Memory",                                                                                  
                                           "Shared Hit Blocks": 7,                                                                                       
                                           "Shared Read Blocks": 161890,                                                                                 
                                           "Shared Dirtied Blocks": 0,                                                                                   
                                           "Shared Written Blocks": 0,                                                                                   
                                           "Local Hit Blocks": 0,                                                                                        
                                           "Local Read Blocks": 0,                                                                                       
                                           "Local Dirtied Blocks": 0,                                                                                    
                                           "Local Written Blocks": 0,                                                                                    
                                           "Temp Read Blocks": 0,                                                                                        
                                           "Temp Written Blocks": 0,                                                                                     
                                           "Plans": [                                                                                                    
                                             {                                                                                                           
                                               "Node Type": "Nested Loop",                                                                               
                                               "Parent Relationship": "Outer",                                                                           
                                               "Parallel Aware": false,                                                                                  
                                               "Join Type": "Inner",                                                                                     
                                               "Startup Cost": 0.00,                                                                                     
                                               "Total Cost": 7262.74,                                                                                    
                                               "Plan Rows": 277,                                                                                         
                                               "Plan Width": 46,                                                                                         
                                               "Actual Startup Time": 7577.867,                                                                          
                                               "Actual Total Time": 8344.257,                                                                            
                                               "Actual Rows": 30413,                                                                                     
                                               "Actual Loops": 1,                                                                                        
                                               "Inner Unique": true,                                                                                     
                                               "Join Filter": "(it.id = mi.info_type_id)",                                                              
                                               "Rows Removed by Join Filter": 388,                                                                       
                                               "Shared Hit Blocks": 3,                                                                                   
                                               "Shared Read Blocks": 161890,                                                                             
                                               "Shared Dirtied Blocks": 0,                                                                               
                                               "Shared Written Blocks": 0,                                                                               
                                               "Local Hit Blocks": 0,                                                                                    
                                               "Local Read Blocks": 0,                                                                                   
                                               "Local Dirtied Blocks": 0,                                                                                
                                               "Local Written Blocks": 0,                                                                                
                                               "Temp Read Blocks": 0,                                                                                    
                                               "Temp Written Blocks": 0,                                                                                 
                                               "Plans": [                                                                                                
                                                 {                                                                                                       
                                                   "Node Type": "Seq Scan",                                                                              
                                                   "Parent Relationship": "Outer",                                                                       
                                                   "Parallel Aware": false,                                                                              
                                                   "Relation Name": "movie_info",                                                                        
                                                   "Alias": "mi",                                                                                        
                                                   "Startup Cost": 0.00,                                                                                 
                                                   "Total Cost": 7255.68,                                                                                
                                                   "Plan Rows": 31269,                                                                                   
                                                   "Plan Width": 50,                                                                                     
                                                   "Actual Startup Time": 4876.914,                                                                      
                                                   "Actual Total Time": 8324.124,                                                                        
                                                   "Actual Rows": 30801,                                                                                 
                                                   "Actual Loops": 1,                                                                                    
                                                   "Filter": "(info = 'Horror'::text)",                                                                  
                                                   "Rows Removed by Filter": 14804919,                                                                   
                                                   "Shared Hit Blocks": 2,                                                                               
                                                   "Shared Read Blocks": 161890,                                                                         
                                                   "Shared Dirtied Blocks": 0,                                                                           
                                                   "Shared Written Blocks": 0,                                                                           
                                                   "Local Hit Blocks": 0,                                                                                
                                                   "Local Read Blocks": 0,                                                                               
                                                   "Local Dirtied Blocks": 0,                                                                            
                                                   "Local Written Blocks": 0,                                                                            
                                                   "Temp Read Blocks": 0,                                                                                
                                                   "Temp Written Blocks": 0                                                                              
                                                 },                                                                                                      
                                                 {                                                                                                       
                                                   "Node Type": "Materialize",                                                                           
                                                   "Parent Relationship": "Inner",                                                                       
                                                   "Parallel Aware": false,                                                                              
                                                   "Startup Cost": 0.00,                                                                                 
                                                   "Total Cost": 0.05,                                                                                   
                                                   "Plan Rows": 1,                                                                                       
                                                   "Plan Width": 4,                                                                                      
                                                   "Actual Startup Time": 0.000,                                                                         
                                                   "Actual Total Time": 0.000,                                                                           
                                                   "Actual Rows": 1,                                                                                     
                                                   "Actual Loops": 30801,                                                                                
                                                   "Shared Hit Blocks": 1,                                                                               
                                                   "Shared Read Blocks": 0,                                                                              
                                                   "Shared Dirtied Blocks": 0,                                                                           
                                                   "Shared Written Blocks": 0,                                                                           
                                                   "Local Hit Blocks": 0,                                                                                
                                                   "Local Read Blocks": 0,                                                                               
                                                   "Local Dirtied Blocks": 0,                                                                            
                                                   "Local Written Blocks": 0,                                                                            
                                                   "Temp Read Blocks": 0,                                                                                
                                                   "Temp Written Blocks": 0,                                                                             
                                                   "Plans": [                                                                                            
                                                     {                                                                                                   
                                                       "Node Type": "Seq Scan",                                                                          
                                                       "Parent Relationship": "Outer",                                                                   
                                                       "Parallel Aware": false,                                                                          
                                                       "Relation Name": "info_type",                                                                     
                                                       "Alias": "it",                                                                                   
                                                       "Startup Cost": 0.00,                                                                             
                                                       "Total Cost": 0.05,                                                                               
                                                       "Plan Rows": 1,                                                                                   
                                                       "Plan Width": 4,                                                                                  
                                                       "Actual Startup Time": 0.010,                                                                     
                                                       "Actual Total Time": 0.022,                                                                       
                                                       "Actual Rows": 1,                                                                                 
                                                       "Actual Loops": 1,                                                                                
                                                       "Filter": "((info)::text = 'genres'::text)",                                                      
                                                       "Rows Removed by Filter": 112,                                                                    
                                                       "Shared Hit Blocks": 1,                                                                           
                                                       "Shared Read Blocks": 0,                                                                          
                                                       "Shared Dirtied Blocks": 0,                                                                       
                                                       "Shared Written Blocks": 0,                                                                       
                                                       "Local Hit Blocks": 0,                                                                            
                                                       "Local Read Blocks": 0,                                                                           
                                                       "Local Dirtied Blocks": 0,                                                                        
                                                       "Local Written Blocks": 0,                                                                        
                                                       "Temp Read Blocks": 0,                                                                            
                                                       "Temp Written Blocks": 0                                                                          
                                                     }                                                                                                   
                                                   ]                                                                                                     
                                                 }                                                                                                       
                                               ]                                                                                                         
                                             }                                                                                                           
                                           ]                                                                                                             
                                         },                                                                                                              
                                         {                                                                                                               
                                           "Node Type": "Sort",                                                                                          
                                           "Parent Relationship": "Inner",                                                                               
                                           "Parallel Aware": false,                                                                                      
                                           "Startup Cost": 696.07,                                                                                       
                                           "Total Cost": 697.01,                                                                                         
                                           "Plan Rows": 12213,                                                                                           
                                           "Plan Width": 10,                                                                                             
                                           "Actual Startup Time": 853.557,                                                                               
                                           "Actual Total Time": 885.300,                                                                                 
                                           "Actual Rows": 459996,                                                                                        
                                           "Actual Loops": 1,                                                                                            
                                           "Sort Key": ["mi_idx.movie_id"],                                                                              
                                           "Sort Method": "quicksort",                                                                                   
                                           "Sort Space Used": 33847,                                                                                     
                                           "Sort Space Type": "Memory",                                                                                  
                                           "Shared Hit Blocks": 3,                                                                                       
                                           "Shared Read Blocks": 8451,                                                                                   
                                           "Shared Dirtied Blocks": 0,                                                                                   
                                           "Shared Written Blocks": 0,                                                                                   
                                           "Local Hit Blocks": 0,                                                                                        
                                           "Local Read Blocks": 0,                                                                                       
                                           "Local Dirtied Blocks": 0,                                                                                    
                                           "Local Written Blocks": 0,                                                                                    
                                           "Temp Read Blocks": 0,                                                                                        
                                           "Temp Written Blocks": 0,                                                                                     
                                           "Plans": [                                                                                                    
                                             {                                                                                                           
                                               "Node Type": "Nested Loop",                                                                               
                                               "Parent Relationship": "Outer",                                                                           
                                               "Parallel Aware": false,                                                                                  
                                               "Join Type": "Inner",                                                                                     
                                               "Startup Cost": 0.00,                                                                                     
                                               "Total Cost": 670.32,                                                                                     
                                               "Plan Rows": 12213,                                                                                       
                                               "Plan Width": 10,                                                                                         
                                               "Actual Startup Time": 0.089,                                                                             
                                               "Actual Total Time": 684.777,                                                                             
                                               "Actual Rows": 459925,                                                                                    
                                               "Actual Loops": 1,                                                                                        
                                               "Inner Unique": true,                                                                                     
                                               "Join Filter": "(it.id = mi_idx.info_type_id)",                                                          
                                               "Rows Removed by Join Filter": 920110,                                                                    
                                               "Shared Hit Blocks": 3,                                                                                   
                                               "Shared Read Blocks": 8451,                                                                               
                                               "Shared Dirtied Blocks": 0,                                                                               
                                               "Shared Written Blocks": 0,                                                                               
                                               "Local Hit Blocks": 0,                                                                                    
                                               "Local Read Blocks": 0,                                                                                   
                                               "Local Dirtied Blocks": 0,                                                                                
                                               "Local Written Blocks": 0,                                                                                
                                               "Temp Read Blocks": 0,                                                                                    
                                               "Temp Written Blocks": 0,                                                                                 
                                               "Plans": [                                                                                                
                                                 {                                                                                                       
                                                   "Node Type": "Seq Scan",                                                                              
                                                   "Parent Relationship": "Outer",                                                                       
                                                   "Parallel Aware": false,                                                                              
                                                   "Relation Name": "movie_info_idx",                                                                    
                                                   "Alias": "mi_idx",                                                                                    
                                                   "Startup Cost": 0.00,                                                                                 
                                                   "Total Cost": 360.56,                                                                                 
                                                   "Plan Rows": 1380035,                                                                                 
                                                   "Plan Width": 14,                                                                                     
                                                   "Actual Startup Time": 0.015,                                                                         
                                                   "Actual Total Time": 171.536,                                                                         
                                                   "Actual Rows": 1380035,                                                                               
                                                   "Actual Loops": 1,                                                                                    
                                                   "Shared Hit Blocks": 2,                                                                               
                                                   "Shared Read Blocks": 8451,                                                                           
                                                   "Shared Dirtied Blocks": 0,                                                                           
                                                   "Shared Written Blocks": 0,                                                                           
                                                   "Local Hit Blocks": 0,                                                                                
                                                   "Local Read Blocks": 0,                                                                               
                                                   "Local Dirtied Blocks": 0,                                                                            
                                                   "Local Written Blocks": 0,                                                                            
                                                   "Temp Read Blocks": 0,                                                                                
                                                   "Temp Written Blocks": 0                                                                              
                                                 },                                                                                                      
                                                 {                                                                                                       
                                                   "Node Type": "Materialize",                                                                           
                                                   "Parent Relationship": "Inner",                                                                       
                                                   "Parallel Aware": false,                                                                              
                                                   "Startup Cost": 0.00,                                                                                 
                                                   "Total Cost": 0.05,                                                                                   
                                                   "Plan Rows": 1,                                                                                       
                                                   "Plan Width": 4,                                                                                      
                                                   "Actual Startup Time": 0.000,                                                                         
                                                   "Actual Total Time": 0.000,                                                                           
                                                   "Actual Rows": 1,                                                                                     
                                                   "Actual Loops": 1380035,                                                                              
                                                   "Shared Hit Blocks": 1,                                                                               
                                                   "Shared Read Blocks": 0,                                                                              
                                                   "Shared Dirtied Blocks": 0,                                                                           
                                                   "Shared Written Blocks": 0,                                                                           
                                                   "Local Hit Blocks": 0,                                                                                
                                                   "Local Read Blocks": 0,                                                                               
                                                   "Local Dirtied Blocks": 0,                                                                            
                                                   "Local Written Blocks": 0,                                                                            
                                                   "Temp Read Blocks": 0,                                                                                
                                                   "Temp Written Blocks": 0,                                                                             
                                                   "Plans": [                                                                                            
                                                     {                                                                                                   
                                                       "Node Type": "Seq Scan",                                                                          
                                                       "Parent Relationship": "Outer",                                                                   
                                                       "Parallel Aware": false,                                                                          
                                                       "Relation Name": "info_type",                                                                     
                                                       "Alias": "it",                                                                                   
                                                       "Startup Cost": 0.00,                                                                             
                                                       "Total Cost": 0.05,                                                                               
                                                       "Plan Rows": 1,                                                                                   
                                                       "Plan Width": 4,                                                                                  
                                                       "Actual Startup Time": 0.046,                                                                     
                                                       "Actual Total Time": 0.052,                                                                       
                                                       "Actual Rows": 1,                                                                                 
                                                       "Actual Loops": 1,                                                                                
                                                       "Filter": "((info)::text = 'votes'::text)",                                                       
                                                       "Rows Removed by Filter": 112,                                                                    
                                                       "Shared Hit Blocks": 1,                                                                           
                                                       "Shared Read Blocks": 0,                                                                          
                                                       "Shared Dirtied Blocks": 0,                                                                       
                                                       "Shared Written Blocks": 0,                                                                       
                                                       "Local Hit Blocks": 0,                                                                            
                                                       "Local Read Blocks": 0,                                                                           
                                                       "Local Dirtied Blocks": 0,                                                                        
                                                       "Local Written Blocks": 0,                                                                        
                                                       "Temp Read Blocks": 0,                                                                            
                                                       "Temp Written Blocks": 0                                                                          
                                                     }                                                                                                   
                                                   ]                                                                                                     
                                                 }                                                                                                       
                                               ]                                                                                                         
                                             }                                                                                                           
                                           ]                                                                                                             
                                         }                                                                                                               
                                       ]                                                                                                                 
                                     },                                                                                                                  
                                     {                                                                                                                   
                                       "Node Type": "Materialize",                                                                                       
                                       "Parent Relationship": "Inner",                                                                                   
                                       "Parallel Aware": false,                                                                                          
                                       "Startup Cost": 0.00,                                                                                             
                                       "Total Cost": 17659.45,                                                                                           
                                       "Plan Rows": 1245851,                                                                                             
                                       "Plan Width": 8,                                                                                                  
                                       "Actual Startup Time": 0.023,                                                                                     
                                       "Actual Total Time": 55.168,                                                                                      
                                       "Actual Rows": 1244716,                                                                                           
                                       "Actual Loops": 16480,                                                                                            
                                       "Shared Hit Blocks": 4,                                                                                           
                                       "Shared Read Blocks": 252650,                                                                                     
                                       "Shared Dirtied Blocks": 0,                                                                                       
                                       "Shared Written Blocks": 0,                                                                                       
                                       "Local Hit Blocks": 0,                                                                                            
                                       "Local Read Blocks": 0,                                                                                           
                                       "Local Dirtied Blocks": 0,                                                                                        
                                       "Local Written Blocks": 0,                                                                                        
                                       "Temp Read Blocks": 0,                                                                                            
                                       "Temp Written Blocks": 0,                                                                                         
                                       "Plans": [                                                                                                        
                                         {                                                                                                               
                                           "Node Type": "Seq Scan",                                                                                      
                                           "Parent Relationship": "Outer",                                                                               
                                           "Parallel Aware": false,                                                                                      
                                           "Relation Name": "cast_info",                                                                                 
                                           "Alias": "ci",                                                                                                
                                           "Startup Cost": 0.00,                                                                                         
                                           "Total Cost": 17466.00,                                                                                       
                                           "Plan Rows": 1245851,                                                                                         
                                           "Plan Width": 8,                                                                                              
                                           "Actual Startup Time": 379.429,                                                                               
                                           "Actual Total Time": 12655.750,                                                                               
                                           "Actual Rows": 1244716,                                                                                       
                                           "Actual Loops": 1,                                                                                            
                                           "Filter": "(note = ANY ('{(writer),\"(head writer)\",\"(written by)\",(story),\"(story editor)\"}'::text[]))",
                                           "Rows Removed by Filter": 34999628,                                                                           
                                           "Shared Hit Blocks": 4,                                                                                       
                                           "Shared Read Blocks": 252650,                                                                                 
                                           "Shared Dirtied Blocks": 0,                                                                                   
                                           "Shared Written Blocks": 0,                                                                                   
                                           "Local Hit Blocks": 0,                                                                                        
                                           "Local Read Blocks": 0,                                                                                       
                                           "Local Dirtied Blocks": 0,                                                                                    
                                           "Local Written Blocks": 0,                                                                                    
                                           "Temp Read Blocks": 0,                                                                                        
                                           "Temp Written Blocks": 0                                                                                      
                                         }                                                                                                               
                                       ]                                                                                                                 
                                     }                                                                                                                   
                                   ]                                                                                                                     
                                 },                                                                                                                      
                                 {                                                                                                                       
                                   "Node Type": "Materialize",                                                                                           
                                   "Parent Relationship": "Inner",                                                                                       
                                   "Parallel Aware": false,                                                                                              
                                   "Startup Cost": 0.00,                                                                                                 
                                   "Total Cost": 2626.22,                                                                                                
                                   "Plan Rows": 1739438,                                                                                                 
                                   "Plan Width": 19,                                                                                                     
                                   "Actual Startup Time": 0.002,                                                                                         
                                   "Actual Total Time": 56.624,                                                                                          
                                   "Actual Rows": 1254909,                                                                                               
                                   "Actual Loops": 8650,                                                                                                 
                                   "Shared Hit Blocks": 1,                                                                                               
                                   "Shared Read Blocks": 55612,                                                                                          
                                   "Shared Dirtied Blocks": 0,                                                                                           
                                   "Shared Written Blocks": 0,                                                                                           
                                   "Local Hit Blocks": 0,                                                                                                
                                   "Local Read Blocks": 0,                                                                                               
                                   "Local Dirtied Blocks": 0,                                                                                            
                                   "Local Written Blocks": 0,                                                                                            
                                   "Temp Read Blocks": 0,                                                                                                
                                   "Temp Written Blocks": 0,                                                                                             
                                   "Plans": [                                                                                                            
                                     {                                                                                                                   
                                       "Node Type": "Seq Scan",                                                                                          
                                       "Parent Relationship": "Outer",                                                                                   
                                       "Parallel Aware": false,                                                                                          
                                       "Relation Name": "name",                                                                                          
                                       "Alias": "n",                                                                                                     
                                       "Startup Cost": 0.00,                                                                                             
                                       "Total Cost": 2356.12,                                                                                            
                                       "Plan Rows": 1739438,                                                                                             
                                       "Plan Width": 19,                                                                                                 
                                       "Actual Startup Time": 18.036,                                                                                    
                                       "Actual Total Time": 2158.076,                                                                                    
                                       "Actual Rows": 1739579,                                                                                           
                                       "Actual Loops": 1,                                                                                                
                                       "Filter": "((gender)::text = 'm'::text)",                                                                         
                                       "Rows Removed by Filter": 2427912,                                                                                
                                       "Shared Hit Blocks": 1,                                                                                           
                                       "Shared Read Blocks": 55612,                                                                                      
                                       "Shared Dirtied Blocks": 0,                                                                                       
                                       "Shared Written Blocks": 0,                                                                                       
                                       "Local Hit Blocks": 0,                                                                                            
                                       "Local Read Blocks": 0,                                                                                           
                                       "Local Dirtied Blocks": 0,                                                                                        
                                       "Local Written Blocks": 0,                                                                                        
                                       "Temp Read Blocks": 0,                                                                                            
                                       "Temp Written Blocks": 0                                                                                          
                                     }                                                                                                                   
                                   ]                                                                                                                     
                                 }                                                                                                                       
                               ]                                                                                                                         
                             }                                                                                                                           
                           ]                                                                                                                             
                         }                                                                                                                               
                       ]                                                                                                                                 
                     },                                                                                                                                  
                     {                                                                                                                                   
                       "Node Type": "Materialize",                                                                                                       
                       "Parent Relationship": "Inner",                                                                                                   
                       "Parallel Aware": false,                                                                                                          
                       "Startup Cost": 0.00,                                                                                                             
                       "Total Cost": 65.09,                                                                                                              
                       "Plan Rows": 5,                                                                                                                   
                       "Plan Width": 4,                                                                                                                  
                       "Actual Startup Time": 0.000,                                                                                                     
                       "Actual Total Time": 0.001,                                                                                                       
                       "Actual Rows": 5,                                                                                                                 
                       "Actual Loops": 128590,                                                                                                           
                       "Shared Hit Blocks": 2,                                                                                                           
                       "Shared Read Blocks": 947,                                                                                                        
                       "Shared Dirtied Blocks": 0,                                                                                                       
                       "Shared Written Blocks": 0,                                                                                                       
                       "Local Hit Blocks": 0,                                                                                                            
                       "Local Read Blocks": 0,                                                                                                           
                       "Local Dirtied Blocks": 0,                                                                                                        
                       "Local Written Blocks": 0,                                                                                                        
                       "Temp Read Blocks": 0,                                                                                                            
                       "Temp Written Blocks": 0,                                                                                                         
                       "Plans": [                                                                                                                        
                         {                                                                                                                               
                           "Node Type": "Seq Scan",                                                                                                      
                           "Parent Relationship": "Outer",                                                                                               
                           "Parallel Aware": false,                                                                                                      
                           "Relation Name": "keyword",                                                                                                   
                           "Alias": "k",                                                                                                                 
                           "Startup Cost": 0.00,                                                                                                         
                           "Total Cost": 65.09,                                                                                                          
                           "Plan Rows": 5,                                                                                                               
                           "Plan Width": 4,                                                                                                              
                           "Actual Startup Time": 27.349,                                                                                                
                           "Actual Total Time": 89.891,                                                                                                  
                           "Actual Rows": 5,                                                                                                             
                           "Actual Loops": 1,                                                                                                            
                           "Filter": "(keyword = ANY ('{murder,blood,gore,death,female-nudity}'::text[]))",                                              
                           "Rows Removed by Filter": 134165,                                                                                             
                           "Shared Hit Blocks": 2,                                                                                                       
                           "Shared Read Blocks": 947,                                                                                                    
                           "Shared Dirtied Blocks": 0,                                                                                                   
                           "Shared Written Blocks": 0,                                                                                                   
                           "Local Hit Blocks": 0,                                                                                                        
                           "Local Read Blocks": 0,                                                                                                       
                           "Local Dirtied Blocks": 0,                                                                                                    
                           "Local Written Blocks": 0,                                                                                                    
                           "Temp Read Blocks": 0,                                                                                                        
                           "Temp Written Blocks": 0                                                                                                      
                         }                                                                                                                               
                       ]                                                                                                                                 
                     }                                                                                                                                   
                   ]                                                                                                                                     
                 }                                                                                                                                       
               ]                                                                                                                                         
             }                                                                                                                                           
           ]                                                                                                                                             
         }                                                                                                                                               
       ]                                                                                                                                                 
     },                                                                                                                                                  
     "Planning Time": 10105.554,                                                                                                                         
     "Triggers": [                                                                                                                                       
     ],                                                                                                                                                  
     "Execution Time": 9385680.911                                                                                                                       
   }                                                                                                                                                     
 ]
