 [                                                                                                                                                   
   {                                                                                                                                                 
     "Plan": {                                                                                                                                       
       "Node Type": "Aggregate",                                                                                                                     
       "Strategy": "Plain",                                                                                                                          
       "Partial Mode": "Simple",                                                                                                                     
       "Parallel Aware": false,                                                                                                                      
       "Startup Cost": 32300.23,                                                                                                                     
       "Total Cost": 32300.23,                                                                                                                       
       "Plan Rows": 1,                                                                                                                               
       "Plan Width": 128,                                                                                                                            
       "Actual Startup Time": 35276.895,                                                                                                             
       "Actual Total Time": 35276.896,                                                                                                               
       "Actual Rows": 1,                                                                                                                             
       "Actual Loops": 1,                                                                                                                            
       "Shared Hit Blocks": 17,                                                                                                                      
       "Shared Read Blocks": 539998,                                                                                                                 
       "Shared Dirtied Blocks": 0,                                                                                                                   
       "Shared Written Blocks": 0,                                                                                                                   
       "Local Hit Blocks": 0,                                                                                                                        
       "Local Read Blocks": 0,                                                                                                                       
       "Local Dirtied Blocks": 0,                                                                                                                    
       "Local Written Blocks": 0,                                                                                                                    
       "Temp Read Blocks": 0,                                                                                                                        
       "Temp Written Blocks": 0,                                                                                                                     
       "Plans": [                                                                                                                                    
         {                                                                                                                                           
           "Node Type": "Nested Loop",                                                                                                               
           "Parent Relationship": "Outer",                                                                                                           
           "Parallel Aware": false,                                                                                                                  
           "Join Type": "Inner",                                                                                                                     
           "Startup Cost": 0.00,                                                                                                                     
           "Total Cost": 32300.23,                                                                                                                   
           "Plan Rows": 1,                                                                                                                           
           "Plan Width": 80,                                                                                                                         
           "Actual Startup Time": 31869.018,                                                                                                         
           "Actual Total Time": 35276.840,                                                                                                           
           "Actual Rows": 6,                                                                                                                         
           "Actual Loops": 1,                                                                                                                        
           "Inner Unique": false,                                                                                                                    
           "Join Filter": "(ci.person_id = n.id)",                                                                                                   
           "Rows Removed by Join Filter": 10437468,                                                                                                  
           "Shared Hit Blocks": 17,                                                                                                                  
           "Shared Read Blocks": 539998,                                                                                                             
           "Shared Dirtied Blocks": 0,                                                                                                               
           "Shared Written Blocks": 0,                                                                                                               
           "Local Hit Blocks": 0,                                                                                                                    
           "Local Read Blocks": 0,                                                                                                                   
           "Local Dirtied Blocks": 0,                                                                                                                
           "Local Written Blocks": 0,                                                                                                                
           "Temp Read Blocks": 0,                                                                                                                    
           "Temp Written Blocks": 0,                                                                                                                 
           "Plans": [                                                                                                                                
             {                                                                                                                                       
               "Node Type": "Seq Scan",                                                                                                              
               "Parent Relationship": "Outer",                                                                                                       
               "Parallel Aware": false,                                                                                                              
               "Relation Name": "name",                                                                                                              
               "Alias": "n",                                                                                                                         
               "Startup Cost": 0.00,                                                                                                                 
               "Total Cost": 2356.12,                                                                                                                
               "Plan Rows": 1739438,                                                                                                                 
               "Plan Width": 19,                                                                                                                     
               "Actual Startup Time": 23.808,                                                                                                        
               "Actual Total Time": 1939.594,                                                                                                        
               "Actual Rows": 1739579,                                                                                                               
               "Actual Loops": 1,                                                                                                                    
               "Filter": "((gender)::text = 'm'::text)",                                                                                             
               "Rows Removed by Filter": 2427912,                                                                                                    
               "Shared Hit Blocks": 1,                                                                                                               
               "Shared Read Blocks": 55612,                                                                                                          
               "Shared Dirtied Blocks": 0,                                                                                                           
               "Shared Written Blocks": 0,                                                                                                           
               "Local Hit Blocks": 0,                                                                                                                
               "Local Read Blocks": 0,                                                                                                               
               "Local Dirtied Blocks": 0,                                                                                                            
               "Local Written Blocks": 0,                                                                                                            
               "Temp Read Blocks": 0,                                                                                                                
               "Temp Written Blocks": 0                                                                                                              
             },                                                                                                                                      
             {                                                                                                                                       
               "Node Type": "Materialize",                                                                                                           
               "Parent Relationship": "Inner",                                                                                                       
               "Parallel Aware": false,                                                                                                              
               "Startup Cost": 0.00,                                                                                                                 
               "Total Cost": 29553.74,                                                                                                               
               "Plan Rows": 1,                                                                                                                       
               "Plan Width": 69,                                                                                                                     
               "Actual Startup Time": 0.018,                                                                                                         
               "Actual Total Time": 0.018,                                                                                                           
               "Actual Rows": 6,                                                                                                                     
               "Actual Loops": 1739579,                                                                                                              
               "Shared Hit Blocks": 16,                                                                                                              
               "Shared Read Blocks": 484386,                                                                                                         
               "Shared Dirtied Blocks": 0,                                                                                                           
               "Shared Written Blocks": 0,                                                                                                           
               "Local Hit Blocks": 0,                                                                                                                
               "Local Read Blocks": 0,                                                                                                               
               "Local Dirtied Blocks": 0,                                                                                                            
               "Local Written Blocks": 0,                                                                                                            
               "Temp Read Blocks": 0,                                                                                                                
               "Temp Written Blocks": 0,                                                                                                             
               "Plans": [                                                                                                                            
                 {                                                                                                                                   
                   "Node Type": "Nested Loop",                                                                                                       
                   "Parent Relationship": "Outer",                                                                                                   
                   "Parallel Aware": false,                                                                                                          
                   "Join Type": "Inner",                                                                                                             
                   "Startup Cost": 0.00,                                                                                                             
                   "Total Cost": 29553.74,                                                                                                           
                   "Plan Rows": 1,                                                                                                                   
                   "Plan Width": 69,                                                                                                                 
                   "Actual Startup Time": 31228.732,                                                                                                 
                   "Actual Total Time": 31526.327,                                                                                                   
                   "Actual Rows": 6,                                                                                                                 
                   "Actual Loops": 1,                                                                                                                
                   "Inner Unique": false,                                                                                                            
                   "Join Filter": "(mk.keyword_id = k.id)",                                                                                          
                   "Rows Removed by Join Filter": 169,                                                                                               
                   "Shared Hit Blocks": 16,                                                                                                          
                   "Shared Read Blocks": 484386,                                                                                                     
                   "Shared Dirtied Blocks": 0,                                                                                                       
                   "Shared Written Blocks": 0,                                                                                                       
                   "Local Hit Blocks": 0,                                                                                                            
                   "Local Read Blocks": 0,                                                                                                           
                   "Local Dirtied Blocks": 0,                                                                                                        
                   "Local Written Blocks": 0,                                                                                                        
                   "Temp Read Blocks": 0,                                                                                                            
                   "Temp Written Blocks": 0,                                                                                                         
                   "Plans": [                                                                                                                        
                     {                                                                                                                               
                       "Node Type": "Seq Scan",                                                                                                      
                       "Parent Relationship": "Outer",                                                                                               
                       "Parallel Aware": false,                                                                                                      
                       "Relation Name": "keyword",                                                                                                   
                       "Alias": "k",                                                                                                                 
                       "Startup Cost": 0.00,                                                                                                         
                       "Total Cost": 65.09,                                                                                                          
                       "Plan Rows": 5,                                                                                                               
                       "Plan Width": 4,                                                                                                              
                       "Actual Startup Time": 3.112,                                                                                                 
                       "Actual Total Time": 87.433,                                                                                                  
                       "Actual Rows": 5,                                                                                                             
                       "Actual Loops": 1,                                                                                                            
                       "Filter": "(keyword = ANY ('{murder,blood,gore,death,female-nudity}'::text[]))",                                              
                       "Rows Removed by Filter": 134165,                                                                                             
                       "Shared Hit Blocks": 2,                                                                                                       
                       "Shared Read Blocks": 947,                                                                                                    
                       "Shared Dirtied Blocks": 0,                                                                                                   
                       "Shared Written Blocks": 0,                                                                                                   
                       "Local Hit Blocks": 0,                                                                                                        
                       "Local Read Blocks": 0,                                                                                                       
                       "Local Dirtied Blocks": 0,                                                                                                    
                       "Local Written Blocks": 0,                                                                                                    
                       "Temp Read Blocks": 0,                                                                                                        
                       "Temp Written Blocks": 0                                                                                                      
                     },                                                                                                                              
                     {                                                                                                                               
                       "Node Type": "Materialize",                                                                                                   
                       "Parent Relationship": "Inner",                                                                                               
                       "Parallel Aware": false,                                                                                                      
                       "Startup Cost": 0.00,                                                                                                         
                       "Total Cost": 29488.65,                                                                                                       
                       "Plan Rows": 1,                                                                                                               
                       "Plan Width": 73,                                                                                                             
                       "Actual Startup Time": 6245.113,                                                                                              
                       "Actual Total Time": 6287.770,                                                                                                
                       "Actual Rows": 35,                                                                                                            
                       "Actual Loops": 5,                                                                                                            
                       "Shared Hit Blocks": 14,                                                                                                      
                       "Shared Read Blocks": 483439,                                                                                                 
                       "Shared Dirtied Blocks": 0,                                                                                                   
                       "Shared Written Blocks": 0,                                                                                                   
                       "Local Hit Blocks": 0,                                                                                                        
                       "Local Read Blocks": 0,                                                                                                       
                       "Local Dirtied Blocks": 0,                                                                                                    
                       "Local Written Blocks": 0,                                                                                                    
                       "Temp Read Blocks": 0,                                                                                                        
                       "Temp Written Blocks": 0,                                                                                                     
                       "Plans": [                                                                                                                    
                         {                                                                                                                           
                           "Node Type": "Nested Loop",                                                                                               
                           "Parent Relationship": "Outer",                                                                                           
                           "Parallel Aware": false,                                                                                                  
                           "Join Type": "Inner",                                                                                                     
                           "Startup Cost": 0.00,                                                                                                     
                           "Total Cost": 29488.65,                                                                                                   
                           "Plan Rows": 1,                                                                                                           
                           "Plan Width": 73,                                                                                                         
                           "Actual Startup Time": 31225.554,                                                                                         
                           "Actual Total Time": 31438.817,                                                                                           
                           "Actual Rows": 35,                                                                                                        
                           "Actual Loops": 1,                                                                                                        
                           "Inner Unique": false,                                                                                                    
                           "Join Filter": "(t.id = mk.movie_id)",                                                                                    
                           "Rows Removed by Join Filter": 18095685,                                                                                  
                           "Shared Hit Blocks": 14,                                                                                                  
                           "Shared Read Blocks": 483439,                                                                                             
                           "Shared Dirtied Blocks": 0,                                                                                               
                           "Shared Written Blocks": 0,                                                                                               
                           "Local Hit Blocks": 0,                                                                                                    
                           "Local Read Blocks": 0,                                                                                                   
                           "Local Dirtied Blocks": 0,                                                                                                
                           "Local Written Blocks": 0,                                                                                                
                           "Temp Read Blocks": 0,                                                                                                    
                           "Temp Written Blocks": 0,                                                                                                 
                           "Plans": [                                                                                                                
                             {                                                                                                                       
                               "Node Type": "Seq Scan",                                                                                              
                               "Parent Relationship": "Outer",                                                                                       
                               "Parallel Aware": false,                                                                                              
                               "Relation Name": "movie_keyword",                                                                                     
                               "Alias": "mk",                                                                                                        
                               "Startup Cost": 0.00,                                                                                                 
                               "Total Cost": 1079.84,                                                                                                
                               "Plan Rows": 4523930,                                                                                                 
                               "Plan Width": 8,                                                                                                      
                               "Actual Startup Time": 0.011,                                                                                         
                               "Actual Total Time": 498.247,                                                                                         
                               "Actual Rows": 4523930,                                                                                               
                               "Actual Loops": 1,                                                                                                    
                               "Shared Hit Blocks": 3,                                                                                               
                               "Shared Read Blocks": 24451,                                                                                          
                               "Shared Dirtied Blocks": 0,                                                                                           
                               "Shared Written Blocks": 0,                                                                                           
                               "Local Hit Blocks": 0,                                                                                                
                               "Local Read Blocks": 0,                                                                                               
                               "Local Dirtied Blocks": 0,                                                                                            
                               "Local Written Blocks": 0,                                                                                            
                               "Temp Read Blocks": 0,                                                                                                
                               "Temp Written Blocks": 0                                                                                              
                             },                                                                                                                      
                             {                                                                                                                       
                               "Node Type": "Materialize",                                                                                           
                               "Parent Relationship": "Inner",                                                                                       
                               "Parallel Aware": false,                                                                                              
                               "Startup Cost": 0.00,                                                                                                 
                               "Total Cost": 27393.54,                                                                                               
                               "Plan Rows": 1,                                                                                                       
                               "Plan Width": 85,                                                                                                     
                               "Actual Startup Time": 0.005,                                                                                         
                               "Actual Total Time": 0.006,                                                                                           
                               "Actual Rows": 4,                                                                                                     
                               "Actual Loops": 4523930,                                                                                              
                               "Shared Hit Blocks": 11,                                                                                              
                               "Shared Read Blocks": 458988,                                                                                         
                               "Shared Dirtied Blocks": 0,                                                                                           
                               "Shared Written Blocks": 0,                                                                                           
                               "Local Hit Blocks": 0,                                                                                                
                               "Local Read Blocks": 0,                                                                                               
                               "Local Dirtied Blocks": 0,                                                                                            
                               "Local Written Blocks": 0,                                                                                            
                               "Temp Read Blocks": 0,                                                                                                
                               "Temp Written Blocks": 0,                                                                                             
                               "Plans": [                                                                                                            
                                 {                                                                                                                   
                                   "Node Type": "Nested Loop",                                                                                       
                                   "Parent Relationship": "Outer",                                                                                   
                                   "Parallel Aware": false,                                                                                          
                                   "Join Type": "Inner",                                                                                             
                                   "Startup Cost": 0.00,                                                                                             
                                   "Total Cost": 27393.54,                                                                                           
                                   "Plan Rows": 1,                                                                                                   
                                   "Plan Width": 85,                                                                                                 
                                   "Actual Startup Time": 20915.659,                                                                                 
                                   "Actual Total Time": 26652.142,                                                                                   
                                   "Actual Rows": 4,                                                                                                 
                                   "Actual Loops": 1,                                                                                                
                                   "Inner Unique": false,                                                                                            
                                   "Join Filter": "(t.id = ci.movie_id)",                                                                            
                                   "Rows Removed by Join Filter": 12447156,                                                                          
                                   "Shared Hit Blocks": 11,                                                                                          
                                   "Shared Read Blocks": 458988,                                                                                     
                                   "Shared Dirtied Blocks": 0,                                                                                       
                                   "Shared Written Blocks": 0,                                                                                       
                                   "Local Hit Blocks": 0,                                                                                            
                                   "Local Read Blocks": 0,                                                                                           
                                   "Local Dirtied Blocks": 0,                                                                                        
                                   "Local Written Blocks": 0,                                                                                        
                                   "Temp Read Blocks": 0,                                                                                            
                                   "Temp Written Blocks": 0,                                                                                         
                                   "Plans": [                                                                                                        
                                     {                                                                                                               
                                       "Node Type": "Seq Scan",                                                                                      
                                       "Parent Relationship": "Outer",                                                                               
                                       "Parallel Aware": false,                                                                                      
                                       "Relation Name": "cast_info",                                                                                 
                                       "Alias": "ci",                                                                                                
                                       "Startup Cost": 0.00,                                                                                         
                                       "Total Cost": 17466.00,                                                                                       
                                       "Plan Rows": 1245851,                                                                                         
                                       "Plan Width": 8,                                                                                              
                                       "Actual Startup Time": 394.716,                                                                               
                                       "Actual Total Time": 11465.479,                                                                               
                                       "Actual Rows": 1244716,                                                                                       
                                       "Actual Loops": 1,                                                                                            
                                       "Filter": "(note = ANY ('{(writer),\"(head writer)\",\"(written by)\",(story),\"(story editor)\"}'::text[]))",
                                       "Rows Removed by Filter": 34999628,                                                                           
                                       "Shared Hit Blocks": 4,                                                                                       
                                       "Shared Read Blocks": 252650,                                                                                 
                                       "Shared Dirtied Blocks": 0,                                                                                   
                                       "Shared Written Blocks": 0,                                                                                   
                                       "Local Hit Blocks": 0,                                                                                        
                                       "Local Read Blocks": 0,                                                                                       
                                       "Local Dirtied Blocks": 0,                                                                                    
                                       "Local Written Blocks": 0,                                                                                    
                                       "Temp Read Blocks": 0,                                                                                        
                                       "Temp Written Blocks": 0                                                                                      
                                     },                                                                                                              
                                     {                                                                                                               
                                       "Node Type": "Materialize",                                                                                   
                                       "Parent Relationship": "Inner",                                                                               
                                       "Parallel Aware": false,                                                                                      
                                       "Startup Cost": 0.00,                                                                                         
                                       "Total Cost": 9647.94,                                                                                        
                                       "Plan Rows": 1,                                                                                               
                                       "Plan Width": 77,                                                                                             
                                       "Actual Startup Time": 0.009,                                                                                 
                                       "Actual Total Time": 0.011,                                                                                   
                                       "Actual Rows": 10,                                                                                            
                                       "Actual Loops": 1244716,                                                                                      
                                       "Shared Hit Blocks": 7,                                                                                       
                                       "Shared Read Blocks": 206338,                                                                                 
                                       "Shared Dirtied Blocks": 0,                                                                                   
                                       "Shared Written Blocks": 0,                                                                                   
                                       "Local Hit Blocks": 0,                                                                                        
                                       "Local Read Blocks": 0,                                                                                       
                                       "Local Dirtied Blocks": 0,                                                                                    
                                       "Local Written Blocks": 0,                                                                                    
                                       "Temp Read Blocks": 0,                                                                                        
                                       "Temp Written Blocks": 0,                                                                                     
                                       "Plans": [                                                                                                    
                                         {                                                                                                           
                                           "Node Type": "Nested Loop",                                                                               
                                           "Parent Relationship": "Outer",                                                                           
                                           "Parallel Aware": false,                                                                                  
                                           "Join Type": "Inner",                                                                                     
                                           "Startup Cost": 0.00,                                                                                     
                                           "Total Cost": 9647.94,                                                                                    
                                           "Plan Rows": 1,                                                                                           
                                           "Plan Width": 77,                                                                                         
                                           "Actual Startup Time": 10618.526,                                                                         
                                           "Actual Total Time": 12735.245,                                                                           
                                           "Actual Rows": 10,                                                                                        
                                           "Actual Loops": 1,                                                                                        
                                           "Inner Unique": false,                                                                                    
                                           "Join Filter": "(mi_idx.movie_id = t.id)",                                                                
                                           "Rows Removed by Join Filter": 10578265,                                                                  
                                           "Shared Hit Blocks": 7,                                                                                   
                                           "Shared Read Blocks": 206338,                                                                             
                                           "Shared Dirtied Blocks": 0,                                                                               
                                           "Shared Written Blocks": 0,                                                                               
                                           "Local Hit Blocks": 0,                                                                                    
                                           "Local Read Blocks": 0,                                                                                   
                                           "Local Dirtied Blocks": 0,                                                                                
                                           "Local Written Blocks": 0,                                                                                
                                           "Temp Read Blocks": 0,                                                                                    
                                           "Temp Written Blocks": 0,                                                                                 
                                           "Plans": [                                                                                                
                                             {                                                                                                       
                                               "Node Type": "Nested Loop",                                                                           
                                               "Parent Relationship": "Outer",                                                                       
                                               "Parallel Aware": false,                                                                              
                                               "Join Type": "Inner",                                                                                 
                                               "Startup Cost": 0.00,                                                                                 
                                               "Total Cost": 8962.97,                                                                                
                                               "Plan Rows": 1,                                                                                       
                                               "Plan Width": 67,                                                                                     
                                               "Actual Startup Time": 9779.963,                                                                      
                                               "Actual Total Time": 10453.840,                                                                       
                                               "Actual Rows": 23,                                                                                    
                                               "Actual Loops": 1,                                                                                    
                                               "Inner Unique": true,                                                                                 
                                               "Join Filter": "(mi.movie_id = t.id)",                                                                
                                               "Rows Removed by Join Filter": 2219806,                                                               
                                               "Shared Hit Blocks": 4,                                                                               
                                               "Shared Read Blocks": 197887,                                                                         
                                               "Shared Dirtied Blocks": 0,                                                                           
                                               "Shared Written Blocks": 0,                                                                           
                                               "Local Hit Blocks": 0,                                                                                
                                               "Local Read Blocks": 0,                                                                               
                                               "Local Dirtied Blocks": 0,                                                                            
                                               "Local Written Blocks": 0,                                                                            
                                               "Temp Read Blocks": 0,                                                                                
                                               "Temp Written Blocks": 0,                                                                             
                                               "Plans": [                                                                                            
                                                 {                                                                                                   
                                                   "Node Type": "Nested Loop",                                                                       
                                                   "Parent Relationship": "Outer",                                                                   
                                                   "Parallel Aware": false,                                                                          
                                                   "Join Type": "Inner",                                                                             
                                                   "Startup Cost": 0.00,                                                                             
                                                   "Total Cost": 7262.74,                                                                            
                                                   "Plan Rows": 277,                                                                                 
                                                   "Plan Width": 46,                                                                                 
                                                   "Actual Startup Time": 7828.297,                                                                  
                                                   "Actual Total Time": 8203.100,                                                                    
                                                   "Actual Rows": 30413,                                                                             
                                                   "Actual Loops": 1,                                                                                
                                                   "Inner Unique": true,                                                                             
                                                   "Join Filter": "(it.id = mi.info_type_id)",                                                      
                                                   "Rows Removed by Join Filter": 388,                                                               
                                                   "Shared Hit Blocks": 3,                                                                           
                                                   "Shared Read Blocks": 161890,                                                                     
                                                   "Shared Dirtied Blocks": 0,                                                                       
                                                   "Shared Written Blocks": 0,                                                                       
                                                   "Local Hit Blocks": 0,                                                                            
                                                   "Local Read Blocks": 0,                                                                           
                                                   "Local Dirtied Blocks": 0,                                                                        
                                                   "Local Written Blocks": 0,                                                                        
                                                   "Temp Read Blocks": 0,                                                                            
                                                   "Temp Written Blocks": 0,                                                                         
                                                   "Plans": [                                                                                        
                                                     {                                                                                               
                                                       "Node Type": "Seq Scan",                                                                      
                                                       "Parent Relationship": "Outer",                                                               
                                                       "Parallel Aware": false,                                                                      
                                                       "Relation Name": "movie_info",                                                                
                                                       "Alias": "mi",                                                                                
                                                       "Startup Cost": 0.00,                                                                         
                                                       "Total Cost": 7255.68,                                                                        
                                                       "Plan Rows": 31269,                                                                           
                                                       "Plan Width": 50,                                                                             
                                                       "Actual Startup Time": 4895.002,                                                              
                                                       "Actual Total Time": 8191.127,                                                                
                                                       "Actual Rows": 30801,                                                                         
                                                       "Actual Loops": 1,                                                                            
                                                       "Filter": "(info = 'Horror'::text)",                                                          
                                                       "Rows Removed by Filter": 14804919,                                                           
                                                       "Shared Hit Blocks": 2,                                                                       
                                                       "Shared Read Blocks": 161890,                                                                 
                                                       "Shared Dirtied Blocks": 0,                                                                   
                                                       "Shared Written Blocks": 0,                                                                   
                                                       "Local Hit Blocks": 0,                                                                        
                                                       "Local Read Blocks": 0,                                                                       
                                                       "Local Dirtied Blocks": 0,                                                                    
                                                       "Local Written Blocks": 0,                                                                    
                                                       "Temp Read Blocks": 0,                                                                        
                                                       "Temp Written Blocks": 0                                                                      
                                                     },                                                                                              
                                                     {                                                                                               
                                                       "Node Type": "Materialize",                                                                   
                                                       "Parent Relationship": "Inner",                                                               
                                                       "Parallel Aware": false,                                                                      
                                                       "Startup Cost": 0.00,                                                                         
                                                       "Total Cost": 0.05,                                                                           
                                                       "Plan Rows": 1,                                                                               
                                                       "Plan Width": 4,                                                                              
                                                       "Actual Startup Time": 0.000,                                                                 
                                                       "Actual Total Time": 0.000,                                                                   
                                                       "Actual Rows": 1,                                                                             
                                                       "Actual Loops": 30801,                                                                        
                                                       "Shared Hit Blocks": 1,                                                                       
                                                       "Shared Read Blocks": 0,                                                                      
                                                       "Shared Dirtied Blocks": 0,                                                                   
                                                       "Shared Written Blocks": 0,                                                                   
                                                       "Local Hit Blocks": 0,                                                                        
                                                       "Local Read Blocks": 0,                                                                       
                                                       "Local Dirtied Blocks": 0,                                                                    
                                                       "Local Written Blocks": 0,                                                                    
                                                       "Temp Read Blocks": 0,                                                                        
                                                       "Temp Written Blocks": 0,                                                                     
                                                       "Plans": [                                                                                    
                                                         {                                                                                           
                                                           "Node Type": "Seq Scan",                                                                  
                                                           "Parent Relationship": "Outer",                                                           
                                                           "Parallel Aware": false,                                                                  
                                                           "Relation Name": "info_type",                                                             
                                                           "Alias": "it",                                                                           
                                                           "Startup Cost": 0.00,                                                                     
                                                           "Total Cost": 0.05,                                                                       
                                                           "Plan Rows": 1,                                                                           
                                                           "Plan Width": 4,                                                                          
                                                           "Actual Startup Time": 0.014,                                                             
                                                           "Actual Total Time": 0.036,                                                               
                                                           "Actual Rows": 1,                                                                         
                                                           "Actual Loops": 1,                                                                        
                                                           "Filter": "((info)::text = 'genres'::text)",                                              
                                                           "Rows Removed by Filter": 112,                                                            
                                                           "Shared Hit Blocks": 1,                                                                   
                                                           "Shared Read Blocks": 0,                                                                  
                                                           "Shared Dirtied Blocks": 0,                                                               
                                                           "Shared Written Blocks": 0,                                                               
                                                           "Local Hit Blocks": 0,                                                                    
                                                           "Local Read Blocks": 0,                                                                   
                                                           "Local Dirtied Blocks": 0,                                                                
                                                           "Local Written Blocks": 0,                                                                
                                                           "Temp Read Blocks": 0,                                                                    
                                                           "Temp Written Blocks": 0                                                                  
                                                         }                                                                                           
                                                       ]                                                                                             
                                                     }                                                                                               
                                                   ]                                                                                                 
                                                 },                                                                                                  
                                                 {                                                                                                   
                                                   "Node Type": "Materialize",                                                                       
                                                   "Parent Relationship": "Inner",                                                                   
                                                   "Parallel Aware": false,                                                                          
                                                   "Startup Cost": 0.00,                                                                             
                                                   "Total Cost": 1696.57,                                                                            
                                                   "Plan Rows": 59,                                                                                  
                                                   "Plan Width": 21,                                                                                 
                                                   "Actual Startup Time": 0.001,                                                                     
                                                   "Actual Total Time": 0.066,                                                                       
                                                   "Actual Rows": 73,                                                                                
                                                   "Actual Loops": 30413,                                                                            
                                                   "Shared Hit Blocks": 1,                                                                           
                                                   "Shared Read Blocks": 35997,                                                                      
                                                   "Shared Dirtied Blocks": 0,                                                                       
                                                   "Shared Written Blocks": 0,                                                                       
                                                   "Local Hit Blocks": 0,                                                                            
                                                   "Local Read Blocks": 0,                                                                           
                                                   "Local Dirtied Blocks": 0,                                                                        
                                                   "Local Written Blocks": 0,                                                                        
                                                   "Temp Read Blocks": 0,                                                                            
                                                   "Temp Written Blocks": 0,                                                                         
                                                   "Plans": [                                                                                        
                                                     {                                                                                               
                                                       "Node Type": "Seq Scan",                                                                      
                                                       "Parent Relationship": "Outer",                                                               
                                                       "Parallel Aware": false,                                                                      
                                                       "Relation Name": "title",                                                                     
                                                       "Alias": "t",                                                                                 
                                                       "Startup Cost": 0.00,                                                                         
                                                       "Total Cost": 1696.56,                                                                        
                                                       "Plan Rows": 59,                                                                              
                                                       "Plan Width": 21,                                                                             
                                                       "Actual Startup Time": 33.199,                                                                
                                                       "Actual Total Time": 1879.083,                                                                
                                                       "Actual Rows": 73,                                                                            
                                                       "Actual Loops": 1,                                                                            
                                                       "Filter": "((production_year > 2010) AND (title ~~ 'Vampire%'::text))",                       
                                                       "Rows Removed by Filter": 2528239,                                                            
                                                       "Shared Hit Blocks": 1,                                                                       
                                                       "Shared Read Blocks": 35997,                                                                  
                                                       "Shared Dirtied Blocks": 0,                                                                   
                                                       "Shared Written Blocks": 0,                                                                   
                                                       "Local Hit Blocks": 0,                                                                        
                                                       "Local Read Blocks": 0,                                                                       
                                                       "Local Dirtied Blocks": 0,                                                                    
                                                       "Local Written Blocks": 0,                                                                    
                                                       "Temp Read Blocks": 0,                                                                        
                                                       "Temp Written Blocks": 0                                                                      
                                                     }                                                                                               
                                                   ]                                                                                                 
                                                 }                                                                                                   
                                               ]                                                                                                     
                                             },                                                                                                      
                                             {                                                                                                       
                                               "Node Type": "Materialize",                                                                           
                                               "Parent Relationship": "Inner",                                                                       
                                               "Parallel Aware": false,                                                                              
                                               "Startup Cost": 0.00,                                                                                 
                                               "Total Cost": 672.22,                                                                                 
                                               "Plan Rows": 12213,                                                                                   
                                               "Plan Width": 10,                                                                                     
                                               "Actual Startup Time": 0.003,                                                                         
                                               "Actual Total Time": 53.068,                                                                          
                                               "Actual Rows": 459925,                                                                                
                                               "Actual Loops": 23,                                                                                   
                                               "Shared Hit Blocks": 3,                                                                               
                                               "Shared Read Blocks": 8451,                                                                           
                                               "Shared Dirtied Blocks": 0,                                                                           
                                               "Shared Written Blocks": 0,                                                                           
                                               "Local Hit Blocks": 0,                                                                                
                                               "Local Read Blocks": 0,                                                                               
                                               "Local Dirtied Blocks": 0,                                                                            
                                               "Local Written Blocks": 0,                                                                            
                                               "Temp Read Blocks": 0,                                                                                
                                               "Temp Written Blocks": 0,                                                                             
                                               "Plans": [                                                                                            
                                                 {                                                                                                   
                                                   "Node Type": "Nested Loop",                                                                       
                                                   "Parent Relationship": "Outer",                                                                   
                                                   "Parallel Aware": false,                                                                          
                                                   "Join Type": "Inner",                                                                             
                                                   "Startup Cost": 0.00,                                                                             
                                                   "Total Cost": 670.32,                                                                             
                                                   "Plan Rows": 12213,                                                                               
                                                   "Plan Width": 10,                                                                                 
                                                   "Actual Startup Time": 0.052,                                                                     
                                                   "Actual Total Time": 673.793,                                                                     
                                                   "Actual Rows": 459925,                                                                            
                                                   "Actual Loops": 1,                                                                                
                                                   "Inner Unique": true,                                                                             
                                                   "Join Filter": "(it.id = mi_idx.info_type_id)",                                                  
                                                   "Rows Removed by Join Filter": 920110,                                                            
                                                   "Shared Hit Blocks": 3,                                                                           
                                                   "Shared Read Blocks": 8451,                                                                       
                                                   "Shared Dirtied Blocks": 0,                                                                       
                                                   "Shared Written Blocks": 0,                                                                       
                                                   "Local Hit Blocks": 0,                                                                            
                                                   "Local Read Blocks": 0,                                                                           
                                                   "Local Dirtied Blocks": 0,                                                                        
                                                   "Local Written Blocks": 0,                                                                        
                                                   "Temp Read Blocks": 0,                                                                            
                                                   "Temp Written Blocks": 0,                                                                         
                                                   "Plans": [                                                                                        
                                                     {                                                                                               
                                                       "Node Type": "Seq Scan",                                                                      
                                                       "Parent Relationship": "Outer",                                                               
                                                       "Parallel Aware": false,                                                                      
                                                       "Relation Name": "movie_info_idx",                                                            
                                                       "Alias": "mi_idx",                                                                            
                                                       "Startup Cost": 0.00,                                                                         
                                                       "Total Cost": 360.56,                                                                         
                                                       "Plan Rows": 1380035,                                                                         
                                                       "Plan Width": 14,                                                                             
                                                       "Actual Startup Time": 0.011,                                                                 
                                                       "Actual Total Time": 164.570,                                                                 
                                                       "Actual Rows": 1380035,                                                                       
                                                       "Actual Loops": 1,                                                                            
                                                       "Shared Hit Blocks": 2,                                                                       
                                                       "Shared Read Blocks": 8451,                                                                   
                                                       "Shared Dirtied Blocks": 0,                                                                   
                                                       "Shared Written Blocks": 0,                                                                   
                                                       "Local Hit Blocks": 0,                                                                        
                                                       "Local Read Blocks": 0,                                                                       
                                                       "Local Dirtied Blocks": 0,                                                                    
                                                       "Local Written Blocks": 0,                                                                    
                                                       "Temp Read Blocks": 0,                                                                        
                                                       "Temp Written Blocks": 0                                                                      
                                                     },                                                                                              
                                                     {                                                                                               
                                                       "Node Type": "Materialize",                                                                   
                                                       "Parent Relationship": "Inner",                                                               
                                                       "Parallel Aware": false,                                                                      
                                                       "Startup Cost": 0.00,                                                                         
                                                       "Total Cost": 0.05,                                                                           
                                                       "Plan Rows": 1,                                                                               
                                                       "Plan Width": 4,                                                                              
                                                       "Actual Startup Time": 0.000,                                                                 
                                                       "Actual Total Time": 0.000,                                                                   
                                                       "Actual Rows": 1,                                                                             
                                                       "Actual Loops": 1380035,                                                                      
                                                       "Shared Hit Blocks": 1,                                                                       
                                                       "Shared Read Blocks": 0,                                                                      
                                                       "Shared Dirtied Blocks": 0,                                                                   
                                                       "Shared Written Blocks": 0,                                                                   
                                                       "Local Hit Blocks": 0,                                                                        
                                                       "Local Read Blocks": 0,                                                                       
                                                       "Local Dirtied Blocks": 0,                                                                    
                                                       "Local Written Blocks": 0,                                                                    
                                                       "Temp Read Blocks": 0,                                                                        
                                                       "Temp Written Blocks": 0,                                                                     
                                                       "Plans": [                                                                                    
                                                         {                                                                                           
                                                           "Node Type": "Seq Scan",                                                                  
                                                           "Parent Relationship": "Outer",                                                           
                                                           "Parallel Aware": false,                                                                  
                                                           "Relation Name": "info_type",                                                             
                                                           "Alias": "it",                                                                           
                                                           "Startup Cost": 0.00,                                                                     
                                                           "Total Cost": 0.05,                                                                       
                                                           "Plan Rows": 1,                                                                           
                                                           "Plan Width": 4,                                                                          
                                                           "Actual Startup Time": 0.027,                                                             
                                                           "Actual Total Time": 0.030,                                                               
                                                           "Actual Rows": 1,                                                                         
                                                           "Actual Loops": 1,                                                                        
                                                           "Filter": "((info)::text = 'votes'::text)",                                               
                                                           "Rows Removed by Filter": 112,                                                            
                                                           "Shared Hit Blocks": 1,                                                                   
                                                           "Shared Read Blocks": 0,                                                                  
                                                           "Shared Dirtied Blocks": 0,                                                               
                                                           "Shared Written Blocks": 0,                                                               
                                                           "Local Hit Blocks": 0,                                                                    
                                                           "Local Read Blocks": 0,                                                                   
                                                           "Local Dirtied Blocks": 0,                                                                
                                                           "Local Written Blocks": 0,                                                                
                                                           "Temp Read Blocks": 0,                                                                    
                                                           "Temp Written Blocks": 0                                                                  
                                                         }                                                                                           
                                                       ]                                                                                             
                                                     }                                                                                               
                                                   ]                                                                                                 
                                                 }                                                                                                   
                                               ]                                                                                                     
                                             }                                                                                                       
                                           ]                                                                                                         
                                         }                                                                                                           
                                       ]                                                                                                             
                                     }                                                                                                               
                                   ]                                                                                                                 
                                 }                                                                                                                   
                               ]                                                                                                                     
                             }                                                                                                                       
                           ]                                                                                                                         
                         }                                                                                                                           
                       ]                                                                                                                             
                     }                                                                                                                               
                   ]                                                                                                                                 
                 }                                                                                                                                   
               ]                                                                                                                                     
             }                                                                                                                                       
           ]                                                                                                                                         
         }                                                                                                                                           
       ]                                                                                                                                             
     },                                                                                                                                              
     "Planning Time": 9870.807,                                                                                                                      
     "Triggers": [                                                                                                                                   
     ],                                                                                                                                              
     "Execution Time": 35318.183                                                                                                                     
   }                                                                                                                                                 
 ]
