 [                                                                                                                                                       
   {                                                                                                                                                     
     "Plan": {                                                                                                                                           
       "Node Type": "Aggregate",                                                                                                                         
       "Strategy": "Plain",                                                                                                                              
       "Partial Mode": "Simple",                                                                                                                         
       "Parallel Aware": false,                                                                                                                          
       "Startup Cost": 40928.16,                                                                                                                         
       "Total Cost": 40928.16,                                                                                                                           
       "Plan Rows": 1,                                                                                                                                   
       "Plan Width": 128,                                                                                                                                
       "Actual Startup Time": 33649157.885,                                                                                                              
       "Actual Total Time": 33649157.886,                                                                                                                
       "Actual Rows": 1,                                                                                                                                 
       "Actual Loops": 1,                                                                                                                                
       "Shared Hit Blocks": 21,                                                                                                                          
       "Shared Read Blocks": 539998,                                                                                                                     
       "Shared Dirtied Blocks": 0,                                                                                                                       
       "Shared Written Blocks": 0,                                                                                                                       
       "Local Hit Blocks": 0,                                                                                                                            
       "Local Read Blocks": 0,                                                                                                                           
       "Local Dirtied Blocks": 0,                                                                                                                        
       "Local Written Blocks": 0,                                                                                                                        
       "Temp Read Blocks": 0,                                                                                                                            
       "Temp Written Blocks": 0,                                                                                                                         
       "Plans": [                                                                                                                                        
         {                                                                                                                                               
           "Node Type": "Nested Loop",                                                                                                                   
           "Parent Relationship": "Outer",                                                                                                               
           "Parallel Aware": false,                                                                                                                      
           "Join Type": "Inner",                                                                                                                         
           "Startup Cost": 8958.52,                                                                                                                      
           "Total Cost": 40928.16,                                                                                                                       
           "Plan Rows": 1,                                                                                                                               
           "Plan Width": 80,                                                                                                                             
           "Actual Startup Time": 23857299.630,                                                                                                          
           "Actual Total Time": 33649116.452,                                                                                                            
           "Actual Rows": 26153,                                                                                                                         
           "Actual Loops": 1,                                                                                                                            
           "Inner Unique": false,                                                                                                                        
           "Join Filter": "(mi.movie_id = t.id)",                                                                                                        
           "Rows Removed by Join Filter": 66122917583,                                                                                                   
           "Shared Hit Blocks": 21,                                                                                                                      
           "Shared Read Blocks": 539998,                                                                                                                 
           "Shared Dirtied Blocks": 0,                                                                                                                   
           "Shared Written Blocks": 0,                                                                                                                   
           "Local Hit Blocks": 0,                                                                                                                        
           "Local Read Blocks": 0,                                                                                                                       
           "Local Dirtied Blocks": 0,                                                                                                                    
           "Local Written Blocks": 0,                                                                                                                    
           "Temp Read Blocks": 0,                                                                                                                        
           "Temp Written Blocks": 0,                                                                                                                     
           "Plans": [                                                                                                                                    
             {                                                                                                                                           
               "Node Type": "Seq Scan",                                                                                                                  
               "Parent Relationship": "Outer",                                                                                                           
               "Parallel Aware": false,                                                                                                                  
               "Relation Name": "title",                                                                                                                 
               "Alias": "t",                                                                                                                             
               "Startup Cost": 0.00,                                                                                                                     
               "Total Cost": 1303.96,                                                                                                                    
               "Plan Rows": 2528312,                                                                                                                     
               "Plan Width": 21,                                                                                                                         
               "Actual Startup Time": 21.899,                                                                                                            
               "Actual Total Time": 880.008,                                                                                                             
               "Actual Rows": 2528312,                                                                                                                   
               "Actual Loops": 1,                                                                                                                        
               "Shared Hit Blocks": 1,                                                                                                                   
               "Shared Read Blocks": 35997,                                                                                                              
               "Shared Dirtied Blocks": 0,                                                                                                               
               "Shared Written Blocks": 0,                                                                                                               
               "Local Hit Blocks": 0,                                                                                                                    
               "Local Read Blocks": 0,                                                                                                                   
               "Local Dirtied Blocks": 0,                                                                                                                
               "Local Written Blocks": 0,                                                                                                                
               "Temp Read Blocks": 0,                                                                                                                    
               "Temp Written Blocks": 0                                                                                                                  
             },                                                                                                                                          
             {                                                                                                                                           
               "Node Type": "Materialize",                                                                                                               
               "Parent Relationship": "Inner",                                                                                                           
               "Parallel Aware": false,                                                                                                                  
               "Startup Cost": 8958.52,                                                                                                                  
               "Total Cost": 39056.79,                                                                                                                   
               "Plan Rows": 1,                                                                                                                           
               "Plan Width": 79,                                                                                                                         
               "Actual Startup Time": 5.198,                                                                                                             
               "Actual Total Time": 10.563,                                                                                                              
               "Actual Rows": 26153,                                                                                                                     
               "Actual Loops": 2528312,                                                                                                                  
               "Shared Hit Blocks": 20,                                                                                                                  
               "Shared Read Blocks": 504001,                                                                                                             
               "Shared Dirtied Blocks": 0,                                                                                                               
               "Shared Written Blocks": 0,                                                                                                               
               "Local Hit Blocks": 0,                                                                                                                    
               "Local Read Blocks": 0,                                                                                                                   
               "Local Dirtied Blocks": 0,                                                                                                                
               "Local Written Blocks": 0,                                                                                                                
               "Temp Read Blocks": 0,                                                                                                                    
               "Temp Written Blocks": 0,                                                                                                                 
               "Plans": [                                                                                                                                
                 {                                                                                                                                       
                   "Node Type": "Nested Loop",                                                                                                           
                   "Parent Relationship": "Outer",                                                                                                       
                   "Parallel Aware": false,                                                                                                              
                   "Join Type": "Inner",                                                                                                                 
                   "Startup Cost": 8958.52,                                                                                                              
                   "Total Cost": 39056.79,                                                                                                               
                   "Plan Rows": 1,                                                                                                                       
                   "Plan Width": 79,                                                                                                                     
                   "Actual Startup Time": 13143125.574,                                                                                                  
                   "Actual Total Time": 23783814.052,                                                                                                    
                   "Actual Rows": 26153,                                                                                                                 
                   "Actual Loops": 1,                                                                                                                    
                   "Inner Unique": false,                                                                                                                
                   "Join Filter": "(ci.person_id = n.id)",                                                                                               
                   "Rows Removed by Join Filter": 74627912947,                                                                                           
                   "Shared Hit Blocks": 20,                                                                                                              
                   "Shared Read Blocks": 504001,                                                                                                         
                   "Shared Dirtied Blocks": 0,                                                                                                           
                   "Shared Written Blocks": 0,                                                                                                           
                   "Local Hit Blocks": 0,                                                                                                                
                   "Local Read Blocks": 0,                                                                                                               
                   "Local Dirtied Blocks": 0,                                                                                                            
                   "Local Written Blocks": 0,                                                                                                            
                   "Temp Read Blocks": 0,                                                                                                                
                   "Temp Written Blocks": 0,                                                                                                             
                   "Plans": [                                                                                                                            
                     {                                                                                                                                   
                       "Node Type": "Seq Scan",                                                                                                          
                       "Parent Relationship": "Outer",                                                                                                   
                       "Parallel Aware": false,                                                                                                          
                       "Relation Name": "name",                                                                                                          
                       "Alias": "n",                                                                                                                     
                       "Startup Cost": 0.00,                                                                                                             
                       "Total Cost": 2356.12,                                                                                                            
                       "Plan Rows": 1739438,                                                                                                             
                       "Plan Width": 19,                                                                                                                 
                       "Actual Startup Time": 10.200,                                                                                                    
                       "Actual Total Time": 2561.471,                                                                                                    
                       "Actual Rows": 1739579,                                                                                                           
                       "Actual Loops": 1,                                                                                                                
                       "Filter": "((gender)::text = 'm'::text)",                                                                                         
                       "Rows Removed by Filter": 2427912,                                                                                                
                       "Shared Hit Blocks": 1,                                                                                                           
                       "Shared Read Blocks": 55612,                                                                                                      
                       "Shared Dirtied Blocks": 0,                                                                                                       
                       "Shared Written Blocks": 0,                                                                                                       
                       "Local Hit Blocks": 0,                                                                                                            
                       "Local Read Blocks": 0,                                                                                                           
                       "Local Dirtied Blocks": 0,                                                                                                        
                       "Local Written Blocks": 0,                                                                                                        
                       "Temp Read Blocks": 0,                                                                                                            
                       "Temp Written Blocks": 0                                                                                                          
                     },                                                                                                                                  
                     {                                                                                                                                   
                       "Node Type": "Materialize",                                                                                                       
                       "Parent Relationship": "Inner",                                                                                                   
                       "Parallel Aware": false,                                                                                                          
                       "Startup Cost": 8958.52,                                                                                                          
                       "Total Cost": 36310.30,                                                                                                           
                       "Plan Rows": 1,                                                                                                                   
                       "Plan Width": 68,                                                                                                                 
                       "Actual Startup Time": 0.999,                                                                                                     
                       "Actual Total Time": 9.452,                                                                                                       
                       "Actual Rows": 42900,                                                                                                             
                       "Actual Loops": 1739579,                                                                                                          
                       "Shared Hit Blocks": 19,                                                                                                          
                       "Shared Read Blocks": 448389,                                                                                                     
                       "Shared Dirtied Blocks": 0,                                                                                                       
                       "Shared Written Blocks": 0,                                                                                                       
                       "Local Hit Blocks": 0,                                                                                                            
                       "Local Read Blocks": 0,                                                                                                           
                       "Local Dirtied Blocks": 0,                                                                                                        
                       "Local Written Blocks": 0,                                                                                                        
                       "Temp Read Blocks": 0,                                                                                                            
                       "Temp Written Blocks": 0,                                                                                                         
                       "Plans": [                                                                                                                        
                         {                                                                                                                               
                           "Node Type": "Nested Loop",                                                                                                   
                           "Parent Relationship": "Outer",                                                                                               
                           "Parallel Aware": false,                                                                                                      
                           "Join Type": "Inner",                                                                                                         
                           "Startup Cost": 8958.52,                                                                                                      
                           "Total Cost": 36310.30,                                                                                                       
                           "Plan Rows": 1,                                                                                                               
                           "Plan Width": 68,                                                                                                             
                           "Actual Startup Time": 1737836.180,                                                                                           
                           "Actual Total Time": 13137517.646,                                                                                            
                           "Actual Rows": 42900,                                                                                                         
                           "Actual Loops": 1,                                                                                                            
                           "Inner Unique": false,                                                                                                        
                           "Join Filter": "(mi.movie_id = ci.movie_id)",                                                                                 
                           "Rows Removed by Join Filter": 78897525476,                                                                                   
                           "Shared Hit Blocks": 19,                                                                                                      
                           "Shared Read Blocks": 448389,                                                                                                 
                           "Shared Dirtied Blocks": 0,                                                                                                   
                           "Shared Written Blocks": 0,                                                                                                   
                           "Local Hit Blocks": 0,                                                                                                        
                           "Local Read Blocks": 0,                                                                                                       
                           "Local Dirtied Blocks": 0,                                                                                                    
                           "Local Written Blocks": 0,                                                                                                    
                           "Temp Read Blocks": 0,                                                                                                        
                           "Temp Written Blocks": 0,                                                                                                     
                           "Plans": [                                                                                                                    
                             {                                                                                                                           
                               "Node Type": "Seq Scan",                                                                                                  
                               "Parent Relationship": "Outer",                                                                                           
                               "Parallel Aware": false,                                                                                                  
                               "Relation Name": "cast_info",                                                                                             
                               "Alias": "ci",                                                                                                            
                               "Startup Cost": 0.00,                                                                                                     
                               "Total Cost": 17466.00,                                                                                                   
                               "Plan Rows": 1245851,                                                                                                     
                               "Plan Width": 8,                                                                                                          
                               "Actual Startup Time": 364.492,                                                                                           
                               "Actual Total Time": 10810.593,                                                                                           
                               "Actual Rows": 1244716,                                                                                                   
                               "Actual Loops": 1,                                                                                                        
                               "Filter": "(note = ANY ('{(writer),\"(head writer)\",\"(written by)\",(story),\"(story editor)\"}'::text[]))",            
                               "Rows Removed by Filter": 34999628,                                                                                       
                               "Shared Hit Blocks": 4,                                                                                                   
                               "Shared Read Blocks": 252650,                                                                                             
                               "Shared Dirtied Blocks": 0,                                                                                               
                               "Shared Written Blocks": 0,                                                                                               
                               "Local Hit Blocks": 0,                                                                                                    
                               "Local Read Blocks": 0,                                                                                                   
                               "Local Dirtied Blocks": 0,                                                                                                
                               "Local Written Blocks": 0,                                                                                                
                               "Temp Read Blocks": 0,                                                                                                    
                               "Temp Written Blocks": 0                                                                                                  
                             },                                                                                                                          
                             {                                                                                                                           
                               "Node Type": "Materialize",                                                                                               
                               "Parent Relationship": "Inner",                                                                                           
                               "Parallel Aware": false,                                                                                                  
                               "Startup Cost": 8958.52,                                                                                                  
                               "Total Cost": 18564.70,                                                                                                   
                               "Plan Rows": 1,                                                                                                           
                               "Plan Width": 60,                                                                                                         
                               "Actual Startup Time": 0.012,                                                                                             
                               "Actual Total Time": 4.190,                                                                                               
                               "Actual Rows": 63386,                                                                                                     
                               "Actual Loops": 1244716,                                                                                                  
                               "Shared Hit Blocks": 15,                                                                                                  
                               "Shared Read Blocks": 195739,                                                                                             
                               "Shared Dirtied Blocks": 0,                                                                                               
                               "Shared Written Blocks": 0,                                                                                               
                               "Local Hit Blocks": 0,                                                                                                    
                               "Local Read Blocks": 0,                                                                                                   
                               "Local Dirtied Blocks": 0,                                                                                                
                               "Local Written Blocks": 0,                                                                                                
                               "Temp Read Blocks": 0,                                                                                                    
                               "Temp Written Blocks": 0,                                                                                                 
                               "Plans": [                                                                                                                
                                 {                                                                                                                       
                                   "Node Type": "Nested Loop",                                                                                           
                                   "Parent Relationship": "Outer",                                                                                       
                                   "Parallel Aware": false,                                                                                              
                                   "Join Type": "Inner",                                                                                                 
                                   "Startup Cost": 8958.52,                                                                                              
                                   "Total Cost": 18564.70,                                                                                               
                                   "Plan Rows": 1,                                                                                                       
                                   "Plan Width": 60,                                                                                                     
                                   "Actual Startup Time": 14478.418,                                                                                     
                                   "Actual Total Time": 1722337.388,                                                                                     
                                   "Actual Rows": 63386,                                                                                                 
                                   "Actual Loops": 1,                                                                                                    
                                   "Inner Unique": false,                                                                                                
                                   "Join Filter": "(mi.movie_id = mi_idx.movie_id)",                                                                     
                                   "Rows Removed by Join Filter": 11886161008,                                                                           
                                   "Shared Hit Blocks": 15,                                                                                              
                                   "Shared Read Blocks": 195739,                                                                                         
                                   "Shared Dirtied Blocks": 0,                                                                                           
                                   "Shared Written Blocks": 0,                                                                                           
                                   "Local Hit Blocks": 0,                                                                                                
                                   "Local Read Blocks": 0,                                                                                               
                                   "Local Dirtied Blocks": 0,                                                                                            
                                   "Local Written Blocks": 0,                                                                                            
                                   "Temp Read Blocks": 0,                                                                                                
                                   "Temp Written Blocks": 0,                                                                                             
                                   "Plans": [                                                                                                            
                                     {                                                                                                                   
                                       "Node Type": "Merge Join",                                                                                        
                                       "Parent Relationship": "Outer",                                                                                   
                                       "Parallel Aware": false,                                                                                          
                                       "Join Type": "Inner",                                                                                             
                                       "Startup Cost": 8958.52,                                                                                          
                                       "Total Cost": 8960.46,                                                                                            
                                       "Plan Rows": 6,                                                                                                   
                                       "Plan Width": 14,                                                                                                 
                                       "Actual Startup Time": 6856.025,                                                                                  
                                       "Actual Total Time": 7060.394,                                                                                    
                                       "Actual Rows": 63701,                                                                                             
                                       "Actual Loops": 1,                                                                                                
                                       "Inner Unique": false,                                                                                            
                                       "Merge Cond": "(mi_idx.movie_id = mk.movie_id)",                                                                  
                                       "Shared Hit Blocks": 12,                                                                                          
                                       "Shared Read Blocks": 33849,                                                                                      
                                       "Shared Dirtied Blocks": 0,                                                                                       
                                       "Shared Written Blocks": 0,                                                                                       
                                       "Local Hit Blocks": 0,                                                                                            
                                       "Local Read Blocks": 0,                                                                                           
                                       "Local Dirtied Blocks": 0,                                                                                        
                                       "Local Written Blocks": 0,                                                                                        
                                       "Temp Read Blocks": 0,                                                                                            
                                       "Temp Written Blocks": 0,                                                                                         
                                       "Plans": [                                                                                                        
                                         {                                                                                                               
                                           "Node Type": "Sort",                                                                                          
                                           "Parent Relationship": "Outer",                                                                               
                                           "Parallel Aware": false,                                                                                      
                                           "Startup Cost": 696.07,                                                                                       
                                           "Total Cost": 697.01,                                                                                         
                                           "Plan Rows": 12213,                                                                                           
                                           "Plan Width": 10,                                                                                             
                                           "Actual Startup Time": 869.975,                                                                               
                                           "Actual Total Time": 902.300,                                                                                 
                                           "Actual Rows": 459917,                                                                                        
                                           "Actual Loops": 1,                                                                                            
                                           "Sort Key": ["mi_idx.movie_id"],                                                                              
                                           "Sort Method": "quicksort",                                                                                   
                                           "Sort Space Used": 33847,                                                                                     
                                           "Sort Space Type": "Memory",                                                                                  
                                           "Shared Hit Blocks": 7,                                                                                       
                                           "Shared Read Blocks": 8451,                                                                                   
                                           "Shared Dirtied Blocks": 0,                                                                                   
                                           "Shared Written Blocks": 0,                                                                                   
                                           "Local Hit Blocks": 0,                                                                                        
                                           "Local Read Blocks": 0,                                                                                       
                                           "Local Dirtied Blocks": 0,                                                                                    
                                           "Local Written Blocks": 0,                                                                                    
                                           "Temp Read Blocks": 0,                                                                                        
                                           "Temp Written Blocks": 0,                                                                                     
                                           "Plans": [                                                                                                    
                                             {                                                                                                           
                                               "Node Type": "Nested Loop",                                                                               
                                               "Parent Relationship": "Outer",                                                                           
                                               "Parallel Aware": false,                                                                                  
                                               "Join Type": "Inner",                                                                                     
                                               "Startup Cost": 0.00,                                                                                     
                                               "Total Cost": 670.32,                                                                                     
                                               "Plan Rows": 12213,                                                                                       
                                               "Plan Width": 10,                                                                                         
                                               "Actual Startup Time": 0.034,                                                                             
                                               "Actual Total Time": 699.967,                                                                             
                                               "Actual Rows": 459925,                                                                                    
                                               "Actual Loops": 1,                                                                                        
                                               "Inner Unique": true,                                                                                     
                                               "Join Filter": "(it.id = mi_idx.info_type_id)",                                                          
                                               "Rows Removed by Join Filter": 920110,                                                                    
                                               "Shared Hit Blocks": 3,                                                                                   
                                               "Shared Read Blocks": 8451,                                                                               
                                               "Shared Dirtied Blocks": 0,                                                                               
                                               "Shared Written Blocks": 0,                                                                               
                                               "Local Hit Blocks": 0,                                                                                    
                                               "Local Read Blocks": 0,                                                                                   
                                               "Local Dirtied Blocks": 0,                                                                                
                                               "Local Written Blocks": 0,                                                                                
                                               "Temp Read Blocks": 0,                                                                                    
                                               "Temp Written Blocks": 0,                                                                                 
                                               "Plans": [                                                                                                
                                                 {                                                                                                       
                                                   "Node Type": "Seq Scan",                                                                              
                                                   "Parent Relationship": "Outer",                                                                       
                                                   "Parallel Aware": false,                                                                              
                                                   "Relation Name": "movie_info_idx",                                                                    
                                                   "Alias": "mi_idx",                                                                                    
                                                   "Startup Cost": 0.00,                                                                                 
                                                   "Total Cost": 360.56,                                                                                 
                                                   "Plan Rows": 1380035,                                                                                 
                                                   "Plan Width": 14,                                                                                     
                                                   "Actual Startup Time": 0.006,                                                                         
                                                   "Actual Total Time": 188.471,                                                                         
                                                   "Actual Rows": 1380035,                                                                               
                                                   "Actual Loops": 1,                                                                                    
                                                   "Shared Hit Blocks": 2,                                                                               
                                                   "Shared Read Blocks": 8451,                                                                           
                                                   "Shared Dirtied Blocks": 0,                                                                           
                                                   "Shared Written Blocks": 0,                                                                           
                                                   "Local Hit Blocks": 0,                                                                                
                                                   "Local Read Blocks": 0,                                                                               
                                                   "Local Dirtied Blocks": 0,                                                                            
                                                   "Local Written Blocks": 0,                                                                            
                                                   "Temp Read Blocks": 0,                                                                                
                                                   "Temp Written Blocks": 0                                                                              
                                                 },                                                                                                      
                                                 {                                                                                                       
                                                   "Node Type": "Materialize",                                                                           
                                                   "Parent Relationship": "Inner",                                                                       
                                                   "Parallel Aware": false,                                                                              
                                                   "Startup Cost": 0.00,                                                                                 
                                                   "Total Cost": 0.05,                                                                                   
                                                   "Plan Rows": 1,                                                                                       
                                                   "Plan Width": 4,                                                                                      
                                                   "Actual Startup Time": 0.000,                                                                         
                                                   "Actual Total Time": 0.000,                                                                           
                                                   "Actual Rows": 1,                                                                                     
                                                   "Actual Loops": 1380035,                                                                              
                                                   "Shared Hit Blocks": 1,                                                                               
                                                   "Shared Read Blocks": 0,                                                                              
                                                   "Shared Dirtied Blocks": 0,                                                                           
                                                   "Shared Written Blocks": 0,                                                                           
                                                   "Local Hit Blocks": 0,                                                                                
                                                   "Local Read Blocks": 0,                                                                               
                                                   "Local Dirtied Blocks": 0,                                                                            
                                                   "Local Written Blocks": 0,                                                                            
                                                   "Temp Read Blocks": 0,                                                                                
                                                   "Temp Written Blocks": 0,                                                                             
                                                   "Plans": [                                                                                            
                                                     {                                                                                                   
                                                       "Node Type": "Seq Scan",                                                                          
                                                       "Parent Relationship": "Outer",                                                                   
                                                       "Parallel Aware": false,                                                                          
                                                       "Relation Name": "info_type",                                                                     
                                                       "Alias": "it",                                                                                   
                                                       "Startup Cost": 0.00,                                                                             
                                                       "Total Cost": 0.05,                                                                               
                                                       "Plan Rows": 1,                                                                                   
                                                       "Plan Width": 4,                                                                                  
                                                       "Actual Startup Time": 0.017,                                                                     
                                                       "Actual Total Time": 0.019,                                                                       
                                                       "Actual Rows": 1,                                                                                 
                                                       "Actual Loops": 1,                                                                                
                                                       "Filter": "((info)::text = 'votes'::text)",                                                       
                                                       "Rows Removed by Filter": 112,                                                                    
                                                       "Shared Hit Blocks": 1,                                                                           
                                                       "Shared Read Blocks": 0,                                                                          
                                                       "Shared Dirtied Blocks": 0,                                                                       
                                                       "Shared Written Blocks": 0,                                                                       
                                                       "Local Hit Blocks": 0,                                                                            
                                                       "Local Read Blocks": 0,                                                                           
                                                       "Local Dirtied Blocks": 0,                                                                        
                                                       "Local Written Blocks": 0,                                                                        
                                                       "Temp Read Blocks": 0,                                                                            
                                                       "Temp Written Blocks": 0                                                                          
                                                     }                                                                                                   
                                                   ]                                                                                                     
                                                 }                                                                                                       
                                               ]                                                                                                         
                                             }                                                                                                           
                                           ]                                                                                                             
                                         },                                                                                                              
                                         {                                                                                                               
                                           "Node Type": "Sort",                                                                                          
                                           "Parent Relationship": "Inner",                                                                               
                                           "Parallel Aware": false,                                                                                      
                                           "Startup Cost": 8262.46,                                                                                      
                                           "Total Cost": 8262.47,                                                                                        
                                           "Plan Rows": 236,                                                                                             
                                           "Plan Width": 4,                                                                                              
                                           "Actual Startup Time": 5986.018,                                                                              
                                           "Actual Total Time": 6013.554,                                                                                
                                           "Actual Rows": 76714,                                                                                         
                                           "Actual Loops": 1,                                                                                            
                                           "Sort Key": ["mk.movie_id"],                                                                                  
                                           "Sort Method": "quicksort",                                                                                   
                                           "Sort Space Used": 6668,                                                                                      
                                           "Sort Space Type": "Memory",                                                                                  
                                           "Shared Hit Blocks": 5,                                                                                       
                                           "Shared Read Blocks": 25398,                                                                                  
                                           "Shared Dirtied Blocks": 0,                                                                                   
                                           "Shared Written Blocks": 0,                                                                                   
                                           "Local Hit Blocks": 0,                                                                                        
                                           "Local Read Blocks": 0,                                                                                       
                                           "Local Dirtied Blocks": 0,                                                                                    
                                           "Local Written Blocks": 0,                                                                                    
                                           "Temp Read Blocks": 0,                                                                                        
                                           "Temp Written Blocks": 0,                                                                                     
                                           "Plans": [                                                                                                    
                                             {                                                                                                           
                                               "Node Type": "Nested Loop",                                                                               
                                               "Parent Relationship": "Outer",                                                                           
                                               "Parallel Aware": false,                                                                                  
                                               "Join Type": "Inner",                                                                                     
                                               "Startup Cost": 0.00,                                                                                     
                                               "Total Cost": 8262.17,                                                                                    
                                               "Plan Rows": 236,                                                                                         
                                               "Plan Width": 4,                                                                                          
                                               "Actual Startup Time": 76.536,                                                                            
                                               "Actual Total Time": 5958.995,                                                                            
                                               "Actual Rows": 76714,                                                                                     
                                               "Actual Loops": 1,                                                                                        
                                               "Inner Unique": true,                                                                                     
                                               "Join Filter": "(k.id = mk.keyword_id)",                                                                  
                                               "Rows Removed by Join Filter": 31357168,                                                                  
                                               "Shared Hit Blocks": 5,                                                                                   
                                               "Shared Read Blocks": 25398,                                                                              
                                               "Shared Dirtied Blocks": 0,                                                                               
                                               "Shared Written Blocks": 0,                                                                               
                                               "Local Hit Blocks": 0,                                                                                    
                                               "Local Read Blocks": 0,                                                                                   
                                               "Local Dirtied Blocks": 0,                                                                                
                                               "Local Written Blocks": 0,                                                                                
                                               "Temp Read Blocks": 0,                                                                                    
                                               "Temp Written Blocks": 0,                                                                                 
                                               "Plans": [                                                                                                
                                                 {                                                                                                       
                                                   "Node Type": "Seq Scan",                                                                              
                                                   "Parent Relationship": "Outer",                                                                       
                                                   "Parallel Aware": false,                                                                              
                                                   "Relation Name": "movie_keyword",                                                                     
                                                   "Alias": "mk",                                                                                        
                                                   "Startup Cost": 0.00,                                                                                 
                                                   "Total Cost": 1079.84,                                                                                
                                                   "Plan Rows": 4523930,                                                                                 
                                                   "Plan Width": 8,                                                                                      
                                                   "Actual Startup Time": 0.012,                                                                         
                                                   "Actual Total Time": 521.697,                                                                         
                                                   "Actual Rows": 4523930,                                                                               
                                                   "Actual Loops": 1,                                                                                    
                                                   "Shared Hit Blocks": 3,                                                                               
                                                   "Shared Read Blocks": 24451,                                                                          
                                                   "Shared Dirtied Blocks": 0,                                                                           
                                                   "Shared Written Blocks": 0,                                                                           
                                                   "Local Hit Blocks": 0,                                                                                
                                                   "Local Read Blocks": 0,                                                                               
                                                   "Local Dirtied Blocks": 0,                                                                            
                                                   "Local Written Blocks": 0,                                                                            
                                                   "Temp Read Blocks": 0,                                                                                
                                                   "Temp Written Blocks": 0                                                                              
                                                 },                                                                                                      
                                                 {                                                                                                       
                                                   "Node Type": "Materialize",                                                                           
                                                   "Parent Relationship": "Inner",                                                                       
                                                   "Parallel Aware": false,                                                                              
                                                   "Startup Cost": 0.00,                                                                                 
                                                   "Total Cost": 75.50,                                                                                  
                                                   "Plan Rows": 7,                                                                                       
                                                   "Plan Width": 4,                                                                                      
                                                   "Actual Startup Time": 0.000,                                                                         
                                                   "Actual Total Time": 0.000,                                                                           
                                                   "Actual Rows": 7,                                                                                     
                                                   "Actual Loops": 4523930,                                                                              
                                                   "Shared Hit Blocks": 2,                                                                               
                                                   "Shared Read Blocks": 947,                                                                            
                                                   "Shared Dirtied Blocks": 0,                                                                           
                                                   "Shared Written Blocks": 0,                                                                           
                                                   "Local Hit Blocks": 0,                                                                                
                                                   "Local Read Blocks": 0,                                                                               
                                                   "Local Dirtied Blocks": 0,                                                                            
                                                   "Local Written Blocks": 0,                                                                            
                                                   "Temp Read Blocks": 0,                                                                                
                                                   "Temp Written Blocks": 0,                                                                             
                                                   "Plans": [                                                                                            
                                                     {                                                                                                   
                                                       "Node Type": "Seq Scan",                                                                          
                                                       "Parent Relationship": "Outer",                                                                   
                                                       "Parallel Aware": false,                                                                          
                                                       "Relation Name": "keyword",                                                                       
                                                       "Alias": "k",                                                                                     
                                                       "Startup Cost": 0.00,                                                                             
                                                       "Total Cost": 75.50,                                                                              
                                                       "Plan Rows": 7,                                                                                   
                                                       "Plan Width": 4,                                                                                  
                                                       "Actual Startup Time": 14.816,                                                                    
                                                       "Actual Total Time": 76.271,                                                                      
                                                       "Actual Rows": 7,                                                                                 
                                                       "Actual Loops": 1,                                                                                
                                                       "Filter": "(keyword = ANY ('{murder,violence,blood,gore,death,female-nudity,hospital}'::text[]))",
                                                       "Rows Removed by Filter": 134163,                                                                 
                                                       "Shared Hit Blocks": 2,                                                                           
                                                       "Shared Read Blocks": 947,                                                                        
                                                       "Shared Dirtied Blocks": 0,                                                                       
                                                       "Shared Written Blocks": 0,                                                                       
                                                       "Local Hit Blocks": 0,                                                                            
                                                       "Local Read Blocks": 0,                                                                           
                                                       "Local Dirtied Blocks": 0,                                                                        
                                                       "Local Written Blocks": 0,                                                                        
                                                       "Temp Read Blocks": 0,                                                                            
                                                       "Temp Written Blocks": 0                                                                          
                                                     }                                                                                                   
                                                   ]                                                                                                     
                                                 }                                                                                                       
                                               ]                                                                                                         
                                             }                                                                                                           
                                           ]                                                                                                             
                                         }                                                                                                               
                                       ]                                                                                                                 
                                     },                                                                                                                  
                                     {                                                                                                                   
                                       "Node Type": "Materialize",                                                                                       
                                       "Parent Relationship": "Inner",                                                                                   
                                       "Parallel Aware": false,                                                                                          
                                       "Startup Cost": 0.00,                                                                                             
                                       "Total Cost": 9602.12,                                                                                            
                                       "Plan Rows": 1674,                                                                                                
                                       "Plan Width": 46,                                                                                                 
                                       "Actual Startup Time": 0.120,                                                                                     
                                       "Actual Total Time": 8.268,                                                                                       
                                       "Actual Rows": 186594,                                                                                            
                                       "Actual Loops": 63701,                                                                                            
                                       "Shared Hit Blocks": 3,                                                                                           
                                       "Shared Read Blocks": 161890,                                                                                     
                                       "Shared Dirtied Blocks": 0,                                                                                       
                                       "Shared Written Blocks": 0,                                                                                       
                                       "Local Hit Blocks": 0,                                                                                            
                                       "Local Read Blocks": 0,                                                                                           
                                       "Local Dirtied Blocks": 0,                                                                                        
                                       "Local Written Blocks": 0,                                                                                        
                                       "Temp Read Blocks": 0,                                                                                            
                                       "Temp Written Blocks": 0,                                                                                         
                                       "Plans": [                                                                                                        
                                         {                                                                                                               
                                           "Node Type": "Nested Loop",                                                                                   
                                           "Parent Relationship": "Outer",                                                                               
                                           "Parallel Aware": false,                                                                                      
                                           "Join Type": "Inner",                                                                                         
                                           "Startup Cost": 0.00,                                                                                         
                                           "Total Cost": 9601.86,                                                                                        
                                           "Plan Rows": 1674,                                                                                            
                                           "Plan Width": 46,                                                                                             
                                           "Actual Startup Time": 7622.378,                                                                              
                                           "Actual Total Time": 8334.611,                                                                                
                                           "Actual Rows": 186594,                                                                                        
                                           "Actual Loops": 1,                                                                                            
                                           "Inner Unique": true,                                                                                         
                                           "Join Filter": "(it.id = mi.info_type_id)",                                                                  
                                           "Rows Removed by Join Filter": 2377,                                                                          
                                           "Shared Hit Blocks": 3,                                                                                       
                                           "Shared Read Blocks": 161890,                                                                                 
                                           "Shared Dirtied Blocks": 0,                                                                                   
                                           "Shared Written Blocks": 0,                                                                                   
                                           "Local Hit Blocks": 0,                                                                                        
                                           "Local Read Blocks": 0,                                                                                       
                                           "Local Dirtied Blocks": 0,                                                                                    
                                           "Local Written Blocks": 0,                                                                                    
                                           "Temp Read Blocks": 0,                                                                                        
                                           "Temp Written Blocks": 0,                                                                                     
                                           "Plans": [                                                                                                    
                                             {                                                                                                           
                                               "Node Type": "Seq Scan",                                                                                  
                                               "Parent Relationship": "Outer",                                                                           
                                               "Parallel Aware": false,                                                                                  
                                               "Relation Name": "movie_info",                                                                            
                                               "Alias": "mi",                                                                                            
                                               "Startup Cost": 0.00,                                                                                     
                                               "Total Cost": 9559.36,                                                                                    
                                               "Plan Rows": 189170,                                                                                      
                                               "Plan Width": 50,                                                                                         
                                               "Actual Startup Time": 2833.821,                                                                          
                                               "Actual Total Time": 8265.156,                                                                            
                                               "Actual Rows": 188971,                                                                                    
                                               "Actual Loops": 1,                                                                                        
                                               "Filter": "(info = ANY ('{Horror,Action,Sci-Fi,Thriller,Crime,War}'::text[]))",                           
                                               "Rows Removed by Filter": 14646749,                                                                       
                                               "Shared Hit Blocks": 2,                                                                                   
                                               "Shared Read Blocks": 161890,                                                                             
                                               "Shared Dirtied Blocks": 0,                                                                               
                                               "Shared Written Blocks": 0,                                                                               
                                               "Local Hit Blocks": 0,                                                                                    
                                               "Local Read Blocks": 0,                                                                                   
                                               "Local Dirtied Blocks": 0,                                                                                
                                               "Local Written Blocks": 0,                                                                                
                                               "Temp Read Blocks": 0,                                                                                    
                                               "Temp Written Blocks": 0                                                                                  
                                             },                                                                                                          
                                             {                                                                                                           
                                               "Node Type": "Materialize",                                                                               
                                               "Parent Relationship": "Inner",                                                                           
                                               "Parallel Aware": false,                                                                                  
                                               "Startup Cost": 0.00,                                                                                     
                                               "Total Cost": 0.05,                                                                                       
                                               "Plan Rows": 1,                                                                                           
                                               "Plan Width": 4,                                                                                          
                                               "Actual Startup Time": 0.000,                                                                             
                                               "Actual Total Time": 0.000,                                                                               
                                               "Actual Rows": 1,                                                                                         
                                               "Actual Loops": 188971,                                                                                   
                                               "Shared Hit Blocks": 1,                                                                                   
                                               "Shared Read Blocks": 0,                                                                                  
                                               "Shared Dirtied Blocks": 0,                                                                               
                                               "Shared Written Blocks": 0,                                                                               
                                               "Local Hit Blocks": 0,                                                                                    
                                               "Local Read Blocks": 0,                                                                                   
                                               "Local Dirtied Blocks": 0,                                                                                
                                               "Local Written Blocks": 0,                                                                                
                                               "Temp Read Blocks": 0,                                                                                    
                                               "Temp Written Blocks": 0,                                                                                 
                                               "Plans": [                                                                                                
                                                 {                                                                                                       
                                                   "Node Type": "Seq Scan",                                                                              
                                                   "Parent Relationship": "Outer",                                                                       
                                                   "Parallel Aware": false,                                                                              
                                                   "Relation Name": "info_type",                                                                         
                                                   "Alias": "it",                                                                                       
                                                   "Startup Cost": 0.00,                                                                                 
                                                   "Total Cost": 0.05,                                                                                   
                                                   "Plan Rows": 1,                                                                                       
                                                   "Plan Width": 4,                                                                                      
                                                   "Actual Startup Time": 0.010,                                                                         
                                                   "Actual Total Time": 0.021,                                                                           
                                                   "Actual Rows": 1,                                                                                     
                                                   "Actual Loops": 1,                                                                                    
                                                   "Filter": "((info)::text = 'genres'::text)",                                                          
                                                   "Rows Removed by Filter": 112,                                                                        
                                                   "Shared Hit Blocks": 1,                                                                               
                                                   "Shared Read Blocks": 0,                                                                              
                                                   "Shared Dirtied Blocks": 0,                                                                           
                                                   "Shared Written Blocks": 0,                                                                           
                                                   "Local Hit Blocks": 0,                                                                                
                                                   "Local Read Blocks": 0,                                                                               
                                                   "Local Dirtied Blocks": 0,                                                                            
                                                   "Local Written Blocks": 0,                                                                            
                                                   "Temp Read Blocks": 0,                                                                                
                                                   "Temp Written Blocks": 0                                                                              
                                                 }                                                                                                       
                                               ]                                                                                                         
                                             }                                                                                                           
                                           ]                                                                                                             
                                         }                                                                                                               
                                       ]                                                                                                                 
                                     }                                                                                                                   
                                   ]                                                                                                                     
                                 }                                                                                                                       
                               ]                                                                                                                         
                             }                                                                                                                           
                           ]                                                                                                                             
                         }                                                                                                                               
                       ]                                                                                                                                 
                     }                                                                                                                                   
                   ]                                                                                                                                     
                 }                                                                                                                                       
               ]                                                                                                                                         
             }                                                                                                                                           
           ]                                                                                                                                             
         }                                                                                                                                               
       ]                                                                                                                                                 
     },                                                                                                                                                  
     "Planning Time": 9864.468,                                                                                                                          
     "Triggers": [                                                                                                                                       
     ],                                                                                                                                                  
     "Execution Time": 33649197.831                                                                                                                      
   }                                                                                                                                                     
 ]
