 [                                                                                                                                              
   {                                                                                                                                            
     "Plan": {                                                                                                                                  
       "Node Type": "Aggregate",                                                                                                                
       "Strategy": "Plain",                                                                                                                     
       "Partial Mode": "Simple",                                                                                                                
       "Parallel Aware": false,                                                                                                                 
       "Startup Cost": 29953.01,                                                                                                                
       "Total Cost": 29953.01,                                                                                                                  
       "Plan Rows": 1,                                                                                                                          
       "Plan Width": 128,                                                                                                                       
       "Actual Startup Time": 8798685.789,                                                                                                      
       "Actual Total Time": 8798685.789,                                                                                                        
       "Actual Rows": 1,                                                                                                                        
       "Actual Loops": 1,                                                                                                                       
       "Shared Hit Blocks": 27,                                                                                                                 
       "Shared Read Blocks": 415280,                                                                                                            
       "Shared Dirtied Blocks": 0,                                                                                                              
       "Shared Written Blocks": 0,                                                                                                              
       "Local Hit Blocks": 0,                                                                                                                   
       "Local Read Blocks": 0,                                                                                                                  
       "Local Dirtied Blocks": 0,                                                                                                               
       "Local Written Blocks": 0,                                                                                                               
       "Temp Read Blocks": 0,                                                                                                                   
       "Temp Written Blocks": 0,                                                                                                                
       "Plans": [                                                                                                                               
         {                                                                                                                                      
           "Node Type": "Nested Loop",                                                                                                          
           "Parent Relationship": "Outer",                                                                                                      
           "Parallel Aware": false,                                                                                                             
           "Join Type": "Inner",                                                                                                                
           "Startup Cost": 3732.92,                                                                                                             
           "Total Cost": 29953.01,                                                                                                              
           "Plan Rows": 1,                                                                                                                      
           "Plan Width": 54,                                                                                                                    
           "Actual Startup Time": 7625661.484,                                                                                                  
           "Actual Total Time": 8798659.859,                                                                                                    
           "Actual Rows": 1728,                                                                                                                 
           "Actual Loops": 1,                                                                                                                   
           "Inner Unique": false,                                                                                                               
           "Join Filter": "(mk.keyword_id = k.id)",                                                                                             
           "Rows Removed by Join Filter": 3491842,                                                                                              
           "Shared Hit Blocks": 27,                                                                                                             
           "Shared Read Blocks": 415280,                                                                                                        
           "Shared Dirtied Blocks": 0,                                                                                                          
           "Shared Written Blocks": 0,                                                                                                          
           "Local Hit Blocks": 0,                                                                                                               
           "Local Read Blocks": 0,                                                                                                              
           "Local Dirtied Blocks": 0,                                                                                                           
           "Local Written Blocks": 0,                                                                                                           
           "Temp Read Blocks": 0,                                                                                                               
           "Temp Written Blocks": 0,                                                                                                            
           "Plans": [                                                                                                                           
             {                                                                                                                                  
               "Node Type": "Seq Scan",                                                                                                         
               "Parent Relationship": "Outer",                                                                                                  
               "Parallel Aware": false,                                                                                                         
               "Relation Name": "keyword",                                                                                                      
               "Alias": "k",                                                                                                                    
               "Startup Cost": 0.00,                                                                                                            
               "Total Cost": 91.13,                                                                                                             
               "Plan Rows": 10,                                                                                                                 
               "Plan Width": 4,                                                                                                                 
               "Actual Startup Time": 0.679,                                                                                                    
               "Actual Total Time": 106.487,                                                                                                    
               "Actual Rows": 10,                                                                                                               
               "Actual Loops": 1,                                                                                                               
               "Filter": "(keyword = ANY ('{superhero,marvel-comics,based-on-comic,tv-special,fight,violence,magnet,web,claw,laser}'::text[]))",
               "Rows Removed by Filter": 134160,                                                                                                
               "Shared Hit Blocks": 2,                                                                                                          
               "Shared Read Blocks": 947,                                                                                                       
               "Shared Dirtied Blocks": 0,                                                                                                      
               "Shared Written Blocks": 0,                                                                                                      
               "Local Hit Blocks": 0,                                                                                                           
               "Local Read Blocks": 0,                                                                                                          
               "Local Dirtied Blocks": 0,                                                                                                       
               "Local Written Blocks": 0,                                                                                                       
               "Temp Read Blocks": 0,                                                                                                           
               "Temp Written Blocks": 0                                                                                                         
             },                                                                                                                                 
             {                                                                                                                                  
               "Node Type": "Materialize",                                                                                                      
               "Parent Relationship": "Inner",                                                                                                  
               "Parallel Aware": false,                                                                                                         
               "Startup Cost": 3732.92,                                                                                                         
               "Total Cost": 29861.88,                                                                                                          
               "Plan Rows": 2,                                                                                                                  
               "Plan Width": 58,                                                                                                                
               "Actual Startup Time": 761293.143,                                                                                               
               "Actual Total Time": 879810.672,                                                                                                 
               "Actual Rows": 349357,                                                                                                           
               "Actual Loops": 10,                                                                                                              
               "Shared Hit Blocks": 25,                                                                                                         
               "Shared Read Blocks": 414333,                                                                                                    
               "Shared Dirtied Blocks": 0,                                                                                                      
               "Shared Written Blocks": 0,                                                                                                      
               "Local Hit Blocks": 0,                                                                                                           
               "Local Read Blocks": 0,                                                                                                          
               "Local Dirtied Blocks": 0,                                                                                                       
               "Local Written Blocks": 0,                                                                                                       
               "Temp Read Blocks": 0,                                                                                                           
               "Temp Written Blocks": 0,                                                                                                        
               "Plans": [                                                                                                                       
                 {                                                                                                                              
                   "Node Type": "Nested Loop",                                                                                                  
                   "Parent Relationship": "Outer",                                                                                              
                   "Parallel Aware": false,                                                                                                     
                   "Join Type": "Inner",                                                                                                        
                   "Startup Cost": 3732.92,                                                                                                     
                   "Total Cost": 29861.88,                                                                                                      
                   "Plan Rows": 2,                                                                                                              
                   "Plan Width": 58,                                                                                                            
                   "Actual Startup Time": 7612931.413,                                                                                          
                   "Actual Total Time": 8797829.333,                                                                                            
                   "Actual Rows": 349357,                                                                                                       
                   "Actual Loops": 1,                                                                                                           
                   "Inner Unique": false,                                                                                                       
                   "Join Filter": "(t.id = mk.movie_id)",                                                                                       
                   "Rows Removed by Join Filter": 9260135353,                                                                                   
                   "Shared Hit Blocks": 25,                                                                                                     
                   "Shared Read Blocks": 414333,                                                                                                
                   "Shared Dirtied Blocks": 0,                                                                                                  
                   "Shared Written Blocks": 0,                                                                                                  
                   "Local Hit Blocks": 0,                                                                                                       
                   "Local Read Blocks": 0,                                                                                                      
                   "Local Dirtied Blocks": 0,                                                                                                   
                   "Local Written Blocks": 0,                                                                                                   
                   "Temp Read Blocks": 0,                                                                                                       
                   "Temp Written Blocks": 0,                                                                                                    
                   "Plans": [                                                                                                                   
                     {                                                                                                                          
                       "Node Type": "Seq Scan",                                                                                                 
                       "Parent Relationship": "Outer",                                                                                          
                       "Parallel Aware": false,                                                                                                 
                       "Relation Name": "movie_keyword",                                                                                        
                       "Alias": "mk",                                                                                                           
                       "Startup Cost": 0.00,                                                                                                    
                       "Total Cost": 1079.84,                                                                                                   
                       "Plan Rows": 4523930,                                                                                                    
                       "Plan Width": 8,                                                                                                         
                       "Actual Startup Time": 0.012,                                                                                            
                       "Actual Total Time": 548.874,                                                                                            
                       "Actual Rows": 4523930,                                                                                                  
                       "Actual Loops": 1,                                                                                                       
                       "Shared Hit Blocks": 3,                                                                                                  
                       "Shared Read Blocks": 24451,                                                                                             
                       "Shared Dirtied Blocks": 0,                                                                                              
                       "Shared Written Blocks": 0,                                                                                              
                       "Local Hit Blocks": 0,                                                                                                   
                       "Local Read Blocks": 0,                                                                                                  
                       "Local Dirtied Blocks": 0,                                                                                               
                       "Local Written Blocks": 0,                                                                                               
                       "Temp Read Blocks": 0,                                                                                                   
                       "Temp Written Blocks": 0                                                                                                 
                     },                                                                                                                         
                     {                                                                                                                          
                       "Node Type": "Materialize",                                                                                              
                       "Parent Relationship": "Inner",                                                                                          
                       "Parallel Aware": false,                                                                                                 
                       "Startup Cost": 3732.92,                                                                                                 
                       "Total Cost": 27766.77,                                                                                                  
                       "Plan Rows": 1,                                                                                                          
                       "Plan Width": 70,                                                                                                        
                       "Actual Startup Time": 1.281,                                                                                            
                       "Actual Total Time": 1.713,                                                                                              
                       "Actual Rows": 2047,                                                                                                     
                       "Actual Loops": 4523930,                                                                                                 
                       "Shared Hit Blocks": 22,                                                                                                 
                       "Shared Read Blocks": 389882,                                                                                            
                       "Shared Dirtied Blocks": 0,                                                                                              
                       "Shared Written Blocks": 0,                                                                                              
                       "Local Hit Blocks": 0,                                                                                                   
                       "Local Read Blocks": 0,                                                                                                  
                       "Local Dirtied Blocks": 0,                                                                                               
                       "Local Written Blocks": 0,                                                                                               
                       "Temp Read Blocks": 0,                                                                                                   
                       "Temp Written Blocks": 0,                                                                                                
                       "Plans": [                                                                                                               
                         {                                                                                                                      
                           "Node Type": "Nested Loop",                                                                                          
                           "Parent Relationship": "Outer",                                                                                      
                           "Parallel Aware": false,                                                                                             
                           "Join Type": "Inner",                                                                                                
                           "Startup Cost": 3732.92,                                                                                             
                           "Total Cost": 27766.77,                                                                                              
                           "Plan Rows": 1,                                                                                                      
                           "Plan Width": 70,                                                                                                    
                           "Actual Startup Time": 5794373.469,                                                                                  
                           "Actual Total Time": 7337732.230,                                                                                    
                           "Actual Rows": 2047,                                                                                                 
                           "Actual Loops": 1,                                                                                                   
                           "Inner Unique": false,                                                                                               
                           "Join Filter": "(n.id = ci.person_id)",                                                                              
                           "Rows Removed by Join Filter": 8530852030,                                                                           
                           "Shared Hit Blocks": 22,                                                                                             
                           "Shared Read Blocks": 389882,                                                                                        
                           "Shared Dirtied Blocks": 0,                                                                                          
                           "Shared Written Blocks": 0,                                                                                          
                           "Local Hit Blocks": 0,                                                                                               
                           "Local Read Blocks": 0,                                                                                              
                           "Local Dirtied Blocks": 0,                                                                                           
                           "Local Written Blocks": 0,                                                                                           
                           "Temp Read Blocks": 0,                                                                                               
                           "Temp Written Blocks": 0,                                                                                            
                           "Plans": [                                                                                                           
                             {                                                                                                                  
                               "Node Type": "Seq Scan",                                                                                         
                               "Parent Relationship": "Outer",                                                                                  
                               "Parallel Aware": false,                                                                                         
                               "Relation Name": "name",                                                                                         
                               "Alias": "n",                                                                                                    
                               "Startup Cost": 0.00,                                                                                            
                               "Total Cost": 2032.56,                                                                                           
                               "Plan Rows": 4167491,                                                                                            
                               "Plan Width": 19,                                                                                                
                               "Actual Startup Time": 22.996,                                                                                   
                               "Actual Total Time": 741.702,                                                                                    
                               "Actual Rows": 4167491,                                                                                          
                               "Actual Loops": 1,                                                                                               
                               "Shared Hit Blocks": 1,                                                                                          
                               "Shared Read Blocks": 55612,                                                                                     
                               "Shared Dirtied Blocks": 0,                                                                                      
                               "Shared Written Blocks": 0,                                                                                      
                               "Local Hit Blocks": 0,                                                                                           
                               "Local Read Blocks": 0,                                                                                          
                               "Local Dirtied Blocks": 0,                                                                                       
                               "Local Written Blocks": 0,                                                                                       
                               "Temp Read Blocks": 0,                                                                                           
                               "Temp Written Blocks": 0                                                                                         
                             },                                                                                                                 
                             {                                                                                                                  
                               "Node Type": "Materialize",                                                                                      
                               "Parent Relationship": "Inner",                                                                                  
                               "Parallel Aware": false,                                                                                         
                               "Startup Cost": 3732.92,                                                                                         
                               "Total Cost": 24798.94,                                                                                          
                               "Plan Rows": 1,                                                                                                  
                               "Plan Width": 59,                                                                                                
                               "Actual Startup Time": 0.818,                                                                                    
                               "Actual Total Time": 1.482,                                                                                      
                               "Actual Rows": 2047,                                                                                             
                               "Actual Loops": 4167491,                                                                                         
                               "Shared Hit Blocks": 21,                                                                                         
                               "Shared Read Blocks": 334270,                                                                                    
                               "Shared Dirtied Blocks": 0,                                                                                      
                               "Shared Written Blocks": 0,                                                                                      
                               "Local Hit Blocks": 0,                                                                                           
                               "Local Read Blocks": 0,                                                                                          
                               "Local Dirtied Blocks": 0,                                                                                       
                               "Local Written Blocks": 0,                                                                                       
                               "Temp Read Blocks": 0,                                                                                           
                               "Temp Written Blocks": 0,                                                                                        
                               "Plans": [                                                                                                       
                                 {                                                                                                              
                                   "Node Type": "Nested Loop",                                                                                  
                                   "Parent Relationship": "Outer",                                                                              
                                   "Parallel Aware": false,                                                                                     
                                   "Join Type": "Inner",                                                                                        
                                   "Startup Cost": 3732.92,                                                                                     
                                   "Total Cost": 24798.94,                                                                                      
                                   "Plan Rows": 1,                                                                                              
                                   "Plan Width": 59,                                                                                            
                                   "Actual Startup Time": 3409025.534,                                                                          
                                   "Actual Total Time": 5794304.298,                                                                            
                                   "Actual Rows": 2047,                                                                                         
                                   "Actual Loops": 1,                                                                                           
                                   "Inner Unique": false,                                                                                       
                                   "Join Filter": "(chn.id = ci.person_role_id)",                                                               
                                   "Rows Removed by Join Filter": 13955652785,                                                                  
                                   "Shared Hit Blocks": 21,                                                                                     
                                   "Shared Read Blocks": 334270,                                                                                
                                   "Shared Dirtied Blocks": 0,                                                                                  
                                   "Shared Written Blocks": 0,                                                                                  
                                   "Local Hit Blocks": 0,                                                                                       
                                   "Local Read Blocks": 0,                                                                                      
                                   "Local Dirtied Blocks": 0,                                                                                   
                                   "Local Written Blocks": 0,                                                                                   
                                   "Temp Read Blocks": 0,                                                                                       
                                   "Temp Written Blocks": 0,                                                                                    
                                   "Plans": [                                                                                                   
                                     {                                                                                                          
                                       "Node Type": "Seq Scan",                                                                                 
                                       "Parent Relationship": "Outer",                                                                          
                                       "Parallel Aware": false,                                                                                 
                                       "Relation Name": "char_name",                                                                            
                                       "Alias": "chn",                                                                                          
                                       "Startup Cost": 0.00,                                                                                    
                                       "Total Cost": 1847.99,                                                                                   
                                       "Plan Rows": 180793,                                                                                     
                                       "Plan Width": 20,                                                                                        
                                       "Actual Startup Time": 9.991,                                                                            
                                       "Actual Total Time": 1465.521,                                                                           
                                       "Actual Rows": 180152,                                                                                   
                                       "Actual Loops": 1,                                                                                       
                                       "Filter": "((name IS NOT NULL) AND ((name ~~ '%man%'::text) OR (name ~~ '%Man%'::text)))",               
                                       "Rows Removed by Filter": 2960187,                                                                       
                                       "Shared Hit Blocks": 2,                                                                                  
                                       "Shared Read Blocks": 36445,                                                                             
                                       "Shared Dirtied Blocks": 0,                                                                              
                                       "Shared Written Blocks": 0,                                                                              
                                       "Local Hit Blocks": 0,                                                                                   
                                       "Local Read Blocks": 0,                                                                                  
                                       "Local Dirtied Blocks": 0,                                                                               
                                       "Local Written Blocks": 0,                                                                               
                                       "Temp Read Blocks": 0,                                                                                   
                                       "Temp Written Blocks": 0                                                                                 
                                     },                                                                                                         
                                     {                                                                                                          
                                       "Node Type": "Materialize",                                                                              
                                       "Parent Relationship": "Inner",                                                                          
                                       "Parallel Aware": false,                                                                                 
                                       "Startup Cost": 3732.92,                                                                                 
                                       "Total Cost": 22382.91,                                                                                  
                                       "Plan Rows": 14,                                                                                         
                                       "Plan Width": 47,                                                                                        
                                       "Actual Startup Time": 0.017,                                                                            
                                       "Actual Total Time": 22.370,                                                                             
                                       "Actual Rows": 77466,                                                                                    
                                       "Actual Loops": 180152,                                                                                  
                                       "Shared Hit Blocks": 19,                                                                                 
                                       "Shared Read Blocks": 297825,                                                                            
                                       "Shared Dirtied Blocks": 0,                                                                              
                                       "Shared Written Blocks": 0,                                                                              
                                       "Local Hit Blocks": 0,                                                                                   
                                       "Local Read Blocks": 0,                                                                                  
                                       "Local Dirtied Blocks": 0,                                                                               
                                       "Local Written Blocks": 0,                                                                               
                                       "Temp Read Blocks": 0,                                                                                   
                                       "Temp Written Blocks": 0,                                                                                
                                       "Plans": [                                                                                               
                                         {                                                                                                      
                                           "Node Type": "Nested Loop",                                                                          
                                           "Parent Relationship": "Outer",                                                                      
                                           "Parallel Aware": false,                                                                             
                                           "Join Type": "Inner",                                                                                
                                           "Startup Cost": 3732.92,                                                                             
                                           "Total Cost": 22382.91,                                                                              
                                           "Plan Rows": 14,                                                                                     
                                           "Plan Width": 47,                                                                                    
                                           "Actual Startup Time": 3116.040,                                                                     
                                           "Actual Total Time": 3408649.368,                                                                    
                                           "Actual Rows": 77466,                                                                                
                                           "Actual Loops": 1,                                                                                   
                                           "Inner Unique": false,                                                                               
                                           "Join Filter": "(t.id = ci.movie_id)",                                                               
                                           "Rows Removed by Join Filter": 23450013102,                                                          
                                           "Shared Hit Blocks": 19,                                                                             
                                           "Shared Read Blocks": 297825,                                                                        
                                           "Shared Dirtied Blocks": 0,                                                                          
                                           "Shared Written Blocks": 0,                                                                          
                                           "Local Hit Blocks": 0,                                                                               
                                           "Local Read Blocks": 0,                                                                              
                                           "Local Dirtied Blocks": 0,                                                                           
                                           "Local Written Blocks": 0,                                                                           
                                           "Temp Read Blocks": 0,                                                                               
                                           "Temp Written Blocks": 0,                                                                            
                                           "Plans": [                                                                                           
                                             {                                                                                                  
                                               "Node Type": "Seq Scan",                                                                         
                                               "Parent Relationship": "Outer",                                                                  
                                               "Parallel Aware": false,                                                                         
                                               "Relation Name": "cast_info",                                                                    
                                               "Alias": "ci",                                                                                   
                                               "Startup Cost": 0.00,                                                                            
                                               "Total Cost": 10431.00,                                                                          
                                               "Plan Rows": 36244344,                                                                           
                                               "Plan Width": 12,                                                                                
                                               "Actual Startup Time": 0.016,                                                                    
                                               "Actual Total Time": 4794.351,                                                                   
                                               "Actual Rows": 36244344,                                                                         
                                               "Actual Loops": 1,                                                                               
                                               "Shared Hit Blocks": 5,                                                                          
                                               "Shared Read Blocks": 252649,                                                                    
                                               "Shared Dirtied Blocks": 0,                                                                      
                                               "Shared Written Blocks": 0,                                                                      
                                               "Local Hit Blocks": 0,                                                                           
                                               "Local Read Blocks": 0,                                                                          
                                               "Local Dirtied Blocks": 0,                                                                       
                                               "Local Written Blocks": 0,                                                                       
                                               "Temp Read Blocks": 0,                                                                           
                                               "Temp Written Blocks": 0                                                                         
                                             },                                                                                                 
                                             {                                                                                                  
                                               "Node Type": "Materialize",                                                                      
                                               "Parent Relationship": "Inner",                                                                  
                                               "Parallel Aware": false,                                                                         
                                               "Startup Cost": 3732.92,                                                                         
                                               "Total Cost": 3817.91,                                                                           
                                               "Plan Rows": 1,                                                                                  
                                               "Plan Width": 35,                                                                                
                                               "Actual Startup Time": 0.000,                                                                    
                                               "Actual Total Time": 0.029,                                                                      
                                               "Actual Rows": 647,                                                                              
                                               "Actual Loops": 36244344,                                                                        
                                               "Shared Hit Blocks": 14,                                                                         
                                               "Shared Read Blocks": 45176,                                                                     
                                               "Shared Dirtied Blocks": 0,                                                                      
                                               "Shared Written Blocks": 0,                                                                      
                                               "Local Hit Blocks": 0,                                                                           
                                               "Local Read Blocks": 0,                                                                          
                                               "Local Dirtied Blocks": 0,                                                                       
                                               "Local Written Blocks": 0,                                                                       
                                               "Temp Read Blocks": 0,                                                                           
                                               "Temp Written Blocks": 0,                                                                        
                                               "Plans": [                                                                                       
                                                 {                                                                                              
                                                   "Node Type": "Nested Loop",                                                                  
                                                   "Parent Relationship": "Outer",                                                              
                                                   "Parallel Aware": false,                                                                     
                                                   "Join Type": "Inner",                                                                        
                                                   "Startup Cost": 3732.92,                                                                     
                                                   "Total Cost": 3817.91,                                                                       
                                                   "Plan Rows": 1,                                                                              
                                                   "Plan Width": 35,                                                                            
                                                   "Actual Startup Time": 2546.952,                                                             
                                                   "Actual Total Time": 2653.030,                                                               
                                                   "Actual Rows": 647,                                                                          
                                                   "Actual Loops": 1,                                                                           
                                                   "Inner Unique": true,                                                                        
                                                   "Join Filter": "(cc.status_id = cct.id)",                                                   
                                                   "Rows Removed by Join Filter": 247,                                                          
                                                   "Shared Hit Blocks": 14,                                                                     
                                                   "Shared Read Blocks": 45176,                                                                 
                                                   "Shared Dirtied Blocks": 0,                                                                  
                                                   "Shared Written Blocks": 0,                                                                  
                                                   "Local Hit Blocks": 0,                                                                       
                                                   "Local Read Blocks": 0,                                                                      
                                                   "Local Dirtied Blocks": 0,                                                                   
                                                   "Local Written Blocks": 0,                                                                   
                                                   "Temp Read Blocks": 0,                                                                       
                                                   "Temp Written Blocks": 0,                                                                    
                                                   "Plans": [                                                                                   
                                                     {                                                                                          
                                                       "Node Type": "Nested Loop",                                                              
                                                       "Parent Relationship": "Outer",                                                          
                                                       "Parallel Aware": false,                                                                 
                                                       "Join Type": "Inner",                                                                    
                                                       "Startup Cost": 3732.92,                                                                 
                                                       "Total Cost": 3817.88,                                                                   
                                                       "Plan Rows": 2,                                                                          
                                                       "Plan Width": 39,                                                                        
                                                       "Actual Startup Time": 2546.938,                                                         
                                                       "Actual Total Time": 2652.739,                                                           
                                                       "Actual Rows": 647,                                                                      
                                                       "Actual Loops": 1,                                                                       
                                                       "Inner Unique": true,                                                                    
                                                       "Join Filter": "(it.id = mi_idx.info_type_id)",                                         
                                                       "Rows Removed by Join Filter": 600,                                                      
                                                       "Shared Hit Blocks": 13,                                                                 
                                                       "Shared Read Blocks": 45176,                                                             
                                                       "Shared Dirtied Blocks": 0,                                                              
                                                       "Shared Written Blocks": 0,                                                              
                                                       "Local Hit Blocks": 0,                                                                   
                                                       "Local Read Blocks": 0,                                                                  
                                                       "Local Dirtied Blocks": 0,                                                               
                                                       "Local Written Blocks": 0,                                                               
                                                       "Temp Read Blocks": 0,                                                                   
                                                       "Temp Written Blocks": 0,                                                                
                                                       "Plans": [                                                                               
                                                         {                                                                                      
                                                           "Node Type": "Merge Join",                                                           
                                                           "Parent Relationship": "Outer",                                                      
                                                           "Parallel Aware": false,                                                             
                                                           "Join Type": "Inner",                                                                
                                                           "Startup Cost": 3732.92,                                                             
                                                           "Total Cost": 3817.78,                                                               
                                                           "Plan Rows": 201,                                                                    
                                                           "Plan Width": 43,                                                                    
                                                           "Actual Startup Time": 2546.782,                                                     
                                                           "Actual Total Time": 2652.246,                                                       
                                                           "Actual Rows": 1247,                                                                 
                                                           "Actual Loops": 1,                                                                   
                                                           "Inner Unique": false,                                                               
                                                           "Merge Cond": "(t.id = mi_idx.movie_id)",                                            
                                                           "Shared Hit Blocks": 12,                                                             
                                                           "Shared Read Blocks": 45176,                                                         
                                                           "Shared Dirtied Blocks": 0,                                                          
                                                           "Shared Written Blocks": 0,                                                          
                                                           "Local Hit Blocks": 0,                                                               
                                                           "Local Read Blocks": 0,                                                              
                                                           "Local Dirtied Blocks": 0,                                                           
                                                           "Local Written Blocks": 0,                                                           
                                                           "Temp Read Blocks": 0,                                                               
                                                           "Temp Written Blocks": 0,                                                            
                                                           "Plans": [                                                                           
                                                             {                                                                                  
                                                               "Node Type": "Nested Loop",                                                      
                                                               "Parent Relationship": "Outer",                                                  
                                                               "Parallel Aware": false,                                                         
                                                               "Join Type": "Inner",                                                            
                                                               "Startup Cost": 2739.14,                                                         
                                                               "Total Cost": 2793.89,                                                           
                                                               "Plan Rows": 2636,                                                               
                                                               "Plan Width": 29,                                                                
                                                               "Actual Startup Time": 1895.254,                                                 
                                                               "Actual Total Time": 1986.029,                                                   
                                                               "Actual Rows": 4590,                                                             
                                                               "Actual Loops": 1,                                                               
                                                               "Inner Unique": true,                                                            
                                                               "Join Filter": "(cct.id = cc.subject_id)",                                      
                                                               "Rows Removed by Join Filter": 1501,                                             
                                                               "Shared Hit Blocks": 10,                                                         
                                                               "Shared Read Blocks": 36725,                                                     
                                                               "Shared Dirtied Blocks": 0,                                                      
                                                               "Shared Written Blocks": 0,                                                      
                                                               "Local Hit Blocks": 0,                                                           
                                                               "Local Read Blocks": 0,                                                          
                                                               "Local Dirtied Blocks": 0,                                                       
                                                               "Local Written Blocks": 0,                                                       
                                                               "Temp Read Blocks": 0,                                                           
                                                               "Temp Written Blocks": 0,                                                        
                                                               "Plans": [                                                                       
                                                                 {                                                                              
                                                                   "Node Type": "Merge Join",                                                   
                                                                   "Parent Relationship": "Outer",                                              
                                                                   "Parallel Aware": false,                                                     
                                                                   "Join Type": "Inner",                                                        
                                                                   "Startup Cost": 2739.14,                                                     
                                                                   "Total Cost": 2791.49,                                                       
                                                                   "Plan Rows": 10544,                                                          
                                                                   "Plan Width": 33,                                                            
                                                                   "Actual Startup Time": 1895.192,                                             
                                                                   "Actual Total Time": 1983.881,                                               
                                                                   "Actual Rows": 6091,                                                         
                                                                   "Actual Loops": 1,                                                           
                                                                   "Inner Unique": false,                                                       
                                                                   "Merge Cond": "(t.id = cc.movie_id)",                                        
                                                                   "Shared Hit Blocks": 9,                                                      
                                                                   "Shared Read Blocks": 36725,                                                 
                                                                   "Shared Dirtied Blocks": 0,                                                  
                                                                   "Shared Written Blocks": 0,                                                  
                                                                   "Local Hit Blocks": 0,                                                       
                                                                   "Local Read Blocks": 0,                                                      
                                                                   "Local Dirtied Blocks": 0,                                                   
                                                                   "Local Written Blocks": 0,                                                   
                                                                   "Temp Read Blocks": 0,                                                       
                                                                   "Temp Written Blocks": 0,                                                    
                                                                   "Plans": [                                                                   
                                                                     {                                                                          
                                                                       "Node Type": "Sort",                                                     
                                                                       "Parent Relationship": "Outer",                                          
                                                                       "Parallel Aware": false,                                                 
                                                                       "Startup Cost": 2349.37,                                                 
                                                                       "Total Cost": 2364.69,                                                   
                                                                       "Plan Rows": 197350,                                                     
                                                                       "Plan Width": 21,                                                        
                                                                       "Actual Startup Time": 1768.272,                                         
                                                                       "Actual Total Time": 1801.908,                                           
                                                                       "Actual Rows": 273795,                                                   
                                                                       "Actual Loops": 1,                                                       
                                                                       "Sort Key": ["t.id"],                                                    
                                                                       "Sort Method": "quicksort",                                              
                                                                       "Sort Space Used": 30968,                                                
                                                                       "Sort Space Type": "Memory",                                             
                                                                       "Shared Hit Blocks": 7,                                                  
                                                                       "Shared Read Blocks": 35996,                                             
                                                                       "Shared Dirtied Blocks": 0,                                              
                                                                       "Shared Written Blocks": 0,                                              
                                                                       "Local Hit Blocks": 0,                                                   
                                                                       "Local Read Blocks": 0,                                                  
                                                                       "Local Dirtied Blocks": 0,                                               
                                                                       "Local Written Blocks": 0,                                               
                                                                       "Temp Read Blocks": 0,                                                   
                                                                       "Temp Written Blocks": 0,                                                
                                                                       "Plans": [                                                               
                                                                         {                                                                      
                                                                           "Node Type": "Nested Loop",                                          
                                                                           "Parent Relationship": "Outer",                                      
                                                                           "Parallel Aware": false,                                             
                                                                           "Join Type": "Inner",                                                
                                                                           "Startup Cost": 0.00,                                                
                                                                           "Total Cost": 1810.32,                                               
                                                                           "Plan Rows": 197350,                                                 
                                                                           "Plan Width": 21,                                                    
                                                                           "Actual Startup Time": 66.302,                                       
                                                                           "Actual Total Time": 1631.951,                                       
                                                                           "Actual Rows": 274015,                                               
                                                                           "Actual Loops": 1,                                                   
                                                                           "Inner Unique": true,                                                
                                                                           "Join Filter": "(t.kind_id = kt.id)",                                
                                                                           "Rows Removed by Join Filter": 1107438,                              
                                                                           "Shared Hit Blocks": 3,                                              
                                                                           "Shared Read Blocks": 35996,                                         
                                                                           "Shared Dirtied Blocks": 0,                                          
                                                                           "Shared Written Blocks": 0,                                          
                                                                           "Local Hit Blocks": 0,                                               
                                                                           "Local Read Blocks": 0,                                              
                                                                           "Local Dirtied Blocks": 0,                                           
                                                                           "Local Written Blocks": 0,                                           
                                                                           "Temp Read Blocks": 0,                                               
                                                                           "Temp Written Blocks": 0,                                            
                                                                           "Plans": [                                                           
                                                                             {                                                                  
                                                                               "Node Type": "Seq Scan",                                         
                                                                               "Parent Relationship": "Outer",                                  
                                                                               "Parallel Aware": false,                                         
                                                                               "Relation Name": "title",                                        
                                                                               "Alias": "t",                                                    
                                                                               "Startup Cost": 0.00,                                            
                                                                               "Total Cost": 1500.26,                                           
                                                                               "Plan Rows": 1381453,                                            
                                                                               "Plan Width": 25,                                                
                                                                               "Actual Startup Time": 4.693,                                    
                                                                               "Actual Total Time": 1009.719,                                   
                                                                               "Actual Rows": 1381453,                                          
                                                                               "Actual Loops": 1,                                               
                                                                               "Filter": "(production_year > 2000)",                            
                                                                               "Rows Removed by Filter": 1146859,                               
                                                                               "Shared Hit Blocks": 2,                                          
                                                                               "Shared Read Blocks": 35996,                                     
                                                                               "Shared Dirtied Blocks": 0,                                      
                                                                               "Shared Written Blocks": 0,                                      
                                                                               "Local Hit Blocks": 0,                                           
                                                                               "Local Read Blocks": 0,                                          
                                                                               "Local Dirtied Blocks": 0,                                       
                                                                               "Local Written Blocks": 0,                                       
                                                                               "Temp Read Blocks": 0,                                           
                                                                               "Temp Written Blocks": 0                                         
                                                                             },                                                                 
                                                                             {                                                                  
                                                                               "Node Type": "Materialize",                                      
                                                                               "Parent Relationship": "Inner",                                  
                                                                               "Parallel Aware": false,                                         
                                                                               "Startup Cost": 0.00,                                            
                                                                               "Total Cost": 0.03,                                              
                                                                               "Plan Rows": 1,                                                  
                                                                               "Plan Width": 4,                                                 
                                                                               "Actual Startup Time": 0.000,                                    
                                                                               "Actual Total Time": 0.000,                                      
                                                                               "Actual Rows": 1,                                                
                                                                               "Actual Loops": 1381453,                                         
                                                                               "Shared Hit Blocks": 1,                                          
                                                                               "Shared Read Blocks": 0,                                         
                                                                               "Shared Dirtied Blocks": 0,                                      
                                                                               "Shared Written Blocks": 0,                                      
                                                                               "Local Hit Blocks": 0,                                           
                                                                               "Local Read Blocks": 0,                                          
                                                                               "Local Dirtied Blocks": 0,                                       
                                                                               "Local Written Blocks": 0,                                       
                                                                               "Temp Read Blocks": 0,                                           
                                                                               "Temp Written Blocks": 0,                                        
                                                                               "Plans": [                                                       
                                                                                 {                                                              
                                                                                   "Node Type": "Seq Scan",                                     
                                                                                   "Parent Relationship": "Outer",                              
                                                                                   "Parallel Aware": false,                                     
                                                                                   "Relation Name": "kind_type",                                
                                                                                   "Alias": "kt",                                               
                                                                                   "Startup Cost": 0.00,                                        
                                                                                   "Total Cost": 0.03,                                          
                                                                                   "Plan Rows": 1,                                              
                                                                                   "Plan Width": 4,                                             
                                                                                   "Actual Startup Time": 0.014,                                
                                                                                   "Actual Total Time": 0.019,                                  
                                                                                   "Actual Rows": 1,                                            
                                                                                   "Actual Loops": 1,                                           
                                                                                   "Filter": "((kind)::text = 'movie'::text)",                  
                                                                                   "Rows Removed by Filter": 6,                                 
                                                                                   "Shared Hit Blocks": 1,                                      
                                                                                   "Shared Read Blocks": 0,                                     
                                                                                   "Shared Dirtied Blocks": 0,                                  
                                                                                   "Shared Written Blocks": 0,                                  
                                                                                   "Local Hit Blocks": 0,                                       
                                                                                   "Local Read Blocks": 0,                                      
                                                                                   "Local Dirtied Blocks": 0,                                   
                                                                                   "Local Written Blocks": 0,                                   
                                                                                   "Temp Read Blocks": 0,                                       
                                                                                   "Temp Written Blocks": 0                                     
                                                                                 }                                                              
                                                                               ]                                                                
                                                                             }                                                                  
                                                                           ]                                                                    
                                                                         }                                                                      
                                                                       ]                                                                        
                                                                     },                                                                         
                                                                     {                                                                          
                                                                       "Node Type": "Sort",                                                     
                                                                       "Parent Relationship": "Inner",                                          
                                                                       "Parallel Aware": false,                                                 
                                                                       "Startup Cost": 389.78,                                                  
                                                                       "Total Cost": 400.26,                                                    
                                                                       "Plan Rows": 135086,                                                     
                                                                       "Plan Width": 12,                                                        
                                                                       "Actual Startup Time": 117.874,                                          
                                                                       "Actual Total Time": 127.877,                                            
                                                                       "Actual Rows": 132456,                                                   
                                                                       "Actual Loops": 1,                                                       
                                                                       "Sort Key": ["cc.movie_id"],                                             
                                                                       "Sort Method": "quicksort",                                              
                                                                       "Sort Space Used": 12477,                                                
                                                                       "Sort Space Type": "Memory",                                             
                                                                       "Shared Hit Blocks": 2,                                                  
                                                                       "Shared Read Blocks": 729,                                               
                                                                       "Shared Dirtied Blocks": 0,                                              
                                                                       "Shared Written Blocks": 0,                                              
                                                                       "Local Hit Blocks": 0,                                                   
                                                                       "Local Read Blocks": 0,                                                  
                                                                       "Local Dirtied Blocks": 0,                                               
                                                                       "Local Written Blocks": 0,                                               
                                                                       "Temp Read Blocks": 0,                                                   
                                                                       "Temp Written Blocks": 0,                                                
                                                                       "Plans": [                                                               
                                                                         {                                                                      
                                                                           "Node Type": "Seq Scan",                                             
                                                                           "Parent Relationship": "Outer",                                      
                                                                           "Parallel Aware": false,                                             
                                                                           "Relation Name": "complete_cast",                                    
                                                                           "Alias": "cc",                                                       
                                                                           "Startup Cost": 0.00,                                                
                                                                           "Total Cost": 32.27,                                                 
                                                                           "Plan Rows": 135086,                                                 
                                                                           "Plan Width": 12,                                                    
                                                                           "Actual Startup Time": 26.074,                                       
                                                                           "Actual Total Time": 60.498,                                         
                                                                           "Actual Rows": 135086,                                               
                                                                           "Actual Loops": 1,                                                   
                                                                           "Shared Hit Blocks": 2,                                              
                                                                           "Shared Read Blocks": 729,                                           
                                                                           "Shared Dirtied Blocks": 0,                                          
                                                                           "Shared Written Blocks": 0,                                          
                                                                           "Local Hit Blocks": 0,                                               
                                                                           "Local Read Blocks": 0,                                              
                                                                           "Local Dirtied Blocks": 0,                                           
                                                                           "Local Written Blocks": 0,                                           
                                                                           "Temp Read Blocks": 0,                                               
                                                                           "Temp Written Blocks": 0                                             
                                                                         }                                                                      
                                                                       ]                                                                        
                                                                     }                                                                          
                                                                   ]                                                                            
                                                                 },                                                                             
                                                                 {                                                                              
                                                                   "Node Type": "Materialize",                                                  
                                                                   "Parent Relationship": "Inner",                                              
                                                                   "Parallel Aware": false,                                                     
                                                                   "Startup Cost": 0.00,                                                        
                                                                   "Total Cost": 0.03,                                                          
                                                                   "Plan Rows": 1,                                                              
                                                                   "Plan Width": 4,                                                             
                                                                   "Actual Startup Time": 0.000,                                                
                                                                   "Actual Total Time": 0.000,                                                  
                                                                   "Actual Rows": 1,                                                            
                                                                   "Actual Loops": 6091,                                                        
                                                                   "Shared Hit Blocks": 1,                                                      
                                                                   "Shared Read Blocks": 0,                                                     
                                                                   "Shared Dirtied Blocks": 0,                                                  
                                                                   "Shared Written Blocks": 0,                                                  
                                                                   "Local Hit Blocks": 0,                                                       
                                                                   "Local Read Blocks": 0,                                                      
                                                                   "Local Dirtied Blocks": 0,                                                   
                                                                   "Local Written Blocks": 0,                                                   
                                                                   "Temp Read Blocks": 0,                                                       
                                                                   "Temp Written Blocks": 0,                                                    
                                                                   "Plans": [                                                                   
                                                                     {                                                                          
                                                                       "Node Type": "Seq Scan",                                                 
                                                                       "Parent Relationship": "Outer",                                          
                                                                       "Parallel Aware": false,                                                 
                                                                       "Relation Name": "comp_cast_type",                                       
                                                                       "Alias": "cct",                                                         
                                                                       "Startup Cost": 0.00,                                                    
                                                                       "Total Cost": 0.03,                                                      
                                                                       "Plan Rows": 1,                                                          
                                                                       "Plan Width": 4,                                                         
                                                                       "Actual Startup Time": 0.010,                                            
                                                                       "Actual Total Time": 0.011,                                              
                                                                       "Actual Rows": 1,                                                        
                                                                       "Actual Loops": 1,                                                       
                                                                       "Filter": "((kind)::text = 'cast'::text)",                               
                                                                       "Rows Removed by Filter": 3,                                             
                                                                       "Shared Hit Blocks": 1,                                                  
                                                                       "Shared Read Blocks": 0,                                                 
                                                                       "Shared Dirtied Blocks": 0,                                              
                                                                       "Shared Written Blocks": 0,                                              
                                                                       "Local Hit Blocks": 0,                                                   
                                                                       "Local Read Blocks": 0,                                                  
                                                                       "Local Dirtied Blocks": 0,                                               
                                                                       "Local Written Blocks": 0,                                               
                                                                       "Temp Read Blocks": 0,                                                   
                                                                       "Temp Written Blocks": 0                                                 
                                                                     }                                                                          
                                                                   ]                                                                            
                                                                 }                                                                              
                                                               ]                                                                                
                                                             },                                                                                 
                                                             {                                                                                  
                                                               "Node Type": "Sort",                                                             
                                                               "Parent Relationship": "Inner",                                                  
                                                               "Parallel Aware": false,                                                         
                                                               "Startup Cost": 993.78,                                                          
                                                               "Total Cost": 1008.76,                                                           
                                                               "Plan Rows": 192955,                                                             
                                                               "Plan Width": 14,                                                                
                                                               "Actual Startup Time": 635.209,                                                  
                                                               "Actual Total Time": 645.035,                                                    
                                                               "Actual Rows": 192967,                                                           
                                                               "Actual Loops": 1,                                                               
                                                               "Sort Key": ["mi_idx.movie_id"],                                                 
                                                               "Sort Method": "quicksort",                                                      
                                                               "Sort Space Used": 15280,                                                        
                                                               "Sort Space Type": "Memory",                                                     
                                                               "Shared Hit Blocks": 2,                                                          
                                                               "Shared Read Blocks": 8451,                                                      
                                                               "Shared Dirtied Blocks": 0,                                                      
                                                               "Shared Written Blocks": 0,                                                      
                                                               "Local Hit Blocks": 0,                                                           
                                                               "Local Read Blocks": 0,                                                          
                                                               "Local Dirtied Blocks": 0,                                                       
                                                               "Local Written Blocks": 0,                                                       
                                                               "Temp Read Blocks": 0,                                                           
                                                               "Temp Written Blocks": 0,                                                        
                                                               "Plans": [                                                                       
                                                                 {                                                                              
                                                                   "Node Type": "Seq Scan",                                                     
                                                                   "Parent Relationship": "Outer",                                              
                                                                   "Parallel Aware": false,                                                     
                                                                   "Relation Name": "movie_info_idx",                                           
                                                                   "Alias": "mi_idx",                                                           
                                                                   "Startup Cost": 0.00,                                                        
                                                                   "Total Cost": 467.71,                                                        
                                                                   "Plan Rows": 192955,                                                         
                                                                   "Plan Width": 14,                                                            
                                                                   "Actual Startup Time": 0.022,                                                
                                                                   "Actual Total Time": 539.221,                                                
                                                                   "Actual Rows": 192967,                                                       
                                                                   "Actual Loops": 1,                                                           
                                                                   "Filter": "(info > '7.0'::text)",                                            
                                                                   "Rows Removed by Filter": 1187068,                                           
                                                                   "Shared Hit Blocks": 2,                                                      
                                                                   "Shared Read Blocks": 8451,                                                  
                                                                   "Shared Dirtied Blocks": 0,                                                  
                                                                   "Shared Written Blocks": 0,                                                  
                                                                   "Local Hit Blocks": 0,                                                       
                                                                   "Local Read Blocks": 0,                                                      
                                                                   "Local Dirtied Blocks": 0,                                                   
                                                                   "Local Written Blocks": 0,                                                   
                                                                   "Temp Read Blocks": 0,                                                       
                                                                   "Temp Written Blocks": 0                                                     
                                                                 }                                                                              
                                                               ]                                                                                
                                                             }                                                                                  
                                                           ]                                                                                    
                                                         },                                                                                     
                                                         {                                                                                      
                                                           "Node Type": "Materialize",                                                          
                                                           "Parent Relationship": "Inner",                                                      
                                                           "Parallel Aware": false,                                                             
                                                           "Startup Cost": 0.00,                                                                
                                                           "Total Cost": 0.05,                                                                  
                                                           "Plan Rows": 1,                                                                      
                                                           "Plan Width": 4,                                                                     
                                                           "Actual Startup Time": 0.000,                                                        
                                                           "Actual Total Time": 0.000,                                                          
                                                           "Actual Rows": 1,                                                                    
                                                           "Actual Loops": 1247,                                                                
                                                           "Shared Hit Blocks": 1,                                                              
                                                           "Shared Read Blocks": 0,                                                             
                                                           "Shared Dirtied Blocks": 0,                                                          
                                                           "Shared Written Blocks": 0,                                                          
                                                           "Local Hit Blocks": 0,                                                               
                                                           "Local Read Blocks": 0,                                                              
                                                           "Local Dirtied Blocks": 0,                                                           
                                                           "Local Written Blocks": 0,                                                           
                                                           "Temp Read Blocks": 0,                                                               
                                                           "Temp Written Blocks": 0,                                                            
                                                           "Plans": [                                                                           
                                                             {                                                                                  
                                                               "Node Type": "Seq Scan",                                                         
                                                               "Parent Relationship": "Outer",                                                  
                                                               "Parallel Aware": false,                                                         
                                                               "Relation Name": "info_type",                                                    
                                                               "Alias": "it",                                                                  
                                                               "Startup Cost": 0.00,                                                            
                                                               "Total Cost": 0.05,                                                              
                                                               "Plan Rows": 1,                                                                  
                                                               "Plan Width": 4,                                                                 
                                                               "Actual Startup Time": 0.020,                                                    
                                                               "Actual Total Time": 0.022,                                                      
                                                               "Actual Rows": 1,                                                                
                                                               "Actual Loops": 1,                                                               
                                                               "Filter": "((info)::text = 'rating'::text)",                                     
                                                               "Rows Removed by Filter": 112,                                                   
                                                               "Shared Hit Blocks": 1,                                                          
                                                               "Shared Read Blocks": 0,                                                         
                                                               "Shared Dirtied Blocks": 0,                                                      
                                                               "Shared Written Blocks": 0,                                                      
                                                               "Local Hit Blocks": 0,                                                           
                                                               "Local Read Blocks": 0,                                                          
                                                               "Local Dirtied Blocks": 0,                                                       
                                                               "Local Written Blocks": 0,                                                       
                                                               "Temp Read Blocks": 0,                                                           
                                                               "Temp Written Blocks": 0                                                         
                                                             }                                                                                  
                                                           ]                                                                                    
                                                         }                                                                                      
                                                       ]                                                                                        
                                                     },                                                                                         
                                                     {                                                                                          
                                                       "Node Type": "Materialize",                                                              
                                                       "Parent Relationship": "Inner",                                                          
                                                       "Parallel Aware": false,                                                                 
                                                       "Startup Cost": 0.00,                                                                    
                                                       "Total Cost": 0.03,                                                                      
                                                       "Plan Rows": 1,                                                                          
                                                       "Plan Width": 4,                                                                         
                                                       "Actual Startup Time": 0.000,                                                            
                                                       "Actual Total Time": 0.000,                                                              
                                                       "Actual Rows": 1,                                                                        
                                                       "Actual Loops": 647,                                                                     
                                                       "Shared Hit Blocks": 1,                                                                  
                                                       "Shared Read Blocks": 0,                                                                 
                                                       "Shared Dirtied Blocks": 0,                                                              
                                                       "Shared Written Blocks": 0,                                                              
                                                       "Local Hit Blocks": 0,                                                                   
                                                       "Local Read Blocks": 0,                                                                  
                                                       "Local Dirtied Blocks": 0,                                                               
                                                       "Local Written Blocks": 0,                                                               
                                                       "Temp Read Blocks": 0,                                                                   
                                                       "Temp Written Blocks": 0,                                                                
                                                       "Plans": [                                                                               
                                                         {                                                                                      
                                                           "Node Type": "Seq Scan",                                                             
                                                           "Parent Relationship": "Outer",                                                      
                                                           "Parallel Aware": false,                                                             
                                                           "Relation Name": "comp_cast_type",                                                   
                                                           "Alias": "cct",                                                                     
                                                           "Startup Cost": 0.00,                                                                
                                                           "Total Cost": 0.03,                                                                  
                                                           "Plan Rows": 1,                                                                      
                                                           "Plan Width": 4,                                                                     
                                                           "Actual Startup Time": 0.009,                                                        
                                                           "Actual Total Time": 0.010,                                                          
                                                           "Actual Rows": 2,                                                                    
                                                           "Actual Loops": 1,                                                                   
                                                           "Filter": "((kind)::text ~~ '%complete%'::text)",                                    
                                                           "Rows Removed by Filter": 2,                                                         
                                                           "Shared Hit Blocks": 1,                                                              
                                                           "Shared Read Blocks": 0,                                                             
                                                           "Shared Dirtied Blocks": 0,                                                          
                                                           "Shared Written Blocks": 0,                                                          
                                                           "Local Hit Blocks": 0,                                                               
                                                           "Local Read Blocks": 0,                                                              
                                                           "Local Dirtied Blocks": 0,                                                           
                                                           "Local Written Blocks": 0,                                                           
                                                           "Temp Read Blocks": 0,                                                               
                                                           "Temp Written Blocks": 0                                                             
                                                         }                                                                                      
                                                       ]                                                                                        
                                                     }                                                                                          
                                                   ]                                                                                            
                                                 }                                                                                              
                                               ]                                                                                                
                                             }                                                                                                  
                                           ]                                                                                                    
                                         }                                                                                                      
                                       ]                                                                                                        
                                     }                                                                                                          
                                   ]                                                                                                            
                                 }                                                                                                              
                               ]                                                                                                                
                             }                                                                                                                  
                           ]                                                                                                                    
                         }                                                                                                                      
                       ]                                                                                                                        
                     }                                                                                                                          
                   ]                                                                                                                            
                 }                                                                                                                              
               ]                                                                                                                                
             }                                                                                                                                  
           ]                                                                                                                                    
         }                                                                                                                                      
       ]                                                                                                                                        
     },                                                                                                                                         
     "Planning Time": 10339.758,                                                                                                                
     "Triggers": [                                                                                                                              
     ],                                                                                                                                         
     "Execution Time": 8798740.277                                                                                                              
   }                                                                                                                                            
 ]
