 [                                                                                                                               
   {                                                                                                                             
     "Plan": {                                                                                                                   
       "Node Type": "Aggregate",                                                                                                 
       "Strategy": "Plain",                                                                                                      
       "Partial Mode": "Simple",                                                                                                 
       "Parallel Aware": false,                                                                                                  
       "Startup Cost": 29255.55,                                                                                                 
       "Total Cost": 29255.55,                                                                                                   
       "Plan Rows": 1,                                                                                                           
       "Plan Width": 96,                                                                                                         
       "Actual Startup Time": 497132.726,                                                                                        
       "Actual Total Time": 497132.727,                                                                                          
       "Actual Rows": 1,                                                                                                         
       "Actual Loops": 1,                                                                                                        
       "Shared Hit Blocks": 27,                                                                                                  
       "Shared Read Blocks": 415280,                                                                                             
       "Shared Dirtied Blocks": 0,                                                                                               
       "Shared Written Blocks": 0,                                                                                               
       "Local Hit Blocks": 0,                                                                                                    
       "Local Read Blocks": 0,                                                                                                   
       "Local Dirtied Blocks": 0,                                                                                                
       "Local Written Blocks": 0,                                                                                                
       "Temp Read Blocks": 0,                                                                                                    
       "Temp Written Blocks": 0,                                                                                                 
       "Plans": [                                                                                                                
         {                                                                                                                       
           "Node Type": "Nested Loop",                                                                                           
           "Parent Relationship": "Outer",                                                                                       
           "Parallel Aware": false,                                                                                              
           "Join Type": "Inner",                                                                                                 
           "Startup Cost": 3099.07,                                                                                              
           "Total Cost": 29255.55,                                                                                               
           "Plan Rows": 1,                                                                                                       
           "Plan Width": 39,                                                                                                     
           "Actual Startup Time": 482362.428,                                                                                    
           "Actual Total Time": 497132.599,                                                                                      
           "Actual Rows": 93,                                                                                                    
           "Actual Loops": 1,                                                                                                    
           "Inner Unique": false,                                                                                                
           "Join Filter": "(k.id = mk.keyword_id)",                                                                              
           "Rows Removed by Join Filter": 128059,                                                                                
           "Shared Hit Blocks": 27,                                                                                              
           "Shared Read Blocks": 415280,                                                                                         
           "Shared Dirtied Blocks": 0,                                                                                           
           "Shared Written Blocks": 0,                                                                                           
           "Local Hit Blocks": 0,                                                                                                
           "Local Read Blocks": 0,                                                                                               
           "Local Dirtied Blocks": 0,                                                                                            
           "Local Written Blocks": 0,                                                                                            
           "Temp Read Blocks": 0,                                                                                                
           "Temp Written Blocks": 0,                                                                                             
           "Plans": [                                                                                                            
             {                                                                                                                   
               "Node Type": "Seq Scan",                                                                                          
               "Parent Relationship": "Outer",                                                                                   
               "Parallel Aware": false,                                                                                          
               "Relation Name": "keyword",                                                                                       
               "Alias": "k",                                                                                                     
               "Startup Cost": 0.00,                                                                                             
               "Total Cost": 59.88,                                                                                              
               "Plan Rows": 4,                                                                                                   
               "Plan Width": 4,                                                                                                  
               "Actual Startup Time": 3.727,                                                                                     
               "Actual Total Time": 72.631,                                                                                      
               "Actual Rows": 4,                                                                                                 
               "Actual Loops": 1,                                                                                                
               "Filter": "(keyword = ANY ('{superhero,marvel-comics,based-on-comic,fight}'::text[]))",                           
               "Rows Removed by Filter": 134166,                                                                                 
               "Shared Hit Blocks": 2,                                                                                           
               "Shared Read Blocks": 947,                                                                                        
               "Shared Dirtied Blocks": 0,                                                                                       
               "Shared Written Blocks": 0,                                                                                       
               "Local Hit Blocks": 0,                                                                                            
               "Local Read Blocks": 0,                                                                                           
               "Local Dirtied Blocks": 0,                                                                                        
               "Local Written Blocks": 0,                                                                                        
               "Temp Read Blocks": 0,                                                                                            
               "Temp Written Blocks": 0                                                                                          
             },                                                                                                                  
             {                                                                                                                   
               "Node Type": "Materialize",                                                                                       
               "Parent Relationship": "Inner",                                                                                   
               "Parallel Aware": false,                                                                                          
               "Startup Cost": 3099.07,                                                                                          
               "Total Cost": 29195.67,                                                                                           
               "Plan Rows": 2,                                                                                                   
               "Plan Width": 43,                                                                                                 
               "Actual Startup Time": 108413.103,                                                                                
               "Actual Total Time": 124257.948,                                                                                  
               "Actual Rows": 32038,                                                                                             
               "Actual Loops": 4,                                                                                                
               "Shared Hit Blocks": 25,                                                                                          
               "Shared Read Blocks": 414333,                                                                                     
               "Shared Dirtied Blocks": 0,                                                                                       
               "Shared Written Blocks": 0,                                                                                       
               "Local Hit Blocks": 0,                                                                                            
               "Local Read Blocks": 0,                                                                                           
               "Local Dirtied Blocks": 0,                                                                                        
               "Local Written Blocks": 0,                                                                                        
               "Temp Read Blocks": 0,                                                                                            
               "Temp Written Blocks": 0,                                                                                         
               "Plans": [                                                                                                        
                 {                                                                                                               
                   "Node Type": "Nested Loop",                                                                                   
                   "Parent Relationship": "Outer",                                                                               
                   "Parallel Aware": false,                                                                                      
                   "Join Type": "Inner",                                                                                         
                   "Startup Cost": 3099.07,                                                                                      
                   "Total Cost": 29195.67,                                                                                       
                   "Plan Rows": 2,                                                                                               
                   "Plan Width": 43,                                                                                             
                   "Actual Startup Time": 433652.398,                                                                            
                   "Actual Total Time": 497012.954,                                                                              
                   "Actual Rows": 32038,                                                                                         
                   "Actual Loops": 1,                                                                                            
                   "Inner Unique": false,                                                                                        
                   "Join Filter": "(t.id = mk.movie_id)",                                                                        
                   "Rows Removed by Join Filter": 560935282,                                                                     
                   "Shared Hit Blocks": 25,                                                                                      
                   "Shared Read Blocks": 414333,                                                                                 
                   "Shared Dirtied Blocks": 0,                                                                                   
                   "Shared Written Blocks": 0,                                                                                   
                   "Local Hit Blocks": 0,                                                                                        
                   "Local Read Blocks": 0,                                                                                       
                   "Local Dirtied Blocks": 0,                                                                                    
                   "Local Written Blocks": 0,                                                                                    
                   "Temp Read Blocks": 0,                                                                                        
                   "Temp Written Blocks": 0,                                                                                     
                   "Plans": [                                                                                                    
                     {                                                                                                           
                       "Node Type": "Seq Scan",                                                                                  
                       "Parent Relationship": "Outer",                                                                           
                       "Parallel Aware": false,                                                                                  
                       "Relation Name": "movie_keyword",                                                                         
                       "Alias": "mk",                                                                                            
                       "Startup Cost": 0.00,                                                                                     
                       "Total Cost": 1079.84,                                                                                    
                       "Plan Rows": 4523930,                                                                                     
                       "Plan Width": 8,                                                                                          
                       "Actual Startup Time": 0.018,                                                                             
                       "Actual Total Time": 502.707,                                                                             
                       "Actual Rows": 4523930,                                                                                   
                       "Actual Loops": 1,                                                                                        
                       "Shared Hit Blocks": 3,                                                                                   
                       "Shared Read Blocks": 24451,                                                                              
                       "Shared Dirtied Blocks": 0,                                                                               
                       "Shared Written Blocks": 0,                                                                               
                       "Local Hit Blocks": 0,                                                                                    
                       "Local Read Blocks": 0,                                                                                   
                       "Local Dirtied Blocks": 0,                                                                                
                       "Local Written Blocks": 0,                                                                                
                       "Temp Read Blocks": 0,                                                                                    
                       "Temp Written Blocks": 0                                                                                  
                     },                                                                                                          
                     {                                                                                                           
                       "Node Type": "Materialize",                                                                               
                       "Parent Relationship": "Inner",                                                                           
                       "Parallel Aware": false,                                                                                  
                       "Startup Cost": 3099.07,                                                                                  
                       "Total Cost": 27100.56,                                                                                   
                       "Plan Rows": 1,                                                                                           
                       "Plan Width": 55,                                                                                         
                       "Actual Startup Time": 0.070,                                                                             
                       "Actual Total Time": 0.096,                                                                               
                       "Actual Rows": 124,                                                                                       
                       "Actual Loops": 4523930,                                                                                  
                       "Shared Hit Blocks": 22,                                                                                  
                       "Shared Read Blocks": 389882,                                                                             
                       "Shared Dirtied Blocks": 0,                                                                               
                       "Shared Written Blocks": 0,                                                                               
                       "Local Hit Blocks": 0,                                                                                    
                       "Local Read Blocks": 0,                                                                                   
                       "Local Dirtied Blocks": 0,                                                                                
                       "Local Written Blocks": 0,                                                                                
                       "Temp Read Blocks": 0,                                                                                    
                       "Temp Written Blocks": 0,                                                                                 
                       "Plans": [                                                                                                
                         {                                                                                                       
                           "Node Type": "Nested Loop",                                                                           
                           "Parent Relationship": "Outer",                                                                       
                           "Parallel Aware": false,                                                                              
                           "Join Type": "Inner",                                                                                 
                           "Startup Cost": 3099.07,                                                                              
                           "Total Cost": 27100.56,                                                                               
                           "Plan Rows": 1,                                                                                       
                           "Plan Width": 55,                                                                                     
                           "Actual Startup Time": 316273.614,                                                                    
                           "Actual Total Time": 410592.982,                                                                      
                           "Actual Rows": 124,                                                                                   
                           "Actual Loops": 1,                                                                                    
                           "Inner Unique": false,                                                                                
                           "Join Filter": "(n.id = ci.person_id)",                                                               
                           "Rows Removed by Join Filter": 516768760,                                                             
                           "Shared Hit Blocks": 22,                                                                              
                           "Shared Read Blocks": 389882,                                                                         
                           "Shared Dirtied Blocks": 0,                                                                           
                           "Shared Written Blocks": 0,                                                                           
                           "Local Hit Blocks": 0,                                                                                
                           "Local Read Blocks": 0,                                                                               
                           "Local Dirtied Blocks": 0,                                                                            
                           "Local Written Blocks": 0,                                                                            
                           "Temp Read Blocks": 0,                                                                                
                           "Temp Written Blocks": 0,                                                                             
                           "Plans": [                                                                                            
                             {                                                                                                   
                               "Node Type": "Seq Scan",                                                                          
                               "Parent Relationship": "Outer",                                                                   
                               "Parallel Aware": false,                                                                          
                               "Relation Name": "name",                                                                          
                               "Alias": "n",                                                                                     
                               "Startup Cost": 0.00,                                                                             
                               "Total Cost": 2032.56,                                                                            
                               "Plan Rows": 4167491,                                                                             
                               "Plan Width": 4,                                                                                  
                               "Actual Startup Time": 28.285,                                                                    
                               "Actual Total Time": 665.104,                                                                     
                               "Actual Rows": 4167491,                                                                           
                               "Actual Loops": 1,                                                                                
                               "Shared Hit Blocks": 1,                                                                           
                               "Shared Read Blocks": 55612,                                                                      
                               "Shared Dirtied Blocks": 0,                                                                       
                               "Shared Written Blocks": 0,                                                                       
                               "Local Hit Blocks": 0,                                                                            
                               "Local Read Blocks": 0,                                                                           
                               "Local Dirtied Blocks": 0,                                                                        
                               "Local Written Blocks": 0,                                                                        
                               "Temp Read Blocks": 0,                                                                            
                               "Temp Written Blocks": 0                                                                          
                             },                                                                                                  
                             {                                                                                                   
                               "Node Type": "Materialize",                                                                       
                               "Parent Relationship": "Inner",                                                                   
                               "Parallel Aware": false,                                                                          
                               "Startup Cost": 3099.07,                                                                          
                               "Total Cost": 24132.73,                                                                           
                               "Plan Rows": 1,                                                                                   
                               "Plan Width": 59,                                                                                 
                               "Actual Startup Time": 0.044,                                                                     
                               "Actual Total Time": 0.081,                                                                       
                               "Actual Rows": 124,                                                                               
                               "Actual Loops": 4167491,                                                                          
                               "Shared Hit Blocks": 21,                                                                          
                               "Shared Read Blocks": 334270,                                                                     
                               "Shared Dirtied Blocks": 0,                                                                       
                               "Shared Written Blocks": 0,                                                                       
                               "Local Hit Blocks": 0,                                                                            
                               "Local Read Blocks": 0,                                                                           
                               "Local Dirtied Blocks": 0,                                                                        
                               "Local Written Blocks": 0,                                                                        
                               "Temp Read Blocks": 0,                                                                            
                               "Temp Written Blocks": 0,                                                                         
                               "Plans": [                                                                                        
                                 {                                                                                               
                                   "Node Type": "Nested Loop",                                                                   
                                   "Parent Relationship": "Outer",                                                               
                                   "Parallel Aware": false,                                                                      
                                   "Join Type": "Inner",                                                                         
                                   "Startup Cost": 3099.07,                                                                      
                                   "Total Cost": 24132.73,                                                                       
                                   "Plan Rows": 1,                                                                               
                                   "Plan Width": 59,                                                                             
                                   "Actual Startup Time": 184865.598,                                                            
                                   "Actual Total Time": 315990.240,                                                              
                                   "Actual Rows": 124,                                                                           
                                   "Actual Loops": 1,                                                                            
                                   "Inner Unique": false,                                                                        
                                   "Join Filter": "(chn.id = ci.person_role_id)",                                                
                                   "Rows Removed by Join Filter": 760601620,                                                     
                                   "Shared Hit Blocks": 21,                                                                      
                                   "Shared Read Blocks": 334270,                                                                 
                                   "Shared Dirtied Blocks": 0,                                                                   
                                   "Shared Written Blocks": 0,                                                                   
                                   "Local Hit Blocks": 0,                                                                        
                                   "Local Read Blocks": 0,                                                                       
                                   "Local Dirtied Blocks": 0,                                                                    
                                   "Local Written Blocks": 0,                                                                    
                                   "Temp Read Blocks": 0,                                                                        
                                   "Temp Written Blocks": 0,                                                                     
                                   "Plans": [                                                                                    
                                     {                                                                                           
                                       "Node Type": "Seq Scan",                                                                  
                                       "Parent Relationship": "Outer",                                                           
                                       "Parallel Aware": false,                                                                  
                                       "Relation Name": "char_name",                                                             
                                       "Alias": "chn",                                                                           
                                       "Startup Cost": 0.00,                                                                     
                                       "Total Cost": 1847.99,                                                                    
                                       "Plan Rows": 180793,                                                                      
                                       "Plan Width": 20,                                                                         
                                       "Actual Startup Time": 9.963,                                                             
                                       "Actual Total Time": 1041.730,                                                            
                                       "Actual Rows": 180152,                                                                    
                                       "Actual Loops": 1,                                                                        
                                       "Filter": "((name IS NOT NULL) AND ((name ~~ '%man%'::text) OR (name ~~ '%Man%'::text)))",
                                       "Rows Removed by Filter": 2960187,                                                        
                                       "Shared Hit Blocks": 2,                                                                   
                                       "Shared Read Blocks": 36445,                                                              
                                       "Shared Dirtied Blocks": 0,                                                               
                                       "Shared Written Blocks": 0,                                                               
                                       "Local Hit Blocks": 0,                                                                    
                                       "Local Read Blocks": 0,                                                                   
                                       "Local Dirtied Blocks": 0,                                                                
                                       "Local Written Blocks": 0,                                                                
                                       "Temp Read Blocks": 0,                                                                    
                                       "Temp Written Blocks": 0                                                                  
                                     },                                                                                          
                                     {                                                                                           
                                       "Node Type": "Materialize",                                                               
                                       "Parent Relationship": "Inner",                                                           
                                       "Parallel Aware": false,                                                                  
                                       "Startup Cost": 3099.07,                                                                  
                                       "Total Cost": 21716.71,                                                                   
                                       "Plan Rows": 14,                                                                          
                                       "Plan Width": 47,                                                                         
                                       "Actual Startup Time": 0.016,                                                             
                                       "Actual Total Time": 1.218,                                                               
                                       "Actual Rows": 4222,                                                                      
                                       "Actual Loops": 180152,                                                                   
                                       "Shared Hit Blocks": 19,                                                                  
                                       "Shared Read Blocks": 297825,                                                             
                                       "Shared Dirtied Blocks": 0,                                                               
                                       "Shared Written Blocks": 0,                                                               
                                       "Local Hit Blocks": 0,                                                                    
                                       "Local Read Blocks": 0,                                                                   
                                       "Local Dirtied Blocks": 0,                                                                
                                       "Local Written Blocks": 0,                                                                
                                       "Temp Read Blocks": 0,                                                                    
                                       "Temp Written Blocks": 0,                                                                 
                                       "Plans": [                                                                                
                                         {                                                                                       
                                           "Node Type": "Nested Loop",                                                           
                                           "Parent Relationship": "Outer",                                                       
                                           "Parallel Aware": false,                                                              
                                           "Join Type": "Inner",                                                                 
                                           "Startup Cost": 3099.07,                                                              
                                           "Total Cost": 21716.70,                                                               
                                           "Plan Rows": 14,                                                                      
                                           "Plan Width": 47,                                                                     
                                           "Actual Startup Time": 2914.407,                                                      
                                           "Actual Total Time": 184168.969,                                                      
                                           "Actual Rows": 4222,                                                                  
                                           "Actual Loops": 1,                                                                    
                                           "Inner Unique": false,                                                                
                                           "Join Filter": "(t.id = ci.movie_id)",                                                
                                           "Rows Removed by Join Filter": 1159814786,                                            
                                           "Shared Hit Blocks": 19,                                                              
                                           "Shared Read Blocks": 297825,                                                         
                                           "Shared Dirtied Blocks": 0,                                                           
                                           "Shared Written Blocks": 0,                                                           
                                           "Local Hit Blocks": 0,                                                                
                                           "Local Read Blocks": 0,                                                               
                                           "Local Dirtied Blocks": 0,                                                            
                                           "Local Written Blocks": 0,                                                            
                                           "Temp Read Blocks": 0,                                                                
                                           "Temp Written Blocks": 0,                                                             
                                           "Plans": [                                                                            
                                             {                                                                                   
                                               "Node Type": "Seq Scan",                                                          
                                               "Parent Relationship": "Outer",                                                   
                                               "Parallel Aware": false,                                                          
                                               "Relation Name": "cast_info",                                                     
                                               "Alias": "ci",                                                                    
                                               "Startup Cost": 0.00,                                                             
                                               "Total Cost": 10431.00,                                                           
                                               "Plan Rows": 36244344,                                                            
                                               "Plan Width": 12,                                                                 
                                               "Actual Startup Time": 0.016,                                                     
                                               "Actual Total Time": 4169.399,                                                    
                                               "Actual Rows": 36244344,                                                          
                                               "Actual Loops": 1,                                                                
                                               "Shared Hit Blocks": 5,                                                           
                                               "Shared Read Blocks": 252649,                                                     
                                               "Shared Dirtied Blocks": 0,                                                       
                                               "Shared Written Blocks": 0,                                                       
                                               "Local Hit Blocks": 0,                                                            
                                               "Local Read Blocks": 0,                                                           
                                               "Local Dirtied Blocks": 0,                                                        
                                               "Local Written Blocks": 0,                                                        
                                               "Temp Read Blocks": 0,                                                            
                                               "Temp Written Blocks": 0                                                          
                                             },                                                                                  
                                             {                                                                                   
                                               "Node Type": "Materialize",                                                       
                                               "Parent Relationship": "Inner",                                                   
                                               "Parallel Aware": false,                                                          
                                               "Startup Cost": 3099.07,                                                          
                                               "Total Cost": 3151.70,                                                            
                                               "Plan Rows": 1,                                                                   
                                               "Plan Width": 35,                                                                 
                                               "Actual Startup Time": 0.000,                                                     
                                               "Actual Total Time": 0.002,                                                       
                                               "Actual Rows": 32,                                                                
                                               "Actual Loops": 36244344,                                                         
                                               "Shared Hit Blocks": 14,                                                          
                                               "Shared Read Blocks": 45176,                                                      
                                               "Shared Dirtied Blocks": 0,                                                       
                                               "Shared Written Blocks": 0,                                                       
                                               "Local Hit Blocks": 0,                                                            
                                               "Local Read Blocks": 0,                                                           
                                               "Local Dirtied Blocks": 0,                                                        
                                               "Local Written Blocks": 0,                                                        
                                               "Temp Read Blocks": 0,                                                            
                                               "Temp Written Blocks": 0,                                                         
                                               "Plans": [                                                                        
                                                 {                                                                               
                                                   "Node Type": "Nested Loop",                                                   
                                                   "Parent Relationship": "Outer",                                               
                                                   "Parallel Aware": false,                                                      
                                                   "Join Type": "Inner",                                                         
                                                   "Startup Cost": 3099.07,                                                      
                                                   "Total Cost": 3151.70,                                                        
                                                   "Plan Rows": 1,                                                               
                                                   "Plan Width": 35,                                                             
                                                   "Actual Startup Time": 2497.311,                                              
                                                   "Actual Total Time": 2572.009,                                                
                                                   "Actual Rows": 32,                                                            
                                                   "Actual Loops": 1,                                                            
                                                   "Inner Unique": true,                                                         
                                                   "Join Filter": "(cct.id = cc.subject_id)",                                   
                                                   "Rows Removed by Join Filter": 16,                                            
                                                   "Shared Hit Blocks": 14,                                                      
                                                   "Shared Read Blocks": 45176,                                                  
                                                   "Shared Dirtied Blocks": 0,                                                   
                                                   "Shared Written Blocks": 0,                                                   
                                                   "Local Hit Blocks": 0,                                                        
                                                   "Local Read Blocks": 0,                                                       
                                                   "Local Dirtied Blocks": 0,                                                    
                                                   "Local Written Blocks": 0,                                                    
                                                   "Temp Read Blocks": 0,                                                        
                                                   "Temp Written Blocks": 0,                                                     
                                                   "Plans": [                                                                    
                                                     {                                                                           
                                                       "Node Type": "Nested Loop",                                               
                                                       "Parent Relationship": "Outer",                                           
                                                       "Parallel Aware": false,                                                  
                                                       "Join Type": "Inner",                                                     
                                                       "Startup Cost": 3099.07,                                                  
                                                       "Total Cost": 3151.67,                                                    
                                                       "Plan Rows": 1,                                                           
                                                       "Plan Width": 39,                                                         
                                                       "Actual Startup Time": 2497.305,                                          
                                                       "Actual Total Time": 2571.965,                                            
                                                       "Actual Rows": 48,                                                        
                                                       "Actual Loops": 1,                                                        
                                                       "Inner Unique": true,                                                     
                                                       "Join Filter": "(cct.id = cc.status_id)",                                
                                                       "Rows Removed by Join Filter": 11,                                        
                                                       "Shared Hit Blocks": 13,                                                  
                                                       "Shared Read Blocks": 45176,                                              
                                                       "Shared Dirtied Blocks": 0,                                               
                                                       "Shared Written Blocks": 0,                                               
                                                       "Local Hit Blocks": 0,                                                    
                                                       "Local Read Blocks": 0,                                                   
                                                       "Local Dirtied Blocks": 0,                                                
                                                       "Local Written Blocks": 0,                                                
                                                       "Temp Read Blocks": 0,                                                    
                                                       "Temp Written Blocks": 0,                                                 
                                                       "Plans": [                                                                
                                                         {                                                                       
                                                           "Node Type": "Merge Join",                                            
                                                           "Parent Relationship": "Outer",                                       
                                                           "Parallel Aware": false,                                              
                                                           "Join Type": "Inner",                                                 
                                                           "Startup Cost": 3099.07,                                              
                                                           "Total Cost": 3151.64,                                                
                                                           "Plan Rows": 1,                                                       
                                                           "Plan Width": 43,                                                     
                                                           "Actual Startup Time": 2497.289,                                      
                                                           "Actual Total Time": 2571.922,                                        
                                                           "Actual Rows": 48,                                                    
                                                           "Actual Loops": 1,                                                    
                                                           "Inner Unique": false,                                                
                                                           "Merge Cond": "(t.id = cc.movie_id)",                                 
                                                           "Shared Hit Blocks": 12,                                              
                                                           "Shared Read Blocks": 45176,                                          
                                                           "Shared Dirtied Blocks": 0,                                           
                                                           "Shared Written Blocks": 0,                                           
                                                           "Local Hit Blocks": 0,                                                
                                                           "Local Read Blocks": 0,                                               
                                                           "Local Dirtied Blocks": 0,                                            
                                                           "Local Written Blocks": 0,                                            
                                                           "Temp Read Blocks": 0,                                                
                                                           "Temp Written Blocks": 0,                                             
                                                           "Plans": [                                                            
                                                             {                                                                   
                                                               "Node Type": "Nested Loop",                                       
                                                               "Parent Relationship": "Outer",                                   
                                                               "Parallel Aware": false,                                          
                                                               "Join Type": "Inner",                                             
                                                               "Startup Cost": 2709.29,                                          
                                                               "Total Cost": 2740.88,                                            
                                                               "Plan Rows": 27,                                                  
                                                               "Plan Width": 31,                                                 
                                                               "Actual Startup Time": 2387.363,                                  
                                                               "Actual Total Time": 2453.483,                                    
                                                               "Actual Rows": 1987,                                              
                                                               "Actual Loops": 1,                                                
                                                               "Inner Unique": true,                                             
                                                               "Join Filter": "(it.id = mi_idx.info_type_id)",                  
                                                               "Rows Removed by Join Filter": 4820,                              
                                                               "Shared Hit Blocks": 10,                                          
                                                               "Shared Read Blocks": 44447,                                      
                                                               "Shared Dirtied Blocks": 0,                                       
                                                               "Shared Written Blocks": 0,                                       
                                                               "Local Hit Blocks": 0,                                            
                                                               "Local Read Blocks": 0,                                           
                                                               "Local Dirtied Blocks": 0,                                        
                                                               "Local Written Blocks": 0,                                        
                                                               "Temp Read Blocks": 0,                                            
                                                               "Temp Written Blocks": 0,                                         
                                                               "Plans": [                                                        
                                                                 {                                                               
                                                                   "Node Type": "Merge Join",                                    
                                                                   "Parent Relationship": "Outer",                               
                                                                   "Parallel Aware": false,                                      
                                                                   "Join Type": "Inner",                                         
                                                                   "Startup Cost": 2709.29,                                      
                                                                   "Total Cost": 2740.16,                                        
                                                                   "Plan Rows": 3025,                                            
                                                                   "Plan Width": 35,                                             
                                                                   "Actual Startup Time": 2387.334,                              
                                                                   "Actual Total Time": 2451.019,                                
                                                                   "Actual Rows": 6807,                                          
                                                                   "Actual Loops": 1,                                            
                                                                   "Inner Unique": false,                                        
                                                                   "Merge Cond": "(t.id = mi_idx.movie_id)",                     
                                                                   "Shared Hit Blocks": 9,                                       
                                                                   "Shared Read Blocks": 44447,                                  
                                                                   "Shared Dirtied Blocks": 0,                                   
                                                                   "Shared Written Blocks": 0,                                   
                                                                   "Local Hit Blocks": 0,                                        
                                                                   "Local Read Blocks": 0,                                       
                                                                   "Local Dirtied Blocks": 0,                                    
                                                                   "Local Written Blocks": 0,                                    
                                                                   "Temp Read Blocks": 0,                                        
                                                                   "Temp Written Blocks": 0,                                     
                                                                   "Plans": [                                                    
                                                                     {                                                           
                                                                       "Node Type": "Sort",                                      
                                                                       "Parent Relationship": "Outer",                           
                                                                       "Parallel Aware": false,                                  
                                                                       "Startup Cost": 2112.80,                                  
                                                                       "Total Cost": 2124.03,                                    
                                                                       "Plan Rows": 144703,                                      
                                                                       "Plan Width": 21,                                         
                                                                       "Actual Startup Time": 1755.598,                          
                                                                       "Actual Total Time": 1781.527,                            
                                                                       "Actual Rows": 216052,                                    
                                                                       "Actual Loops": 1,                                        
                                                                       "Sort Key": ["t.id"],                                     
                                                                       "Sort Method": "quicksort",                               
                                                                       "Sort Space Used": 20886,                                 
                                                                       "Sort Space Type": "Memory",                              
                                                                       "Shared Hit Blocks": 7,                                   
                                                                       "Shared Read Blocks": 35996,                              
                                                                       "Shared Dirtied Blocks": 0,                               
                                                                       "Shared Written Blocks": 0,                               
                                                                       "Local Hit Blocks": 0,                                    
                                                                       "Local Read Blocks": 0,                                   
                                                                       "Local Dirtied Blocks": 0,                                
                                                                       "Local Written Blocks": 0,                                
                                                                       "Temp Read Blocks": 0,                                    
                                                                       "Temp Written Blocks": 0,                                 
                                                                       "Plans": [                                                
                                                                         {                                                       
                                                                           "Node Type": "Nested Loop",                           
                                                                           "Parent Relationship": "Outer",                       
                                                                           "Parallel Aware": false,                              
                                                                           "Join Type": "Inner",                                 
                                                                           "Startup Cost": 0.00,                                 
                                                                           "Total Cost": 1727.61,                                
                                                                           "Plan Rows": 144703,                                  
                                                                           "Plan Width": 21,                                     
                                                                           "Actual Startup Time": 67.967,                        
                                                                           "Actual Total Time": 1643.685,                        
                                                                           "Actual Rows": 216282,                                
                                                                           "Actual Loops": 1,                                    
                                                                           "Inner Unique": true,                                 
                                                                           "Join Filter": "(kt.id = t.kind_id)",                 
                                                                           "Rows Removed by Join Filter": 796638,                
                                                                           "Shared Hit Blocks": 3,                               
                                                                           "Shared Read Blocks": 35996,                          
                                                                           "Shared Dirtied Blocks": 0,                           
                                                                           "Shared Written Blocks": 0,                           
                                                                           "Local Hit Blocks": 0,                                
                                                                           "Local Read Blocks": 0,                               
                                                                           "Local Dirtied Blocks": 0,                            
                                                                           "Local Written Blocks": 0,                            
                                                                           "Temp Read Blocks": 0,                                
                                                                           "Temp Written Blocks": 0,                             
                                                                           "Plans": [                                            
                                                                             {                                                   
                                                                               "Node Type": "Seq Scan",                          
                                                                               "Parent Relationship": "Outer",                   
                                                                               "Parallel Aware": false,                          
                                                                               "Relation Name": "title",                         
                                                                               "Alias": "t",                                     
                                                                               "Startup Cost": 0.00,                             
                                                                               "Total Cost": 1500.26,                            
                                                                               "Plan Rows": 1012920,                             
                                                                               "Plan Width": 25,                                 
                                                                               "Actual Startup Time": 4.715,                     
                                                                               "Actual Total Time": 1135.687,                    
                                                                               "Actual Rows": 1012920,                           
                                                                               "Actual Loops": 1,                                
                                                                               "Filter": "(production_year > 2005)",             
                                                                               "Rows Removed by Filter": 1515392,                
                                                                               "Shared Hit Blocks": 2,                           
                                                                               "Shared Read Blocks": 35996,                      
                                                                               "Shared Dirtied Blocks": 0,                       
                                                                               "Shared Written Blocks": 0,                       
                                                                               "Local Hit Blocks": 0,                            
                                                                               "Local Read Blocks": 0,                           
                                                                               "Local Dirtied Blocks": 0,                        
                                                                               "Local Written Blocks": 0,                        
                                                                               "Temp Read Blocks": 0,                            
                                                                               "Temp Written Blocks": 0                          
                                                                             },                                                  
                                                                             {                                                   
                                                                               "Node Type": "Materialize",                       
                                                                               "Parent Relationship": "Inner",                   
                                                                               "Parallel Aware": false,                          
                                                                               "Startup Cost": 0.00,                             
                                                                               "Total Cost": 0.03,                               
                                                                               "Plan Rows": 1,                                   
                                                                               "Plan Width": 4,                                  
                                                                               "Actual Startup Time": 0.000,                     
                                                                               "Actual Total Time": 0.000,                       
                                                                               "Actual Rows": 1,                                 
                                                                               "Actual Loops": 1012920,                          
                                                                               "Shared Hit Blocks": 1,                           
                                                                               "Shared Read Blocks": 0,                          
                                                                               "Shared Dirtied Blocks": 0,                       
                                                                               "Shared Written Blocks": 0,                       
                                                                               "Local Hit Blocks": 0,                            
                                                                               "Local Read Blocks": 0,                           
                                                                               "Local Dirtied Blocks": 0,                        
                                                                               "Local Written Blocks": 0,                        
                                                                               "Temp Read Blocks": 0,                            
                                                                               "Temp Written Blocks": 0,                         
                                                                               "Plans": [                                        
                                                                                 {                                               
                                                                                   "Node Type": "Seq Scan",                      
                                                                                   "Parent Relationship": "Outer",               
                                                                                   "Parallel Aware": false,                      
                                                                                   "Relation Name": "kind_type",                 
                                                                                   "Alias": "kt",                                
                                                                                   "Startup Cost": 0.00,                         
                                                                                   "Total Cost": 0.03,                           
                                                                                   "Plan Rows": 1,                               
                                                                                   "Plan Width": 4,                              
                                                                                   "Actual Startup Time": 0.014,                 
                                                                                   "Actual Total Time": 0.019,                   
                                                                                   "Actual Rows": 1,                             
                                                                                   "Actual Loops": 1,                            
                                                                                   "Filter": "((kind)::text = 'movie'::text)",   
                                                                                   "Rows Removed by Filter": 6,                  
                                                                                   "Shared Hit Blocks": 1,                       
                                                                                   "Shared Read Blocks": 0,                      
                                                                                   "Shared Dirtied Blocks": 0,                   
                                                                                   "Shared Written Blocks": 0,                   
                                                                                   "Local Hit Blocks": 0,                        
                                                                                   "Local Read Blocks": 0,                       
                                                                                   "Local Dirtied Blocks": 0,                    
                                                                                   "Local Written Blocks": 0,                    
                                                                                   "Temp Read Blocks": 0,                        
                                                                                   "Temp Written Blocks": 0                      
                                                                                 }                                               
                                                                               ]                                                 
                                                                             }                                                   
                                                                           ]                                                     
                                                                         }                                                       
                                                                       ]                                                         
                                                                     },                                                          
                                                                     {                                                           
                                                                       "Node Type": "Sort",                                      
                                                                       "Parent Relationship": "Inner",                           
                                                                       "Parallel Aware": false,                                  
                                                                       "Startup Cost": 596.49,                                   
                                                                       "Total Cost": 600.60,                                     
                                                                       "Plan Rows": 52860,                                       
                                                                       "Plan Width": 14,                                         
                                                                       "Actual Startup Time": 627.931,                           
                                                                       "Actual Total Time": 631.540,                             
                                                                       "Actual Rows": 52862,                                     
                                                                       "Actual Loops": 1,                                        
                                                                       "Sort Key": ["mi_idx.movie_id"],                          
                                                                       "Sort Method": "quicksort",                               
                                                                       "Sort Space Used": 4065,                                  
                                                                       "Sort Space Type": "Memory",                              
                                                                       "Shared Hit Blocks": 2,                                   
                                                                       "Shared Read Blocks": 8451,                               
                                                                       "Shared Dirtied Blocks": 0,                               
                                                                       "Shared Written Blocks": 0,                               
                                                                       "Local Hit Blocks": 0,                                    
                                                                       "Local Read Blocks": 0,                                   
                                                                       "Local Dirtied Blocks": 0,                                
                                                                       "Local Written Blocks": 0,                                
                                                                       "Temp Read Blocks": 0,                                    
                                                                       "Temp Written Blocks": 0,                                 
                                                                       "Plans": [                                                
                                                                         {                                                       
                                                                           "Node Type": "Seq Scan",                              
                                                                           "Parent Relationship": "Outer",                       
                                                                           "Parallel Aware": false,                              
                                                                           "Relation Name": "movie_info_idx",                    
                                                                           "Alias": "mi_idx",                                    
                                                                           "Startup Cost": 0.00,                                 
                                                                           "Total Cost": 467.71,                                 
                                                                           "Plan Rows": 52860,                                   
                                                                           "Plan Width": 14,                                     
                                                                           "Actual Startup Time": 0.028,                         
                                                                           "Actual Total Time": 598.805,                         
                                                                           "Actual Rows": 52862,                                 
                                                                           "Actual Loops": 1,                                    
                                                                           "Filter": "(info > '8.0'::text)",                     
                                                                           "Rows Removed by Filter": 1327173,                    
                                                                           "Shared Hit Blocks": 2,                               
                                                                           "Shared Read Blocks": 8451,                           
                                                                           "Shared Dirtied Blocks": 0,                           
                                                                           "Shared Written Blocks": 0,                           
                                                                           "Local Hit Blocks": 0,                                
                                                                           "Local Read Blocks": 0,                               
                                                                           "Local Dirtied Blocks": 0,                            
                                                                           "Local Written Blocks": 0,                            
                                                                           "Temp Read Blocks": 0,                                
                                                                           "Temp Written Blocks": 0                              
                                                                         }                                                       
                                                                       ]                                                         
                                                                     }                                                           
                                                                   ]                                                             
                                                                 },                                                              
                                                                 {                                                               
                                                                   "Node Type": "Materialize",                                   
                                                                   "Parent Relationship": "Inner",                               
                                                                   "Parallel Aware": false,                                      
                                                                   "Startup Cost": 0.00,                                         
                                                                   "Total Cost": 0.05,                                           
                                                                   "Plan Rows": 1,                                               
                                                                   "Plan Width": 4,                                              
                                                                   "Actual Startup Time": 0.000,                                 
                                                                   "Actual Total Time": 0.000,                                   
                                                                   "Actual Rows": 1,                                             
                                                                   "Actual Loops": 6807,                                         
                                                                   "Shared Hit Blocks": 1,                                       
                                                                   "Shared Read Blocks": 0,                                      
                                                                   "Shared Dirtied Blocks": 0,                                   
                                                                   "Shared Written Blocks": 0,                                   
                                                                   "Local Hit Blocks": 0,                                        
                                                                   "Local Read Blocks": 0,                                       
                                                                   "Local Dirtied Blocks": 0,                                    
                                                                   "Local Written Blocks": 0,                                    
                                                                   "Temp Read Blocks": 0,                                        
                                                                   "Temp Written Blocks": 0,                                     
                                                                   "Plans": [                                                    
                                                                     {                                                           
                                                                       "Node Type": "Seq Scan",                                  
                                                                       "Parent Relationship": "Outer",                           
                                                                       "Parallel Aware": false,                                  
                                                                       "Relation Name": "info_type",                             
                                                                       "Alias": "it",                                           
                                                                       "Startup Cost": 0.00,                                     
                                                                       "Total Cost": 0.05,                                       
                                                                       "Plan Rows": 1,                                           
                                                                       "Plan Width": 4,                                          
                                                                       "Actual Startup Time": 0.020,                             
                                                                       "Actual Total Time": 0.026,                               
                                                                       "Actual Rows": 1,                                         
                                                                       "Actual Loops": 1,                                        
                                                                       "Filter": "((info)::text = 'rating'::text)",              
                                                                       "Rows Removed by Filter": 112,                            
                                                                       "Shared Hit Blocks": 1,                                   
                                                                       "Shared Read Blocks": 0,                                  
                                                                       "Shared Dirtied Blocks": 0,                               
                                                                       "Shared Written Blocks": 0,                               
                                                                       "Local Hit Blocks": 0,                                    
                                                                       "Local Read Blocks": 0,                                   
                                                                       "Local Dirtied Blocks": 0,                                
                                                                       "Local Written Blocks": 0,                                
                                                                       "Temp Read Blocks": 0,                                    
                                                                       "Temp Written Blocks": 0                                  
                                                                     }                                                           
                                                                   ]                                                             
                                                                 }                                                               
                                                               ]                                                                 
                                                             },                                                                  
                                                             {                                                                   
                                                               "Node Type": "Sort",                                              
                                                               "Parent Relationship": "Inner",                                   
                                                               "Parallel Aware": false,                                          
                                                               "Startup Cost": 389.78,                                           
                                                               "Total Cost": 400.26,                                             
                                                               "Plan Rows": 135086,                                              
                                                               "Plan Width": 12,                                                 
                                                               "Actual Startup Time": 97.595,                                    
                                                               "Actual Total Time": 105.197,                                     
                                                               "Actual Rows": 132432,                                            
                                                               "Actual Loops": 1,                                                
                                                               "Sort Key": ["cc.movie_id"],                                      
                                                               "Sort Method": "quicksort",                                       
                                                               "Sort Space Used": 12477,                                         
                                                               "Sort Space Type": "Memory",                                      
                                                               "Shared Hit Blocks": 2,                                           
                                                               "Shared Read Blocks": 729,                                        
                                                               "Shared Dirtied Blocks": 0,                                       
                                                               "Shared Written Blocks": 0,                                       
                                                               "Local Hit Blocks": 0,                                            
                                                               "Local Read Blocks": 0,                                           
                                                               "Local Dirtied Blocks": 0,                                        
                                                               "Local Written Blocks": 0,                                        
                                                               "Temp Read Blocks": 0,                                            
                                                               "Temp Written Blocks": 0,                                         
                                                               "Plans": [                                                        
                                                                 {                                                               
                                                                   "Node Type": "Seq Scan",                                      
                                                                   "Parent Relationship": "Outer",                               
                                                                   "Parallel Aware": false,                                      
                                                                   "Relation Name": "complete_cast",                             
                                                                   "Alias": "cc",                                                
                                                                   "Startup Cost": 0.00,                                         
                                                                   "Total Cost": 32.27,                                          
                                                                   "Plan Rows": 135086,                                          
                                                                   "Plan Width": 12,                                             
                                                                   "Actual Startup Time": 6.973,                                 
                                                                   "Actual Total Time": 40.726,                                  
                                                                   "Actual Rows": 135086,                                        
                                                                   "Actual Loops": 1,                                            
                                                                   "Shared Hit Blocks": 2,                                       
                                                                   "Shared Read Blocks": 729,                                    
                                                                   "Shared Dirtied Blocks": 0,                                   
                                                                   "Shared Written Blocks": 0,                                   
                                                                   "Local Hit Blocks": 0,                                        
                                                                   "Local Read Blocks": 0,                                       
                                                                   "Local Dirtied Blocks": 0,                                    
                                                                   "Local Written Blocks": 0,                                    
                                                                   "Temp Read Blocks": 0,                                        
                                                                   "Temp Written Blocks": 0                                      
                                                                 }                                                               
                                                               ]                                                                 
                                                             }                                                                   
                                                           ]                                                                     
                                                         },                                                                      
                                                         {                                                                       
                                                           "Node Type": "Materialize",                                           
                                                           "Parent Relationship": "Inner",                                       
                                                           "Parallel Aware": false,                                              
                                                           "Startup Cost": 0.00,                                                 
                                                           "Total Cost": 0.03,                                                   
                                                           "Plan Rows": 1,                                                       
                                                           "Plan Width": 4,                                                      
                                                           "Actual Startup Time": 0.000,                                         
                                                           "Actual Total Time": 0.000,                                           
                                                           "Actual Rows": 1,                                                     
                                                           "Actual Loops": 48,                                                   
                                                           "Shared Hit Blocks": 1,                                               
                                                           "Shared Read Blocks": 0,                                              
                                                           "Shared Dirtied Blocks": 0,                                           
                                                           "Shared Written Blocks": 0,                                           
                                                           "Local Hit Blocks": 0,                                                
                                                           "Local Read Blocks": 0,                                               
                                                           "Local Dirtied Blocks": 0,                                            
                                                           "Local Written Blocks": 0,                                            
                                                           "Temp Read Blocks": 0,                                                
                                                           "Temp Written Blocks": 0,                                             
                                                           "Plans": [                                                            
                                                             {                                                                   
                                                               "Node Type": "Seq Scan",                                          
                                                               "Parent Relationship": "Outer",                                   
                                                               "Parallel Aware": false,                                          
                                                               "Relation Name": "comp_cast_type",                                
                                                               "Alias": "cct",                                                  
                                                               "Startup Cost": 0.00,                                             
                                                               "Total Cost": 0.03,                                               
                                                               "Plan Rows": 1,                                                   
                                                               "Plan Width": 4,                                                  
                                                               "Actual Startup Time": 0.011,                                     
                                                               "Actual Total Time": 0.012,                                       
                                                               "Actual Rows": 2,                                                 
                                                               "Actual Loops": 1,                                                
                                                               "Filter": "((kind)::text ~~ '%complete%'::text)",                 
                                                               "Rows Removed by Filter": 2,                                      
                                                               "Shared Hit Blocks": 1,                                           
                                                               "Shared Read Blocks": 0,                                          
                                                               "Shared Dirtied Blocks": 0,                                       
                                                               "Shared Written Blocks": 0,                                       
                                                               "Local Hit Blocks": 0,                                            
                                                               "Local Read Blocks": 0,                                           
                                                               "Local Dirtied Blocks": 0,                                        
                                                               "Local Written Blocks": 0,                                        
                                                               "Temp Read Blocks": 0,                                            
                                                               "Temp Written Blocks": 0                                          
                                                             }                                                                   
                                                           ]                                                                     
                                                         }                                                                       
                                                       ]                                                                         
                                                     },                                                                          
                                                     {                                                                           
                                                       "Node Type": "Materialize",                                               
                                                       "Parent Relationship": "Inner",                                           
                                                       "Parallel Aware": false,                                                  
                                                       "Startup Cost": 0.00,                                                     
                                                       "Total Cost": 0.03,                                                       
                                                       "Plan Rows": 1,                                                           
                                                       "Plan Width": 4,                                                          
                                                       "Actual Startup Time": 0.000,                                             
                                                       "Actual Total Time": 0.000,                                               
                                                       "Actual Rows": 1,                                                         
                                                       "Actual Loops": 48,                                                       
                                                       "Shared Hit Blocks": 1,                                                   
                                                       "Shared Read Blocks": 0,                                                  
                                                       "Shared Dirtied Blocks": 0,                                               
                                                       "Shared Written Blocks": 0,                                               
                                                       "Local Hit Blocks": 0,                                                    
                                                       "Local Read Blocks": 0,                                                   
                                                       "Local Dirtied Blocks": 0,                                                
                                                       "Local Written Blocks": 0,                                                
                                                       "Temp Read Blocks": 0,                                                    
                                                       "Temp Written Blocks": 0,                                                 
                                                       "Plans": [                                                                
                                                         {                                                                       
                                                           "Node Type": "Seq Scan",                                              
                                                           "Parent Relationship": "Outer",                                       
                                                           "Parallel Aware": false,                                              
                                                           "Relation Name": "comp_cast_type",                                    
                                                           "Alias": "cct",                                                      
                                                           "Startup Cost": 0.00,                                                 
                                                           "Total Cost": 0.03,                                                   
                                                           "Plan Rows": 1,                                                       
                                                           "Plan Width": 4,                                                      
                                                           "Actual Startup Time": 0.003,                                         
                                                           "Actual Total Time": 0.004,                                           
                                                           "Actual Rows": 1,                                                     
                                                           "Actual Loops": 1,                                                    
                                                           "Filter": "((kind)::text = 'cast'::text)",                            
                                                           "Rows Removed by Filter": 3,                                          
                                                           "Shared Hit Blocks": 1,                                               
                                                           "Shared Read Blocks": 0,                                              
                                                           "Shared Dirtied Blocks": 0,                                           
                                                           "Shared Written Blocks": 0,                                           
                                                           "Local Hit Blocks": 0,                                                
                                                           "Local Read Blocks": 0,                                               
                                                           "Local Dirtied Blocks": 0,                                            
                                                           "Local Written Blocks": 0,                                            
                                                           "Temp Read Blocks": 0,                                                
                                                           "Temp Written Blocks": 0                                              
                                                         }                                                                       
                                                       ]                                                                         
                                                     }                                                                           
                                                   ]                                                                             
                                                 }                                                                               
                                               ]                                                                                 
                                             }                                                                                   
                                           ]                                                                                     
                                         }                                                                                       
                                       ]                                                                                         
                                     }                                                                                           
                                   ]                                                                                             
                                 }                                                                                               
                               ]                                                                                                 
                             }                                                                                                   
                           ]                                                                                                     
                         }                                                                                                       
                       ]                                                                                                         
                     }                                                                                                           
                   ]                                                                                                             
                 }                                                                                                               
               ]                                                                                                                 
             }                                                                                                                   
           ]                                                                                                                     
         }                                                                                                                       
       ]                                                                                                                         
     },                                                                                                                          
     "Planning Time": 10447.212,                                                                                                 
     "Triggers": [                                                                                                               
     ],                                                                                                                          
     "Execution Time": 497154.599                                                                                                
   }                                                                                                                             
 ]
