 [                                                                                                                                                                      
   {                                                                                                                                                                    
     "Plan": {                                                                                                                                                          
       "Node Type": "Aggregate",                                                                                                                                        
       "Strategy": "Plain",                                                                                                                                             
       "Partial Mode": "Simple",                                                                                                                                        
       "Parallel Aware": false,                                                                                                                                         
       "Startup Cost": 35365.66,                                                                                                                                        
       "Total Cost": 35365.66,                                                                                                                                          
       "Plan Rows": 1,                                                                                                                                                  
       "Plan Width": 96,                                                                                                                                                
       "Actual Startup Time": 17839151.595,                                                                                                                             
       "Actual Total Time": 17839151.595,                                                                                                                               
       "Actual Rows": 1,                                                                                                                                                
       "Actual Loops": 1,                                                                                                                                               
       "Shared Hit Blocks": 27,                                                                                                                                         
       "Shared Read Blocks": 415280,                                                                                                                                    
       "Shared Dirtied Blocks": 0,                                                                                                                                      
       "Shared Written Blocks": 0,                                                                                                                                      
       "Local Hit Blocks": 0,                                                                                                                                           
       "Local Read Blocks": 0,                                                                                                                                          
       "Local Dirtied Blocks": 0,                                                                                                                                       
       "Local Written Blocks": 0,                                                                                                                                       
       "Temp Read Blocks": 0,                                                                                                                                           
       "Temp Written Blocks": 0,                                                                                                                                        
       "Plans": [                                                                                                                                                       
         {                                                                                                                                                              
           "Node Type": "Nested Loop",                                                                                                                                  
           "Parent Relationship": "Outer",                                                                                                                              
           "Parallel Aware": false,                                                                                                                                     
           "Join Type": "Inner",                                                                                                                                        
           "Startup Cost": 6961.68,                                                                                                                                     
           "Total Cost": 35365.66,                                                                                                                                      
           "Plan Rows": 1,                                                                                                                                              
           "Plan Width": 39,                                                                                                                                            
           "Actual Startup Time": 14282646.568,                                                                                                                         
           "Actual Total Time": 17839135.748,                                                                                                                           
           "Actual Rows": 5400,                                                                                                                                         
           "Actual Loops": 1,                                                                                                                                           
           "Inner Unique": false,                                                                                                                                       
           "Join Filter": "(n.id = ci.person_id)",                                                                                                                      
           "Rows Removed by Join Filter": 22504446000,                                                                                                                  
           "Shared Hit Blocks": 27,                                                                                                                                     
           "Shared Read Blocks": 415280,                                                                                                                                
           "Shared Dirtied Blocks": 0,                                                                                                                                  
           "Shared Written Blocks": 0,                                                                                                                                  
           "Local Hit Blocks": 0,                                                                                                                                       
           "Local Read Blocks": 0,                                                                                                                                      
           "Local Dirtied Blocks": 0,                                                                                                                                   
           "Local Written Blocks": 0,                                                                                                                                   
           "Temp Read Blocks": 0,                                                                                                                                       
           "Temp Written Blocks": 0,                                                                                                                                    
           "Plans": [                                                                                                                                                   
             {                                                                                                                                                          
               "Node Type": "Seq Scan",                                                                                                                                 
               "Parent Relationship": "Outer",                                                                                                                          
               "Parallel Aware": false,                                                                                                                                 
               "Relation Name": "name",                                                                                                                                 
               "Alias": "n",                                                                                                                                            
               "Startup Cost": 0.00,                                                                                                                                    
               "Total Cost": 2032.56,                                                                                                                                   
               "Plan Rows": 4167491,                                                                                                                                    
               "Plan Width": 4,                                                                                                                                         
               "Actual Startup Time": 23.749,                                                                                                                           
               "Actual Total Time": 797.440,                                                                                                                            
               "Actual Rows": 4167491,                                                                                                                                  
               "Actual Loops": 1,                                                                                                                                       
               "Shared Hit Blocks": 1,                                                                                                                                  
               "Shared Read Blocks": 55612,                                                                                                                             
               "Shared Dirtied Blocks": 0,                                                                                                                              
               "Shared Written Blocks": 0,                                                                                                                              
               "Local Hit Blocks": 0,                                                                                                                                   
               "Local Read Blocks": 0,                                                                                                                                  
               "Local Dirtied Blocks": 0,                                                                                                                               
               "Local Written Blocks": 0,                                                                                                                               
               "Temp Read Blocks": 0,                                                                                                                                   
               "Temp Written Blocks": 0                                                                                                                                 
             },                                                                                                                                                         
             {                                                                                                                                                          
               "Node Type": "Materialize",                                                                                                                              
               "Parent Relationship": "Inner",                                                                                                                          
               "Parallel Aware": false,                                                                                                                                 
               "Startup Cost": 6961.68,                                                                                                                                 
               "Total Cost": 32397.83,                                                                                                                                  
               "Plan Rows": 1,                                                                                                                                          
               "Plan Width": 43,                                                                                                                                        
               "Actual Startup Time": 2.216,                                                                                                                            
               "Actual Total Time": 3.669,                                                                                                                              
               "Actual Rows": 5400,                                                                                                                                     
               "Actual Loops": 4167491,                                                                                                                                 
               "Shared Hit Blocks": 26,                                                                                                                                 
               "Shared Read Blocks": 359668,                                                                                                                            
               "Shared Dirtied Blocks": 0,                                                                                                                              
               "Shared Written Blocks": 0,                                                                                                                              
               "Local Hit Blocks": 0,                                                                                                                                   
               "Local Read Blocks": 0,                                                                                                                                  
               "Local Dirtied Blocks": 0,                                                                                                                               
               "Local Written Blocks": 0,                                                                                                                               
               "Temp Read Blocks": 0,                                                                                                                                   
               "Temp Written Blocks": 0,                                                                                                                                
               "Plans": [                                                                                                                                               
                 {                                                                                                                                                      
                   "Node Type": "Nested Loop",                                                                                                                          
                   "Parent Relationship": "Outer",                                                                                                                      
                   "Parallel Aware": false,                                                                                                                             
                   "Join Type": "Inner",                                                                                                                                
                   "Startup Cost": 6961.68,                                                                                                                             
                   "Total Cost": 32397.83,                                                                                                                              
                   "Plan Rows": 1,                                                                                                                                      
                   "Plan Width": 43,                                                                                                                                    
                   "Actual Startup Time": 9234440.106,                                                                                                                  
                   "Actual Total Time": 14281628.127,                                                                                                                   
                   "Actual Rows": 5400,                                                                                                                                 
                   "Actual Loops": 1,                                                                                                                                   
                   "Inner Unique": false,                                                                                                                               
                   "Join Filter": "(chn.id = ci.person_role_id)",                                                                                                       
                   "Rows Removed by Join Filter": 34181674776,                                                                                                          
                   "Shared Hit Blocks": 26,                                                                                                                             
                   "Shared Read Blocks": 359668,                                                                                                                        
                   "Shared Dirtied Blocks": 0,                                                                                                                          
                   "Shared Written Blocks": 0,                                                                                                                          
                   "Local Hit Blocks": 0,                                                                                                                               
                   "Local Read Blocks": 0,                                                                                                                              
                   "Local Dirtied Blocks": 0,                                                                                                                           
                   "Local Written Blocks": 0,                                                                                                                           
                   "Temp Read Blocks": 0,                                                                                                                               
                   "Temp Written Blocks": 0,                                                                                                                            
                   "Plans": [                                                                                                                                           
                     {                                                                                                                                                  
                       "Node Type": "Seq Scan",                                                                                                                         
                       "Parent Relationship": "Outer",                                                                                                                  
                       "Parallel Aware": false,                                                                                                                         
                       "Relation Name": "char_name",                                                                                                                    
                       "Alias": "chn",                                                                                                                                  
                       "Startup Cost": 0.00,                                                                                                                            
                       "Total Cost": 1847.99,                                                                                                                           
                       "Plan Rows": 180793,                                                                                                                             
                       "Plan Width": 20,                                                                                                                                
                       "Actual Startup Time": 9.963,                                                                                                                    
                       "Actual Total Time": 1961.413,                                                                                                                   
                       "Actual Rows": 180152,                                                                                                                           
                       "Actual Loops": 1,                                                                                                                               
                       "Filter": "((name IS NOT NULL) AND ((name ~~ '%man%'::text) OR (name ~~ '%Man%'::text)))",                                                       
                       "Rows Removed by Filter": 2960187,                                                                                                               
                       "Shared Hit Blocks": 2,                                                                                                                          
                       "Shared Read Blocks": 36445,                                                                                                                     
                       "Shared Dirtied Blocks": 0,                                                                                                                      
                       "Shared Written Blocks": 0,                                                                                                                      
                       "Local Hit Blocks": 0,                                                                                                                           
                       "Local Read Blocks": 0,                                                                                                                          
                       "Local Dirtied Blocks": 0,                                                                                                                       
                       "Local Written Blocks": 0,                                                                                                                       
                       "Temp Read Blocks": 0,                                                                                                                           
                       "Temp Written Blocks": 0                                                                                                                         
                     },                                                                                                                                                 
                     {                                                                                                                                                  
                       "Node Type": "Materialize",                                                                                                                      
                       "Parent Relationship": "Inner",                                                                                                                  
                       "Parallel Aware": false,                                                                                                                         
                       "Startup Cost": 6961.68,                                                                                                                         
                       "Total Cost": 29981.80,                                                                                                                          
                       "Plan Rows": 14,                                                                                                                                 
                       "Plan Width": 31,                                                                                                                                
                       "Actual Startup Time": 14.644,                                                                                                                   
                       "Actual Total Time": 59.687,                                                                                                                     
                       "Actual Rows": 189738,                                                                                                                           
                       "Actual Loops": 180152,                                                                                                                          
                       "Shared Hit Blocks": 24,                                                                                                                         
                       "Shared Read Blocks": 323223,                                                                                                                    
                       "Shared Dirtied Blocks": 0,                                                                                                                      
                       "Shared Written Blocks": 0,                                                                                                                      
                       "Local Hit Blocks": 0,                                                                                                                           
                       "Local Read Blocks": 0,                                                                                                                          
                       "Local Dirtied Blocks": 0,                                                                                                                       
                       "Local Written Blocks": 0,                                                                                                                       
                       "Temp Read Blocks": 0,                                                                                                                           
                       "Temp Written Blocks": 0,                                                                                                                        
                       "Plans": [                                                                                                                                       
                         {                                                                                                                                              
                           "Node Type": "Nested Loop",                                                                                                                  
                           "Parent Relationship": "Outer",                                                                                                              
                           "Parallel Aware": false,                                                                                                                     
                           "Join Type": "Inner",                                                                                                                        
                           "Startup Cost": 6961.68,                                                                                                                     
                           "Total Cost": 29981.80,                                                                                                                      
                           "Plan Rows": 14,                                                                                                                             
                           "Plan Width": 31,                                                                                                                            
                           "Actual Startup Time": 2638148.754,                                                                                                          
                           "Actual Total Time": 9234337.014,                                                                                                            
                           "Actual Rows": 189738,                                                                                                                       
                           "Actual Loops": 1,                                                                                                                           
                           "Inner Unique": false,                                                                                                                       
                           "Join Filter": "(t.id = ci.movie_id)",                                                                                                       
                           "Rows Removed by Join Filter": 45703928046,                                                                                                  
                           "Shared Hit Blocks": 24,                                                                                                                     
                           "Shared Read Blocks": 323223,                                                                                                                
                           "Shared Dirtied Blocks": 0,                                                                                                                  
                           "Shared Written Blocks": 0,                                                                                                                  
                           "Local Hit Blocks": 0,                                                                                                                       
                           "Local Read Blocks": 0,                                                                                                                      
                           "Local Dirtied Blocks": 0,                                                                                                                   
                           "Local Written Blocks": 0,                                                                                                                   
                           "Temp Read Blocks": 0,                                                                                                                       
                           "Temp Written Blocks": 0,                                                                                                                    
                           "Plans": [                                                                                                                                   
                             {                                                                                                                                          
                               "Node Type": "Seq Scan",                                                                                                                 
                               "Parent Relationship": "Outer",                                                                                                          
                               "Parallel Aware": false,                                                                                                                 
                               "Relation Name": "cast_info",                                                                                                            
                               "Alias": "ci",                                                                                                                           
                               "Startup Cost": 0.00,                                                                                                                    
                               "Total Cost": 10431.00,                                                                                                                  
                               "Plan Rows": 36244344,                                                                                                                   
                               "Plan Width": 12,                                                                                                                        
                               "Actual Startup Time": 0.017,                                                                                                            
                               "Actual Total Time": 4671.487,                                                                                                           
                               "Actual Rows": 36244344,                                                                                                                 
                               "Actual Loops": 1,                                                                                                                       
                               "Shared Hit Blocks": 5,                                                                                                                  
                               "Shared Read Blocks": 252649,                                                                                                            
                               "Shared Dirtied Blocks": 0,                                                                                                              
                               "Shared Written Blocks": 0,                                                                                                              
                               "Local Hit Blocks": 0,                                                                                                                   
                               "Local Read Blocks": 0,                                                                                                                  
                               "Local Dirtied Blocks": 0,                                                                                                               
                               "Local Written Blocks": 0,                                                                                                               
                               "Temp Read Blocks": 0,                                                                                                                   
                               "Temp Written Blocks": 0                                                                                                                 
                             },                                                                                                                                         
                             {                                                                                                                                          
                               "Node Type": "Materialize",                                                                                                              
                               "Parent Relationship": "Inner",                                                                                                          
                               "Parallel Aware": false,                                                                                                                 
                               "Startup Cost": 6961.68,                                                                                                                 
                               "Total Cost": 11416.80,                                                                                                                  
                               "Plan Rows": 1,                                                                                                                          
                               "Plan Width": 39,                                                                                                                        
                               "Actual Startup Time": 0.014,                                                                                                            
                               "Actual Total Time": 0.128,                                                                                                              
                               "Actual Rows": 1261,                                                                                                                     
                               "Actual Loops": 36244344,                                                                                                                
                               "Shared Hit Blocks": 19,                                                                                                                 
                               "Shared Read Blocks": 70574,                                                                                                             
                               "Shared Dirtied Blocks": 0,                                                                                                              
                               "Shared Written Blocks": 0,                                                                                                              
                               "Local Hit Blocks": 0,                                                                                                                   
                               "Local Read Blocks": 0,                                                                                                                  
                               "Local Dirtied Blocks": 0,                                                                                                               
                               "Local Written Blocks": 0,                                                                                                               
                               "Temp Read Blocks": 0,                                                                                                                   
                               "Temp Written Blocks": 0,                                                                                                                
                               "Plans": [                                                                                                                               
                                 {                                                                                                                                      
                                   "Node Type": "Nested Loop",                                                                                                          
                                   "Parent Relationship": "Outer",                                                                                                      
                                   "Parallel Aware": false,                                                                                                             
                                   "Join Type": "Inner",                                                                                                                
                                   "Startup Cost": 6961.68,                                                                                                             
                                   "Total Cost": 11416.80,                                                                                                              
                                   "Plan Rows": 1,                                                                                                                      
                                   "Plan Width": 39,                                                                                                                    
                                   "Actual Startup Time": 502544.458,                                                                                                   
                                   "Actual Total Time": 2638050.091,                                                                                                    
                                   "Actual Rows": 1261,                                                                                                                 
                                   "Actual Loops": 1,                                                                                                                   
                                   "Inner Unique": false,                                                                                                               
                                   "Join Filter": "(k.id = mk.keyword_id)",                                                                                             
                                   "Rows Removed by Join Filter": 2930199,                                                                                              
                                   "Shared Hit Blocks": 19,                                                                                                             
                                   "Shared Read Blocks": 70574,                                                                                                         
                                   "Shared Dirtied Blocks": 0,                                                                                                          
                                   "Shared Written Blocks": 0,                                                                                                          
                                   "Local Hit Blocks": 0,                                                                                                               
                                   "Local Read Blocks": 0,                                                                                                              
                                   "Local Dirtied Blocks": 0,                                                                                                           
                                   "Local Written Blocks": 0,                                                                                                           
                                   "Temp Read Blocks": 0,                                                                                                               
                                   "Temp Written Blocks": 0,                                                                                                            
                                   "Plans": [                                                                                                                           
                                     {                                                                                                                                  
                                       "Node Type": "Seq Scan",                                                                                                         
                                       "Parent Relationship": "Outer",                                                                                                  
                                       "Parallel Aware": false,                                                                                                         
                                       "Relation Name": "keyword",                                                                                                      
                                       "Alias": "k",                                                                                                                    
                                       "Startup Cost": 0.00,                                                                                                            
                                       "Total Cost": 91.13,                                                                                                             
                                       "Plan Rows": 10,                                                                                                                 
                                       "Plan Width": 4,                                                                                                                 
                                       "Actual Startup Time": 0.631,                                                                                                    
                                       "Actual Total Time": 71.883,                                                                                                     
                                       "Actual Rows": 10,                                                                                                               
                                       "Actual Loops": 1,                                                                                                               
                                       "Filter": "(keyword = ANY ('{superhero,marvel-comics,based-on-comic,tv-special,fight,violence,magnet,web,claw,laser}'::text[]))",
                                       "Rows Removed by Filter": 134160,                                                                                                
                                       "Shared Hit Blocks": 2,                                                                                                          
                                       "Shared Read Blocks": 947,                                                                                                       
                                       "Shared Dirtied Blocks": 0,                                                                                                      
                                       "Shared Written Blocks": 0,                                                                                                      
                                       "Local Hit Blocks": 0,                                                                                                           
                                       "Local Read Blocks": 0,                                                                                                          
                                       "Local Dirtied Blocks": 0,                                                                                                       
                                       "Local Written Blocks": 0,                                                                                                       
                                       "Temp Read Blocks": 0,                                                                                                           
                                       "Temp Written Blocks": 0                                                                                                         
                                     },                                                                                                                                 
                                     {                                                                                                                                  
                                       "Node Type": "Materialize",                                                                                                      
                                       "Parent Relationship": "Inner",                                                                                                  
                                       "Parallel Aware": false,                                                                                                         
                                       "Startup Cost": 6961.68,                                                                                                         
                                       "Total Cost": 11325.66,                                                                                                          
                                       "Plan Rows": 5,                                                                                                                  
                                       "Plan Width": 43,                                                                                                                
                                       "Actual Startup Time": 48735.128,                                                                                                
                                       "Actual Total Time": 263759.130,                                                                                                 
                                       "Actual Rows": 293146,                                                                                                           
                                       "Actual Loops": 10,                                                                                                              
                                       "Shared Hit Blocks": 17,                                                                                                         
                                       "Shared Read Blocks": 69627,                                                                                                     
                                       "Shared Dirtied Blocks": 0,                                                                                                      
                                       "Shared Written Blocks": 0,                                                                                                      
                                       "Local Hit Blocks": 0,                                                                                                           
                                       "Local Read Blocks": 0,                                                                                                          
                                       "Local Dirtied Blocks": 0,                                                                                                       
                                       "Local Written Blocks": 0,                                                                                                       
                                       "Temp Read Blocks": 0,                                                                                                           
                                       "Temp Written Blocks": 0,                                                                                                        
                                       "Plans": [                                                                                                                       
                                         {                                                                                                                              
                                           "Node Type": "Nested Loop",                                                                                                  
                                           "Parent Relationship": "Outer",                                                                                              
                                           "Parallel Aware": false,                                                                                                     
                                           "Join Type": "Inner",                                                                                                        
                                           "Startup Cost": 6961.68,                                                                                                     
                                           "Total Cost": 11325.66,                                                                                                      
                                           "Plan Rows": 5,                                                                                                              
                                           "Plan Width": 43,                                                                                                            
                                           "Actual Startup Time": 487351.267,                                                                                           
                                           "Actual Total Time": 2637359.825,                                                                                            
                                           "Actual Rows": 293146,                                                                                                       
                                           "Actual Loops": 1,                                                                                                           
                                           "Inner Unique": false,                                                                                                       
                                           "Join Filter": "(t.id = mk.movie_id)",                                                                                       
                                           "Rows Removed by Join Filter": 18222096894,                                                                                  
                                           "Shared Hit Blocks": 17,                                                                                                     
                                           "Shared Read Blocks": 69627,                                                                                                 
                                           "Shared Dirtied Blocks": 0,                                                                                                  
                                           "Shared Written Blocks": 0,                                                                                                  
                                           "Local Hit Blocks": 0,                                                                                                       
                                           "Local Read Blocks": 0,                                                                                                      
                                           "Local Dirtied Blocks": 0,                                                                                                   
                                           "Local Written Blocks": 0,                                                                                                   
                                           "Temp Read Blocks": 0,                                                                                                       
                                           "Temp Written Blocks": 0,                                                                                                    
                                           "Plans": [                                                                                                                   
                                             {                                                                                                                          
                                               "Node Type": "Seq Scan",                                                                                                 
                                               "Parent Relationship": "Outer",                                                                                          
                                               "Parallel Aware": false,                                                                                                 
                                               "Relation Name": "movie_keyword",                                                                                        
                                               "Alias": "mk",                                                                                                           
                                               "Startup Cost": 0.00,                                                                                                    
                                               "Total Cost": 1079.84,                                                                                                   
                                               "Plan Rows": 4523930,                                                                                                    
                                               "Plan Width": 8,                                                                                                         
                                               "Actual Startup Time": 0.009,                                                                                            
                                               "Actual Total Time": 576.305,                                                                                            
                                               "Actual Rows": 4523930,                                                                                                  
                                               "Actual Loops": 1,                                                                                                       
                                               "Shared Hit Blocks": 3,                                                                                                  
                                               "Shared Read Blocks": 24451,                                                                                             
                                               "Shared Dirtied Blocks": 0,                                                                                              
                                               "Shared Written Blocks": 0,                                                                                              
                                               "Local Hit Blocks": 0,                                                                                                   
                                               "Local Read Blocks": 0,                                                                                                  
                                               "Local Dirtied Blocks": 0,                                                                                               
                                               "Local Written Blocks": 0,                                                                                               
                                               "Temp Read Blocks": 0,                                                                                                   
                                               "Temp Written Blocks": 0                                                                                                 
                                             },                                                                                                                         
                                             {                                                                                                                          
                                               "Node Type": "Materialize",                                                                                              
                                               "Parent Relationship": "Inner",                                                                                          
                                               "Parallel Aware": false,                                                                                                 
                                               "Startup Cost": 6961.68,                                                                                                 
                                               "Total Cost": 7200.02,                                                                                                   
                                               "Plan Rows": 3,                                                                                                          
                                               "Plan Width": 35,                                                                                                        
                                               "Actual Startup Time": 0.001,                                                                                            
                                               "Actual Total Time": 0.179,                                                                                              
                                               "Actual Rows": 4028,                                                                                                     
                                               "Actual Loops": 4523930,                                                                                                 
                                               "Shared Hit Blocks": 14,                                                                                                 
                                               "Shared Read Blocks": 45176,                                                                                             
                                               "Shared Dirtied Blocks": 0,                                                                                              
                                               "Shared Written Blocks": 0,                                                                                              
                                               "Local Hit Blocks": 0,                                                                                                   
                                               "Local Read Blocks": 0,                                                                                                  
                                               "Local Dirtied Blocks": 0,                                                                                               
                                               "Local Written Blocks": 0,                                                                                               
                                               "Temp Read Blocks": 0,                                                                                                   
                                               "Temp Written Blocks": 0,                                                                                                
                                               "Plans": [                                                                                                               
                                                 {                                                                                                                      
                                                   "Node Type": "Nested Loop",                                                                                          
                                                   "Parent Relationship": "Outer",                                                                                      
                                                   "Parallel Aware": false,                                                                                             
                                                   "Join Type": "Inner",                                                                                                
                                                   "Startup Cost": 6961.68,                                                                                             
                                                   "Total Cost": 7200.02,                                                                                               
                                                   "Plan Rows": 3,                                                                                                      
                                                   "Plan Width": 35,                                                                                                    
                                                   "Actual Startup Time": 3329.982,                                                                                     
                                                   "Actual Total Time": 3572.427,                                                                                       
                                                   "Actual Rows": 4028,                                                                                                 
                                                   "Actual Loops": 1,                                                                                                   
                                                   "Inner Unique": true,                                                                                                
                                                   "Join Filter": "(cc.subject_id = cct.id)",                                                                          
                                                   "Rows Removed by Join Filter": 1024,                                                                                 
                                                   "Shared Hit Blocks": 14,                                                                                             
                                                   "Shared Read Blocks": 45176,                                                                                         
                                                   "Shared Dirtied Blocks": 0,                                                                                          
                                                   "Shared Written Blocks": 0,                                                                                          
                                                   "Local Hit Blocks": 0,                                                                                               
                                                   "Local Read Blocks": 0,                                                                                              
                                                   "Local Dirtied Blocks": 0,                                                                                           
                                                   "Local Written Blocks": 0,                                                                                           
                                                   "Temp Read Blocks": 0,                                                                                               
                                                   "Temp Written Blocks": 0,                                                                                            
                                                   "Plans": [                                                                                                           
                                                     {                                                                                                                  
                                                       "Node Type": "Nested Loop",                                                                                      
                                                       "Parent Relationship": "Outer",                                                                                  
                                                       "Parallel Aware": false,                                                                                         
                                                       "Join Type": "Inner",                                                                                            
                                                       "Startup Cost": 6961.68,                                                                                         
                                                       "Total Cost": 7199.99,                                                                                           
                                                       "Plan Rows": 13,                                                                                                 
                                                       "Plan Width": 39,                                                                                                
                                                       "Actual Startup Time": 3329.825,                                                                                 
                                                       "Actual Total Time": 3570.661,                                                                                   
                                                       "Actual Rows": 5052,                                                                                             
                                                       "Actual Loops": 1,                                                                                               
                                                       "Inner Unique": true,                                                                                            
                                                       "Join Filter": "(t.kind_id = kt.id)",                                                                            
                                                       "Rows Removed by Join Filter": 14772,                                                                            
                                                       "Shared Hit Blocks": 13,                                                                                         
                                                       "Shared Read Blocks": 45176,                                                                                     
                                                       "Shared Dirtied Blocks": 0,                                                                                      
                                                       "Shared Written Blocks": 0,                                                                                      
                                                       "Local Hit Blocks": 0,                                                                                           
                                                       "Local Read Blocks": 0,                                                                                          
                                                       "Local Dirtied Blocks": 0,                                                                                       
                                                       "Local Written Blocks": 0,                                                                                       
                                                       "Temp Read Blocks": 0,                                                                                           
                                                       "Temp Written Blocks": 0,                                                                                        
                                                       "Plans": [                                                                                                       
                                                         {                                                                                                              
                                                           "Node Type": "Nested Loop",                                                                                  
                                                           "Parent Relationship": "Outer",                                                                              
                                                           "Parallel Aware": false,                                                                                     
                                                           "Join Type": "Inner",                                                                                        
                                                           "Startup Cost": 6961.68,                                                                                     
                                                           "Total Cost": 7199.93,                                                                                       
                                                           "Plan Rows": 89,                                                                                             
                                                           "Plan Width": 43,                                                                                            
                                                           "Actual Startup Time": 2969.449,                                                                             
                                                           "Actual Total Time": 3563.695,                                                                               
                                                           "Actual Rows": 19824,                                                                                        
                                                           "Actual Loops": 1,                                                                                           
                                                           "Inner Unique": true,                                                                                        
                                                           "Join Filter": "(cct.id = cc.status_id)",                                                                   
                                                           "Rows Removed by Join Filter": 1875,                                                                         
                                                           "Shared Hit Blocks": 12,                                                                                     
                                                           "Shared Read Blocks": 45176,                                                                                 
                                                           "Shared Dirtied Blocks": 0,                                                                                  
                                                           "Shared Written Blocks": 0,                                                                                  
                                                           "Local Hit Blocks": 0,                                                                                       
                                                           "Local Read Blocks": 0,                                                                                      
                                                           "Local Dirtied Blocks": 0,                                                                                   
                                                           "Local Written Blocks": 0,                                                                                   
                                                           "Temp Read Blocks": 0,                                                                                       
                                                           "Temp Written Blocks": 0,                                                                                    
                                                           "Plans": [                                                                                                   
                                                             {                                                                                                          
                                                               "Node Type": "Merge Join",                                                                               
                                                               "Parent Relationship": "Outer",                                                                          
                                                               "Parallel Aware": false,                                                                                 
                                                               "Join Type": "Inner",                                                                                    
                                                               "Startup Cost": 6961.68,                                                                                 
                                                               "Total Cost": 7199.82,                                                                                   
                                                               "Plan Rows": 357,                                                                                        
                                                               "Plan Width": 47,                                                                                        
                                                               "Actual Startup Time": 2969.432,                                                                         
                                                               "Actual Total Time": 3556.542,                                                                           
                                                               "Actual Rows": 19824,                                                                                    
                                                               "Actual Loops": 1,                                                                                       
                                                               "Inner Unique": false,                                                                                   
                                                               "Merge Cond": "(t.id = cc.movie_id)",                                                                    
                                                               "Shared Hit Blocks": 11,                                                                                 
                                                               "Shared Read Blocks": 45176,                                                                             
                                                               "Shared Dirtied Blocks": 0,                                                                              
                                                               "Shared Written Blocks": 0,                                                                              
                                                               "Local Hit Blocks": 0,                                                                                   
                                                               "Local Read Blocks": 0,                                                                                  
                                                               "Local Dirtied Blocks": 0,                                                                               
                                                               "Local Written Blocks": 0,                                                                               
                                                               "Temp Read Blocks": 0,                                                                                   
                                                               "Temp Written Blocks": 0,                                                                                
                                                               "Plans": [                                                                                               
                                                                 {                                                                                                      
                                                                   "Node Type": "Merge Join",                                                                           
                                                                   "Parent Relationship": "Outer",                                                                      
                                                                   "Parallel Aware": false,                                                                             
                                                                   "Join Type": "Inner",                                                                                
                                                                   "Startup Cost": 6571.87,                                                                             
                                                                   "Total Cost": 6788.53,                                                                               
                                                                   "Plan Rows": 6673,                                                                                   
                                                                   "Plan Width": 35,                                                                                    
                                                                   "Actual Startup Time": 2868.105,                                                                     
                                                                   "Actual Total Time": 3404.416,                                                                       
                                                                   "Actual Rows": 221314,                                                                               
                                                                   "Actual Loops": 1,                                                                                   
                                                                   "Inner Unique": false,                                                                               
                                                                   "Merge Cond": "(t.id = mi_idx.movie_id)",                                                            
                                                                   "Shared Hit Blocks": 9,                                                                              
                                                                   "Shared Read Blocks": 44447,                                                                         
                                                                   "Shared Dirtied Blocks": 0,                                                                          
                                                                   "Shared Written Blocks": 0,                                                                          
                                                                   "Local Hit Blocks": 0,                                                                               
                                                                   "Local Read Blocks": 0,                                                                              
                                                                   "Local Dirtied Blocks": 0,                                                                           
                                                                   "Local Written Blocks": 0,                                                                           
                                                                   "Temp Read Blocks": 0,                                                                               
                                                                   "Temp Written Blocks": 0,                                                                            
                                                                   "Plans": [                                                                                           
                                                                     {                                                                                                  
                                                                       "Node Type": "Sort",                                                                             
                                                                       "Parent Relationship": "Outer",                                                                  
                                                                       "Parallel Aware": false,                                                                         
                                                                       "Startup Cost": 5875.81,                                                                         
                                                                       "Total Cost": 5983.06,                                                                           
                                                                       "Plan Rows": 1381453,                                                                            
                                                                       "Plan Width": 25,                                                                                
                                                                       "Actual Startup Time": 2023.022,                                                                 
                                                                       "Actual Total Time": 2199.858,                                                                   
                                                                       "Actual Rows": 1381107,                                                                          
                                                                       "Actual Loops": 1,                                                                               
                                                                       "Sort Key": ["t.id"],                                                                            
                                                                       "Sort Method": "quicksort",                                                                      
                                                                       "Sort Space Used": 153732,                                                                       
                                                                       "Sort Space Type": "Memory",                                                                     
                                                                       "Shared Hit Blocks": 6,                                                                          
                                                                       "Shared Read Blocks": 35996,                                                                     
                                                                       "Shared Dirtied Blocks": 0,                                                                      
                                                                       "Shared Written Blocks": 0,                                                                      
                                                                       "Local Hit Blocks": 0,                                                                           
                                                                       "Local Read Blocks": 0,                                                                          
                                                                       "Local Dirtied Blocks": 0,                                                                       
                                                                       "Local Written Blocks": 0,                                                                       
                                                                       "Temp Read Blocks": 0,                                                                           
                                                                       "Temp Written Blocks": 0,                                                                        
                                                                       "Plans": [                                                                                       
                                                                         {                                                                                              
                                                                           "Node Type": "Seq Scan",                                                                     
                                                                           "Parent Relationship": "Outer",                                                              
                                                                           "Parallel Aware": false,                                                                     
                                                                           "Relation Name": "title",                                                                    
                                                                           "Alias": "t",                                                                                
                                                                           "Startup Cost": 0.00,                                                                        
                                                                           "Total Cost": 1500.26,                                                                       
                                                                           "Plan Rows": 1381453,                                                                        
                                                                           "Plan Width": 25,                                                                            
                                                                           "Actual Startup Time": 4.080,                                                                
                                                                           "Actual Total Time": 1217.218,                                                               
                                                                           "Actual Rows": 1381453,                                                                      
                                                                           "Actual Loops": 1,                                                                           
                                                                           "Filter": "(production_year > 2000)",                                                        
                                                                           "Rows Removed by Filter": 1146859,                                                           
                                                                           "Shared Hit Blocks": 2,                                                                      
                                                                           "Shared Read Blocks": 35996,                                                                 
                                                                           "Shared Dirtied Blocks": 0,                                                                  
                                                                           "Shared Written Blocks": 0,                                                                  
                                                                           "Local Hit Blocks": 0,                                                                       
                                                                           "Local Read Blocks": 0,                                                                      
                                                                           "Local Dirtied Blocks": 0,                                                                   
                                                                           "Local Written Blocks": 0,                                                                   
                                                                           "Temp Read Blocks": 0,                                                                       
                                                                           "Temp Written Blocks": 0                                                                     
                                                                         }                                                                                              
                                                                       ]                                                                                                
                                                                     },                                                                                                 
                                                                     {                                                                                                  
                                                                       "Node Type": "Sort",                                                                             
                                                                       "Parent Relationship": "Inner",                                                                  
                                                                       "Parallel Aware": false,                                                                         
                                                                       "Startup Cost": 696.07,                                                                          
                                                                       "Total Cost": 697.01,                                                                            
                                                                       "Plan Rows": 12213,                                                                              
                                                                       "Plan Width": 10,                                                                                
                                                                       "Actual Startup Time": 845.067,                                                                  
                                                                       "Actual Total Time": 880.149,                                                                    
                                                                       "Actual Rows": 459925,                                                                           
                                                                       "Actual Loops": 1,                                                                               
                                                                       "Sort Key": ["mi_idx.movie_id"],                                                                 
                                                                       "Sort Method": "quicksort",                                                                      
                                                                       "Sort Space Used": 33847,                                                                        
                                                                       "Sort Space Type": "Memory",                                                                     
                                                                       "Shared Hit Blocks": 3,                                                                          
                                                                       "Shared Read Blocks": 8451,                                                                      
                                                                       "Shared Dirtied Blocks": 0,                                                                      
                                                                       "Shared Written Blocks": 0,                                                                      
                                                                       "Local Hit Blocks": 0,                                                                           
                                                                       "Local Read Blocks": 0,                                                                          
                                                                       "Local Dirtied Blocks": 0,                                                                       
                                                                       "Local Written Blocks": 0,                                                                       
                                                                       "Temp Read Blocks": 0,                                                                           
                                                                       "Temp Written Blocks": 0,                                                                        
                                                                       "Plans": [                                                                                       
                                                                         {                                                                                              
                                                                           "Node Type": "Nested Loop",                                                                  
                                                                           "Parent Relationship": "Outer",                                                              
                                                                           "Parallel Aware": false,                                                                     
                                                                           "Join Type": "Inner",                                                                        
                                                                           "Startup Cost": 0.00,                                                                        
                                                                           "Total Cost": 670.32,                                                                        
                                                                           "Plan Rows": 12213,                                                                          
                                                                           "Plan Width": 10,                                                                            
                                                                           "Actual Startup Time": 0.041,                                                                
                                                                           "Actual Total Time": 679.051,                                                                
                                                                           "Actual Rows": 459925,                                                                       
                                                                           "Actual Loops": 1,                                                                           
                                                                           "Inner Unique": true,                                                                        
                                                                           "Join Filter": "(it.id = mi_idx.info_type_id)",                                             
                                                                           "Rows Removed by Join Filter": 920110,                                                       
                                                                           "Shared Hit Blocks": 3,                                                                      
                                                                           "Shared Read Blocks": 8451,                                                                  
                                                                           "Shared Dirtied Blocks": 0,                                                                  
                                                                           "Shared Written Blocks": 0,                                                                  
                                                                           "Local Hit Blocks": 0,                                                                       
                                                                           "Local Read Blocks": 0,                                                                      
                                                                           "Local Dirtied Blocks": 0,                                                                   
                                                                           "Local Written Blocks": 0,                                                                   
                                                                           "Temp Read Blocks": 0,                                                                       
                                                                           "Temp Written Blocks": 0,                                                                    
                                                                           "Plans": [                                                                                   
                                                                             {                                                                                          
                                                                               "Node Type": "Seq Scan",                                                                 
                                                                               "Parent Relationship": "Outer",                                                          
                                                                               "Parallel Aware": false,                                                                 
                                                                               "Relation Name": "movie_info_idx",                                                       
                                                                               "Alias": "mi_idx",                                                                       
                                                                               "Startup Cost": 0.00,                                                                    
                                                                               "Total Cost": 360.56,                                                                    
                                                                               "Plan Rows": 1380035,                                                                    
                                                                               "Plan Width": 14,                                                                        
                                                                               "Actual Startup Time": 0.014,                                                            
                                                                               "Actual Total Time": 181.399,                                                            
                                                                               "Actual Rows": 1380035,                                                                  
                                                                               "Actual Loops": 1,                                                                       
                                                                               "Shared Hit Blocks": 2,                                                                  
                                                                               "Shared Read Blocks": 8451,                                                              
                                                                               "Shared Dirtied Blocks": 0,                                                              
                                                                               "Shared Written Blocks": 0,                                                              
                                                                               "Local Hit Blocks": 0,                                                                   
                                                                               "Local Read Blocks": 0,                                                                  
                                                                               "Local Dirtied Blocks": 0,                                                               
                                                                               "Local Written Blocks": 0,                                                               
                                                                               "Temp Read Blocks": 0,                                                                   
                                                                               "Temp Written Blocks": 0                                                                 
                                                                             },                                                                                         
                                                                             {                                                                                          
                                                                               "Node Type": "Materialize",                                                              
                                                                               "Parent Relationship": "Inner",                                                          
                                                                               "Parallel Aware": false,                                                                 
                                                                               "Startup Cost": 0.00,                                                                    
                                                                               "Total Cost": 0.05,                                                                      
                                                                               "Plan Rows": 1,                                                                          
                                                                               "Plan Width": 4,                                                                         
                                                                               "Actual Startup Time": 0.000,                                                            
                                                                               "Actual Total Time": 0.000,                                                              
                                                                               "Actual Rows": 1,                                                                        
                                                                               "Actual Loops": 1380035,                                                                 
                                                                               "Shared Hit Blocks": 1,                                                                  
                                                                               "Shared Read Blocks": 0,                                                                 
                                                                               "Shared Dirtied Blocks": 0,                                                              
                                                                               "Shared Written Blocks": 0,                                                              
                                                                               "Local Hit Blocks": 0,                                                                   
                                                                               "Local Read Blocks": 0,                                                                  
                                                                               "Local Dirtied Blocks": 0,                                                               
                                                                               "Local Written Blocks": 0,                                                               
                                                                               "Temp Read Blocks": 0,                                                                   
                                                                               "Temp Written Blocks": 0,                                                                
                                                                               "Plans": [                                                                               
                                                                                 {                                                                                      
                                                                                   "Node Type": "Seq Scan",                                                             
                                                                                   "Parent Relationship": "Outer",                                                      
                                                                                   "Parallel Aware": false,                                                             
                                                                                   "Relation Name": "info_type",                                                        
                                                                                   "Alias": "it",                                                                      
                                                                                   "Startup Cost": 0.00,                                                                
                                                                                   "Total Cost": 0.05,                                                                  
                                                                                   "Plan Rows": 1,                                                                      
                                                                                   "Plan Width": 4,                                                                     
                                                                                   "Actual Startup Time": 0.017,                                                        
                                                                                   "Actual Total Time": 0.019,                                                          
                                                                                   "Actual Rows": 1,                                                                    
                                                                                   "Actual Loops": 1,                                                                   
                                                                                   "Filter": "((info)::text = 'rating'::text)",                                         
                                                                                   "Rows Removed by Filter": 112,                                                       
                                                                                   "Shared Hit Blocks": 1,                                                              
                                                                                   "Shared Read Blocks": 0,                                                             
                                                                                   "Shared Dirtied Blocks": 0,                                                          
                                                                                   "Shared Written Blocks": 0,                                                          
                                                                                   "Local Hit Blocks": 0,                                                               
                                                                                   "Local Read Blocks": 0,                                                              
                                                                                   "Local Dirtied Blocks": 0,                                                           
                                                                                   "Local Written Blocks": 0,                                                           
                                                                                   "Temp Read Blocks": 0,                                                               
                                                                                   "Temp Written Blocks": 0                                                             
                                                                                 }                                                                                      
                                                                               ]                                                                                        
                                                                             }                                                                                          
                                                                           ]                                                                                            
                                                                         }                                                                                              
                                                                       ]                                                                                                
                                                                     }                                                                                                  
                                                                   ]                                                                                                    
                                                                 },                                                                                                     
                                                                 {                                                                                                      
                                                                   "Node Type": "Sort",                                                                                 
                                                                   "Parent Relationship": "Inner",                                                                      
                                                                   "Parallel Aware": false,                                                                             
                                                                   "Startup Cost": 389.78,                                                                              
                                                                   "Total Cost": 400.26,                                                                                
                                                                   "Plan Rows": 135086,                                                                                 
                                                                   "Plan Width": 12,                                                                                    
                                                                   "Actual Startup Time": 101.109,                                                                      
                                                                   "Actual Total Time": 112.400,                                                                        
                                                                   "Actual Rows": 132440,                                                                               
                                                                   "Actual Loops": 1,                                                                                   
                                                                   "Sort Key": ["cc.movie_id"],                                                                         
                                                                   "Sort Method": "quicksort",                                                                          
                                                                   "Sort Space Used": 12477,                                                                            
                                                                   "Sort Space Type": "Memory",                                                                         
                                                                   "Shared Hit Blocks": 2,                                                                              
                                                                   "Shared Read Blocks": 729,                                                                           
                                                                   "Shared Dirtied Blocks": 0,                                                                          
                                                                   "Shared Written Blocks": 0,                                                                          
                                                                   "Local Hit Blocks": 0,                                                                               
                                                                   "Local Read Blocks": 0,                                                                              
                                                                   "Local Dirtied Blocks": 0,                                                                           
                                                                   "Local Written Blocks": 0,                                                                           
                                                                   "Temp Read Blocks": 0,                                                                               
                                                                   "Temp Written Blocks": 0,                                                                            
                                                                   "Plans": [                                                                                           
                                                                     {                                                                                                  
                                                                       "Node Type": "Seq Scan",                                                                         
                                                                       "Parent Relationship": "Outer",                                                                  
                                                                       "Parallel Aware": false,                                                                         
                                                                       "Relation Name": "complete_cast",                                                                
                                                                       "Alias": "cc",                                                                                   
                                                                       "Startup Cost": 0.00,                                                                            
                                                                       "Total Cost": 32.27,                                                                             
                                                                       "Plan Rows": 135086,                                                                             
                                                                       "Plan Width": 12,                                                                                
                                                                       "Actual Startup Time": 8.851,                                                                    
                                                                       "Actual Total Time": 43.248,                                                                     
                                                                       "Actual Rows": 135086,                                                                           
                                                                       "Actual Loops": 1,                                                                               
                                                                       "Shared Hit Blocks": 2,                                                                          
                                                                       "Shared Read Blocks": 729,                                                                       
                                                                       "Shared Dirtied Blocks": 0,                                                                      
                                                                       "Shared Written Blocks": 0,                                                                      
                                                                       "Local Hit Blocks": 0,                                                                           
                                                                       "Local Read Blocks": 0,                                                                          
                                                                       "Local Dirtied Blocks": 0,                                                                       
                                                                       "Local Written Blocks": 0,                                                                       
                                                                       "Temp Read Blocks": 0,                                                                           
                                                                       "Temp Written Blocks": 0                                                                         
                                                                     }                                                                                                  
                                                                   ]                                                                                                    
                                                                 }                                                                                                      
                                                               ]                                                                                                        
                                                             },                                                                                                         
                                                             {                                                                                                          
                                                               "Node Type": "Materialize",                                                                              
                                                               "Parent Relationship": "Inner",                                                                          
                                                               "Parallel Aware": false,                                                                                 
                                                               "Startup Cost": 0.00,                                                                                    
                                                               "Total Cost": 0.03,                                                                                      
                                                               "Plan Rows": 1,                                                                                          
                                                               "Plan Width": 4,                                                                                         
                                                               "Actual Startup Time": 0.000,                                                                            
                                                               "Actual Total Time": 0.000,                                                                              
                                                               "Actual Rows": 1,                                                                                        
                                                               "Actual Loops": 19824,                                                                                   
                                                               "Shared Hit Blocks": 1,                                                                                  
                                                               "Shared Read Blocks": 0,                                                                                 
                                                               "Shared Dirtied Blocks": 0,                                                                              
                                                               "Shared Written Blocks": 0,                                                                              
                                                               "Local Hit Blocks": 0,                                                                                   
                                                               "Local Read Blocks": 0,                                                                                  
                                                               "Local Dirtied Blocks": 0,                                                                               
                                                               "Local Written Blocks": 0,                                                                               
                                                               "Temp Read Blocks": 0,                                                                                   
                                                               "Temp Written Blocks": 0,                                                                                
                                                               "Plans": [                                                                                               
                                                                 {                                                                                                      
                                                                   "Node Type": "Seq Scan",                                                                             
                                                                   "Parent Relationship": "Outer",                                                                      
                                                                   "Parallel Aware": false,                                                                             
                                                                   "Relation Name": "comp_cast_type",                                                                   
                                                                   "Alias": "cct",                                                                                     
                                                                   "Startup Cost": 0.00,                                                                                
                                                                   "Total Cost": 0.03,                                                                                  
                                                                   "Plan Rows": 1,                                                                                      
                                                                   "Plan Width": 4,                                                                                     
                                                                   "Actual Startup Time": 0.010,                                                                        
                                                                   "Actual Total Time": 0.010,                                                                          
                                                                   "Actual Rows": 2,                                                                                    
                                                                   "Actual Loops": 1,                                                                                   
                                                                   "Filter": "((kind)::text ~~ '%complete%'::text)",                                                    
                                                                   "Rows Removed by Filter": 2,                                                                         
                                                                   "Shared Hit Blocks": 1,                                                                              
                                                                   "Shared Read Blocks": 0,                                                                             
                                                                   "Shared Dirtied Blocks": 0,                                                                          
                                                                   "Shared Written Blocks": 0,                                                                          
                                                                   "Local Hit Blocks": 0,                                                                               
                                                                   "Local Read Blocks": 0,                                                                              
                                                                   "Local Dirtied Blocks": 0,                                                                           
                                                                   "Local Written Blocks": 0,                                                                           
                                                                   "Temp Read Blocks": 0,                                                                               
                                                                   "Temp Written Blocks": 0                                                                             
                                                                 }                                                                                                      
                                                               ]                                                                                                        
                                                             }                                                                                                          
                                                           ]                                                                                                            
                                                         },                                                                                                             
                                                         {                                                                                                              
                                                           "Node Type": "Materialize",                                                                                  
                                                           "Parent Relationship": "Inner",                                                                              
                                                           "Parallel Aware": false,                                                                                     
                                                           "Startup Cost": 0.00,                                                                                        
                                                           "Total Cost": 0.03,                                                                                          
                                                           "Plan Rows": 1,                                                                                              
                                                           "Plan Width": 4,                                                                                             
                                                           "Actual Startup Time": 0.000,                                                                                
                                                           "Actual Total Time": 0.000,                                                                                  
                                                           "Actual Rows": 1,                                                                                            
                                                           "Actual Loops": 19824,                                                                                       
                                                           "Shared Hit Blocks": 1,                                                                                      
                                                           "Shared Read Blocks": 0,                                                                                     
                                                           "Shared Dirtied Blocks": 0,                                                                                  
                                                           "Shared Written Blocks": 0,                                                                                  
                                                           "Local Hit Blocks": 0,                                                                                       
                                                           "Local Read Blocks": 0,                                                                                      
                                                           "Local Dirtied Blocks": 0,                                                                                   
                                                           "Local Written Blocks": 0,                                                                                   
                                                           "Temp Read Blocks": 0,                                                                                       
                                                           "Temp Written Blocks": 0,                                                                                    
                                                           "Plans": [                                                                                                   
                                                             {                                                                                                          
                                                               "Node Type": "Seq Scan",                                                                                 
                                                               "Parent Relationship": "Outer",                                                                          
                                                               "Parallel Aware": false,                                                                                 
                                                               "Relation Name": "kind_type",                                                                            
                                                               "Alias": "kt",                                                                                           
                                                               "Startup Cost": 0.00,                                                                                    
                                                               "Total Cost": 0.03,                                                                                      
                                                               "Plan Rows": 1,                                                                                          
                                                               "Plan Width": 4,                                                                                         
                                                               "Actual Startup Time": 0.005,                                                                            
                                                               "Actual Total Time": 0.006,                                                                              
                                                               "Actual Rows": 1,                                                                                        
                                                               "Actual Loops": 1,                                                                                       
                                                               "Filter": "((kind)::text = 'movie'::text)",                                                              
                                                               "Rows Removed by Filter": 6,                                                                             
                                                               "Shared Hit Blocks": 1,                                                                                  
                                                               "Shared Read Blocks": 0,                                                                                 
                                                               "Shared Dirtied Blocks": 0,                                                                              
                                                               "Shared Written Blocks": 0,                                                                              
                                                               "Local Hit Blocks": 0,                                                                                   
                                                               "Local Read Blocks": 0,                                                                                  
                                                               "Local Dirtied Blocks": 0,                                                                               
                                                               "Local Written Blocks": 0,                                                                               
                                                               "Temp Read Blocks": 0,                                                                                   
                                                               "Temp Written Blocks": 0                                                                                 
                                                             }                                                                                                          
                                                           ]                                                                                                            
                                                         }                                                                                                              
                                                       ]                                                                                                                
                                                     },                                                                                                                 
                                                     {                                                                                                                  
                                                       "Node Type": "Materialize",                                                                                      
                                                       "Parent Relationship": "Inner",                                                                                  
                                                       "Parallel Aware": false,                                                                                         
                                                       "Startup Cost": 0.00,                                                                                            
                                                       "Total Cost": 0.03,                                                                                              
                                                       "Plan Rows": 1,                                                                                                  
                                                       "Plan Width": 4,                                                                                                 
                                                       "Actual Startup Time": 0.000,                                                                                    
                                                       "Actual Total Time": 0.000,                                                                                      
                                                       "Actual Rows": 1,                                                                                                
                                                       "Actual Loops": 5052,                                                                                            
                                                       "Shared Hit Blocks": 1,                                                                                          
                                                       "Shared Read Blocks": 0,                                                                                         
                                                       "Shared Dirtied Blocks": 0,                                                                                      
                                                       "Shared Written Blocks": 0,                                                                                      
                                                       "Local Hit Blocks": 0,                                                                                           
                                                       "Local Read Blocks": 0,                                                                                          
                                                       "Local Dirtied Blocks": 0,                                                                                       
                                                       "Local Written Blocks": 0,                                                                                       
                                                       "Temp Read Blocks": 0,                                                                                           
                                                       "Temp Written Blocks": 0,                                                                                        
                                                       "Plans": [                                                                                                       
                                                         {                                                                                                              
                                                           "Node Type": "Seq Scan",                                                                                     
                                                           "Parent Relationship": "Outer",                                                                              
                                                           "Parallel Aware": false,                                                                                     
                                                           "Relation Name": "comp_cast_type",                                                                           
                                                           "Alias": "cct",                                                                                             
                                                           "Startup Cost": 0.00,                                                                                        
                                                           "Total Cost": 0.03,                                                                                          
                                                           "Plan Rows": 1,                                                                                              
                                                           "Plan Width": 4,                                                                                             
                                                           "Actual Startup Time": 0.012,                                                                                
                                                           "Actual Total Time": 0.013,                                                                                  
                                                           "Actual Rows": 1,                                                                                            
                                                           "Actual Loops": 1,                                                                                           
                                                           "Filter": "((kind)::text = 'cast'::text)",                                                                   
                                                           "Rows Removed by Filter": 3,                                                                                 
                                                           "Shared Hit Blocks": 1,                                                                                      
                                                           "Shared Read Blocks": 0,                                                                                     
                                                           "Shared Dirtied Blocks": 0,                                                                                  
                                                           "Shared Written Blocks": 0,                                                                                  
                                                           "Local Hit Blocks": 0,                                                                                       
                                                           "Local Read Blocks": 0,                                                                                      
                                                           "Local Dirtied Blocks": 0,                                                                                   
                                                           "Local Written Blocks": 0,                                                                                   
                                                           "Temp Read Blocks": 0,                                                                                       
                                                           "Temp Written Blocks": 0                                                                                     
                                                         }                                                                                                              
                                                       ]                                                                                                                
                                                     }                                                                                                                  
                                                   ]                                                                                                                    
                                                 }                                                                                                                      
                                               ]                                                                                                                        
                                             }                                                                                                                          
                                           ]                                                                                                                            
                                         }                                                                                                                              
                                       ]                                                                                                                                
                                     }                                                                                                                                  
                                   ]                                                                                                                                    
                                 }                                                                                                                                      
                               ]                                                                                                                                        
                             }                                                                                                                                          
                           ]                                                                                                                                            
                         }                                                                                                                                              
                       ]                                                                                                                                                
                     }                                                                                                                                                  
                   ]                                                                                                                                                    
                 }                                                                                                                                                      
               ]                                                                                                                                                        
             }                                                                                                                                                          
           ]                                                                                                                                                            
         }                                                                                                                                                              
       ]                                                                                                                                                                
     },                                                                                                                                                                 
     "Planning Time": 10407.584,                                                                                                                                        
     "Triggers": [                                                                                                                                                      
     ],                                                                                                                                                                 
     "Execution Time": 17839207.480                                                                                                                                     
   }                                                                                                                                                                    
 ]
