 [                                                                                                                                                           
   {                                                                                                                                                         
     "Plan": {                                                                                                                                               
       "Node Type": "Aggregate",                                                                                                                             
       "Strategy": "Plain",                                                                                                                                  
       "Partial Mode": "Simple",                                                                                                                             
       "Parallel Aware": false,                                                                                                                              
       "Startup Cost": 13356.77,                                                                                                                             
       "Total Cost": 13356.77,                                                                                                                               
       "Plan Rows": 1,                                                                                                                                       
       "Plan Width": 96,                                                                                                                                     
       "Actual Startup Time": 114912.516,                                                                                                                    
       "Actual Total Time": 114912.516,                                                                                                                      
       "Actual Rows": 1,                                                                                                                                     
       "Actual Loops": 1,                                                                                                                                    
       "Shared Hit Blocks": 26,                                                                                                                              
       "Shared Read Blocks": 245952,                                                                                                                         
       "Shared Dirtied Blocks": 0,                                                                                                                           
       "Shared Written Blocks": 0,                                                                                                                           
       "Local Hit Blocks": 0,                                                                                                                                
       "Local Read Blocks": 0,                                                                                                                               
       "Local Dirtied Blocks": 0,                                                                                                                            
       "Local Written Blocks": 0,                                                                                                                            
       "Temp Read Blocks": 0,                                                                                                                                
       "Temp Written Blocks": 0,                                                                                                                             
       "Plans": [                                                                                                                                            
         {                                                                                                                                                   
           "Node Type": "Nested Loop",                                                                                                                       
           "Parent Relationship": "Outer",                                                                                                                   
           "Parallel Aware": false,                                                                                                                          
           "Join Type": "Inner",                                                                                                                             
           "Startup Cost": 2610.83,                                                                                                                          
           "Total Cost": 13356.77,                                                                                                                           
           "Plan Rows": 1,                                                                                                                                   
           "Plan Width": 48,                                                                                                                                 
           "Actual Startup Time": 37686.660,                                                                                                                 
           "Actual Total Time": 114899.342,                                                                                                                  
           "Actual Rows": 477,                                                                                                                               
           "Actual Loops": 1,                                                                                                                                
           "Inner Unique": true,                                                                                                                             
           "Join Filter": "(ml.link_type_id = lt.id)",                                                                                                       
           "Rows Removed by Join Filter": 417,                                                                                                               
           "Shared Hit Blocks": 26,                                                                                                                          
           "Shared Read Blocks": 245952,                                                                                                                     
           "Shared Dirtied Blocks": 0,                                                                                                                       
           "Shared Written Blocks": 0,                                                                                                                       
           "Local Hit Blocks": 0,                                                                                                                            
           "Local Read Blocks": 0,                                                                                                                           
           "Local Dirtied Blocks": 0,                                                                                                                        
           "Local Written Blocks": 0,                                                                                                                        
           "Temp Read Blocks": 0,                                                                                                                            
           "Temp Written Blocks": 0,                                                                                                                         
           "Plans": [                                                                                                                                        
             {                                                                                                                                               
               "Node Type": "Nested Loop",                                                                                                                   
               "Parent Relationship": "Outer",                                                                                                               
               "Parallel Aware": false,                                                                                                                      
               "Join Type": "Inner",                                                                                                                         
               "Startup Cost": 2610.83,                                                                                                                      
               "Total Cost": 13356.73,                                                                                                                       
               "Plan Rows": 1,                                                                                                                               
               "Plan Width": 40,                                                                                                                             
               "Actual Startup Time": 37686.650,                                                                                                             
               "Actual Total Time": 114898.907,                                                                                                              
               "Actual Rows": 477,                                                                                                                           
               "Actual Loops": 1,                                                                                                                            
               "Inner Unique": true,                                                                                                                         
               "Join Filter": "(mc.company_type_id = ct.id)",                                                                                                
               "Rows Removed by Join Filter": 57,                                                                                                            
               "Shared Hit Blocks": 25,                                                                                                                      
               "Shared Read Blocks": 245952,                                                                                                                 
               "Shared Dirtied Blocks": 0,                                                                                                                   
               "Shared Written Blocks": 0,                                                                                                                   
               "Local Hit Blocks": 0,                                                                                                                        
               "Local Read Blocks": 0,                                                                                                                       
               "Local Dirtied Blocks": 0,                                                                                                                    
               "Local Written Blocks": 0,                                                                                                                    
               "Temp Read Blocks": 0,                                                                                                                        
               "Temp Written Blocks": 0,                                                                                                                     
               "Plans": [                                                                                                                                    
                 {                                                                                                                                           
                   "Node Type": "Nested Loop",                                                                                                               
                   "Parent Relationship": "Outer",                                                                                                           
                   "Parallel Aware": false,                                                                                                                  
                   "Join Type": "Inner",                                                                                                                     
                   "Startup Cost": 2610.83,                                                                                                                  
                   "Total Cost": 13356.70,                                                                                                                   
                   "Plan Rows": 1,                                                                                                                           
                   "Plan Width": 44,                                                                                                                         
                   "Actual Startup Time": 37686.630,                                                                                                         
                   "Actual Total Time": 114898.567,                                                                                                          
                   "Actual Rows": 534,                                                                                                                       
                   "Actual Loops": 1,                                                                                                                        
                   "Inner Unique": false,                                                                                                                    
                   "Join Filter": "(ml.movie_id = t.id)",                                                                                                    
                   "Rows Removed by Join Filter": 486249720,                                                                                                 
                   "Shared Hit Blocks": 24,                                                                                                                  
                   "Shared Read Blocks": 245952,                                                                                                             
                   "Shared Dirtied Blocks": 0,                                                                                                               
                   "Shared Written Blocks": 0,                                                                                                               
                   "Local Hit Blocks": 0,                                                                                                                    
                   "Local Read Blocks": 0,                                                                                                                   
                   "Local Dirtied Blocks": 0,                                                                                                                
                   "Local Written Blocks": 0,                                                                                                                
                   "Temp Read Blocks": 0,                                                                                                                    
                   "Temp Written Blocks": 0,                                                                                                                 
                   "Plans": [                                                                                                                                
                     {                                                                                                                                       
                       "Node Type": "Seq Scan",                                                                                                              
                       "Parent Relationship": "Outer",                                                                                                       
                       "Parallel Aware": false,                                                                                                              
                       "Relation Name": "title",                                                                                                             
                       "Alias": "t",                                                                                                                         
                       "Startup Cost": 0.00,                                                                                                                 
                       "Total Cost": 1696.56,                                                                                                                
                       "Plan Rows": 910581,                                                                                                                  
                       "Plan Width": 21,                                                                                                                     
                       "Actual Startup Time": 21.856,                                                                                                        
                       "Actual Total Time": 627.815,                                                                                                         
                       "Actual Rows": 910581,                                                                                                                
                       "Actual Loops": 1,                                                                                                                    
                       "Filter": "((production_year >= 1950) AND (production_year <= 2000))",                                                                
                       "Rows Removed by Filter": 1617731,                                                                                                    
                       "Shared Hit Blocks": 2,                                                                                                               
                       "Shared Read Blocks": 35996,                                                                                                          
                       "Shared Dirtied Blocks": 0,                                                                                                           
                       "Shared Written Blocks": 0,                                                                                                           
                       "Local Hit Blocks": 0,                                                                                                                
                       "Local Read Blocks": 0,                                                                                                               
                       "Local Dirtied Blocks": 0,                                                                                                            
                       "Local Written Blocks": 0,                                                                                                            
                       "Temp Read Blocks": 0,                                                                                                                
                       "Temp Written Blocks": 0                                                                                                              
                     },                                                                                                                                      
                     {                                                                                                                                       
                       "Node Type": "Materialize",                                                                                                           
                       "Parent Relationship": "Inner",                                                                                                       
                       "Parallel Aware": false,                                                                                                              
                       "Startup Cost": 2610.83,                                                                                                              
                       "Total Cost": 11455.79,                                                                                                               
                       "Plan Rows": 1,                                                                                                                       
                       "Plan Width": 47,                                                                                                                     
                       "Actual Startup Time": 0.014,                                                                                                         
                       "Actual Total Time": 0.062,                                                                                                           
                       "Actual Rows": 534,                                                                                                                   
                       "Actual Loops": 910581,                                                                                                               
                       "Shared Hit Blocks": 22,                                                                                                              
                       "Shared Read Blocks": 209956,                                                                                                         
                       "Shared Dirtied Blocks": 0,                                                                                                           
                       "Shared Written Blocks": 0,                                                                                                           
                       "Local Hit Blocks": 0,                                                                                                                
                       "Local Read Blocks": 0,                                                                                                               
                       "Local Dirtied Blocks": 0,                                                                                                            
                       "Local Written Blocks": 0,                                                                                                            
                       "Temp Read Blocks": 0,                                                                                                                
                       "Temp Written Blocks": 0,                                                                                                             
                       "Plans": [                                                                                                                            
                         {                                                                                                                                   
                           "Node Type": "Nested Loop",                                                                                                       
                           "Parent Relationship": "Outer",                                                                                                   
                           "Parallel Aware": false,                                                                                                          
                           "Join Type": "Inner",                                                                                                             
                           "Startup Cost": 2610.83,                                                                                                          
                           "Total Cost": 11455.79,                                                                                                           
                           "Plan Rows": 1,                                                                                                                   
                           "Plan Width": 47,                                                                                                                 
                           "Actual Startup Time": 12670.359,                                                                                                 
                           "Actual Total Time": 34685.395,                                                                                                   
                           "Actual Rows": 534,                                                                                                               
                           "Actual Loops": 1,                                                                                                                
                           "Inner Unique": true,                                                                                                             
                           "Join Filter": "(cc.status_id = cct.id)",                                                                                        
                           "Rows Removed by Join Filter": 171,                                                                                               
                           "Shared Hit Blocks": 22,                                                                                                          
                           "Shared Read Blocks": 209956,                                                                                                     
                           "Shared Dirtied Blocks": 0,                                                                                                       
                           "Shared Written Blocks": 0,                                                                                                       
                           "Local Hit Blocks": 0,                                                                                                            
                           "Local Read Blocks": 0,                                                                                                           
                           "Local Dirtied Blocks": 0,                                                                                                        
                           "Local Written Blocks": 0,                                                                                                        
                           "Temp Read Blocks": 0,                                                                                                            
                           "Temp Written Blocks": 0,                                                                                                         
                           "Plans": [                                                                                                                        
                             {                                                                                                                               
                               "Node Type": "Nested Loop",                                                                                                   
                               "Parent Relationship": "Outer",                                                                                               
                               "Parallel Aware": false,                                                                                                      
                               "Join Type": "Inner",                                                                                                         
                               "Startup Cost": 2610.83,                                                                                                      
                               "Total Cost": 11455.76,                                                                                                       
                               "Plan Rows": 1,                                                                                                               
                               "Plan Width": 51,                                                                                                             
                               "Actual Startup Time": 12670.351,                                                                                             
                               "Actual Total Time": 34685.017,                                                                                               
                               "Actual Rows": 705,                                                                                                           
                               "Actual Loops": 1,                                                                                                            
                               "Inner Unique": true,                                                                                                         
                               "Join Filter": "(cc.subject_id = cct.id)",                                                                                   
                               "Rows Removed by Join Filter": 171,                                                                                           
                               "Shared Hit Blocks": 21,                                                                                                      
                               "Shared Read Blocks": 209956,                                                                                                 
                               "Shared Dirtied Blocks": 0,                                                                                                   
                               "Shared Written Blocks": 0,                                                                                                   
                               "Local Hit Blocks": 0,                                                                                                        
                               "Local Read Blocks": 0,                                                                                                       
                               "Local Dirtied Blocks": 0,                                                                                                    
                               "Local Written Blocks": 0,                                                                                                    
                               "Temp Read Blocks": 0,                                                                                                        
                               "Temp Written Blocks": 0,                                                                                                     
                               "Plans": [                                                                                                                    
                                 {                                                                                                                           
                                   "Node Type": "Nested Loop",                                                                                               
                                   "Parent Relationship": "Outer",                                                                                           
                                   "Parallel Aware": false,                                                                                                  
                                   "Join Type": "Inner",                                                                                                     
                                   "Startup Cost": 2610.83,                                                                                                  
                                   "Total Cost": 11455.72,                                                                                                   
                                   "Plan Rows": 1,                                                                                                           
                                   "Plan Width": 55,                                                                                                         
                                   "Actual Startup Time": 12670.336,                                                                                         
                                   "Actual Total Time": 34684.535,                                                                                           
                                   "Actual Rows": 705,                                                                                                       
                                   "Actual Loops": 1,                                                                                                        
                                   "Inner Unique": true,                                                                                                     
                                   "Join Filter": "(mc.company_id = cn.id)",                                                                                 
                                   "Rows Removed by Join Filter": 51618756,                                                                                  
                                   "Shared Hit Blocks": 20,                                                                                                  
                                   "Shared Read Blocks": 209956,                                                                                             
                                   "Shared Dirtied Blocks": 0,                                                                                               
                                   "Shared Written Blocks": 0,                                                                                               
                                   "Local Hit Blocks": 0,                                                                                                    
                                   "Local Read Blocks": 0,                                                                                                   
                                   "Local Dirtied Blocks": 0,                                                                                                
                                   "Local Written Blocks": 0,                                                                                                
                                   "Temp Read Blocks": 0,                                                                                                    
                                   "Temp Written Blocks": 0,                                                                                                 
                                   "Plans": [                                                                                                                
                                     {                                                                                                                       
                                       "Node Type": "Nested Loop",                                                                                           
                                       "Parent Relationship": "Outer",                                                                                       
                                       "Parallel Aware": false,                                                                                              
                                       "Join Type": "Inner",                                                                                                 
                                       "Startup Cost": 2610.83,                                                                                              
                                       "Total Cost": 11231.85,                                                                                               
                                       "Plan Rows": 1,                                                                                                       
                                       "Plan Width": 40,                                                                                                     
                                       "Actual Startup Time": 12612.146,                                                                                     
                                       "Actual Total Time": 27065.316,                                                                                       
                                       "Actual Rows": 1619,                                                                                                  
                                       "Actual Loops": 1,                                                                                                    
                                       "Inner Unique": false,                                                                                                
                                       "Join Filter": "(ml.movie_id = mi.movie_id)",                                                                         
                                       "Rows Removed by Join Filter": 85777102,                                                                              
                                       "Shared Hit Blocks": 18,                                                                                              
                                       "Shared Read Blocks": 206964,                                                                                         
                                       "Shared Dirtied Blocks": 0,                                                                                           
                                       "Shared Written Blocks": 0,                                                                                           
                                       "Local Hit Blocks": 0,                                                                                                
                                       "Local Read Blocks": 0,                                                                                               
                                       "Local Dirtied Blocks": 0,                                                                                            
                                       "Local Written Blocks": 0,                                                                                            
                                       "Temp Read Blocks": 0,                                                                                                
                                       "Temp Written Blocks": 0,                                                                                             
                                       "Plans": [                                                                                                            
                                         {                                                                                                                   
                                           "Node Type": "Merge Join",                                                                                        
                                           "Parent Relationship": "Outer",                                                                                   
                                           "Parallel Aware": false,                                                                                          
                                           "Join Type": "Inner",                                                                                             
                                           "Startup Cost": 2610.83,                                                                                          
                                           "Total Cost": 2754.15,                                                                                            
                                           "Plan Rows": 2,                                                                                                   
                                           "Plan Width": 36,                                                                                                 
                                           "Actual Startup Time": 2976.210,                                                                                  
                                           "Actual Total Time": 6765.294,                                                                                    
                                           "Actual Rows": 639,                                                                                               
                                           "Actual Loops": 1,                                                                                                
                                           "Inner Unique": false,                                                                                            
                                           "Merge Cond": "(mk.movie_id = ml.movie_id)",                                                                      
                                           "Shared Hit Blocks": 16,                                                                                          
                                           "Shared Read Blocks": 45074,                                                                                      
                                           "Shared Dirtied Blocks": 0,                                                                                       
                                           "Shared Written Blocks": 0,                                                                                       
                                           "Local Hit Blocks": 0,                                                                                            
                                           "Local Read Blocks": 0,                                                                                           
                                           "Local Dirtied Blocks": 0,                                                                                        
                                           "Local Written Blocks": 0,                                                                                        
                                           "Temp Read Blocks": 0,                                                                                            
                                           "Temp Written Blocks": 0,                                                                                         
                                           "Plans": [                                                                                                        
                                             {                                                                                                               
                                               "Node Type": "Nested Loop",                                                                                   
                                               "Parent Relationship": "Outer",                                                                               
                                               "Parallel Aware": false,                                                                                      
                                               "Join Type": "Inner",                                                                                         
                                               "Startup Cost": 2534.37,                                                                                      
                                               "Total Cost": 6278.07,                                                                                        
                                               "Plan Rows": 27,                                                                                              
                                               "Plan Width": 28,                                                                                             
                                               "Actual Startup Time": 2922.562,                                                                              
                                               "Actual Total Time": 6707.047,                                                                                
                                               "Actual Rows": 57,                                                                                            
                                               "Actual Loops": 1,                                                                                            
                                               "Inner Unique": false,                                                                                        
                                               "Join Filter": "(mk.movie_id = mc.movie_id)",                                                                 
                                               "Rows Removed by Join Filter": 24169685,                                                                      
                                               "Shared Hit Blocks": 14,                                                                                      
                                               "Shared Read Blocks": 44913,                                                                                  
                                               "Shared Dirtied Blocks": 0,                                                                                   
                                               "Shared Written Blocks": 0,                                                                                   
                                               "Local Hit Blocks": 0,                                                                                        
                                               "Local Read Blocks": 0,                                                                                       
                                               "Local Dirtied Blocks": 0,                                                                                    
                                               "Local Written Blocks": 0,                                                                                    
                                               "Temp Read Blocks": 0,                                                                                        
                                               "Temp Written Blocks": 0,                                                                                     
                                               "Plans": [                                                                                                    
                                                 {                                                                                                           
                                                   "Node Type": "Merge Join",                                                                                
                                                   "Parent Relationship": "Outer",                                                                           
                                                   "Parallel Aware": false,                                                                                  
                                                   "Join Type": "Inner",                                                                                     
                                                   "Startup Cost": 2534.37,                                                                                  
                                                   "Total Cost": 2554.94,                                                                                    
                                                   "Plan Rows": 10,                                                                                          
                                                   "Plan Width": 16,                                                                                         
                                                   "Actual Startup Time": 2272.603,                                                                          
                                                   "Actual Total Time": 2274.089,                                                                            
                                                   "Actual Rows": 20,                                                                                        
                                                   "Actual Loops": 1,                                                                                        
                                                   "Inner Unique": false,                                                                                    
                                                   "Merge Cond": "(mk.movie_id = cc.movie_id)",                                                              
                                                   "Shared Hit Blocks": 11,                                                                                  
                                                   "Shared Read Blocks": 26127,                                                                              
                                                   "Shared Dirtied Blocks": 0,                                                                               
                                                   "Shared Written Blocks": 0,                                                                               
                                                   "Local Hit Blocks": 0,                                                                                    
                                                   "Local Read Blocks": 0,                                                                                   
                                                   "Local Dirtied Blocks": 0,                                                                                
                                                   "Local Written Blocks": 0,                                                                                
                                                   "Temp Read Blocks": 0,                                                                                    
                                                   "Temp Written Blocks": 0,                                                                                 
                                                   "Plans": [                                                                                                
                                                     {                                                                                                       
                                                       "Node Type": "Sort",                                                                                  
                                                       "Parent Relationship": "Outer",                                                                       
                                                       "Parallel Aware": false,                                                                              
                                                       "Startup Cost": 2144.60,                                                                              
                                                       "Total Cost": 2144.60,                                                                                
                                                       "Plan Rows": 34,                                                                                      
                                                       "Plan Width": 4,                                                                                      
                                                       "Actual Startup Time": 2161.754,                                                                      
                                                       "Actual Total Time": 2161.763,                                                                        
                                                       "Actual Rows": 53,                                                                                    
                                                       "Actual Loops": 1,                                                                                    
                                                       "Sort Key": ["mk.movie_id"],                                                                          
                                                       "Sort Method": "quicksort",                                                                           
                                                       "Sort Space Used": 879,                                                                               
                                                       "Sort Space Type": "Memory",                                                                          
                                                       "Shared Hit Blocks": 9,                                                                               
                                                       "Shared Read Blocks": 25398,                                                                          
                                                       "Shared Dirtied Blocks": 0,                                                                           
                                                       "Shared Written Blocks": 0,                                                                           
                                                       "Local Hit Blocks": 0,                                                                                
                                                       "Local Read Blocks": 0,                                                                               
                                                       "Local Dirtied Blocks": 0,                                                                            
                                                       "Local Written Blocks": 0,                                                                            
                                                       "Temp Read Blocks": 0,                                                                                
                                                       "Temp Written Blocks": 0,                                                                             
                                                       "Plans": [                                                                                            
                                                         {                                                                                                   
                                                           "Node Type": "Nested Loop",                                                                       
                                                           "Parent Relationship": "Outer",                                                                   
                                                           "Parallel Aware": false,                                                                          
                                                           "Join Type": "Inner",                                                                             
                                                           "Startup Cost": 0.00,                                                                             
                                                           "Total Cost": 2144.57,                                                                            
                                                           "Plan Rows": 34,                                                                                  
                                                           "Plan Width": 4,                                                                                  
                                                           "Actual Startup Time": 87.540,                                                                    
                                                           "Actual Total Time": 2157.926,                                                                    
                                                           "Actual Rows": 10544,                                                                             
                                                           "Actual Loops": 1,                                                                                
                                                           "Inner Unique": true,                                                                             
                                                           "Join Filter": "(k.id = mk.keyword_id)",                                                          
                                                           "Rows Removed by Join Filter": 4513386,                                                           
                                                           "Shared Hit Blocks": 5,                                                                           
                                                           "Shared Read Blocks": 25398,                                                                      
                                                           "Shared Dirtied Blocks": 0,                                                                       
                                                           "Shared Written Blocks": 0,                                                                       
                                                           "Local Hit Blocks": 0,                                                                            
                                                           "Local Read Blocks": 0,                                                                           
                                                           "Local Dirtied Blocks": 0,                                                                        
                                                           "Local Written Blocks": 0,                                                                        
                                                           "Temp Read Blocks": 0,                                                                            
                                                           "Temp Written Blocks": 0,                                                                         
                                                           "Plans": [                                                                                        
                                                             {                                                                                               
                                                               "Node Type": "Seq Scan",                                                                      
                                                               "Parent Relationship": "Outer",                                                               
                                                               "Parallel Aware": false,                                                                      
                                                               "Relation Name": "movie_keyword",                                                             
                                                               "Alias": "mk",                                                                                
                                                               "Startup Cost": 0.00,                                                                         
                                                               "Total Cost": 1079.84,                                                                        
                                                               "Plan Rows": 4523930,                                                                         
                                                               "Plan Width": 8,                                                                              
                                                               "Actual Startup Time": 0.013,                                                                 
                                                               "Actual Total Time": 484.405,                                                                 
                                                               "Actual Rows": 4523930,                                                                       
                                                               "Actual Loops": 1,                                                                            
                                                               "Shared Hit Blocks": 3,                                                                       
                                                               "Shared Read Blocks": 24451,                                                                  
                                                               "Shared Dirtied Blocks": 0,                                                                   
                                                               "Shared Written Blocks": 0,                                                                   
                                                               "Local Hit Blocks": 0,                                                                        
                                                               "Local Read Blocks": 0,                                                                       
                                                               "Local Dirtied Blocks": 0,                                                                    
                                                               "Local Written Blocks": 0,                                                                    
                                                               "Temp Read Blocks": 0,                                                                        
                                                               "Temp Written Blocks": 0                                                                      
                                                             },                                                                                              
                                                             {                                                                                               
                                                               "Node Type": "Materialize",                                                                   
                                                               "Parent Relationship": "Inner",                                                               
                                                               "Parallel Aware": false,                                                                      
                                                               "Startup Cost": 0.00,                                                                         
                                                               "Total Cost": 49.46,                                                                          
                                                               "Plan Rows": 1,                                                                               
                                                               "Plan Width": 4,                                                                              
                                                               "Actual Startup Time": 0.000,                                                                 
                                                               "Actual Total Time": 0.000,                                                                   
                                                               "Actual Rows": 1,                                                                             
                                                               "Actual Loops": 4523930,                                                                      
                                                               "Shared Hit Blocks": 2,                                                                       
                                                               "Shared Read Blocks": 947,                                                                    
                                                               "Shared Dirtied Blocks": 0,                                                                   
                                                               "Shared Written Blocks": 0,                                                                   
                                                               "Local Hit Blocks": 0,                                                                        
                                                               "Local Read Blocks": 0,                                                                       
                                                               "Local Dirtied Blocks": 0,                                                                    
                                                               "Local Written Blocks": 0,                                                                    
                                                               "Temp Read Blocks": 0,                                                                        
                                                               "Temp Written Blocks": 0,                                                                     
                                                               "Plans": [                                                                                    
                                                                 {                                                                                           
                                                                   "Node Type": "Seq Scan",                                                                  
                                                                   "Parent Relationship": "Outer",                                                           
                                                                   "Parallel Aware": false,                                                                  
                                                                   "Relation Name": "keyword",                                                               
                                                                   "Alias": "k",                                                                             
                                                                   "Startup Cost": 0.00,                                                                     
                                                                   "Total Cost": 49.46,                                                                      
                                                                   "Plan Rows": 1,                                                                           
                                                                   "Plan Width": 4,                                                                          
                                                                   "Actual Startup Time": 3.753,                                                             
                                                                   "Actual Total Time": 87.210,                                                              
                                                                   "Actual Rows": 1,                                                                         
                                                                   "Actual Loops": 1,                                                                        
                                                                   "Filter": "(keyword = 'sequel'::text)",                                                   
                                                                   "Rows Removed by Filter": 134169,                                                         
                                                                   "Shared Hit Blocks": 2,                                                                   
                                                                   "Shared Read Blocks": 947,                                                                
                                                                   "Shared Dirtied Blocks": 0,                                                               
                                                                   "Shared Written Blocks": 0,                                                               
                                                                   "Local Hit Blocks": 0,                                                                    
                                                                   "Local Read Blocks": 0,                                                                   
                                                                   "Local Dirtied Blocks": 0,                                                                
                                                                   "Local Written Blocks": 0,                                                                
                                                                   "Temp Read Blocks": 0,                                                                    
                                                                   "Temp Written Blocks": 0                                                                  
                                                                 }                                                                                           
                                                               ]                                                                                             
                                                             }                                                                                               
                                                           ]                                                                                                 
                                                         }                                                                                                   
                                                       ]                                                                                                     
                                                     },                                                                                                      
                                                     {                                                                                                       
                                                       "Node Type": "Sort",                                                                                  
                                                       "Parent Relationship": "Inner",                                                                       
                                                       "Parallel Aware": false,                                                                              
                                                       "Startup Cost": 389.78,                                                                               
                                                       "Total Cost": 400.26,                                                                                 
                                                       "Plan Rows": 135086,                                                                                  
                                                       "Plan Width": 12,                                                                                     
                                                       "Actual Startup Time": 110.743,                                                                       
                                                       "Actual Total Time": 111.301,                                                                         
                                                       "Actual Rows": 9867,                                                                                  
                                                       "Actual Loops": 1,                                                                                    
                                                       "Sort Key": ["cc.movie_id"],                                                                          
                                                       "Sort Method": "quicksort",                                                                           
                                                       "Sort Space Used": 12477,                                                                             
                                                       "Sort Space Type": "Memory",                                                                          
                                                       "Shared Hit Blocks": 2,                                                                               
                                                       "Shared Read Blocks": 729,                                                                            
                                                       "Shared Dirtied Blocks": 0,                                                                           
                                                       "Shared Written Blocks": 0,                                                                           
                                                       "Local Hit Blocks": 0,                                                                                
                                                       "Local Read Blocks": 0,                                                                               
                                                       "Local Dirtied Blocks": 0,                                                                            
                                                       "Local Written Blocks": 0,                                                                            
                                                       "Temp Read Blocks": 0,                                                                                
                                                       "Temp Written Blocks": 0,                                                                             
                                                       "Plans": [                                                                                            
                                                         {                                                                                                   
                                                           "Node Type": "Seq Scan",                                                                          
                                                           "Parent Relationship": "Outer",                                                                   
                                                           "Parallel Aware": false,                                                                          
                                                           "Relation Name": "complete_cast",                                                                 
                                                           "Alias": "cc",                                                                                    
                                                           "Startup Cost": 0.00,                                                                             
                                                           "Total Cost": 32.27,                                                                              
                                                           "Plan Rows": 135086,                                                                              
                                                           "Plan Width": 12,                                                                                 
                                                           "Actual Startup Time": 19.442,                                                                    
                                                           "Actual Total Time": 53.270,                                                                      
                                                           "Actual Rows": 135086,                                                                            
                                                           "Actual Loops": 1,                                                                                
                                                           "Shared Hit Blocks": 2,                                                                           
                                                           "Shared Read Blocks": 729,                                                                        
                                                           "Shared Dirtied Blocks": 0,                                                                       
                                                           "Shared Written Blocks": 0,                                                                       
                                                           "Local Hit Blocks": 0,                                                                            
                                                           "Local Read Blocks": 0,                                                                           
                                                           "Local Dirtied Blocks": 0,                                                                        
                                                           "Local Written Blocks": 0,                                                                        
                                                           "Temp Read Blocks": 0,                                                                            
                                                           "Temp Written Blocks": 0                                                                          
                                                         }                                                                                                   
                                                       ]                                                                                                     
                                                     }                                                                                                       
                                                   ]                                                                                                         
                                                 },                                                                                                          
                                                 {                                                                                                           
                                                   "Node Type": "Materialize",                                                                               
                                                   "Parent Relationship": "Inner",                                                                           
                                                   "Parallel Aware": false,                                                                                  
                                                   "Startup Cost": 0.00,                                                                                     
                                                   "Total Cost": 967.27,                                                                                     
                                                   "Plan Rows": 1271989,                                                                                     
                                                   "Plan Width": 12,                                                                                         
                                                   "Actual Startup Time": 0.002,                                                                             
                                                   "Actual Total Time": 108.918,                                                                             
                                                   "Actual Rows": 1208487,                                                                                   
                                                   "Actual Loops": 20,                                                                                       
                                                   "Shared Hit Blocks": 3,                                                                                   
                                                   "Shared Read Blocks": 18786,                                                                              
                                                   "Shared Dirtied Blocks": 0,                                                                               
                                                   "Shared Written Blocks": 0,                                                                               
                                                   "Local Hit Blocks": 0,                                                                                    
                                                   "Local Read Blocks": 0,                                                                                   
                                                   "Local Dirtied Blocks": 0,                                                                                
                                                   "Local Written Blocks": 0,                                                                                
                                                   "Temp Read Blocks": 0,                                                                                    
                                                   "Temp Written Blocks": 0,                                                                                 
                                                   "Plans": [                                                                                                
                                                     {                                                                                                       
                                                       "Node Type": "Seq Scan",                                                                              
                                                       "Parent Relationship": "Outer",                                                                       
                                                       "Parallel Aware": false,                                                                              
                                                       "Relation Name": "movie_companies",                                                                   
                                                       "Alias": "mc",                                                                                        
                                                       "Startup Cost": 0.00,                                                                                 
                                                       "Total Cost": 769.75,                                                                                 
                                                       "Plan Rows": 1271989,                                                                                 
                                                       "Plan Width": 12,                                                                                     
                                                       "Actual Startup Time": 0.022,                                                                         
                                                       "Actual Total Time": 895.464,                                                                         
                                                       "Actual Rows": 1271989,                                                                               
                                                       "Actual Loops": 1,                                                                                    
                                                       "Filter": "(note IS NULL)",                                                                           
                                                       "Rows Removed by Filter": 1337140,                                                                    
                                                       "Shared Hit Blocks": 3,                                                                               
                                                       "Shared Read Blocks": 18786,                                                                          
                                                       "Shared Dirtied Blocks": 0,                                                                           
                                                       "Shared Written Blocks": 0,                                                                           
                                                       "Local Hit Blocks": 0,                                                                                
                                                       "Local Read Blocks": 0,                                                                               
                                                       "Local Dirtied Blocks": 0,                                                                            
                                                       "Local Written Blocks": 0,                                                                            
                                                       "Temp Read Blocks": 0,                                                                                
                                                       "Temp Written Blocks": 0                                                                              
                                                     }                                                                                                       
                                                   ]                                                                                                         
                                                 }                                                                                                           
                                               ]                                                                                                             
                                             },                                                                                                              
                                             {                                                                                                               
                                               "Node Type": "Sort",                                                                                          
                                               "Parent Relationship": "Inner",                                                                               
                                               "Parallel Aware": false,                                                                                      
                                               "Startup Cost": 76.46,                                                                                        
                                               "Total Cost": 78.79,                                                                                          
                                               "Plan Rows": 29997,                                                                                           
                                               "Plan Width": 8,                                                                                              
                                               "Actual Startup Time": 52.545,                                                                                
                                               "Actual Total Time": 54.311,                                                                                  
                                               "Actual Rows": 30548,                                                                                         
                                               "Actual Loops": 1,                                                                                            
                                               "Sort Key": ["ml.movie_id"],                                                                                  
                                               "Sort Method": "quicksort",                                                                                   
                                               "Sort Space Used": 2175,                                                                                      
                                               "Sort Space Type": "Memory",                                                                                  
                                               "Shared Hit Blocks": 2,                                                                                       
                                               "Shared Read Blocks": 161,                                                                                    
                                               "Shared Dirtied Blocks": 0,                                                                                   
                                               "Shared Written Blocks": 0,                                                                                   
                                               "Local Hit Blocks": 0,                                                                                        
                                               "Local Read Blocks": 0,                                                                                       
                                               "Local Dirtied Blocks": 0,                                                                                    
                                               "Local Written Blocks": 0,                                                                                    
                                               "Temp Read Blocks": 0,                                                                                        
                                               "Temp Written Blocks": 0,                                                                                     
                                               "Plans": [                                                                                                    
                                                 {                                                                                                           
                                                   "Node Type": "Seq Scan",                                                                                  
                                                   "Parent Relationship": "Outer",                                                                           
                                                   "Parallel Aware": false,                                                                                  
                                                   "Relation Name": "movie_link",                                                                            
                                                   "Alias": "ml",                                                                                            
                                                   "Startup Cost": 0.00,                                                                                     
                                                   "Total Cost": 7.19,                                                                                       
                                                   "Plan Rows": 29997,                                                                                       
                                                   "Plan Width": 8,                                                                                          
                                                   "Actual Startup Time": 0.008,                                                                             
                                                   "Actual Total Time": 35.875,                                                                              
                                                   "Actual Rows": 29997,                                                                                     
                                                   "Actual Loops": 1,                                                                                        
                                                   "Shared Hit Blocks": 2,                                                                                   
                                                   "Shared Read Blocks": 161,                                                                                
                                                   "Shared Dirtied Blocks": 0,                                                                               
                                                   "Shared Written Blocks": 0,                                                                               
                                                   "Local Hit Blocks": 0,                                                                                    
                                                   "Local Read Blocks": 0,                                                                                   
                                                   "Local Dirtied Blocks": 0,                                                                                
                                                   "Local Written Blocks": 0,                                                                                
                                                   "Temp Read Blocks": 0,                                                                                    
                                                   "Temp Written Blocks": 0                                                                                  
                                                 }                                                                                                           
                                               ]                                                                                                             
                                             }                                                                                                               
                                           ]                                                                                                                 
                                         },                                                                                                                  
                                         {                                                                                                                   
                                           "Node Type": "Materialize",                                                                                       
                                           "Parent Relationship": "Inner",                                                                                   
                                           "Parallel Aware": false,                                                                                          
                                           "Startup Cost": 0.00,                                                                                             
                                           "Total Cost": 8428.22,                                                                                            
                                           "Plan Rows": 133304,                                                                                              
                                           "Plan Width": 4,                                                                                                  
                                           "Actual Startup Time": 0.034,                                                                                     
                                           "Actual Total Time": 19.144,                                                                                      
                                           "Actual Rows": 134239,                                                                                            
                                           "Actual Loops": 639,                                                                                              
                                           "Shared Hit Blocks": 2,                                                                                           
                                           "Shared Read Blocks": 161890,                                                                                     
                                           "Shared Dirtied Blocks": 0,                                                                                       
                                           "Shared Written Blocks": 0,                                                                                       
                                           "Local Hit Blocks": 0,                                                                                            
                                           "Local Read Blocks": 0,                                                                                           
                                           "Local Dirtied Blocks": 0,                                                                                        
                                           "Local Written Blocks": 0,                                                                                        
                                           "Temp Read Blocks": 0,                                                                                            
                                           "Temp Written Blocks": 0,                                                                                         
                                           "Plans": [                                                                                                        
                                             {                                                                                                               
                                               "Node Type": "Seq Scan",                                                                                      
                                               "Parent Relationship": "Outer",                                                                               
                                               "Parallel Aware": false,                                                                                      
                                               "Relation Name": "movie_info",                                                                                
                                               "Alias": "mi",                                                                                                
                                               "Startup Cost": 0.00,                                                                                         
                                               "Total Cost": 8407.52,                                                                                        
                                               "Plan Rows": 133304,                                                                                          
                                               "Plan Width": 4,                                                                                              
                                               "Actual Startup Time": 21.907,                                                                                
                                               "Actual Total Time": 8481.053,                                                                                
                                               "Actual Rows": 134239,                                                                                        
                                               "Actual Loops": 1,                                                                                            
                                               "Filter": "(info = ANY ('{Sweden,Germany,Swedish,German}'::text[]))",                                         
                                               "Rows Removed by Filter": 14701481,                                                                           
                                               "Shared Hit Blocks": 2,                                                                                       
                                               "Shared Read Blocks": 161890,                                                                                 
                                               "Shared Dirtied Blocks": 0,                                                                                   
                                               "Shared Written Blocks": 0,                                                                                   
                                               "Local Hit Blocks": 0,                                                                                        
                                               "Local Read Blocks": 0,                                                                                       
                                               "Local Dirtied Blocks": 0,                                                                                    
                                               "Local Written Blocks": 0,                                                                                    
                                               "Temp Read Blocks": 0,                                                                                        
                                               "Temp Written Blocks": 0                                                                                      
                                             }                                                                                                               
                                           ]                                                                                                                 
                                         }                                                                                                                   
                                       ]                                                                                                                     
                                     },                                                                                                                      
                                     {                                                                                                                       
                                       "Node Type": "Materialize",                                                                                           
                                       "Parent Relationship": "Inner",                                                                                       
                                       "Parallel Aware": false,                                                                                              
                                       "Startup Cost": 0.00,                                                                                                 
                                       "Total Cost": 172.53,                                                                                                 
                                       "Plan Rows": 49161,                                                                                                   
                                       "Plan Width": 23,                                                                                                     
                                       "Actual Startup Time": 0.002,                                                                                         
                                       "Actual Total Time": 1.494,                                                                                           
                                       "Actual Rows": 31884,                                                                                                 
                                       "Actual Loops": 1619,                                                                                                 
                                       "Shared Hit Blocks": 2,                                                                                               
                                       "Shared Read Blocks": 2992,                                                                                           
                                       "Shared Dirtied Blocks": 0,                                                                                           
                                       "Shared Written Blocks": 0,                                                                                           
                                       "Local Hit Blocks": 0,                                                                                                
                                       "Local Read Blocks": 0,                                                                                               
                                       "Local Dirtied Blocks": 0,                                                                                            
                                       "Local Written Blocks": 0,                                                                                            
                                       "Temp Read Blocks": 0,                                                                                                
                                       "Temp Written Blocks": 0,                                                                                             
                                       "Plans": [                                                                                                            
                                         {                                                                                                                   
                                           "Node Type": "Seq Scan",                                                                                          
                                           "Parent Relationship": "Outer",                                                                                   
                                           "Parallel Aware": false,                                                                                          
                                           "Relation Name": "company_name",                                                                                  
                                           "Alias": "cn",                                                                                                    
                                           "Startup Cost": 0.00,                                                                                             
                                           "Total Cost": 164.90,                                                                                             
                                           "Plan Rows": 49161,                                                                                               
                                           "Plan Width": 23,                                                                                                 
                                           "Actual Startup Time": 3.525,                                                                                     
                                           "Actual Total Time": 97.345,                                                                                      
                                           "Actual Rows": 48302,                                                                                             
                                           "Actual Loops": 1,                                                                                                
                                           "Filter": "(((country_code)::text <> '[pl]'::text) AND ((name ~~ '%Film%'::text) OR (name ~~ '%Warner%'::text)))",
                                           "Rows Removed by Filter": 186695,                                                                                 
                                           "Shared Hit Blocks": 2,                                                                                           
                                           "Shared Read Blocks": 2992,                                                                                       
                                           "Shared Dirtied Blocks": 0,                                                                                       
                                           "Shared Written Blocks": 0,                                                                                       
                                           "Local Hit Blocks": 0,                                                                                            
                                           "Local Read Blocks": 0,                                                                                           
                                           "Local Dirtied Blocks": 0,                                                                                        
                                           "Local Written Blocks": 0,                                                                                        
                                           "Temp Read Blocks": 0,                                                                                            
                                           "Temp Written Blocks": 0                                                                                          
                                         }                                                                                                                   
                                       ]                                                                                                                     
                                     }                                                                                                                       
                                   ]                                                                                                                         
                                 },                                                                                                                          
                                 {                                                                                                                           
                                   "Node Type": "Materialize",                                                                                               
                                   "Parent Relationship": "Inner",                                                                                           
                                   "Parallel Aware": false,                                                                                                  
                                   "Startup Cost": 0.00,                                                                                                     
                                   "Total Cost": 0.03,                                                                                                       
                                   "Plan Rows": 2,                                                                                                           
                                   "Plan Width": 4,                                                                                                          
                                   "Actual Startup Time": 0.000,                                                                                             
                                   "Actual Total Time": 0.000,                                                                                               
                                   "Actual Rows": 1,                                                                                                         
                                   "Actual Loops": 705,                                                                                                      
                                   "Shared Hit Blocks": 1,                                                                                                   
                                   "Shared Read Blocks": 0,                                                                                                  
                                   "Shared Dirtied Blocks": 0,                                                                                               
                                   "Shared Written Blocks": 0,                                                                                               
                                   "Local Hit Blocks": 0,                                                                                                    
                                   "Local Read Blocks": 0,                                                                                                   
                                   "Local Dirtied Blocks": 0,                                                                                                
                                   "Local Written Blocks": 0,                                                                                                
                                   "Temp Read Blocks": 0,                                                                                                    
                                   "Temp Written Blocks": 0,                                                                                                 
                                   "Plans": [                                                                                                                
                                     {                                                                                                                       
                                       "Node Type": "Seq Scan",                                                                                              
                                       "Parent Relationship": "Outer",                                                                                       
                                       "Parallel Aware": false,                                                                                              
                                       "Relation Name": "comp_cast_type",                                                                                    
                                       "Alias": "cct",                                                                                                      
                                       "Startup Cost": 0.00,                                                                                                 
                                       "Total Cost": 0.03,                                                                                                   
                                       "Plan Rows": 2,                                                                                                       
                                       "Plan Width": 4,                                                                                                      
                                       "Actual Startup Time": 0.009,                                                                                         
                                       "Actual Total Time": 0.014,                                                                                           
                                       "Actual Rows": 2,                                                                                                     
                                       "Actual Loops": 1,                                                                                                    
                                       "Filter": "((kind)::text = ANY ('{cast,crew}'::text[]))",                                                             
                                       "Rows Removed by Filter": 0,                                                                                          
                                       "Shared Hit Blocks": 1,                                                                                               
                                       "Shared Read Blocks": 0,                                                                                              
                                       "Shared Dirtied Blocks": 0,                                                                                           
                                       "Shared Written Blocks": 0,                                                                                           
                                       "Local Hit Blocks": 0,                                                                                                
                                       "Local Read Blocks": 0,                                                                                               
                                       "Local Dirtied Blocks": 0,                                                                                            
                                       "Local Written Blocks": 0,                                                                                            
                                       "Temp Read Blocks": 0,                                                                                                
                                       "Temp Written Blocks": 0                                                                                              
                                     }                                                                                                                       
                                   ]                                                                                                                         
                                 }                                                                                                                           
                               ]                                                                                                                             
                             },                                                                                                                              
                             {                                                                                                                               
                               "Node Type": "Materialize",                                                                                                   
                               "Parent Relationship": "Inner",                                                                                               
                               "Parallel Aware": false,                                                                                                      
                               "Startup Cost": 0.00,                                                                                                         
                               "Total Cost": 0.03,                                                                                                           
                               "Plan Rows": 1,                                                                                                               
                               "Plan Width": 4,                                                                                                              
                               "Actual Startup Time": 0.000,                                                                                                 
                               "Actual Total Time": 0.000,                                                                                                   
                               "Actual Rows": 1,                                                                                                             
                               "Actual Loops": 705,                                                                                                          
                               "Shared Hit Blocks": 1,                                                                                                       
                               "Shared Read Blocks": 0,                                                                                                      
                               "Shared Dirtied Blocks": 0,                                                                                                   
                               "Shared Written Blocks": 0,                                                                                                   
                               "Local Hit Blocks": 0,                                                                                                        
                               "Local Read Blocks": 0,                                                                                                       
                               "Local Dirtied Blocks": 0,                                                                                                    
                               "Local Written Blocks": 0,                                                                                                    
                               "Temp Read Blocks": 0,                                                                                                        
                               "Temp Written Blocks": 0,                                                                                                     
                               "Plans": [                                                                                                                    
                                 {                                                                                                                           
                                   "Node Type": "Seq Scan",                                                                                                  
                                   "Parent Relationship": "Outer",                                                                                           
                                   "Parallel Aware": false,                                                                                                  
                                   "Relation Name": "comp_cast_type",                                                                                        
                                   "Alias": "cct",                                                                                                          
                                   "Startup Cost": 0.00,                                                                                                     
                                   "Total Cost": 0.03,                                                                                                       
                                   "Plan Rows": 1,                                                                                                           
                                   "Plan Width": 4,                                                                                                          
                                   "Actual Startup Time": 0.002,                                                                                             
                                   "Actual Total Time": 0.006,                                                                                               
                                   "Actual Rows": 1,                                                                                                         
                                   "Actual Loops": 1,                                                                                                        
                                   "Filter": "((kind)::text = 'complete'::text)",                                                                            
                                   "Rows Removed by Filter": 3,                                                                                              
                                   "Shared Hit Blocks": 1,                                                                                                   
                                   "Shared Read Blocks": 0,                                                                                                  
                                   "Shared Dirtied Blocks": 0,                                                                                               
                                   "Shared Written Blocks": 0,                                                                                               
                                   "Local Hit Blocks": 0,                                                                                                    
                                   "Local Read Blocks": 0,                                                                                                   
                                   "Local Dirtied Blocks": 0,                                                                                                
                                   "Local Written Blocks": 0,                                                                                                
                                   "Temp Read Blocks": 0,                                                                                                    
                                   "Temp Written Blocks": 0                                                                                                  
                                 }                                                                                                                           
                               ]                                                                                                                             
                             }                                                                                                                               
                           ]                                                                                                                                 
                         }                                                                                                                                   
                       ]                                                                                                                                     
                     }                                                                                                                                       
                   ]                                                                                                                                         
                 },                                                                                                                                          
                 {                                                                                                                                           
                   "Node Type": "Materialize",                                                                                                               
                   "Parent Relationship": "Inner",                                                                                                           
                   "Parallel Aware": false,                                                                                                                  
                   "Startup Cost": 0.00,                                                                                                                     
                   "Total Cost": 0.03,                                                                                                                       
                   "Plan Rows": 1,                                                                                                                           
                   "Plan Width": 4,                                                                                                                          
                   "Actual Startup Time": 0.000,                                                                                                             
                   "Actual Total Time": 0.000,                                                                                                               
                   "Actual Rows": 1,                                                                                                                         
                   "Actual Loops": 534,                                                                                                                      
                   "Shared Hit Blocks": 1,                                                                                                                   
                   "Shared Read Blocks": 0,                                                                                                                  
                   "Shared Dirtied Blocks": 0,                                                                                                               
                   "Shared Written Blocks": 0,                                                                                                               
                   "Local Hit Blocks": 0,                                                                                                                    
                   "Local Read Blocks": 0,                                                                                                                   
                   "Local Dirtied Blocks": 0,                                                                                                                
                   "Local Written Blocks": 0,                                                                                                                
                   "Temp Read Blocks": 0,                                                                                                                    
                   "Temp Written Blocks": 0,                                                                                                                 
                   "Plans": [                                                                                                                                
                     {                                                                                                                                       
                       "Node Type": "Seq Scan",                                                                                                              
                       "Parent Relationship": "Outer",                                                                                                       
                       "Parallel Aware": false,                                                                                                              
                       "Relation Name": "company_type",                                                                                                      
                       "Alias": "ct",                                                                                                                        
                       "Startup Cost": 0.00,                                                                                                                 
                       "Total Cost": 0.03,                                                                                                                   
                       "Plan Rows": 1,                                                                                                                       
                       "Plan Width": 4,                                                                                                                      
                       "Actual Startup Time": 0.009,                                                                                                         
                       "Actual Total Time": 0.011,                                                                                                           
                       "Actual Rows": 1,                                                                                                                     
                       "Actual Loops": 1,                                                                                                                    
                       "Filter": "((kind)::text = 'production companies'::text)",                                                                            
                       "Rows Removed by Filter": 3,                                                                                                          
                       "Shared Hit Blocks": 1,                                                                                                               
                       "Shared Read Blocks": 0,                                                                                                              
                       "Shared Dirtied Blocks": 0,                                                                                                           
                       "Shared Written Blocks": 0,                                                                                                           
                       "Local Hit Blocks": 0,                                                                                                                
                       "Local Read Blocks": 0,                                                                                                               
                       "Local Dirtied Blocks": 0,                                                                                                            
                       "Local Written Blocks": 0,                                                                                                            
                       "Temp Read Blocks": 0,                                                                                                                
                       "Temp Written Blocks": 0                                                                                                              
                     }                                                                                                                                       
                   ]                                                                                                                                         
                 }                                                                                                                                           
               ]                                                                                                                                             
             },                                                                                                                                              
             {                                                                                                                                               
               "Node Type": "Materialize",                                                                                                                   
               "Parent Relationship": "Inner",                                                                                                               
               "Parallel Aware": false,                                                                                                                      
               "Startup Cost": 0.00,                                                                                                                         
               "Total Cost": 0.03,                                                                                                                           
               "Plan Rows": 1,                                                                                                                               
               "Plan Width": 16,                                                                                                                             
               "Actual Startup Time": 0.000,                                                                                                                 
               "Actual Total Time": 0.000,                                                                                                                   
               "Actual Rows": 2,                                                                                                                             
               "Actual Loops": 477,                                                                                                                          
               "Shared Hit Blocks": 1,                                                                                                                       
               "Shared Read Blocks": 0,                                                                                                                      
               "Shared Dirtied Blocks": 0,                                                                                                                   
               "Shared Written Blocks": 0,                                                                                                                   
               "Local Hit Blocks": 0,                                                                                                                        
               "Local Read Blocks": 0,                                                                                                                       
               "Local Dirtied Blocks": 0,                                                                                                                    
               "Local Written Blocks": 0,                                                                                                                    
               "Temp Read Blocks": 0,                                                                                                                        
               "Temp Written Blocks": 0,                                                                                                                     
               "Plans": [                                                                                                                                    
                 {                                                                                                                                           
                   "Node Type": "Seq Scan",                                                                                                                  
                   "Parent Relationship": "Outer",                                                                                                           
                   "Parallel Aware": false,                                                                                                                  
                   "Relation Name": "link_type",                                                                                                             
                   "Alias": "lt",                                                                                                                            
                   "Startup Cost": 0.00,                                                                                                                     
                   "Total Cost": 0.03,                                                                                                                       
                   "Plan Rows": 1,                                                                                                                           
                   "Plan Width": 16,                                                                                                                         
                   "Actual Startup Time": 0.006,                                                                                                             
                   "Actual Total Time": 0.006,                                                                                                               
                   "Actual Rows": 2,                                                                                                                         
                   "Actual Loops": 1,                                                                                                                        
                   "Filter": "((link)::text ~~ '%follow%'::text)",                                                                                           
                   "Rows Removed by Filter": 0,                                                                                                              
                   "Shared Hit Blocks": 1,                                                                                                                   
                   "Shared Read Blocks": 0,                                                                                                                  
                   "Shared Dirtied Blocks": 0,                                                                                                               
                   "Shared Written Blocks": 0,                                                                                                               
                   "Local Hit Blocks": 0,                                                                                                                    
                   "Local Read Blocks": 0,                                                                                                                   
                   "Local Dirtied Blocks": 0,                                                                                                                
                   "Local Written Blocks": 0,                                                                                                                
                   "Temp Read Blocks": 0,                                                                                                                    
                   "Temp Written Blocks": 0                                                                                                                  
                 }                                                                                                                                           
               ]                                                                                                                                             
             }                                                                                                                                               
           ]                                                                                                                                                 
         }                                                                                                                                                   
       ]                                                                                                                                                     
     },                                                                                                                                                      
     "Planning Time": 11650.984,                                                                                                                             
     "Triggers": [                                                                                                                                           
     ],                                                                                                                                                      
     "Execution Time": 114973.065                                                                                                                            
   }                                                                                                                                                         
 ]
