 [                                                                                                                                                              
   {                                                                                                                                                            
     "Plan": {                                                                                                                                                  
       "Node Type": "Aggregate",                                                                                                                                
       "Strategy": "Plain",                                                                                                                                     
       "Partial Mode": "Simple",                                                                                                                                
       "Parallel Aware": false,                                                                                                                                 
       "Startup Cost": 6070.56,                                                                                                                                 
       "Total Cost": 6070.56,                                                                                                                                   
       "Plan Rows": 1,                                                                                                                                          
       "Plan Width": 96,                                                                                                                                        
       "Actual Startup Time": 274268.633,                                                                                                                       
       "Actual Total Time": 274268.633,                                                                                                                         
       "Actual Rows": 1,                                                                                                                                        
       "Actual Loops": 1,                                                                                                                                       
       "Shared Hit Blocks": 26,                                                                                                                                 
       "Shared Read Blocks": 245952,                                                                                                                            
       "Shared Dirtied Blocks": 0,                                                                                                                              
       "Shared Written Blocks": 0,                                                                                                                              
       "Local Hit Blocks": 0,                                                                                                                                   
       "Local Read Blocks": 0,                                                                                                                                  
       "Local Dirtied Blocks": 0,                                                                                                                               
       "Local Written Blocks": 0,                                                                                                                               
       "Temp Read Blocks": 0,                                                                                                                                   
       "Temp Written Blocks": 0,                                                                                                                                
       "Plans": [                                                                                                                                               
         {                                                                                                                                                      
           "Node Type": "Nested Loop",                                                                                                                          
           "Parent Relationship": "Outer",                                                                                                                      
           "Parallel Aware": false,                                                                                                                             
           "Join Type": "Inner",                                                                                                                                
           "Startup Cost": 2610.83,                                                                                                                             
           "Total Cost": 6070.56,                                                                                                                               
           "Plan Rows": 1,                                                                                                                                      
           "Plan Width": 48,                                                                                                                                    
           "Actual Startup Time": 46831.294,                                                                                                                    
           "Actual Total Time": 274256.883,                                                                                                                     
           "Actual Rows": 743,                                                                                                                                  
           "Actual Loops": 1,                                                                                                                                   
           "Inner Unique": false,                                                                                                                               
           "Join Filter": "(ml.movie_id = t.id)",                                                                                                               
           "Rows Removed by Join Filter": 1411972681,                                                                                                           
           "Shared Hit Blocks": 26,                                                                                                                             
           "Shared Read Blocks": 245952,                                                                                                                        
           "Shared Dirtied Blocks": 0,                                                                                                                          
           "Shared Written Blocks": 0,                                                                                                                          
           "Local Hit Blocks": 0,                                                                                                                               
           "Local Read Blocks": 0,                                                                                                                              
           "Local Dirtied Blocks": 0,                                                                                                                           
           "Local Written Blocks": 0,                                                                                                                           
           "Temp Read Blocks": 0,                                                                                                                               
           "Temp Written Blocks": 0,                                                                                                                            
           "Plans": [                                                                                                                                           
             {                                                                                                                                                  
               "Node Type": "Seq Scan",                                                                                                                         
               "Parent Relationship": "Outer",                                                                                                                  
               "Parallel Aware": false,                                                                                                                         
               "Relation Name": "title",                                                                                                                        
               "Alias": "t",                                                                                                                                    
               "Startup Cost": 0.00,                                                                                                                            
               "Total Cost": 1696.56,                                                                                                                           
               "Plan Rows": 1900368,                                                                                                                            
               "Plan Width": 21,                                                                                                                                
               "Actual Startup Time": 21.867,                                                                                                                   
               "Actual Total Time": 680.641,                                                                                                                    
               "Actual Rows": 1900368,                                                                                                                          
               "Actual Loops": 1,                                                                                                                               
               "Filter": "((production_year >= 1950) AND (production_year <= 2010))",                                                                           
               "Rows Removed by Filter": 627944,                                                                                                                
               "Shared Hit Blocks": 2,                                                                                                                          
               "Shared Read Blocks": 35996,                                                                                                                     
               "Shared Dirtied Blocks": 0,                                                                                                                      
               "Shared Written Blocks": 0,                                                                                                                      
               "Local Hit Blocks": 0,                                                                                                                           
               "Local Read Blocks": 0,                                                                                                                          
               "Local Dirtied Blocks": 0,                                                                                                                       
               "Local Written Blocks": 0,                                                                                                                       
               "Temp Read Blocks": 0,                                                                                                                           
               "Temp Written Blocks": 0                                                                                                                         
             },                                                                                                                                                 
             {                                                                                                                                                  
               "Node Type": "Materialize",                                                                                                                      
               "Parent Relationship": "Inner",                                                                                                                  
               "Parallel Aware": false,                                                                                                                         
               "Startup Cost": 2610.83,                                                                                                                         
               "Total Cost": 3947.52,                                                                                                                           
               "Plan Rows": 1,                                                                                                                                  
               "Plan Width": 51,                                                                                                                                
               "Actual Startup Time": 0.011,                                                                                                                    
               "Actual Total Time": 0.053,                                                                                                                      
               "Actual Rows": 743,                                                                                                                              
               "Actual Loops": 1900368,                                                                                                                         
               "Shared Hit Blocks": 24,                                                                                                                         
               "Shared Read Blocks": 209956,                                                                                                                    
               "Shared Dirtied Blocks": 0,                                                                                                                      
               "Shared Written Blocks": 0,                                                                                                                      
               "Local Hit Blocks": 0,                                                                                                                           
               "Local Read Blocks": 0,                                                                                                                          
               "Local Dirtied Blocks": 0,                                                                                                                       
               "Local Written Blocks": 0,                                                                                                                       
               "Temp Read Blocks": 0,                                                                                                                           
               "Temp Written Blocks": 0,                                                                                                                        
               "Plans": [                                                                                                                                       
                 {                                                                                                                                              
                   "Node Type": "Nested Loop",                                                                                                                  
                   "Parent Relationship": "Outer",                                                                                                              
                   "Parallel Aware": false,                                                                                                                     
                   "Join Type": "Inner",                                                                                                                        
                   "Startup Cost": 2610.83,                                                                                                                     
                   "Total Cost": 3947.52,                                                                                                                       
                   "Plan Rows": 1,                                                                                                                              
                   "Plan Width": 51,                                                                                                                            
                   "Actual Startup Time": 21322.915,                                                                                                            
                   "Actual Total Time": 36932.219,                                                                                                              
                   "Actual Rows": 743,                                                                                                                          
                   "Actual Loops": 1,                                                                                                                           
                   "Inner Unique": true,                                                                                                                        
                   "Join Filter": "(cc.status_id = cct.id)",                                                                                                   
                   "Rows Removed by Join Filter": 285,                                                                                                          
                   "Shared Hit Blocks": 24,                                                                                                                     
                   "Shared Read Blocks": 209956,                                                                                                                
                   "Shared Dirtied Blocks": 0,                                                                                                                  
                   "Shared Written Blocks": 0,                                                                                                                  
                   "Local Hit Blocks": 0,                                                                                                                       
                   "Local Read Blocks": 0,                                                                                                                      
                   "Local Dirtied Blocks": 0,                                                                                                                   
                   "Local Written Blocks": 0,                                                                                                                   
                   "Temp Read Blocks": 0,                                                                                                                       
                   "Temp Written Blocks": 0,                                                                                                                    
                   "Plans": [                                                                                                                                   
                     {                                                                                                                                          
                       "Node Type": "Nested Loop",                                                                                                              
                       "Parent Relationship": "Outer",                                                                                                          
                       "Parallel Aware": false,                                                                                                                 
                       "Join Type": "Inner",                                                                                                                    
                       "Startup Cost": 2610.83,                                                                                                                 
                       "Total Cost": 3947.48,                                                                                                                   
                       "Plan Rows": 1,                                                                                                                          
                       "Plan Width": 55,                                                                                                                        
                       "Actual Startup Time": 21322.905,                                                                                                        
                       "Actual Total Time": 36931.930,                                                                                                          
                       "Actual Rows": 743,                                                                                                                      
                       "Actual Loops": 1,                                                                                                                       
                       "Inner Unique": true,                                                                                                                    
                       "Join Filter": "(mc.company_type_id = ct.id)",                                                                                           
                       "Rows Removed by Join Filter": 95,                                                                                                       
                       "Shared Hit Blocks": 23,                                                                                                                 
                       "Shared Read Blocks": 209956,                                                                                                            
                       "Shared Dirtied Blocks": 0,                                                                                                              
                       "Shared Written Blocks": 0,                                                                                                              
                       "Local Hit Blocks": 0,                                                                                                                   
                       "Local Read Blocks": 0,                                                                                                                  
                       "Local Dirtied Blocks": 0,                                                                                                               
                       "Local Written Blocks": 0,                                                                                                               
                       "Temp Read Blocks": 0,                                                                                                                   
                       "Temp Written Blocks": 0,                                                                                                                
                       "Plans": [                                                                                                                               
                         {                                                                                                                                      
                           "Node Type": "Nested Loop",                                                                                                          
                           "Parent Relationship": "Outer",                                                                                                      
                           "Parallel Aware": false,                                                                                                             
                           "Join Type": "Inner",                                                                                                                
                           "Startup Cost": 2610.83,                                                                                                             
                           "Total Cost": 3947.45,                                                                                                               
                           "Plan Rows": 1,                                                                                                                      
                           "Plan Width": 59,                                                                                                                    
                           "Actual Startup Time": 21322.892,                                                                                                    
                           "Actual Total Time": 36931.617,                                                                                                      
                           "Actual Rows": 838,                                                                                                                  
                           "Actual Loops": 1,                                                                                                                   
                           "Inner Unique": false,                                                                                                               
                           "Join Filter": "(mc.company_id = cn.id)",                                                                                            
                           "Rows Removed by Join Filter": 92400888,                                                                                             
                           "Shared Hit Blocks": 22,                                                                                                             
                           "Shared Read Blocks": 209956,                                                                                                        
                           "Shared Dirtied Blocks": 0,                                                                                                          
                           "Shared Written Blocks": 0,                                                                                                          
                           "Local Hit Blocks": 0,                                                                                                               
                           "Local Read Blocks": 0,                                                                                                              
                           "Local Dirtied Blocks": 0,                                                                                                           
                           "Local Written Blocks": 0,                                                                                                           
                           "Temp Read Blocks": 0,                                                                                                               
                           "Temp Written Blocks": 0,                                                                                                            
                           "Plans": [                                                                                                                           
                             {                                                                                                                                  
                               "Node Type": "Seq Scan",                                                                                                         
                               "Parent Relationship": "Outer",                                                                                                  
                               "Parallel Aware": false,                                                                                                         
                               "Relation Name": "company_name",                                                                                                 
                               "Alias": "cn",                                                                                                                   
                               "Startup Cost": 0.00,                                                                                                            
                               "Total Cost": 164.90,                                                                                                            
                               "Plan Rows": 49161,                                                                                                              
                               "Plan Width": 23,                                                                                                                
                               "Actual Startup Time": 8.035,                                                                                                    
                               "Actual Total Time": 98.117,                                                                                                     
                               "Actual Rows": 48302,                                                                                                            
                               "Actual Loops": 1,                                                                                                               
                               "Filter": "(((country_code)::text <> '[pl]'::text) AND ((name ~~ '%Film%'::text) OR (name ~~ '%Warner%'::text)))",               
                               "Rows Removed by Filter": 186695,                                                                                                
                               "Shared Hit Blocks": 2,                                                                                                          
                               "Shared Read Blocks": 2992,                                                                                                      
                               "Shared Dirtied Blocks": 0,                                                                                                      
                               "Shared Written Blocks": 0,                                                                                                      
                               "Local Hit Blocks": 0,                                                                                                           
                               "Local Read Blocks": 0,                                                                                                          
                               "Local Dirtied Blocks": 0,                                                                                                       
                               "Local Written Blocks": 0,                                                                                                       
                               "Temp Read Blocks": 0,                                                                                                           
                               "Temp Written Blocks": 0                                                                                                         
                             },                                                                                                                                 
                             {                                                                                                                                  
                               "Node Type": "Materialize",                                                                                                      
                               "Parent Relationship": "Inner",                                                                                                  
                               "Parallel Aware": false,                                                                                                         
                               "Startup Cost": 2610.83,                                                                                                         
                               "Total Cost": 3771.52,                                                                                                           
                               "Plan Rows": 1,                                                                                                                  
                               "Plan Width": 44,                                                                                                                
                               "Actual Startup Time": 0.237,                                                                                                    
                               "Actual Total Time": 0.515,                                                                                                      
                               "Actual Rows": 1913,                                                                                                             
                               "Actual Loops": 48302,                                                                                                           
                               "Shared Hit Blocks": 20,                                                                                                         
                               "Shared Read Blocks": 206964,                                                                                                    
                               "Shared Dirtied Blocks": 0,                                                                                                      
                               "Shared Written Blocks": 0,                                                                                                      
                               "Local Hit Blocks": 0,                                                                                                           
                               "Local Read Blocks": 0,                                                                                                          
                               "Local Dirtied Blocks": 0,                                                                                                       
                               "Local Written Blocks": 0,                                                                                                       
                               "Temp Read Blocks": 0,                                                                                                           
                               "Temp Written Blocks": 0,                                                                                                        
                               "Plans": [                                                                                                                       
                                 {                                                                                                                              
                                   "Node Type": "Nested Loop",                                                                                                  
                                   "Parent Relationship": "Outer",                                                                                              
                                   "Parallel Aware": false,                                                                                                     
                                   "Join Type": "Inner",                                                                                                        
                                   "Startup Cost": 2610.83,                                                                                                     
                                   "Total Cost": 3771.52,                                                                                                       
                                   "Plan Rows": 1,                                                                                                              
                                   "Plan Width": 44,                                                                                                            
                                   "Actual Startup Time": 11469.033,                                                                                            
                                   "Actual Total Time": 20831.212,                                                                                              
                                   "Actual Rows": 1913,                                                                                                         
                                   "Actual Loops": 1,                                                                                                           
                                   "Inner Unique": true,                                                                                                        
                                   "Join Filter": "(lt.id = ml.link_type_id)",                                                                                  
                                   "Rows Removed by Join Filter": 1780,                                                                                         
                                   "Shared Hit Blocks": 20,                                                                                                     
                                   "Shared Read Blocks": 206964,                                                                                                
                                   "Shared Dirtied Blocks": 0,                                                                                                  
                                   "Shared Written Blocks": 0,                                                                                                  
                                   "Local Hit Blocks": 0,                                                                                                       
                                   "Local Read Blocks": 0,                                                                                                      
                                   "Local Dirtied Blocks": 0,                                                                                                   
                                   "Local Written Blocks": 0,                                                                                                   
                                   "Temp Read Blocks": 0,                                                                                                       
                                   "Temp Written Blocks": 0,                                                                                                    
                                   "Plans": [                                                                                                                   
                                     {                                                                                                                          
                                       "Node Type": "Merge Join",                                                                                               
                                       "Parent Relationship": "Outer",                                                                                          
                                       "Parallel Aware": false,                                                                                                 
                                       "Join Type": "Inner",                                                                                                    
                                       "Startup Cost": 2610.83,                                                                                                 
                                       "Total Cost": 3771.49,                                                                                                   
                                       "Plan Rows": 1,                                                                                                          
                                       "Plan Width": 36,                                                                                                        
                                       "Actual Startup Time": 11469.018,                                                                                        
                                       "Actual Total Time": 20830.234,                                                                                          
                                       "Actual Rows": 1969,                                                                                                     
                                       "Actual Loops": 1,                                                                                                       
                                       "Inner Unique": false,                                                                                                   
                                       "Merge Cond": "(mk.movie_id = ml.movie_id)",                                                                             
                                       "Shared Hit Blocks": 19,                                                                                                 
                                       "Shared Read Blocks": 206964,                                                                                            
                                       "Shared Dirtied Blocks": 0,                                                                                              
                                       "Shared Written Blocks": 0,                                                                                              
                                       "Local Hit Blocks": 0,                                                                                                   
                                       "Local Read Blocks": 0,                                                                                                  
                                       "Local Dirtied Blocks": 0,                                                                                               
                                       "Local Written Blocks": 0,                                                                                               
                                       "Temp Read Blocks": 0,                                                                                                   
                                       "Temp Written Blocks": 0,                                                                                                
                                       "Plans": [                                                                                                               
                                         {                                                                                                                      
                                           "Node Type": "Nested Loop",                                                                                          
                                           "Parent Relationship": "Outer",                                                                                      
                                           "Parallel Aware": false,                                                                                             
                                           "Join Type": "Inner",                                                                                                
                                           "Startup Cost": 2534.37,                                                                                             
                                           "Total Cost": 16406.31,                                                                                              
                                           "Plan Rows": 12,                                                                                                     
                                           "Plan Width": 28,                                                                                                    
                                           "Actual Startup Time": 11438.670,                                                                                    
                                           "Actual Total Time": 20795.427,                                                                                      
                                           "Actual Rows": 128,                                                                                                  
                                           "Actual Loops": 1,                                                                                                   
                                           "Inner Unique": false,                                                                                               
                                           "Join Filter": "(mk.movie_id = mi.movie_id)",                                                                        
                                           "Rows Removed by Join Filter": 43882950,                                                                             
                                           "Shared Hit Blocks": 17,                                                                                             
                                           "Shared Read Blocks": 206803,                                                                                        
                                           "Shared Dirtied Blocks": 0,                                                                                          
                                           "Shared Written Blocks": 0,                                                                                          
                                           "Local Hit Blocks": 0,                                                                                               
                                           "Local Read Blocks": 0,                                                                                              
                                           "Local Dirtied Blocks": 0,                                                                                           
                                           "Local Written Blocks": 0,                                                                                           
                                           "Temp Read Blocks": 0,                                                                                               
                                           "Temp Written Blocks": 0,                                                                                            
                                           "Plans": [                                                                                                           
                                             {                                                                                                                  
                                               "Node Type": "Nested Loop",                                                                                      
                                               "Parent Relationship": "Outer",                                                                                  
                                               "Parallel Aware": false,                                                                                         
                                               "Join Type": "Inner",                                                                                            
                                               "Startup Cost": 2534.37,                                                                                         
                                               "Total Cost": 3994.41,                                                                                           
                                               "Plan Rows": 5,                                                                                                  
                                               "Plan Width": 24,                                                                                                
                                               "Actual Startup Time": 2955.048,                                                                                 
                                               "Actual Total Time": 6263.958,                                                                                   
                                               "Actual Rows": 47,                                                                                               
                                               "Actual Loops": 1,                                                                                               
                                               "Inner Unique": false,                                                                                           
                                               "Join Filter": "(mk.movie_id = mc.movie_id)",                                                                    
                                               "Rows Removed by Join Filter": 20353728,                                                                         
                                               "Shared Hit Blocks": 15,                                                                                         
                                               "Shared Read Blocks": 44913,                                                                                     
                                               "Shared Dirtied Blocks": 0,                                                                                      
                                               "Shared Written Blocks": 0,                                                                                      
                                               "Local Hit Blocks": 0,                                                                                           
                                               "Local Read Blocks": 0,                                                                                          
                                               "Local Dirtied Blocks": 0,                                                                                       
                                               "Local Written Blocks": 0,                                                                                       
                                               "Temp Read Blocks": 0,                                                                                           
                                               "Temp Written Blocks": 0,                                                                                        
                                               "Plans": [                                                                                                       
                                                 {                                                                                                              
                                                   "Node Type": "Nested Loop",                                                                                  
                                                   "Parent Relationship": "Outer",                                                                              
                                                   "Parallel Aware": false,                                                                                     
                                                   "Join Type": "Inner",                                                                                        
                                                   "Startup Cost": 2534.37,                                                                                     
                                                   "Total Cost": 2554.98,                                                                                       
                                                   "Plan Rows": 2,                                                                                              
                                                   "Plan Width": 12,                                                                                            
                                                   "Actual Startup Time": 2264.418,                                                                             
                                                   "Actual Total Time": 2265.905,                                                                               
                                                   "Actual Rows": 17,                                                                                           
                                                   "Actual Loops": 1,                                                                                           
                                                   "Inner Unique": true,                                                                                        
                                                   "Join Filter": "(cct.id = cc.subject_id)",                                                                  
                                                   "Rows Removed by Join Filter": 3,                                                                            
                                                   "Shared Hit Blocks": 12,                                                                                     
                                                   "Shared Read Blocks": 26127,                                                                                 
                                                   "Shared Dirtied Blocks": 0,                                                                                  
                                                   "Shared Written Blocks": 0,                                                                                  
                                                   "Local Hit Blocks": 0,                                                                                       
                                                   "Local Read Blocks": 0,                                                                                      
                                                   "Local Dirtied Blocks": 0,                                                                                   
                                                   "Local Written Blocks": 0,                                                                                   
                                                   "Temp Read Blocks": 0,                                                                                       
                                                   "Temp Written Blocks": 0,                                                                                    
                                                   "Plans": [                                                                                                   
                                                     {                                                                                                          
                                                       "Node Type": "Merge Join",                                                                               
                                                       "Parent Relationship": "Outer",                                                                          
                                                       "Parallel Aware": false,                                                                                 
                                                       "Join Type": "Inner",                                                                                    
                                                       "Startup Cost": 2534.37,                                                                                 
                                                       "Total Cost": 2554.94,                                                                                   
                                                       "Plan Rows": 10,                                                                                         
                                                       "Plan Width": 16,                                                                                        
                                                       "Actual Startup Time": 2264.403,                                                                         
                                                       "Actual Total Time": 2265.858,                                                                           
                                                       "Actual Rows": 20,                                                                                       
                                                       "Actual Loops": 1,                                                                                       
                                                       "Inner Unique": false,                                                                                   
                                                       "Merge Cond": "(mk.movie_id = cc.movie_id)",                                                             
                                                       "Shared Hit Blocks": 11,                                                                                 
                                                       "Shared Read Blocks": 26127,                                                                             
                                                       "Shared Dirtied Blocks": 0,                                                                              
                                                       "Shared Written Blocks": 0,                                                                              
                                                       "Local Hit Blocks": 0,                                                                                   
                                                       "Local Read Blocks": 0,                                                                                  
                                                       "Local Dirtied Blocks": 0,                                                                               
                                                       "Local Written Blocks": 0,                                                                               
                                                       "Temp Read Blocks": 0,                                                                                   
                                                       "Temp Written Blocks": 0,                                                                                
                                                       "Plans": [                                                                                               
                                                         {                                                                                                      
                                                           "Node Type": "Sort",                                                                                 
                                                           "Parent Relationship": "Outer",                                                                      
                                                           "Parallel Aware": false,                                                                             
                                                           "Startup Cost": 2144.60,                                                                             
                                                           "Total Cost": 2144.60,                                                                               
                                                           "Plan Rows": 34,                                                                                     
                                                           "Plan Width": 4,                                                                                     
                                                           "Actual Startup Time": 2151.674,                                                                     
                                                           "Actual Total Time": 2151.683,                                                                       
                                                           "Actual Rows": 53,                                                                                   
                                                           "Actual Loops": 1,                                                                                   
                                                           "Sort Key": ["mk.movie_id"],                                                                         
                                                           "Sort Method": "quicksort",                                                                          
                                                           "Sort Space Used": 879,                                                                              
                                                           "Sort Space Type": "Memory",                                                                         
                                                           "Shared Hit Blocks": 9,                                                                              
                                                           "Shared Read Blocks": 25398,                                                                         
                                                           "Shared Dirtied Blocks": 0,                                                                          
                                                           "Shared Written Blocks": 0,                                                                          
                                                           "Local Hit Blocks": 0,                                                                               
                                                           "Local Read Blocks": 0,                                                                              
                                                           "Local Dirtied Blocks": 0,                                                                           
                                                           "Local Written Blocks": 0,                                                                           
                                                           "Temp Read Blocks": 0,                                                                               
                                                           "Temp Written Blocks": 0,                                                                            
                                                           "Plans": [                                                                                           
                                                             {                                                                                                  
                                                               "Node Type": "Nested Loop",                                                                      
                                                               "Parent Relationship": "Outer",                                                                  
                                                               "Parallel Aware": false,                                                                         
                                                               "Join Type": "Inner",                                                                            
                                                               "Startup Cost": 0.00,                                                                            
                                                               "Total Cost": 2144.57,                                                                           
                                                               "Plan Rows": 34,                                                                                 
                                                               "Plan Width": 4,                                                                                 
                                                               "Actual Startup Time": 113.426,                                                                  
                                                               "Actual Total Time": 2147.802,                                                                   
                                                               "Actual Rows": 10544,                                                                            
                                                               "Actual Loops": 1,                                                                               
                                                               "Inner Unique": true,                                                                            
                                                               "Join Filter": "(k.id = mk.keyword_id)",                                                         
                                                               "Rows Removed by Join Filter": 4513386,                                                          
                                                               "Shared Hit Blocks": 5,                                                                          
                                                               "Shared Read Blocks": 25398,                                                                     
                                                               "Shared Dirtied Blocks": 0,                                                                      
                                                               "Shared Written Blocks": 0,                                                                      
                                                               "Local Hit Blocks": 0,                                                                           
                                                               "Local Read Blocks": 0,                                                                          
                                                               "Local Dirtied Blocks": 0,                                                                       
                                                               "Local Written Blocks": 0,                                                                       
                                                               "Temp Read Blocks": 0,                                                                           
                                                               "Temp Written Blocks": 0,                                                                        
                                                               "Plans": [                                                                                       
                                                                 {                                                                                              
                                                                   "Node Type": "Seq Scan",                                                                     
                                                                   "Parent Relationship": "Outer",                                                              
                                                                   "Parallel Aware": false,                                                                     
                                                                   "Relation Name": "movie_keyword",                                                            
                                                                   "Alias": "mk",                                                                               
                                                                   "Startup Cost": 0.00,                                                                        
                                                                   "Total Cost": 1079.84,                                                                       
                                                                   "Plan Rows": 4523930,                                                                        
                                                                   "Plan Width": 8,                                                                             
                                                                   "Actual Startup Time": 0.014,                                                                
                                                                   "Actual Total Time": 481.337,                                                                
                                                                   "Actual Rows": 4523930,                                                                      
                                                                   "Actual Loops": 1,                                                                           
                                                                   "Shared Hit Blocks": 3,                                                                      
                                                                   "Shared Read Blocks": 24451,                                                                 
                                                                   "Shared Dirtied Blocks": 0,                                                                  
                                                                   "Shared Written Blocks": 0,                                                                  
                                                                   "Local Hit Blocks": 0,                                                                       
                                                                   "Local Read Blocks": 0,                                                                      
                                                                   "Local Dirtied Blocks": 0,                                                                   
                                                                   "Local Written Blocks": 0,                                                                   
                                                                   "Temp Read Blocks": 0,                                                                       
                                                                   "Temp Written Blocks": 0                                                                     
                                                                 },                                                                                             
                                                                 {                                                                                              
                                                                   "Node Type": "Materialize",                                                                  
                                                                   "Parent Relationship": "Inner",                                                              
                                                                   "Parallel Aware": false,                                                                     
                                                                   "Startup Cost": 0.00,                                                                        
                                                                   "Total Cost": 49.46,                                                                         
                                                                   "Plan Rows": 1,                                                                              
                                                                   "Plan Width": 4,                                                                             
                                                                   "Actual Startup Time": 0.000,                                                                
                                                                   "Actual Total Time": 0.000,                                                                  
                                                                   "Actual Rows": 1,                                                                            
                                                                   "Actual Loops": 4523930,                                                                     
                                                                   "Shared Hit Blocks": 2,                                                                      
                                                                   "Shared Read Blocks": 947,                                                                   
                                                                   "Shared Dirtied Blocks": 0,                                                                  
                                                                   "Shared Written Blocks": 0,                                                                  
                                                                   "Local Hit Blocks": 0,                                                                       
                                                                   "Local Read Blocks": 0,                                                                      
                                                                   "Local Dirtied Blocks": 0,                                                                   
                                                                   "Local Written Blocks": 0,                                                                   
                                                                   "Temp Read Blocks": 0,                                                                       
                                                                   "Temp Written Blocks": 0,                                                                    
                                                                   "Plans": [                                                                                   
                                                                     {                                                                                          
                                                                       "Node Type": "Seq Scan",                                                                 
                                                                       "Parent Relationship": "Outer",                                                          
                                                                       "Parallel Aware": false,                                                                 
                                                                       "Relation Name": "keyword",                                                              
                                                                       "Alias": "k",                                                                            
                                                                       "Startup Cost": 0.00,                                                                    
                                                                       "Total Cost": 49.46,                                                                     
                                                                       "Plan Rows": 1,                                                                          
                                                                       "Plan Width": 4,                                                                         
                                                                       "Actual Startup Time": 3.778,                                                            
                                                                       "Actual Total Time": 87.923,                                                             
                                                                       "Actual Rows": 1,                                                                        
                                                                       "Actual Loops": 1,                                                                       
                                                                       "Filter": "(keyword = 'sequel'::text)",                                                  
                                                                       "Rows Removed by Filter": 134169,                                                        
                                                                       "Shared Hit Blocks": 2,                                                                  
                                                                       "Shared Read Blocks": 947,                                                               
                                                                       "Shared Dirtied Blocks": 0,                                                              
                                                                       "Shared Written Blocks": 0,                                                              
                                                                       "Local Hit Blocks": 0,                                                                   
                                                                       "Local Read Blocks": 0,                                                                  
                                                                       "Local Dirtied Blocks": 0,                                                               
                                                                       "Local Written Blocks": 0,                                                               
                                                                       "Temp Read Blocks": 0,                                                                   
                                                                       "Temp Written Blocks": 0                                                                 
                                                                     }                                                                                          
                                                                   ]                                                                                            
                                                                 }                                                                                              
                                                               ]                                                                                                
                                                             }                                                                                                  
                                                           ]                                                                                                    
                                                         },                                                                                                     
                                                         {                                                                                                      
                                                           "Node Type": "Sort",                                                                                 
                                                           "Parent Relationship": "Inner",                                                                      
                                                           "Parallel Aware": false,                                                                             
                                                           "Startup Cost": 389.78,                                                                              
                                                           "Total Cost": 400.26,                                                                                
                                                           "Plan Rows": 135086,                                                                                 
                                                           "Plan Width": 12,                                                                                    
                                                           "Actual Startup Time": 112.621,                                                                      
                                                           "Actual Total Time": 113.176,                                                                        
                                                           "Actual Rows": 9867,                                                                                 
                                                           "Actual Loops": 1,                                                                                   
                                                           "Sort Key": ["cc.movie_id"],                                                                         
                                                           "Sort Method": "quicksort",                                                                          
                                                           "Sort Space Used": 12477,                                                                            
                                                           "Sort Space Type": "Memory",                                                                         
                                                           "Shared Hit Blocks": 2,                                                                              
                                                           "Shared Read Blocks": 729,                                                                           
                                                           "Shared Dirtied Blocks": 0,                                                                          
                                                           "Shared Written Blocks": 0,                                                                          
                                                           "Local Hit Blocks": 0,                                                                               
                                                           "Local Read Blocks": 0,                                                                              
                                                           "Local Dirtied Blocks": 0,                                                                           
                                                           "Local Written Blocks": 0,                                                                           
                                                           "Temp Read Blocks": 0,                                                                               
                                                           "Temp Written Blocks": 0,                                                                            
                                                           "Plans": [                                                                                           
                                                             {                                                                                                  
                                                               "Node Type": "Seq Scan",                                                                         
                                                               "Parent Relationship": "Outer",                                                                  
                                                               "Parallel Aware": false,                                                                         
                                                               "Relation Name": "complete_cast",                                                                
                                                               "Alias": "cc",                                                                                   
                                                               "Startup Cost": 0.00,                                                                            
                                                               "Total Cost": 32.27,                                                                             
                                                               "Plan Rows": 135086,                                                                             
                                                               "Plan Width": 12,                                                                                
                                                               "Actual Startup Time": 21.463,                                                                   
                                                               "Actual Total Time": 55.333,                                                                     
                                                               "Actual Rows": 135086,                                                                           
                                                               "Actual Loops": 1,                                                                               
                                                               "Shared Hit Blocks": 2,                                                                          
                                                               "Shared Read Blocks": 729,                                                                       
                                                               "Shared Dirtied Blocks": 0,                                                                      
                                                               "Shared Written Blocks": 0,                                                                      
                                                               "Local Hit Blocks": 0,                                                                           
                                                               "Local Read Blocks": 0,                                                                          
                                                               "Local Dirtied Blocks": 0,                                                                       
                                                               "Local Written Blocks": 0,                                                                       
                                                               "Temp Read Blocks": 0,                                                                           
                                                               "Temp Written Blocks": 0                                                                         
                                                             }                                                                                                  
                                                           ]                                                                                                    
                                                         }                                                                                                      
                                                       ]                                                                                                        
                                                     },                                                                                                         
                                                     {                                                                                                          
                                                       "Node Type": "Materialize",                                                                              
                                                       "Parent Relationship": "Inner",                                                                          
                                                       "Parallel Aware": false,                                                                                 
                                                       "Startup Cost": 0.00,                                                                                    
                                                       "Total Cost": 0.03,                                                                                      
                                                       "Plan Rows": 1,                                                                                          
                                                       "Plan Width": 4,                                                                                         
                                                       "Actual Startup Time": 0.001,                                                                            
                                                       "Actual Total Time": 0.001,                                                                              
                                                       "Actual Rows": 1,                                                                                        
                                                       "Actual Loops": 20,                                                                                      
                                                       "Shared Hit Blocks": 1,                                                                                  
                                                       "Shared Read Blocks": 0,                                                                                 
                                                       "Shared Dirtied Blocks": 0,                                                                              
                                                       "Shared Written Blocks": 0,                                                                              
                                                       "Local Hit Blocks": 0,                                                                                   
                                                       "Local Read Blocks": 0,                                                                                  
                                                       "Local Dirtied Blocks": 0,                                                                               
                                                       "Local Written Blocks": 0,                                                                               
                                                       "Temp Read Blocks": 0,                                                                                   
                                                       "Temp Written Blocks": 0,                                                                                
                                                       "Plans": [                                                                                               
                                                         {                                                                                                      
                                                           "Node Type": "Seq Scan",                                                                             
                                                           "Parent Relationship": "Outer",                                                                      
                                                           "Parallel Aware": false,                                                                             
                                                           "Relation Name": "comp_cast_type",                                                                   
                                                           "Alias": "cct",                                                                                     
                                                           "Startup Cost": 0.00,                                                                                
                                                           "Total Cost": 0.03,                                                                                  
                                                           "Plan Rows": 1,                                                                                      
                                                           "Plan Width": 4,                                                                                     
                                                           "Actual Startup Time": 0.009,                                                                        
                                                           "Actual Total Time": 0.013,                                                                          
                                                           "Actual Rows": 1,                                                                                    
                                                           "Actual Loops": 1,                                                                                   
                                                           "Filter": "((kind)::text = 'cast'::text)",                                                           
                                                           "Rows Removed by Filter": 3,                                                                         
                                                           "Shared Hit Blocks": 1,                                                                              
                                                           "Shared Read Blocks": 0,                                                                             
                                                           "Shared Dirtied Blocks": 0,                                                                          
                                                           "Shared Written Blocks": 0,                                                                          
                                                           "Local Hit Blocks": 0,                                                                               
                                                           "Local Read Blocks": 0,                                                                              
                                                           "Local Dirtied Blocks": 0,                                                                           
                                                           "Local Written Blocks": 0,                                                                           
                                                           "Temp Read Blocks": 0,                                                                               
                                                           "Temp Written Blocks": 0                                                                             
                                                         }                                                                                                      
                                                       ]                                                                                                        
                                                     }                                                                                                          
                                                   ]                                                                                                            
                                                 },                                                                                                             
                                                 {                                                                                                              
                                                   "Node Type": "Materialize",                                                                                  
                                                   "Parent Relationship": "Inner",                                                                              
                                                   "Parallel Aware": false,                                                                                     
                                                   "Startup Cost": 0.00,                                                                                        
                                                   "Total Cost": 967.27,                                                                                        
                                                   "Plan Rows": 1271989,                                                                                        
                                                   "Plan Width": 12,                                                                                            
                                                   "Actual Startup Time": 0.002,                                                                                
                                                   "Actual Total Time": 123.428,                                                                                
                                                   "Actual Rows": 1197281,                                                                                      
                                                   "Actual Loops": 17,                                                                                          
                                                   "Shared Hit Blocks": 3,                                                                                      
                                                   "Shared Read Blocks": 18786,                                                                                 
                                                   "Shared Dirtied Blocks": 0,                                                                                  
                                                   "Shared Written Blocks": 0,                                                                                  
                                                   "Local Hit Blocks": 0,                                                                                       
                                                   "Local Read Blocks": 0,                                                                                      
                                                   "Local Dirtied Blocks": 0,                                                                                   
                                                   "Local Written Blocks": 0,                                                                                   
                                                   "Temp Read Blocks": 0,                                                                                       
                                                   "Temp Written Blocks": 0,                                                                                    
                                                   "Plans": [                                                                                                   
                                                     {                                                                                                          
                                                       "Node Type": "Seq Scan",                                                                                 
                                                       "Parent Relationship": "Outer",                                                                          
                                                       "Parallel Aware": false,                                                                                 
                                                       "Relation Name": "movie_companies",                                                                      
                                                       "Alias": "mc",                                                                                           
                                                       "Startup Cost": 0.00,                                                                                    
                                                       "Total Cost": 769.75,                                                                                    
                                                       "Plan Rows": 1271989,                                                                                    
                                                       "Plan Width": 12,                                                                                        
                                                       "Actual Startup Time": 0.021,                                                                            
                                                       "Actual Total Time": 932.137,                                                                            
                                                       "Actual Rows": 1271989,                                                                                  
                                                       "Actual Loops": 1,                                                                                       
                                                       "Filter": "(note IS NULL)",                                                                              
                                                       "Rows Removed by Filter": 1337140,                                                                       
                                                       "Shared Hit Blocks": 3,                                                                                  
                                                       "Shared Read Blocks": 18786,                                                                             
                                                       "Shared Dirtied Blocks": 0,                                                                              
                                                       "Shared Written Blocks": 0,                                                                              
                                                       "Local Hit Blocks": 0,                                                                                   
                                                       "Local Read Blocks": 0,                                                                                  
                                                       "Local Dirtied Blocks": 0,                                                                               
                                                       "Local Written Blocks": 0,                                                                               
                                                       "Temp Read Blocks": 0,                                                                                   
                                                       "Temp Written Blocks": 0                                                                                 
                                                     }                                                                                                          
                                                   ]                                                                                                            
                                                 }                                                                                                              
                                               ]                                                                                                                
                                             },                                                                                                                 
                                             {                                                                                                                  
                                               "Node Type": "Materialize",                                                                                      
                                               "Parent Relationship": "Inner",                                                                                  
                                               "Parallel Aware": false,                                                                                         
                                               "Startup Cost": 0.00,                                                                                            
                                               "Total Cost": 11432.70,                                                                                          
                                               "Plan Rows": 937510,                                                                                             
                                               "Plan Width": 4,                                                                                                 
                                               "Actual Startup Time": 0.144,                                                                                    
                                               "Actual Total Time": 221.964,                                                                                    
                                               "Actual Rows": 933683,                                                                                           
                                               "Actual Loops": 47,                                                                                              
                                               "Shared Hit Blocks": 2,                                                                                          
                                               "Shared Read Blocks": 161890,                                                                                    
                                               "Shared Dirtied Blocks": 0,                                                                                      
                                               "Shared Written Blocks": 0,                                                                                      
                                               "Local Hit Blocks": 0,                                                                                           
                                               "Local Read Blocks": 0,                                                                                          
                                               "Local Dirtied Blocks": 0,                                                                                       
                                               "Local Written Blocks": 0,                                                                                       
                                               "Temp Read Blocks": 0,                                                                                           
                                               "Temp Written Blocks": 0,                                                                                        
                                               "Plans": [                                                                                                       
                                                 {                                                                                                              
                                                   "Node Type": "Seq Scan",                                                                                     
                                                   "Parent Relationship": "Outer",                                                                              
                                                   "Parallel Aware": false,                                                                                     
                                                   "Relation Name": "movie_info",                                                                               
                                                   "Alias": "mi",                                                                                               
                                                   "Startup Cost": 0.00,                                                                                        
                                                   "Total Cost": 11287.12,                                                                                      
                                                   "Plan Rows": 937510,                                                                                         
                                                   "Plan Width": 4,                                                                                             
                                                   "Actual Startup Time": 6.760,                                                                                
                                                   "Actual Total Time": 8375.523,                                                                               
                                                   "Actual Rows": 936223,                                                                                       
                                                   "Actual Loops": 1,                                                                                           
                                                   "Filter": "(info = ANY ('{Sweden,Norway,Germany,Denmark,Swedish,Denish,Norwegian,German,English}'::text[]))",
                                                   "Rows Removed by Filter": 13899497,                                                                          
                                                   "Shared Hit Blocks": 2,                                                                                      
                                                   "Shared Read Blocks": 161890,                                                                                
                                                   "Shared Dirtied Blocks": 0,                                                                                  
                                                   "Shared Written Blocks": 0,                                                                                  
                                                   "Local Hit Blocks": 0,                                                                                       
                                                   "Local Read Blocks": 0,                                                                                      
                                                   "Local Dirtied Blocks": 0,                                                                                   
                                                   "Local Written Blocks": 0,                                                                                   
                                                   "Temp Read Blocks": 0,                                                                                       
                                                   "Temp Written Blocks": 0                                                                                     
                                                 }                                                                                                              
                                               ]                                                                                                                
                                             }                                                                                                                  
                                           ]                                                                                                                    
                                         },                                                                                                                     
                                         {                                                                                                                      
                                           "Node Type": "Sort",                                                                                                 
                                           "Parent Relationship": "Inner",                                                                                      
                                           "Parallel Aware": false,                                                                                             
                                           "Startup Cost": 76.46,                                                                                               
                                           "Total Cost": 78.79,                                                                                                 
                                           "Plan Rows": 29997,                                                                                                  
                                           "Plan Width": 8,                                                                                                     
                                           "Actual Startup Time": 29.595,                                                                                       
                                           "Actual Total Time": 31.204,                                                                                         
                                           "Actual Rows": 31880,                                                                                                
                                           "Actual Loops": 1,                                                                                                   
                                           "Sort Key": ["ml.movie_id"],                                                                                         
                                           "Sort Method": "quicksort",                                                                                          
                                           "Sort Space Used": 2175,                                                                                             
                                           "Sort Space Type": "Memory",                                                                                         
                                           "Shared Hit Blocks": 2,                                                                                              
                                           "Shared Read Blocks": 161,                                                                                           
                                           "Shared Dirtied Blocks": 0,                                                                                          
                                           "Shared Written Blocks": 0,                                                                                          
                                           "Local Hit Blocks": 0,                                                                                               
                                           "Local Read Blocks": 0,                                                                                              
                                           "Local Dirtied Blocks": 0,                                                                                           
                                           "Local Written Blocks": 0,                                                                                           
                                           "Temp Read Blocks": 0,                                                                                               
                                           "Temp Written Blocks": 0,                                                                                            
                                           "Plans": [                                                                                                           
                                             {                                                                                                                  
                                               "Node Type": "Seq Scan",                                                                                         
                                               "Parent Relationship": "Outer",                                                                                  
                                               "Parallel Aware": false,                                                                                         
                                               "Relation Name": "movie_link",                                                                                   
                                               "Alias": "ml",                                                                                                   
                                               "Startup Cost": 0.00,                                                                                            
                                               "Total Cost": 7.19,                                                                                              
                                               "Plan Rows": 29997,                                                                                              
                                               "Plan Width": 8,                                                                                                 
                                               "Actual Startup Time": 0.007,                                                                                    
                                               "Actual Total Time": 17.101,                                                                                     
                                               "Actual Rows": 29997,                                                                                            
                                               "Actual Loops": 1,                                                                                               
                                               "Shared Hit Blocks": 2,                                                                                          
                                               "Shared Read Blocks": 161,                                                                                       
                                               "Shared Dirtied Blocks": 0,                                                                                      
                                               "Shared Written Blocks": 0,                                                                                      
                                               "Local Hit Blocks": 0,                                                                                           
                                               "Local Read Blocks": 0,                                                                                          
                                               "Local Dirtied Blocks": 0,                                                                                       
                                               "Local Written Blocks": 0,                                                                                       
                                               "Temp Read Blocks": 0,                                                                                           
                                               "Temp Written Blocks": 0                                                                                         
                                             }                                                                                                                  
                                           ]                                                                                                                    
                                         }                                                                                                                      
                                       ]                                                                                                                        
                                     },                                                                                                                         
                                     {                                                                                                                          
                                       "Node Type": "Materialize",                                                                                              
                                       "Parent Relationship": "Inner",                                                                                          
                                       "Parallel Aware": false,                                                                                                 
                                       "Startup Cost": 0.00,                                                                                                    
                                       "Total Cost": 0.03,                                                                                                      
                                       "Plan Rows": 1,                                                                                                          
                                       "Plan Width": 16,                                                                                                        
                                       "Actual Startup Time": 0.000,                                                                                            
                                       "Actual Total Time": 0.000,                                                                                              
                                       "Actual Rows": 2,                                                                                                        
                                       "Actual Loops": 1969,                                                                                                    
                                       "Shared Hit Blocks": 1,                                                                                                  
                                       "Shared Read Blocks": 0,                                                                                                 
                                       "Shared Dirtied Blocks": 0,                                                                                              
                                       "Shared Written Blocks": 0,                                                                                              
                                       "Local Hit Blocks": 0,                                                                                                   
                                       "Local Read Blocks": 0,                                                                                                  
                                       "Local Dirtied Blocks": 0,                                                                                               
                                       "Local Written Blocks": 0,                                                                                               
                                       "Temp Read Blocks": 0,                                                                                                   
                                       "Temp Written Blocks": 0,                                                                                                
                                       "Plans": [                                                                                                               
                                         {                                                                                                                      
                                           "Node Type": "Seq Scan",                                                                                             
                                           "Parent Relationship": "Outer",                                                                                      
                                           "Parallel Aware": false,                                                                                             
                                           "Relation Name": "link_type",                                                                                        
                                           "Alias": "lt",                                                                                                       
                                           "Startup Cost": 0.00,                                                                                                
                                           "Total Cost": 0.03,                                                                                                  
                                           "Plan Rows": 1,                                                                                                      
                                           "Plan Width": 16,                                                                                                    
                                           "Actual Startup Time": 0.008,                                                                                        
                                           "Actual Total Time": 0.013,                                                                                          
                                           "Actual Rows": 2,                                                                                                    
                                           "Actual Loops": 1,                                                                                                   
                                           "Filter": "((link)::text ~~ '%follow%'::text)",                                                                      
                                           "Rows Removed by Filter": 16,                                                                                        
                                           "Shared Hit Blocks": 1,                                                                                              
                                           "Shared Read Blocks": 0,                                                                                             
                                           "Shared Dirtied Blocks": 0,                                                                                          
                                           "Shared Written Blocks": 0,                                                                                          
                                           "Local Hit Blocks": 0,                                                                                               
                                           "Local Read Blocks": 0,                                                                                              
                                           "Local Dirtied Blocks": 0,                                                                                           
                                           "Local Written Blocks": 0,                                                                                           
                                           "Temp Read Blocks": 0,                                                                                               
                                           "Temp Written Blocks": 0                                                                                             
                                         }                                                                                                                      
                                       ]                                                                                                                        
                                     }                                                                                                                          
                                   ]                                                                                                                            
                                 }                                                                                                                              
                               ]                                                                                                                                
                             }                                                                                                                                  
                           ]                                                                                                                                    
                         },                                                                                                                                     
                         {                                                                                                                                      
                           "Node Type": "Materialize",                                                                                                          
                           "Parent Relationship": "Inner",                                                                                                      
                           "Parallel Aware": false,                                                                                                             
                           "Startup Cost": 0.00,                                                                                                                
                           "Total Cost": 0.03,                                                                                                                  
                           "Plan Rows": 1,                                                                                                                      
                           "Plan Width": 4,                                                                                                                     
                           "Actual Startup Time": 0.000,                                                                                                        
                           "Actual Total Time": 0.000,                                                                                                          
                           "Actual Rows": 1,                                                                                                                    
                           "Actual Loops": 838,                                                                                                                 
                           "Shared Hit Blocks": 1,                                                                                                              
                           "Shared Read Blocks": 0,                                                                                                             
                           "Shared Dirtied Blocks": 0,                                                                                                          
                           "Shared Written Blocks": 0,                                                                                                          
                           "Local Hit Blocks": 0,                                                                                                               
                           "Local Read Blocks": 0,                                                                                                              
                           "Local Dirtied Blocks": 0,                                                                                                           
                           "Local Written Blocks": 0,                                                                                                           
                           "Temp Read Blocks": 0,                                                                                                               
                           "Temp Written Blocks": 0,                                                                                                            
                           "Plans": [                                                                                                                           
                             {                                                                                                                                  
                               "Node Type": "Seq Scan",                                                                                                         
                               "Parent Relationship": "Outer",                                                                                                  
                               "Parallel Aware": false,                                                                                                         
                               "Relation Name": "company_type",                                                                                                 
                               "Alias": "ct",                                                                                                                   
                               "Startup Cost": 0.00,                                                                                                            
                               "Total Cost": 0.03,                                                                                                              
                               "Plan Rows": 1,                                                                                                                  
                               "Plan Width": 4,                                                                                                                 
                               "Actual Startup Time": 0.007,                                                                                                    
                               "Actual Total Time": 0.009,                                                                                                      
                               "Actual Rows": 1,                                                                                                                
                               "Actual Loops": 1,                                                                                                               
                               "Filter": "((kind)::text = 'production companies'::text)",                                                                       
                               "Rows Removed by Filter": 3,                                                                                                     
                               "Shared Hit Blocks": 1,                                                                                                          
                               "Shared Read Blocks": 0,                                                                                                         
                               "Shared Dirtied Blocks": 0,                                                                                                      
                               "Shared Written Blocks": 0,                                                                                                      
                               "Local Hit Blocks": 0,                                                                                                           
                               "Local Read Blocks": 0,                                                                                                          
                               "Local Dirtied Blocks": 0,                                                                                                       
                               "Local Written Blocks": 0,                                                                                                       
                               "Temp Read Blocks": 0,                                                                                                           
                               "Temp Written Blocks": 0                                                                                                         
                             }                                                                                                                                  
                           ]                                                                                                                                    
                         }                                                                                                                                      
                       ]                                                                                                                                        
                     },                                                                                                                                         
                     {                                                                                                                                          
                       "Node Type": "Materialize",                                                                                                              
                       "Parent Relationship": "Inner",                                                                                                          
                       "Parallel Aware": false,                                                                                                                 
                       "Startup Cost": 0.00,                                                                                                                    
                       "Total Cost": 0.03,                                                                                                                      
                       "Plan Rows": 1,                                                                                                                          
                       "Plan Width": 4,                                                                                                                         
                       "Actual Startup Time": 0.000,                                                                                                            
                       "Actual Total Time": 0.000,                                                                                                              
                       "Actual Rows": 1,                                                                                                                        
                       "Actual Loops": 743,                                                                                                                     
                       "Shared Hit Blocks": 1,                                                                                                                  
                       "Shared Read Blocks": 0,                                                                                                                 
                       "Shared Dirtied Blocks": 0,                                                                                                              
                       "Shared Written Blocks": 0,                                                                                                              
                       "Local Hit Blocks": 0,                                                                                                                   
                       "Local Read Blocks": 0,                                                                                                                  
                       "Local Dirtied Blocks": 0,                                                                                                               
                       "Local Written Blocks": 0,                                                                                                               
                       "Temp Read Blocks": 0,                                                                                                                   
                       "Temp Written Blocks": 0,                                                                                                                
                       "Plans": [                                                                                                                               
                         {                                                                                                                                      
                           "Node Type": "Seq Scan",                                                                                                             
                           "Parent Relationship": "Outer",                                                                                                      
                           "Parallel Aware": false,                                                                                                             
                           "Relation Name": "comp_cast_type",                                                                                                   
                           "Alias": "cct",                                                                                                                     
                           "Startup Cost": 0.00,                                                                                                                
                           "Total Cost": 0.03,                                                                                                                  
                           "Plan Rows": 1,                                                                                                                      
                           "Plan Width": 4,                                                                                                                     
                           "Actual Startup Time": 0.005,                                                                                                        
                           "Actual Total Time": 0.005,                                                                                                          
                           "Actual Rows": 2,                                                                                                                    
                           "Actual Loops": 1,                                                                                                                   
                           "Filter": "((kind)::text ~~ 'complete%'::text)",                                                                                     
                           "Rows Removed by Filter": 2,                                                                                                         
                           "Shared Hit Blocks": 1,                                                                                                              
                           "Shared Read Blocks": 0,                                                                                                             
                           "Shared Dirtied Blocks": 0,                                                                                                          
                           "Shared Written Blocks": 0,                                                                                                          
                           "Local Hit Blocks": 0,                                                                                                               
                           "Local Read Blocks": 0,                                                                                                              
                           "Local Dirtied Blocks": 0,                                                                                                           
                           "Local Written Blocks": 0,                                                                                                           
                           "Temp Read Blocks": 0,                                                                                                               
                           "Temp Written Blocks": 0                                                                                                             
                         }                                                                                                                                      
                       ]                                                                                                                                        
                     }                                                                                                                                          
                   ]                                                                                                                                            
                 }                                                                                                                                              
               ]                                                                                                                                                
             }                                                                                                                                                  
           ]                                                                                                                                                    
         }                                                                                                                                                      
       ]                                                                                                                                                        
     },                                                                                                                                                         
     "Planning Time": 11347.852,                                                                                                                                
     "Triggers": [                                                                                                                                              
     ],                                                                                                                                                         
     "Execution Time": 274362.709                                                                                                                               
   }                                                                                                                                                            
 ]
