 [                                                                                                                                                                           
   {                                                                                                                                                                         
     "Plan": {                                                                                                                                                               
       "Node Type": "Aggregate",                                                                                                                                             
       "Strategy": "Plain",                                                                                                                                                  
       "Partial Mode": "Simple",                                                                                                                                             
       "Parallel Aware": false,                                                                                                                                              
       "Startup Cost": 21364.34,                                                                                                                                             
       "Total Cost": 21364.34,                                                                                                                                               
       "Plan Rows": 1,                                                                                                                                                       
       "Plan Width": 96,                                                                                                                                                     
       "Actual Startup Time": 12569847.196,                                                                                                                                  
       "Actual Total Time": 12569847.196,                                                                                                                                    
       "Actual Rows": 1,                                                                                                                                                     
       "Actual Loops": 1,                                                                                                                                                    
       "Shared Hit Blocks": 28,                                                                                                                                              
       "Shared Read Blocks": 254242,                                                                                                                                         
       "Shared Dirtied Blocks": 0,                                                                                                                                           
       "Shared Written Blocks": 0,                                                                                                                                           
       "Local Hit Blocks": 0,                                                                                                                                                
       "Local Read Blocks": 0,                                                                                                                                               
       "Local Dirtied Blocks": 0,                                                                                                                                            
       "Local Written Blocks": 0,                                                                                                                                            
       "Temp Read Blocks": 0,                                                                                                                                                
       "Temp Written Blocks": 0,                                                                                                                                             
       "Plans": [                                                                                                                                                            
         {                                                                                                                                                                   
           "Node Type": "Nested Loop",                                                                                                                                       
           "Parent Relationship": "Outer",                                                                                                                                   
           "Parallel Aware": false,                                                                                                                                          
           "Join Type": "Inner",                                                                                                                                             
           "Startup Cost": 17267.13,                                                                                                                                         
           "Total Cost": 21364.34,                                                                                                                                           
           "Plan Rows": 1,                                                                                                                                                   
           "Plan Width": 42,                                                                                                                                                 
           "Actual Startup Time": 11977956.568,                                                                                                                              
           "Actual Total Time": 12569845.324,                                                                                                                                
           "Actual Rows": 4803,                                                                                                                                              
           "Actual Loops": 1,                                                                                                                                                
           "Inner Unique": false,                                                                                                                                            
           "Join Filter": "(kt.id = t.kind_id)",                                                                                                                             
           "Rows Removed by Join Filter": 5155,                                                                                                                              
           "Shared Hit Blocks": 28,                                                                                                                                          
           "Shared Read Blocks": 254242,                                                                                                                                     
           "Shared Dirtied Blocks": 0,                                                                                                                                       
           "Shared Written Blocks": 0,                                                                                                                                       
           "Local Hit Blocks": 0,                                                                                                                                            
           "Local Read Blocks": 0,                                                                                                                                           
           "Local Dirtied Blocks": 0,                                                                                                                                        
           "Local Written Blocks": 0,                                                                                                                                        
           "Temp Read Blocks": 0,                                                                                                                                            
           "Temp Written Blocks": 0,                                                                                                                                         
           "Plans": [                                                                                                                                                        
             {                                                                                                                                                               
               "Node Type": "Seq Scan",                                                                                                                                      
               "Parent Relationship": "Outer",                                                                                                                               
               "Parallel Aware": false,                                                                                                                                      
               "Relation Name": "kind_type",                                                                                                                                 
               "Alias": "kt",                                                                                                                                                
               "Startup Cost": 0.00,                                                                                                                                         
               "Total Cost": 0.03,                                                                                                                                           
               "Plan Rows": 2,                                                                                                                                               
               "Plan Width": 4,                                                                                                                                              
               "Actual Startup Time": 0.018,                                                                                                                                 
               "Actual Total Time": 0.022,                                                                                                                                   
               "Actual Rows": 2,                                                                                                                                             
               "Actual Loops": 1,                                                                                                                                            
               "Filter": "((kind)::text = ANY ('{movie,episode}'::text[]))",                                                                                                 
               "Rows Removed by Filter": 5,                                                                                                                                  
               "Shared Hit Blocks": 1,                                                                                                                                       
               "Shared Read Blocks": 0,                                                                                                                                      
               "Shared Dirtied Blocks": 0,                                                                                                                                   
               "Shared Written Blocks": 0,                                                                                                                                   
               "Local Hit Blocks": 0,                                                                                                                                        
               "Local Read Blocks": 0,                                                                                                                                       
               "Local Dirtied Blocks": 0,                                                                                                                                    
               "Local Written Blocks": 0,                                                                                                                                    
               "Temp Read Blocks": 0,                                                                                                                                        
               "Temp Written Blocks": 0                                                                                                                                      
             },                                                                                                                                                              
             {                                                                                                                                                               
               "Node Type": "Materialize",                                                                                                                                   
               "Parent Relationship": "Inner",                                                                                                                               
               "Parallel Aware": false,                                                                                                                                      
               "Startup Cost": 17267.13,                                                                                                                                     
               "Total Cost": 21364.31,                                                                                                                                       
               "Plan Rows": 1,                                                                                                                                               
               "Plan Width": 46,                                                                                                                                             
               "Actual Startup Time": 5425523.254,                                                                                                                           
               "Actual Total Time": 6284921.882,                                                                                                                             
               "Actual Rows": 4979,                                                                                                                                          
               "Actual Loops": 2,                                                                                                                                            
               "Shared Hit Blocks": 27,                                                                                                                                      
               "Shared Read Blocks": 254242,                                                                                                                                 
               "Shared Dirtied Blocks": 0,                                                                                                                                   
               "Shared Written Blocks": 0,                                                                                                                                   
               "Local Hit Blocks": 0,                                                                                                                                        
               "Local Read Blocks": 0,                                                                                                                                       
               "Local Dirtied Blocks": 0,                                                                                                                                    
               "Local Written Blocks": 0,                                                                                                                                    
               "Temp Read Blocks": 0,                                                                                                                                        
               "Temp Written Blocks": 0,                                                                                                                                     
               "Plans": [                                                                                                                                                    
                 {                                                                                                                                                           
                   "Node Type": "Nested Loop",                                                                                                                               
                   "Parent Relationship": "Outer",                                                                                                                           
                   "Parallel Aware": false,                                                                                                                                  
                   "Join Type": "Inner",                                                                                                                                     
                   "Startup Cost": 17267.13,                                                                                                                                 
                   "Total Cost": 21364.31,                                                                                                                                   
                   "Plan Rows": 1,                                                                                                                                           
                   "Plan Width": 46,                                                                                                                                         
                   "Actual Startup Time": 10851046.499,                                                                                                                      
                   "Actual Total Time": 12569841.676,                                                                                                                        
                   "Actual Rows": 4979,                                                                                                                                      
                   "Actual Loops": 1,                                                                                                                                        
                   "Inner Unique": false,                                                                                                                                    
                   "Join Filter": "(mi.movie_id = t.id)",                                                                                                                    
                   "Rows Removed by Join Filter": 11218774834,                                                                                                               
                   "Shared Hit Blocks": 27,                                                                                                                                  
                   "Shared Read Blocks": 254242,                                                                                                                             
                   "Shared Dirtied Blocks": 0,                                                                                                                               
                   "Shared Written Blocks": 0,                                                                                                                               
                   "Local Hit Blocks": 0,                                                                                                                                    
                   "Local Read Blocks": 0,                                                                                                                                   
                   "Local Dirtied Blocks": 0,                                                                                                                                
                   "Local Written Blocks": 0,                                                                                                                                
                   "Temp Read Blocks": 0,                                                                                                                                    
                   "Temp Written Blocks": 0,                                                                                                                                 
                   "Plans": [                                                                                                                                                
                     {                                                                                                                                                       
                       "Node Type": "Seq Scan",                                                                                                                              
                       "Parent Relationship": "Outer",                                                                                                                       
                       "Parallel Aware": false,                                                                                                                              
                       "Relation Name": "title",                                                                                                                             
                       "Alias": "t",                                                                                                                                         
                       "Startup Cost": 0.00,                                                                                                                                 
                       "Total Cost": 1500.26,                                                                                                                                
                       "Plan Rows": 1381453,                                                                                                                                 
                       "Plan Width": 25,                                                                                                                                     
                       "Actual Startup Time": 21.752,                                                                                                                        
                       "Actual Total Time": 925.120,                                                                                                                         
                       "Actual Rows": 1381453,                                                                                                                               
                       "Actual Loops": 1,                                                                                                                                    
                       "Filter": "(production_year > 2000)",                                                                                                                 
                       "Rows Removed by Filter": 1146859,                                                                                                                    
                       "Shared Hit Blocks": 2,                                                                                                                               
                       "Shared Read Blocks": 35996,                                                                                                                          
                       "Shared Dirtied Blocks": 0,                                                                                                                           
                       "Shared Written Blocks": 0,                                                                                                                           
                       "Local Hit Blocks": 0,                                                                                                                                
                       "Local Read Blocks": 0,                                                                                                                               
                       "Local Dirtied Blocks": 0,                                                                                                                            
                       "Local Written Blocks": 0,                                                                                                                            
                       "Temp Read Blocks": 0,                                                                                                                                
                       "Temp Written Blocks": 0                                                                                                                              
                     },                                                                                                                                                      
                     {                                                                                                                                                       
                       "Node Type": "Materialize",                                                                                                                           
                       "Parent Relationship": "Inner",                                                                                                                       
                       "Parallel Aware": false,                                                                                                                              
                       "Startup Cost": 17267.13,                                                                                                                             
                       "Total Cost": 19554.02,                                                                                                                               
                       "Plan Rows": 1,                                                                                                                                       
                       "Plan Width": 45,                                                                                                                                     
                       "Actual Startup Time": 0.198,                                                                                                                         
                       "Actual Total Time": 8.094,                                                                                                                           
                       "Actual Rows": 8121,                                                                                                                                  
                       "Actual Loops": 1381453,                                                                                                                              
                       "Shared Hit Blocks": 25,                                                                                                                              
                       "Shared Read Blocks": 218246,                                                                                                                         
                       "Shared Dirtied Blocks": 0,                                                                                                                           
                       "Shared Written Blocks": 0,                                                                                                                           
                       "Local Hit Blocks": 0,                                                                                                                                
                       "Local Read Blocks": 0,                                                                                                                               
                       "Local Dirtied Blocks": 0,                                                                                                                            
                       "Local Written Blocks": 0,                                                                                                                            
                       "Temp Read Blocks": 0,                                                                                                                                
                       "Temp Written Blocks": 0,                                                                                                                             
                       "Plans": [                                                                                                                                            
                         {                                                                                                                                                   
                           "Node Type": "Nested Loop",                                                                                                                       
                           "Parent Relationship": "Outer",                                                                                                                   
                           "Parallel Aware": false,                                                                                                                          
                           "Join Type": "Inner",                                                                                                                             
                           "Startup Cost": 17267.13,                                                                                                                         
                           "Total Cost": 19554.02,                                                                                                                           
                           "Plan Rows": 1,                                                                                                                                   
                           "Plan Width": 45,                                                                                                                                 
                           "Actual Startup Time": 272995.137,                                                                                                                
                           "Actual Total Time": 10675260.123,                                                                                                                
                           "Actual Rows": 8121,                                                                                                                              
                           "Actual Loops": 1,                                                                                                                                
                           "Inner Unique": false,                                                                                                                            
                           "Join Filter": "(mc.company_type_id = ct.id)",                                                                                                    
                           "Rows Removed by Join Filter": 24363,                                                                                                             
                           "Shared Hit Blocks": 25,                                                                                                                          
                           "Shared Read Blocks": 218246,                                                                                                                     
                           "Shared Dirtied Blocks": 0,                                                                                                                       
                           "Shared Written Blocks": 0,                                                                                                                       
                           "Local Hit Blocks": 0,                                                                                                                            
                           "Local Read Blocks": 0,                                                                                                                           
                           "Local Dirtied Blocks": 0,                                                                                                                        
                           "Local Written Blocks": 0,                                                                                                                        
                           "Temp Read Blocks": 0,                                                                                                                            
                           "Temp Written Blocks": 0,                                                                                                                         
                           "Plans": [                                                                                                                                        
                             {                                                                                                                                               
                               "Node Type": "Seq Scan",                                                                                                                      
                               "Parent Relationship": "Outer",                                                                                                               
                               "Parallel Aware": false,                                                                                                                      
                               "Relation Name": "company_type",                                                                                                              
                               "Alias": "ct",                                                                                                                                
                               "Startup Cost": 0.00,                                                                                                                         
                               "Total Cost": 0.03,                                                                                                                           
                               "Plan Rows": 4,                                                                                                                               
                               "Plan Width": 4,                                                                                                                              
                               "Actual Startup Time": 0.010,                                                                                                                 
                               "Actual Total Time": 0.011,                                                                                                                   
                               "Actual Rows": 4,                                                                                                                             
                               "Actual Loops": 1,                                                                                                                            
                               "Shared Hit Blocks": 1,                                                                                                                       
                               "Shared Read Blocks": 0,                                                                                                                      
                               "Shared Dirtied Blocks": 0,                                                                                                                   
                               "Shared Written Blocks": 0,                                                                                                                   
                               "Local Hit Blocks": 0,                                                                                                                        
                               "Local Read Blocks": 0,                                                                                                                       
                               "Local Dirtied Blocks": 0,                                                                                                                    
                               "Local Written Blocks": 0,                                                                                                                    
                               "Temp Read Blocks": 0,                                                                                                                        
                               "Temp Written Blocks": 0                                                                                                                      
                             },                                                                                                                                              
                             {                                                                                                                                               
                               "Node Type": "Materialize",                                                                                                                   
                               "Parent Relationship": "Inner",                                                                                                               
                               "Parallel Aware": false,                                                                                                                      
                               "Startup Cost": 17267.13,                                                                                                                     
                               "Total Cost": 19553.99,                                                                                                                       
                               "Plan Rows": 1,                                                                                                                               
                               "Plan Width": 49,                                                                                                                             
                               "Actual Startup Time": 68248.781,                                                                                                             
                               "Actual Total Time": 2668813.745,                                                                                                             
                               "Actual Rows": 8121,                                                                                                                          
                               "Actual Loops": 4,                                                                                                                            
                               "Shared Hit Blocks": 24,                                                                                                                      
                               "Shared Read Blocks": 218246,                                                                                                                 
                               "Shared Dirtied Blocks": 0,                                                                                                                   
                               "Shared Written Blocks": 0,                                                                                                                   
                               "Local Hit Blocks": 0,                                                                                                                        
                               "Local Read Blocks": 0,                                                                                                                       
                               "Local Dirtied Blocks": 0,                                                                                                                    
                               "Local Written Blocks": 0,                                                                                                                    
                               "Temp Read Blocks": 0,                                                                                                                        
                               "Temp Written Blocks": 0,                                                                                                                     
                               "Plans": [                                                                                                                                    
                                 {                                                                                                                                           
                                   "Node Type": "Nested Loop",                                                                                                               
                                   "Parent Relationship": "Outer",                                                                                                           
                                   "Parallel Aware": false,                                                                                                                  
                                   "Join Type": "Inner",                                                                                                                     
                                   "Startup Cost": 17267.13,                                                                                                                 
                                   "Total Cost": 19553.99,                                                                                                                   
                                   "Plan Rows": 1,                                                                                                                           
                                   "Plan Width": 49,                                                                                                                         
                                   "Actual Startup Time": 272995.114,                                                                                                        
                                   "Actual Total Time": 10675248.994,                                                                                                        
                                   "Actual Rows": 8121,                                                                                                                      
                                   "Actual Loops": 1,                                                                                                                        
                                   "Inner Unique": true,                                                                                                                     
                                   "Join Filter": "(k.id = mk.keyword_id)",                                                                                                  
                                   "Rows Removed by Join Filter": 3209272,                                                                                                   
                                   "Shared Hit Blocks": 24,                                                                                                                  
                                   "Shared Read Blocks": 218246,                                                                                                             
                                   "Shared Dirtied Blocks": 0,                                                                                                               
                                   "Shared Written Blocks": 0,                                                                                                               
                                   "Local Hit Blocks": 0,                                                                                                                    
                                   "Local Read Blocks": 0,                                                                                                                   
                                   "Local Dirtied Blocks": 0,                                                                                                                
                                   "Local Written Blocks": 0,                                                                                                                
                                   "Temp Read Blocks": 0,                                                                                                                    
                                   "Temp Written Blocks": 0,                                                                                                                 
                                   "Plans": [                                                                                                                                
                                     {                                                                                                                                       
                                       "Node Type": "Nested Loop",                                                                                                           
                                       "Parent Relationship": "Outer",                                                                                                       
                                       "Parallel Aware": false,                                                                                                              
                                       "Join Type": "Inner",                                                                                                                 
                                       "Startup Cost": 17267.13,                                                                                                             
                                       "Total Cost": 19494.10,                                                                                                               
                                       "Plan Rows": 12,                                                                                                                      
                                       "Plan Width": 53,                                                                                                                     
                                       "Actual Startup Time": 14096.035,                                                                                                     
                                       "Actual Total Time": 10674488.650,                                                                                                    
                                       "Actual Rows": 1074761,                                                                                                               
                                       "Actual Loops": 1,                                                                                                                    
                                       "Inner Unique": false,                                                                                                                
                                       "Join Filter": "(mi.movie_id = mk.movie_id)",                                                                                         
                                       "Rows Removed by Join Filter": 61483657869,                                                                                           
                                       "Shared Hit Blocks": 22,                                                                                                              
                                       "Shared Read Blocks": 217299,                                                                                                         
                                       "Shared Dirtied Blocks": 0,                                                                                                           
                                       "Shared Written Blocks": 0,                                                                                                           
                                       "Local Hit Blocks": 0,                                                                                                                
                                       "Local Read Blocks": 0,                                                                                                               
                                       "Local Dirtied Blocks": 0,                                                                                                            
                                       "Local Written Blocks": 0,                                                                                                            
                                       "Temp Read Blocks": 0,                                                                                                                
                                       "Temp Written Blocks": 0,                                                                                                             
                                       "Plans": [                                                                                                                            
                                         {                                                                                                                                   
                                           "Node Type": "Seq Scan",                                                                                                          
                                           "Parent Relationship": "Outer",                                                                                                   
                                           "Parallel Aware": false,                                                                                                          
                                           "Relation Name": "movie_keyword",                                                                                                 
                                           "Alias": "mk",                                                                                                                    
                                           "Startup Cost": 0.00,                                                                                                             
                                           "Total Cost": 1079.84,                                                                                                            
                                           "Plan Rows": 4523930,                                                                                                             
                                           "Plan Width": 8,                                                                                                                  
                                           "Actual Startup Time": 0.011,                                                                                                     
                                           "Actual Total Time": 1041.347,                                                                                                    
                                           "Actual Rows": 4523930,                                                                                                           
                                           "Actual Loops": 1,                                                                                                                
                                           "Shared Hit Blocks": 3,                                                                                                           
                                           "Shared Read Blocks": 24451,                                                                                                      
                                           "Shared Dirtied Blocks": 0,                                                                                                       
                                           "Shared Written Blocks": 0,                                                                                                       
                                           "Local Hit Blocks": 0,                                                                                                            
                                           "Local Read Blocks": 0,                                                                                                           
                                           "Local Dirtied Blocks": 0,                                                                                                        
                                           "Local Written Blocks": 0,                                                                                                        
                                           "Temp Read Blocks": 0,                                                                                                            
                                           "Temp Written Blocks": 0                                                                                                          
                                         },                                                                                                                                  
                                         {                                                                                                                                   
                                           "Node Type": "Materialize",                                                                                                       
                                           "Parent Relationship": "Inner",                                                                                                   
                                           "Parallel Aware": false,                                                                                                          
                                           "Startup Cost": 17267.13,                                                                                                         
                                           "Total Cost": 17399.00,                                                                                                           
                                           "Plan Rows": 1,                                                                                                                   
                                           "Plan Width": 45,                                                                                                                 
                                           "Actual Startup Time": 0.003,                                                                                                     
                                           "Actual Total Time": 0.607,                                                                                                       
                                           "Actual Rows": 13591,                                                                                                             
                                           "Actual Loops": 4523930,                                                                                                          
                                           "Shared Hit Blocks": 19,                                                                                                          
                                           "Shared Read Blocks": 192848,                                                                                                     
                                           "Shared Dirtied Blocks": 0,                                                                                                       
                                           "Shared Written Blocks": 0,                                                                                                       
                                           "Local Hit Blocks": 0,                                                                                                            
                                           "Local Read Blocks": 0,                                                                                                           
                                           "Local Dirtied Blocks": 0,                                                                                                        
                                           "Local Written Blocks": 0,                                                                                                        
                                           "Temp Read Blocks": 0,                                                                                                            
                                           "Temp Written Blocks": 0,                                                                                                         
                                           "Plans": [                                                                                                                        
                                             {                                                                                                                               
                                               "Node Type": "Nested Loop",                                                                                                   
                                               "Parent Relationship": "Outer",                                                                                               
                                               "Parallel Aware": false,                                                                                                      
                                               "Join Type": "Inner",                                                                                                         
                                               "Startup Cost": 17267.13,                                                                                                     
                                               "Total Cost": 17398.99,                                                                                                       
                                               "Plan Rows": 1,                                                                                                               
                                               "Plan Width": 45,                                                                                                             
                                               "Actual Startup Time": 11198.599,                                                                                             
                                               "Actual Total Time": 11496.634,                                                                                               
                                               "Actual Rows": 13591,                                                                                                         
                                               "Actual Loops": 1,                                                                                                            
                                               "Inner Unique": true,                                                                                                         
                                               "Join Filter": "(mi.info_type_id = it.id)",                                                                                  
                                               "Rows Removed by Join Filter": 7265,                                                                                          
                                               "Shared Hit Blocks": 19,                                                                                                      
                                               "Shared Read Blocks": 192848,                                                                                                 
                                               "Shared Dirtied Blocks": 0,                                                                                                   
                                               "Shared Written Blocks": 0,                                                                                                   
                                               "Local Hit Blocks": 0,                                                                                                        
                                               "Local Read Blocks": 0,                                                                                                       
                                               "Local Dirtied Blocks": 0,                                                                                                    
                                               "Local Written Blocks": 0,                                                                                                    
                                               "Temp Read Blocks": 0,                                                                                                        
                                               "Temp Written Blocks": 0,                                                                                                     
                                               "Plans": [                                                                                                                    
                                                 {                                                                                                                           
                                                   "Node Type": "Merge Join",                                                                                                
                                                   "Parent Relationship": "Outer",                                                                                           
                                                   "Parallel Aware": false,                                                                                                  
                                                   "Join Type": "Inner",                                                                                                     
                                                   "Startup Cost": 17267.13,                                                                                                 
                                                   "Total Cost": 17398.94,                                                                                                   
                                                   "Plan Rows": 21,                                                                                                          
                                                   "Plan Width": 49,                                                                                                         
                                                   "Actual Startup Time": 11198.576,                                                                                         
                                                   "Actual Total Time": 11489.567,                                                                                           
                                                   "Actual Rows": 20856,                                                                                                     
                                                   "Actual Loops": 1,                                                                                                        
                                                   "Inner Unique": false,                                                                                                    
                                                   "Merge Cond": "(mi_idx.movie_id = mi.movie_id)",                                                                          
                                                   "Shared Hit Blocks": 18,                                                                                                  
                                                   "Shared Read Blocks": 192848,                                                                                             
                                                   "Shared Dirtied Blocks": 0,                                                                                               
                                                   "Shared Written Blocks": 0,                                                                                               
                                                   "Local Hit Blocks": 0,                                                                                                    
                                                   "Local Read Blocks": 0,                                                                                                   
                                                   "Local Dirtied Blocks": 0,                                                                                                
                                                   "Local Written Blocks": 0,                                                                                                
                                                   "Temp Read Blocks": 0,                                                                                                    
                                                   "Temp Written Blocks": 0,                                                                                                 
                                                   "Plans": [                                                                                                                
                                                     {                                                                                                                       
                                                       "Node Type": "Nested Loop",                                                                                           
                                                       "Parent Relationship": "Outer",                                                                                       
                                                       "Parallel Aware": false,                                                                                              
                                                       "Join Type": "Inner",                                                                                                 
                                                       "Startup Cost": 3248.50,                                                                                              
                                                       "Total Cost": 3269.47,                                                                                                
                                                       "Plan Rows": 46,                                                                                                      
                                                       "Plan Width": 41,                                                                                                     
                                                       "Actual Startup Time": 2613.230,                                                                                      
                                                       "Actual Total Time": 2790.061,                                                                                        
                                                       "Actual Rows": 17096,                                                                                                 
                                                       "Actual Loops": 1,                                                                                                    
                                                       "Inner Unique": true,                                                                                                 
                                                       "Join Filter": "(cc.subject_id = cct.id)",                                                                           
                                                       "Rows Removed by Join Filter": 34765,                                                                                 
                                                       "Shared Hit Blocks": 16,                                                                                              
                                                       "Shared Read Blocks": 30958,                                                                                          
                                                       "Shared Dirtied Blocks": 0,                                                                                           
                                                       "Shared Written Blocks": 0,                                                                                           
                                                       "Local Hit Blocks": 0,                                                                                                
                                                       "Local Read Blocks": 0,                                                                                               
                                                       "Local Dirtied Blocks": 0,                                                                                            
                                                       "Local Written Blocks": 0,                                                                                            
                                                       "Temp Read Blocks": 0,                                                                                                
                                                       "Temp Written Blocks": 0,                                                                                             
                                                       "Plans": [                                                                                                            
                                                         {                                                                                                                   
                                                           "Node Type": "Nested Loop",                                                                                       
                                                           "Parent Relationship": "Outer",                                                                                   
                                                           "Parallel Aware": false,                                                                                          
                                                           "Join Type": "Inner",                                                                                             
                                                           "Startup Cost": 3248.50,                                                                                          
                                                           "Total Cost": 3269.40,                                                                                            
                                                           "Plan Rows": 186,                                                                                                 
                                                           "Plan Width": 45,                                                                                                 
                                                           "Actual Startup Time": 2613.224,                                                                                  
                                                           "Actual Total Time": 2772.747,                                                                                    
                                                           "Actual Rows": 51861,                                                                                             
                                                           "Actual Loops": 1,                                                                                                
                                                           "Inner Unique": true,                                                                                             
                                                           "Join Filter": "(cct.id = cc.status_id)",                                                                        
                                                           "Rows Removed by Join Filter": 214164,                                                                            
                                                           "Shared Hit Blocks": 15,                                                                                          
                                                           "Shared Read Blocks": 30958,                                                                                      
                                                           "Shared Dirtied Blocks": 0,                                                                                       
                                                           "Shared Written Blocks": 0,                                                                                       
                                                           "Local Hit Blocks": 0,                                                                                            
                                                           "Local Read Blocks": 0,                                                                                           
                                                           "Local Dirtied Blocks": 0,                                                                                        
                                                           "Local Written Blocks": 0,                                                                                        
                                                           "Temp Read Blocks": 0,                                                                                            
                                                           "Temp Written Blocks": 0,                                                                                         
                                                           "Plans": [                                                                                                        
                                                             {                                                                                                               
                                                               "Node Type": "Merge Join",                                                                                    
                                                               "Parent Relationship": "Outer",                                                                               
                                                               "Parallel Aware": false,                                                                                      
                                                               "Join Type": "Inner",                                                                                         
                                                               "Startup Cost": 3248.50,                                                                                      
                                                               "Total Cost": 3269.22,                                                                                        
                                                               "Plan Rows": 248,                                                                                             
                                                               "Plan Width": 49,                                                                                             
                                                               "Actual Startup Time": 2613.159,                                                                              
                                                               "Actual Total Time": 2716.658,                                                                                
                                                               "Actual Rows": 88675,                                                                                         
                                                               "Actual Loops": 1,                                                                                            
                                                               "Inner Unique": false,                                                                                        
                                                               "Merge Cond": "(mi_idx.movie_id = cc.movie_id)",                                                              
                                                               "Shared Hit Blocks": 14,                                                                                      
                                                               "Shared Read Blocks": 30958,                                                                                  
                                                               "Shared Dirtied Blocks": 0,                                                                                   
                                                               "Shared Written Blocks": 0,                                                                                   
                                                               "Local Hit Blocks": 0,                                                                                        
                                                               "Local Read Blocks": 0,                                                                                       
                                                               "Local Dirtied Blocks": 0,                                                                                    
                                                               "Local Written Blocks": 0,                                                                                    
                                                               "Temp Read Blocks": 0,                                                                                        
                                                               "Temp Written Blocks": 0,                                                                                     
                                                               "Plans": [                                                                                                    
                                                                 {                                                                                                           
                                                                   "Node Type": "Sort",                                                                                      
                                                                   "Parent Relationship": "Outer",                                                                           
                                                                   "Parallel Aware": false,                                                                                  
                                                                   "Startup Cost": 2858.73,                                                                                  
                                                                   "Total Cost": 2858.79,                                                                                    
                                                                   "Plan Rows": 846,                                                                                         
                                                                   "Plan Width": 37,                                                                                         
                                                                   "Actual Startup Time": 2496.828,                                                                          
                                                                   "Actual Total Time": 2520.156,                                                                            
                                                                   "Actual Rows": 178762,                                                                                    
                                                                   "Actual Loops": 1,                                                                                        
                                                                   "Sort Key": ["mi_idx.movie_id"],                                                                          
                                                                   "Sort Method": "quicksort",                                                                               
                                                                   "Sort Space Used": 21357,                                                                                 
                                                                   "Sort Space Type": "Memory",                                                                              
                                                                   "Shared Hit Blocks": 12,                                                                                  
                                                                   "Shared Read Blocks": 30229,                                                                              
                                                                   "Shared Dirtied Blocks": 0,                                                                               
                                                                   "Shared Written Blocks": 0,                                                                               
                                                                   "Local Hit Blocks": 0,                                                                                    
                                                                   "Local Read Blocks": 0,                                                                                   
                                                                   "Local Dirtied Blocks": 0,                                                                                
                                                                   "Local Written Blocks": 0,                                                                                
                                                                   "Temp Read Blocks": 0,                                                                                    
                                                                   "Temp Written Blocks": 0,                                                                                 
                                                                   "Plans": [                                                                                                
                                                                     {                                                                                                       
                                                                       "Node Type": "Merge Join",                                                                            
                                                                       "Parent Relationship": "Outer",                                                                       
                                                                       "Parallel Aware": false,                                                                              
                                                                       "Join Type": "Inner",                                                                                 
                                                                       "Startup Cost": 2837.55,                                                                              
                                                                       "Total Cost": 2857.45,                                                                                
                                                                       "Plan Rows": 846,                                                                                     
                                                                       "Plan Width": 37,                                                                                     
                                                                       "Actual Startup Time": 2313.256,                                                                      
                                                                       "Actual Total Time": 2418.564,                                                                        
                                                                       "Actual Rows": 178762,                                                                                
                                                                       "Actual Loops": 1,                                                                                    
                                                                       "Inner Unique": false,                                                                                
                                                                       "Merge Cond": "(cn.id = mc.company_id)",                                                              
                                                                       "Shared Hit Blocks": 8,                                                                               
                                                                       "Shared Read Blocks": 30229,                                                                          
                                                                       "Shared Dirtied Blocks": 0,                                                                           
                                                                       "Shared Written Blocks": 0,                                                                           
                                                                       "Local Hit Blocks": 0,                                                                                
                                                                       "Local Read Blocks": 0,                                                                               
                                                                       "Local Dirtied Blocks": 0,                                                                            
                                                                       "Local Written Blocks": 0,                                                                            
                                                                       "Temp Read Blocks": 0,                                                                                
                                                                       "Temp Written Blocks": 0,                                                                             
                                                                       "Plans": [                                                                                            
                                                                         {                                                                                                   
                                                                           "Node Type": "Sort",                                                                              
                                                                           "Parent Relationship": "Outer",                                                                   
                                                                           "Parallel Aware": false,                                                                          
                                                                           "Startup Cost": 460.56,                                                                           
                                                                           "Total Cost": 470.36,                                                                             
                                                                           "Plan Rows": 126230,                                                                              
                                                                           "Plan Width": 23,                                                                                 
                                                                           "Actual Startup Time": 168.480,                                                                   
                                                                           "Actual Total Time": 183.986,                                                                     
                                                                           "Actual Rows": 125685,                                                                            
                                                                           "Actual Loops": 1,                                                                                
                                                                           "Sort Key": ["cn.id"],                                                                            
                                                                           "Sort Method": "quicksort",                                                                       
                                                                           "Sort Space Used": 12077,                                                                         
                                                                           "Sort Space Type": "Memory",                                                                      
                                                                           "Shared Hit Blocks": 2,                                                                           
                                                                           "Shared Read Blocks": 2992,                                                                       
                                                                           "Shared Dirtied Blocks": 0,                                                                       
                                                                           "Shared Written Blocks": 0,                                                                       
                                                                           "Local Hit Blocks": 0,                                                                            
                                                                           "Local Read Blocks": 0,                                                                           
                                                                           "Local Dirtied Blocks": 0,                                                                        
                                                                           "Local Written Blocks": 0,                                                                        
                                                                           "Temp Read Blocks": 0,                                                                            
                                                                           "Temp Written Blocks": 0,                                                                         
                                                                           "Plans": [                                                                                        
                                                                             {                                                                                               
                                                                               "Node Type": "Seq Scan",                                                                      
                                                                               "Parent Relationship": "Outer",                                                               
                                                                               "Parallel Aware": false,                                                                      
                                                                               "Relation Name": "company_name",                                                              
                                                                               "Alias": "cn",                                                                                
                                                                               "Startup Cost": 0.00,                                                                         
                                                                               "Total Cost": 128.41,                                                                         
                                                                               "Plan Rows": 126230,                                                                          
                                                                               "Plan Width": 23,                                                                             
                                                                               "Actual Startup Time": 7.919,                                                                 
                                                                               "Actual Total Time": 102.318,                                                                 
                                                                               "Actual Rows": 126230,                                                                        
                                                                               "Actual Loops": 1,                                                                            
                                                                               "Filter": "((country_code)::text <> '[us]'::text)",                                           
                                                                               "Rows Removed by Filter": 108767,                                                             
                                                                               "Shared Hit Blocks": 2,                                                                       
                                                                               "Shared Read Blocks": 2992,                                                                   
                                                                               "Shared Dirtied Blocks": 0,                                                                   
                                                                               "Shared Written Blocks": 0,                                                                   
                                                                               "Local Hit Blocks": 0,                                                                        
                                                                               "Local Read Blocks": 0,                                                                       
                                                                               "Local Dirtied Blocks": 0,                                                                    
                                                                               "Local Written Blocks": 0,                                                                    
                                                                               "Temp Read Blocks": 0,                                                                        
                                                                               "Temp Written Blocks": 0                                                                      
                                                                             }                                                                                               
                                                                           ]                                                                                                 
                                                                         },                                                                                                  
                                                                         {                                                                                                   
                                                                           "Node Type": "Sort",                                                                              
                                                                           "Parent Relationship": "Inner",                                                                   
                                                                           "Parallel Aware": false,                                                                          
                                                                           "Startup Cost": 2376.99,                                                                          
                                                                           "Total Cost": 2377.11,                                                                            
                                                                           "Plan Rows": 1575,                                                                                
                                                                           "Plan Width": 22,                                                                                 
                                                                           "Actual Startup Time": 2144.734,                                                                  
                                                                           "Actual Total Time": 2168.778,                                                                    
                                                                           "Actual Rows": 204359,                                                                            
                                                                           "Actual Loops": 1,                                                                                
                                                                           "Sort Key": ["mc.company_id"],                                                                    
                                                                           "Sort Method": "quicksort",                                                                       
                                                                           "Sort Space Used": 22110,                                                                         
                                                                           "Sort Space Type": "Memory",                                                                      
                                                                           "Shared Hit Blocks": 6,                                                                           
                                                                           "Shared Read Blocks": 27237,                                                                      
                                                                           "Shared Dirtied Blocks": 0,                                                                       
                                                                           "Shared Written Blocks": 0,                                                                       
                                                                           "Local Hit Blocks": 0,                                                                            
                                                                           "Local Read Blocks": 0,                                                                           
                                                                           "Local Dirtied Blocks": 0,                                                                        
                                                                           "Local Written Blocks": 0,                                                                        
                                                                           "Temp Read Blocks": 0,                                                                            
                                                                           "Temp Written Blocks": 0,                                                                         
                                                                           "Plans": [                                                                                        
                                                                             {                                                                                               
                                                                               "Node Type": "Merge Join",                                                                    
                                                                               "Parent Relationship": "Outer",                                                               
                                                                               "Parallel Aware": false,                                                                      
                                                                               "Join Type": "Inner",                                                                         
                                                                               "Startup Cost": 2350.19,                                                                      
                                                                               "Total Cost": 2374.39,                                                                        
                                                                               "Plan Rows": 1575,                                                                            
                                                                               "Plan Width": 22,                                                                             
                                                                               "Actual Startup Time": 1916.739,                                                              
                                                                               "Actual Total Time": 2069.387,                                                                
                                                                               "Actual Rows": 204359,                                                                        
                                                                               "Actual Loops": 1,                                                                            
                                                                               "Inner Unique": false,                                                                        
                                                                               "Merge Cond": "(mi_idx.movie_id = mc.movie_id)",                                              
                                                                               "Shared Hit Blocks": 6,                                                                       
                                                                               "Shared Read Blocks": 27237,                                                                  
                                                                               "Shared Dirtied Blocks": 0,                                                                   
                                                                               "Shared Written Blocks": 0,                                                                   
                                                                               "Local Hit Blocks": 0,                                                                        
                                                                               "Local Read Blocks": 0,                                                                       
                                                                               "Local Dirtied Blocks": 0,                                                                    
                                                                               "Local Written Blocks": 0,                                                                    
                                                                               "Temp Read Blocks": 0,                                                                        
                                                                               "Temp Written Blocks": 0,                                                                     
                                                                               "Plans": [                                                                                    
                                                                                 {                                                                                           
                                                                                   "Node Type": "Sort",                                                                      
                                                                                   "Parent Relationship": "Outer",                                                           
                                                                                   "Parallel Aware": false,                                                                  
                                                                                   "Startup Cost": 794.27,                                                                   
                                                                                   "Total Cost": 795.20,                                                                     
                                                                                   "Plan Rows": 11890,                                                                       
                                                                                   "Plan Width": 10,                                                                         
                                                                                   "Actual Startup Time": 963.787,                                                           
                                                                                   "Actual Total Time": 984.621,                                                             
                                                                                   "Actual Rows": 454220,                                                                    
                                                                                   "Actual Loops": 1,                                                                        
                                                                                   "Sort Key": ["mi_idx.movie_id"],                                                          
                                                                                   "Sort Method": "quicksort",                                                               
                                                                                   "Sort Space Used": 33581,                                                                 
                                                                                   "Sort Space Type": "Memory",                                                              
                                                                                   "Shared Hit Blocks": 3,                                                                   
                                                                                   "Shared Read Blocks": 8451,                                                               
                                                                                   "Shared Dirtied Blocks": 0,                                                               
                                                                                   "Shared Written Blocks": 0,                                                               
                                                                                   "Local Hit Blocks": 0,                                                                    
                                                                                   "Local Read Blocks": 0,                                                                   
                                                                                   "Local Dirtied Blocks": 0,                                                                
                                                                                   "Local Written Blocks": 0,                                                                
                                                                                   "Temp Read Blocks": 0,                                                                    
                                                                                   "Temp Written Blocks": 0,                                                                 
                                                                                   "Plans": [                                                                                
                                                                                     {                                                                                       
                                                                                       "Node Type": "Nested Loop",                                                           
                                                                                       "Parent Relationship": "Outer",                                                       
                                                                                       "Parallel Aware": false,                                                              
                                                                                       "Join Type": "Inner",                                                                 
                                                                                       "Startup Cost": 0.00,                                                                 
                                                                                       "Total Cost": 769.28,                                                                 
                                                                                       "Plan Rows": 11890,                                                                   
                                                                                       "Plan Width": 10,                                                                     
                                                                                       "Actual Startup Time": 0.041,                                                         
                                                                                       "Actual Total Time": 797.783,                                                         
                                                                                       "Actual Rows": 454230,                                                                
                                                                                       "Actual Loops": 1,                                                                    
                                                                                       "Inner Unique": true,                                                                 
                                                                                       "Join Filter": "(it.id = mi_idx.info_type_id)",                                      
                                                                                       "Rows Removed by Join Filter": 889325,                                                
                                                                                       "Shared Hit Blocks": 3,                                                               
                                                                                       "Shared Read Blocks": 8451,                                                           
                                                                                       "Shared Dirtied Blocks": 0,                                                           
                                                                                       "Shared Written Blocks": 0,                                                           
                                                                                       "Local Hit Blocks": 0,                                                                
                                                                                       "Local Read Blocks": 0,                                                               
                                                                                       "Local Dirtied Blocks": 0,                                                            
                                                                                       "Local Written Blocks": 0,                                                            
                                                                                       "Temp Read Blocks": 0,                                                                
                                                                                       "Temp Written Blocks": 0,                                                             
                                                                                       "Plans": [                                                                            
                                                                                         {                                                                                   
                                                                                           "Node Type": "Seq Scan",                                                          
                                                                                           "Parent Relationship": "Outer",                                                   
                                                                                           "Parallel Aware": false,                                                          
                                                                                           "Relation Name": "movie_info_idx",                                                
                                                                                           "Alias": "mi_idx",                                                                
                                                                                           "Startup Cost": 0.00,                                                             
                                                                                           "Total Cost": 467.71,                                                             
                                                                                           "Plan Rows": 1343551,                                                             
                                                                                           "Plan Width": 14,                                                                 
                                                                                           "Actual Startup Time": 0.011,                                                     
                                                                                           "Actual Total Time": 353.565,                                                     
                                                                                           "Actual Rows": 1343555,                                                           
                                                                                           "Actual Loops": 1,                                                                
                                                                                           "Filter": "(info < '8.5'::text)",                                                 
                                                                                           "Rows Removed by Filter": 36480,                                                  
                                                                                           "Shared Hit Blocks": 2,                                                           
                                                                                           "Shared Read Blocks": 8451,                                                       
                                                                                           "Shared Dirtied Blocks": 0,                                                       
                                                                                           "Shared Written Blocks": 0,                                                       
                                                                                           "Local Hit Blocks": 0,                                                            
                                                                                           "Local Read Blocks": 0,                                                           
                                                                                           "Local Dirtied Blocks": 0,                                                        
                                                                                           "Local Written Blocks": 0,                                                        
                                                                                           "Temp Read Blocks": 0,                                                            
                                                                                           "Temp Written Blocks": 0                                                          
                                                                                         },                                                                                  
                                                                                         {                                                                                   
                                                                                           "Node Type": "Materialize",                                                       
                                                                                           "Parent Relationship": "Inner",                                                   
                                                                                           "Parallel Aware": false,                                                          
                                                                                           "Startup Cost": 0.00,                                                             
                                                                                           "Total Cost": 0.05,                                                               
                                                                                           "Plan Rows": 1,                                                                   
                                                                                           "Plan Width": 4,                                                                  
                                                                                           "Actual Startup Time": 0.000,                                                     
                                                                                           "Actual Total Time": 0.000,                                                       
                                                                                           "Actual Rows": 1,                                                                 
                                                                                           "Actual Loops": 1343555,                                                          
                                                                                           "Shared Hit Blocks": 1,                                                           
                                                                                           "Shared Read Blocks": 0,                                                          
                                                                                           "Shared Dirtied Blocks": 0,                                                       
                                                                                           "Shared Written Blocks": 0,                                                       
                                                                                           "Local Hit Blocks": 0,                                                            
                                                                                           "Local Read Blocks": 0,                                                           
                                                                                           "Local Dirtied Blocks": 0,                                                        
                                                                                           "Local Written Blocks": 0,                                                        
                                                                                           "Temp Read Blocks": 0,                                                            
                                                                                           "Temp Written Blocks": 0,                                                         
                                                                                           "Plans": [                                                                        
                                                                                             {                                                                               
                                                                                               "Node Type": "Seq Scan",                                                      
                                                                                               "Parent Relationship": "Outer",                                               
                                                                                               "Parallel Aware": false,                                                      
                                                                                               "Relation Name": "info_type",                                                 
                                                                                               "Alias": "it",                                                               
                                                                                               "Startup Cost": 0.00,                                                         
                                                                                               "Total Cost": 0.05,                                                           
                                                                                               "Plan Rows": 1,                                                               
                                                                                               "Plan Width": 4,                                                              
                                                                                               "Actual Startup Time": 0.017,                                                 
                                                                                               "Actual Total Time": 0.018,                                                   
                                                                                               "Actual Rows": 1,                                                             
                                                                                               "Actual Loops": 1,                                                            
                                                                                               "Filter": "((info)::text = 'rating'::text)",                                  
                                                                                               "Rows Removed by Filter": 112,                                                
                                                                                               "Shared Hit Blocks": 1,                                                       
                                                                                               "Shared Read Blocks": 0,                                                      
                                                                                               "Shared Dirtied Blocks": 0,                                                   
                                                                                               "Shared Written Blocks": 0,                                                   
                                                                                               "Local Hit Blocks": 0,                                                        
                                                                                               "Local Read Blocks": 0,                                                       
                                                                                               "Local Dirtied Blocks": 0,                                                    
                                                                                               "Local Written Blocks": 0,                                                    
                                                                                               "Temp Read Blocks": 0,                                                        
                                                                                               "Temp Written Blocks": 0                                                      
                                                                                             }                                                                               
                                                                                           ]                                                                                 
                                                                                         }                                                                                   
                                                                                       ]                                                                                     
                                                                                     }                                                                                       
                                                                                   ]                                                                                         
                                                                                 },                                                                                          
                                                                                 {                                                                                           
                                                                                   "Node Type": "Sort",                                                                      
                                                                                   "Parent Relationship": "Inner",                                                           
                                                                                   "Parallel Aware": false,                                                                  
                                                                                   "Startup Cost": 1555.92,                                                                  
                                                                                   "Total Cost": 1567.04,                                                                    
                                                                                   "Plan Rows": 143259,                                                                      
                                                                                   "Plan Width": 12,                                                                         
                                                                                   "Actual Startup Time": 952.942,                                                           
                                                                                   "Actual Total Time": 967.418,                                                             
                                                                                   "Actual Rows": 303271,                                                                    
                                                                                   "Actual Loops": 1,                                                                        
                                                                                   "Sort Key": ["mc.movie_id"],                                                              
                                                                                   "Sort Method": "quicksort",                                                               
                                                                                   "Sort Space Used": 26504,                                                                 
                                                                                   "Sort Space Type": "Memory",                                                              
                                                                                   "Shared Hit Blocks": 3,                                                                   
                                                                                   "Shared Read Blocks": 18786,                                                              
                                                                                   "Shared Dirtied Blocks": 0,                                                               
                                                                                   "Shared Written Blocks": 0,                                                               
                                                                                   "Local Hit Blocks": 0,                                                                    
                                                                                   "Local Read Blocks": 0,                                                                   
                                                                                   "Local Dirtied Blocks": 0,                                                                
                                                                                   "Local Written Blocks": 0,                                                                
                                                                                   "Temp Read Blocks": 0,                                                                    
                                                                                   "Temp Written Blocks": 0,                                                                 
                                                                                   "Plans": [                                                                                
                                                                                     {                                                                                       
                                                                                       "Node Type": "Seq Scan",                                                              
                                                                                       "Parent Relationship": "Outer",                                                       
                                                                                       "Parallel Aware": false,                                                              
                                                                                       "Relation Name": "movie_companies",                                                   
                                                                                       "Alias": "mc",                                                                        
                                                                                       "Startup Cost": 0.00,                                                                 
                                                                                       "Total Cost": 1174.90,                                                                
                                                                                       "Plan Rows": 143259,                                                                  
                                                                                       "Plan Width": 12,                                                                     
                                                                                       "Actual Startup Time": 0.015,                                                         
                                                                                       "Actual Total Time": 842.483,                                                         
                                                                                       "Actual Rows": 303271,                                                                
                                                                                       "Actual Loops": 1,                                                                    
                                                                                       "Filter": "((note !~~ '%(USA)%'::text) AND (note ~~ '%(200%)%'::text))",              
                                                                                       "Rows Removed by Filter": 2305858,                                                    
                                                                                       "Shared Hit Blocks": 3,                                                               
                                                                                       "Shared Read Blocks": 18786,                                                          
                                                                                       "Shared Dirtied Blocks": 0,                                                           
                                                                                       "Shared Written Blocks": 0,                                                           
                                                                                       "Local Hit Blocks": 0,                                                                
                                                                                       "Local Read Blocks": 0,                                                               
                                                                                       "Local Dirtied Blocks": 0,                                                            
                                                                                       "Local Written Blocks": 0,                                                            
                                                                                       "Temp Read Blocks": 0,                                                                
                                                                                       "Temp Written Blocks": 0                                                              
                                                                                     }                                                                                       
                                                                                   ]                                                                                         
                                                                                 }                                                                                           
                                                                               ]                                                                                             
                                                                             }                                                                                               
                                                                           ]                                                                                                 
                                                                         }                                                                                                   
                                                                       ]                                                                                                     
                                                                     }                                                                                                       
                                                                   ]                                                                                                         
                                                                 },                                                                                                          
                                                                 {                                                                                                           
                                                                   "Node Type": "Sort",                                                                                      
                                                                   "Parent Relationship": "Inner",                                                                           
                                                                   "Parallel Aware": false,                                                                                  
                                                                   "Startup Cost": 389.78,                                                                                   
                                                                   "Total Cost": 400.26,                                                                                     
                                                                   "Plan Rows": 135086,                                                                                      
                                                                   "Plan Width": 12,                                                                                         
                                                                   "Actual Startup Time": 116.289,                                                                           
                                                                   "Actual Total Time": 129.077,                                                                             
                                                                   "Actual Rows": 196257,                                                                                    
                                                                   "Actual Loops": 1,                                                                                        
                                                                   "Sort Key": ["cc.movie_id"],                                                                              
                                                                   "Sort Method": "quicksort",                                                                               
                                                                   "Sort Space Used": 12477,                                                                                 
                                                                   "Sort Space Type": "Memory",                                                                              
                                                                   "Shared Hit Blocks": 2,                                                                                   
                                                                   "Shared Read Blocks": 729,                                                                                
                                                                   "Shared Dirtied Blocks": 0,                                                                               
                                                                   "Shared Written Blocks": 0,                                                                               
                                                                   "Local Hit Blocks": 0,                                                                                    
                                                                   "Local Read Blocks": 0,                                                                                   
                                                                   "Local Dirtied Blocks": 0,                                                                                
                                                                   "Local Written Blocks": 0,                                                                                
                                                                   "Temp Read Blocks": 0,                                                                                    
                                                                   "Temp Written Blocks": 0,                                                                                 
                                                                   "Plans": [                                                                                                
                                                                     {                                                                                                       
                                                                       "Node Type": "Seq Scan",                                                                              
                                                                       "Parent Relationship": "Outer",                                                                       
                                                                       "Parallel Aware": false,                                                                              
                                                                       "Relation Name": "complete_cast",                                                                     
                                                                       "Alias": "cc",                                                                                        
                                                                       "Startup Cost": 0.00,                                                                                 
                                                                       "Total Cost": 32.27,                                                                                  
                                                                       "Plan Rows": 135086,                                                                                  
                                                                       "Plan Width": 12,                                                                                     
                                                                       "Actual Startup Time": 26.014,                                                                        
                                                                       "Actual Total Time": 59.387,                                                                          
                                                                       "Actual Rows": 135086,                                                                                
                                                                       "Actual Loops": 1,                                                                                    
                                                                       "Shared Hit Blocks": 2,                                                                               
                                                                       "Shared Read Blocks": 729,                                                                            
                                                                       "Shared Dirtied Blocks": 0,                                                                           
                                                                       "Shared Written Blocks": 0,                                                                           
                                                                       "Local Hit Blocks": 0,                                                                                
                                                                       "Local Read Blocks": 0,                                                                               
                                                                       "Local Dirtied Blocks": 0,                                                                            
                                                                       "Local Written Blocks": 0,                                                                            
                                                                       "Temp Read Blocks": 0,                                                                                
                                                                       "Temp Written Blocks": 0                                                                              
                                                                     }                                                                                                       
                                                                   ]                                                                                                         
                                                                 }                                                                                                           
                                                               ]                                                                                                             
                                                             },                                                                                                              
                                                             {                                                                                                               
                                                               "Node Type": "Materialize",                                                                                   
                                                               "Parent Relationship": "Inner",                                                                               
                                                               "Parallel Aware": false,                                                                                      
                                                               "Startup Cost": 0.00,                                                                                         
                                                               "Total Cost": 0.03,                                                                                           
                                                               "Plan Rows": 3,                                                                                               
                                                               "Plan Width": 4,                                                                                              
                                                               "Actual Startup Time": 0.000,                                                                                 
                                                               "Actual Total Time": 0.000,                                                                                   
                                                               "Actual Rows": 3,                                                                                             
                                                               "Actual Loops": 88675,                                                                                        
                                                               "Shared Hit Blocks": 1,                                                                                       
                                                               "Shared Read Blocks": 0,                                                                                      
                                                               "Shared Dirtied Blocks": 0,                                                                                   
                                                               "Shared Written Blocks": 0,                                                                                   
                                                               "Local Hit Blocks": 0,                                                                                        
                                                               "Local Read Blocks": 0,                                                                                       
                                                               "Local Dirtied Blocks": 0,                                                                                    
                                                               "Local Written Blocks": 0,                                                                                    
                                                               "Temp Read Blocks": 0,                                                                                        
                                                               "Temp Written Blocks": 0,                                                                                     
                                                               "Plans": [                                                                                                    
                                                                 {                                                                                                           
                                                                   "Node Type": "Seq Scan",                                                                                  
                                                                   "Parent Relationship": "Outer",                                                                           
                                                                   "Parallel Aware": false,                                                                                  
                                                                   "Relation Name": "comp_cast_type",                                                                        
                                                                   "Alias": "cct",                                                                                          
                                                                   "Startup Cost": 0.00,                                                                                     
                                                                   "Total Cost": 0.03,                                                                                       
                                                                   "Plan Rows": 3,                                                                                           
                                                                   "Plan Width": 4,                                                                                          
                                                                   "Actual Startup Time": 0.008,                                                                             
                                                                   "Actual Total Time": 0.009,                                                                               
                                                                   "Actual Rows": 3,                                                                                         
                                                                   "Actual Loops": 1,                                                                                        
                                                                   "Filter": "((kind)::text <> 'completeverified'::text)",                                                  
                                                                   "Rows Removed by Filter": 1,                                                                              
                                                                   "Shared Hit Blocks": 1,                                                                                   
                                                                   "Shared Read Blocks": 0,                                                                                  
                                                                   "Shared Dirtied Blocks": 0,                                                                               
                                                                   "Shared Written Blocks": 0,                                                                               
                                                                   "Local Hit Blocks": 0,                                                                                    
                                                                   "Local Read Blocks": 0,                                                                                   
                                                                   "Local Dirtied Blocks": 0,                                                                                
                                                                   "Local Written Blocks": 0,                                                                                
                                                                   "Temp Read Blocks": 0,                                                                                    
                                                                   "Temp Written Blocks": 0                                                                                  
                                                                 }                                                                                                           
                                                               ]                                                                                                             
                                                             }                                                                                                               
                                                           ]                                                                                                                 
                                                         },                                                                                                                  
                                                         {                                                                                                                   
                                                           "Node Type": "Materialize",                                                                                       
                                                           "Parent Relationship": "Inner",                                                                                   
                                                           "Parallel Aware": false,                                                                                          
                                                           "Startup Cost": 0.00,                                                                                             
                                                           "Total Cost": 0.03,                                                                                               
                                                           "Plan Rows": 1,                                                                                                   
                                                           "Plan Width": 4,                                                                                                  
                                                           "Actual Startup Time": 0.000,                                                                                     
                                                           "Actual Total Time": 0.000,                                                                                       
                                                           "Actual Rows": 1,                                                                                                 
                                                           "Actual Loops": 51861,                                                                                            
                                                           "Shared Hit Blocks": 1,                                                                                           
                                                           "Shared Read Blocks": 0,                                                                                          
                                                           "Shared Dirtied Blocks": 0,                                                                                       
                                                           "Shared Written Blocks": 0,                                                                                       
                                                           "Local Hit Blocks": 0,                                                                                            
                                                           "Local Read Blocks": 0,                                                                                           
                                                           "Local Dirtied Blocks": 0,                                                                                        
                                                           "Local Written Blocks": 0,                                                                                        
                                                           "Temp Read Blocks": 0,                                                                                            
                                                           "Temp Written Blocks": 0,                                                                                         
                                                           "Plans": [                                                                                                        
                                                             {                                                                                                               
                                                               "Node Type": "Seq Scan",                                                                                      
                                                               "Parent Relationship": "Outer",                                                                               
                                                               "Parallel Aware": false,                                                                                      
                                                               "Relation Name": "comp_cast_type",                                                                            
                                                               "Alias": "cct",                                                                                              
                                                               "Startup Cost": 0.00,                                                                                         
                                                               "Total Cost": 0.03,                                                                                           
                                                               "Plan Rows": 1,                                                                                               
                                                               "Plan Width": 4,                                                                                              
                                                               "Actual Startup Time": 0.003,                                                                                 
                                                               "Actual Total Time": 0.004,                                                                                   
                                                               "Actual Rows": 1,                                                                                             
                                                               "Actual Loops": 1,                                                                                            
                                                               "Filter": "((kind)::text = 'crew'::text)",                                                                    
                                                               "Rows Removed by Filter": 3,                                                                                  
                                                               "Shared Hit Blocks": 1,                                                                                       
                                                               "Shared Read Blocks": 0,                                                                                      
                                                               "Shared Dirtied Blocks": 0,                                                                                   
                                                               "Shared Written Blocks": 0,                                                                                   
                                                               "Local Hit Blocks": 0,                                                                                        
                                                               "Local Read Blocks": 0,                                                                                       
                                                               "Local Dirtied Blocks": 0,                                                                                    
                                                               "Local Written Blocks": 0,                                                                                    
                                                               "Temp Read Blocks": 0,                                                                                        
                                                               "Temp Written Blocks": 0                                                                                      
                                                             }                                                                                                               
                                                           ]                                                                                                                 
                                                         }                                                                                                                   
                                                       ]                                                                                                                     
                                                     },                                                                                                                      
                                                     {                                                                                                                       
                                                       "Node Type": "Sort",                                                                                                  
                                                       "Parent Relationship": "Inner",                                                                                       
                                                       "Parallel Aware": false,                                                                                              
                                                       "Startup Cost": 14018.62,                                                                                             
                                                       "Total Cost": 14074.05,                                                                                               
                                                       "Plan Rows": 713896,                                                                                                  
                                                       "Plan Width": 8,                                                                                                      
                                                       "Actual Startup Time": 8585.292,                                                                                      
                                                       "Actual Total Time": 8623.241,                                                                                        
                                                       "Actual Rows": 730506,                                                                                                
                                                       "Actual Loops": 1,                                                                                                    
                                                       "Sort Key": ["mi.movie_id"],                                                                                          
                                                       "Sort Method": "quicksort",                                                                                           
                                                       "Sort Space Used": 58149,                                                                                             
                                                       "Sort Space Type": "Memory",                                                                                          
                                                       "Shared Hit Blocks": 2,                                                                                               
                                                       "Shared Read Blocks": 161890,                                                                                         
                                                       "Shared Dirtied Blocks": 0,                                                                                           
                                                       "Shared Written Blocks": 0,                                                                                           
                                                       "Local Hit Blocks": 0,                                                                                                
                                                       "Local Read Blocks": 0,                                                                                               
                                                       "Local Dirtied Blocks": 0,                                                                                            
                                                       "Local Written Blocks": 0,                                                                                            
                                                       "Temp Read Blocks": 0,                                                                                                
                                                       "Temp Written Blocks": 0,                                                                                             
                                                       "Plans": [                                                                                                            
                                                         {                                                                                                                   
                                                           "Node Type": "Seq Scan",                                                                                          
                                                           "Parent Relationship": "Outer",                                                                                   
                                                           "Parallel Aware": false,                                                                                          
                                                           "Relation Name": "movie_info",                                                                                    
                                                           "Alias": "mi",                                                                                                    
                                                           "Startup Cost": 0.00,                                                                                             
                                                           "Total Cost": 11863.04,                                                                                           
                                                           "Plan Rows": 713896,                                                                                              
                                                           "Plan Width": 8,                                                                                                  
                                                           "Actual Startup Time": 30.266,                                                                                    
                                                           "Actual Total Time": 8335.194,                                                                                    
                                                           "Actual Rows": 716210,                                                                                            
                                                           "Actual Loops": 1,                                                                                                
                                                           "Filter": "(info = ANY ('{Sweden,Norway,Germany,Denmark,Swedish,Danish,Norwegian,German,USA,American}'::text[]))",
                                                           "Rows Removed by Filter": 14119510,                                                                               
                                                           "Shared Hit Blocks": 2,                                                                                           
                                                           "Shared Read Blocks": 161890,                                                                                     
                                                           "Shared Dirtied Blocks": 0,                                                                                       
                                                           "Shared Written Blocks": 0,                                                                                       
                                                           "Local Hit Blocks": 0,                                                                                            
                                                           "Local Read Blocks": 0,                                                                                           
                                                           "Local Dirtied Blocks": 0,                                                                                        
                                                           "Local Written Blocks": 0,                                                                                        
                                                           "Temp Read Blocks": 0,                                                                                            
                                                           "Temp Written Blocks": 0                                                                                          
                                                         }                                                                                                                   
                                                       ]                                                                                                                     
                                                     }                                                                                                                       
                                                   ]                                                                                                                         
                                                 },                                                                                                                          
                                                 {                                                                                                                           
                                                   "Node Type": "Materialize",                                                                                               
                                                   "Parent Relationship": "Inner",                                                                                           
                                                   "Parallel Aware": false,                                                                                                  
                                                   "Startup Cost": 0.00,                                                                                                     
                                                   "Total Cost": 0.05,                                                                                                       
                                                   "Plan Rows": 1,                                                                                                           
                                                   "Plan Width": 4,                                                                                                          
                                                   "Actual Startup Time": 0.000,                                                                                             
                                                   "Actual Total Time": 0.000,                                                                                               
                                                   "Actual Rows": 1,                                                                                                         
                                                   "Actual Loops": 20856,                                                                                                    
                                                   "Shared Hit Blocks": 1,                                                                                                   
                                                   "Shared Read Blocks": 0,                                                                                                  
                                                   "Shared Dirtied Blocks": 0,                                                                                               
                                                   "Shared Written Blocks": 0,                                                                                               
                                                   "Local Hit Blocks": 0,                                                                                                    
                                                   "Local Read Blocks": 0,                                                                                                   
                                                   "Local Dirtied Blocks": 0,                                                                                                
                                                   "Local Written Blocks": 0,                                                                                                
                                                   "Temp Read Blocks": 0,                                                                                                    
                                                   "Temp Written Blocks": 0,                                                                                                 
                                                   "Plans": [                                                                                                                
                                                     {                                                                                                                       
                                                       "Node Type": "Seq Scan",                                                                                              
                                                       "Parent Relationship": "Outer",                                                                                       
                                                       "Parallel Aware": false,                                                                                              
                                                       "Relation Name": "info_type",                                                                                         
                                                       "Alias": "it",                                                                                                       
                                                       "Startup Cost": 0.00,                                                                                                 
                                                       "Total Cost": 0.05,                                                                                                   
                                                       "Plan Rows": 1,                                                                                                       
                                                       "Plan Width": 4,                                                                                                      
                                                       "Actual Startup Time": 0.015,                                                                                         
                                                       "Actual Total Time": 0.026,                                                                                           
                                                       "Actual Rows": 1,                                                                                                     
                                                       "Actual Loops": 1,                                                                                                    
                                                       "Filter": "((info)::text = 'countries'::text)",                                                                       
                                                       "Rows Removed by Filter": 112,                                                                                        
                                                       "Shared Hit Blocks": 1,                                                                                               
                                                       "Shared Read Blocks": 0,                                                                                              
                                                       "Shared Dirtied Blocks": 0,                                                                                           
                                                       "Shared Written Blocks": 0,                                                                                           
                                                       "Local Hit Blocks": 0,                                                                                                
                                                       "Local Read Blocks": 0,                                                                                               
                                                       "Local Dirtied Blocks": 0,                                                                                            
                                                       "Local Written Blocks": 0,                                                                                            
                                                       "Temp Read Blocks": 0,                                                                                                
                                                       "Temp Written Blocks": 0                                                                                              
                                                     }                                                                                                                       
                                                   ]                                                                                                                         
                                                 }                                                                                                                           
                                               ]                                                                                                                             
                                             }                                                                                                                               
                                           ]                                                                                                                                 
                                         }                                                                                                                                   
                                       ]                                                                                                                                     
                                     },                                                                                                                                      
                                     {                                                                                                                                       
                                       "Node Type": "Materialize",                                                                                                           
                                       "Parent Relationship": "Inner",                                                                                                       
                                       "Parallel Aware": false,                                                                                                              
                                       "Startup Cost": 0.00,                                                                                                                 
                                       "Total Cost": 59.88,                                                                                                                  
                                       "Plan Rows": 4,                                                                                                                       
                                       "Plan Width": 4,                                                                                                                      
                                       "Actual Startup Time": 0.000,                                                                                                         
                                       "Actual Total Time": 0.000,                                                                                                           
                                       "Actual Rows": 3,                                                                                                                     
                                       "Actual Loops": 1074761,                                                                                                              
                                       "Shared Hit Blocks": 2,                                                                                                               
                                       "Shared Read Blocks": 947,                                                                                                            
                                       "Shared Dirtied Blocks": 0,                                                                                                           
                                       "Shared Written Blocks": 0,                                                                                                           
                                       "Local Hit Blocks": 0,                                                                                                                
                                       "Local Read Blocks": 0,                                                                                                               
                                       "Local Dirtied Blocks": 0,                                                                                                            
                                       "Local Written Blocks": 0,                                                                                                            
                                       "Temp Read Blocks": 0,                                                                                                                
                                       "Temp Written Blocks": 0,                                                                                                             
                                       "Plans": [                                                                                                                            
                                         {                                                                                                                                   
                                           "Node Type": "Seq Scan",                                                                                                          
                                           "Parent Relationship": "Outer",                                                                                                   
                                           "Parallel Aware": false,                                                                                                          
                                           "Relation Name": "keyword",                                                                                                       
                                           "Alias": "k",                                                                                                                     
                                           "Startup Cost": 0.00,                                                                                                             
                                           "Total Cost": 59.88,                                                                                                              
                                           "Plan Rows": 4,                                                                                                                   
                                           "Plan Width": 4,                                                                                                                  
                                           "Actual Startup Time": 22.405,                                                                                                    
                                           "Actual Total Time": 82.382,                                                                                                      
                                           "Actual Rows": 3,                                                                                                                 
                                           "Actual Loops": 1,                                                                                                                
                                           "Filter": "(keyword = ANY ('{murder,murder-in-title,blood,violence}'::text[]))",                                                  
                                           "Rows Removed by Filter": 134167,                                                                                                 
                                           "Shared Hit Blocks": 2,                                                                                                           
                                           "Shared Read Blocks": 947,                                                                                                        
                                           "Shared Dirtied Blocks": 0,                                                                                                       
                                           "Shared Written Blocks": 0,                                                                                                       
                                           "Local Hit Blocks": 0,                                                                                                            
                                           "Local Read Blocks": 0,                                                                                                           
                                           "Local Dirtied Blocks": 0,                                                                                                        
                                           "Local Written Blocks": 0,                                                                                                        
                                           "Temp Read Blocks": 0,                                                                                                            
                                           "Temp Written Blocks": 0                                                                                                          
                                         }                                                                                                                                   
                                       ]                                                                                                                                     
                                     }                                                                                                                                       
                                   ]                                                                                                                                         
                                 }                                                                                                                                           
                               ]                                                                                                                                             
                             }                                                                                                                                               
                           ]                                                                                                                                                 
                         }                                                                                                                                                   
                       ]                                                                                                                                                     
                     }                                                                                                                                                       
                   ]                                                                                                                                                         
                 }                                                                                                                                                           
               ]                                                                                                                                                             
             }                                                                                                                                                               
           ]                                                                                                                                                                 
         }                                                                                                                                                                   
       ]                                                                                                                                                                     
     },                                                                                                                                                                      
     "Planning Time": 15187.735,                                                                                                                                             
     "Triggers": [                                                                                                                                                           
     ],                                                                                                                                                                      
     "Execution Time": 12569887.652                                                                                                                                          
   }                                                                                                                                                                         
 ]
