 [                                                                                                                                                                  
   {                                                                                                                                                                
     "Plan": {                                                                                                                                                      
       "Node Type": "Aggregate",                                                                                                                                    
       "Strategy": "Plain",                                                                                                                                         
       "Partial Mode": "Simple",                                                                                                                                    
       "Parallel Aware": false,                                                                                                                                     
       "Startup Cost": 14935.66,                                                                                                                                    
       "Total Cost": 14935.66,                                                                                                                                      
       "Plan Rows": 1,                                                                                                                                              
       "Plan Width": 96,                                                                                                                                            
       "Actual Startup Time": 1073023.961,                                                                                                                          
       "Actual Total Time": 1073023.961,                                                                                                                            
       "Actual Rows": 1,                                                                                                                                            
       "Actual Loops": 1,                                                                                                                                           
       "Shared Hit Blocks": 28,                                                                                                                                     
       "Shared Read Blocks": 254242,                                                                                                                                
       "Shared Dirtied Blocks": 0,                                                                                                                                  
       "Shared Written Blocks": 0,                                                                                                                                  
       "Local Hit Blocks": 0,                                                                                                                                       
       "Local Read Blocks": 0,                                                                                                                                      
       "Local Dirtied Blocks": 0,                                                                                                                                   
       "Local Written Blocks": 0,                                                                                                                                   
       "Temp Read Blocks": 0,                                                                                                                                       
       "Temp Written Blocks": 0,                                                                                                                                    
       "Plans": [                                                                                                                                                   
         {                                                                                                                                                          
           "Node Type": "Nested Loop",                                                                                                                              
           "Parent Relationship": "Outer",                                                                                                                          
           "Parallel Aware": false,                                                                                                                                 
           "Join Type": "Inner",                                                                                                                                    
           "Startup Cost": 9299.41,                                                                                                                                 
           "Total Cost": 14935.66,                                                                                                                                  
           "Plan Rows": 1,                                                                                                                                          
           "Plan Width": 42,                                                                                                                                        
           "Actual Startup Time": 1070074.822,                                                                                                                      
           "Actual Total Time": 1073023.828,                                                                                                                        
           "Actual Rows": 148,                                                                                                                                      
           "Actual Loops": 1,                                                                                                                                       
           "Inner Unique": false,                                                                                                                                   
           "Join Filter": "(mc.company_id = cn.id)",                                                                                                                
           "Rows Removed by Join Filter": 18934352,                                                                                                                 
           "Shared Hit Blocks": 28,                                                                                                                                 
           "Shared Read Blocks": 254242,                                                                                                                            
           "Shared Dirtied Blocks": 0,                                                                                                                              
           "Shared Written Blocks": 0,                                                                                                                              
           "Local Hit Blocks": 0,                                                                                                                                   
           "Local Read Blocks": 0,                                                                                                                                  
           "Local Dirtied Blocks": 0,                                                                                                                               
           "Local Written Blocks": 0,                                                                                                                               
           "Temp Read Blocks": 0,                                                                                                                                   
           "Temp Written Blocks": 0,                                                                                                                                
           "Plans": [                                                                                                                                               
             {                                                                                                                                                      
               "Node Type": "Seq Scan",                                                                                                                             
               "Parent Relationship": "Outer",                                                                                                                      
               "Parallel Aware": false,                                                                                                                             
               "Relation Name": "company_name",                                                                                                                     
               "Alias": "cn",                                                                                                                                       
               "Startup Cost": 0.00,                                                                                                                                
               "Total Cost": 128.41,                                                                                                                                
               "Plan Rows": 126230,                                                                                                                                 
               "Plan Width": 23,                                                                                                                                    
               "Actual Startup Time": 37.934,                                                                                                                       
               "Actual Total Time": 109.281,                                                                                                                        
               "Actual Rows": 126230,                                                                                                                               
               "Actual Loops": 1,                                                                                                                                   
               "Filter": "((country_code)::text <> '[us]'::text)",                                                                                                  
               "Rows Removed by Filter": 108767,                                                                                                                    
               "Shared Hit Blocks": 2,                                                                                                                              
               "Shared Read Blocks": 2992,                                                                                                                          
               "Shared Dirtied Blocks": 0,                                                                                                                          
               "Shared Written Blocks": 0,                                                                                                                          
               "Local Hit Blocks": 0,                                                                                                                               
               "Local Read Blocks": 0,                                                                                                                              
               "Local Dirtied Blocks": 0,                                                                                                                           
               "Local Written Blocks": 0,                                                                                                                           
               "Temp Read Blocks": 0,                                                                                                                               
               "Temp Written Blocks": 0                                                                                                                             
             },                                                                                                                                                     
             {                                                                                                                                                      
               "Node Type": "Materialize",                                                                                                                          
               "Parent Relationship": "Inner",                                                                                                                      
               "Parallel Aware": false,                                                                                                                             
               "Startup Cost": 9299.41,                                                                                                                             
               "Total Cost": 14778.93,                                                                                                                              
               "Plan Rows": 1,                                                                                                                                      
               "Plan Width": 27,                                                                                                                                    
               "Actual Startup Time": 7.546,                                                                                                                        
               "Actual Total Time": 8.484,                                                                                                                          
               "Actual Rows": 150,                                                                                                                                  
               "Actual Loops": 126230,                                                                                                                              
               "Shared Hit Blocks": 26,                                                                                                                             
               "Shared Read Blocks": 251250,                                                                                                                        
               "Shared Dirtied Blocks": 0,                                                                                                                          
               "Shared Written Blocks": 0,                                                                                                                          
               "Local Hit Blocks": 0,                                                                                                                               
               "Local Read Blocks": 0,                                                                                                                              
               "Local Dirtied Blocks": 0,                                                                                                                           
               "Local Written Blocks": 0,                                                                                                                           
               "Temp Read Blocks": 0,                                                                                                                               
               "Temp Written Blocks": 0,                                                                                                                            
               "Plans": [                                                                                                                                           
                 {                                                                                                                                                  
                   "Node Type": "Nested Loop",                                                                                                                      
                   "Parent Relationship": "Outer",                                                                                                                  
                   "Parallel Aware": false,                                                                                                                         
                   "Join Type": "Inner",                                                                                                                            
                   "Startup Cost": 9299.41,                                                                                                                         
                   "Total Cost": 14778.93,                                                                                                                          
                   "Plan Rows": 1,                                                                                                                                  
                   "Plan Width": 27,                                                                                                                                
                   "Actual Startup Time": 952493.026,                                                                                                               
                   "Actual Total Time": 1070035.248,                                                                                                                
                   "Actual Rows": 150,                                                                                                                              
                   "Actual Loops": 1,                                                                                                                               
                   "Inner Unique": false,                                                                                                                           
                   "Join Filter": "(k.id = mk.keyword_id)",                                                                                                         
                   "Rows Removed by Join Filter": 48261,                                                                                                            
                   "Shared Hit Blocks": 26,                                                                                                                         
                   "Shared Read Blocks": 251250,                                                                                                                    
                   "Shared Dirtied Blocks": 0,                                                                                                                      
                   "Shared Written Blocks": 0,                                                                                                                      
                   "Local Hit Blocks": 0,                                                                                                                           
                   "Local Read Blocks": 0,                                                                                                                          
                   "Local Dirtied Blocks": 0,                                                                                                                       
                   "Local Written Blocks": 0,                                                                                                                       
                   "Temp Read Blocks": 0,                                                                                                                           
                   "Temp Written Blocks": 0,                                                                                                                        
                   "Plans": [                                                                                                                                       
                     {                                                                                                                                              
                       "Node Type": "Seq Scan",                                                                                                                     
                       "Parent Relationship": "Outer",                                                                                                              
                       "Parallel Aware": false,                                                                                                                     
                       "Relation Name": "keyword",                                                                                                                  
                       "Alias": "k",                                                                                                                                
                       "Startup Cost": 0.00,                                                                                                                        
                       "Total Cost": 59.88,                                                                                                                         
                       "Plan Rows": 4,                                                                                                                              
                       "Plan Width": 4,                                                                                                                             
                       "Actual Startup Time": 27.985,                                                                                                               
                       "Actual Total Time": 109.457,                                                                                                                
                       "Actual Rows": 3,                                                                                                                            
                       "Actual Loops": 1,                                                                                                                           
                       "Filter": "(keyword = ANY ('{murder,murder-in-title,blood,violence}'::text[]))",                                                             
                       "Rows Removed by Filter": 134167,                                                                                                            
                       "Shared Hit Blocks": 2,                                                                                                                      
                       "Shared Read Blocks": 947,                                                                                                                   
                       "Shared Dirtied Blocks": 0,                                                                                                                  
                       "Shared Written Blocks": 0,                                                                                                                  
                       "Local Hit Blocks": 0,                                                                                                                       
                       "Local Read Blocks": 0,                                                                                                                      
                       "Local Dirtied Blocks": 0,                                                                                                                   
                       "Local Written Blocks": 0,                                                                                                                   
                       "Temp Read Blocks": 0,                                                                                                                       
                       "Temp Written Blocks": 0                                                                                                                     
                     },                                                                                                                                             
                     {                                                                                                                                              
                       "Node Type": "Materialize",                                                                                                                  
                       "Parent Relationship": "Inner",                                                                                                              
                       "Parallel Aware": false,                                                                                                                     
                       "Startup Cost": 9299.41,                                                                                                                     
                       "Total Cost": 14719.05,                                                                                                                      
                       "Plan Rows": 2,                                                                                                                              
                       "Plan Width": 31,                                                                                                                            
                       "Actual Startup Time": 317488.143,                                                                                                           
                       "Actual Total Time": 356640.270,                                                                                                             
                       "Actual Rows": 16137,                                                                                                                        
                       "Actual Loops": 3,                                                                                                                           
                       "Shared Hit Blocks": 24,                                                                                                                     
                       "Shared Read Blocks": 250303,                                                                                                                
                       "Shared Dirtied Blocks": 0,                                                                                                                  
                       "Shared Written Blocks": 0,                                                                                                                  
                       "Local Hit Blocks": 0,                                                                                                                       
                       "Local Read Blocks": 0,                                                                                                                      
                       "Local Dirtied Blocks": 0,                                                                                                                   
                       "Local Written Blocks": 0,                                                                                                                   
                       "Temp Read Blocks": 0,                                                                                                                       
                       "Temp Written Blocks": 0,                                                                                                                    
                       "Plans": [                                                                                                                                   
                         {                                                                                                                                          
                           "Node Type": "Nested Loop",                                                                                                              
                           "Parent Relationship": "Outer",                                                                                                          
                           "Parallel Aware": false,                                                                                                                 
                           "Join Type": "Inner",                                                                                                                    
                           "Startup Cost": 9299.41,                                                                                                                 
                           "Total Cost": 14719.05,                                                                                                                  
                           "Plan Rows": 2,                                                                                                                          
                           "Plan Width": 31,                                                                                                                        
                           "Actual Startup Time": 952464.414,                                                                                                       
                           "Actual Total Time": 1069915.599,                                                                                                        
                           "Actual Rows": 16137,                                                                                                                    
                           "Actual Loops": 1,                                                                                                                       
                           "Inner Unique": false,                                                                                                                   
                           "Join Filter": "(t.id = mk.movie_id)",                                                                                                   
                           "Rows Removed by Join Filter": 750956243,                                                                                                
                           "Shared Hit Blocks": 24,                                                                                                                 
                           "Shared Read Blocks": 250303,                                                                                                            
                           "Shared Dirtied Blocks": 0,                                                                                                              
                           "Shared Written Blocks": 0,                                                                                                              
                           "Local Hit Blocks": 0,                                                                                                                   
                           "Local Read Blocks": 0,                                                                                                                  
                           "Local Dirtied Blocks": 0,                                                                                                               
                           "Local Written Blocks": 0,                                                                                                               
                           "Temp Read Blocks": 0,                                                                                                                   
                           "Temp Written Blocks": 0,                                                                                                                
                           "Plans": [                                                                                                                               
                             {                                                                                                                                      
                               "Node Type": "Seq Scan",                                                                                                             
                               "Parent Relationship": "Outer",                                                                                                      
                               "Parallel Aware": false,                                                                                                             
                               "Relation Name": "movie_keyword",                                                                                                    
                               "Alias": "mk",                                                                                                                       
                               "Startup Cost": 0.00,                                                                                                                
                               "Total Cost": 1079.84,                                                                                                               
                               "Plan Rows": 4523930,                                                                                                                
                               "Plan Width": 8,                                                                                                                     
                               "Actual Startup Time": 0.013,                                                                                                        
                               "Actual Total Time": 501.639,                                                                                                        
                               "Actual Rows": 4523930,                                                                                                              
                               "Actual Loops": 1,                                                                                                                   
                               "Shared Hit Blocks": 3,                                                                                                              
                               "Shared Read Blocks": 24451,                                                                                                         
                               "Shared Dirtied Blocks": 0,                                                                                                          
                               "Shared Written Blocks": 0,                                                                                                          
                               "Local Hit Blocks": 0,                                                                                                               
                               "Local Read Blocks": 0,                                                                                                              
                               "Local Dirtied Blocks": 0,                                                                                                           
                               "Local Written Blocks": 0,                                                                                                           
                               "Temp Read Blocks": 0,                                                                                                               
                               "Temp Written Blocks": 0                                                                                                             
                             },                                                                                                                                     
                             {                                                                                                                                      
                               "Node Type": "Materialize",                                                                                                          
                               "Parent Relationship": "Inner",                                                                                                      
                               "Parallel Aware": false,                                                                                                             
                               "Startup Cost": 9299.41,                                                                                                             
                               "Total Cost": 12623.94,                                                                                                              
                               "Plan Rows": 1,                                                                                                                      
                               "Plan Width": 47,                                                                                                                    
                               "Actual Startup Time": 0.209,                                                                                                        
                               "Actual Total Time": 0.217,                                                                                                          
                               "Actual Rows": 166,                                                                                                                  
                               "Actual Loops": 4523930,                                                                                                             
                               "Shared Hit Blocks": 21,                                                                                                             
                               "Shared Read Blocks": 225852,                                                                                                        
                               "Shared Dirtied Blocks": 0,                                                                                                          
                               "Shared Written Blocks": 0,                                                                                                          
                               "Local Hit Blocks": 0,                                                                                                               
                               "Local Read Blocks": 0,                                                                                                              
                               "Local Dirtied Blocks": 0,                                                                                                           
                               "Local Written Blocks": 0,                                                                                                           
                               "Temp Read Blocks": 0,                                                                                                               
                               "Temp Written Blocks": 0,                                                                                                            
                               "Plans": [                                                                                                                           
                                 {                                                                                                                                  
                                   "Node Type": "Nested Loop",                                                                                                      
                                   "Parent Relationship": "Outer",                                                                                                  
                                   "Parallel Aware": false,                                                                                                         
                                   "Join Type": "Inner",                                                                                                            
                                   "Startup Cost": 9299.41,                                                                                                         
                                   "Total Cost": 12623.94,                                                                                                          
                                   "Plan Rows": 1,                                                                                                                  
                                   "Plan Width": 47,                                                                                                                
                                   "Actual Startup Time": 946463.645,                                                                                               
                                   "Actual Total Time": 946463.697,                                                                                                 
                                   "Actual Rows": 166,                                                                                                              
                                   "Actual Loops": 1,                                                                                                               
                                   "Inner Unique": false,                                                                                                           
                                   "Join Filter": "(cct.id = cc.status_id)",                                                                                       
                                   "Rows Removed by Join Filter": 425,                                                                                              
                                   "Shared Hit Blocks": 21,                                                                                                         
                                   "Shared Read Blocks": 225852,                                                                                                    
                                   "Shared Dirtied Blocks": 0,                                                                                                      
                                   "Shared Written Blocks": 0,                                                                                                      
                                   "Local Hit Blocks": 0,                                                                                                           
                                   "Local Read Blocks": 0,                                                                                                          
                                   "Local Dirtied Blocks": 0,                                                                                                       
                                   "Local Written Blocks": 0,                                                                                                       
                                   "Temp Read Blocks": 0,                                                                                                           
                                   "Temp Written Blocks": 0,                                                                                                        
                                   "Plans": [                                                                                                                       
                                     {                                                                                                                              
                                       "Node Type": "Seq Scan",                                                                                                     
                                       "Parent Relationship": "Outer",                                                                                              
                                       "Parallel Aware": false,                                                                                                     
                                       "Relation Name": "comp_cast_type",                                                                                           
                                       "Alias": "cct",                                                                                                             
                                       "Startup Cost": 0.00,                                                                                                        
                                       "Total Cost": 0.03,                                                                                                          
                                       "Plan Rows": 3,                                                                                                              
                                       "Plan Width": 4,                                                                                                             
                                       "Actual Startup Time": 0.010,                                                                                                
                                       "Actual Total Time": 0.012,                                                                                                  
                                       "Actual Rows": 3,                                                                                                            
                                       "Actual Loops": 1,                                                                                                           
                                       "Filter": "((kind)::text <> 'completeverified'::text)",                                                                     
                                       "Rows Removed by Filter": 1,                                                                                                 
                                       "Shared Hit Blocks": 1,                                                                                                      
                                       "Shared Read Blocks": 0,                                                                                                     
                                       "Shared Dirtied Blocks": 0,                                                                                                  
                                       "Shared Written Blocks": 0,                                                                                                  
                                       "Local Hit Blocks": 0,                                                                                                       
                                       "Local Read Blocks": 0,                                                                                                      
                                       "Local Dirtied Blocks": 0,                                                                                                   
                                       "Local Written Blocks": 0,                                                                                                   
                                       "Temp Read Blocks": 0,                                                                                                       
                                       "Temp Written Blocks": 0                                                                                                     
                                     },                                                                                                                             
                                     {                                                                                                                              
                                       "Node Type": "Materialize",                                                                                                  
                                       "Parent Relationship": "Inner",                                                                                              
                                       "Parallel Aware": false,                                                                                                     
                                       "Startup Cost": 9299.41,                                                                                                     
                                       "Total Cost": 12623.91,                                                                                                      
                                       "Plan Rows": 1,                                                                                                              
                                       "Plan Width": 51,                                                                                                            
                                       "Actual Startup Time": 307300.009,                                                                                           
                                       "Actual Total Time": 315487.861,                                                                                             
                                       "Actual Rows": 197,                                                                                                          
                                       "Actual Loops": 3,                                                                                                           
                                       "Shared Hit Blocks": 20,                                                                                                     
                                       "Shared Read Blocks": 225852,                                                                                                
                                       "Shared Dirtied Blocks": 0,                                                                                                  
                                       "Shared Written Blocks": 0,                                                                                                  
                                       "Local Hit Blocks": 0,                                                                                                       
                                       "Local Read Blocks": 0,                                                                                                      
                                       "Local Dirtied Blocks": 0,                                                                                                   
                                       "Local Written Blocks": 0,                                                                                                   
                                       "Temp Read Blocks": 0,                                                                                                       
                                       "Temp Written Blocks": 0,                                                                                                    
                                       "Plans": [                                                                                                                   
                                         {                                                                                                                          
                                           "Node Type": "Nested Loop",                                                                                              
                                           "Parent Relationship": "Outer",                                                                                          
                                           "Parallel Aware": false,                                                                                                 
                                           "Join Type": "Inner",                                                                                                    
                                           "Startup Cost": 9299.41,                                                                                                 
                                           "Total Cost": 12623.91,                                                                                                  
                                           "Plan Rows": 1,                                                                                                          
                                           "Plan Width": 51,                                                                                                        
                                           "Actual Startup Time": 921900.020,                                                                                       
                                           "Actual Total Time": 946463.488,                                                                                         
                                           "Actual Rows": 197,                                                                                                      
                                           "Actual Loops": 1,                                                                                                       
                                           "Inner Unique": false,                                                                                                   
                                           "Join Filter": "(cct.id = cc.subject_id)",                                                                              
                                           "Rows Removed by Join Filter": 1272,                                                                                     
                                           "Shared Hit Blocks": 20,                                                                                                 
                                           "Shared Read Blocks": 225852,                                                                                            
                                           "Shared Dirtied Blocks": 0,                                                                                              
                                           "Shared Written Blocks": 0,                                                                                              
                                           "Local Hit Blocks": 0,                                                                                                   
                                           "Local Read Blocks": 0,                                                                                                  
                                           "Local Dirtied Blocks": 0,                                                                                               
                                           "Local Written Blocks": 0,                                                                                               
                                           "Temp Read Blocks": 0,                                                                                                   
                                           "Temp Written Blocks": 0,                                                                                                
                                           "Plans": [                                                                                                               
                                             {                                                                                                                      
                                               "Node Type": "Seq Scan",                                                                                             
                                               "Parent Relationship": "Outer",                                                                                      
                                               "Parallel Aware": false,                                                                                             
                                               "Relation Name": "comp_cast_type",                                                                                   
                                               "Alias": "cct",                                                                                                     
                                               "Startup Cost": 0.00,                                                                                                
                                               "Total Cost": 0.03,                                                                                                  
                                               "Plan Rows": 1,                                                                                                      
                                               "Plan Width": 4,                                                                                                     
                                               "Actual Startup Time": 0.006,                                                                                        
                                               "Actual Total Time": 0.008,                                                                                          
                                               "Actual Rows": 1,                                                                                                    
                                               "Actual Loops": 1,                                                                                                   
                                               "Filter": "((kind)::text = 'crew'::text)",                                                                           
                                               "Rows Removed by Filter": 3,                                                                                         
                                               "Shared Hit Blocks": 1,                                                                                              
                                               "Shared Read Blocks": 0,                                                                                             
                                               "Shared Dirtied Blocks": 0,                                                                                          
                                               "Shared Written Blocks": 0,                                                                                          
                                               "Local Hit Blocks": 0,                                                                                               
                                               "Local Read Blocks": 0,                                                                                              
                                               "Local Dirtied Blocks": 0,                                                                                           
                                               "Local Written Blocks": 0,                                                                                           
                                               "Temp Read Blocks": 0,                                                                                               
                                               "Temp Written Blocks": 0                                                                                             
                                             },                                                                                                                     
                                             {                                                                                                                      
                                               "Node Type": "Materialize",                                                                                          
                                               "Parent Relationship": "Inner",                                                                                      
                                               "Parallel Aware": false,                                                                                             
                                               "Startup Cost": 9299.41,                                                                                             
                                               "Total Cost": 12623.88,                                                                                              
                                               "Plan Rows": 1,                                                                                                      
                                               "Plan Width": 55,                                                                                                    
                                               "Actual Startup Time": 878830.750,                                                                                   
                                               "Actual Total Time": 946463.301,                                                                                     
                                               "Actual Rows": 1469,                                                                                                 
                                               "Actual Loops": 1,                                                                                                   
                                               "Shared Hit Blocks": 19,                                                                                             
                                               "Shared Read Blocks": 225852,                                                                                        
                                               "Shared Dirtied Blocks": 0,                                                                                          
                                               "Shared Written Blocks": 0,                                                                                          
                                               "Local Hit Blocks": 0,                                                                                               
                                               "Local Read Blocks": 0,                                                                                              
                                               "Local Dirtied Blocks": 0,                                                                                           
                                               "Local Written Blocks": 0,                                                                                           
                                               "Temp Read Blocks": 0,                                                                                               
                                               "Temp Written Blocks": 0,                                                                                            
                                               "Plans": [                                                                                                           
                                                 {                                                                                                                  
                                                   "Node Type": "Nested Loop",                                                                                      
                                                   "Parent Relationship": "Outer",                                                                                  
                                                   "Parallel Aware": false,                                                                                         
                                                   "Join Type": "Inner",                                                                                            
                                                   "Startup Cost": 9299.41,                                                                                         
                                                   "Total Cost": 12623.87,                                                                                          
                                                   "Plan Rows": 1,                                                                                                  
                                                   "Plan Width": 55,                                                                                                
                                                   "Actual Startup Time": 878830.740,                                                                               
                                                   "Actual Total Time": 946462.705,                                                                                 
                                                   "Actual Rows": 1469,                                                                                             
                                                   "Actual Loops": 1,                                                                                               
                                                   "Inner Unique": false,                                                                                           
                                                   "Join Filter": "(t.id = cc.movie_id)",                                                                           
                                                   "Rows Removed by Join Filter": 414577465,                                                                        
                                                   "Shared Hit Blocks": 19,                                                                                         
                                                   "Shared Read Blocks": 225852,                                                                                    
                                                   "Shared Dirtied Blocks": 0,                                                                                      
                                                   "Shared Written Blocks": 0,                                                                                      
                                                   "Local Hit Blocks": 0,                                                                                           
                                                   "Local Read Blocks": 0,                                                                                          
                                                   "Local Dirtied Blocks": 0,                                                                                       
                                                   "Local Written Blocks": 0,                                                                                       
                                                   "Temp Read Blocks": 0,                                                                                           
                                                   "Temp Written Blocks": 0,                                                                                        
                                                   "Plans": [                                                                                                       
                                                     {                                                                                                              
                                                       "Node Type": "Seq Scan",                                                                                     
                                                       "Parent Relationship": "Outer",                                                                              
                                                       "Parallel Aware": false,                                                                                     
                                                       "Relation Name": "complete_cast",                                                                            
                                                       "Alias": "cc",                                                                                               
                                                       "Startup Cost": 0.00,                                                                                        
                                                       "Total Cost": 32.27,                                                                                         
                                                       "Plan Rows": 135086,                                                                                         
                                                       "Plan Width": 12,                                                                                            
                                                       "Actual Startup Time": 0.126,                                                                                
                                                       "Actual Total Time": 17.063,                                                                                 
                                                       "Actual Rows": 135086,                                                                                       
                                                       "Actual Loops": 1,                                                                                           
                                                       "Shared Hit Blocks": 2,                                                                                      
                                                       "Shared Read Blocks": 729,                                                                                   
                                                       "Shared Dirtied Blocks": 0,                                                                                  
                                                       "Shared Written Blocks": 0,                                                                                  
                                                       "Local Hit Blocks": 0,                                                                                       
                                                       "Local Read Blocks": 0,                                                                                      
                                                       "Local Dirtied Blocks": 0,                                                                                   
                                                       "Local Written Blocks": 0,                                                                                   
                                                       "Temp Read Blocks": 0,                                                                                       
                                                       "Temp Written Blocks": 0                                                                                     
                                                     },                                                                                                             
                                                     {                                                                                                              
                                                       "Node Type": "Materialize",                                                                                  
                                                       "Parent Relationship": "Inner",                                                                              
                                                       "Parallel Aware": false,                                                                                     
                                                       "Startup Cost": 9299.41,                                                                                     
                                                       "Total Cost": 12561.29,                                                                                      
                                                       "Plan Rows": 1,                                                                                              
                                                       "Plan Width": 43,                                                                                            
                                                       "Actual Startup Time": 5.907,                                                                                
                                                       "Actual Total Time": 6.642,                                                                                  
                                                       "Actual Rows": 3069,                                                                                         
                                                       "Actual Loops": 135086,                                                                                      
                                                       "Shared Hit Blocks": 17,                                                                                     
                                                       "Shared Read Blocks": 225123,                                                                                
                                                       "Shared Dirtied Blocks": 0,                                                                                  
                                                       "Shared Written Blocks": 0,                                                                                  
                                                       "Local Hit Blocks": 0,                                                                                       
                                                       "Local Read Blocks": 0,                                                                                      
                                                       "Local Dirtied Blocks": 0,                                                                                   
                                                       "Local Written Blocks": 0,                                                                                   
                                                       "Temp Read Blocks": 0,                                                                                       
                                                       "Temp Written Blocks": 0,                                                                                    
                                                       "Plans": [                                                                                                   
                                                         {                                                                                                          
                                                           "Node Type": "Nested Loop",                                                                              
                                                           "Parent Relationship": "Outer",                                                                          
                                                           "Parallel Aware": false,                                                                                 
                                                           "Join Type": "Inner",                                                                                    
                                                           "Startup Cost": 9299.41,                                                                                 
                                                           "Total Cost": 12561.29,                                                                                  
                                                           "Plan Rows": 1,                                                                                          
                                                           "Plan Width": 43,                                                                                        
                                                           "Actual Startup Time": 797966.700,                                                                       
                                                           "Actual Total Time": 878773.867,                                                                         
                                                           "Actual Rows": 3069,                                                                                     
                                                           "Actual Loops": 1,                                                                                       
                                                           "Inner Unique": false,                                                                                   
                                                           "Join Filter": "(ct.id = mc.company_type_id)",                                                           
                                                           "Rows Removed by Join Filter": 9207,                                                                     
                                                           "Shared Hit Blocks": 17,                                                                                 
                                                           "Shared Read Blocks": 225123,                                                                            
                                                           "Shared Dirtied Blocks": 0,                                                                              
                                                           "Shared Written Blocks": 0,                                                                              
                                                           "Local Hit Blocks": 0,                                                                                   
                                                           "Local Read Blocks": 0,                                                                                  
                                                           "Local Dirtied Blocks": 0,                                                                               
                                                           "Local Written Blocks": 0,                                                                               
                                                           "Temp Read Blocks": 0,                                                                                   
                                                           "Temp Written Blocks": 0,                                                                                
                                                           "Plans": [                                                                                               
                                                             {                                                                                                      
                                                               "Node Type": "Seq Scan",                                                                             
                                                               "Parent Relationship": "Outer",                                                                      
                                                               "Parallel Aware": false,                                                                             
                                                               "Relation Name": "company_type",                                                                     
                                                               "Alias": "ct",                                                                                       
                                                               "Startup Cost": 0.00,                                                                                
                                                               "Total Cost": 0.03,                                                                                  
                                                               "Plan Rows": 4,                                                                                      
                                                               "Plan Width": 4,                                                                                     
                                                               "Actual Startup Time": 0.006,                                                                        
                                                               "Actual Total Time": 0.007,                                                                          
                                                               "Actual Rows": 4,                                                                                    
                                                               "Actual Loops": 1,                                                                                   
                                                               "Shared Hit Blocks": 1,                                                                              
                                                               "Shared Read Blocks": 0,                                                                             
                                                               "Shared Dirtied Blocks": 0,                                                                          
                                                               "Shared Written Blocks": 0,                                                                          
                                                               "Local Hit Blocks": 0,                                                                               
                                                               "Local Read Blocks": 0,                                                                              
                                                               "Local Dirtied Blocks": 0,                                                                           
                                                               "Local Written Blocks": 0,                                                                           
                                                               "Temp Read Blocks": 0,                                                                               
                                                               "Temp Written Blocks": 0                                                                             
                                                             },                                                                                                     
                                                             {                                                                                                      
                                                               "Node Type": "Materialize",                                                                          
                                                               "Parent Relationship": "Inner",                                                                      
                                                               "Parallel Aware": false,                                                                             
                                                               "Startup Cost": 9299.41,                                                                             
                                                               "Total Cost": 12561.26,                                                                              
                                                               "Plan Rows": 1,                                                                                      
                                                               "Plan Width": 47,                                                                                    
                                                               "Actual Startup Time": 199491.673,                                                                   
                                                               "Actual Total Time": 219692.981,                                                                     
                                                               "Actual Rows": 3069,                                                                                 
                                                               "Actual Loops": 4,                                                                                   
                                                               "Shared Hit Blocks": 16,                                                                             
                                                               "Shared Read Blocks": 225123,                                                                        
                                                               "Shared Dirtied Blocks": 0,                                                                          
                                                               "Shared Written Blocks": 0,                                                                          
                                                               "Local Hit Blocks": 0,                                                                               
                                                               "Local Read Blocks": 0,                                                                              
                                                               "Local Dirtied Blocks": 0,                                                                           
                                                               "Local Written Blocks": 0,                                                                           
                                                               "Temp Read Blocks": 0,                                                                               
                                                               "Temp Written Blocks": 0,                                                                            
                                                               "Plans": [                                                                                           
                                                                 {                                                                                                  
                                                                   "Node Type": "Nested Loop",                                                                      
                                                                   "Parent Relationship": "Outer",                                                                  
                                                                   "Parallel Aware": false,                                                                         
                                                                   "Join Type": "Inner",                                                                            
                                                                   "Startup Cost": 9299.41,                                                                         
                                                                   "Total Cost": 12561.26,                                                                          
                                                                   "Plan Rows": 1,                                                                                  
                                                                   "Plan Width": 47,                                                                                
                                                                   "Actual Startup Time": 797966.686,                                                               
                                                                   "Actual Total Time": 878770.159,                                                                 
                                                                   "Actual Rows": 3069,                                                                             
                                                                   "Actual Loops": 1,                                                                               
                                                                   "Inner Unique": false,                                                                           
                                                                   "Join Filter": "(t.id = mc.movie_id)",                                                           
                                                                   "Rows Removed by Join Filter": 488566512,                                                        
                                                                   "Shared Hit Blocks": 16,                                                                         
                                                                   "Shared Read Blocks": 225123,                                                                    
                                                                   "Shared Dirtied Blocks": 0,                                                                      
                                                                   "Shared Written Blocks": 0,                                                                      
                                                                   "Local Hit Blocks": 0,                                                                           
                                                                   "Local Read Blocks": 0,                                                                          
                                                                   "Local Dirtied Blocks": 0,                                                                       
                                                                   "Local Written Blocks": 0,                                                                       
                                                                   "Temp Read Blocks": 0,                                                                           
                                                                   "Temp Written Blocks": 0,                                                                        
                                                                   "Plans": [                                                                                       
                                                                     {                                                                                              
                                                                       "Node Type": "Seq Scan",                                                                     
                                                                       "Parent Relationship": "Outer",                                                              
                                                                       "Parallel Aware": false,                                                                     
                                                                       "Relation Name": "movie_companies",                                                          
                                                                       "Alias": "mc",                                                                               
                                                                       "Startup Cost": 0.00,                                                                        
                                                                       "Total Cost": 1174.90,                                                                       
                                                                       "Plan Rows": 143259,                                                                         
                                                                       "Plan Width": 12,                                                                            
                                                                       "Actual Startup Time": 0.019,                                                                
                                                                       "Actual Total Time": 770.930,                                                                
                                                                       "Actual Rows": 303271,                                                                       
                                                                       "Actual Loops": 1,                                                                           
                                                                       "Filter": "((note !~~ '%(USA)%'::text) AND (note ~~ '%(200%)%'::text))",                     
                                                                       "Rows Removed by Filter": 2305858,                                                           
                                                                       "Shared Hit Blocks": 3,                                                                      
                                                                       "Shared Read Blocks": 18786,                                                                 
                                                                       "Shared Dirtied Blocks": 0,                                                                  
                                                                       "Shared Written Blocks": 0,                                                                  
                                                                       "Local Hit Blocks": 0,                                                                       
                                                                       "Local Read Blocks": 0,                                                                      
                                                                       "Local Dirtied Blocks": 0,                                                                   
                                                                       "Local Written Blocks": 0,                                                                   
                                                                       "Temp Read Blocks": 0,                                                                       
                                                                       "Temp Written Blocks": 0                                                                     
                                                                     },                                                                                             
                                                                     {                                                                                              
                                                                       "Node Type": "Materialize",                                                                  
                                                                       "Parent Relationship": "Inner",                                                              
                                                                       "Parallel Aware": false,                                                                     
                                                                       "Startup Cost": 9299.41,                                                                     
                                                                       "Total Cost": 11354.21,                                                                      
                                                                       "Plan Rows": 1,                                                                              
                                                                       "Plan Width": 35,                                                                            
                                                                       "Actual Startup Time": 0.030,                                                                
                                                                       "Actual Total Time": 2.704,                                                                  
                                                                       "Actual Rows": 1611,                                                                         
                                                                       "Actual Loops": 303271,                                                                      
                                                                       "Shared Hit Blocks": 13,                                                                     
                                                                       "Shared Read Blocks": 206337,                                                                
                                                                       "Shared Dirtied Blocks": 0,                                                                  
                                                                       "Shared Written Blocks": 0,                                                                  
                                                                       "Local Hit Blocks": 0,                                                                       
                                                                       "Local Read Blocks": 0,                                                                      
                                                                       "Local Dirtied Blocks": 0,                                                                   
                                                                       "Local Written Blocks": 0,                                                                   
                                                                       "Temp Read Blocks": 0,                                                                       
                                                                       "Temp Written Blocks": 0,                                                                    
                                                                       "Plans": [                                                                                   
                                                                         {                                                                                          
                                                                           "Node Type": "Nested Loop",                                                              
                                                                           "Parent Relationship": "Outer",                                                          
                                                                           "Parallel Aware": false,                                                                 
                                                                           "Join Type": "Inner",                                                                    
                                                                           "Startup Cost": 9299.41,                                                                 
                                                                           "Total Cost": 11354.21,                                                                  
                                                                           "Plan Rows": 1,                                                                          
                                                                           "Plan Width": 35,                                                                        
                                                                           "Actual Startup Time": 9205.158,                                                         
                                                                           "Actual Total Time": 797872.602,                                                         
                                                                           "Actual Rows": 1611,                                                                     
                                                                           "Actual Loops": 1,                                                                       
                                                                           "Inner Unique": true,                                                                    
                                                                           "Join Filter": "(kt.id = t.kind_id)",                                                    
                                                                           "Rows Removed by Join Filter": 1385,                                                     
                                                                           "Shared Hit Blocks": 13,                                                                 
                                                                           "Shared Read Blocks": 206337,                                                            
                                                                           "Shared Dirtied Blocks": 0,                                                              
                                                                           "Shared Written Blocks": 0,                                                              
                                                                           "Local Hit Blocks": 0,                                                                   
                                                                           "Local Read Blocks": 0,                                                                  
                                                                           "Local Dirtied Blocks": 0,                                                               
                                                                           "Local Written Blocks": 0,                                                               
                                                                           "Temp Read Blocks": 0,                                                                   
                                                                           "Temp Written Blocks": 0,                                                                
                                                                           "Plans": [                                                                               
                                                                             {                                                                                      
                                                                               "Node Type": "Nested Loop",                                                          
                                                                               "Parent Relationship": "Outer",                                                      
                                                                               "Parallel Aware": false,                                                             
                                                                               "Join Type": "Inner",                                                                
                                                                               "Startup Cost": 9299.41,                                                             
                                                                               "Total Cost": 11354.17,                                                              
                                                                               "Plan Rows": 1,                                                                      
                                                                               "Plan Width": 39,                                                                    
                                                                               "Actual Startup Time": 9205.138,                                                     
                                                                               "Actual Total Time": 797868.493,                                                     
                                                                               "Actual Rows": 2108,                                                                 
                                                                               "Actual Loops": 1,                                                                   
                                                                               "Inner Unique": true,                                                                
                                                                               "Join Filter": "(mi.movie_id = t.id)",                                               
                                                                               "Rows Removed by Join Filter": 5241529221,                                           
                                                                               "Shared Hit Blocks": 12,                                                             
                                                                               "Shared Read Blocks": 206337,                                                        
                                                                               "Shared Dirtied Blocks": 0,                                                          
                                                                               "Shared Written Blocks": 0,                                                          
                                                                               "Local Hit Blocks": 0,                                                               
                                                                               "Local Read Blocks": 0,                                                              
                                                                               "Local Dirtied Blocks": 0,                                                           
                                                                               "Local Written Blocks": 0,                                                           
                                                                               "Temp Read Blocks": 0,                                                               
                                                                               "Temp Written Blocks": 0,                                                            
                                                                               "Plans": [                                                                           
                                                                                 {                                                                                  
                                                                                   "Node Type": "Nested Loop",                                                      
                                                                                   "Parent Relationship": "Outer",                                                  
                                                                                   "Parallel Aware": false,                                                         
                                                                                   "Join Type": "Inner",                                                            
                                                                                   "Startup Cost": 9299.41,                                                         
                                                                                   "Total Cost": 9320.63,                                                           
                                                                                   "Plan Rows": 2,                                                                  
                                                                                   "Plan Width": 14,                                                                
                                                                                   "Actual Startup Time": 9053.916,                                                 
                                                                                   "Actual Total Time": 9143.208,                                                   
                                                                                   "Actual Rows": 5774,                                                             
                                                                                   "Actual Loops": 1,                                                               
                                                                                   "Inner Unique": true,                                                            
                                                                                   "Join Filter": "(it.id = mi.info_type_id)",                                     
                                                                                   "Rows Removed by Join Filter": 7665,                                             
                                                                                   "Shared Hit Blocks": 10,                                                         
                                                                                   "Shared Read Blocks": 170341,                                                    
                                                                                   "Shared Dirtied Blocks": 0,                                                      
                                                                                   "Shared Written Blocks": 0,                                                      
                                                                                   "Local Hit Blocks": 0,                                                           
                                                                                   "Local Read Blocks": 0,                                                          
                                                                                   "Local Dirtied Blocks": 0,                                                       
                                                                                   "Local Written Blocks": 0,                                                       
                                                                                   "Temp Read Blocks": 0,                                                           
                                                                                   "Temp Written Blocks": 0,                                                        
                                                                                   "Plans": [                                                                       
                                                                                     {                                                                              
                                                                                       "Node Type": "Merge Join",                                                   
                                                                                       "Parent Relationship": "Outer",                                              
                                                                                       "Parallel Aware": false,                                                     
                                                                                       "Join Type": "Inner",                                                        
                                                                                       "Startup Cost": 9299.41,                                                     
                                                                                       "Total Cost": 9320.53,                                                       
                                                                                       "Plan Rows": 226,                                                            
                                                                                       "Plan Width": 18,                                                            
                                                                                       "Actual Startup Time": 9053.898,                                             
                                                                                       "Actual Total Time": 9132.799,                                               
                                                                                       "Actual Rows": 13439,                                                        
                                                                                       "Actual Loops": 1,                                                           
                                                                                       "Inner Unique": false,                                                       
                                                                                       "Merge Cond": "(mi_idx.movie_id = mi.movie_id)",                             
                                                                                       "Shared Hit Blocks": 9,                                                      
                                                                                       "Shared Read Blocks": 170341,                                                
                                                                                       "Shared Dirtied Blocks": 0,                                                  
                                                                                       "Shared Written Blocks": 0,                                                  
                                                                                       "Local Hit Blocks": 0,                                                       
                                                                                       "Local Read Blocks": 0,                                                      
                                                                                       "Local Dirtied Blocks": 0,                                                   
                                                                                       "Local Written Blocks": 0,                                                   
                                                                                       "Temp Read Blocks": 0,                                                       
                                                                                       "Temp Written Blocks": 0,                                                    
                                                                                       "Plans": [                                                                   
                                                                                         {                                                                          
                                                                                           "Node Type": "Sort",                                                     
                                                                                           "Parent Relationship": "Outer",                                          
                                                                                           "Parallel Aware": false,                                                 
                                                                                           "Startup Cost": 539.50,                                                  
                                                                                           "Total Cost": 539.70,                                                    
                                                                                           "Plan Rows": 2645,                                                       
                                                                                           "Plan Width": 10,                                                        
                                                                                           "Actual Startup Time": 648.624,                                          
                                                                                           "Actual Total Time": 661.710,                                            
                                                                                           "Actual Rows": 194911,                                                   
                                                                                           "Actual Loops": 1,                                                       
                                                                                           "Sort Key": ["mi_idx.movie_id"],                                         
                                                                                           "Sort Method": "quicksort",                                              
                                                                                           "Sort Space Used": 15281,                                                
                                                                                           "Sort Space Type": "Memory",                                             
                                                                                           "Shared Hit Blocks": 7,                                                  
                                                                                           "Shared Read Blocks": 8451,                                              
                                                                                           "Shared Dirtied Blocks": 0,                                              
                                                                                           "Shared Written Blocks": 0,                                              
                                                                                           "Local Hit Blocks": 0,                                                   
                                                                                           "Local Read Blocks": 0,                                                  
                                                                                           "Local Dirtied Blocks": 0,                                               
                                                                                           "Local Written Blocks": 0,                                               
                                                                                           "Temp Read Blocks": 0,                                                   
                                                                                           "Temp Written Blocks": 0,                                                
                                                                                           "Plans": [                                                               
                                                                                             {                                                                      
                                                                                               "Node Type": "Nested Loop",                                          
                                                                                               "Parent Relationship": "Outer",                                      
                                                                                               "Parallel Aware": false,                                             
                                                                                               "Join Type": "Inner",                                                
                                                                                               "Startup Cost": 0.00,                                                
                                                                                               "Total Cost": 534.83,                                                
                                                                                               "Plan Rows": 2645,                                                   
                                                                                               "Plan Width": 10,                                                    
                                                                                               "Actual Startup Time": 0.099,                                        
                                                                                               "Actual Total Time": 567.840,                                        
                                                                                               "Actual Rows": 194914,                                               
                                                                                               "Actual Loops": 1,                                                   
                                                                                               "Inner Unique": true,                                                
                                                                                               "Join Filter": "(it.id = mi_idx.info_type_id)",                     
                                                                                               "Rows Removed by Join Filter": 103943,                               
                                                                                               "Shared Hit Blocks": 3,                                              
                                                                                               "Shared Read Blocks": 8451,                                          
                                                                                               "Shared Dirtied Blocks": 0,                                          
                                                                                               "Shared Written Blocks": 0,                                          
                                                                                               "Local Hit Blocks": 0,                                               
                                                                                               "Local Read Blocks": 0,                                              
                                                                                               "Local Dirtied Blocks": 0,                                           
                                                                                               "Local Written Blocks": 0,                                           
                                                                                               "Temp Read Blocks": 0,                                               
                                                                                               "Temp Written Blocks": 0,                                            
                                                                                               "Plans": [                                                           
                                                                                                 {                                                                  
                                                                                                   "Node Type": "Seq Scan",                                         
                                                                                                   "Parent Relationship": "Outer",                                  
                                                                                                   "Parallel Aware": false,                                         
                                                                                                   "Relation Name": "movie_info_idx",                               
                                                                                                   "Alias": "mi_idx",                                               
                                                                                                   "Startup Cost": 0.00,                                            
                                                                                                   "Total Cost": 467.71,                                            
                                                                                                   "Plan Rows": 298853,                                             
                                                                                                   "Plan Width": 14,                                                
                                                                                                   "Actual Startup Time": 0.020,                                    
                                                                                                   "Actual Total Time": 440.473,                                    
                                                                                                   "Actual Rows": 298857,                                           
                                                                                                   "Actual Loops": 1,                                               
                                                                                                   "Filter": "(info > '6.5'::text)",                                
                                                                                                   "Rows Removed by Filter": 1081178,                               
                                                                                                   "Shared Hit Blocks": 2,                                          
                                                                                                   "Shared Read Blocks": 8451,                                      
                                                                                                   "Shared Dirtied Blocks": 0,                                      
                                                                                                   "Shared Written Blocks": 0,                                      
                                                                                                   "Local Hit Blocks": 0,                                           
                                                                                                   "Local Read Blocks": 0,                                          
                                                                                                   "Local Dirtied Blocks": 0,                                       
                                                                                                   "Local Written Blocks": 0,                                       
                                                                                                   "Temp Read Blocks": 0,                                           
                                                                                                   "Temp Written Blocks": 0                                         
                                                                                                 },                                                                 
                                                                                                 {                                                                  
                                                                                                   "Node Type": "Materialize",                                      
                                                                                                   "Parent Relationship": "Inner",                                  
                                                                                                   "Parallel Aware": false,                                         
                                                                                                   "Startup Cost": 0.00,                                            
                                                                                                   "Total Cost": 0.05,                                              
                                                                                                   "Plan Rows": 1,                                                  
                                                                                                   "Plan Width": 4,                                                 
                                                                                                   "Actual Startup Time": 0.000,                                    
                                                                                                   "Actual Total Time": 0.000,                                      
                                                                                                   "Actual Rows": 1,                                                
                                                                                                   "Actual Loops": 298857,                                          
                                                                                                   "Shared Hit Blocks": 1,                                          
                                                                                                   "Shared Read Blocks": 0,                                         
                                                                                                   "Shared Dirtied Blocks": 0,                                      
                                                                                                   "Shared Written Blocks": 0,                                      
                                                                                                   "Local Hit Blocks": 0,                                           
                                                                                                   "Local Read Blocks": 0,                                          
                                                                                                   "Local Dirtied Blocks": 0,                                       
                                                                                                   "Local Written Blocks": 0,                                       
                                                                                                   "Temp Read Blocks": 0,                                           
                                                                                                   "Temp Written Blocks": 0,                                        
                                                                                                   "Plans": [                                                       
                                                                                                     {                                                              
                                                                                                       "Node Type": "Seq Scan",                                     
                                                                                                       "Parent Relationship": "Outer",                              
                                                                                                       "Parallel Aware": false,                                     
                                                                                                       "Relation Name": "info_type",                                
                                                                                                       "Alias": "it",                                              
                                                                                                       "Startup Cost": 0.00,                                        
                                                                                                       "Total Cost": 0.05,                                          
                                                                                                       "Plan Rows": 1,                                              
                                                                                                       "Plan Width": 4,                                             
                                                                                                       "Actual Startup Time": 0.048,                                
                                                                                                       "Actual Total Time": 0.053,                                  
                                                                                                       "Actual Rows": 1,                                            
                                                                                                       "Actual Loops": 1,                                           
                                                                                                       "Filter": "((info)::text = 'rating'::text)",                 
                                                                                                       "Rows Removed by Filter": 112,                               
                                                                                                       "Shared Hit Blocks": 1,                                      
                                                                                                       "Shared Read Blocks": 0,                                     
                                                                                                       "Shared Dirtied Blocks": 0,                                  
                                                                                                       "Shared Written Blocks": 0,                                  
                                                                                                       "Local Hit Blocks": 0,                                       
                                                                                                       "Local Read Blocks": 0,                                      
                                                                                                       "Local Dirtied Blocks": 0,                                   
                                                                                                       "Local Written Blocks": 0,                                   
                                                                                                       "Temp Read Blocks": 0,                                       
                                                                                                       "Temp Written Blocks": 0                                     
                                                                                                     }                                                              
                                                                                                   ]                                                                
                                                                                                 }                                                                  
                                                                                               ]                                                                    
                                                                                             }                                                                      
                                                                                           ]                                                                        
                                                                                         },                                                                         
                                                                                         {                                                                          
                                                                                           "Node Type": "Sort",                                                     
                                                                                           "Parent Relationship": "Inner",                                          
                                                                                           "Parallel Aware": false,                                                 
                                                                                           "Startup Cost": 8759.91,                                                 
                                                                                           "Total Cost": 8770.26,                                                   
                                                                                           "Plan Rows": 133304,                                                     
                                                                                           "Plan Width": 8,                                                         
                                                                                           "Actual Startup Time": 8405.199,                                         
                                                                                           "Actual Total Time": 8418.368,                                           
                                                                                           "Actual Rows": 134239,                                                   
                                                                                           "Actual Loops": 1,                                                       
                                                                                           "Sort Key": ["mi.movie_id"],                                             
                                                                                           "Sort Method": "quicksort",                                              
                                                                                           "Sort Space Used": 12437,                                                
                                                                                           "Sort Space Type": "Memory",                                             
                                                                                           "Shared Hit Blocks": 2,                                                  
                                                                                           "Shared Read Blocks": 161890,                                            
                                                                                           "Shared Dirtied Blocks": 0,                                              
                                                                                           "Shared Written Blocks": 0,                                              
                                                                                           "Local Hit Blocks": 0,                                                   
                                                                                           "Local Read Blocks": 0,                                                  
                                                                                           "Local Dirtied Blocks": 0,                                               
                                                                                           "Local Written Blocks": 0,                                               
                                                                                           "Temp Read Blocks": 0,                                                   
                                                                                           "Temp Written Blocks": 0,                                                
                                                                                           "Plans": [                                                               
                                                                                             {                                                                      
                                                                                               "Node Type": "Seq Scan",                                             
                                                                                               "Parent Relationship": "Outer",                                      
                                                                                               "Parallel Aware": false,                                             
                                                                                               "Relation Name": "movie_info",                                       
                                                                                               "Alias": "mi",                                                       
                                                                                               "Startup Cost": 0.00,                                                
                                                                                               "Total Cost": 8407.52,                                               
                                                                                               "Plan Rows": 133304,                                                 
                                                                                               "Plan Width": 8,                                                     
                                                                                               "Actual Startup Time": 31.232,                                       
                                                                                               "Actual Total Time": 8339.958,                                       
                                                                                               "Actual Rows": 134239,                                               
                                                                                               "Actual Loops": 1,                                                   
                                                                                               "Filter": "(info = ANY ('{Sweden,Germany,Swedish,German}'::text[]))",
                                                                                               "Rows Removed by Filter": 14701481,                                  
                                                                                               "Shared Hit Blocks": 2,                                              
                                                                                               "Shared Read Blocks": 161890,                                        
                                                                                               "Shared Dirtied Blocks": 0,                                          
                                                                                               "Shared Written Blocks": 0,                                          
                                                                                               "Local Hit Blocks": 0,                                               
                                                                                               "Local Read Blocks": 0,                                              
                                                                                               "Local Dirtied Blocks": 0,                                           
                                                                                               "Local Written Blocks": 0,                                           
                                                                                               "Temp Read Blocks": 0,                                               
                                                                                               "Temp Written Blocks": 0                                             
                                                                                             }                                                                      
                                                                                           ]                                                                        
                                                                                         }                                                                          
                                                                                       ]                                                                            
                                                                                     },                                                                             
                                                                                     {                                                                              
                                                                                       "Node Type": "Materialize",                                                  
                                                                                       "Parent Relationship": "Inner",                                              
                                                                                       "Parallel Aware": false,                                                     
                                                                                       "Startup Cost": 0.00,                                                        
                                                                                       "Total Cost": 0.05,                                                          
                                                                                       "Plan Rows": 1,                                                              
                                                                                       "Plan Width": 4,                                                             
                                                                                       "Actual Startup Time": 0.000,                                                
                                                                                       "Actual Total Time": 0.000,                                                  
                                                                                       "Actual Rows": 1,                                                            
                                                                                       "Actual Loops": 13439,                                                       
                                                                                       "Shared Hit Blocks": 1,                                                      
                                                                                       "Shared Read Blocks": 0,                                                     
                                                                                       "Shared Dirtied Blocks": 0,                                                  
                                                                                       "Shared Written Blocks": 0,                                                  
                                                                                       "Local Hit Blocks": 0,                                                       
                                                                                       "Local Read Blocks": 0,                                                      
                                                                                       "Local Dirtied Blocks": 0,                                                   
                                                                                       "Local Written Blocks": 0,                                                   
                                                                                       "Temp Read Blocks": 0,                                                       
                                                                                       "Temp Written Blocks": 0,                                                    
                                                                                       "Plans": [                                                                   
                                                                                         {                                                                          
                                                                                           "Node Type": "Seq Scan",                                                 
                                                                                           "Parent Relationship": "Outer",                                          
                                                                                           "Parallel Aware": false,                                                 
                                                                                           "Relation Name": "info_type",                                            
                                                                                           "Alias": "it",                                                          
                                                                                           "Startup Cost": 0.00,                                                    
                                                                                           "Total Cost": 0.05,                                                      
                                                                                           "Plan Rows": 1,                                                          
                                                                                           "Plan Width": 4,                                                         
                                                                                           "Actual Startup Time": 0.010,                                            
                                                                                           "Actual Total Time": 0.026,                                              
                                                                                           "Actual Rows": 1,                                                        
                                                                                           "Actual Loops": 1,                                                       
                                                                                           "Filter": "((info)::text = 'countries'::text)",                          
                                                                                           "Rows Removed by Filter": 112,                                           
                                                                                           "Shared Hit Blocks": 1,                                                  
                                                                                           "Shared Read Blocks": 0,                                                 
                                                                                           "Shared Dirtied Blocks": 0,                                              
                                                                                           "Shared Written Blocks": 0,                                              
                                                                                           "Local Hit Blocks": 0,                                                   
                                                                                           "Local Read Blocks": 0,                                                  
                                                                                           "Local Dirtied Blocks": 0,                                               
                                                                                           "Local Written Blocks": 0,                                               
                                                                                           "Temp Read Blocks": 0,                                                   
                                                                                           "Temp Written Blocks": 0                                                 
                                                                                         }                                                                          
                                                                                       ]                                                                            
                                                                                     }                                                                              
                                                                                   ]                                                                                
                                                                                 },                                                                                 
                                                                                 {                                                                                  
                                                                                   "Node Type": "Materialize",                                                      
                                                                                   "Parent Relationship": "Inner",                                                  
                                                                                   "Parallel Aware": false,                                                         
                                                                                   "Startup Cost": 0.00,                                                            
                                                                                   "Total Cost": 1657.54,                                                           
                                                                                   "Plan Rows": 1012920,                                                            
                                                                                   "Plan Width": 25,                                                                
                                                                                   "Actual Startup Time": 0.005,                                                    
                                                                                   "Actual Total Time": 40.287,                                                     
                                                                                   "Actual Rows": 907782,                                                           
                                                                                   "Actual Loops": 5774,                                                            
                                                                                   "Shared Hit Blocks": 2,                                                          
                                                                                   "Shared Read Blocks": 35996,                                                     
                                                                                   "Shared Dirtied Blocks": 0,                                                      
                                                                                   "Shared Written Blocks": 0,                                                      
                                                                                   "Local Hit Blocks": 0,                                                           
                                                                                   "Local Read Blocks": 0,                                                          
                                                                                   "Local Dirtied Blocks": 0,                                                       
                                                                                   "Local Written Blocks": 0,                                                       
                                                                                   "Temp Read Blocks": 0,                                                           
                                                                                   "Temp Written Blocks": 0,                                                        
                                                                                   "Plans": [                                                                       
                                                                                     {                                                                              
                                                                                       "Node Type": "Seq Scan",                                                     
                                                                                       "Parent Relationship": "Outer",                                              
                                                                                       "Parallel Aware": false,                                                     
                                                                                       "Relation Name": "title",                                                    
                                                                                       "Alias": "t",                                                                
                                                                                       "Startup Cost": 0.00,                                                        
                                                                                       "Total Cost": 1500.26,                                                       
                                                                                       "Plan Rows": 1012920,                                                        
                                                                                       "Plan Width": 25,                                                            
                                                                                       "Actual Startup Time": 25.956,                                               
                                                                                       "Actual Total Time": 1202.486,                                               
                                                                                       "Actual Rows": 1012920,                                                      
                                                                                       "Actual Loops": 1,                                                           
                                                                                       "Filter": "(production_year > 2005)",                                        
                                                                                       "Rows Removed by Filter": 1515392,                                           
                                                                                       "Shared Hit Blocks": 2,                                                      
                                                                                       "Shared Read Blocks": 35996,                                                 
                                                                                       "Shared Dirtied Blocks": 0,                                                  
                                                                                       "Shared Written Blocks": 0,                                                  
                                                                                       "Local Hit Blocks": 0,                                                       
                                                                                       "Local Read Blocks": 0,                                                      
                                                                                       "Local Dirtied Blocks": 0,                                                   
                                                                                       "Local Written Blocks": 0,                                                   
                                                                                       "Temp Read Blocks": 0,                                                       
                                                                                       "Temp Written Blocks": 0                                                     
                                                                                     }                                                                              
                                                                                   ]                                                                                
                                                                                 }                                                                                  
                                                                               ]                                                                                    
                                                                             },                                                                                     
                                                                             {                                                                                      
                                                                               "Node Type": "Materialize",                                                          
                                                                               "Parent Relationship": "Inner",                                                      
                                                                               "Parallel Aware": false,                                                             
                                                                               "Startup Cost": 0.00,                                                                
                                                                               "Total Cost": 0.03,                                                                  
                                                                               "Plan Rows": 2,                                                                      
                                                                               "Plan Width": 4,                                                                     
                                                                               "Actual Startup Time": 0.000,                                                        
                                                                               "Actual Total Time": 0.000,                                                          
                                                                               "Actual Rows": 1,                                                                    
                                                                               "Actual Loops": 2108,                                                                
                                                                               "Shared Hit Blocks": 1,                                                              
                                                                               "Shared Read Blocks": 0,                                                             
                                                                               "Shared Dirtied Blocks": 0,                                                          
                                                                               "Shared Written Blocks": 0,                                                          
                                                                               "Local Hit Blocks": 0,                                                               
                                                                               "Local Read Blocks": 0,                                                              
                                                                               "Local Dirtied Blocks": 0,                                                           
                                                                               "Local Written Blocks": 0,                                                           
                                                                               "Temp Read Blocks": 0,                                                               
                                                                               "Temp Written Blocks": 0,                                                            
                                                                               "Plans": [                                                                           
                                                                                 {                                                                                  
                                                                                   "Node Type": "Seq Scan",                                                         
                                                                                   "Parent Relationship": "Outer",                                                  
                                                                                   "Parallel Aware": false,                                                         
                                                                                   "Relation Name": "kind_type",                                                    
                                                                                   "Alias": "kt",                                                                   
                                                                                   "Startup Cost": 0.00,                                                            
                                                                                   "Total Cost": 0.03,                                                              
                                                                                   "Plan Rows": 2,                                                                  
                                                                                   "Plan Width": 4,                                                                 
                                                                                   "Actual Startup Time": 0.011,                                                    
                                                                                   "Actual Total Time": 0.014,                                                      
                                                                                   "Actual Rows": 2,                                                                
                                                                                   "Actual Loops": 1,                                                               
                                                                                   "Filter": "((kind)::text = ANY ('{movie,episode}'::text[]))",                    
                                                                                   "Rows Removed by Filter": 5,                                                     
                                                                                   "Shared Hit Blocks": 1,                                                          
                                                                                   "Shared Read Blocks": 0,                                                         
                                                                                   "Shared Dirtied Blocks": 0,                                                      
                                                                                   "Shared Written Blocks": 0,                                                      
                                                                                   "Local Hit Blocks": 0,                                                           
                                                                                   "Local Read Blocks": 0,                                                          
                                                                                   "Local Dirtied Blocks": 0,                                                       
                                                                                   "Local Written Blocks": 0,                                                       
                                                                                   "Temp Read Blocks": 0,                                                           
                                                                                   "Temp Written Blocks": 0                                                         
                                                                                 }                                                                                  
                                                                               ]                                                                                    
                                                                             }                                                                                      
                                                                           ]                                                                                        
                                                                         }                                                                                          
                                                                       ]                                                                                            
                                                                     }                                                                                              
                                                                   ]                                                                                                
                                                                 }                                                                                                  
                                                               ]                                                                                                    
                                                             }                                                                                                      
                                                           ]                                                                                                        
                                                         }                                                                                                          
                                                       ]                                                                                                            
                                                     }                                                                                                              
                                                   ]                                                                                                                
                                                 }                                                                                                                  
                                               ]                                                                                                                    
                                             }                                                                                                                      
                                           ]                                                                                                                        
                                         }                                                                                                                          
                                       ]                                                                                                                            
                                     }                                                                                                                              
                                   ]                                                                                                                                
                                 }                                                                                                                                  
                               ]                                                                                                                                    
                             }                                                                                                                                      
                           ]                                                                                                                                        
                         }                                                                                                                                          
                       ]                                                                                                                                            
                     }                                                                                                                                              
                   ]                                                                                                                                                
                 }                                                                                                                                                  
               ]                                                                                                                                                    
             }                                                                                                                                                      
           ]                                                                                                                                                        
         }                                                                                                                                                          
       ]                                                                                                                                                            
     },                                                                                                                                                             
     "Planning Time": 15254.109,                                                                                                                                    
     "Triggers": [                                                                                                                                                  
     ],                                                                                                                                                             
     "Execution Time": 1073092.915                                                                                                                                  
   }                                                                                                                                                                
 ]
