 [                                                                                                 
   {                                                                                               
     "Plan": {                                                                                     
       "Node Type": "Aggregate",                                                                   
       "Strategy": "Plain",                                                                        
       "Partial Mode": "Simple",                                                                   
       "Parallel Aware": false,                                                                    
       "Startup Cost": 28816.33,                                                                   
       "Total Cost": 28816.33,                                                                     
       "Plan Rows": 1,                                                                             
       "Plan Width": 32,                                                                           
       "Actual Startup Time": 17711443.136,                                                        
       "Actual Total Time": 17711443.136,                                                          
       "Actual Rows": 1,                                                                           
       "Actual Loops": 1,                                                                          
       "Shared Hit Blocks": 15,                                                                    
       "Shared Read Blocks": 83173,                                                                
       "Shared Dirtied Blocks": 0,                                                                 
       "Shared Written Blocks": 0,                                                                 
       "Local Hit Blocks": 0,                                                                      
       "Local Read Blocks": 0,                                                                     
       "Local Dirtied Blocks": 0,                                                                  
       "Local Written Blocks": 0,                                                                  
       "Temp Read Blocks": 400,                                                                    
       "Temp Written Blocks": 401,                                                                 
       "Plans": [                                                                                  
         {                                                                                         
           "Node Type": "Nested Loop",                                                             
           "Parent Relationship": "Outer",                                                         
           "Parallel Aware": false,                                                                
           "Join Type": "Inner",                                                                   
           "Startup Cost": 22971.57,                                                               
           "Total Cost": 28816.33,                                                                 
           "Plan Rows": 8,                                                                         
           "Plan Width": 17,                                                                       
           "Actual Startup Time": 14961441.746,                                                    
           "Actual Total Time": 17711431.119,                                                      
           "Actual Rows": 7834,                                                                    
           "Actual Loops": 1,                                                                      
           "Inner Unique": false,                                                                  
           "Join Filter": "(mc.movie_id = t.id)",                                                  
           "Rows Removed by Join Filter": 19806788374,                                             
           "Shared Hit Blocks": 15,                                                                
           "Shared Read Blocks": 83173,                                                            
           "Shared Dirtied Blocks": 0,                                                             
           "Shared Written Blocks": 0,                                                             
           "Local Hit Blocks": 0,                                                                  
           "Local Read Blocks": 0,                                                                 
           "Local Dirtied Blocks": 0,                                                              
           "Local Written Blocks": 0,                                                              
           "Temp Read Blocks": 400,                                                                
           "Temp Written Blocks": 401,                                                             
           "Plans": [                                                                              
             {                                                                                     
               "Node Type": "Seq Scan",                                                            
               "Parent Relationship": "Outer",                                                     
               "Parallel Aware": false,                                                            
               "Relation Name": "title",                                                           
               "Alias": "t",                                                                       
               "Startup Cost": 0.00,                                                               
               "Total Cost": 1303.96,                                                              
               "Plan Rows": 2528312,                                                               
               "Plan Width": 21,                                                                   
               "Actual Startup Time": 55.486,                                                      
               "Actual Total Time": 445.840,                                                       
               "Actual Rows": 2528312,                                                             
               "Actual Loops": 1,                                                                  
               "Shared Hit Blocks": 1,                                                             
               "Shared Read Blocks": 35997,                                                        
               "Shared Dirtied Blocks": 0,                                                         
               "Shared Written Blocks": 0,                                                         
               "Local Hit Blocks": 0,                                                              
               "Local Read Blocks": 0,                                                             
               "Local Dirtied Blocks": 0,                                                          
               "Local Written Blocks": 0,                                                          
               "Temp Read Blocks": 0,                                                              
               "Temp Written Blocks": 0                                                            
             },                                                                                    
             {                                                                                     
               "Node Type": "Materialize",                                                         
               "Parent Relationship": "Inner",                                                     
               "Parallel Aware": false,                                                            
               "Startup Cost": 22971.57,                                                           
               "Total Cost": 22973.12,                                                             
               "Plan Rows": 8,                                                                     
               "Plan Width": 8,                                                                    
               "Actual Startup Time": 5.917,                                                       
               "Actual Total Time": 6.266,                                                         
               "Actual Rows": 7834,                                                                
               "Actual Loops": 2528312,                                                            
               "Shared Hit Blocks": 14,                                                            
               "Shared Read Blocks": 47176,                                                        
               "Shared Dirtied Blocks": 0,                                                         
               "Shared Written Blocks": 0,                                                         
               "Local Hit Blocks": 0,                                                              
               "Local Read Blocks": 0,                                                             
               "Local Dirtied Blocks": 0,                                                          
               "Local Written Blocks": 0,                                                          
               "Temp Read Blocks": 400,                                                            
               "Temp Written Blocks": 401,                                                         
               "Plans": [                                                                          
                 {                                                                                 
                   "Node Type": "Merge Join",                                                      
                   "Parent Relationship": "Outer",                                                 
                   "Parallel Aware": false,                                                        
                   "Join Type": "Inner",                                                           
                   "Startup Cost": 22971.57,                                                       
                   "Total Cost": 22973.12,                                                         
                   "Plan Rows": 8,                                                                 
                   "Plan Width": 8,                                                                
                   "Actual Startup Time": 14959611.560,                                            
                   "Actual Total Time": 14959644.059,                                              
                   "Actual Rows": 7834,                                                            
                   "Actual Loops": 1,                                                              
                   "Inner Unique": true,                                                           
                   "Merge Cond": "(mc.company_id = cn.id)",                                        
                   "Shared Hit Blocks": 14,                                                        
                   "Shared Read Blocks": 47176,                                                    
                   "Shared Dirtied Blocks": 0,                                                     
                   "Shared Written Blocks": 0,                                                     
                   "Local Hit Blocks": 0,                                                          
                   "Local Read Blocks": 0,                                                         
                   "Local Dirtied Blocks": 0,                                                      
                   "Local Written Blocks": 0,                                                      
                   "Temp Read Blocks": 400,                                                        
                   "Temp Written Blocks": 401,                                                     
                   "Plans": [                                                                      
                     {                                                                             
                       "Node Type": "Sort",                                                        
                       "Parent Relationship": "Outer",                                             
                       "Parallel Aware": false,                                                    
                       "Startup Cost": 22823.04,                                                   
                       "Total Cost": 22823.06,                                                     
                       "Plan Rows": 190,                                                           
                       "Plan Width": 12,                                                           
                       "Actual Startup Time": 14959459.589,                                        
                       "Actual Total Time": 14959475.186,                                          
                       "Actual Rows": 148552,                                                      
                       "Actual Loops": 1,                                                          
                       "Sort Key": ["mc.company_id"],                                              
                       "Sort Method": "external merge",                                            
                       "Sort Space Used": 3200,                                                    
                       "Sort Space Type": "Disk",                                                  
                       "Shared Hit Blocks": 12,                                                    
                       "Shared Read Blocks": 44184,                                                
                       "Shared Dirtied Blocks": 0,                                                 
                       "Shared Written Blocks": 0,                                                 
                       "Local Hit Blocks": 0,                                                      
                       "Local Read Blocks": 0,                                                     
                       "Local Dirtied Blocks": 0,                                                  
                       "Local Written Blocks": 0,                                                  
                       "Temp Read Blocks": 400,                                                    
                       "Temp Written Blocks": 401,                                                 
                       "Plans": [                                                                  
                         {                                                                         
                           "Node Type": "Nested Loop",                                             
                           "Parent Relationship": "Outer",                                         
                           "Parallel Aware": false,                                                
                           "Join Type": "Inner",                                                   
                           "Startup Cost": 0.00,                                                   
                           "Total Cost": 22822.82,                                                 
                           "Plan Rows": 190,                                                       
                           "Plan Width": 12,                                                       
                           "Actual Startup Time": 4579.852,                                        
                           "Actual Total Time": 14959282.606,                                      
                           "Actual Rows": 148552,                                                  
                           "Actual Loops": 1,                                                      
                           "Inner Unique": false,                                                  
                           "Join Filter": "(mk.movie_id = mc.movie_id)",                           
                           "Rows Removed by Join Filter": 109165808808,                            
                           "Shared Hit Blocks": 8,                                                 
                           "Shared Read Blocks": 44184,                                            
                           "Shared Dirtied Blocks": 0,                                             
                           "Shared Written Blocks": 0,                                             
                           "Local Hit Blocks": 0,                                                  
                           "Local Read Blocks": 0,                                                 
                           "Local Dirtied Blocks": 0,                                              
                           "Local Written Blocks": 0,                                              
                           "Temp Read Blocks": 0,                                                  
                           "Temp Written Blocks": 0,                                               
                           "Plans": [                                                              
                             {                                                                     
                               "Node Type": "Seq Scan",                                            
                               "Parent Relationship": "Outer",                                     
                               "Parallel Aware": false,                                            
                               "Relation Name": "movie_companies",                                 
                               "Alias": "mc",                                                      
                               "Startup Cost": 0.00,                                               
                               "Total Cost": 769.75,                                               
                               "Plan Rows": 2609129,                                               
                               "Plan Width": 8,                                                    
                               "Actual Startup Time": 0.013,                                       
                               "Actual Total Time": 624.098,                                       
                               "Actual Rows": 2609129,                                             
                               "Actual Loops": 1,                                                  
                               "Shared Hit Blocks": 3,                                             
                               "Shared Read Blocks": 18786,                                        
                               "Shared Dirtied Blocks": 0,                                         
                               "Shared Written Blocks": 0,                                         
                               "Local Hit Blocks": 0,                                              
                               "Local Read Blocks": 0,                                             
                               "Local Dirtied Blocks": 0,                                          
                               "Local Written Blocks": 0,                                          
                               "Temp Read Blocks": 0,                                              
                               "Temp Written Blocks": 0                                            
                             },                                                                    
                             {                                                                     
                               "Node Type": "Materialize",                                         
                               "Parent Relationship": "Inner",                                     
                               "Parallel Aware": false,                                            
                               "Startup Cost": 0.00,                                               
                               "Total Cost": 2144.57,                                              
                               "Plan Rows": 34,                                                    
                               "Plan Width": 4,                                                    
                               "Actual Startup Time": 0.000,                                       
                               "Actual Total Time": 1.818,                                         
                               "Actual Rows": 41840,                                               
                               "Actual Loops": 2609129,                                            
                               "Shared Hit Blocks": 5,                                             
                               "Shared Read Blocks": 25398,                                        
                               "Shared Dirtied Blocks": 0,                                         
                               "Shared Written Blocks": 0,                                         
                               "Local Hit Blocks": 0,                                              
                               "Local Read Blocks": 0,                                             
                               "Local Dirtied Blocks": 0,                                          
                               "Local Written Blocks": 0,                                          
                               "Temp Read Blocks": 0,                                              
                               "Temp Written Blocks": 0,                                           
                               "Plans": [                                                          
                                 {                                                                 
                                   "Node Type": "Nested Loop",                                     
                                   "Parent Relationship": "Outer",                                 
                                   "Parallel Aware": false,                                        
                                   "Join Type": "Inner",                                           
                                   "Startup Cost": 0.00,                                           
                                   "Total Cost": 2144.57,                                          
                                   "Plan Rows": 34,                                                
                                   "Plan Width": 4,                                                
                                   "Actual Startup Time": 83.248,                                  
                                   "Actual Total Time": 2246.786,                                  
                                   "Actual Rows": 41840,                                           
                                   "Actual Loops": 1,                                              
                                   "Inner Unique": true,                                           
                                   "Join Filter": "(k.id = mk.keyword_id)",                        
                                   "Rows Removed by Join Filter": 4482090,                         
                                   "Shared Hit Blocks": 5,                                         
                                   "Shared Read Blocks": 25398,                                    
                                   "Shared Dirtied Blocks": 0,                                     
                                   "Shared Written Blocks": 0,                                     
                                   "Local Hit Blocks": 0,                                          
                                   "Local Read Blocks": 0,                                         
                                   "Local Dirtied Blocks": 0,                                      
                                   "Local Written Blocks": 0,                                      
                                   "Temp Read Blocks": 0,                                          
                                   "Temp Written Blocks": 0,                                       
                                   "Plans": [                                                      
                                     {                                                             
                                       "Node Type": "Seq Scan",                                    
                                       "Parent Relationship": "Outer",                             
                                       "Parallel Aware": false,                                    
                                       "Relation Name": "movie_keyword",                           
                                       "Alias": "mk",                                              
                                       "Startup Cost": 0.00,                                       
                                       "Total Cost": 1079.84,                                      
                                       "Plan Rows": 4523930,                                       
                                       "Plan Width": 8,                                            
                                       "Actual Startup Time": 0.010,                               
                                       "Actual Total Time": 529.151,                               
                                       "Actual Rows": 4523930,                                     
                                       "Actual Loops": 1,                                          
                                       "Shared Hit Blocks": 3,                                     
                                       "Shared Read Blocks": 24451,                                
                                       "Shared Dirtied Blocks": 0,                                 
                                       "Shared Written Blocks": 0,                                 
                                       "Local Hit Blocks": 0,                                      
                                       "Local Read Blocks": 0,                                     
                                       "Local Dirtied Blocks": 0,                                  
                                       "Local Written Blocks": 0,                                  
                                       "Temp Read Blocks": 0,                                      
                                       "Temp Written Blocks": 0                                    
                                     },                                                            
                                     {                                                             
                                       "Node Type": "Materialize",                                 
                                       "Parent Relationship": "Inner",                             
                                       "Parallel Aware": false,                                    
                                       "Startup Cost": 0.00,                                       
                                       "Total Cost": 49.46,                                        
                                       "Plan Rows": 1,                                             
                                       "Plan Width": 4,                                            
                                       "Actual Startup Time": 0.000,                               
                                       "Actual Total Time": 0.000,                                 
                                       "Actual Rows": 1,                                           
                                       "Actual Loops": 4523930,                                    
                                       "Shared Hit Blocks": 2,                                     
                                       "Shared Read Blocks": 947,                                  
                                       "Shared Dirtied Blocks": 0,                                 
                                       "Shared Written Blocks": 0,                                 
                                       "Local Hit Blocks": 0,                                      
                                       "Local Read Blocks": 0,                                     
                                       "Local Dirtied Blocks": 0,                                  
                                       "Local Written Blocks": 0,                                  
                                       "Temp Read Blocks": 0,                                      
                                       "Temp Written Blocks": 0,                                   
                                       "Plans": [                                                  
                                         {                                                         
                                           "Node Type": "Seq Scan",                                
                                           "Parent Relationship": "Outer",                         
                                           "Parallel Aware": false,                                
                                           "Relation Name": "keyword",                             
                                           "Alias": "k",                                           
                                           "Startup Cost": 0.00,                                   
                                           "Total Cost": 49.46,                                    
                                           "Plan Rows": 1,                                         
                                           "Plan Width": 4,                                        
                                           "Actual Startup Time": 22.887,                          
                                           "Actual Total Time": 83.164,                            
                                           "Actual Rows": 1,                                       
                                           "Actual Loops": 1,                                      
                                           "Filter": "(keyword = 'character-name-in-title'::text)",
                                           "Rows Removed by Filter": 134169,                       
                                           "Shared Hit Blocks": 2,                                 
                                           "Shared Read Blocks": 947,                              
                                           "Shared Dirtied Blocks": 0,                             
                                           "Shared Written Blocks": 0,                             
                                           "Local Hit Blocks": 0,                                  
                                           "Local Read Blocks": 0,                                 
                                           "Local Dirtied Blocks": 0,                              
                                           "Local Written Blocks": 0,                              
                                           "Temp Read Blocks": 0,                                  
                                           "Temp Written Blocks": 0                                
                                         }                                                         
                                       ]                                                           
                                     }                                                             
                                   ]                                                               
                                 }                                                                 
                               ]                                                                   
                             }                                                                     
                           ]                                                                       
                         }                                                                         
                       ]                                                                           
                     },                                                                            
                     {                                                                             
                       "Node Type": "Sort",                                                        
                       "Parent Relationship": "Inner",                                             
                       "Parallel Aware": false,                                                    
                       "Startup Cost": 148.53,                                                     
                       "Total Cost": 149.28,                                                       
                       "Plan Rows": 9775,                                                          
                       "Plan Width": 4,                                                            
                       "Actual Startup Time": 150.269,                                             
                       "Actual Total Time": 151.019,                                               
                       "Actual Rows": 9766,                                                        
                       "Actual Loops": 1,                                                          
                       "Sort Key": ["cn.id"],                                                      
                       "Sort Method": "quicksort",                                                 
                       "Sort Space Used": 843,                                                     
                       "Sort Space Type": "Memory",                                                
                       "Shared Hit Blocks": 2,                                                     
                       "Shared Read Blocks": 2992,                                                 
                       "Shared Dirtied Blocks": 0,                                                 
                       "Shared Written Blocks": 0,                                                 
                       "Local Hit Blocks": 0,                                                      
                       "Local Read Blocks": 0,                                                     
                       "Local Dirtied Blocks": 0,                                                  
                       "Local Written Blocks": 0,                                                  
                       "Temp Read Blocks": 0,                                                      
                       "Temp Written Blocks": 0,                                                   
                       "Plans": [                                                                  
                         {                                                                         
                           "Node Type": "Seq Scan",                                                
                           "Parent Relationship": "Outer",                                         
                           "Parallel Aware": false,                                                
                           "Relation Name": "company_name",                                        
                           "Alias": "cn",                                                          
                           "Startup Cost": 0.00,                                                   
                           "Total Cost": 128.41,                                                   
                           "Plan Rows": 9775,                                                      
                           "Plan Width": 4,                                                        
                           "Actual Startup Time": 13.625,                                          
                           "Actual Total Time": 144.633,                                           
                           "Actual Rows": 9775,                                                    
                           "Actual Loops": 1,                                                      
                           "Filter": "((country_code)::text = '[de]'::text)",                      
                           "Rows Removed by Filter": 225222,                                       
                           "Shared Hit Blocks": 2,                                                 
                           "Shared Read Blocks": 2992,                                             
                           "Shared Dirtied Blocks": 0,                                             
                           "Shared Written Blocks": 0,                                             
                           "Local Hit Blocks": 0,                                                  
                           "Local Read Blocks": 0,                                                 
                           "Local Dirtied Blocks": 0,                                              
                           "Local Written Blocks": 0,                                              
                           "Temp Read Blocks": 0,                                                  
                           "Temp Written Blocks": 0                                                
                         }                                                                         
                       ]                                                                           
                     }                                                                             
                   ]                                                                               
                 }                                                                                 
               ]                                                                                   
             }                                                                                     
           ]                                                                                       
         }                                                                                         
       ]                                                                                           
     },                                                                                            
     "Planning Time": 2444.594,                                                                    
     "Triggers": [                                                                                 
     ],                                                                                            
     "Execution Time": 17711447.031                                                                
   }                                                                                               
 ]
