 [                                                                                                                                                   
   {                                                                                                                                                 
     "Plan": {                                                                                                                                       
       "Node Type": "Aggregate",                                                                                                                     
       "Strategy": "Plain",                                                                                                                          
       "Partial Mode": "Simple",                                                                                                                     
       "Parallel Aware": false,                                                                                                                      
       "Startup Cost": 120001455669.60,                                                                                                              
       "Total Cost": 120001455669.60,                                                                                                                
       "Plan Rows": 1,                                                                                                                               
       "Plan Width": 128,                                                                                                                            
       "Actual Startup Time": 203129.738,                                                                                                            
       "Actual Total Time": 203129.738,                                                                                                              
       "Actual Rows": 1,                                                                                                                             
       "Actual Loops": 1,                                                                                                                            
       "Shared Hit Blocks": 7560979,                                                                                                                 
       "Shared Read Blocks": 613184,                                                                                                                 
       "Shared Dirtied Blocks": 0,                                                                                                                   
       "Shared Written Blocks": 0,                                                                                                                   
       "Local Hit Blocks": 0,                                                                                                                        
       "Local Read Blocks": 0,                                                                                                                       
       "Local Dirtied Blocks": 0,                                                                                                                    
       "Local Written Blocks": 0,                                                                                                                    
       "Temp Read Blocks": 0,                                                                                                                        
       "Temp Written Blocks": 0,                                                                                                                     
       "Plans": [                                                                                                                                    
         {                                                                                                                                           
           "Node Type": "Merge Join",                                                                                                                
           "Parent Relationship": "Outer",                                                                                                           
           "Parallel Aware": false,                                                                                                                  
           "Join Type": "Inner",                                                                                                                     
           "Startup Cost": 120000000002.77,                                                                                                          
           "Total Cost": 120001455669.60,                                                                                                            
           "Plan Rows": 1,                                                                                                                           
           "Plan Width": 80,                                                                                                                         
           "Actual Startup Time": 65189.287,                                                                                                         
           "Actual Total Time": 203128.388,                                                                                                          
           "Actual Rows": 757,                                                                                                                       
           "Actual Loops": 1,                                                                                                                        
           "Inner Unique": false,                                                                                                                    
           "Merge Cond": "(n.id = ci.person_id)",                                                                                                    
           "Shared Hit Blocks": 7560979,                                                                                                             
           "Shared Read Blocks": 613184,                                                                                                             
           "Shared Dirtied Blocks": 0,                                                                                                               
           "Shared Written Blocks": 0,                                                                                                               
           "Local Hit Blocks": 0,                                                                                                                    
           "Local Read Blocks": 0,                                                                                                                   
           "Local Dirtied Blocks": 0,                                                                                                                
           "Local Written Blocks": 0,                                                                                                                
           "Temp Read Blocks": 0,                                                                                                                    
           "Temp Written Blocks": 0,                                                                                                                 
           "Plans": [                                                                                                                                
             {                                                                                                                                       
               "Node Type": "Index Scan",                                                                                                            
               "Parent Relationship": "Outer",                                                                                                       
               "Parallel Aware": false,                                                                                                              
               "Scan Direction": "Forward",                                                                                                          
               "Index Name": "name_pkey",                                                                                                            
               "Relation Name": "name",                                                                                                              
               "Alias": "n",                                                                                                                         
               "Startup Cost": 10000000000.01,                                                                                                       
               "Total Cost": 10000048812.37,                                                                                                         
               "Plan Rows": 1740196,                                                                                                                 
               "Plan Width": 19,                                                                                                                     
               "Actual Startup Time": 0.034,                                                                                                         
               "Actual Total Time": 6722.663,                                                                                                        
               "Actual Rows": 1739579,                                                                                                               
               "Actual Loops": 1,                                                                                                                    
               "Filter": "((gender)::text = 'm'::text)",                                                                                             
               "Rows Removed by Filter": 2427912,                                                                                                    
               "Shared Hit Blocks": 3938602,                                                                                                         
               "Shared Read Blocks": 70682,                                                                                                          
               "Shared Dirtied Blocks": 0,                                                                                                           
               "Shared Written Blocks": 0,                                                                                                           
               "Local Hit Blocks": 0,                                                                                                                
               "Local Read Blocks": 0,                                                                                                               
               "Local Dirtied Blocks": 0,                                                                                                            
               "Local Written Blocks": 0,                                                                                                            
               "Temp Read Blocks": 0,                                                                                                                
               "Temp Written Blocks": 0                                                                                                              
             },                                                                                                                                      
             {                                                                                                                                       
               "Node Type": "Materialize",                                                                                                           
               "Parent Relationship": "Inner",                                                                                                       
               "Parallel Aware": false,                                                                                                              
               "Startup Cost": 110000000002.73,                                                                                                      
               "Total Cost": 110001407962.15,                                                                                                        
               "Plan Rows": 1,                                                                                                                       
               "Plan Width": 69,                                                                                                                     
               "Actual Startup Time": 65157.609,                                                                                                     
               "Actual Total Time": 196150.816,                                                                                                      
               "Actual Rows": 758,                                                                                                                   
               "Actual Loops": 1,                                                                                                                    
               "Shared Hit Blocks": 3622377,                                                                                                         
               "Shared Read Blocks": 542502,                                                                                                         
               "Shared Dirtied Blocks": 0,                                                                                                           
               "Shared Written Blocks": 0,                                                                                                           
               "Local Hit Blocks": 0,                                                                                                                
               "Local Read Blocks": 0,                                                                                                               
               "Local Dirtied Blocks": 0,                                                                                                            
               "Local Written Blocks": 0,                                                                                                            
               "Temp Read Blocks": 0,                                                                                                                
               "Temp Written Blocks": 0,                                                                                                             
               "Plans": [                                                                                                                            
                 {                                                                                                                                   
                   "Node Type": "Nested Loop",                                                                                                       
                   "Parent Relationship": "Outer",                                                                                                   
                   "Parallel Aware": false,                                                                                                          
                   "Join Type": "Inner",                                                                                                             
                   "Startup Cost": 110000000002.73,                                                                                                  
                   "Total Cost": 110001407962.15,                                                                                                    
                   "Plan Rows": 1,                                                                                                                   
                   "Plan Width": 69,                                                                                                                 
                   "Actual Startup Time": 65157.597,                                                                                                 
                   "Actual Total Time": 196150.069,                                                                                                  
                   "Actual Rows": 758,                                                                                                               
                   "Actual Loops": 1,                                                                                                                
                   "Inner Unique": false,                                                                                                            
                   "Join Filter": "(t.id = ci.movie_id)",                                                                                            
                   "Rows Removed by Join Filter": 666388405,                                                                                         
                   "Shared Hit Blocks": 3622377,                                                                                                     
                   "Shared Read Blocks": 542502,                                                                                                     
                   "Shared Dirtied Blocks": 0,                                                                                                       
                   "Shared Written Blocks": 0,                                                                                                       
                   "Local Hit Blocks": 0,                                                                                                            
                   "Local Read Blocks": 0,                                                                                                           
                   "Local Dirtied Blocks": 0,                                                                                                        
                   "Local Written Blocks": 0,                                                                                                        
                   "Temp Read Blocks": 0,                                                                                                            
                   "Temp Written Blocks": 0,                                                                                                         
                   "Plans": [                                                                                                                        
                     {                                                                                                                               
                       "Node Type": "Index Scan",                                                                                                    
                       "Parent Relationship": "Outer",                                                                                               
                       "Parallel Aware": false,                                                                                                      
                       "Scan Direction": "Forward",                                                                                                  
                       "Index Name": "person_id_cast_info",                                                                                          
                       "Relation Name": "cast_info",                                                                                                 
                       "Alias": "ci",                                                                                                                
                       "Startup Cost": 10000000000.02,                                                                                               
                       "Total Cost": 10000712172.30,                                                                                                 
                       "Plan Rows": 1247095,                                                                                                         
                       "Plan Width": 8,                                                                                                              
                       "Actual Startup Time": 41.918,                                                                                                
                       "Actual Total Time": 19938.375,                                                                                               
                       "Actual Rows": 573979,                                                                                                        
                       "Actual Loops": 1,                                                                                                            
                       "Filter": "(note = ANY ('{(writer),\"(head writer)\",\"(written by)\",(story),\"(story editor)\"}'::text[]))",                
                       "Rows Removed by Filter": 18296415,                                                                                           
                       "Shared Hit Blocks": 791107,                                                                                                  
                       "Shared Read Blocks": 245671,                                                                                                 
                       "Shared Dirtied Blocks": 0,                                                                                                   
                       "Shared Written Blocks": 0,                                                                                                   
                       "Local Hit Blocks": 0,                                                                                                        
                       "Local Read Blocks": 0,                                                                                                       
                       "Local Dirtied Blocks": 0,                                                                                                    
                       "Local Written Blocks": 0,                                                                                                    
                       "Temp Read Blocks": 0,                                                                                                        
                       "Temp Written Blocks": 0                                                                                                      
                     },                                                                                                                              
                     {                                                                                                                               
                       "Node Type": "Materialize",                                                                                                   
                       "Parent Relationship": "Inner",                                                                                               
                       "Parallel Aware": false,                                                                                                      
                       "Startup Cost": 100000000002.72,                                                                                              
                       "Total Cost": 100000695509.97,                                                                                                
                       "Plan Rows": 1,                                                                                                               
                       "Plan Width": 85,                                                                                                             
                       "Actual Startup Time": 0.047,                                                                                                 
                       "Actual Total Time": 0.173,                                                                                                   
                       "Actual Rows": 1161,                                                                                                          
                       "Actual Loops": 573979,                                                                                                       
                       "Shared Hit Blocks": 2831270,                                                                                                 
                       "Shared Read Blocks": 296831,                                                                                                 
                       "Shared Dirtied Blocks": 0,                                                                                                   
                       "Shared Written Blocks": 0,                                                                                                   
                       "Local Hit Blocks": 0,                                                                                                        
                       "Local Read Blocks": 0,                                                                                                       
                       "Local Dirtied Blocks": 0,                                                                                                    
                       "Local Written Blocks": 0,                                                                                                    
                       "Temp Read Blocks": 0,                                                                                                        
                       "Temp Written Blocks": 0,                                                                                                     
                       "Plans": [                                                                                                                    
                         {                                                                                                                           
                           "Node Type": "Nested Loop",                                                                                               
                           "Parent Relationship": "Outer",                                                                                           
                           "Parallel Aware": false,                                                                                                  
                           "Join Type": "Inner",                                                                                                     
                           "Startup Cost": 100000000002.72,                                                                                          
                           "Total Cost": 100000695509.97,                                                                                            
                           "Plan Rows": 1,                                                                                                           
                           "Plan Width": 85,                                                                                                         
                           "Actual Startup Time": 26707.709,                                                                                         
                           "Actual Total Time": 64745.976,                                                                                           
                           "Actual Rows": 1161,                                                                                                      
                           "Actual Loops": 1,                                                                                                        
                           "Inner Unique": true,                                                                                                     
                           "Join Filter": "(it.id = mi.info_type_id)",                                                                              
                           "Rows Removed by Join Filter": 0,                                                                                         
                           "Shared Hit Blocks": 2831270,                                                                                             
                           "Shared Read Blocks": 296831,                                                                                             
                           "Shared Dirtied Blocks": 0,                                                                                               
                           "Shared Written Blocks": 0,                                                                                               
                           "Local Hit Blocks": 0,                                                                                                    
                           "Local Read Blocks": 0,                                                                                                   
                           "Local Dirtied Blocks": 0,                                                                                                
                           "Local Written Blocks": 0,                                                                                                
                           "Temp Read Blocks": 0,                                                                                                    
                           "Temp Written Blocks": 0,                                                                                                 
                           "Plans": [                                                                                                                
                             {                                                                                                                       
                               "Node Type": "Nested Loop",                                                                                           
                               "Parent Relationship": "Outer",                                                                                       
                               "Parallel Aware": false,                                                                                              
                               "Join Type": "Inner",                                                                                                 
                               "Startup Cost": 90000000002.71,                                                                                       
                               "Total Cost": 90000695500.76,                                                                                         
                               "Plan Rows": 1,                                                                                                       
                               "Plan Width": 89,                                                                                                     
                               "Actual Startup Time": 26707.681,                                                                                     
                               "Actual Total Time": 64744.993,                                                                                       
                               "Actual Rows": 1161,                                                                                                  
                               "Actual Loops": 1,                                                                                                    
                               "Inner Unique": false,                                                                                                
                               "Join Filter": "(t.id = mi.movie_id)",                                                                                
                               "Rows Removed by Join Filter": 147772920,                                                                             
                               "Shared Hit Blocks": 2831268,                                                                                         
                               "Shared Read Blocks": 296831,                                                                                         
                               "Shared Dirtied Blocks": 0,                                                                                           
                               "Shared Written Blocks": 0,                                                                                           
                               "Local Hit Blocks": 0,                                                                                                
                               "Local Read Blocks": 0,                                                                                               
                               "Local Dirtied Blocks": 0,                                                                                            
                               "Local Written Blocks": 0,                                                                                            
                               "Temp Read Blocks": 0,                                                                                                
                               "Temp Written Blocks": 0,                                                                                             
                               "Plans": [                                                                                                            
                                 {                                                                                                                   
                                   "Node Type": "Nested Loop",                                                                                       
                                   "Parent Relationship": "Outer",                                                                                   
                                   "Parallel Aware": false,                                                                                          
                                   "Join Type": "Inner",                                                                                             
                                   "Startup Cost": 80000000002.70,                                                                                   
                                   "Total Cost": 80000080054.86,                                                                                     
                                   "Plan Rows": 1,                                                                                                   
                                   "Plan Width": 39,                                                                                                 
                                   "Actual Startup Time": 1609.748,                                                                                  
                                   "Actual Total Time": 22360.271,                                                                                   
                                   "Actual Rows": 2023,                                                                                              
                                   "Actual Loops": 1,                                                                                                
                                   "Inner Unique": true,                                                                                             
                                   "Join Filter": "(mi_idx.info_type_id = it.id)",                                                                  
                                   "Rows Removed by Join Filter": 4143,                                                                              
                                   "Shared Hit Blocks": 2743684,                                                                                     
                                   "Shared Read Blocks": 94404,                                                                                      
                                   "Shared Dirtied Blocks": 0,                                                                                       
                                   "Shared Written Blocks": 0,                                                                                       
                                   "Local Hit Blocks": 0,                                                                                            
                                   "Local Read Blocks": 0,                                                                                           
                                   "Local Dirtied Blocks": 0,                                                                                        
                                   "Local Written Blocks": 0,                                                                                        
                                   "Temp Read Blocks": 0,                                                                                            
                                   "Temp Written Blocks": 0,                                                                                         
                                   "Plans": [                                                                                                        
                                     {                                                                                                               
                                       "Node Type": "Nested Loop",                                                                                   
                                       "Parent Relationship": "Outer",                                                                               
                                       "Parallel Aware": false,                                                                                      
                                       "Join Type": "Inner",                                                                                         
                                       "Startup Cost": 70000000002.69,                                                                               
                                       "Total Cost": 70000080045.65,                                                                                 
                                       "Plan Rows": 1,                                                                                               
                                       "Plan Width": 43,                                                                                             
                                       "Actual Startup Time": 1609.337,                                                                              
                                       "Actual Total Time": 22356.819,                                                                               
                                       "Actual Rows": 6166,                                                                                          
                                       "Actual Loops": 1,                                                                                            
                                       "Inner Unique": true,                                                                                         
                                       "Join Filter": "(cc.subject_id = cct.id)",                                                                   
                                       "Rows Removed by Join Filter": 420,                                                                           
                                       "Shared Hit Blocks": 2743682,                                                                                 
                                       "Shared Read Blocks": 94404,                                                                                  
                                       "Shared Dirtied Blocks": 0,                                                                                   
                                       "Shared Written Blocks": 0,                                                                                   
                                       "Local Hit Blocks": 0,                                                                                        
                                       "Local Read Blocks": 0,                                                                                       
                                       "Local Dirtied Blocks": 0,                                                                                    
                                       "Local Written Blocks": 0,                                                                                    
                                       "Temp Read Blocks": 0,                                                                                        
                                       "Temp Written Blocks": 0,                                                                                     
                                       "Plans": [                                                                                                    
                                         {                                                                                                           
                                           "Node Type": "Nested Loop",                                                                               
                                           "Parent Relationship": "Outer",                                                                           
                                           "Parallel Aware": false,                                                                                  
                                           "Join Type": "Inner",                                                                                     
                                           "Startup Cost": 60000000002.69,                                                                           
                                           "Total Cost": 60000080036.47,                                                                             
                                           "Plan Rows": 1,                                                                                           
                                           "Plan Width": 47,                                                                                         
                                           "Actual Startup Time": 1609.286,                                                                          
                                           "Actual Total Time": 22353.316,                                                                           
                                           "Actual Rows": 6166,                                                                                      
                                           "Actual Loops": 1,                                                                                        
                                           "Inner Unique": true,                                                                                     
                                           "Join Filter": "(mk.keyword_id = k.id)",                                                                  
                                           "Rows Removed by Join Filter": 2804447,                                                                   
                                           "Shared Hit Blocks": 2743680,                                                                             
                                           "Shared Read Blocks": 94404,                                                                              
                                           "Shared Dirtied Blocks": 0,                                                                               
                                           "Shared Written Blocks": 0,                                                                               
                                           "Local Hit Blocks": 0,                                                                                    
                                           "Local Read Blocks": 0,                                                                                   
                                           "Local Dirtied Blocks": 0,                                                                                
                                           "Local Written Blocks": 0,                                                                                
                                           "Temp Read Blocks": 0,                                                                                    
                                           "Temp Written Blocks": 0,                                                                                 
                                           "Plans": [                                                                                                
                                             {                                                                                                       
                                               "Node Type": "Merge Join",                                                                            
                                               "Parent Relationship": "Outer",                                                                       
                                               "Parallel Aware": false,                                                                              
                                               "Join Type": "Inner",                                                                                 
                                               "Startup Cost": 50000000002.68,                                                                       
                                               "Total Cost": 50000078390.87,                                                                         
                                               "Plan Rows": 18022,                                                                                   
                                               "Plan Width": 51,                                                                                     
                                               "Actual Startup Time": 1127.137,                                                                      
                                               "Actual Total Time": 21409.335,                                                                       
                                               "Actual Rows": 404468,                                                                                
                                               "Actual Loops": 1,                                                                                    
                                               "Inner Unique": false,                                                                                
                                               "Merge Cond": "(t.id = mk.movie_id)",                                                                 
                                               "Shared Hit Blocks": 2612503,                                                                         
                                               "Shared Read Blocks": 92972,                                                                          
                                               "Shared Dirtied Blocks": 0,                                                                           
                                               "Shared Written Blocks": 0,                                                                           
                                               "Local Hit Blocks": 0,                                                                                
                                               "Local Read Blocks": 0,                                                                               
                                               "Local Dirtied Blocks": 0,                                                                            
                                               "Local Written Blocks": 0,                                                                            
                                               "Temp Read Blocks": 0,                                                                                
                                               "Temp Written Blocks": 0,                                                                             
                                               "Plans": [                                                                                            
                                                 {                                                                                                   
                                                   "Node Type": "Merge Join",                                                                        
                                                   "Parent Relationship": "Outer",                                                                   
                                                   "Parallel Aware": false,                                                                          
                                                   "Join Type": "Inner",                                                                             
                                                   "Startup Cost": 40000000002.66,                                                                   
                                                   "Total Cost": 40000038784.70,                                                                     
                                                   "Plan Rows": 10072,                                                                               
                                                   "Plan Width": 43,                                                                                 
                                                   "Actual Startup Time": 487.782,                                                                   
                                                   "Actual Total Time": 15394.896,                                                                   
                                                   "Actual Rows": 5654,                                                                              
                                                   "Actual Loops": 1,                                                                                
                                                   "Inner Unique": false,                                                                            
                                                   "Merge Cond": "(t.id = mi_idx.movie_id)",                                                         
                                                   "Shared Hit Blocks": 2587117,                                                                     
                                                   "Shared Read Blocks": 56182,                                                                      
                                                   "Shared Dirtied Blocks": 0,                                                                       
                                                   "Shared Written Blocks": 0,                                                                       
                                                   "Local Hit Blocks": 0,                                                                            
                                                   "Local Read Blocks": 0,                                                                           
                                                   "Local Dirtied Blocks": 0,                                                                        
                                                   "Local Written Blocks": 0,                                                                        
                                                   "Temp Read Blocks": 0,                                                                            
                                                   "Temp Written Blocks": 0,                                                                         
                                                   "Plans": [                                                                                        
                                                     {                                                                                               
                                                       "Node Type": "Nested Loop",                                                                   
                                                       "Parent Relationship": "Outer",                                                               
                                                       "Parallel Aware": false,                                                                      
                                                       "Join Type": "Inner",                                                                         
                                                       "Startup Cost": 30000000002.65,                                                               
                                                       "Total Cost": 30000026670.45,                                                                 
                                                       "Plan Rows": 18452,                                                                           
                                                       "Plan Width": 29,                                                                             
                                                       "Actual Startup Time": 462.324,                                                               
                                                       "Actual Total Time": 12878.110,                                                               
                                                       "Actual Rows": 2059,                                                                          
                                                       "Actual Loops": 1,                                                                            
                                                       "Inner Unique": true,                                                                         
                                                       "Join Filter": "(cc.status_id = cct.id)",                                                    
                                                       "Rows Removed by Join Filter": 36465,                                                         
                                                       "Shared Hit Blocks": 2573520,                                                                 
                                                       "Shared Read Blocks": 43962,                                                                  
                                                       "Shared Dirtied Blocks": 0,                                                                   
                                                       "Shared Written Blocks": 0,                                                                   
                                                       "Local Hit Blocks": 0,                                                                        
                                                       "Local Read Blocks": 0,                                                                       
                                                       "Local Dirtied Blocks": 0,                                                                    
                                                       "Local Written Blocks": 0,                                                                    
                                                       "Temp Read Blocks": 0,                                                                        
                                                       "Temp Written Blocks": 0,                                                                     
                                                       "Plans": [                                                                                    
                                                         {                                                                                           
                                                           "Node Type": "Merge Join",                                                                
                                                           "Parent Relationship": "Outer",                                                           
                                                           "Parallel Aware": false,                                                                  
                                                           "Join Type": "Inner",                                                                     
                                                           "Startup Cost": 20000000002.65,                                                           
                                                           "Total Cost": 20000026644.70,                                                             
                                                           "Plan Rows": 73810,                                                                       
                                                           "Plan Width": 33,                                                                         
                                                           "Actual Startup Time": 462.272,                                                           
                                                           "Actual Total Time": 12850.773,                                                           
                                                           "Actual Rows": 38524,                                                                     
                                                           "Actual Loops": 1,                                                                        
                                                           "Inner Unique": false,                                                                    
                                                           "Merge Cond": "(t.id = cc.movie_id)",                                                     
                                                           "Shared Hit Blocks": 2573518,                                                             
                                                           "Shared Read Blocks": 43962,                                                              
                                                           "Shared Dirtied Blocks": 0,                                                               
                                                           "Shared Written Blocks": 0,                                                               
                                                           "Local Hit Blocks": 0,                                                                    
                                                           "Local Read Blocks": 0,                                                                   
                                                           "Local Dirtied Blocks": 0,                                                                
                                                           "Local Written Blocks": 0,                                                                
                                                           "Temp Read Blocks": 0,                                                                    
                                                           "Temp Written Blocks": 0,                                                                 
                                                           "Plans": [                                                                                
                                                             {                                                                                       
                                                               "Node Type": "Index Scan",                                                            
                                                               "Parent Relationship": "Outer",                                                       
                                                               "Parallel Aware": false,                                                              
                                                               "Scan Direction": "Forward",                                                          
                                                               "Index Name": "title_idx_id",                                                         
                                                               "Relation Name": "title",                                                             
                                                               "Alias": "t",                                                                         
                                                               "Startup Cost": 10000000000.01,                                                       
                                                               "Total Cost": 10000023238.35,                                                         
                                                               "Plan Rows": 1381453,                                                                 
                                                               "Plan Width": 21,                                                                     
                                                               "Actual Startup Time": 2.303,                                                         
                                                               "Actual Total Time": 12292.536,                                                       
                                                               "Actual Rows": 1381207,                                                               
                                                               "Actual Loops": 1,                                                                    
                                                               "Filter": "(production_year > 2000)",                                                 
                                                               "Rows Removed by Filter": 1145098,                                                    
                                                               "Shared Hit Blocks": 2488378,                                                         
                                                               "Shared Read Blocks": 42872,                                                          
                                                               "Shared Dirtied Blocks": 0,                                                           
                                                               "Shared Written Blocks": 0,                                                           
                                                               "Local Hit Blocks": 0,                                                                
                                                               "Local Read Blocks": 0,                                                               
                                                               "Local Dirtied Blocks": 0,                                                            
                                                               "Local Written Blocks": 0,                                                            
                                                               "Temp Read Blocks": 0,                                                                
                                                               "Temp Written Blocks": 0                                                              
                                                             },                                                                                      
                                                             {                                                                                       
                                                               "Node Type": "Index Scan",                                                            
                                                               "Parent Relationship": "Inner",                                                       
                                                               "Parallel Aware": false,                                                              
                                                               "Scan Direction": "Forward",                                                          
                                                               "Index Name": "movie_id_complete_cast",                                               
                                                               "Relation Name": "complete_cast",                                                     
                                                               "Alias": "cc",                                                                        
                                                               "Startup Cost": 10000000000.01,                                                       
                                                               "Total Cost": 10000003283.51,                                                         
                                                               "Plan Rows": 135086,                                                                  
                                                               "Plan Width": 12,                                                                     
                                                               "Actual Startup Time": 0.039,                                                         
                                                               "Actual Total Time": 300.792,                                                         
                                                               "Actual Rows": 132471,                                                                
                                                               "Actual Loops": 1,                                                                    
                                                               "Shared Hit Blocks": 85140,                                                           
                                                               "Shared Read Blocks": 1090,                                                           
                                                               "Shared Dirtied Blocks": 0,                                                           
                                                               "Shared Written Blocks": 0,                                                           
                                                               "Local Hit Blocks": 0,                                                                
                                                               "Local Read Blocks": 0,                                                               
                                                               "Local Dirtied Blocks": 0,                                                            
                                                               "Local Written Blocks": 0,                                                            
                                                               "Temp Read Blocks": 0,                                                                
                                                               "Temp Written Blocks": 0                                                              
                                                             }                                                                                       
                                                           ]                                                                                         
                                                         },                                                                                          
                                                         {                                                                                           
                                                           "Node Type": "Materialize",                                                               
                                                           "Parent Relationship": "Inner",                                                           
                                                           "Parallel Aware": false,                                                                  
                                                           "Startup Cost": 10000000000.00,                                                           
                                                           "Total Cost": 10000000009.19,                                                             
                                                           "Plan Rows": 1,                                                                           
                                                           "Plan Width": 4,                                                                          
                                                           "Actual Startup Time": 0.000,                                                             
                                                           "Actual Total Time": 0.000,                                                               
                                                           "Actual Rows": 1,                                                                         
                                                           "Actual Loops": 38524,                                                                    
                                                           "Shared Hit Blocks": 2,                                                                   
                                                           "Shared Read Blocks": 0,                                                                  
                                                           "Shared Dirtied Blocks": 0,                                                               
                                                           "Shared Written Blocks": 0,                                                               
                                                           "Local Hit Blocks": 0,                                                                    
                                                           "Local Read Blocks": 0,                                                                   
                                                           "Local Dirtied Blocks": 0,                                                                
                                                           "Local Written Blocks": 0,                                                                
                                                           "Temp Read Blocks": 0,                                                                    
                                                           "Temp Written Blocks": 0,                                                                 
                                                           "Plans": [                                                                                
                                                             {                                                                                       
                                                               "Node Type": "Index Scan",                                                            
                                                               "Parent Relationship": "Outer",                                                       
                                                               "Parallel Aware": false,                                                              
                                                               "Scan Direction": "Forward",                                                          
                                                               "Index Name": "comp_cast_type_pkey",                                                  
                                                               "Relation Name": "comp_cast_type",                                                    
                                                               "Alias": "cct",                                                                      
                                                               "Startup Cost": 10000000000.00,                                                       
                                                               "Total Cost": 10000000009.19,                                                         
                                                               "Plan Rows": 1,                                                                       
                                                               "Plan Width": 4,                                                                      
                                                               "Actual Startup Time": 0.032,                                                         
                                                               "Actual Total Time": 0.047,                                                           
                                                               "Actual Rows": 1,                                                                     
                                                               "Actual Loops": 1,                                                                    
                                                               "Filter": "((kind)::text = 'completeverified'::text)",                               
                                                               "Rows Removed by Filter": 3,                                                          
                                                               "Shared Hit Blocks": 2,                                                               
                                                               "Shared Read Blocks": 0,                                                              
                                                               "Shared Dirtied Blocks": 0,                                                           
                                                               "Shared Written Blocks": 0,                                                           
                                                               "Local Hit Blocks": 0,                                                                
                                                               "Local Read Blocks": 0,                                                               
                                                               "Local Dirtied Blocks": 0,                                                            
                                                               "Local Written Blocks": 0,                                                            
                                                               "Temp Read Blocks": 0,                                                                
                                                               "Temp Written Blocks": 0                                                              
                                                             }                                                                                       
                                                           ]                                                                                         
                                                         }                                                                                           
                                                       ]                                                                                             
                                                     },                                                                                              
                                                     {                                                                                               
                                                       "Node Type": "Index Scan",                                                                    
                                                       "Parent Relationship": "Inner",                                                               
                                                       "Parallel Aware": false,                                                                      
                                                       "Scan Direction": "Forward",                                                                  
                                                       "Index Name": "movie_id_movie_info_idx",                                                      
                                                       "Relation Name": "movie_info_idx",                                                            
                                                       "Alias": "mi_idx",                                                                            
                                                       "Startup Cost": 10000000000.01,                                                               
                                                       "Total Cost": 10000012031.00,                                                                 
                                                       "Plan Rows": 1380035,                                                                         
                                                       "Plan Width": 14,                                                                             
                                                       "Actual Startup Time": 0.034,                                                                 
                                                       "Actual Total Time": 2264.699,                                                                
                                                       "Actual Rows": 1380588,                                                                       
                                                       "Actual Loops": 1,                                                                            
                                                       "Shared Hit Blocks": 13597,                                                                   
                                                       "Shared Read Blocks": 12220,                                                                  
                                                       "Shared Dirtied Blocks": 0,                                                                   
                                                       "Shared Written Blocks": 0,                                                                   
                                                       "Local Hit Blocks": 0,                                                                        
                                                       "Local Read Blocks": 0,                                                                       
                                                       "Local Dirtied Blocks": 0,                                                                    
                                                       "Local Written Blocks": 0,                                                                    
                                                       "Temp Read Blocks": 0,                                                                        
                                                       "Temp Written Blocks": 0                                                                      
                                                     }                                                                                               
                                                   ]                                                                                                 
                                                 },                                                                                                  
                                                 {                                                                                                   
                                                   "Node Type": "Index Scan",                                                                        
                                                   "Parent Relationship": "Inner",                                                                   
                                                   "Parallel Aware": false,                                                                          
                                                   "Scan Direction": "Forward",                                                                      
                                                   "Index Name": "movie_id_movie_keyword",                                                           
                                                   "Relation Name": "movie_keyword",                                                                 
                                                   "Alias": "mk",                                                                                    
                                                   "Startup Cost": 10000000000.01,                                                                   
                                                   "Total Cost": 10000039287.55,                                                                     
                                                   "Plan Rows": 4523930,                                                                             
                                                   "Plan Width": 8,                                                                                  
                                                   "Actual Startup Time": 0.033,                                                                     
                                                   "Actual Total Time": 5070.166,                                                                    
                                                   "Actual Rows": 4800511,                                                                           
                                                   "Actual Loops": 1,                                                                                
                                                   "Shared Hit Blocks": 25386,                                                                       
                                                   "Shared Read Blocks": 36790,                                                                      
                                                   "Shared Dirtied Blocks": 0,                                                                       
                                                   "Shared Written Blocks": 0,                                                                       
                                                   "Local Hit Blocks": 0,                                                                            
                                                   "Local Read Blocks": 0,                                                                           
                                                   "Local Dirtied Blocks": 0,                                                                        
                                                   "Local Written Blocks": 0,                                                                        
                                                   "Temp Read Blocks": 0,                                                                            
                                                   "Temp Written Blocks": 0                                                                          
                                                 }                                                                                                   
                                               ]                                                                                                     
                                             },                                                                                                      
                                             {                                                                                                       
                                               "Node Type": "Materialize",                                                                           
                                               "Parent Relationship": "Inner",                                                                       
                                               "Parallel Aware": false,                                                                              
                                               "Startup Cost": 10000000000.01,                                                                       
                                               "Total Cost": 10000001617.29,                                                                         
                                               "Plan Rows": 7,                                                                                       
                                               "Plan Width": 4,                                                                                      
                                               "Actual Startup Time": 0.000,                                                                         
                                               "Actual Total Time": 0.001,                                                                           
                                               "Actual Rows": 7,                                                                                     
                                               "Actual Loops": 404468,                                                                               
                                               "Shared Hit Blocks": 131177,                                                                          
                                               "Shared Read Blocks": 1432,                                                                           
                                               "Shared Dirtied Blocks": 0,                                                                           
                                               "Shared Written Blocks": 0,                                                                           
                                               "Local Hit Blocks": 0,                                                                                
                                               "Local Read Blocks": 0,                                                                               
                                               "Local Dirtied Blocks": 0,                                                                            
                                               "Local Written Blocks": 0,                                                                            
                                               "Temp Read Blocks": 0,                                                                                
                                               "Temp Written Blocks": 0,                                                                             
                                               "Plans": [                                                                                            
                                                 {                                                                                                   
                                                   "Node Type": "Index Scan",                                                                        
                                                   "Parent Relationship": "Outer",                                                                   
                                                   "Parallel Aware": false,                                                                          
                                                   "Scan Direction": "Forward",                                                                      
                                                   "Index Name": "keyword_pkey",                                                                     
                                                   "Relation Name": "keyword",                                                                       
                                                   "Alias": "k",                                                                                     
                                                   "Startup Cost": 10000000000.01,                                                                   
                                                   "Total Cost": 10000001617.29,                                                                     
                                                   "Plan Rows": 7,                                                                                   
                                                   "Plan Width": 4,                                                                                  
                                                   "Actual Startup Time": 33.692,                                                                    
                                                   "Actual Total Time": 362.725,                                                                     
                                                   "Actual Rows": 7,                                                                                 
                                                   "Actual Loops": 1,                                                                                
                                                   "Filter": "(keyword = ANY ('{murder,violence,blood,gore,death,female-nudity,hospital}'::text[]))",
                                                   "Rows Removed by Filter": 134163,                                                                 
                                                   "Shared Hit Blocks": 131177,                                                                      
                                                   "Shared Read Blocks": 1432,                                                                       
                                                   "Shared Dirtied Blocks": 0,                                                                       
                                                   "Shared Written Blocks": 0,                                                                       
                                                   "Local Hit Blocks": 0,                                                                            
                                                   "Local Read Blocks": 0,                                                                           
                                                   "Local Dirtied Blocks": 0,                                                                        
                                                   "Local Written Blocks": 0,                                                                        
                                                   "Temp Read Blocks": 0,                                                                            
                                                   "Temp Written Blocks": 0                                                                          
                                                 }                                                                                                   
                                               ]                                                                                                     
                                             }                                                                                                       
                                           ]                                                                                                         
                                         },                                                                                                          
                                         {                                                                                                           
                                           "Node Type": "Materialize",                                                                               
                                           "Parent Relationship": "Inner",                                                                           
                                           "Parallel Aware": false,                                                                                  
                                           "Startup Cost": 10000000000.00,                                                                           
                                           "Total Cost": 10000000009.19,                                                                             
                                           "Plan Rows": 2,                                                                                           
                                           "Plan Width": 4,                                                                                          
                                           "Actual Startup Time": 0.000,                                                                             
                                           "Actual Total Time": 0.000,                                                                               
                                           "Actual Rows": 1,                                                                                         
                                           "Actual Loops": 6166,                                                                                     
                                           "Shared Hit Blocks": 2,                                                                                   
                                           "Shared Read Blocks": 0,                                                                                  
                                           "Shared Dirtied Blocks": 0,                                                                               
                                           "Shared Written Blocks": 0,                                                                               
                                           "Local Hit Blocks": 0,                                                                                    
                                           "Local Read Blocks": 0,                                                                                   
                                           "Local Dirtied Blocks": 0,                                                                                
                                           "Local Written Blocks": 0,                                                                                
                                           "Temp Read Blocks": 0,                                                                                    
                                           "Temp Written Blocks": 0,                                                                                 
                                           "Plans": [                                                                                                
                                             {                                                                                                       
                                               "Node Type": "Index Scan",                                                                            
                                               "Parent Relationship": "Outer",                                                                       
                                               "Parallel Aware": false,                                                                              
                                               "Scan Direction": "Forward",                                                                          
                                               "Index Name": "comp_cast_type_pkey",                                                                  
                                               "Relation Name": "comp_cast_type",                                                                    
                                               "Alias": "cct",                                                                                      
                                               "Startup Cost": 10000000000.00,                                                                       
                                               "Total Cost": 10000000009.19,                                                                         
                                               "Plan Rows": 2,                                                                                       
                                               "Plan Width": 4,                                                                                      
                                               "Actual Startup Time": 0.031,                                                                         
                                               "Actual Total Time": 0.036,                                                                           
                                               "Actual Rows": 2,                                                                                     
                                               "Actual Loops": 1,                                                                                    
                                               "Filter": "((kind)::text = ANY ('{cast,crew}'::text[]))",                                             
                                               "Rows Removed by Filter": 0,                                                                          
                                               "Shared Hit Blocks": 2,                                                                               
                                               "Shared Read Blocks": 0,                                                                              
                                               "Shared Dirtied Blocks": 0,                                                                           
                                               "Shared Written Blocks": 0,                                                                           
                                               "Local Hit Blocks": 0,                                                                                
                                               "Local Read Blocks": 0,                                                                               
                                               "Local Dirtied Blocks": 0,                                                                            
                                               "Local Written Blocks": 0,                                                                            
                                               "Temp Read Blocks": 0,                                                                                
                                               "Temp Written Blocks": 0                                                                              
                                             }                                                                                                       
                                           ]                                                                                                         
                                         }                                                                                                           
                                       ]                                                                                                             
                                     },                                                                                                              
                                     {                                                                                                               
                                       "Node Type": "Materialize",                                                                                   
                                       "Parent Relationship": "Inner",                                                                               
                                       "Parallel Aware": false,                                                                                      
                                       "Startup Cost": 10000000000.00,                                                                               
                                       "Total Cost": 10000000009.21,                                                                                 
                                       "Plan Rows": 1,                                                                                               
                                       "Plan Width": 4,                                                                                              
                                       "Actual Startup Time": 0.000,                                                                                 
                                       "Actual Total Time": 0.000,                                                                                   
                                       "Actual Rows": 1,                                                                                             
                                       "Actual Loops": 6166,                                                                                         
                                       "Shared Hit Blocks": 2,                                                                                       
                                       "Shared Read Blocks": 0,                                                                                      
                                       "Shared Dirtied Blocks": 0,                                                                                   
                                       "Shared Written Blocks": 0,                                                                                   
                                       "Local Hit Blocks": 0,                                                                                        
                                       "Local Read Blocks": 0,                                                                                       
                                       "Local Dirtied Blocks": 0,                                                                                    
                                       "Local Written Blocks": 0,                                                                                    
                                       "Temp Read Blocks": 0,                                                                                        
                                       "Temp Written Blocks": 0,                                                                                     
                                       "Plans": [                                                                                                    
                                         {                                                                                                           
                                           "Node Type": "Index Scan",                                                                                
                                           "Parent Relationship": "Outer",                                                                           
                                           "Parallel Aware": false,                                                                                  
                                           "Scan Direction": "Forward",                                                                              
                                           "Index Name": "info_type_pkey",                                                                           
                                           "Relation Name": "info_type",                                                                             
                                           "Alias": "it",                                                                                           
                                           "Startup Cost": 10000000000.00,                                                                           
                                           "Total Cost": 10000000009.21,                                                                             
                                           "Plan Rows": 1,                                                                                           
                                           "Plan Width": 4,                                                                                          
                                           "Actual Startup Time": 0.094,                                                                             
                                           "Actual Total Time": 0.105,                                                                               
                                           "Actual Rows": 1,                                                                                         
                                           "Actual Loops": 1,                                                                                        
                                           "Filter": "((info)::text = 'votes'::text)",                                                               
                                           "Rows Removed by Filter": 112,                                                                            
                                           "Shared Hit Blocks": 2,                                                                                   
                                           "Shared Read Blocks": 0,                                                                                  
                                           "Shared Dirtied Blocks": 0,                                                                               
                                           "Shared Written Blocks": 0,                                                                               
                                           "Local Hit Blocks": 0,                                                                                    
                                           "Local Read Blocks": 0,                                                                                   
                                           "Local Dirtied Blocks": 0,                                                                                
                                           "Local Written Blocks": 0,                                                                                
                                           "Temp Read Blocks": 0,                                                                                    
                                           "Temp Written Blocks": 0                                                                                  
                                         }                                                                                                           
                                       ]                                                                                                             
                                     }                                                                                                               
                                   ]                                                                                                                 
                                 },                                                                                                                  
                                 {                                                                                                                   
                                   "Node Type": "Materialize",                                                                                       
                                   "Parent Relationship": "Inner",                                                                                   
                                   "Parallel Aware": false,                                                                                          
                                   "Startup Cost": 10000000000.01,                                                                                   
                                   "Total Cost": 10000615369.78,                                                                                     
                                   "Plan Rows": 72883,                                                                                               
                                   "Plan Width": 50,                                                                                                 
                                   "Actual Startup Time": 1.359,                                                                                     
                                   "Actual Total Time": 12.951,                                                                                      
                                   "Actual Rows": 73047,                                                                                             
                                   "Actual Loops": 2023,                                                                                             
                                   "Shared Hit Blocks": 87584,                                                                                       
                                   "Shared Read Blocks": 202427,                                                                                     
                                   "Shared Dirtied Blocks": 0,                                                                                       
                                   "Shared Written Blocks": 0,                                                                                       
                                   "Local Hit Blocks": 0,                                                                                            
                                   "Local Read Blocks": 0,                                                                                           
                                   "Local Dirtied Blocks": 0,                                                                                        
                                   "Local Written Blocks": 0,                                                                                        
                                   "Temp Read Blocks": 0,                                                                                            
                                   "Temp Written Blocks": 0,                                                                                         
                                   "Plans": [                                                                                                        
                                     {                                                                                                               
                                       "Node Type": "Index Scan",                                                                                    
                                       "Parent Relationship": "Outer",                                                                               
                                       "Parallel Aware": false,                                                                                      
                                       "Scan Direction": "Forward",                                                                                  
                                       "Index Name": "info_type_id_movie_info",                                                                      
                                       "Relation Name": "movie_info",                                                                                
                                       "Alias": "mi",                                                                                                
                                       "Startup Cost": 10000000000.01,                                                                               
                                       "Total Cost": 10000615358.46,                                                                                 
                                       "Plan Rows": 72883,                                                                                           
                                       "Plan Width": 50,                                                                                             
                                       "Actual Startup Time": 2748.314,                                                                              
                                       "Actual Total Time": 19134.539,                                                                               
                                       "Actual Rows": 73047,                                                                                         
                                       "Actual Loops": 1,                                                                                            
                                       "Filter": "(info = ANY ('{Horror,Thriller}'::text[]))",                                                       
                                       "Rows Removed by Filter": 14762673,                                                                           
                                       "Shared Hit Blocks": 87584,                                                                                   
                                       "Shared Read Blocks": 202427,                                                                                 
                                       "Shared Dirtied Blocks": 0,                                                                                   
                                       "Shared Written Blocks": 0,                                                                                   
                                       "Local Hit Blocks": 0,                                                                                        
                                       "Local Read Blocks": 0,                                                                                       
                                       "Local Dirtied Blocks": 0,                                                                                    
                                       "Local Written Blocks": 0,                                                                                    
                                       "Temp Read Blocks": 0,                                                                                        
                                       "Temp Written Blocks": 0                                                                                      
                                     }                                                                                                               
                                   ]                                                                                                                 
                                 }                                                                                                                   
                               ]                                                                                                                     
                             },                                                                                                                      
                             {                                                                                                                       
                               "Node Type": "Materialize",                                                                                           
                               "Parent Relationship": "Inner",                                                                                       
                               "Parallel Aware": false,                                                                                              
                               "Startup Cost": 10000000000.00,                                                                                       
                               "Total Cost": 10000000009.21,                                                                                         
                               "Plan Rows": 1,                                                                                                       
                               "Plan Width": 4,                                                                                                      
                               "Actual Startup Time": 0.000,                                                                                         
                               "Actual Total Time": 0.000,                                                                                           
                               "Actual Rows": 1,                                                                                                     
                               "Actual Loops": 1161,                                                                                                 
                               "Shared Hit Blocks": 2,                                                                                               
                               "Shared Read Blocks": 0,                                                                                              
                               "Shared Dirtied Blocks": 0,                                                                                           
                               "Shared Written Blocks": 0,                                                                                           
                               "Local Hit Blocks": 0,                                                                                                
                               "Local Read Blocks": 0,                                                                                               
                               "Local Dirtied Blocks": 0,                                                                                            
                               "Local Written Blocks": 0,                                                                                            
                               "Temp Read Blocks": 0,                                                                                                
                               "Temp Written Blocks": 0,                                                                                             
                               "Plans": [                                                                                                            
                                 {                                                                                                                   
                                   "Node Type": "Index Scan",                                                                                        
                                   "Parent Relationship": "Outer",                                                                                   
                                   "Parallel Aware": false,                                                                                          
                                   "Scan Direction": "Forward",                                                                                      
                                   "Index Name": "info_type_pkey",                                                                                   
                                   "Relation Name": "info_type",                                                                                     
                                   "Alias": "it",                                                                                                   
                                   "Startup Cost": 10000000000.00,                                                                                   
                                   "Total Cost": 10000000009.21,                                                                                     
                                   "Plan Rows": 1,                                                                                                   
                                   "Plan Width": 4,                                                                                                  
                                   "Actual Startup Time": 0.016,                                                                                     
                                   "Actual Total Time": 0.016,                                                                                       
                                   "Actual Rows": 1,                                                                                                 
                                   "Actual Loops": 1,                                                                                                
                                   "Filter": "((info)::text = 'genres'::text)",                                                                      
                                   "Rows Removed by Filter": 2,                                                                                      
                                   "Shared Hit Blocks": 2,                                                                                           
                                   "Shared Read Blocks": 0,                                                                                          
                                   "Shared Dirtied Blocks": 0,                                                                                       
                                   "Shared Written Blocks": 0,                                                                                       
                                   "Local Hit Blocks": 0,                                                                                            
                                   "Local Read Blocks": 0,                                                                                           
                                   "Local Dirtied Blocks": 0,                                                                                        
                                   "Local Written Blocks": 0,                                                                                        
                                   "Temp Read Blocks": 0,                                                                                            
                                   "Temp Written Blocks": 0                                                                                          
                                 }                                                                                                                   
                               ]                                                                                                                     
                             }                                                                                                                       
                           ]                                                                                                                         
                         }                                                                                                                           
                       ]                                                                                                                             
                     }                                                                                                                               
                   ]                                                                                                                                 
                 }                                                                                                                                   
               ]                                                                                                                                     
             }                                                                                                                                       
           ]                                                                                                                                         
         }                                                                                                                                           
       ]                                                                                                                                             
     },                                                                                                                                              
     "Planning Time": 15887.563,                                                                                                                     
     "Triggers": [                                                                                                                                   
     ],                                                                                                                                              
     "Execution Time": 203140.302                                                                                                                    
   }                                                                                                                                                 
 ]
