 [                                                                                                                                               
   {                                                                                                                                             
     "Plan": {                                                                                                                                   
       "Node Type": "Aggregate",                                                                                                                 
       "Strategy": "Plain",                                                                                                                      
       "Partial Mode": "Simple",                                                                                                                 
       "Parallel Aware": false,                                                                                                                  
       "Startup Cost": 120001458013.79,                                                                                                          
       "Total Cost": 120001458013.79,                                                                                                            
       "Plan Rows": 1,                                                                                                                           
       "Plan Width": 128,                                                                                                                        
       "Actual Startup Time": 1664063.574,                                                                                                       
       "Actual Total Time": 1664063.574,                                                                                                         
       "Actual Rows": 1,                                                                                                                         
       "Actual Loops": 1,                                                                                                                        
       "Shared Hit Blocks": 7548241,                                                                                                             
       "Shared Read Blocks": 602708,                                                                                                             
       "Shared Dirtied Blocks": 0,                                                                                                               
       "Shared Written Blocks": 0,                                                                                                               
       "Local Hit Blocks": 0,                                                                                                                    
       "Local Read Blocks": 0,                                                                                                                   
       "Local Dirtied Blocks": 0,                                                                                                                
       "Local Written Blocks": 0,                                                                                                                
       "Temp Read Blocks": 0,                                                                                                                    
       "Temp Written Blocks": 0,                                                                                                                 
       "Plans": [                                                                                                                                
         {                                                                                                                                       
           "Node Type": "Merge Join",                                                                                                            
           "Parent Relationship": "Outer",                                                                                                       
           "Parallel Aware": false,                                                                                                              
           "Join Type": "Inner",                                                                                                                 
           "Startup Cost": 120000000002.77,                                                                                                      
           "Total Cost": 120001458013.79,                                                                                                        
           "Plan Rows": 1,                                                                                                                       
           "Plan Width": 80,                                                                                                                     
           "Actual Startup Time": 384204.859,                                                                                                    
           "Actual Total Time": 1664037.499,                                                                                                     
           "Actual Rows": 8024,                                                                                                                  
           "Actual Loops": 1,                                                                                                                    
           "Inner Unique": false,                                                                                                                
           "Merge Cond": "(n.id = ci.person_id)",                                                                                                
           "Shared Hit Blocks": 7548241,                                                                                                         
           "Shared Read Blocks": 602708,                                                                                                         
           "Shared Dirtied Blocks": 0,                                                                                                           
           "Shared Written Blocks": 0,                                                                                                           
           "Local Hit Blocks": 0,                                                                                                                
           "Local Read Blocks": 0,                                                                                                               
           "Local Dirtied Blocks": 0,                                                                                                            
           "Local Written Blocks": 0,                                                                                                            
           "Temp Read Blocks": 0,                                                                                                                
           "Temp Written Blocks": 0,                                                                                                             
           "Plans": [                                                                                                                            
             {                                                                                                                                   
               "Node Type": "Index Scan",                                                                                                        
               "Parent Relationship": "Outer",                                                                                                   
               "Parallel Aware": false,                                                                                                          
               "Scan Direction": "Forward",                                                                                                      
               "Index Name": "name_pkey",                                                                                                        
               "Relation Name": "name",                                                                                                          
               "Alias": "n",                                                                                                                     
               "Startup Cost": 10000000000.01,                                                                                                   
               "Total Cost": 10000048812.37,                                                                                                     
               "Plan Rows": 1740196,                                                                                                             
               "Plan Width": 19,                                                                                                                 
               "Actual Startup Time": 0.033,                                                                                                     
               "Actual Total Time": 8710.920,                                                                                                    
               "Actual Rows": 1739579,                                                                                                           
               "Actual Loops": 1,                                                                                                                
               "Filter": "((gender)::text = 'm'::text)",                                                                                         
               "Rows Removed by Filter": 2427912,                                                                                                
               "Shared Hit Blocks": 3938602,                                                                                                     
               "Shared Read Blocks": 70682,                                                                                                      
               "Shared Dirtied Blocks": 0,                                                                                                       
               "Shared Written Blocks": 0,                                                                                                       
               "Local Hit Blocks": 0,                                                                                                            
               "Local Read Blocks": 0,                                                                                                           
               "Local Dirtied Blocks": 0,                                                                                                        
               "Local Written Blocks": 0,                                                                                                        
               "Temp Read Blocks": 0,                                                                                                            
               "Temp Written Blocks": 0                                                                                                          
             },                                                                                                                                  
             {                                                                                                                                   
               "Node Type": "Materialize",                                                                                                       
               "Parent Relationship": "Inner",                                                                                                   
               "Parallel Aware": false,                                                                                                          
               "Startup Cost": 110000000002.72,                                                                                                  
               "Total Cost": 110001410306.35,                                                                                                    
               "Plan Rows": 1,                                                                                                                   
               "Plan Width": 69,                                                                                                                 
               "Actual Startup Time": 384170.147,                                                                                                
               "Actual Total Time": 1655069.220,                                                                                                 
               "Actual Rows": 8025,                                                                                                              
               "Actual Loops": 1,                                                                                                                
               "Shared Hit Blocks": 3609639,                                                                                                     
               "Shared Read Blocks": 532026,                                                                                                     
               "Shared Dirtied Blocks": 0,                                                                                                       
               "Shared Written Blocks": 0,                                                                                                       
               "Local Hit Blocks": 0,                                                                                                            
               "Local Read Blocks": 0,                                                                                                           
               "Local Dirtied Blocks": 0,                                                                                                        
               "Local Written Blocks": 0,                                                                                                        
               "Temp Read Blocks": 0,                                                                                                            
               "Temp Written Blocks": 0,                                                                                                         
               "Plans": [                                                                                                                        
                 {                                                                                                                               
                   "Node Type": "Nested Loop",                                                                                                   
                   "Parent Relationship": "Outer",                                                                                               
                   "Parallel Aware": false,                                                                                                      
                   "Join Type": "Inner",                                                                                                         
                   "Startup Cost": 110000000002.72,                                                                                              
                   "Total Cost": 110001410306.35,                                                                                                
                   "Plan Rows": 1,                                                                                                               
                   "Plan Width": 69,                                                                                                             
                   "Actual Startup Time": 384170.133,                                                                                            
                   "Actual Total Time": 1655063.632,                                                                                             
                   "Actual Rows": 8025,                                                                                                          
                   "Actual Loops": 1,                                                                                                            
                   "Inner Unique": false,                                                                                                        
                   "Join Filter": "(t.id = ci.movie_id)",                                                                                        
                   "Rows Removed by Join Filter": 8221335188,                                                                                    
                   "Shared Hit Blocks": 3609639,                                                                                                 
                   "Shared Read Blocks": 532026,                                                                                                 
                   "Shared Dirtied Blocks": 0,                                                                                                   
                   "Shared Written Blocks": 0,                                                                                                   
                   "Local Hit Blocks": 0,                                                                                                        
                   "Local Read Blocks": 0,                                                                                                       
                   "Local Dirtied Blocks": 0,                                                                                                    
                   "Local Written Blocks": 0,                                                                                                    
                   "Temp Read Blocks": 0,                                                                                                        
                   "Temp Written Blocks": 0,                                                                                                     
                   "Plans": [                                                                                                                    
                     {                                                                                                                           
                       "Node Type": "Index Scan",                                                                                                
                       "Parent Relationship": "Outer",                                                                                           
                       "Parallel Aware": false,                                                                                                  
                       "Scan Direction": "Forward",                                                                                              
                       "Index Name": "person_id_cast_info",                                                                                      
                       "Relation Name": "cast_info",                                                                                             
                       "Alias": "ci",                                                                                                            
                       "Startup Cost": 10000000000.02,                                                                                           
                       "Total Cost": 10000712172.30,                                                                                             
                       "Plan Rows": 1247095,                                                                                                     
                       "Plan Width": 8,                                                                                                          
                       "Actual Startup Time": 41.334,                                                                                            
                       "Actual Total Time": 16233.322,                                                                                           
                       "Actual Rows": 560993,                                                                                                    
                       "Actual Loops": 1,                                                                                                        
                       "Filter": "(note = ANY ('{(writer),\"(head writer)\",\"(written by)\",(story),\"(story editor)\"}'::text[]))",            
                       "Rows Removed by Filter": 17137171,                                                                                       
                       "Shared Hit Blocks": 758784,                                                                                              
                       "Shared Read Blocks": 235176,                                                                                             
                       "Shared Dirtied Blocks": 0,                                                                                               
                       "Shared Written Blocks": 0,                                                                                               
                       "Local Hit Blocks": 0,                                                                                                    
                       "Local Read Blocks": 0,                                                                                                   
                       "Local Dirtied Blocks": 0,                                                                                                
                       "Local Written Blocks": 0,                                                                                                
                       "Temp Read Blocks": 0,                                                                                                    
                       "Temp Written Blocks": 0                                                                                                  
                     },                                                                                                                          
                     {                                                                                                                           
                       "Node Type": "Materialize",                                                                                               
                       "Parent Relationship": "Inner",                                                                                           
                       "Parallel Aware": false,                                                                                                  
                       "Startup Cost": 100000000002.71,                                                                                          
                       "Total Cost": 100000697854.17,                                                                                            
                       "Plan Rows": 1,                                                                                                           
                       "Plan Width": 85,                                                                                                         
                       "Actual Startup Time": 0.034,                                                                                             
                       "Actual Total Time": 1.363,                                                                                               
                       "Actual Rows": 14655,                                                                                                     
                       "Actual Loops": 560993,                                                                                                   
                       "Shared Hit Blocks": 2850855,                                                                                             
                       "Shared Read Blocks": 296850,                                                                                             
                       "Shared Dirtied Blocks": 0,                                                                                               
                       "Shared Written Blocks": 0,                                                                                               
                       "Local Hit Blocks": 0,                                                                                                    
                       "Local Read Blocks": 0,                                                                                                   
                       "Local Dirtied Blocks": 0,                                                                                                
                       "Local Written Blocks": 0,                                                                                                
                       "Temp Read Blocks": 0,                                                                                                    
                       "Temp Written Blocks": 0,                                                                                                 
                       "Plans": [                                                                                                                
                         {                                                                                                                       
                           "Node Type": "Nested Loop",                                                                                           
                           "Parent Relationship": "Outer",                                                                                       
                           "Parallel Aware": false,                                                                                              
                           "Join Type": "Inner",                                                                                                 
                           "Startup Cost": 100000000002.71,                                                                                      
                           "Total Cost": 100000697854.17,                                                                                        
                           "Plan Rows": 1,                                                                                                       
                           "Plan Width": 85,                                                                                                     
                           "Actual Startup Time": 18878.945,                                                                                     
                           "Actual Total Time": 382514.019,                                                                                      
                           "Actual Rows": 14655,                                                                                                 
                           "Actual Loops": 1,                                                                                                    
                           "Inner Unique": true,                                                                                                 
                           "Join Filter": "(it.id = mi.info_type_id)",                                                                          
                           "Rows Removed by Join Filter": 3678,                                                                                  
                           "Shared Hit Blocks": 2850855,                                                                                         
                           "Shared Read Blocks": 296850,                                                                                         
                           "Shared Dirtied Blocks": 0,                                                                                           
                           "Shared Written Blocks": 0,                                                                                           
                           "Local Hit Blocks": 0,                                                                                                
                           "Local Read Blocks": 0,                                                                                               
                           "Local Dirtied Blocks": 0,                                                                                            
                           "Local Written Blocks": 0,                                                                                            
                           "Temp Read Blocks": 0,                                                                                                
                           "Temp Written Blocks": 0,                                                                                             
                           "Plans": [                                                                                                            
                             {                                                                                                                   
                               "Node Type": "Nested Loop",                                                                                       
                               "Parent Relationship": "Outer",                                                                                   
                               "Parallel Aware": false,                                                                                          
                               "Join Type": "Inner",                                                                                             
                               "Startup Cost": 90000000002.70,                                                                                   
                               "Total Cost": 90000697844.96,                                                                                     
                               "Plan Rows": 1,                                                                                                   
                               "Plan Width": 89,                                                                                                 
                               "Actual Startup Time": 18878.908,                                                                                 
                               "Actual Total Time": 382499.955,                                                                                  
                               "Actual Rows": 18333,                                                                                             
                               "Actual Loops": 1,                                                                                                
                               "Inner Unique": false,                                                                                            
                               "Join Filter": "(t.id = mi.movie_id)",                                                                            
                               "Rows Removed by Join Filter": 2357583863,                                                                        
                               "Shared Hit Blocks": 2850853,                                                                                     
                               "Shared Read Blocks": 296850,                                                                                     
                               "Shared Dirtied Blocks": 0,                                                                                       
                               "Shared Written Blocks": 0,                                                                                       
                               "Local Hit Blocks": 0,                                                                                            
                               "Local Read Blocks": 0,                                                                                           
                               "Local Dirtied Blocks": 0,                                                                                        
                               "Local Written Blocks": 0,                                                                                        
                               "Temp Read Blocks": 0,                                                                                            
                               "Temp Written Blocks": 0,                                                                                         
                               "Plans": [                                                                                                        
                                 {                                                                                                               
                                   "Node Type": "Nested Loop",                                                                                   
                                   "Parent Relationship": "Outer",                                                                               
                                   "Parallel Aware": false,                                                                                      
                                   "Join Type": "Inner",                                                                                         
                                   "Startup Cost": 80000000002.69,                                                                               
                                   "Total Cost": 80000079955.35,                                                                                 
                                   "Plan Rows": 1,                                                                                               
                                   "Plan Width": 39,                                                                                             
                                   "Actual Startup Time": 1807.601,                                                                              
                                   "Actual Total Time": 21924.288,                                                                               
                                   "Actual Rows": 12476,                                                                                         
                                   "Actual Loops": 1,                                                                                            
                                   "Inner Unique": true,                                                                                         
                                   "Join Filter": "(mi_idx.info_type_id = it.id)",                                                              
                                   "Rows Removed by Join Filter": 25427,                                                                         
                                   "Shared Hit Blocks": 2763269,                                                                                 
                                   "Shared Read Blocks": 94423,                                                                                  
                                   "Shared Dirtied Blocks": 0,                                                                                   
                                   "Shared Written Blocks": 0,                                                                                   
                                   "Local Hit Blocks": 0,                                                                                        
                                   "Local Read Blocks": 0,                                                                                       
                                   "Local Dirtied Blocks": 0,                                                                                    
                                   "Local Written Blocks": 0,                                                                                    
                                   "Temp Read Blocks": 0,                                                                                        
                                   "Temp Written Blocks": 0,                                                                                     
                                   "Plans": [                                                                                                    
                                     {                                                                                                           
                                       "Node Type": "Nested Loop",                                                                               
                                       "Parent Relationship": "Outer",                                                                           
                                       "Parallel Aware": false,                                                                                  
                                       "Join Type": "Inner",                                                                                     
                                       "Startup Cost": 70000000002.68,                                                                           
                                       "Total Cost": 70000079946.14,                                                                             
                                       "Plan Rows": 1,                                                                                           
                                       "Plan Width": 43,                                                                                         
                                       "Actual Startup Time": 1807.541,                                                                          
                                       "Actual Total Time": 21905.295,                                                                           
                                       "Actual Rows": 37903,                                                                                     
                                       "Actual Loops": 1,                                                                                        
                                       "Inner Unique": true,                                                                                     
                                       "Join Filter": "(k.id = mk.keyword_id)",                                                                  
                                       "Rows Removed by Join Filter": 15563680,                                                                  
                                       "Shared Hit Blocks": 2763267,                                                                             
                                       "Shared Read Blocks": 94423,                                                                              
                                       "Shared Dirtied Blocks": 0,                                                                               
                                       "Shared Written Blocks": 0,                                                                               
                                       "Local Hit Blocks": 0,                                                                                    
                                       "Local Read Blocks": 0,                                                                                   
                                       "Local Dirtied Blocks": 0,                                                                                
                                       "Local Written Blocks": 0,                                                                                
                                       "Temp Read Blocks": 0,                                                                                    
                                       "Temp Written Blocks": 0,                                                                                 
                                       "Plans": [                                                                                                
                                         {                                                                                                       
                                           "Node Type": "Merge Join",                                                                            
                                           "Parent Relationship": "Outer",                                                                       
                                           "Parallel Aware": false,                                                                              
                                           "Join Type": "Inner",                                                                                 
                                           "Startup Cost": 60000000002.67,                                                                       
                                           "Total Cost": 60000078315.90,                                                                         
                                           "Plan Rows": 8245,                                                                                    
                                           "Plan Width": 47,                                                                                     
                                           "Actual Startup Time": 589.590,                                                                       
                                           "Actual Total Time": 18831.162,                                                                       
                                           "Actual Rows": 2248688,                                                                               
                                           "Actual Loops": 1,                                                                                    
                                           "Inner Unique": false,                                                                                
                                           "Merge Cond": "(t.id = mk.movie_id)",                                                                 
                                           "Shared Hit Blocks": 2632090,                                                                         
                                           "Shared Read Blocks": 92991,                                                                          
                                           "Shared Dirtied Blocks": 0,                                                                           
                                           "Shared Written Blocks": 0,                                                                           
                                           "Local Hit Blocks": 0,                                                                                
                                           "Local Read Blocks": 0,                                                                               
                                           "Local Dirtied Blocks": 0,                                                                            
                                           "Local Written Blocks": 0,                                                                            
                                           "Temp Read Blocks": 0,                                                                                
                                           "Temp Written Blocks": 0,                                                                             
                                           "Plans": [                                                                                            
                                             {                                                                                                   
                                               "Node Type": "Nested Loop",                                                                       
                                               "Parent Relationship": "Outer",                                                                   
                                               "Parallel Aware": false,                                                                          
                                               "Join Type": "Inner",                                                                             
                                               "Startup Cost": 50000000002.66,                                                                   
                                               "Total Cost": 50000038709.78,                                                                     
                                               "Plan Rows": 4608,                                                                                
                                               "Plan Width": 39,                                                                                 
                                               "Actual Startup Time": 521.289,                                                                   
                                               "Actual Total Time": 14615.783,                                                                   
                                               "Actual Rows": 51249,                                                                             
                                               "Actual Loops": 1,                                                                                
                                               "Inner Unique": true,                                                                             
                                               "Join Filter": "(cc.subject_id = cct.id)",                                                       
                                               "Rows Removed by Join Filter": 19762,                                                             
                                               "Shared Hit Blocks": 2587725,                                                                     
                                               "Shared Read Blocks": 56181,                                                                      
                                               "Shared Dirtied Blocks": 0,                                                                       
                                               "Shared Written Blocks": 0,                                                                       
                                               "Local Hit Blocks": 0,                                                                            
                                               "Local Read Blocks": 0,                                                                           
                                               "Local Dirtied Blocks": 0,                                                                        
                                               "Local Written Blocks": 0,                                                                        
                                               "Temp Read Blocks": 0,                                                                            
                                               "Temp Written Blocks": 0,                                                                         
                                               "Plans": [                                                                                        
                                                 {                                                                                               
                                                   "Node Type": "Merge Join",                                                                    
                                                   "Parent Relationship": "Outer",                                                               
                                                   "Parallel Aware": false,                                                                      
                                                   "Join Type": "Inner",                                                                         
                                                   "Startup Cost": 40000000002.65,                                                               
                                                   "Total Cost": 40000038696.46,                                                                 
                                                   "Plan Rows": 18434,                                                                           
                                                   "Plan Width": 43,                                                                             
                                                   "Actual Startup Time": 521.234,                                                               
                                                   "Actual Total Time": 14579.865,                                                               
                                                   "Actual Rows": 71011,                                                                         
                                                   "Actual Loops": 1,                                                                            
                                                   "Inner Unique": false,                                                                        
                                                   "Merge Cond": "(t.id = mi_idx.movie_id)",                                                     
                                                   "Shared Hit Blocks": 2587723,                                                                 
                                                   "Shared Read Blocks": 56181,                                                                  
                                                   "Shared Dirtied Blocks": 0,                                                                   
                                                   "Shared Written Blocks": 0,                                                                   
                                                   "Local Hit Blocks": 0,                                                                        
                                                   "Local Read Blocks": 0,                                                                       
                                                   "Local Dirtied Blocks": 0,                                                                    
                                                   "Local Written Blocks": 0,                                                                    
                                                   "Temp Read Blocks": 0,                                                                        
                                                   "Temp Written Blocks": 0,                                                                     
                                                   "Plans": [                                                                                    
                                                     {                                                                                           
                                                       "Node Type": "Nested Loop",                                                               
                                                       "Parent Relationship": "Outer",                                                           
                                                       "Parallel Aware": false,                                                                  
                                                       "Join Type": "Inner",                                                                     
                                                       "Startup Cost": 30000000002.64,                                                           
                                                       "Total Cost": 30000026581.18,                                                             
                                                       "Plan Rows": 33772,                                                                       
                                                       "Plan Width": 29,                                                                         
                                                       "Actual Startup Time": 495.586,                                                           
                                                       "Actual Total Time": 13020.626,                                                           
                                                       "Actual Rows": 24246,                                                                     
                                                       "Actual Loops": 1,                                                                        
                                                       "Inner Unique": true,                                                                     
                                                       "Join Filter": "(cc.status_id = cct.id)",                                                
                                                       "Rows Removed by Join Filter": 108197,                                                    
                                                       "Shared Hit Blocks": 2573424,                                                             
                                                       "Shared Read Blocks": 43961,                                                              
                                                       "Shared Dirtied Blocks": 0,                                                               
                                                       "Shared Written Blocks": 0,                                                               
                                                       "Local Hit Blocks": 0,                                                                    
                                                       "Local Read Blocks": 0,                                                                   
                                                       "Local Dirtied Blocks": 0,                                                                
                                                       "Local Written Blocks": 0,                                                                
                                                       "Temp Read Blocks": 0,                                                                    
                                                       "Temp Written Blocks": 0,                                                                 
                                                       "Plans": [                                                                                
                                                         {                                                                                       
                                                           "Node Type": "Merge Join",                                                            
                                                           "Parent Relationship": "Outer",                                                       
                                                           "Parallel Aware": false,                                                              
                                                           "Join Type": "Inner",                                                                 
                                                           "Startup Cost": 20000000002.64,                                                       
                                                           "Total Cost": 20000026541.68,                                                         
                                                           "Plan Rows": 135086,                                                                  
                                                           "Plan Width": 33,                                                                     
                                                           "Actual Startup Time": 339.747,                                                       
                                                           "Actual Total Time": 12938.172,                                                       
                                                           "Actual Rows": 132443,                                                                
                                                           "Actual Loops": 1,                                                                    
                                                           "Inner Unique": true,                                                                 
                                                           "Merge Cond": "(cc.movie_id = t.id)",                                                 
                                                           "Shared Hit Blocks": 2573422,                                                         
                                                           "Shared Read Blocks": 43961,                                                          
                                                           "Shared Dirtied Blocks": 0,                                                           
                                                           "Shared Written Blocks": 0,                                                           
                                                           "Local Hit Blocks": 0,                                                                
                                                           "Local Read Blocks": 0,                                                               
                                                           "Local Dirtied Blocks": 0,                                                            
                                                           "Local Written Blocks": 0,                                                            
                                                           "Temp Read Blocks": 0,                                                                
                                                           "Temp Written Blocks": 0,                                                             
                                                           "Plans": [                                                                            
                                                             {                                                                                   
                                                               "Node Type": "Index Scan",                                                        
                                                               "Parent Relationship": "Outer",                                                   
                                                               "Parallel Aware": false,                                                          
                                                               "Scan Direction": "Forward",                                                      
                                                               "Index Name": "movie_id_complete_cast",                                           
                                                               "Relation Name": "complete_cast",                                                 
                                                               "Alias": "cc",                                                                    
                                                               "Startup Cost": 10000000000.01,                                                   
                                                               "Total Cost": 10000003283.51,                                                     
                                                               "Plan Rows": 135086,                                                              
                                                               "Plan Width": 12,                                                                 
                                                               "Actual Startup Time": 0.041,                                                     
                                                               "Actual Total Time": 361.550,                                                     
                                                               "Actual Rows": 132443,                                                            
                                                               "Actual Loops": 1,                                                                
                                                               "Shared Hit Blocks": 85113,                                                       
                                                               "Shared Read Blocks": 1090,                                                       
                                                               "Shared Dirtied Blocks": 0,                                                       
                                                               "Shared Written Blocks": 0,                                                       
                                                               "Local Hit Blocks": 0,                                                            
                                                               "Local Read Blocks": 0,                                                           
                                                               "Local Dirtied Blocks": 0,                                                        
                                                               "Local Written Blocks": 0,                                                        
                                                               "Temp Read Blocks": 0,                                                            
                                                               "Temp Written Blocks": 0                                                          
                                                             },                                                                                  
                                                             {                                                                                   
                                                               "Node Type": "Index Scan",                                                        
                                                               "Parent Relationship": "Inner",                                                   
                                                               "Parallel Aware": false,                                                          
                                                               "Scan Direction": "Forward",                                                      
                                                               "Index Name": "title_idx_id",                                                     
                                                               "Relation Name": "title",                                                         
                                                               "Alias": "t",                                                                     
                                                               "Startup Cost": 10000000000.01,                                                   
                                                               "Total Cost": 10000023042.05,                                                     
                                                               "Plan Rows": 2528312,                                                             
                                                               "Plan Width": 21,                                                                 
                                                               "Actual Startup Time": 0.032,                                                     
                                                               "Actual Total Time": 12044.628,                                                   
                                                               "Actual Rows": 2526206,                                                           
                                                               "Actual Loops": 1,                                                                
                                                               "Shared Hit Blocks": 2488309,                                                     
                                                               "Shared Read Blocks": 42871,                                                      
                                                               "Shared Dirtied Blocks": 0,                                                       
                                                               "Shared Written Blocks": 0,                                                       
                                                               "Local Hit Blocks": 0,                                                            
                                                               "Local Read Blocks": 0,                                                           
                                                               "Local Dirtied Blocks": 0,                                                        
                                                               "Local Written Blocks": 0,                                                        
                                                               "Temp Read Blocks": 0,                                                            
                                                               "Temp Written Blocks": 0                                                          
                                                             }                                                                                   
                                                           ]                                                                                     
                                                         },                                                                                      
                                                         {                                                                                       
                                                           "Node Type": "Materialize",                                                           
                                                           "Parent Relationship": "Inner",                                                       
                                                           "Parallel Aware": false,                                                              
                                                           "Startup Cost": 10000000000.00,                                                       
                                                           "Total Cost": 10000000009.19,                                                         
                                                           "Plan Rows": 1,                                                                       
                                                           "Plan Width": 4,                                                                      
                                                           "Actual Startup Time": 0.000,                                                         
                                                           "Actual Total Time": 0.000,                                                           
                                                           "Actual Rows": 1,                                                                     
                                                           "Actual Loops": 132443,                                                               
                                                           "Shared Hit Blocks": 2,                                                               
                                                           "Shared Read Blocks": 0,                                                              
                                                           "Shared Dirtied Blocks": 0,                                                           
                                                           "Shared Written Blocks": 0,                                                           
                                                           "Local Hit Blocks": 0,                                                                
                                                           "Local Read Blocks": 0,                                                               
                                                           "Local Dirtied Blocks": 0,                                                            
                                                           "Local Written Blocks": 0,                                                            
                                                           "Temp Read Blocks": 0,                                                                
                                                           "Temp Written Blocks": 0,                                                             
                                                           "Plans": [                                                                            
                                                             {                                                                                   
                                                               "Node Type": "Index Scan",                                                        
                                                               "Parent Relationship": "Outer",                                                   
                                                               "Parallel Aware": false,                                                          
                                                               "Scan Direction": "Forward",                                                      
                                                               "Index Name": "comp_cast_type_pkey",                                              
                                                               "Relation Name": "comp_cast_type",                                                
                                                               "Alias": "cct",                                                                  
                                                               "Startup Cost": 10000000000.00,                                                   
                                                               "Total Cost": 10000000009.19,                                                     
                                                               "Plan Rows": 1,                                                                   
                                                               "Plan Width": 4,                                                                  
                                                               "Actual Startup Time": 0.027,                                                     
                                                               "Actual Total Time": 0.028,                                                       
                                                               "Actual Rows": 1,                                                                 
                                                               "Actual Loops": 1,                                                                
                                                               "Filter": "((kind)::text = 'completeverified'::text)",                           
                                                               "Rows Removed by Filter": 3,                                                      
                                                               "Shared Hit Blocks": 2,                                                           
                                                               "Shared Read Blocks": 0,                                                          
                                                               "Shared Dirtied Blocks": 0,                                                       
                                                               "Shared Written Blocks": 0,                                                       
                                                               "Local Hit Blocks": 0,                                                            
                                                               "Local Read Blocks": 0,                                                           
                                                               "Local Dirtied Blocks": 0,                                                        
                                                               "Local Written Blocks": 0,                                                        
                                                               "Temp Read Blocks": 0,                                                            
                                                               "Temp Written Blocks": 0                                                          
                                                             }                                                                                   
                                                           ]                                                                                     
                                                         }                                                                                       
                                                       ]                                                                                         
                                                     },                                                                                          
                                                     {                                                                                           
                                                       "Node Type": "Index Scan",                                                                
                                                       "Parent Relationship": "Inner",                                                           
                                                       "Parallel Aware": false,                                                                  
                                                       "Scan Direction": "Forward",                                                              
                                                       "Index Name": "movie_id_movie_info_idx",                                                  
                                                       "Relation Name": "movie_info_idx",                                                        
                                                       "Alias": "mi_idx",                                                                        
                                                       "Startup Cost": 10000000000.01,                                                           
                                                       "Total Cost": 10000012031.00,                                                             
                                                       "Plan Rows": 1380035,                                                                     
                                                       "Plan Width": 14,                                                                         
                                                       "Actual Startup Time": 0.045,                                                             
                                                       "Actual Total Time": 1325.131,                                                            
                                                       "Actual Rows": 1395627,                                                                   
                                                       "Actual Loops": 1,                                                                        
                                                       "Shared Hit Blocks": 14299,                                                               
                                                       "Shared Read Blocks": 12220,                                                              
                                                       "Shared Dirtied Blocks": 0,                                                               
                                                       "Shared Written Blocks": 0,                                                               
                                                       "Local Hit Blocks": 0,                                                                    
                                                       "Local Read Blocks": 0,                                                                   
                                                       "Local Dirtied Blocks": 0,                                                                
                                                       "Local Written Blocks": 0,                                                                
                                                       "Temp Read Blocks": 0,                                                                    
                                                       "Temp Written Blocks": 0                                                                  
                                                     }                                                                                           
                                                   ]                                                                                             
                                                 },                                                                                              
                                                 {                                                                                               
                                                   "Node Type": "Materialize",                                                                   
                                                   "Parent Relationship": "Inner",                                                               
                                                   "Parallel Aware": false,                                                                      
                                                   "Startup Cost": 10000000000.00,                                                               
                                                   "Total Cost": 10000000009.19,                                                                 
                                                   "Plan Rows": 1,                                                                               
                                                   "Plan Width": 4,                                                                              
                                                   "Actual Startup Time": 0.000,                                                                 
                                                   "Actual Total Time": 0.000,                                                                   
                                                   "Actual Rows": 1,                                                                             
                                                   "Actual Loops": 71011,                                                                        
                                                   "Shared Hit Blocks": 2,                                                                       
                                                   "Shared Read Blocks": 0,                                                                      
                                                   "Shared Dirtied Blocks": 0,                                                                   
                                                   "Shared Written Blocks": 0,                                                                   
                                                   "Local Hit Blocks": 0,                                                                        
                                                   "Local Read Blocks": 0,                                                                       
                                                   "Local Dirtied Blocks": 0,                                                                    
                                                   "Local Written Blocks": 0,                                                                    
                                                   "Temp Read Blocks": 0,                                                                        
                                                   "Temp Written Blocks": 0,                                                                     
                                                   "Plans": [                                                                                    
                                                     {                                                                                           
                                                       "Node Type": "Index Scan",                                                                
                                                       "Parent Relationship": "Outer",                                                           
                                                       "Parallel Aware": false,                                                                  
                                                       "Scan Direction": "Forward",                                                              
                                                       "Index Name": "comp_cast_type_pkey",                                                      
                                                       "Relation Name": "comp_cast_type",                                                        
                                                       "Alias": "cct",                                                                          
                                                       "Startup Cost": 10000000000.00,                                                           
                                                       "Total Cost": 10000000009.19,                                                             
                                                       "Plan Rows": 1,                                                                           
                                                       "Plan Width": 4,                                                                          
                                                       "Actual Startup Time": 0.033,                                                             
                                                       "Actual Total Time": 0.042,                                                               
                                                       "Actual Rows": 1,                                                                         
                                                       "Actual Loops": 1,                                                                        
                                                       "Filter": "((kind)::text = 'cast'::text)",                                                
                                                       "Rows Removed by Filter": 3,                                                              
                                                       "Shared Hit Blocks": 2,                                                                   
                                                       "Shared Read Blocks": 0,                                                                  
                                                       "Shared Dirtied Blocks": 0,                                                               
                                                       "Shared Written Blocks": 0,                                                               
                                                       "Local Hit Blocks": 0,                                                                    
                                                       "Local Read Blocks": 0,                                                                   
                                                       "Local Dirtied Blocks": 0,                                                                
                                                       "Local Written Blocks": 0,                                                                
                                                       "Temp Read Blocks": 0,                                                                    
                                                       "Temp Written Blocks": 0                                                                  
                                                     }                                                                                           
                                                   ]                                                                                             
                                                 }                                                                                               
                                               ]                                                                                                 
                                             },                                                                                                  
                                             {                                                                                                   
                                               "Node Type": "Index Scan",                                                                        
                                               "Parent Relationship": "Inner",                                                                   
                                               "Parallel Aware": false,                                                                          
                                               "Scan Direction": "Forward",                                                                      
                                               "Index Name": "movie_id_movie_keyword",                                                           
                                               "Relation Name": "movie_keyword",                                                                 
                                               "Alias": "mk",                                                                                    
                                               "Startup Cost": 10000000000.01,                                                                   
                                               "Total Cost": 10000039287.55,                                                                     
                                               "Plan Rows": 4523930,                                                                             
                                               "Plan Width": 8,                                                                                  
                                               "Actual Startup Time": 0.053,                                                                     
                                               "Actual Total Time": 3131.910,                                                                    
                                               "Actual Rows": 6033050,                                                                           
                                               "Actual Loops": 1,                                                                                
                                               "Shared Hit Blocks": 44365,                                                                       
                                               "Shared Read Blocks": 36810,                                                                      
                                               "Shared Dirtied Blocks": 0,                                                                       
                                               "Shared Written Blocks": 0,                                                                       
                                               "Local Hit Blocks": 0,                                                                            
                                               "Local Read Blocks": 0,                                                                           
                                               "Local Dirtied Blocks": 0,                                                                        
                                               "Local Written Blocks": 0,                                                                        
                                               "Temp Read Blocks": 0,                                                                            
                                               "Temp Written Blocks": 0                                                                          
                                             }                                                                                                   
                                           ]                                                                                                     
                                         },                                                                                                      
                                         {                                                                                                       
                                           "Node Type": "Materialize",                                                                           
                                           "Parent Relationship": "Inner",                                                                       
                                           "Parallel Aware": false,                                                                              
                                           "Startup Cost": 10000000000.01,                                                                       
                                           "Total Cost": 10000001617.29,                                                                         
                                           "Plan Rows": 7,                                                                                       
                                           "Plan Width": 4,                                                                                      
                                           "Actual Startup Time": 0.000,                                                                         
                                           "Actual Total Time": 0.001,                                                                           
                                           "Actual Rows": 7,                                                                                     
                                           "Actual Loops": 2248688,                                                                              
                                           "Shared Hit Blocks": 131177,                                                                          
                                           "Shared Read Blocks": 1432,                                                                           
                                           "Shared Dirtied Blocks": 0,                                                                           
                                           "Shared Written Blocks": 0,                                                                           
                                           "Local Hit Blocks": 0,                                                                                
                                           "Local Read Blocks": 0,                                                                               
                                           "Local Dirtied Blocks": 0,                                                                            
                                           "Local Written Blocks": 0,                                                                            
                                           "Temp Read Blocks": 0,                                                                                
                                           "Temp Written Blocks": 0,                                                                             
                                           "Plans": [                                                                                            
                                             {                                                                                                   
                                               "Node Type": "Index Scan",                                                                        
                                               "Parent Relationship": "Outer",                                                                   
                                               "Parallel Aware": false,                                                                          
                                               "Scan Direction": "Forward",                                                                      
                                               "Index Name": "keyword_pkey",                                                                     
                                               "Relation Name": "keyword",                                                                       
                                               "Alias": "k",                                                                                     
                                               "Startup Cost": 10000000000.01,                                                                   
                                               "Total Cost": 10000001617.29,                                                                     
                                               "Plan Rows": 7,                                                                                   
                                               "Plan Width": 4,                                                                                  
                                               "Actual Startup Time": 54.216,                                                                    
                                               "Actual Total Time": 340.800,                                                                     
                                               "Actual Rows": 7,                                                                                 
                                               "Actual Loops": 1,                                                                                
                                               "Filter": "(keyword = ANY ('{murder,violence,blood,gore,death,female-nudity,hospital}'::text[]))",
                                               "Rows Removed by Filter": 134163,                                                                 
                                               "Shared Hit Blocks": 131177,                                                                      
                                               "Shared Read Blocks": 1432,                                                                       
                                               "Shared Dirtied Blocks": 0,                                                                       
                                               "Shared Written Blocks": 0,                                                                       
                                               "Local Hit Blocks": 0,                                                                            
                                               "Local Read Blocks": 0,                                                                           
                                               "Local Dirtied Blocks": 0,                                                                        
                                               "Local Written Blocks": 0,                                                                        
                                               "Temp Read Blocks": 0,                                                                            
                                               "Temp Written Blocks": 0                                                                          
                                             }                                                                                                   
                                           ]                                                                                                     
                                         }                                                                                                       
                                       ]                                                                                                         
                                     },                                                                                                          
                                     {                                                                                                           
                                       "Node Type": "Materialize",                                                                               
                                       "Parent Relationship": "Inner",                                                                           
                                       "Parallel Aware": false,                                                                                  
                                       "Startup Cost": 10000000000.00,                                                                           
                                       "Total Cost": 10000000009.21,                                                                             
                                       "Plan Rows": 1,                                                                                           
                                       "Plan Width": 4,                                                                                          
                                       "Actual Startup Time": 0.000,                                                                             
                                       "Actual Total Time": 0.000,                                                                               
                                       "Actual Rows": 1,                                                                                         
                                       "Actual Loops": 37903,                                                                                    
                                       "Shared Hit Blocks": 2,                                                                                   
                                       "Shared Read Blocks": 0,                                                                                  
                                       "Shared Dirtied Blocks": 0,                                                                               
                                       "Shared Written Blocks": 0,                                                                               
                                       "Local Hit Blocks": 0,                                                                                    
                                       "Local Read Blocks": 0,                                                                                   
                                       "Local Dirtied Blocks": 0,                                                                                
                                       "Local Written Blocks": 0,                                                                                
                                       "Temp Read Blocks": 0,                                                                                    
                                       "Temp Written Blocks": 0,                                                                                 
                                       "Plans": [                                                                                                
                                         {                                                                                                       
                                           "Node Type": "Index Scan",                                                                            
                                           "Parent Relationship": "Outer",                                                                       
                                           "Parallel Aware": false,                                                                              
                                           "Scan Direction": "Forward",                                                                          
                                           "Index Name": "info_type_pkey",                                                                       
                                           "Relation Name": "info_type",                                                                         
                                           "Alias": "it",                                                                                       
                                           "Startup Cost": 10000000000.00,                                                                       
                                           "Total Cost": 10000000009.21,                                                                         
                                           "Plan Rows": 1,                                                                                       
                                           "Plan Width": 4,                                                                                      
                                           "Actual Startup Time": 0.038,                                                                         
                                           "Actual Total Time": 0.041,                                                                           
                                           "Actual Rows": 1,                                                                                     
                                           "Actual Loops": 1,                                                                                    
                                           "Filter": "((info)::text = 'votes'::text)",                                                           
                                           "Rows Removed by Filter": 112,                                                                        
                                           "Shared Hit Blocks": 2,                                                                               
                                           "Shared Read Blocks": 0,                                                                              
                                           "Shared Dirtied Blocks": 0,                                                                           
                                           "Shared Written Blocks": 0,                                                                           
                                           "Local Hit Blocks": 0,                                                                                
                                           "Local Read Blocks": 0,                                                                               
                                           "Local Dirtied Blocks": 0,                                                                            
                                           "Local Written Blocks": 0,                                                                            
                                           "Temp Read Blocks": 0,                                                                                
                                           "Temp Written Blocks": 0                                                                              
                                         }                                                                                                       
                                       ]                                                                                                         
                                     }                                                                                                           
                                   ]                                                                                                             
                                 },                                                                                                              
                                 {                                                                                                               
                                   "Node Type": "Materialize",                                                                                   
                                   "Parent Relationship": "Inner",                                                                               
                                   "Parallel Aware": false,                                                                                      
                                   "Startup Cost": 10000000000.01,                                                                               
                                   "Total Cost": 10000617691.58,                                                                                 
                                   "Plan Rows": 189596,                                                                                          
                                   "Plan Width": 50,                                                                                             
                                   "Actual Startup Time": 0.154,                                                                                 
                                   "Actual Total Time": 9.721,                                                                                   
                                   "Actual Rows": 188971,                                                                                        
                                   "Actual Loops": 12476,                                                                                        
                                   "Shared Hit Blocks": 87584,                                                                                   
                                   "Shared Read Blocks": 202427,                                                                                 
                                   "Shared Dirtied Blocks": 0,                                                                                   
                                   "Shared Written Blocks": 0,                                                                                   
                                   "Local Hit Blocks": 0,                                                                                        
                                   "Local Read Blocks": 0,                                                                                       
                                   "Local Dirtied Blocks": 0,                                                                                    
                                   "Local Written Blocks": 0,                                                                                    
                                   "Temp Read Blocks": 0,                                                                                        
                                   "Temp Written Blocks": 0,                                                                                     
                                   "Plans": [                                                                                                    
                                     {                                                                                                           
                                       "Node Type": "Index Scan",                                                                                
                                       "Parent Relationship": "Outer",                                                                           
                                       "Parallel Aware": false,                                                                                  
                                       "Scan Direction": "Forward",                                                                              
                                       "Index Name": "info_type_id_movie_info",                                                                  
                                       "Relation Name": "movie_info",                                                                            
                                       "Alias": "mi",                                                                                            
                                       "Startup Cost": 10000000000.01,                                                                           
                                       "Total Cost": 10000617662.14,                                                                             
                                       "Plan Rows": 189596,                                                                                      
                                       "Plan Width": 50,                                                                                         
                                       "Actual Startup Time": 1917.175,                                                                          
                                       "Actual Total Time": 16821.267,                                                                           
                                       "Actual Rows": 188971,                                                                                    
                                       "Actual Loops": 1,                                                                                        
                                       "Filter": "(info = ANY ('{Horror,Action,Sci-Fi,Thriller,Crime,War}'::text[]))",                           
                                       "Rows Removed by Filter": 14646749,                                                                       
                                       "Shared Hit Blocks": 87584,                                                                               
                                       "Shared Read Blocks": 202427,                                                                             
                                       "Shared Dirtied Blocks": 0,                                                                               
                                       "Shared Written Blocks": 0,                                                                               
                                       "Local Hit Blocks": 0,                                                                                    
                                       "Local Read Blocks": 0,                                                                                   
                                       "Local Dirtied Blocks": 0,                                                                                
                                       "Local Written Blocks": 0,                                                                                
                                       "Temp Read Blocks": 0,                                                                                    
                                       "Temp Written Blocks": 0                                                                                  
                                     }                                                                                                           
                                   ]                                                                                                             
                                 }                                                                                                               
                               ]                                                                                                                 
                             },                                                                                                                  
                             {                                                                                                                   
                               "Node Type": "Materialize",                                                                                       
                               "Parent Relationship": "Inner",                                                                                   
                               "Parallel Aware": false,                                                                                          
                               "Startup Cost": 10000000000.00,                                                                                   
                               "Total Cost": 10000000009.21,                                                                                     
                               "Plan Rows": 1,                                                                                                   
                               "Plan Width": 4,                                                                                                  
                               "Actual Startup Time": 0.000,                                                                                     
                               "Actual Total Time": 0.000,                                                                                       
                               "Actual Rows": 1,                                                                                                 
                               "Actual Loops": 18333,                                                                                            
                               "Shared Hit Blocks": 2,                                                                                           
                               "Shared Read Blocks": 0,                                                                                          
                               "Shared Dirtied Blocks": 0,                                                                                       
                               "Shared Written Blocks": 0,                                                                                       
                               "Local Hit Blocks": 0,                                                                                            
                               "Local Read Blocks": 0,                                                                                           
                               "Local Dirtied Blocks": 0,                                                                                        
                               "Local Written Blocks": 0,                                                                                        
                               "Temp Read Blocks": 0,                                                                                            
                               "Temp Written Blocks": 0,                                                                                         
                               "Plans": [                                                                                                        
                                 {                                                                                                               
                                   "Node Type": "Index Scan",                                                                                    
                                   "Parent Relationship": "Outer",                                                                               
                                   "Parallel Aware": false,                                                                                      
                                   "Scan Direction": "Forward",                                                                                  
                                   "Index Name": "info_type_pkey",                                                                               
                                   "Relation Name": "info_type",                                                                                 
                                   "Alias": "it",                                                                                               
                                   "Startup Cost": 10000000000.00,                                                                               
                                   "Total Cost": 10000000009.21,                                                                                 
                                   "Plan Rows": 1,                                                                                               
                                   "Plan Width": 4,                                                                                              
                                   "Actual Startup Time": 0.024,                                                                                 
                                   "Actual Total Time": 0.051,                                                                                   
                                   "Actual Rows": 1,                                                                                             
                                   "Actual Loops": 1,                                                                                            
                                   "Filter": "((info)::text = 'genres'::text)",                                                                  
                                   "Rows Removed by Filter": 112,                                                                                
                                   "Shared Hit Blocks": 2,                                                                                       
                                   "Shared Read Blocks": 0,                                                                                      
                                   "Shared Dirtied Blocks": 0,                                                                                   
                                   "Shared Written Blocks": 0,                                                                                   
                                   "Local Hit Blocks": 0,                                                                                        
                                   "Local Read Blocks": 0,                                                                                       
                                   "Local Dirtied Blocks": 0,                                                                                    
                                   "Local Written Blocks": 0,                                                                                    
                                   "Temp Read Blocks": 0,                                                                                        
                                   "Temp Written Blocks": 0                                                                                      
                                 }                                                                                                               
                               ]                                                                                                                 
                             }                                                                                                                   
                           ]                                                                                                                     
                         }                                                                                                                       
                       ]                                                                                                                         
                     }                                                                                                                           
                   ]                                                                                                                             
                 }                                                                                                                               
               ]                                                                                                                                 
             }                                                                                                                                   
           ]                                                                                                                                     
         }                                                                                                                                       
       ]                                                                                                                                         
     },                                                                                                                                          
     "Planning Time": 15866.433,                                                                                                                 
     "Triggers": [                                                                                                                               
     ],                                                                                                                                          
     "Execution Time": 1664112.357                                                                                                               
   }                                                                                                                                             
 ]
