     "Plan": {                                                                                                                                       
       "Node Type": "Aggregate",                                                                                                                     
       "Strategy": "Plain",                                                                                                                          
       "Partial Mode": "Simple",                                                                                                                     
       "Parallel Aware": false,                                                                                                                      
       "Startup Cost": 34540.23,                                                                                                                     
       "Total Cost": 34540.23,                                                                                                                       
       "Plan Rows": 1,                                                                                                                               
       "Plan Width": 128,                                                                                                                            
       "Actual Startup Time": 28230.909,                                                                                                             
       "Actual Total Time": 28230.910,                                                                                                               
       "Actual Rows": 1,                                                                                                                             
       "Actual Loops": 1,                                                                                                                            
       "Shared Hit Blocks": 4,                                                                                                                       
       "Shared Read Blocks": 561797,                                                                                                                 
       "Shared Dirtied Blocks": 0,                                                                                                                   
       "Shared Written Blocks": 0,                                                                                                                   
       "Local Hit Blocks": 0,                                                                                                                        
       "Local Read Blocks": 0,                                                                                                                       
       "Local Dirtied Blocks": 0,                                                                                                                    
       "Local Written Blocks": 0,                                                                                                                    
       "Temp Read Blocks": 0,                                                                                                                        
       "Temp Written Blocks": 0,                                                                                                                     
       "Plans": [                                                                                                                                    
         {                                                                                                                                           
           "Node Type": "Hash Join",                                                                                                                 
           "Parent Relationship": "Outer",                                                                                                           
           "Parallel Aware": false,                                                                                                                  
           "Join Type": "Inner",                                                                                                                     
           "Startup Cost": 16929.14,                                                                                                                 
           "Total Cost": 34540.23,                                                                                                                   
           "Plan Rows": 1,                                                                                                                           
           "Plan Width": 80,                                                                                                                         
           "Actual Startup Time": 24143.406,                                                                                                         
           "Actual Total Time": 28229.560,                                                                                                           
           "Actual Rows": 2825,                                                                                                                      
           "Actual Loops": 1,                                                                                                                        
           "Inner Unique": true,                                                                                                                     
           "Hash Cond": "(ci.person_id = n.id)",                                                                                                     
           "Shared Hit Blocks": 4,                                                                                                                   
           "Shared Read Blocks": 561797,                                                                                                             
           "Shared Dirtied Blocks": 0,                                                                                                               
           "Shared Written Blocks": 0,                                                                                                               
           "Local Hit Blocks": 0,                                                                                                                    
           "Local Read Blocks": 0,                                                                                                                   
           "Local Dirtied Blocks": 0,                                                                                                                
           "Local Written Blocks": 0,                                                                                                                
           "Temp Read Blocks": 0,                                                                                                                    
           "Temp Written Blocks": 0,                                                                                                                 
           "Plans": [                                                                                                                                
             {                                                                                                                                       
               "Node Type": "Hash Join",                                                                                                             
               "Parent Relationship": "Outer",                                                                                                       
               "Parallel Aware": false,                                                                                                              
               "Join Type": "Inner",                                                                                                                 
               "Startup Cost": 14284.87,                                                                                                             
               "Total Cost": 31895.96,                                                                                                               
               "Plan Rows": 1,                                                                                                                       
               "Plan Width": 69,                                                                                                                     
               "Actual Startup Time": 21493.163,                                                                                                     
               "Actual Total Time": 25578.319,                                                                                                       
               "Actual Rows": 2825,                                                                                                                  
               "Actual Loops": 1,                                                                                                                    
               "Inner Unique": false,                                                                                                                
               "Hash Cond": "(ci.movie_id = t.id)",                                                                                                  
               "Shared Hit Blocks": 1,                                                                                                               
               "Shared Read Blocks": 506184,                                                                                                         
               "Shared Dirtied Blocks": 0,                                                                                                           
               "Shared Written Blocks": 0,                                                                                                           
               "Local Hit Blocks": 0,                                                                                                                
               "Local Read Blocks": 0,                                                                                                               
               "Local Dirtied Blocks": 0,                                                                                                            
               "Local Written Blocks": 0,                                                                                                            
               "Temp Read Blocks": 0,                                                                                                                
               "Temp Written Blocks": 0,                                                                                                             
               "Plans": [                                                                                                                            
                 {                                                                                                                                   
                   "Node Type": "Seq Scan",                                                                                                          
                   "Parent Relationship": "Outer",                                                                                                   
                   "Parallel Aware": false,                                                                                                          
                   "Relation Name": "cast_info",                                                                                                     
                   "Alias": "ci",                                                                                                                    
                   "Startup Cost": 0.00,                                                                                                             
                   "Total Cost": 17466.00,                                                                                                           
                   "Plan Rows": 1245851,                                                                                                             
                   "Plan Width": 8,                                                                                                                  
                   "Actual Startup Time": 398.712,                                                                                                   
                   "Actual Total Time": 12239.060,                                                                                                   
                   "Actual Rows": 1244716,                                                                                                           
                   "Actual Loops": 1,                                                                                                                
                   "Filter": "(note = ANY ('{(writer),\"(head writer)\",\"(written by)\",(story),\"(story editor)\"}'::text[]))",                    
                   "Rows Removed by Filter": 34999628,                                                                                               
                   "Shared Hit Blocks": 0,                                                                                                           
                   "Shared Read Blocks": 252654,                                                                                                     
                   "Shared Dirtied Blocks": 0,                                                                                                       
                   "Shared Written Blocks": 0,                                                                                                       
                   "Local Hit Blocks": 0,                                                                                                            
                   "Local Read Blocks": 0,                                                                                                           
                   "Local Dirtied Blocks": 0,                                                                                                        
                   "Local Written Blocks": 0,                                                                                                        
                   "Temp Read Blocks": 0,                                                                                                            
                   "Temp Written Blocks": 0                                                                                                          
                 },                                                                                                                                  
                 {                                                                                                                                   
                   "Node Type": "Hash",                                                                                                              
                   "Parent Relationship": "Inner",                                                                                                   
                   "Parallel Aware": false,                                                                                                          
                   "Startup Cost": 14284.87,                                                                                                         
                   "Total Cost": 14284.87,                                                                                                           
                   "Plan Rows": 1,                                                                                                                   
                   "Plan Width": 85,                                                                                                                 
                   "Actual Startup Time": 13177.006,                                                                                                 
                   "Actual Total Time": 13177.006,                                                                                                   
                   "Actual Rows": 2840,                                                                                                              
                   "Actual Loops": 1,                                                                                                                
                   "Hash Buckets": 4096,                                                                                                             
                   "Original Hash Buckets": 1024,                                                                                                    
                   "Hash Batches": 1,                                                                                                                
                   "Original Hash Batches": 1,                                                                                                       
                   "Peak Memory Usage": 264,                                                                                                         
                   "Shared Hit Blocks": 1,                                                                                                           
                   "Shared Read Blocks": 253530,                                                                                                     
                   "Shared Dirtied Blocks": 0,                                                                                                       
                   "Shared Written Blocks": 0,                                                                                                       
                   "Local Hit Blocks": 0,                                                                                                            
                   "Local Read Blocks": 0,                                                                                                           
                   "Local Dirtied Blocks": 0,                                                                                                        
                   "Local Written Blocks": 0,                                                                                                        
                   "Temp Read Blocks": 0,                                                                                                            
                   "Temp Written Blocks": 0,                                                                                                         
                   "Plans": [                                                                                                                        
                     {                                                                                                                               
                       "Node Type": "Hash Join",                                                                                                     
                       "Parent Relationship": "Outer",                                                                                               
                       "Parallel Aware": false,                                                                                                      
                       "Join Type": "Inner",                                                                                                         
                       "Startup Cost": 4709.72,                                                                                                      
                       "Total Cost": 14284.87,                                                                                                       
                       "Plan Rows": 1,                                                                                                               
                       "Plan Width": 85,                                                                                                             
                       "Actual Startup Time": 12440.377,                                                                                             
                       "Actual Total Time": 13175.519,                                                                                               
                       "Actual Rows": 2840,                                                                                                          
                       "Actual Loops": 1,                                                                                                            
                       "Inner Unique": false,                                                                                                        
                       "Hash Cond": "(mi.movie_id = t.id)",                                                                                          
                       "Shared Hit Blocks": 1,                                                                                                       
                       "Shared Read Blocks": 253530,                                                                                                 
                       "Shared Dirtied Blocks": 0,                                                                                                   
                       "Shared Written Blocks": 0,                                                                                                   
                       "Local Hit Blocks": 0,                                                                                                        
                       "Local Read Blocks": 0,                                                                                                       
                       "Local Dirtied Blocks": 0,                                                                                                    
                       "Local Written Blocks": 0,                                                                                                    
                       "Temp Read Blocks": 0,                                                                                                        
                       "Temp Written Blocks": 0,                                                                                                     
                       "Plans": [                                                                                                                    
                         {                                                                                                                           
                           "Node Type": "Hash Join",                                                                                                 
                           "Parent Relationship": "Outer",                                                                                           
                           "Parallel Aware": false,                                                                                                  
                           "Join Type": "Inner",                                                                                                     
                           "Startup Cost": 0.05,                                                                                                     
                           "Total Cost": 9575.00,                                                                                                    
                           "Plan Rows": 1674,                                                                                                        
                           "Plan Width": 46,                                                                                                         
                           "Actual Startup Time": 7678.224,                                                                                          
                           "Actual Total Time": 8449.739,                                                                                            
                           "Actual Rows": 186594,                                                                                                    
                           "Actual Loops": 1,                                                                                                        
                           "Inner Unique": true,                                                                                                     
                           "Hash Cond": "(mi.info_type_id = it.id)",                                                                                
                           "Shared Hit Blocks": 0,                                                                                                   
                           "Shared Read Blocks": 161893,                                                                                             
                           "Shared Dirtied Blocks": 0,                                                                                               
                           "Shared Written Blocks": 0,                                                                                               
                           "Local Hit Blocks": 0,                                                                                                    
                           "Local Read Blocks": 0,                                                                                                   
                           "Local Dirtied Blocks": 0,                                                                                                
                           "Local Written Blocks": 0,                                                                                                
                           "Temp Read Blocks": 0,                                                                                                    
                           "Temp Written Blocks": 0,                                                                                                 
                           "Plans": [                                                                                                                
                             {                                                                                                                       
                               "Node Type": "Seq Scan",                                                                                              
                               "Parent Relationship": "Outer",                                                                                       
                               "Parallel Aware": false,                                                                                              
                               "Relation Name": "movie_info",                                                                                        
                               "Alias": "mi",                                                                                                        
                               "Startup Cost": 0.00,                                                                                                 
                               "Total Cost": 9559.36,                                                                                                
                               "Plan Rows": 189170,                                                                                                  
                               "Plan Width": 50,                                                                                                     
                               "Actual Startup Time": 2832.423,                                                                                      
                               "Actual Total Time": 8366.384,                                                                                        
                               "Actual Rows": 188971,                                                                                                
                               "Actual Loops": 1,                                                                                                    
                               "Filter": "(info = ANY ('{Horror,Action,Sci-Fi,Thriller,Crime,War}'::text[]))",                                       
                               "Rows Removed by Filter": 14646749,                                                                                   
                               "Shared Hit Blocks": 0,                                                                                               
                               "Shared Read Blocks": 161892,                                                                                         
                               "Shared Dirtied Blocks": 0,                                                                                           
                               "Shared Written Blocks": 0,                                                                                           
                               "Local Hit Blocks": 0,                                                                                                
                               "Local Read Blocks": 0,                                                                                               
                               "Local Dirtied Blocks": 0,                                                                                            
                               "Local Written Blocks": 0,                                                                                            
                               "Temp Read Blocks": 0,                                                                                                
                               "Temp Written Blocks": 0                                                                                              
                             },                                                                                                                      
                             {                                                                                                                       
                               "Node Type": "Hash",                                                                                                  
                               "Parent Relationship": "Inner",                                                                                       
                               "Parallel Aware": false,                                                                                              
                               "Startup Cost": 0.05,                                                                                                 
                               "Total Cost": 0.05,                                                                                                   
                               "Plan Rows": 1,                                                                                                       
                               "Plan Width": 4,                                                                                                      
                               "Actual Startup Time": 23.301,                                                                                        
                               "Actual Total Time": 23.302,                                                                                          
                               "Actual Rows": 1,                                                                                                     
                               "Actual Loops": 1,                                                                                                    
                               "Hash Buckets": 1024,                                                                                                 
                               "Original Hash Buckets": 1024,                                                                                        
                               "Hash Batches": 1,                                                                                                    
                               "Original Hash Batches": 1,                                                                                           
                               "Peak Memory Usage": 9,                                                                                               
                               "Shared Hit Blocks": 0,                                                                                               
                               "Shared Read Blocks": 1,                                                                                              
                               "Shared Dirtied Blocks": 0,                                                                                           
                               "Shared Written Blocks": 0,                                                                                           
                               "Local Hit Blocks": 0,                                                                                                
                               "Local Read Blocks": 0,                                                                                               
                               "Local Dirtied Blocks": 0,                                                                                            
                               "Local Written Blocks": 0,                                                                                            
                               "Temp Read Blocks": 0,                                                                                                
                               "Temp Written Blocks": 0,                                                                                             
                               "Plans": [                                                                                                            
                                 {                                                                                                                   
                                   "Node Type": "Seq Scan",                                                                                          
                                   "Parent Relationship": "Outer",                                                                                   
                                   "Parallel Aware": false,                                                                                          
                                   "Relation Name": "info_type",                                                                                     
                                   "Alias": "it",                                                                                                   
                                   "Startup Cost": 0.00,                                                                                             
                                   "Total Cost": 0.05,                                                                                               
                                   "Plan Rows": 1,                                                                                                   
                                   "Plan Width": 4,                                                                                                  
                                   "Actual Startup Time": 23.246,                                                                                    
                                   "Actual Total Time": 23.287,                                                                                      
                                   "Actual Rows": 1,                                                                                                 
                                   "Actual Loops": 1,                                                                                                
                                   "Filter": "((info)::text = 'genres'::text)",                                                                      
                                   "Rows Removed by Filter": 112,                                                                                    
                                   "Shared Hit Blocks": 0,                                                                                           
                                   "Shared Read Blocks": 1,                                                                                          
                                   "Shared Dirtied Blocks": 0,                                                                                       
                                   "Shared Written Blocks": 0,                                                                                       
                                   "Local Hit Blocks": 0,                                                                                            
                                   "Local Read Blocks": 0,                                                                                           
                                   "Local Dirtied Blocks": 0,                                                                                        
                                   "Local Written Blocks": 0,                                                                                        
                                   "Temp Read Blocks": 0,                                                                                            
                                   "Temp Written Blocks": 0                                                                                          
                                 }                                                                                                                   
                               ]                                                                                                                     
                             }                                                                                                                       
                           ]                                                                                                                         
                         },                                                                                                                          
                         {                                                                                                                           
                           "Node Type": "Hash",                                                                                                      
                           "Parent Relationship": "Inner",                                                                                           
                           "Parallel Aware": false,                                                                                                  
                           "Startup Cost": 4709.67,                                                                                                  
                           "Total Cost": 4709.67,                                                                                                    
                           "Plan Rows": 1,                                                                                                           
                           "Plan Width": 39,                                                                                                         
                           "Actual Startup Time": 4695.201,                                                                                          
                           "Actual Total Time": 4695.201,                                                                                            
                           "Actual Rows": 1547,                                                                                                      
                           "Actual Loops": 1,                                                                                                        
                           "Hash Buckets": 2048,                                                                                                     
                           "Original Hash Buckets": 1024,                                                                                            
                           "Hash Batches": 1,                                                                                                        
                           "Original Hash Batches": 1,                                                                                               
                           "Peak Memory Usage": 123,                                                                                                 
                           "Shared Hit Blocks": 1,                                                                                                   
                           "Shared Read Blocks": 91637,                                                                                              
                           "Shared Dirtied Blocks": 0,                                                                                               
                           "Shared Written Blocks": 0,                                                                                               
                           "Local Hit Blocks": 0,                                                                                                    
                           "Local Read Blocks": 0,                                                                                                   
                           "Local Dirtied Blocks": 0,                                                                                                
                           "Local Written Blocks": 0,                                                                                                
                           "Temp Read Blocks": 0,                                                                                                    
                           "Temp Written Blocks": 0,                                                                                                 
                           "Plans": [                                                                                                                
                             {                                                                                                                       
                               "Node Type": "Hash Join",                                                                                             
                               "Parent Relationship": "Outer",                                                                                       
                               "Parallel Aware": false,                                                                                              
                               "Join Type": "Inner",                                                                                                 
                               "Startup Cost": 3111.26,                                                                                              
                               "Total Cost": 4709.67,                                                                                                
                               "Plan Rows": 1,                                                                                                       
                               "Plan Width": 39,                                                                                                     
                               "Actual Startup Time": 3078.759,                                                                                      
                               "Actual Total Time": 4694.006,                                                                                        
                               "Actual Rows": 1547,                                                                                                  
                               "Actual Loops": 1,                                                                                                    
                               "Inner Unique": false,                                                                                                
                               "Hash Cond": "(t.id = mi_idx.movie_id)",                                                                              
                               "Shared Hit Blocks": 1,                                                                                               
                               "Shared Read Blocks": 91637,                                                                                          
                               "Shared Dirtied Blocks": 0,                                                                                           
                               "Shared Written Blocks": 0,                                                                                           
                               "Local Hit Blocks": 0,                                                                                                
                               "Local Read Blocks": 0,                                                                                               
                               "Local Dirtied Blocks": 0,                                                                                            
                               "Local Written Blocks": 0,                                                                                            
                               "Temp Read Blocks": 0,                                                                                                
                               "Temp Written Blocks": 0,                                                                                             
                               "Plans": [                                                                                                            
                                 {                                                                                                                   
                                   "Node Type": "Seq Scan",                                                                                          
                                   "Parent Relationship": "Outer",                                                                                   
                                   "Parallel Aware": false,                                                                                          
                                   "Relation Name": "title",                                                                                         
                                   "Alias": "t",                                                                                                     
                                   "Startup Cost": 0.00,                                                                                             
                                   "Total Cost": 1303.96,                                                                                            
                                   "Plan Rows": 2528312,                                                                                             
                                   "Plan Width": 21,                                                                                                 
                                   "Actual Startup Time": 20.995,                                                                                    
                                   "Actual Total Time": 1132.006,                                                                                    
                                   "Actual Rows": 2528312,                                                                                           
                                   "Actual Loops": 1,                                                                                                
                                   "Shared Hit Blocks": 0,                                                                                           
                                   "Shared Read Blocks": 35998,                                                                                      
                                   "Shared Dirtied Blocks": 0,                                                                                       
                                   "Shared Written Blocks": 0,                                                                                       
                                   "Local Hit Blocks": 0,                                                                                            
                                   "Local Read Blocks": 0,                                                                                           
                                   "Local Dirtied Blocks": 0,                                                                                        
                                   "Local Written Blocks": 0,                                                                                        
                                   "Temp Read Blocks": 0,                                                                                            
                                   "Temp Written Blocks": 0                                                                                          
                                 },                                                                                                                  
                                 {                                                                                                                   
                                   "Node Type": "Hash",                                                                                              
                                   "Parent Relationship": "Inner",                                                                                   
                                   "Parallel Aware": false,                                                                                          
                                   "Startup Cost": 3111.26,                                                                                          
                                   "Total Cost": 3111.26,                                                                                            
                                   "Plan Rows": 1,                                                                                                   
                                   "Plan Width": 18,                                                                                                 
                                   "Actual Startup Time": 2958.229,                                                                                  
                                   "Actual Total Time": 2958.229,                                                                                    
                                   "Actual Rows": 1547,                                                                                              
                                   "Actual Loops": 1,                                                                                                
                                   "Hash Buckets": 2048,                                                                                             
                                   "Original Hash Buckets": 1024,                                                                                    
                                   "Hash Batches": 1,                                                                                                
                                   "Original Hash Batches": 1,                                                                                       
                                   "Peak Memory Usage": 94,                                                                                          
                                   "Shared Hit Blocks": 1,                                                                                           
                                   "Shared Read Blocks": 55639,                                                                                      
                                   "Shared Dirtied Blocks": 0,                                                                                       
                                   "Shared Written Blocks": 0,                                                                                       
                                   "Local Hit Blocks": 0,                                                                                            
                                   "Local Read Blocks": 0,                                                                                           
                                   "Local Dirtied Blocks": 0,                                                                                        
                                   "Local Written Blocks": 0,                                                                                        
                                   "Temp Read Blocks": 0,                                                                                            
                                   "Temp Written Blocks": 0,                                                                                         
                                   "Plans": [                                                                                                        
                                     {                                                                                                               
                                       "Node Type": "Hash Join",                                                                                     
                                       "Parent Relationship": "Outer",                                                                               
                                       "Parallel Aware": false,                                                                                      
                                       "Join Type": "Inner",                                                                                         
                                       "Startup Cost": 1662.59,                                                                                      
                                       "Total Cost": 3111.26,                                                                                        
                                       "Plan Rows": 1,                                                                                               
                                       "Plan Width": 18,                                                                                             
                                       "Actual Startup Time": 1859.196,                                                                              
                                       "Actual Total Time": 2957.553,                                                                                
                                       "Actual Rows": 1547,                                                                                          
                                       "Actual Loops": 1,                                                                                            
                                       "Inner Unique": false,                                                                                        
                                       "Hash Cond": "(mk.movie_id = mi_idx.movie_id)",                                                               
                                       "Shared Hit Blocks": 1,                                                                                       
                                       "Shared Read Blocks": 55639,                                                                                  
                                       "Shared Dirtied Blocks": 0,                                                                                   
                                       "Shared Written Blocks": 0,                                                                                   
                                       "Local Hit Blocks": 0,                                                                                        
                                       "Local Read Blocks": 0,                                                                                       
                                       "Local Dirtied Blocks": 0,                                                                                    
                                       "Local Written Blocks": 0,                                                                                    
                                       "Temp Read Blocks": 0,                                                                                        
                                       "Temp Written Blocks": 0,                                                                                     
                                       "Plans": [                                                                                                    
                                         {                                                                                                           
                                           "Node Type": "Hash Join",                                                                                 
                                           "Parent Relationship": "Outer",                                                                           
                                           "Parallel Aware": false,                                                                                  
                                           "Join Type": "Inner",                                                                                     
                                           "Startup Cost": 75.50,                                                                                    
                                           "Total Cost": 1524.15,                                                                                    
                                           "Plan Rows": 236,                                                                                         
                                           "Plan Width": 4,                                                                                          
                                           "Actual Startup Time": 96.612,                                                                            
                                           "Actual Total Time": 1228.353,                                                                            
                                           "Actual Rows": 76714,                                                                                     
                                           "Actual Loops": 1,                                                                                        
                                           "Inner Unique": true,                                                                                     
                                           "Hash Cond": "(mk.keyword_id = k.id)",                                                                    
                                           "Shared Hit Blocks": 0,                                                                                   
                                           "Shared Read Blocks": 25403,                                                                              
                                           "Shared Dirtied Blocks": 0,                                                                               
                                           "Shared Written Blocks": 0,                                                                               
                                           "Local Hit Blocks": 0,                                                                                    
                                           "Local Read Blocks": 0,                                                                                   
                                           "Local Dirtied Blocks": 0,                                                                                
                                           "Local Written Blocks": 0,                                                                                
                                           "Temp Read Blocks": 0,                                                                                    
                                           "Temp Written Blocks": 0,                                                                                 
                                           "Plans": [                                                                                                
                                             {                                                                                                       
                                               "Node Type": "Seq Scan",                                                                              
                                               "Parent Relationship": "Outer",                                                                       
                                               "Parallel Aware": false,                                                                              
                                               "Relation Name": "movie_keyword",                                                                     
                                               "Alias": "mk",                                                                                        
                                               "Startup Cost": 0.00,                                                                                 
                                               "Total Cost": 1079.84,                                                                                
                                               "Plan Rows": 4523930,                                                                                 
                                               "Plan Width": 8,                                                                                      
                                               "Actual Startup Time": 4.298,                                                                         
                                               "Actual Total Time": 506.398,                                                                         
                                               "Actual Rows": 4523930,                                                                               
                                               "Actual Loops": 1,                                                                                    
                                               "Shared Hit Blocks": 0,                                                                               
                                               "Shared Read Blocks": 24454,                                                                          
                                               "Shared Dirtied Blocks": 0,                                                                           
                                               "Shared Written Blocks": 0,                                                                           
                                               "Local Hit Blocks": 0,                                                                                
                                               "Local Read Blocks": 0,                                                                               
                                               "Local Dirtied Blocks": 0,                                                                            
                                               "Local Written Blocks": 0,                                                                            
                                               "Temp Read Blocks": 0,                                                                                
                                               "Temp Written Blocks": 0                                                                              
                                             },                                                                                                      
                                             {                                                                                                       
                                               "Node Type": "Hash",                                                                                  
                                               "Parent Relationship": "Inner",                                                                       
                                               "Parallel Aware": false,                                                                              
                                               "Startup Cost": 75.50,                                                                                
                                               "Total Cost": 75.50,                                                                                  
                                               "Plan Rows": 7,                                                                                       
                                               "Plan Width": 4,                                                                                      
                                               "Actual Startup Time": 92.238,                                                                        
                                               "Actual Total Time": 92.238,                                                                          
                                               "Actual Rows": 7,                                                                                     
                                               "Actual Loops": 1,                                                                                    
                                               "Hash Buckets": 1024,                                                                                 
                                               "Original Hash Buckets": 1024,                                                                        
                                               "Hash Batches": 1,                                                                                    
                                               "Original Hash Batches": 1,                                                                           
                                               "Peak Memory Usage": 9,                                                                               
                                               "Shared Hit Blocks": 0,                                                                               
                                               "Shared Read Blocks": 949,                                                                            
                                               "Shared Dirtied Blocks": 0,                                                                           
                                               "Shared Written Blocks": 0,                                                                           
                                               "Local Hit Blocks": 0,                                                                                
                                               "Local Read Blocks": 0,                                                                               
                                               "Local Dirtied Blocks": 0,                                                                            
                                               "Local Written Blocks": 0,                                                                            
                                               "Temp Read Blocks": 0,                                                                                
                                               "Temp Written Blocks": 0,                                                                             
                                               "Plans": [                                                                                            
                                                 {                                                                                                   
                                                   "Node Type": "Seq Scan",                                                                          
                                                   "Parent Relationship": "Outer",                                                                   
                                                   "Parallel Aware": false,                                                                          
                                                   "Relation Name": "keyword",                                                                       
                                                   "Alias": "k",                                                                                     
                                                   "Startup Cost": 0.00,                                                                             
                                                   "Total Cost": 75.50,                                                                              
                                                   "Plan Rows": 7,                                                                                   
                                                   "Plan Width": 4,                                                                                  
                                                   "Actual Startup Time": 30.282,                                                                    
                                                   "Actual Total Time": 92.219,                                                                      
                                                   "Actual Rows": 7,                                                                                 
                                                   "Actual Loops": 1,                                                                                
                                                   "Filter": "(keyword = ANY ('{murder,violence,blood,gore,death,female-nudity,hospital}'::text[]))",
                                                   "Rows Removed by Filter": 134163,                                                                 
                                                   "Shared Hit Blocks": 0,                                                                           
                                                   "Shared Read Blocks": 949,                                                                        
                                                   "Shared Dirtied Blocks": 0,                                                                       
                                                   "Shared Written Blocks": 0,                                                                       
                                                   "Local Hit Blocks": 0,                                                                            
                                                   "Local Read Blocks": 0,                                                                           
                                                   "Local Dirtied Blocks": 0,                                                                        
                                                   "Local Written Blocks": 0,                                                                        
                                                   "Temp Read Blocks": 0,                                                                            
                                                   "Temp Written Blocks": 0                                                                          
                                                 }                                                                                                   
                                               ]                                                                                                     
                                             }                                                                                                       
                                           ]                                                                                                         
                                         },                                                                                                          
                                         {                                                                                                           
                                           "Node Type": "Hash",                                                                                      
                                           "Parent Relationship": "Inner",                                                                           
                                           "Parallel Aware": false,                                                                                  
                                           "Startup Cost": 1587.08,                                                                                  
                                           "Total Cost": 1587.08,                                                                                    
                                           "Plan Rows": 4,                                                                                           
                                           "Plan Width": 14,                                                                                         
                                           "Actual Startup Time": 1717.316,                                                                          
                                           "Actual Total Time": 1717.316,                                                                            
                                           "Actual Rows": 1449,                                                                                      
                                           "Actual Loops": 1,                                                                                        
                                           "Hash Buckets": 2048,                                                                                     
                                           "Original Hash Buckets": 1024,                                                                            
                                           "Hash Batches": 1,                                                                                        
                                           "Original Hash Batches": 1,                                                                               
                                           "Peak Memory Usage": 82,                                                                                  
                                           "Shared Hit Blocks": 1,                                                                                   
                                           "Shared Read Blocks": 30236,                                                                              
                                           "Shared Dirtied Blocks": 0,                                                                               
                                           "Shared Written Blocks": 0,                                                                               
                                           "Local Hit Blocks": 0,                                                                                    
                                           "Local Read Blocks": 0,                                                                                   
                                           "Local Dirtied Blocks": 0,                                                                                
                                           "Local Written Blocks": 0,                                                                                
                                           "Temp Read Blocks": 0,                                                                                    
                                           "Temp Written Blocks": 0,                                                                                 
                                           "Plans": [                                                                                                
                                             {                                                                                                       
                                               "Node Type": "Hash Join",                                                                             
                                               "Parent Relationship": "Outer",                                                                       
                                               "Parallel Aware": false,                                                                              
                                               "Join Type": "Inner",                                                                                 
                                               "Startup Cost": 604.59,                                                                               
                                               "Total Cost": 1587.08,                                                                                
                                               "Plan Rows": 4,                                                                                       
                                               "Plan Width": 14,                                                                                     
                                               "Actual Startup Time": 844.712,                                                                       
                                               "Actual Total Time": 1716.539,                                                                        
                                               "Actual Rows": 1449,                                                                                  
                                               "Actual Loops": 1,                                                                                    
                                               "Inner Unique": false,                                                                                
                                               "Hash Cond": "(mc.movie_id = mi_idx.movie_id)",                                                       
                                               "Shared Hit Blocks": 1,                                                                               
                                               "Shared Read Blocks": 30236,                                                                          
                                               "Shared Dirtied Blocks": 0,                                                                           
                                               "Shared Written Blocks": 0,                                                                           
                                               "Local Hit Blocks": 0,                                                                                
                                               "Local Read Blocks": 0,                                                                               
                                               "Local Dirtied Blocks": 0,                                                                            
                                               "Local Written Blocks": 0,                                                                            
                                               "Temp Read Blocks": 0,                                                                                
                                               "Temp Written Blocks": 0,                                                                             
                                               "Plans": [                                                                                            
                                                 {                                                                                                   
                                                   "Node Type": "Hash Join",                                                                         
                                                   "Parent Relationship": "Outer",                                                                   
                                                   "Parallel Aware": false,                                                                          
                                                   "Join Type": "Inner",                                                                             
                                                   "Startup Cost": 128.41,                                                                           
                                                   "Total Cost": 1110.87,                                                                            
                                                   "Plan Rows": 333,                                                                                 
                                                   "Plan Width": 4,                                                                                  
                                                   "Actual Startup Time": 183.925,                                                                   
                                                   "Actual Total Time": 1079.480,                                                                    
                                                   "Actual Rows": 1814,                                                                              
                                                   "Actual Loops": 1,                                                                                
                                                   "Inner Unique": true,                                                                             
                                                   "Hash Cond": "(mc.company_id = cn.id)",                                                           
                                                   "Shared Hit Blocks": 0,                                                                           
                                                   "Shared Read Blocks": 21783,                                                                      
                                                   "Shared Dirtied Blocks": 0,                                                                       
                                                   "Shared Written Blocks": 0,                                                                       
                                                   "Local Hit Blocks": 0,                                                                            
                                                   "Local Read Blocks": 0,                                                                           
                                                   "Local Dirtied Blocks": 0,                                                                        
                                                   "Local Written Blocks": 0,                                                                        
                                                   "Temp Read Blocks": 0,                                                                            
                                                   "Temp Written Blocks": 0,                                                                         
                                                   "Plans": [                                                                                        
                                                     {                                                                                               
                                                       "Node Type": "Seq Scan",                                                                      
                                                       "Parent Relationship": "Outer",                                                               
                                                       "Parallel Aware": false,                                                                      
                                                       "Relation Name": "movie_companies",                                                           
                                                       "Alias": "mc",                                                                                
                                                       "Startup Cost": 0.00,                                                                         
                                                       "Total Cost": 769.75,                                                                         
                                                       "Plan Rows": 2609129,                                                                         
                                                       "Plan Width": 8,                                                                              
                                                       "Actual Startup Time": 24.774,                                                                
                                                       "Actual Total Time": 519.174,                                                                 
                                                       "Actual Rows": 2609129,                                                                       
                                                       "Actual Loops": 1,                                                                            
                                                       "Shared Hit Blocks": 0,                                                                       
                                                       "Shared Read Blocks": 18789,                                                                  
                                                       "Shared Dirtied Blocks": 0,                                                                   
                                                       "Shared Written Blocks": 0,                                                                   
                                                       "Local Hit Blocks": 0,                                                                        
                                                       "Local Read Blocks": 0,                                                                       
                                                       "Local Dirtied Blocks": 0,                                                                    
                                                       "Local Written Blocks": 0,                                                                    
                                                       "Temp Read Blocks": 0,                                                                        
                                                       "Temp Written Blocks": 0                                                                      
                                                     },                                                                                              
                                                     {                                                                                               
                                                       "Node Type": "Hash",                                                                          
                                                       "Parent Relationship": "Inner",                                                               
                                                       "Parallel Aware": false,                                                                      
                                                       "Startup Cost": 128.41,                                                                       
                                                       "Total Cost": 128.41,                                                                         
                                                       "Plan Rows": 30,                                                                              
                                                       "Plan Width": 4,                                                                              
                                                       "Actual Startup Time": 138.435,                                                               
                                                       "Actual Total Time": 138.435,                                                                 
                                                       "Actual Rows": 10,                                                                            
                                                       "Actual Loops": 1,                                                                            
                                                       "Hash Buckets": 1024,                                                                         
                                                       "Original Hash Buckets": 1024,                                                                
                                                       "Hash Batches": 1,                                                                            
                                                       "Original Hash Batches": 1,                                                                   
                                                       "Peak Memory Usage": 9,                                                                       
                                                       "Shared Hit Blocks": 0,                                                                       
                                                       "Shared Read Blocks": 2994,                                                                   
                                                       "Shared Dirtied Blocks": 0,                                                                   
                                                       "Shared Written Blocks": 0,                                                                   
                                                       "Local Hit Blocks": 0,                                                                        
                                                       "Local Read Blocks": 0,                                                                       
                                                       "Local Dirtied Blocks": 0,                                                                    
                                                       "Local Written Blocks": 0,                                                                    
                                                       "Temp Read Blocks": 0,                                                                        
                                                       "Temp Written Blocks": 0,                                                                     
                                                       "Plans": [                                                                                    
                                                         {                                                                                           
                                                           "Node Type": "Seq Scan",                                                                  
                                                           "Parent Relationship": "Outer",                                                           
                                                           "Parallel Aware": false,                                                                  
                                                           "Relation Name": "company_name",                                                          
                                                           "Alias": "cn",                                                                            
                                                           "Startup Cost": 0.00,                                                                     
                                                           "Total Cost": 128.41,                                                                     
                                                           "Plan Rows": 30,                                                                          
                                                           "Plan Width": 4,                                                                          
                                                           "Actual Startup Time": 5.919,                                                             
                                                           "Actual Total Time": 138.404,                                                             
                                                           "Actual Rows": 10,                                                                        
                                                           "Actual Loops": 1,                                                                        
                                                           "Filter": "(name ~~ 'Lionsgate%'::text)",                                                 
                                                           "Rows Removed by Filter": 234987,                                                         
                                                           "Shared Hit Blocks": 0,                                                                   
                                                           "Shared Read Blocks": 2994,                                                               
                                                           "Shared Dirtied Blocks": 0,                                                               
                                                           "Shared Written Blocks": 0,                                                               
                                                           "Local Hit Blocks": 0,                                                                    
                                                           "Local Read Blocks": 0,                                                                   
                                                           "Local Dirtied Blocks": 0,                                                                
                                                           "Local Written Blocks": 0,                                                                
                                                           "Temp Read Blocks": 0,                                                                    
                                                           "Temp Written Blocks": 0                                                                  
                                                         }                                                                                           
                                                       ]                                                                                             
                                                     }                                                                                               
                                                   ]                                                                                                 
                                                 },                                                                                                  
                                                 {                                                                                                   
                                                   "Node Type": "Hash",                                                                              
                                                   "Parent Relationship": "Inner",                                                                   
                                                   "Parallel Aware": false,                                                                          
                                                   "Startup Cost": 474.39,                                                                           
                                                   "Total Cost": 474.39,                                                                             
                                                   "Plan Rows": 12213,                                                                               
                                                   "Plan Width": 10,                                                                                 
                                                   "Actual Startup Time": 635.449,                                                                   
                                                   "Actual Total Time": 635.449,                                                                     
                                                   "Actual Rows": 459925,                                                                            
                                                   "Actual Loops": 1,                                                                                
                                                   "Hash Buckets": 524288,                                                                           
                                                   "Original Hash Buckets": 16384,                                                                   
                                                   "Hash Batches": 1,                                                                                
                                                   "Original Hash Batches": 1,                                                                       
                                                   "Peak Memory Usage": 22143,                                                                       
                                                   "Shared Hit Blocks": 1,                                                                           
                                                   "Shared Read Blocks": 8453,                                                                       
                                                   "Shared Dirtied Blocks": 0,                                                                       
                                                   "Shared Written Blocks": 0,                                                                       
                                                   "Local Hit Blocks": 0,                                                                            
                                                   "Local Read Blocks": 0,                                                                           
                                                   "Local Dirtied Blocks": 0,                                                                        
                                                   "Local Written Blocks": 0,                                                                        
                                                   "Temp Read Blocks": 0,                                                                            
                                                   "Temp Written Blocks": 0,                                                                         
                                                   "Plans": [                                                                                        
                                                     {                                                                                               
                                                       "Node Type": "Hash Join",                                                                     
                                                       "Parent Relationship": "Outer",                                                               
                                                       "Parallel Aware": false,                                                                      
                                                       "Join Type": "Inner",                                                                         
                                                       "Startup Cost": 0.05,                                                                         
                                                       "Total Cost": 474.39,                                                                         
                                                       "Plan Rows": 12213,                                                                           
                                                       "Plan Width": 10,                                                                             
                                                       "Actual Startup Time": 26.377,                                                                
                                                       "Actual Total Time": 516.382,                                                                 
                                                       "Actual Rows": 459925,                                                                        
                                                       "Actual Loops": 1,                                                                            
                                                       "Inner Unique": true,                                                                         
                                                       "Hash Cond": "(mi_idx.info_type_id = it.id)",                                                
                                                       "Shared Hit Blocks": 1,                                                                       
                                                       "Shared Read Blocks": 8453,                                                                   
                                                       "Shared Dirtied Blocks": 0,                                                                   
                                                       "Shared Written Blocks": 0,                                                                   
                                                       "Local Hit Blocks": 0,                                                                        
                                                       "Local Read Blocks": 0,                                                                       
                                                       "Local Dirtied Blocks": 0,                                                                    
                                                       "Local Written Blocks": 0,                                                                    
                                                       "Temp Read Blocks": 0,                                                                        
                                                       "Temp Written Blocks": 0,                                                                     
                                                       "Plans": [                                                                                    
                                                         {                                                                                           
                                                           "Node Type": "Seq Scan",                                                                  
                                                           "Parent Relationship": "Outer",                                                           
                                                           "Parallel Aware": false,                                                                  
                                                           "Relation Name": "movie_info_idx",                                                        
                                                           "Alias": "mi_idx",                                                                        
                                                           "Startup Cost": 0.00,                                                                     
                                                           "Total Cost": 360.56,                                                                     
                                                           "Plan Rows": 1380035,                                                                     
                                                           "Plan Width": 14,                                                                         
                                                           "Actual Startup Time": 26.318,                                                            
                                                           "Actual Total Time": 227.017,                                                             
                                                           "Actual Rows": 1380035,                                                                   
                                                           "Actual Loops": 1,                                                                        
                                                           "Shared Hit Blocks": 0,                                                                   
                                                           "Shared Read Blocks": 8453,                                                               
                                                           "Shared Dirtied Blocks": 0,                                                               
                                                           "Shared Written Blocks": 0,                                                               
                                                           "Local Hit Blocks": 0,                                                                    
                                                           "Local Read Blocks": 0,                                                                   
                                                           "Local Dirtied Blocks": 0,                                                                
                                                           "Local Written Blocks": 0,                                                                
                                                           "Temp Read Blocks": 0,                                                                    
                                                           "Temp Written Blocks": 0                                                                  
                                                         },                                                                                          
                                                         {                                                                                           
                                                           "Node Type": "Hash",                                                                      
                                                           "Parent Relationship": "Inner",                                                           
                                                           "Parallel Aware": false,                                                                  
                                                           "Startup Cost": 0.05,                                                                     
                                                           "Total Cost": 0.05,                                                                       
                                                           "Plan Rows": 1,                                                                           
                                                           "Plan Width": 4,                                                                          
                                                           "Actual Startup Time": 0.036,                                                             
                                                           "Actual Total Time": 0.036,                                                               
                                                           "Actual Rows": 1,                                                                         
                                                           "Actual Loops": 1,                                                                        
                                                           "Hash Buckets": 1024,                                                                     
                                                           "Original Hash Buckets": 1024,                                                            
                                                           "Hash Batches": 1,                                                                        
                                                           "Original Hash Batches": 1,                                                               
                                                           "Peak Memory Usage": 9,                                                                   
                                                           "Shared Hit Blocks": 1,                                                                   
                                                           "Shared Read Blocks": 0,                                                                  
                                                           "Shared Dirtied Blocks": 0,                                                               
                                                           "Shared Written Blocks": 0,                                                               
                                                           "Local Hit Blocks": 0,                                                                    
                                                           "Local Read Blocks": 0,                                                                   
                                                           "Local Dirtied Blocks": 0,                                                                
                                                           "Local Written Blocks": 0,                                                                
                                                           "Temp Read Blocks": 0,                                                                    
                                                           "Temp Written Blocks": 0,                                                                 
                                                           "Plans": [                                                                                
                                                             {                                                                                       
                                                               "Node Type": "Seq Scan",                                                              
                                                               "Parent Relationship": "Outer",                                                       
                                                               "Parallel Aware": false,                                                              
                                                               "Relation Name": "info_type",                                                         
                                                               "Alias": "it",                                                                       
                                                               "Startup Cost": 0.00,                                                                 
                                                               "Total Cost": 0.05,                                                                   
                                                               "Plan Rows": 1,                                                                       
                                                               "Plan Width": 4,                                                                      
                                                               "Actual Startup Time": 0.028,                                                         
                                                               "Actual Total Time": 0.031,                                                           
                                                               "Actual Rows": 1,                                                                     
                                                               "Actual Loops": 1,                                                                    
                                                               "Filter": "((info)::text = 'votes'::text)",                                           
                                                               "Rows Removed by Filter": 112,                                                        
                                                               "Shared Hit Blocks": 1,                                                               
                                                               "Shared Read Blocks": 0,                                                              
                                                               "Shared Dirtied Blocks": 0,                                                           
                                                               "Shared Written Blocks": 0,                                                           
                                                               "Local Hit Blocks": 0,                                                                
                                                               "Local Read Blocks": 0,                                                               
                                                               "Local Dirtied Blocks": 0,                                                            
                                                               "Local Written Blocks": 0,                                                            
                                                               "Temp Read Blocks": 0,                                                                
                                                               "Temp Written Blocks": 0                                                              
                                                             }                                                                                       
                                                           ]                                                                                         
                                                         }                                                                                           
                                                       ]                                                                                             
                                                     }                                                                                               
                                                   ]                                                                                                 
                                                 }                                                                                                   
                                               ]                                                                                                     
                                             }                                                                                                       
                                           ]                                                                                                         
                                         }                                                                                                           
                                       ]                                                                                                             
                                     }                                                                                                               
                                   ]                                                                                                                 
                                 }                                                                                                                   
                               ]                                                                                                                     
                             }                                                                                                                       
                           ]                                                                                                                         
                         }                                                                                                                           
                       ]                                                                                                                             
                     }                                                                                                                               
                   ]                                                                                                                                 
                 }                                                                                                                                   
               ]                                                                                                                                     
             },                                                                                                                                      
             {                                                                                                                                       
               "Node Type": "Hash",                                                                                                                  
               "Parent Relationship": "Inner",                                                                                                       
               "Parallel Aware": false,                                                                                                              
               "Startup Cost": 2032.56,                                                                                                              
               "Total Cost": 2032.56,                                                                                                                
               "Plan Rows": 4167491,                                                                                                                 
               "Plan Width": 19,                                                                                                                     
               "Actual Startup Time": 2640.063,                                                                                                      
               "Actual Total Time": 2640.063,                                                                                                        
               "Actual Rows": 4167491,                                                                                                               
               "Actual Loops": 1,                                                                                                                    
               "Hash Buckets": 4194304,                                                                                                              
               "Original Hash Buckets": 4194304,                                                                                                     
               "Hash Batches": 1,                                                                                                                    
               "Original Hash Batches": 1,                                                                                                           
               "Peak Memory Usage": 248744,                                                                                                          
               "Shared Hit Blocks": 0,                                                                                                               
               "Shared Read Blocks": 55613,                                                                                                          
               "Shared Dirtied Blocks": 0,                                                                                                           
               "Shared Written Blocks": 0,                                                                                                           
               "Local Hit Blocks": 0,                                                                                                                
               "Local Read Blocks": 0,                                                                                                               
               "Local Dirtied Blocks": 0,                                                                                                            
               "Local Written Blocks": 0,                                                                                                            
               "Temp Read Blocks": 0,                                                                                                                
               "Temp Written Blocks": 0,                                                                                                             
               "Plans": [                                                                                                                            
                 {                                                                                                                                   
                   "Node Type": "Seq Scan",                                                                                                          
                   "Parent Relationship": "Outer",                                                                                                   
                   "Parallel Aware": false,                                                                                                          
                   "Relation Name": "name",                                                                                                          
                   "Alias": "n",                                                                                                                     
                   "Startup Cost": 0.00,                                                                                                             
                   "Total Cost": 2032.56,                                                                                                            
                   "Plan Rows": 4167491,                                                                                                             
                   "Plan Width": 19,                                                                                                                 
                   "Actual Startup Time": 40.522,                                                                                                    
                   "Actual Total Time": 1266.838,                                                                                                    
                   "Actual Rows": 4167491,                                                                                                           
                   "Actual Loops": 1,                                                                                                                
                   "Shared Hit Blocks": 0,                                                                                                           
                   "Shared Read Blocks": 55613,                                                                                                      
                   "Shared Dirtied Blocks": 0,                                                                                                       
                   "Shared Written Blocks": 0,                                                                                                       
                   "Local Hit Blocks": 0,                                                                                                            
                   "Local Read Blocks": 0,                                                                                                           
                   "Local Dirtied Blocks": 0,                                                                                                        
                   "Local Written Blocks": 0,                                                                                                        
                   "Temp Read Blocks": 0,                                                                                                            
                   "Temp Written Blocks": 0                                                                                                          
                 }                                                                                                                                   
               ]                                                                                                                                     
             }                                                                                                                                       
           ]                                                                                                                                         
         }                                                                                                                                           
       ]                                                                                                                                             
     },                                                                                                                                              
     "Planning Time": 14258.487,                                                                                                                     
     "Triggers": [                                                                                                                                   
     ],                                                                                                                                              
     "Execution Time": 28235.776                                                                                                                     
