     "Plan": {                                                                                                                       
       "Node Type": "Aggregate",                                                                                                     
       "Strategy": "Plain",                                                                                                          
       "Partial Mode": "Simple",                                                                                                     
       "Parallel Aware": false,                                                                                                      
       "Startup Cost": 6817.32,                                                                                                      
       "Total Cost": 6817.32,                                                                                                        
       "Plan Rows": 1,                                                                                                               
       "Plan Width": 192,                                                                                                            
       "Actual Startup Time": 5809.363,                                                                                              
       "Actual Total Time": 5809.363,                                                                                                
       "Actual Rows": 1,                                                                                                             
       "Actual Loops": 1,                                                                                                            
       "Shared Hit Blocks": 66239,                                                                                                   
       "Shared Read Blocks": 66400,                                                                                                  
       "Shared Dirtied Blocks": 0,                                                                                                   
       "Shared Written Blocks": 0,                                                                                                   
       "Local Hit Blocks": 0,                                                                                                        
       "Local Read Blocks": 0,                                                                                                       
       "Local Dirtied Blocks": 0,                                                                                                    
       "Local Written Blocks": 0,                                                                                                    
       "Temp Read Blocks": 0,                                                                                                        
       "Temp Written Blocks": 0,                                                                                                     
       "Plans": [                                                                                                                    
         {                                                                                                                           
           "Node Type": "Hash Join",                                                                                                 
           "Parent Relationship": "Outer",                                                                                           
           "Parallel Aware": false,                                                                                                  
           "Join Type": "Inner",                                                                                                     
           "Startup Cost": 5743.71,                                                                                                  
           "Total Cost": 6817.32,                                                                                                    
           "Plan Rows": 1,                                                                                                           
           "Plan Width": 84,                                                                                                         
           "Actual Startup Time": 5321.660,                                                                                          
           "Actual Total Time": 5809.324,                                                                                            
           "Actual Rows": 8,                                                                                                         
           "Actual Loops": 1,                                                                                                        
           "Inner Unique": true,                                                                                                     
           "Hash Cond": "(mc1.company_id = cn.id)",                                                                                 
           "Shared Hit Blocks": 66239,                                                                                               
           "Shared Read Blocks": 66400,                                                                                              
           "Shared Dirtied Blocks": 0,                                                                                               
           "Shared Written Blocks": 0,                                                                                               
           "Local Hit Blocks": 0,                                                                                                    
           "Local Read Blocks": 0,                                                                                                   
           "Local Dirtied Blocks": 0,                                                                                                
           "Local Written Blocks": 0,                                                                                                
           "Temp Read Blocks": 0,                                                                                                    
           "Temp Written Blocks": 0,                                                                                                 
           "Plans": [                                                                                                                
             {                                                                                                                       
               "Node Type": "Hash Join",                                                                                             
               "Parent Relationship": "Outer",                                                                                       
               "Parallel Aware": false,                                                                                              
               "Join Type": "Inner",                                                                                                 
               "Startup Cost": 5602.85,                                                                                              
               "Total Cost": 6676.46,                                                                                                
               "Plan Rows": 1,                                                                                                       
               "Plan Width": 69,                                                                                                     
               "Actual Startup Time": 5108.682,                                                                                      
               "Actual Total Time": 5596.339,                                                                                        
               "Actual Rows": 28,                                                                                                    
               "Actual Loops": 1,                                                                                                    
               "Inner Unique": false,                                                                                                
               "Hash Cond": "(mc1.movie_id = t1.id)",                                                                                
               "Shared Hit Blocks": 66236,                                                                                           
               "Shared Read Blocks": 63406,                                                                                          
               "Shared Dirtied Blocks": 0,                                                                                           
               "Shared Written Blocks": 0,                                                                                           
               "Local Hit Blocks": 0,                                                                                                
               "Local Read Blocks": 0,                                                                                               
               "Local Dirtied Blocks": 0,                                                                                            
               "Local Written Blocks": 0,                                                                                            
               "Temp Read Blocks": 0,                                                                                                
               "Temp Written Blocks": 0,                                                                                             
               "Plans": [                                                                                                            
                 {                                                                                                                   
                   "Node Type": "Seq Scan",                                                                                          
                   "Parent Relationship": "Outer",                                                                                   
                   "Parallel Aware": false,                                                                                          
                   "Relation Name": "movie_companies",                                                                               
                   "Alias": "mc1",                                                                                                   
                   "Startup Cost": 0.00,                                                                                             
                   "Total Cost": 769.75,                                                                                             
                   "Plan Rows": 2609129,                                                                                             
                   "Plan Width": 8,                                                                                                  
                   "Actual Startup Time": 2.680,                                                                                     
                   "Actual Total Time": 178.621,                                                                                     
                   "Actual Rows": 2609129,                                                                                           
                   "Actual Loops": 1,                                                                                                
                   "Shared Hit Blocks": 18788,                                                                                       
                   "Shared Read Blocks": 1,                                                                                          
                   "Shared Dirtied Blocks": 0,                                                                                       
                   "Shared Written Blocks": 0,                                                                                       
                   "Local Hit Blocks": 0,                                                                                            
                   "Local Read Blocks": 0,                                                                                           
                   "Local Dirtied Blocks": 0,                                                                                        
                   "Local Written Blocks": 0,                                                                                        
                   "Temp Read Blocks": 0,                                                                                            
                   "Temp Written Blocks": 0                                                                                          
                 },                                                                                                                  
                 {                                                                                                                   
                   "Node Type": "Hash",                                                                                              
                   "Parent Relationship": "Inner",                                                                                   
                   "Parallel Aware": false,                                                                                          
                   "Startup Cost": 5602.85,                                                                                          
                   "Total Cost": 5602.85,                                                                                            
                   "Plan Rows": 1,                                                                                                   
                   "Plan Width": 77,                                                                                                 
                   "Actual Startup Time": 5104.446,                                                                                  
                   "Actual Total Time": 5104.446,                                                                                    
                   "Actual Rows": 10,                                                                                                
                   "Actual Loops": 1,                                                                                                
                   "Hash Buckets": 1024,                                                                                             
                   "Original Hash Buckets": 1024,                                                                                    
                   "Hash Batches": 1,                                                                                                
                   "Original Hash Batches": 1,                                                                                       
                   "Peak Memory Usage": 10,                                                                                          
                   "Shared Hit Blocks": 47448,                                                                                       
                   "Shared Read Blocks": 63405,                                                                                      
                   "Shared Dirtied Blocks": 0,                                                                                       
                   "Shared Written Blocks": 0,                                                                                       
                   "Local Hit Blocks": 0,                                                                                            
                   "Local Read Blocks": 0,                                                                                           
                   "Local Dirtied Blocks": 0,                                                                                        
                   "Local Written Blocks": 0,                                                                                        
                   "Temp Read Blocks": 0,                                                                                            
                   "Temp Written Blocks": 0,                                                                                         
                   "Plans": [                                                                                                        
                     {                                                                                                               
                       "Node Type": "Hash Join",                                                                                     
                       "Parent Relationship": "Outer",                                                                               
                       "Parallel Aware": false,                                                                                      
                       "Join Type": "Inner",                                                                                         
                       "Startup Cost": 4529.23,                                                                                      
                       "Total Cost": 5602.85,                                                                                        
                       "Plan Rows": 1,                                                                                               
                       "Plan Width": 77,                                                                                             
                       "Actual Startup Time": 4223.452,                                                                              
                       "Actual Total Time": 5104.408,                                                                                
                       "Actual Rows": 10,                                                                                            
                       "Actual Loops": 1,                                                                                            
                       "Inner Unique": true,                                                                                         
                       "Hash Cond": "(t1.kind_id = kt1.id)",                                                                         
                       "Shared Hit Blocks": 47448,                                                                                   
                       "Shared Read Blocks": 63405,                                                                                  
                       "Shared Dirtied Blocks": 0,                                                                                   
                       "Shared Written Blocks": 0,                                                                                   
                       "Local Hit Blocks": 0,                                                                                        
                       "Local Read Blocks": 0,                                                                                       
                       "Local Dirtied Blocks": 0,                                                                                    
                       "Local Written Blocks": 0,                                                                                    
                       "Temp Read Blocks": 0,                                                                                        
                       "Temp Written Blocks": 0,                                                                                     
                       "Plans": [                                                                                                    
                         {                                                                                                           
                           "Node Type": "Hash Join",                                                                                 
                           "Parent Relationship": "Outer",                                                                           
                           "Parallel Aware": false,                                                                                  
                           "Join Type": "Inner",                                                                                     
                           "Startup Cost": 4529.20,                                                                                  
                           "Total Cost": 5602.82,                                                                                    
                           "Plan Rows": 1,                                                                                           
                           "Plan Width": 81,                                                                                         
                           "Actual Startup Time": 4198.574,                                                                          
                           "Actual Total Time": 5079.512,                                                                            
                           "Actual Rows": 10,                                                                                        
                           "Actual Loops": 1,                                                                                        
                           "Inner Unique": true,                                                                                     
                           "Hash Cond": "(mi_idx.info_type_id = it.id)",                                                           
                           "Shared Hit Blocks": 47448,                                                                               
                           "Shared Read Blocks": 63404,                                                                              
                           "Shared Dirtied Blocks": 0,                                                                               
                           "Shared Written Blocks": 0,                                                                               
                           "Local Hit Blocks": 0,                                                                                    
                           "Local Read Blocks": 0,                                                                                   
                           "Local Dirtied Blocks": 0,                                                                                
                           "Local Written Blocks": 0,                                                                                
                           "Temp Read Blocks": 0,                                                                                    
                           "Temp Written Blocks": 0,                                                                                 
                           "Plans": [                                                                                                
                             {                                                                                                       
                               "Node Type": "Hash Join",                                                                             
                               "Parent Relationship": "Outer",                                                                       
                               "Parallel Aware": false,                                                                              
                               "Join Type": "Inner",                                                                                 
                               "Startup Cost": 4529.15,                                                                              
                               "Total Cost": 5602.77,                                                                                
                               "Plan Rows": 1,                                                                                       
                               "Plan Width": 85,                                                                                     
                               "Actual Startup Time": 4190.321,                                                                      
                               "Actual Total Time": 5077.772,                                                                        
                               "Actual Rows": 407,                                                                                   
                               "Actual Loops": 1,                                                                                    
                               "Inner Unique": true,                                                                                 
                               "Hash Cond": "(mc2.company_id = cn.id)",                                                             
                               "Shared Hit Blocks": 47448,                                                                           
                               "Shared Read Blocks": 63403,                                                                          
                               "Shared Dirtied Blocks": 0,                                                                           
                               "Shared Written Blocks": 0,                                                                           
                               "Local Hit Blocks": 0,                                                                                
                               "Local Read Blocks": 0,                                                                               
                               "Local Dirtied Blocks": 0,                                                                            
                               "Local Written Blocks": 0,                                                                            
                               "Temp Read Blocks": 0,                                                                                
                               "Temp Written Blocks": 0,                                                                             
                               "Plans": [                                                                                            
                                 {                                                                                                   
                                   "Node Type": "Hash Join",                                                                         
                                   "Parent Relationship": "Outer",                                                                   
                                   "Parallel Aware": false,                                                                          
                                   "Join Type": "Inner",                                                                             
                                   "Startup Cost": 4384.50,                                                                          
                                   "Total Cost": 5458.11,                                                                            
                                   "Plan Rows": 1,                                                                                   
                                   "Plan Width": 70,                                                                                 
                                   "Actual Startup Time": 4073.423,                                                                  
                                   "Actual Total Time": 4960.492,                                                                    
                                   "Actual Rows": 407,                                                                               
                                   "Actual Loops": 1,                                                                                
                                   "Inner Unique": false,                                                                            
                                   "Hash Cond": "(mc2.movie_id = t2.id)",                                                            
                                   "Shared Hit Blocks": 44454,                                                                       
                                   "Shared Read Blocks": 63403,                                                                      
                                   "Shared Dirtied Blocks": 0,                                                                       
                                   "Shared Written Blocks": 0,                                                                       
                                   "Local Hit Blocks": 0,                                                                            
                                   "Local Read Blocks": 0,                                                                           
                                   "Local Dirtied Blocks": 0,                                                                        
                                   "Local Written Blocks": 0,                                                                        
                                   "Temp Read Blocks": 0,                                                                            
                                   "Temp Written Blocks": 0,                                                                         
                                   "Plans": [                                                                                        
                                     {                                                                                               
                                       "Node Type": "Seq Scan",                                                                      
                                       "Parent Relationship": "Outer",                                                               
                                       "Parallel Aware": false,                                                                      
                                       "Relation Name": "movie_companies",                                                           
                                       "Alias": "mc2",                                                                               
                                       "Startup Cost": 0.00,                                                                         
                                       "Total Cost": 769.75,                                                                         
                                       "Plan Rows": 2609129,                                                                         
                                       "Plan Width": 8,                                                                              
                                       "Actual Startup Time": 0.005,                                                                 
                                       "Actual Total Time": 502.203,                                                                 
                                       "Actual Rows": 2609129,                                                                       
                                       "Actual Loops": 1,                                                                            
                                       "Shared Hit Blocks": 1,                                                                       
                                       "Shared Read Blocks": 18788,                                                                  
                                       "Shared Dirtied Blocks": 0,                                                                   
                                       "Shared Written Blocks": 0,                                                                   
                                       "Local Hit Blocks": 0,                                                                        
                                       "Local Read Blocks": 0,                                                                       
                                       "Local Dirtied Blocks": 0,                                                                    
                                       "Local Written Blocks": 0,                                                                    
                                       "Temp Read Blocks": 0,                                                                        
                                       "Temp Written Blocks": 0                                                                      
                                     },                                                                                              
                                     {                                                                                               
                                       "Node Type": "Hash",                                                                          
                                       "Parent Relationship": "Inner",                                                               
                                       "Parallel Aware": false,                                                                      
                                       "Startup Cost": 4384.50,                                                                      
                                       "Total Cost": 4384.50,                                                                        
                                       "Plan Rows": 1,                                                                               
                                       "Plan Width": 78,                                                                             
                                       "Actual Startup Time": 4050.555,                                                              
                                       "Actual Total Time": 4050.555,                                                                
                                       "Actual Rows": 95,                                                                            
                                       "Actual Loops": 1,                                                                            
                                       "Hash Buckets": 1024,                                                                         
                                       "Original Hash Buckets": 1024,                                                                
                                       "Hash Batches": 1,                                                                            
                                       "Original Hash Batches": 1,                                                                   
                                       "Peak Memory Usage": 20,                                                                      
                                       "Shared Hit Blocks": 44453,                                                                   
                                       "Shared Read Blocks": 44615,                                                                  
                                       "Shared Dirtied Blocks": 0,                                                                   
                                       "Shared Written Blocks": 0,                                                                   
                                       "Local Hit Blocks": 0,                                                                        
                                       "Local Read Blocks": 0,                                                                       
                                       "Local Dirtied Blocks": 0,                                                                    
                                       "Local Written Blocks": 0,                                                                    
                                       "Temp Read Blocks": 0,                                                                        
                                       "Temp Written Blocks": 0,                                                                     
                                       "Plans": [                                                                                    
                                         {                                                                                           
                                           "Node Type": "Hash Join",                                                                 
                                           "Parent Relationship": "Outer",                                                           
                                           "Parallel Aware": false,                                                                  
                                           "Join Type": "Inner",                                                                     
                                           "Startup Cost": 3850.00,                                                                  
                                           "Total Cost": 4384.50,                                                                    
                                           "Plan Rows": 1,                                                                           
                                           "Plan Width": 78,                                                                         
                                           "Actual Startup Time": 3621.239,                                                          
                                           "Actual Total Time": 4050.486,                                                            
                                           "Actual Rows": 95,                                                                        
                                           "Actual Loops": 1,                                                                        
                                           "Inner Unique": true,                                                                     
                                           "Hash Cond": "(ml.link_type_id = lt.id)",                                                 
                                           "Shared Hit Blocks": 44453,                                                               
                                           "Shared Read Blocks": 44615,                                                              
                                           "Shared Dirtied Blocks": 0,                                                               
                                           "Shared Written Blocks": 0,                                                               
                                           "Local Hit Blocks": 0,                                                                    
                                           "Local Read Blocks": 0,                                                                   
                                           "Local Dirtied Blocks": 0,                                                                
                                           "Local Written Blocks": 0,                                                                
                                           "Temp Read Blocks": 0,                                                                    
                                           "Temp Written Blocks": 0,                                                                 
                                           "Plans": [                                                                                
                                             {                                                                                       
                                               "Node Type": "Hash Join",                                                             
                                               "Parent Relationship": "Outer",                                                       
                                               "Parallel Aware": false,                                                              
                                               "Join Type": "Inner",                                                                 
                                               "Startup Cost": 3849.97,                                                              
                                               "Total Cost": 4384.46,                                                                
                                               "Plan Rows": 1,                                                                       
                                               "Plan Width": 82,                                                                     
                                               "Actual Startup Time": 3615.598,                                                      
                                               "Actual Total Time": 4044.714,                                                        
                                               "Actual Rows": 1004,                                                                  
                                               "Actual Loops": 1,                                                                    
                                               "Inner Unique": false,                                                                
                                               "Hash Cond": "(t2.id = ml.linked_movie_id)",                                          
                                               "Shared Hit Blocks": 44453,                                                           
                                               "Shared Read Blocks": 44614,                                                          
                                               "Shared Dirtied Blocks": 0,                                                           
                                               "Shared Written Blocks": 0,                                                           
                                               "Local Hit Blocks": 0,                                                                
                                               "Local Read Blocks": 0,                                                               
                                               "Local Dirtied Blocks": 0,                                                            
                                               "Local Written Blocks": 0,                                                            
                                               "Temp Read Blocks": 0,                                                                
                                               "Temp Written Blocks": 0,                                                             
                                               "Plans": [                                                                            
                                                 {                                                                                   
                                                   "Node Type": "Hash Join",                                                         
                                                   "Parent Relationship": "Outer",                                                   
                                                   "Parallel Aware": false,                                                          
                                                   "Join Type": "Inner",                                                             
                                                   "Startup Cost": 1762.03,                                                          
                                                   "Total Cost": 2294.60,                                                            
                                                   "Plan Rows": 16584,                                                               
                                                   "Plan Width": 35,                                                                 
                                                   "Actual Startup Time": 1746.869,                                                  
                                                   "Actual Total Time": 2174.372,                                                    
                                                   "Actual Rows": 11319,                                                             
                                                   "Actual Loops": 1,                                                                
                                                   "Inner Unique": true,                                                             
                                                   "Hash Cond": "(t2.kind_id = kt2.id)",                                             
                                                   "Shared Hit Blocks": 8453,                                                        
                                                   "Shared Read Blocks": 35999,                                                      
                                                   "Shared Dirtied Blocks": 0,                                                       
                                                   "Shared Written Blocks": 0,                                                       
                                                   "Local Hit Blocks": 0,                                                            
                                                   "Local Read Blocks": 0,                                                           
                                                   "Local Dirtied Blocks": 0,                                                        
                                                   "Local Written Blocks": 0,                                                        
                                                   "Temp Read Blocks": 0,                                                            
                                                   "Temp Written Blocks": 0,                                                         
                                                   "Plans": [                                                                        
                                                     {                                                                               
                                                       "Node Type": "Hash Join",                                                     
                                                       "Parent Relationship": "Outer",                                               
                                                       "Parallel Aware": false,                                                      
                                                       "Join Type": "Inner",                                                         
                                                       "Startup Cost": 1762.00,                                                      
                                                       "Total Cost": 2283.38,                                                        
                                                       "Plan Rows": 116091,                                                          
                                                       "Plan Width": 39,                                                             
                                                       "Actual Startup Time": 1746.809,                                              
                                                       "Actual Total Time": 2160.187,                                                
                                                       "Actual Rows": 113004,                                                        
                                                       "Actual Loops": 1,                                                            
                                                       "Inner Unique": true,                                                         
                                                       "Hash Cond": "(mi_idx.movie_id = t2.id)",                                    
                                                       "Shared Hit Blocks": 8452,                                                    
                                                       "Shared Read Blocks": 35999,                                                  
                                                       "Shared Dirtied Blocks": 0,                                                   
                                                       "Shared Written Blocks": 0,                                                   
                                                       "Local Hit Blocks": 0,                                                        
                                                       "Local Read Blocks": 0,                                                       
                                                       "Local Dirtied Blocks": 0,                                                    
                                                       "Local Written Blocks": 0,                                                    
                                                       "Temp Read Blocks": 0,                                                        
                                                       "Temp Written Blocks": 0,                                                     
                                                       "Plans": [                                                                    
                                                         {                                                                           
                                                           "Node Type": "Seq Scan",                                                  
                                                           "Parent Relationship": "Outer",                                           
                                                           "Parallel Aware": false,                                                  
                                                           "Relation Name": "movie_info_idx",                                        
                                                           "Alias": "mi_idx",                                                       
                                                           "Startup Cost": 0.00,                                                     
                                                           "Total Cost": 467.71,                                                     
                                                           "Plan Rows": 658313,                                                      
                                                           "Plan Width": 14,                                                         
                                                           "Actual Startup Time": 11.502,                                            
                                                           "Actual Total Time": 264.459,                                             
                                                           "Actual Rows": 658295,                                                    
                                                           "Actual Loops": 1,                                                        
                                                           "Filter": "(info < '3.0'::text)",                                         
                                                           "Rows Removed by Filter": 721740,                                         
                                                           "Shared Hit Blocks": 8452,                                                
                                                           "Shared Read Blocks": 1,                                                  
                                                           "Shared Dirtied Blocks": 0,                                               
                                                           "Shared Written Blocks": 0,                                               
                                                           "Local Hit Blocks": 0,                                                    
                                                           "Local Read Blocks": 0,                                                   
                                                           "Local Dirtied Blocks": 0,                                                
                                                           "Local Written Blocks": 0,                                                
                                                           "Temp Read Blocks": 0,                                                    
                                                           "Temp Written Blocks": 0                                                  
                                                         },                                                                          
                                                         {                                                                           
                                                           "Node Type": "Hash",                                                      
                                                           "Parent Relationship": "Inner",                                           
                                                           "Parallel Aware": false,                                                  
                                                           "Startup Cost": 1696.56,                                                  
                                                           "Total Cost": 1696.56,                                                    
                                                           "Plan Rows": 445860,                                                      
                                                           "Plan Width": 25,                                                         
                                                           "Actual Startup Time": 1731.332,                                          
                                                           "Actual Total Time": 1731.333,                                            
                                                           "Actual Rows": 445860,                                                    
                                                           "Actual Loops": 1,                                                        
                                                           "Hash Buckets": 524288,                                                   
                                                           "Original Hash Buckets": 524288,                                          
                                                           "Hash Batches": 1,                                                        
                                                           "Original Hash Batches": 1,                                               
                                                           "Peak Memory Usage": 29580,                                               
                                                           "Shared Hit Blocks": 0,                                                   
                                                           "Shared Read Blocks": 35998,                                              
                                                           "Shared Dirtied Blocks": 0,                                               
                                                           "Shared Written Blocks": 0,                                               
                                                           "Local Hit Blocks": 0,                                                    
                                                           "Local Read Blocks": 0,                                                   
                                                           "Local Dirtied Blocks": 0,                                                
                                                           "Local Written Blocks": 0,                                                
                                                           "Temp Read Blocks": 0,                                                    
                                                           "Temp Written Blocks": 0,                                                 
                                                           "Plans": [                                                                
                                                             {                                                                       
                                                               "Node Type": "Seq Scan",                                              
                                                               "Parent Relationship": "Outer",                                       
                                                               "Parallel Aware": false,                                              
                                                               "Relation Name": "title",                                             
                                                               "Alias": "t2",                                                        
                                                               "Startup Cost": 0.00,                                                 
                                                               "Total Cost": 1696.56,                                                
                                                               "Plan Rows": 445860,                                                  
                                                               "Plan Width": 25,                                                     
                                                               "Actual Startup Time": 22.373,                                        
                                                               "Actual Total Time": 1462.000,                                        
                                                               "Actual Rows": 445860,                                                
                                                               "Actual Loops": 1,                                                    
                                                               "Filter": "((production_year >= 2005) AND (production_year <= 2008))",
                                                               "Rows Removed by Filter": 2082452,                                    
                                                               "Shared Hit Blocks": 0,                                               
                                                               "Shared Read Blocks": 35998,                                          
                                                               "Shared Dirtied Blocks": 0,                                           
                                                               "Shared Written Blocks": 0,                                           
                                                               "Local Hit Blocks": 0,                                                
                                                               "Local Read Blocks": 0,                                               
                                                               "Local Dirtied Blocks": 0,                                            
                                                               "Local Written Blocks": 0,                                            
                                                               "Temp Read Blocks": 0,                                                
                                                               "Temp Written Blocks": 0                                              
                                                             }                                                                       
                                                           ]                                                                         
                                                         }                                                                           
                                                       ]                                                                             
                                                     },                                                                              
                                                     {                                                                               
                                                       "Node Type": "Hash",                                                          
                                                       "Parent Relationship": "Inner",                                               
                                                       "Parallel Aware": false,                                                      
                                                       "Startup Cost": 0.03,                                                         
                                                       "Total Cost": 0.03,                                                           
                                                       "Plan Rows": 1,                                                               
                                                       "Plan Width": 4,                                                              
                                                       "Actual Startup Time": 0.027,                                                 
                                                       "Actual Total Time": 0.028,                                                   
                                                       "Actual Rows": 1,                                                             
                                                       "Actual Loops": 1,                                                            
                                                       "Hash Buckets": 1024,                                                         
                                                       "Original Hash Buckets": 1024,                                                
                                                       "Hash Batches": 1,                                                            
                                                       "Original Hash Batches": 1,                                                   
                                                       "Peak Memory Usage": 9,                                                       
                                                       "Shared Hit Blocks": 1,                                                       
                                                       "Shared Read Blocks": 0,                                                      
                                                       "Shared Dirtied Blocks": 0,                                                   
                                                       "Shared Written Blocks": 0,                                                   
                                                       "Local Hit Blocks": 0,                                                        
                                                       "Local Read Blocks": 0,                                                       
                                                       "Local Dirtied Blocks": 0,                                                    
                                                       "Local Written Blocks": 0,                                                    
                                                       "Temp Read Blocks": 0,                                                        
                                                       "Temp Written Blocks": 0,                                                     
                                                       "Plans": [                                                                    
                                                         {                                                                           
                                                           "Node Type": "Seq Scan",                                                  
                                                           "Parent Relationship": "Outer",                                           
                                                           "Parallel Aware": false,                                                  
                                                           "Relation Name": "kind_type",                                             
                                                           "Alias": "kt2",                                                           
                                                           "Startup Cost": 0.00,                                                     
                                                           "Total Cost": 0.03,                                                       
                                                           "Plan Rows": 1,                                                           
                                                           "Plan Width": 4,                                                          
                                                           "Actual Startup Time": 0.014,                                             
                                                           "Actual Total Time": 0.017,                                               
                                                           "Actual Rows": 1,                                                         
                                                           "Actual Loops": 1,                                                        
                                                           "Filter": "((kind)::text = 'tv series'::text)",                           
                                                           "Rows Removed by Filter": 6,                                              
                                                           "Shared Hit Blocks": 1,                                                   
                                                           "Shared Read Blocks": 0,                                                  
                                                           "Shared Dirtied Blocks": 0,                                               
                                                           "Shared Written Blocks": 0,                                               
                                                           "Local Hit Blocks": 0,                                                    
                                                           "Local Read Blocks": 0,                                                   
                                                           "Local Dirtied Blocks": 0,                                                
                                                           "Local Written Blocks": 0,                                                
                                                           "Temp Read Blocks": 0,                                                    
                                                           "Temp Written Blocks": 0                                                  
                                                         }                                                                           
                                                       ]                                                                             
                                                     }                                                                               
                                                   ]                                                                                 
                                                 },                                                                                  
                                                 {                                                                                   
                                                   "Node Type": "Hash",                                                              
                                                   "Parent Relationship": "Inner",                                                   
                                                   "Parallel Aware": false,                                                          
                                                   "Startup Cost": 2087.91,                                                          
                                                   "Total Cost": 2087.91,                                                            
                                                   "Plan Rows": 145,                                                                 
                                                   "Plan Width": 47,                                                                 
                                                   "Actual Startup Time": 1868.385,                                                  
                                                   "Actual Total Time": 1868.385,                                                    
                                                   "Actual Rows": 20890,                                                             
                                                   "Actual Loops": 1,                                                                
                                                   "Hash Buckets": 32768,                                                            
                                                   "Original Hash Buckets": 1024,                                                    
                                                   "Hash Batches": 1,                                                                
                                                   "Original Hash Batches": 1,                                                       
                                                   "Peak Memory Usage": 1927,                                                        
                                                   "Shared Hit Blocks": 36000,                                                       
                                                   "Shared Read Blocks": 8615,                                                       
                                                   "Shared Dirtied Blocks": 0,                                                       
                                                   "Shared Written Blocks": 0,                                                       
                                                   "Local Hit Blocks": 0,                                                            
                                                   "Local Read Blocks": 0,                                                           
                                                   "Local Dirtied Blocks": 0,                                                        
                                                   "Local Written Blocks": 0,                                                        
                                                   "Temp Read Blocks": 0,                                                            
                                                   "Temp Written Blocks": 0,                                                         
                                                   "Plans": [                                                                        
                                                     {                                                                               
                                                       "Node Type": "Hash Join",                                                     
                                                       "Parent Relationship": "Outer",                                               
                                                       "Parallel Aware": false,                                                      
                                                       "Join Type": "Inner",                                                         
                                                       "Startup Cost": 2077.22,                                                      
                                                       "Total Cost": 2087.91,                                                        
                                                       "Plan Rows": 145,                                                             
                                                       "Plan Width": 47,                                                             
                                                       "Actual Startup Time": 1815.747,                                              
                                                       "Actual Total Time": 1854.795,                                                
                                                       "Actual Rows": 20890,                                                         
                                                       "Actual Loops": 1,                                                            
                                                       "Inner Unique": false,                                                        
                                                       "Hash Cond": "(ml.movie_id = t1.id)",                                         
                                                       "Shared Hit Blocks": 36000,                                                   
                                                       "Shared Read Blocks": 8615,                                                   
                                                       "Shared Dirtied Blocks": 0,                                                   
                                                       "Shared Written Blocks": 0,                                                   
                                                       "Local Hit Blocks": 0,                                                        
                                                       "Local Read Blocks": 0,                                                       
                                                       "Local Dirtied Blocks": 0,                                                    
                                                       "Local Written Blocks": 0,                                                    
                                                       "Temp Read Blocks": 0,                                                        
                                                       "Temp Written Blocks": 0,                                                     
                                                       "Plans": [                                                                    
                                                         {                                                                           
                                                           "Node Type": "Seq Scan",                                                  
                                                           "Parent Relationship": "Outer",                                           
                                                           "Parallel Aware": false,                                                  
                                                           "Relation Name": "movie_link",                                            
                                                           "Alias": "ml",                                                            
                                                           "Startup Cost": 0.00,                                                     
                                                           "Total Cost": 7.19,                                                       
                                                           "Plan Rows": 29997,                                                       
                                                           "Plan Width": 12,                                                         
                                                           "Actual Startup Time": 20.101,                                            
                                                           "Actual Total Time": 38.798,                                              
                                                           "Actual Rows": 29997,                                                     
                                                           "Actual Loops": 1,                                                        
                                                           "Shared Hit Blocks": 0,                                                   
                                                           "Shared Read Blocks": 163,                                                
                                                           "Shared Dirtied Blocks": 0,                                               
                                                           "Shared Written Blocks": 0,                                               
                                                           "Local Hit Blocks": 0,                                                    
                                                           "Local Read Blocks": 0,                                                   
                                                           "Local Dirtied Blocks": 0,                                                
                                                           "Local Written Blocks": 0,                                                
                                                           "Temp Read Blocks": 0,                                                    
                                                           "Temp Written Blocks": 0                                                  
                                                         },                                                                          
                                                         {                                                                           
                                                           "Node Type": "Hash",                                                      
                                                           "Parent Relationship": "Inner",                                           
                                                           "Parallel Aware": false,                                                  
                                                           "Startup Cost": 2075.43,                                                  
                                                           "Total Cost": 2075.43,                                                    
                                                           "Plan Rows": 12213,                                                       
                                                           "Plan Width": 35,                                                         
                                                           "Actual Startup Time": 1795.471,                                          
                                                           "Actual Total Time": 1795.471,                                            
                                                           "Actual Rows": 459925,                                                    
                                                           "Actual Loops": 1,                                                        
                                                           "Hash Buckets": 524288,                                                   
                                                           "Original Hash Buckets": 16384,                                           
                                                           "Hash Batches": 1,                                                        
                                                           "Original Hash Batches": 1,                                               
                                                           "Peak Memory Usage": 34856,                                               
                                                           "Shared Hit Blocks": 36000,                                               
                                                           "Shared Read Blocks": 8452,                                               
                                                           "Shared Dirtied Blocks": 0,                                               
                                                           "Shared Written Blocks": 0,                                               
                                                           "Local Hit Blocks": 0,                                                    
                                                           "Local Read Blocks": 0,                                                   
                                                           "Local Dirtied Blocks": 0,                                                
                                                           "Local Written Blocks": 0,                                                
                                                           "Temp Read Blocks": 0,                                                    
                                                           "Temp Written Blocks": 0,                                                 
                                                           "Plans": [                                                                
                                                             {                                                                       
                                                               "Node Type": "Hash Join",                                             
                                                               "Parent Relationship": "Outer",                                       
                                                               "Parallel Aware": false,                                              
                                                               "Join Type": "Inner",                                                 
                                                               "Startup Cost": 476.18,                                               
                                                               "Total Cost": 2075.43,                                                
                                                               "Plan Rows": 12213,                                                   
                                                               "Plan Width": 35,                                                     
                                                               "Actual Startup Time": 637.303,                                       
                                                               "Actual Total Time": 1643.615,                                        
                                                               "Actual Rows": 459925,                                                
                                                               "Actual Loops": 1,                                                    
                                                               "Inner Unique": false,                                                
                                                               "Hash Cond": "(t1.id = mi_idx.movie_id)",                            
                                                               "Shared Hit Blocks": 36000,                                           
                                                               "Shared Read Blocks": 8452,                                           
                                                               "Shared Dirtied Blocks": 0,                                           
                                                               "Shared Written Blocks": 0,                                           
                                                               "Local Hit Blocks": 0,                                                
                                                               "Local Read Blocks": 0,                                               
                                                               "Local Dirtied Blocks": 0,                                            
                                                               "Local Written Blocks": 0,                                            
                                                               "Temp Read Blocks": 0,                                                
                                                               "Temp Written Blocks": 0,                                             
                                                               "Plans": [                                                            
                                                                 {                                                                   
                                                                   "Node Type": "Seq Scan",                                          
                                                                   "Parent Relationship": "Outer",                                   
                                                                   "Parallel Aware": false,                                          
                                                                   "Relation Name": "title",                                         
                                                                   "Alias": "t1",                                                    
                                                                   "Startup Cost": 0.00,                                             
                                                                   "Total Cost": 1303.96,                                            
                                                                   "Plan Rows": 2528312,                                             
                                                                   "Plan Width": 25,                                                 
                                                                   "Actual Startup Time": 0.013,                                     
                                                                   "Actual Total Time": 197.950,                                     
                                                                   "Actual Rows": 2528312,                                           
                                                                   "Actual Loops": 1,                                                
                                                                   "Shared Hit Blocks": 35998,                                       
                                                                   "Shared Read Blocks": 0,                                          
                                                                   "Shared Dirtied Blocks": 0,                                       
                                                                   "Shared Written Blocks": 0,                                       
                                                                   "Local Hit Blocks": 0,                                            
                                                                   "Local Read Blocks": 0,                                           
                                                                   "Local Dirtied Blocks": 0,                                        
                                                                   "Local Written Blocks": 0,                                        
                                                                   "Temp Read Blocks": 0,                                            
                                                                   "Temp Written Blocks": 0                                          
                                                                 },                                                                  
                                                                 {                                                                   
                                                                   "Node Type": "Hash",                                              
                                                                   "Parent Relationship": "Inner",                                   
                                                                   "Parallel Aware": false,                                          
                                                                   "Startup Cost": 474.39,                                           
                                                                   "Total Cost": 474.39,                                             
                                                                   "Plan Rows": 12213,                                               
                                                                   "Plan Width": 10,                                                 
                                                                   "Actual Startup Time": 637.139,                                   
                                                                   "Actual Total Time": 637.139,                                     
                                                                   "Actual Rows": 459925,                                            
                                                                   "Actual Loops": 1,                                                
                                                                   "Hash Buckets": 524288,                                           
                                                                   "Original Hash Buckets": 16384,                                   
                                                                   "Hash Batches": 1,                                                
                                                                   "Original Hash Batches": 1,                                       
                                                                   "Peak Memory Usage": 22062,                                       
                                                                   "Shared Hit Blocks": 2,                                           
                                                                   "Shared Read Blocks": 8452,                                       
                                                                   "Shared Dirtied Blocks": 0,                                       
                                                                   "Shared Written Blocks": 0,                                       
                                                                   "Local Hit Blocks": 0,                                            
                                                                   "Local Read Blocks": 0,                                           
                                                                   "Local Dirtied Blocks": 0,                                        
                                                                   "Local Written Blocks": 0,                                        
                                                                   "Temp Read Blocks": 0,                                            
                                                                   "Temp Written Blocks": 0,                                         
                                                                   "Plans": [                                                        
                                                                     {                                                               
                                                                       "Node Type": "Hash Join",                                     
                                                                       "Parent Relationship": "Outer",                               
                                                                       "Parallel Aware": false,                                      
                                                                       "Join Type": "Inner",                                         
                                                                       "Startup Cost": 0.05,                                         
                                                                       "Total Cost": 474.39,                                         
                                                                       "Plan Rows": 12213,                                           
                                                                       "Plan Width": 10,                                             
                                                                       "Actual Startup Time": 0.115,                                 
                                                                       "Actual Total Time": 513.886,                                 
                                                                       "Actual Rows": 459925,                                        
                                                                       "Actual Loops": 1,                                            
                                                                       "Inner Unique": true,                                         
                                                                       "Hash Cond": "(mi_idx.info_type_id = it.id)",               
                                                                       "Shared Hit Blocks": 2,                                       
                                                                       "Shared Read Blocks": 8452,                                   
                                                                       "Shared Dirtied Blocks": 0,                                   
                                                                       "Shared Written Blocks": 0,                                   
                                                                       "Local Hit Blocks": 0,                                        
                                                                       "Local Read Blocks": 0,                                       
                                                                       "Local Dirtied Blocks": 0,                                    
                                                                       "Local Written Blocks": 0,                                    
                                                                       "Temp Read Blocks": 0,                                        
                                                                       "Temp Written Blocks": 0,                                     
                                                                       "Plans": [                                                    
                                                                         {                                                           
                                                                           "Node Type": "Seq Scan",                                  
                                                                           "Parent Relationship": "Outer",                           
                                                                           "Parallel Aware": false,                                  
                                                                           "Relation Name": "movie_info_idx",                        
                                                                           "Alias": "mi_idx",                                       
                                                                           "Startup Cost": 0.00,                                     
                                                                           "Total Cost": 360.56,                                     
                                                                           "Plan Rows": 1380035,                                     
                                                                           "Plan Width": 14,                                         
                                                                           "Actual Startup Time": 0.011,                             
                                                                           "Actual Total Time": 211.230,                             
                                                                           "Actual Rows": 1380035,                                   
                                                                           "Actual Loops": 1,                                        
                                                                           "Shared Hit Blocks": 1,                                   
                                                                           "Shared Read Blocks": 8452,                               
                                                                           "Shared Dirtied Blocks": 0,                               
                                                                           "Shared Written Blocks": 0,                               
                                                                           "Local Hit Blocks": 0,                                    
                                                                           "Local Read Blocks": 0,                                   
                                                                           "Local Dirtied Blocks": 0,                                
                                                                           "Local Written Blocks": 0,                                
                                                                           "Temp Read Blocks": 0,                                    
                                                                           "Temp Written Blocks": 0                                  
                                                                         },                                                          
                                                                         {                                                           
                                                                           "Node Type": "Hash",                                      
                                                                           "Parent Relationship": "Inner",                           
                                                                           "Parallel Aware": false,                                  
                                                                           "Startup Cost": 0.05,                                     
                                                                           "Total Cost": 0.05,                                       
                                                                           "Plan Rows": 1,                                           
                                                                           "Plan Width": 4,                                          
                                                                           "Actual Startup Time": 0.069,                             
                                                                           "Actual Total Time": 0.069,                               
                                                                           "Actual Rows": 1,                                         
                                                                           "Actual Loops": 1,                                        
                                                                           "Hash Buckets": 1024,                                     
                                                                           "Original Hash Buckets": 1024,                            
                                                                           "Hash Batches": 1,                                        
                                                                           "Original Hash Batches": 1,                               
                                                                           "Peak Memory Usage": 9,                                   
                                                                           "Shared Hit Blocks": 1,                                   
                                                                           "Shared Read Blocks": 0,                                  
                                                                           "Shared Dirtied Blocks": 0,                               
                                                                           "Shared Written Blocks": 0,                               
                                                                           "Local Hit Blocks": 0,                                    
                                                                           "Local Read Blocks": 0,                                   
                                                                           "Local Dirtied Blocks": 0,                                
                                                                           "Local Written Blocks": 0,                                
                                                                           "Temp Read Blocks": 0,                                    
                                                                           "Temp Written Blocks": 0,                                 
                                                                           "Plans": [                                                
                                                                             {                                                       
                                                                               "Node Type": "Seq Scan",                              
                                                                               "Parent Relationship": "Outer",                       
                                                                               "Parallel Aware": false,                              
                                                                               "Relation Name": "info_type",                         
                                                                               "Alias": "it",                                       
                                                                               "Startup Cost": 0.00,                                 
                                                                               "Total Cost": 0.05,                                   
                                                                               "Plan Rows": 1,                                       
                                                                               "Plan Width": 4,                                      
                                                                               "Actual Startup Time": 0.053,                         
                                                                               "Actual Total Time": 0.060,                           
                                                                               "Actual Rows": 1,                                     
                                                                               "Actual Loops": 1,                                    
                                                                               "Filter": "((info)::text = 'rating'::text)",          
                                                                               "Rows Removed by Filter": 112,                        
                                                                               "Shared Hit Blocks": 1,                               
                                                                               "Shared Read Blocks": 0,                              
                                                                               "Shared Dirtied Blocks": 0,                           
                                                                               "Shared Written Blocks": 0,                           
                                                                               "Local Hit Blocks": 0,                                
                                                                               "Local Read Blocks": 0,                               
                                                                               "Local Dirtied Blocks": 0,                            
                                                                               "Local Written Blocks": 0,                            
                                                                               "Temp Read Blocks": 0,                                
                                                                               "Temp Written Blocks": 0                              
                                                                             }                                                       
                                                                           ]                                                         
                                                                         }                                                           
                                                                       ]                                                             
                                                                     }                                                               
                                                                   ]                                                                 
                                                                 }                                                                   
                                                               ]                                                                     
                                                             }                                                                       
                                                           ]                                                                         
                                                         }                                                                           
                                                       ]                                                                             
                                                     }                                                                               
                                                   ]                                                                                 
                                                 }                                                                                   
                                               ]                                                                                     
                                             },                                                                                      
                                             {                                                                                       
                                               "Node Type": "Hash",                                                                  
                                               "Parent Relationship": "Inner",                                                       
                                               "Parallel Aware": false,                                                              
                                               "Startup Cost": 0.03,                                                                 
                                               "Total Cost": 0.03,                                                                   
                                               "Plan Rows": 3,                                                                       
                                               "Plan Width": 4,                                                                      
                                               "Actual Startup Time": 5.615,                                                         
                                               "Actual Total Time": 5.615,                                                           
                                               "Actual Rows": 2,                                                                     
                                               "Actual Loops": 1,                                                                    
                                               "Hash Buckets": 1024,                                                                 
                                               "Original Hash Buckets": 1024,                                                        
                                               "Hash Batches": 1,                                                                    
                                               "Original Hash Batches": 1,                                                           
                                               "Peak Memory Usage": 9,                                                               
                                               "Shared Hit Blocks": 0,                                                               
                                               "Shared Read Blocks": 1,                                                              
                                               "Shared Dirtied Blocks": 0,                                                           
                                               "Shared Written Blocks": 0,                                                           
                                               "Local Hit Blocks": 0,                                                                
                                               "Local Read Blocks": 0,                                                               
                                               "Local Dirtied Blocks": 0,                                                            
                                               "Local Written Blocks": 0,                                                            
                                               "Temp Read Blocks": 0,                                                                
                                               "Temp Written Blocks": 0,                                                             
                                               "Plans": [                                                                            
                                                 {                                                                                   
                                                   "Node Type": "Seq Scan",                                                          
                                                   "Parent Relationship": "Outer",                                                   
                                                   "Parallel Aware": false,                                                          
                                                   "Relation Name": "link_type",                                                     
                                                   "Alias": "lt",                                                                    
                                                   "Startup Cost": 0.00,                                                             
                                                   "Total Cost": 0.03,                                                               
                                                   "Plan Rows": 3,                                                                   
                                                   "Plan Width": 4,                                                                  
                                                   "Actual Startup Time": 5.588,                                                     
                                                   "Actual Total Time": 5.603,                                                       
                                                   "Actual Rows": 2,                                                                 
                                                   "Actual Loops": 1,                                                                
                                                   "Filter": "((link)::text = ANY ('{sequel,follows,\"followed by\"}'::text[]))",    
                                                   "Rows Removed by Filter": 16,                                                     
                                                   "Shared Hit Blocks": 0,                                                           
                                                   "Shared Read Blocks": 1,                                                          
                                                   "Shared Dirtied Blocks": 0,                                                       
                                                   "Shared Written Blocks": 0,                                                       
                                                   "Local Hit Blocks": 0,                                                            
                                                   "Local Read Blocks": 0,                                                           
                                                   "Local Dirtied Blocks": 0,                                                        
                                                   "Local Written Blocks": 0,                                                        
                                                   "Temp Read Blocks": 0,                                                            
                                                   "Temp Written Blocks": 0                                                          
                                                 }                                                                                   
                                               ]                                                                                     
                                             }                                                                                       
                                           ]                                                                                         
                                         }                                                                                           
                                       ]                                                                                             
                                     }                                                                                               
                                   ]                                                                                                 
                                 },                                                                                                  
                                 {                                                                                                   
                                   "Node Type": "Hash",                                                                              
                                   "Parent Relationship": "Inner",                                                                   
                                   "Parallel Aware": false,                                                                          
                                   "Startup Cost": 110.16,                                                                           
                                   "Total Cost": 110.16,                                                                             
                                   "Plan Rows": 234997,                                                                              
                                   "Plan Width": 23,                                                                                 
                                   "Actual Startup Time": 114.869,                                                                   
                                   "Actual Total Time": 114.869,                                                                     
                                   "Actual Rows": 234997,                                                                            
                                   "Actual Loops": 1,                                                                                
                                   "Hash Buckets": 262144,                                                                           
                                   "Original Hash Buckets": 262144,                                                                  
                                   "Hash Batches": 1,                                                                                
                                   "Original Hash Batches": 1,                                                                       
                                   "Peak Memory Usage": 15097,                                                                       
                                   "Shared Hit Blocks": 2994,                                                                        
                                   "Shared Read Blocks": 0,                                                                          
                                   "Shared Dirtied Blocks": 0,                                                                       
                                   "Shared Written Blocks": 0,                                                                       
                                   "Local Hit Blocks": 0,                                                                            
                                   "Local Read Blocks": 0,                                                                           
                                   "Local Dirtied Blocks": 0,                                                                        
                                   "Local Written Blocks": 0,                                                                        
                                   "Temp Read Blocks": 0,                                                                            
                                   "Temp Written Blocks": 0,                                                                         
                                   "Plans": [                                                                                        
                                     {                                                                                               
                                       "Node Type": "Seq Scan",                                                                      
                                       "Parent Relationship": "Outer",                                                               
                                       "Parallel Aware": false,                                                                      
                                       "Relation Name": "company_name",                                                              
                                       "Alias": "cn",                                                                               
                                       "Startup Cost": 0.00,                                                                         
                                       "Total Cost": 110.16,                                                                         
                                       "Plan Rows": 234997,                                                                          
                                       "Plan Width": 23,                                                                             
                                       "Actual Startup Time": 0.014,                                                                 
                                       "Actual Total Time": 49.532,                                                                  
                                       "Actual Rows": 234997,                                                                        
                                       "Actual Loops": 1,                                                                            
                                       "Shared Hit Blocks": 2994,                                                                    
                                       "Shared Read Blocks": 0,                                                                      
                                       "Shared Dirtied Blocks": 0,                                                                   
                                       "Shared Written Blocks": 0,                                                                   
                                       "Local Hit Blocks": 0,                                                                        
                                       "Local Read Blocks": 0,                                                                       
                                       "Local Dirtied Blocks": 0,                                                                    
                                       "Local Written Blocks": 0,                                                                    
                                       "Temp Read Blocks": 0,                                                                        
                                       "Temp Written Blocks": 0                                                                      
                                     }                                                                                               
                                   ]                                                                                                 
                                 }                                                                                                   
                               ]                                                                                                     
                             },                                                                                                      
                             {                                                                                                       
                               "Node Type": "Hash",                                                                                  
                               "Parent Relationship": "Inner",                                                                       
                               "Parallel Aware": false,                                                                              
                               "Startup Cost": 0.05,                                                                                 
                               "Total Cost": 0.05,                                                                                   
                               "Plan Rows": 1,                                                                                       
                               "Plan Width": 4,                                                                                      
                               "Actual Startup Time": 1.583,                                                                         
                               "Actual Total Time": 1.583,                                                                           
                               "Actual Rows": 1,                                                                                     
                               "Actual Loops": 1,                                                                                    
                               "Hash Buckets": 1024,                                                                                 
                               "Original Hash Buckets": 1024,                                                                        
                               "Hash Batches": 1,                                                                                    
                               "Original Hash Batches": 1,                                                                           
                               "Peak Memory Usage": 9,                                                                               
                               "Shared Hit Blocks": 0,                                                                               
                               "Shared Read Blocks": 1,                                                                              
                               "Shared Dirtied Blocks": 0,                                                                           
                               "Shared Written Blocks": 0,                                                                           
                               "Local Hit Blocks": 0,                                                                                
                               "Local Read Blocks": 0,                                                                               
                               "Local Dirtied Blocks": 0,                                                                            
                               "Local Written Blocks": 0,                                                                            
                               "Temp Read Blocks": 0,                                                                                
                               "Temp Written Blocks": 0,                                                                             
                               "Plans": [                                                                                            
                                 {                                                                                                   
                                   "Node Type": "Seq Scan",                                                                          
                                   "Parent Relationship": "Outer",                                                                   
                                   "Parallel Aware": false,                                                                          
                                   "Relation Name": "info_type",                                                                     
                                   "Alias": "it",                                                                                   
                                   "Startup Cost": 0.00,                                                                             
                                   "Total Cost": 0.05,                                                                               
                                   "Plan Rows": 1,                                                                                   
                                   "Plan Width": 4,                                                                                  
                                   "Actual Startup Time": 1.561,                                                                     
                                   "Actual Total Time": 1.567,                                                                       
                                   "Actual Rows": 1,                                                                                 
                                   "Actual Loops": 1,                                                                                
                                   "Filter": "((info)::text = 'rating'::text)",                                                      
                                   "Rows Removed by Filter": 112,                                                                    
                                   "Shared Hit Blocks": 0,                                                                           
                                   "Shared Read Blocks": 1,                                                                          
                                   "Shared Dirtied Blocks": 0,                                                                       
                                   "Shared Written Blocks": 0,                                                                       
                                   "Local Hit Blocks": 0,                                                                            
                                   "Local Read Blocks": 0,                                                                           
                                   "Local Dirtied Blocks": 0,                                                                        
                                   "Local Written Blocks": 0,                                                                        
                                   "Temp Read Blocks": 0,                                                                            
                                   "Temp Written Blocks": 0                                                                          
                                 }                                                                                                   
                               ]                                                                                                     
                             }                                                                                                       
                           ]                                                                                                         
                         },                                                                                                          
                         {                                                                                                           
                           "Node Type": "Hash",                                                                                      
                           "Parent Relationship": "Inner",                                                                           
                           "Parallel Aware": false,                                                                                  
                           "Startup Cost": 0.03,                                                                                     
                           "Total Cost": 0.03,                                                                                       
                           "Plan Rows": 1,                                                                                           
                           "Plan Width": 4,                                                                                          
                           "Actual Startup Time": 24.849,                                                                            
                           "Actual Total Time": 24.849,                                                                              
                           "Actual Rows": 1,                                                                                         
                           "Actual Loops": 1,                                                                                        
                           "Hash Buckets": 1024,                                                                                     
                           "Original Hash Buckets": 1024,                                                                            
                           "Hash Batches": 1,                                                                                        
                           "Original Hash Batches": 1,                                                                               
                           "Peak Memory Usage": 9,                                                                                   
                           "Shared Hit Blocks": 0,                                                                                   
                           "Shared Read Blocks": 1,                                                                                  
                           "Shared Dirtied Blocks": 0,                                                                               
                           "Shared Written Blocks": 0,                                                                               
                           "Local Hit Blocks": 0,                                                                                    
                           "Local Read Blocks": 0,                                                                                   
                           "Local Dirtied Blocks": 0,                                                                                
                           "Local Written Blocks": 0,                                                                                
                           "Temp Read Blocks": 0,                                                                                    
                           "Temp Written Blocks": 0,                                                                                 
                           "Plans": [                                                                                                
                             {                                                                                                       
                               "Node Type": "Seq Scan",                                                                              
                               "Parent Relationship": "Outer",                                                                       
                               "Parallel Aware": false,                                                                              
                               "Relation Name": "kind_type",                                                                         
                               "Alias": "kt1",                                                                                       
                               "Startup Cost": 0.00,                                                                                 
                               "Total Cost": 0.03,                                                                                   
                               "Plan Rows": 1,                                                                                       
                               "Plan Width": 4,                                                                                      
                               "Actual Startup Time": 24.833,                                                                        
                               "Actual Total Time": 24.838,                                                                          
                               "Actual Rows": 1,                                                                                     
                               "Actual Loops": 1,                                                                                    
                               "Filter": "((kind)::text = 'tv series'::text)",                                                       
                               "Rows Removed by Filter": 6,                                                                          
                               "Shared Hit Blocks": 0,                                                                               
                               "Shared Read Blocks": 1,                                                                              
                               "Shared Dirtied Blocks": 0,                                                                           
                               "Shared Written Blocks": 0,                                                                           
                               "Local Hit Blocks": 0,                                                                                
                               "Local Read Blocks": 0,                                                                               
                               "Local Dirtied Blocks": 0,                                                                            
                               "Local Written Blocks": 0,                                                                            
                               "Temp Read Blocks": 0,                                                                                
                               "Temp Written Blocks": 0                                                                              
                             }                                                                                                       
                           ]                                                                                                         
                         }                                                                                                           
                       ]                                                                                                             
                     }                                                                                                               
                   ]                                                                                                                 
                 }                                                                                                                   
               ]                                                                                                                     
             },                                                                                                                      
             {                                                                                                                       
               "Node Type": "Hash",                                                                                                  
               "Parent Relationship": "Inner",                                                                                       
               "Parallel Aware": false,                                                                                              
               "Startup Cost": 128.41,                                                                                               
               "Total Cost": 128.41,                                                                                                 
               "Plan Rows": 84843,                                                                                                   
               "Plan Width": 23,                                                                                                     
               "Actual Startup Time": 212.605,                                                                                       
               "Actual Total Time": 212.605,                                                                                         
               "Actual Rows": 84843,                                                                                                 
               "Actual Loops": 1,                                                                                                    
               "Hash Buckets": 131072,                                                                                               
               "Original Hash Buckets": 131072,                                                                                      
               "Hash Batches": 1,                                                                                                    
               "Original Hash Batches": 1,                                                                                           
               "Peak Memory Usage": 5810,                                                                                            
               "Shared Hit Blocks": 0,                                                                                               
               "Shared Read Blocks": 2994,                                                                                           
               "Shared Dirtied Blocks": 0,                                                                                           
               "Shared Written Blocks": 0,                                                                                           
               "Local Hit Blocks": 0,                                                                                                
               "Local Read Blocks": 0,                                                                                               
               "Local Dirtied Blocks": 0,                                                                                            
               "Local Written Blocks": 0,                                                                                            
               "Temp Read Blocks": 0,                                                                                                
               "Temp Written Blocks": 0,                                                                                             
               "Plans": [                                                                                                            
                 {                                                                                                                   
                   "Node Type": "Seq Scan",                                                                                          
                   "Parent Relationship": "Outer",                                                                                   
                   "Parallel Aware": false,                                                                                          
                   "Relation Name": "company_name",                                                                                  
                   "Alias": "cn",                                                                                                   
                   "Startup Cost": 0.00,                                                                                             
                   "Total Cost": 128.41,                                                                                             
                   "Plan Rows": 84843,                                                                                               
                   "Plan Width": 23,                                                                                                 
                   "Actual Startup Time": 76.940,                                                                                    
                   "Actual Total Time": 177.347,                                                                                     
                   "Actual Rows": 84843,                                                                                             
                   "Actual Loops": 1,                                                                                                
                   "Filter": "((country_code)::text = '[us]'::text)",                                                                
                   "Rows Removed by Filter": 150154,                                                                                 
                   "Shared Hit Blocks": 0,                                                                                           
                   "Shared Read Blocks": 2994,                                                                                       
                   "Shared Dirtied Blocks": 0,                                                                                       
                   "Shared Written Blocks": 0,                                                                                       
                   "Local Hit Blocks": 0,                                                                                            
                   "Local Read Blocks": 0,                                                                                           
                   "Local Dirtied Blocks": 0,                                                                                        
                   "Local Written Blocks": 0,                                                                                        
                   "Temp Read Blocks": 0,                                                                                            
                   "Temp Written Blocks": 0                                                                                          
                 }                                                                                                                   
               ]                                                                                                                     
             }                                                                                                                       
           ]                                                                                                                         
         }                                                                                                                           
       ]                                                                                                                             
     },                                                                                                                              
     "Planning Time": 5730.124,                                                                                                      
     "Triggers": [                                                                                                                   
     ],                                                                                                                              
     "Execution Time": 5811.793                                                                                                      
