     "Plan": {                                                           
       "Node Type": "Aggregate",                                         
       "Strategy": "Plain",                                              
       "Partial Mode": "Simple",                                         
       "Parallel Aware": false,                                          
       "Startup Cost": 10312.06,                                         
       "Total Cost": 10312.06,                                           
       "Plan Rows": 1,                                                   
       "Plan Width": 32,                                                 
       "Actual Startup Time": 11554.957,                                 
       "Actual Total Time": 11554.957,                                   
       "Actual Rows": 1,                                                 
       "Actual Loops": 1,                                                
       "Shared Hit Blocks": 3,                                           
       "Shared Read Blocks": 223293,                                     
       "Shared Dirtied Blocks": 0,                                       
       "Shared Written Blocks": 0,                                       
       "Local Hit Blocks": 0,                                            
       "Local Read Blocks": 0,                                           
       "Local Dirtied Blocks": 0,                                        
       "Local Written Blocks": 0,                                        
       "Temp Read Blocks": 0,                                            
       "Temp Written Blocks": 0,                                         
       "Plans": [                                                        
         {                                                               
           "Node Type": "Hash Join",                                     
           "Parent Relationship": "Outer",                               
           "Parallel Aware": false,                                      
           "Join Type": "Inner",                                         
           "Startup Cost": 3056.10,                                      
           "Total Cost": 10312.06,                                       
           "Plan Rows": 2,                                               
           "Plan Width": 17,                                             
           "Actual Startup Time": 3752.643,                              
           "Actual Total Time": 11554.934,                               
           "Actual Rows": 5,                                             
           "Actual Loops": 1,                                            
           "Inner Unique": false,                                        
           "Hash Cond": "(mi.movie_id = t.id)",                          
           "Shared Hit Blocks": 3,                                       
           "Shared Read Blocks": 223293,                                 
           "Shared Dirtied Blocks": 0,                                   
           "Shared Written Blocks": 0,                                   
           "Local Hit Blocks": 0,                                        
           "Local Read Blocks": 0,                                       
           "Local Dirtied Blocks": 0,                                    
           "Local Written Blocks": 0,                                    
           "Temp Read Blocks": 0,                                        
           "Temp Written Blocks": 0,                                     
           "Plans": [                                                    
             {                                                           
               "Node Type": "Seq Scan",                                  
               "Parent Relationship": "Outer",                           
               "Parallel Aware": false,                                  
               "Relation Name": "movie_info",                            
               "Alias": "mi",                                            
               "Startup Cost": 0.00,                                     
               "Total Cost": 7255.68,                                    
               "Plan Rows": 2428,                                        
               "Plan Width": 4,                                          
               "Actual Startup Time": 355.698,                           
               "Actual Total Time": 8291.914,                            
               "Actual Rows": 2287,                                      
               "Actual Loops": 1,                                        
               "Filter": "(info = 'Bulgaria'::text)",                    
               "Rows Removed by Filter": 14833433,                       
               "Shared Hit Blocks": 0,                                   
               "Shared Read Blocks": 161892,                             
               "Shared Dirtied Blocks": 0,                               
               "Shared Written Blocks": 0,                               
               "Local Hit Blocks": 0,                                    
               "Local Read Blocks": 0,                                   
               "Local Dirtied Blocks": 0,                                
               "Local Written Blocks": 0,                                
               "Temp Read Blocks": 0,                                    
               "Temp Written Blocks": 0                                  
             },                                                          
             {                                                           
               "Node Type": "Hash",                                      
               "Parent Relationship": "Inner",                           
               "Parallel Aware": false,                                  
               "Startup Cost": 3056.05,                                  
               "Total Cost": 3056.05,                                    
               "Plan Rows": 350,                                         
               "Plan Width": 25,                                         
               "Actual Startup Time": 3261.894,                          
               "Actual Total Time": 3261.894,                            
               "Actual Rows": 405,                                       
               "Actual Loops": 1,                                        
               "Hash Buckets": 1024,                                     
               "Original Hash Buckets": 1024,                            
               "Hash Batches": 1,                                        
               "Original Hash Batches": 1,                               
               "Peak Memory Usage": 35,                                  
               "Shared Hit Blocks": 0,                                   
               "Shared Read Blocks": 61401,                              
               "Shared Dirtied Blocks": 0,                               
               "Shared Written Blocks": 0,                               
               "Local Hit Blocks": 0,                                    
               "Local Read Blocks": 0,                                   
               "Local Dirtied Blocks": 0,                                
               "Local Written Blocks": 0,                                
               "Temp Read Blocks": 0,                                    
               "Temp Written Blocks": 0,                                 
               "Plans": [                                                
                 {                                                       
                   "Node Type": "Hash Join",                             
                   "Parent Relationship": "Outer",                       
                   "Parallel Aware": false,                              
                   "Join Type": "Inner",                                 
                   "Startup Cost": 1607.22,                              
                   "Total Cost": 3056.05,                                
                   "Plan Rows": 350,                                     
                   "Plan Width": 25,                                     
                   "Actual Startup Time": 1922.006,                      
                   "Actual Total Time": 3261.596,                        
                   "Actual Rows": 405,                                   
                   "Actual Loops": 1,                                    
                   "Inner Unique": true,                                 
                   "Hash Cond": "(mk.movie_id = t.id)",                  
                   "Shared Hit Blocks": 0,                               
                   "Shared Read Blocks": 61401,                          
                   "Shared Dirtied Blocks": 0,                           
                   "Shared Written Blocks": 0,                           
                   "Local Hit Blocks": 0,                                
                   "Local Read Blocks": 0,                               
                   "Local Dirtied Blocks": 0,                            
                   "Local Written Blocks": 0,                            
                   "Temp Read Blocks": 0,                                
                   "Temp Written Blocks": 0,                             
                   "Plans": [                                            
                     {                                                   
                       "Node Type": "Hash Join",                         
                       "Parent Relationship": "Outer",                   
                       "Parallel Aware": false,                          
                       "Join Type": "Inner",                             
                       "Startup Cost": 49.47,                            
                       "Total Cost": 1498.11,                            
                       "Plan Rows": 2259,                                
                       "Plan Width": 4,                                  
                       "Actual Startup Time": 95.273,                    
                       "Actual Total Time": 1512.095,                    
                       "Actual Rows": 12951,                             
                       "Actual Loops": 1,                                
                       "Inner Unique": true,                             
                       "Hash Cond": "(mk.keyword_id = k.id)",            
                       "Shared Hit Blocks": 0,                           
                       "Shared Read Blocks": 25403,                      
                       "Shared Dirtied Blocks": 0,                       
                       "Shared Written Blocks": 0,                       
                       "Local Hit Blocks": 0,                            
                       "Local Read Blocks": 0,                           
                       "Local Dirtied Blocks": 0,                        
                       "Local Written Blocks": 0,                        
                       "Temp Read Blocks": 0,                            
                       "Temp Written Blocks": 0,                         
                       "Plans": [                                        
                         {                                               
                           "Node Type": "Seq Scan",                      
                           "Parent Relationship": "Outer",               
                           "Parallel Aware": false,                      
                           "Relation Name": "movie_keyword",             
                           "Alias": "mk",                                
                           "Startup Cost": 0.00,                         
                           "Total Cost": 1079.84,                        
                           "Plan Rows": 4523930,                         
                           "Plan Width": 8,                              
                           "Actual Startup Time": 3.578,                 
                           "Actual Total Time": 775.922,                 
                           "Actual Rows": 4523930,                       
                           "Actual Loops": 1,                            
                           "Shared Hit Blocks": 0,                       
                           "Shared Read Blocks": 24454,                  
                           "Shared Dirtied Blocks": 0,                   
                           "Shared Written Blocks": 0,                   
                           "Local Hit Blocks": 0,                        
                           "Local Read Blocks": 0,                       
                           "Local Dirtied Blocks": 0,                    
                           "Local Written Blocks": 0,                    
                           "Temp Read Blocks": 0,                        
                           "Temp Written Blocks": 0                      
                         },                                              
                         {                                               
                           "Node Type": "Hash",                          
                           "Parent Relationship": "Inner",               
                           "Parallel Aware": false,                      
                           "Startup Cost": 49.46,                        
                           "Total Cost": 49.46,                          
                           "Plan Rows": 67,                              
                           "Plan Width": 4,                              
                           "Actual Startup Time": 91.472,                
                           "Actual Total Time": 91.472,                  
                           "Actual Rows": 30,                            
                           "Actual Loops": 1,                            
                           "Hash Buckets": 1024,                         
                           "Original Hash Buckets": 1024,                
                           "Hash Batches": 1,                            
                           "Original Hash Batches": 1,                   
                           "Peak Memory Usage": 10,                      
                           "Shared Hit Blocks": 0,                       
                           "Shared Read Blocks": 949,                    
                           "Shared Dirtied Blocks": 0,                   
                           "Shared Written Blocks": 0,                   
                           "Local Hit Blocks": 0,                        
                           "Local Read Blocks": 0,                       
                           "Local Dirtied Blocks": 0,                    
                           "Local Written Blocks": 0,                    
                           "Temp Read Blocks": 0,                        
                           "Temp Written Blocks": 0,                     
                           "Plans": [                                    
                             {                                           
                               "Node Type": "Seq Scan",                  
                               "Parent Relationship": "Outer",           
                               "Parallel Aware": false,                  
                               "Relation Name": "keyword",               
                               "Alias": "k",                             
                               "Startup Cost": 0.00,                     
                               "Total Cost": 49.46,                      
                               "Plan Rows": 67,                          
                               "Plan Width": 4,                          
                               "Actual Startup Time": 31.594,            
                               "Actual Total Time": 91.434,              
                               "Actual Rows": 30,                        
                               "Actual Loops": 1,                        
                               "Filter": "(keyword ~~ '%sequel%'::text)",
                               "Rows Removed by Filter": 134140,         
                               "Shared Hit Blocks": 0,                   
                               "Shared Read Blocks": 949,                
                               "Shared Dirtied Blocks": 0,               
                               "Shared Written Blocks": 0,               
                               "Local Hit Blocks": 0,                    
                               "Local Read Blocks": 0,                   
                               "Local Dirtied Blocks": 0,                
                               "Local Written Blocks": 0,                
                               "Temp Read Blocks": 0,                    
                               "Temp Written Blocks": 0                  
                             }                                           
                           ]                                             
                         }                                               
                       ]                                                 
                     },                                                  
                     {                                                   
                       "Node Type": "Hash",                              
                       "Parent Relationship": "Inner",                   
                       "Parallel Aware": false,                          
                       "Startup Cost": 1500.26,                          
                       "Total Cost": 1500.26,                            
                       "Plan Rows": 391667,                              
                       "Plan Width": 21,                                 
                       "Actual Startup Time": 1743.528,                  
                       "Actual Total Time": 1743.528,                    
                       "Actual Rows": 391666,                            
                       "Actual Loops": 1,                                
                       "Hash Buckets": 524288,                           
                       "Original Hash Buckets": 524288,                  
                       "Hash Batches": 1,                                
                       "Original Hash Batches": 1,                       
                       "Peak Memory Usage": 25255,                       
                       "Shared Hit Blocks": 0,                           
                       "Shared Read Blocks": 35998,                      
                       "Shared Dirtied Blocks": 0,                       
                       "Shared Written Blocks": 0,                       
                       "Local Hit Blocks": 0,                            
                       "Local Read Blocks": 0,                           
                       "Local Dirtied Blocks": 0,                        
                       "Local Written Blocks": 0,                        
                       "Temp Read Blocks": 0,                            
                       "Temp Written Blocks": 0,                         
                       "Plans": [                                        
                         {                                               
                           "Node Type": "Seq Scan",                      
                           "Parent Relationship": "Outer",               
                           "Parallel Aware": false,                      
                           "Relation Name": "title",                     
                           "Alias": "t",                                 
                           "Startup Cost": 0.00,                         
                           "Total Cost": 1500.26,                        
                           "Plan Rows": 391667,                          
                           "Plan Width": 21,                             
                           "Actual Startup Time": 36.012,                
                           "Actual Total Time": 1528.706,                
                           "Actual Rows": 391666,                        
                           "Actual Loops": 1,                            
                           "Filter": "(production_year > 2010)",         
                           "Rows Removed by Filter": 2136646,            
                           "Shared Hit Blocks": 0,                       
                           "Shared Read Blocks": 35998,                  
                           "Shared Dirtied Blocks": 0,                   
                           "Shared Written Blocks": 0,                   
                           "Local Hit Blocks": 0,                        
                           "Local Read Blocks": 0,                       
                           "Local Dirtied Blocks": 0,                    
                           "Local Written Blocks": 0,                    
                           "Temp Read Blocks": 0,                        
                           "Temp Written Blocks": 0                      
                         }                                               
                       ]                                                 
                     }                                                   
                   ]                                                     
                 }                                                       
               ]                                                         
             }                                                           
           ]                                                             
         }                                                               
       ]                                                                 
     },                                                                  
     "Planning Time": 1821.016,                                          
     "Triggers": [                                                       
     ],                                                                  
     "Execution Time": 11579.704                                         
