     "Plan": {                                                                                                                   
       "Node Type": "Aggregate",                                                                                                 
       "Strategy": "Plain",                                                                                                      
       "Partial Mode": "Simple",                                                                                                 
       "Parallel Aware": false,                                                                                                  
       "Startup Cost": 15200.98,                                                                                                 
       "Total Cost": 15200.98,                                                                                                   
       "Plan Rows": 1,                                                                                                           
       "Plan Width": 32,                                                                                                         
       "Actual Startup Time": 11677.365,                                                                                         
       "Actual Total Time": 11677.365,                                                                                           
       "Actual Rows": 1,                                                                                                         
       "Actual Loops": 1,                                                                                                        
       "Shared Hit Blocks": 3,                                                                                                   
       "Shared Read Blocks": 223293,                                                                                             
       "Shared Dirtied Blocks": 0,                                                                                               
       "Shared Written Blocks": 0,                                                                                               
       "Local Hit Blocks": 0,                                                                                                    
       "Local Read Blocks": 0,                                                                                                   
       "Local Dirtied Blocks": 0,                                                                                                
       "Local Written Blocks": 0,                                                                                                
       "Temp Read Blocks": 0,                                                                                                    
       "Temp Written Blocks": 0,                                                                                                 
       "Plans": [                                                                                                                
         {                                                                                                                       
           "Node Type": "Hash Join",                                                                                             
           "Parent Relationship": "Outer",                                                                                       
           "Parallel Aware": false,                                                                                              
           "Join Type": "Inner",                                                                                                 
           "Startup Cost": 3255.51,                                                                                              
           "Total Cost": 15200.75,                                                                                               
           "Plan Rows": 2873,                                                                                                    
           "Plan Width": 17,                                                                                                     
           "Actual Startup Time": 3342.147,                                                                                      
           "Actual Total Time": 11662.200,                                                                                       
           "Actual Rows": 7250,                                                                                                  
           "Actual Loops": 1,                                                                                                    
           "Inner Unique": false,                                                                                                
           "Hash Cond": "(mi.movie_id = t.id)",                                                                                  
           "Shared Hit Blocks": 3,                                                                                               
           "Shared Read Blocks": 223293,                                                                                         
           "Shared Dirtied Blocks": 0,                                                                                           
           "Shared Written Blocks": 0,                                                                                           
           "Local Hit Blocks": 0,                                                                                                
           "Local Read Blocks": 0,                                                                                               
           "Local Dirtied Blocks": 0,                                                                                            
           "Local Written Blocks": 0,                                                                                            
           "Temp Read Blocks": 0,                                                                                                
           "Temp Written Blocks": 0,                                                                                             
           "Plans": [                                                                                                            
             {                                                                                                                   
               "Node Type": "Seq Scan",                                                                                          
               "Parent Relationship": "Outer",                                                                                   
               "Parallel Aware": false,                                                                                          
               "Relation Name": "movie_info",                                                                                    
               "Alias": "mi",                                                                                                    
               "Startup Cost": 0.00,                                                                                             
               "Total Cost": 11863.04,                                                                                           
               "Plan Rows": 705579,                                                                                              
               "Plan Width": 4,                                                                                                  
               "Actual Startup Time": 54.456,                                                                                    
               "Actual Total Time": 8280.011,                                                                                    
               "Actual Rows": 706674,                                                                                            
               "Actual Loops": 1,                                                                                                
               "Filter": "(info = ANY ('{Sweden,Norway,Germany,Denmark,Swedish,Denish,Norwegian,German,USA,American}'::text[]))",
               "Rows Removed by Filter": 14129046,                                                                               
               "Shared Hit Blocks": 0,                                                                                           
               "Shared Read Blocks": 161892,                                                                                     
               "Shared Dirtied Blocks": 0,                                                                                       
               "Shared Written Blocks": 0,                                                                                       
               "Local Hit Blocks": 0,                                                                                            
               "Local Read Blocks": 0,                                                                                           
               "Local Dirtied Blocks": 0,                                                                                        
               "Local Written Blocks": 0,                                                                                        
               "Temp Read Blocks": 0,                                                                                            
               "Temp Written Blocks": 0                                                                                          
             },                                                                                                                  
             {                                                                                                                   
               "Node Type": "Hash",                                                                                              
               "Parent Relationship": "Inner",                                                                                   
               "Parallel Aware": false,                                                                                          
               "Startup Cost": 3255.28,                                                                                          
               "Total Cost": 3255.28,                                                                                            
               "Plan Rows": 1563,                                                                                                
               "Plan Width": 25,                                                                                                 
               "Actual Startup Time": 3274.635,                                                                                  
               "Actual Total Time": 3274.635,                                                                                    
               "Actual Rows": 7874,                                                                                              
               "Actual Loops": 1,                                                                                                
               "Hash Buckets": 8192,                                                                                             
               "Original Hash Buckets": 2048,                                                                                    
               "Hash Batches": 1,                                                                                                
               "Original Hash Batches": 1,                                                                                       
               "Peak Memory Usage": 571,                                                                                         
               "Shared Hit Blocks": 0,                                                                                           
               "Shared Read Blocks": 61401,                                                                                      
               "Shared Dirtied Blocks": 0,                                                                                       
               "Shared Written Blocks": 0,                                                                                       
               "Local Hit Blocks": 0,                                                                                            
               "Local Read Blocks": 0,                                                                                           
               "Local Dirtied Blocks": 0,                                                                                        
               "Local Written Blocks": 0,                                                                                        
               "Temp Read Blocks": 0,                                                                                            
               "Temp Written Blocks": 0,                                                                                         
               "Plans": [                                                                                                        
                 {                                                                                                               
                   "Node Type": "Hash Join",                                                                                     
                   "Parent Relationship": "Outer",                                                                               
                   "Parallel Aware": false,                                                                                      
                   "Join Type": "Inner",                                                                                         
                   "Startup Cost": 1806.46,                                                                                      
                   "Total Cost": 3255.28,                                                                                        
                   "Plan Rows": 1563,                                                                                            
                   "Plan Width": 25,                                                                                             
                   "Actual Startup Time": 1838.754,                                                                              
                   "Actual Total Time": 3271.430,                                                                                
                   "Actual Rows": 7874,                                                                                          
                   "Actual Loops": 1,                                                                                            
                   "Inner Unique": true,                                                                                         
                   "Hash Cond": "(mk.movie_id = t.id)",                                                                          
                   "Shared Hit Blocks": 0,                                                                                       
                   "Shared Read Blocks": 61401,                                                                                  
                   "Shared Dirtied Blocks": 0,                                                                                   
                   "Shared Written Blocks": 0,                                                                                   
                   "Local Hit Blocks": 0,                                                                                        
                   "Local Read Blocks": 0,                                                                                       
                   "Local Dirtied Blocks": 0,                                                                                    
                   "Local Written Blocks": 0,                                                                                    
                   "Temp Read Blocks": 0,                                                                                        
                   "Temp Written Blocks": 0,                                                                                     
                   "Plans": [                                                                                                    
                     {                                                                                                           
                       "Node Type": "Hash Join",                                                                                 
                       "Parent Relationship": "Outer",                                                                           
                       "Parallel Aware": false,                                                                                  
                       "Join Type": "Inner",                                                                                     
                       "Startup Cost": 49.47,                                                                                    
                       "Total Cost": 1498.11,                                                                                    
                       "Plan Rows": 2259,                                                                                        
                       "Plan Width": 4,                                                                                          
                       "Actual Startup Time": 102.270,                                                                           
                       "Actual Total Time": 1527.598,                                                                            
                       "Actual Rows": 12951,                                                                                     
                       "Actual Loops": 1,                                                                                        
                       "Inner Unique": true,                                                                                     
                       "Hash Cond": "(mk.keyword_id = k.id)",                                                                    
                       "Shared Hit Blocks": 0,                                                                                   
                       "Shared Read Blocks": 25403,                                                                              
                       "Shared Dirtied Blocks": 0,                                                                               
                       "Shared Written Blocks": 0,                                                                               
                       "Local Hit Blocks": 0,                                                                                    
                       "Local Read Blocks": 0,                                                                                   
                       "Local Dirtied Blocks": 0,                                                                                
                       "Local Written Blocks": 0,                                                                                
                       "Temp Read Blocks": 0,                                                                                    
                       "Temp Written Blocks": 0,                                                                                 
                       "Plans": [                                                                                                
                         {                                                                                                       
                           "Node Type": "Seq Scan",                                                                              
                           "Parent Relationship": "Outer",                                                                       
                           "Parallel Aware": false,                                                                              
                           "Relation Name": "movie_keyword",                                                                     
                           "Alias": "mk",                                                                                        
                           "Startup Cost": 0.00,                                                                                 
                           "Total Cost": 1079.84,                                                                                
                           "Plan Rows": 4523930,                                                                                 
                           "Plan Width": 8,                                                                                      
                           "Actual Startup Time": 10.518,                                                                        
                           "Actual Total Time": 782.638,                                                                         
                           "Actual Rows": 4523930,                                                                               
                           "Actual Loops": 1,                                                                                    
                           "Shared Hit Blocks": 0,                                                                               
                           "Shared Read Blocks": 24454,                                                                          
                           "Shared Dirtied Blocks": 0,                                                                           
                           "Shared Written Blocks": 0,                                                                           
                           "Local Hit Blocks": 0,                                                                                
                           "Local Read Blocks": 0,                                                                               
                           "Local Dirtied Blocks": 0,                                                                            
                           "Local Written Blocks": 0,                                                                            
                           "Temp Read Blocks": 0,                                                                                
                           "Temp Written Blocks": 0                                                                              
                         },                                                                                                      
                         {                                                                                                       
                           "Node Type": "Hash",                                                                                  
                           "Parent Relationship": "Inner",                                                                       
                           "Parallel Aware": false,                                                                              
                           "Startup Cost": 49.46,                                                                                
                           "Total Cost": 49.46,                                                                                  
                           "Plan Rows": 67,                                                                                      
                           "Plan Width": 4,                                                                                      
                           "Actual Startup Time": 91.541,                                                                        
                           "Actual Total Time": 91.541,                                                                          
                           "Actual Rows": 30,                                                                                    
                           "Actual Loops": 1,                                                                                    
                           "Hash Buckets": 1024,                                                                                 
                           "Original Hash Buckets": 1024,                                                                        
                           "Hash Batches": 1,                                                                                    
                           "Original Hash Batches": 1,                                                                           
                           "Peak Memory Usage": 10,                                                                              
                           "Shared Hit Blocks": 0,                                                                               
                           "Shared Read Blocks": 949,                                                                            
                           "Shared Dirtied Blocks": 0,                                                                           
                           "Shared Written Blocks": 0,                                                                           
                           "Local Hit Blocks": 0,                                                                                
                           "Local Read Blocks": 0,                                                                               
                           "Local Dirtied Blocks": 0,                                                                            
                           "Local Written Blocks": 0,                                                                            
                           "Temp Read Blocks": 0,                                                                                
                           "Temp Written Blocks": 0,                                                                             
                           "Plans": [                                                                                            
                             {                                                                                                   
                               "Node Type": "Seq Scan",                                                                          
                               "Parent Relationship": "Outer",                                                                   
                               "Parallel Aware": false,                                                                          
                               "Relation Name": "keyword",                                                                       
                               "Alias": "k",                                                                                     
                               "Startup Cost": 0.00,                                                                             
                               "Total Cost": 49.46,                                                                              
                               "Plan Rows": 67,                                                                                  
                               "Plan Width": 4,                                                                                  
                               "Actual Startup Time": 31.637,                                                                    
                               "Actual Total Time": 91.502,                                                                      
                               "Actual Rows": 30,                                                                                
                               "Actual Loops": 1,                                                                                
                               "Filter": "(keyword ~~ '%sequel%'::text)",                                                        
                               "Rows Removed by Filter": 134140,                                                                 
                               "Shared Hit Blocks": 0,                                                                           
                               "Shared Read Blocks": 949,                                                                        
                               "Shared Dirtied Blocks": 0,                                                                       
                               "Shared Written Blocks": 0,                                                                       
                               "Local Hit Blocks": 0,                                                                            
                               "Local Read Blocks": 0,                                                                           
                               "Local Dirtied Blocks": 0,                                                                        
                               "Local Written Blocks": 0,                                                                        
                               "Temp Read Blocks": 0,                                                                            
                               "Temp Written Blocks": 0                                                                          
                             }                                                                                                   
                           ]                                                                                                     
                         }                                                                                                       
                       ]                                                                                                         
                     },                                                                                                          
                     {                                                                                                           
                       "Node Type": "Hash",                                                                                      
                       "Parent Relationship": "Inner",                                                                           
                       "Parallel Aware": false,                                                                                  
                       "Startup Cost": 1500.26,                                                                                  
                       "Total Cost": 1500.26,                                                                                    
                       "Plan Rows": 1749033,                                                                                     
                       "Plan Width": 21,                                                                                         
                       "Actual Startup Time": 1730.809,                                                                          
                       "Actual Total Time": 1730.809,                                                                            
                       "Actual Rows": 1749032,                                                                                   
                       "Actual Loops": 1,                                                                                        
                       "Hash Buckets": 2097152,                                                                                  
                       "Original Hash Buckets": 2097152,                                                                         
                       "Hash Batches": 1,                                                                                        
                       "Original Hash Batches": 1,                                                                               
                       "Peak Memory Usage": 110019,                                                                              
                       "Shared Hit Blocks": 0,                                                                                   
                       "Shared Read Blocks": 35998,                                                                              
                       "Shared Dirtied Blocks": 0,                                                                               
                       "Shared Written Blocks": 0,                                                                               
                       "Local Hit Blocks": 0,                                                                                    
                       "Local Read Blocks": 0,                                                                                   
                       "Local Dirtied Blocks": 0,                                                                                
                       "Local Written Blocks": 0,                                                                                
                       "Temp Read Blocks": 0,                                                                                    
                       "Temp Written Blocks": 0,                                                                                 
                       "Plans": [                                                                                                
                         {                                                                                                       
                           "Node Type": "Seq Scan",                                                                              
                           "Parent Relationship": "Outer",                                                                       
                           "Parallel Aware": false,                                                                              
                           "Relation Name": "title",                                                                             
                           "Alias": "t",                                                                                         
                           "Startup Cost": 0.00,                                                                                 
                           "Total Cost": 1500.26,                                                                                
                           "Plan Rows": 1749033,                                                                                 
                           "Plan Width": 21,                                                                                     
                           "Actual Startup Time": 23.188,                                                                        
                           "Actual Total Time": 1076.813,                                                                        
                           "Actual Rows": 1749032,                                                                               
                           "Actual Loops": 1,                                                                                    
                           "Filter": "(production_year > 1990)",                                                                 
                           "Rows Removed by Filter": 779280,                                                                     
                           "Shared Hit Blocks": 0,                                                                               
                           "Shared Read Blocks": 35998,                                                                          
                           "Shared Dirtied Blocks": 0,                                                                           
                           "Shared Written Blocks": 0,                                                                           
                           "Local Hit Blocks": 0,                                                                                
                           "Local Read Blocks": 0,                                                                               
                           "Local Dirtied Blocks": 0,                                                                            
                           "Local Written Blocks": 0,                                                                            
                           "Temp Read Blocks": 0,                                                                                
                           "Temp Written Blocks": 0                                                                              
                         }                                                                                                       
                       ]                                                                                                         
                     }                                                                                                           
                   ]                                                                                                             
                 }                                                                                                               
               ]                                                                                                                 
             }                                                                                                                   
           ]                                                                                                                     
         }                                                                                                                       
       ]                                                                                                                         
     },                                                                                                                          
     "Planning Time": 1922.642,                                                                                                  
     "Triggers": [                                                                                                               
     ],                                                                                                                          
     "Execution Time": 11678.705                                                                                                 
