     "Plan": {                                                                                                          
       "Node Type": "Aggregate",                                                                                        
       "Strategy": "Plain",                                                                                             
       "Partial Mode": "Simple",                                                                                        
       "Parallel Aware": false,                                                                                         
       "Startup Cost": 13553.71,                                                                                        
       "Total Cost": 13553.71,                                                                                          
       "Plan Rows": 1,                                                                                                  
       "Plan Width": 32,                                                                                                
       "Actual Startup Time": 2809.584,                                                                                 
       "Actual Total Time": 2809.584,                                                                                   
       "Actual Rows": 1,                                                                                                
       "Actual Loops": 1,                                                                                               
       "Shared Hit Blocks": 3,                                                                                          
       "Shared Read Blocks": 54826,                                                                                     
       "Shared Dirtied Blocks": 0,                                                                                      
       "Shared Written Blocks": 0,                                                                                      
       "Local Hit Blocks": 0,                                                                                           
       "Local Read Blocks": 0,                                                                                          
       "Local Dirtied Blocks": 0,                                                                                       
       "Local Written Blocks": 0,                                                                                       
       "Temp Read Blocks": 0,                                                                                           
       "Temp Written Blocks": 0,                                                                                        
       "Plans": [                                                                                                       
         {                                                                                                              
           "Node Type": "Hash Join",                                                                                    
           "Parent Relationship": "Outer",                                                                              
           "Parallel Aware": false,                                                                                     
           "Join Type": "Inner",                                                                                        
           "Startup Cost": 2824.51,                                                                                     
           "Total Cost": 13553.70,                                                                                      
           "Plan Rows": 89,                                                                                             
           "Plan Width": 17,                                                                                            
           "Actual Startup Time": 2809.551,                                                                             
           "Actual Total Time": 2809.551,                                                                               
           "Actual Rows": 0,                                                                                            
           "Actual Loops": 1,                                                                                           
           "Inner Unique": true,                                                                                        
           "Hash Cond": "(mi.info_type_id = it.id)",                                                                    
           "Shared Hit Blocks": 3,                                                                                      
           "Shared Read Blocks": 54826,                                                                                 
           "Shared Dirtied Blocks": 0,                                                                                  
           "Shared Written Blocks": 0,                                                                                  
           "Local Hit Blocks": 0,                                                                                       
           "Local Read Blocks": 0,                                                                                      
           "Local Dirtied Blocks": 0,                                                                                   
           "Local Written Blocks": 0,                                                                                   
           "Temp Read Blocks": 0,                                                                                       
           "Temp Written Blocks": 0,                                                                                    
           "Plans": [                                                                                                   
             {                                                                                                          
               "Node Type": "Hash Join",                                                                                
               "Parent Relationship": "Outer",                                                                          
               "Parallel Aware": false,                                                                                 
               "Join Type": "Inner",                                                                                    
               "Startup Cost": 2824.45,                                                                                 
               "Total Cost": 13553.64,                                                                                  
               "Plan Rows": 89,                                                                                         
               "Plan Width": 21,                                                                                        
               "Actual Startup Time": 2786.336,                                                                         
               "Actual Total Time": 2786.336,                                                                           
               "Actual Rows": 0,                                                                                        
               "Actual Loops": 1,                                                                                       
               "Inner Unique": false,                                                                                   
               "Hash Cond": "(mi.movie_id = t.id)",                                                                     
               "Shared Hit Blocks": 0,                                                                                  
               "Shared Read Blocks": 54825,                                                                             
               "Shared Dirtied Blocks": 0,                                                                              
               "Shared Written Blocks": 0,                                                                              
               "Local Hit Blocks": 0,                                                                                   
               "Local Read Blocks": 0,                                                                                  
               "Local Dirtied Blocks": 0,                                                                               
               "Local Written Blocks": 0,                                                                               
               "Temp Read Blocks": 0,                                                                                   
               "Temp Written Blocks": 0,                                                                                
               "Plans": [                                                                                               
                 {                                                                                                      
                   "Node Type": "Seq Scan",                                                                             
                   "Parent Relationship": "Outer",                                                                      
                   "Parallel Aware": false,                                                                             
                   "Relation Name": "movie_info",                                                                       
                   "Alias": "mi",                                                                                       
                   "Startup Cost": 0.00,                                                                                
                   "Total Cost": 10711.20,                                                                              
                   "Plan Rows": 154416,                                                                                 
                   "Plan Width": 8,                                                                                     
                   "Actual Startup Time": 36.669,                                                                       
                   "Actual Total Time": 36.669,                                                                         
                   "Actual Rows": 1,                                                                                    
                   "Actual Loops": 1,                                                                                   
                   "Filter": "(info = ANY ('{Sweden,Norway,Germany,Denmark,Swedish,Denish,Norwegian,German}'::text[]))",
                   "Rows Removed by Filter": 5686,                                                                      
                   "Shared Hit Blocks": 0,                                                                              
                   "Shared Read Blocks": 37,                                                                            
                   "Shared Dirtied Blocks": 0,                                                                          
                   "Shared Written Blocks": 0,                                                                          
                   "Local Hit Blocks": 0,                                                                               
                   "Local Read Blocks": 0,                                                                              
                   "Local Dirtied Blocks": 0,                                                                           
                   "Local Written Blocks": 0,                                                                           
                   "Temp Read Blocks": 0,                                                                               
                   "Temp Written Blocks": 0                                                                             
                 },                                                                                                     
                 {                                                                                                      
                   "Node Type": "Hash",                                                                                 
                   "Parent Relationship": "Inner",                                                                      
                   "Parallel Aware": false,                                                                             
                   "Startup Cost": 2824.39,                                                                             
                   "Total Cost": 2824.39,                                                                               
                   "Plan Rows": 419,                                                                                    
                   "Plan Width": 25,                                                                                    
                   "Actual Startup Time": 2749.633,                                                                     
                   "Actual Total Time": 2749.633,                                                                       
                   "Actual Rows": 0,                                                                                    
                   "Actual Loops": 1,                                                                                   
                   "Hash Buckets": 1024,                                                                                
                   "Original Hash Buckets": 1024,                                                                       
                   "Hash Batches": 1,                                                                                   
                   "Original Hash Batches": 1,                                                                          
                   "Peak Memory Usage": 8,                                                                              
                   "Shared Hit Blocks": 0,                                                                              
                   "Shared Read Blocks": 54788,                                                                         
                   "Shared Dirtied Blocks": 0,                                                                          
                   "Shared Written Blocks": 0,                                                                          
                   "Local Hit Blocks": 0,                                                                               
                   "Local Read Blocks": 0,                                                                              
                   "Local Dirtied Blocks": 0,                                                                           
                   "Local Written Blocks": 0,                                                                           
                   "Temp Read Blocks": 0,                                                                               
                   "Temp Written Blocks": 0,                                                                            
                   "Plans": [                                                                                           
                     {                                                                                                  
                       "Node Type": "Hash Join",                                                                        
                       "Parent Relationship": "Outer",                                                                  
                       "Parallel Aware": false,                                                                         
                       "Join Type": "Inner",                                                                            
                       "Startup Cost": 1648.97,                                                                         
                       "Total Cost": 2824.39,                                                                           
                       "Plan Rows": 419,                                                                                
                       "Plan Width": 25,                                                                                
                       "Actual Startup Time": 2749.632,                                                                 
                       "Actual Total Time": 2749.632,                                                                   
                       "Actual Rows": 0,                                                                                
                       "Actual Loops": 1,                                                                               
                       "Inner Unique": true,                                                                            
                       "Hash Cond": "(mc.company_type_id = ct.id)",                                                     
                       "Shared Hit Blocks": 0,                                                                          
                       "Shared Read Blocks": 54788,                                                                     
                       "Shared Dirtied Blocks": 0,                                                                      
                       "Shared Written Blocks": 0,                                                                      
                       "Local Hit Blocks": 0,                                                                           
                       "Local Read Blocks": 0,                                                                          
                       "Local Dirtied Blocks": 0,                                                                       
                       "Local Written Blocks": 0,                                                                       
                       "Temp Read Blocks": 0,                                                                           
                       "Temp Written Blocks": 0,                                                                        
                       "Plans": [                                                                                       
                         {                                                                                              
                           "Node Type": "Hash Join",                                                                    
                           "Parent Relationship": "Outer",                                                              
                           "Parallel Aware": false,                                                                     
                           "Join Type": "Inner",                                                                        
                           "Startup Cost": 1648.94,                                                                     
                           "Total Cost": 2824.18,                                                                       
                           "Plan Rows": 1677,                                                                           
                           "Plan Width": 29,                                                                            
                           "Actual Startup Time": 1739.836,                                                             
                           "Actual Total Time": 2748.828,                                                               
                           "Actual Rows": 3929,                                                                         
                           "Actual Loops": 1,                                                                           
                           "Inner Unique": true,                                                                        
                           "Hash Cond": "(mc.movie_id = t.id)",                                                         
                           "Shared Hit Blocks": 0,                                                                      
                           "Shared Read Blocks": 54787,                                                                 
                           "Shared Dirtied Blocks": 0,                                                                  
                           "Shared Written Blocks": 0,                                                                  
                           "Local Hit Blocks": 0,                                                                       
                           "Local Read Blocks": 0,                                                                      
                           "Local Dirtied Blocks": 0,                                                                   
                           "Local Written Blocks": 0,                                                                   
                           "Temp Read Blocks": 0,                                                                       
                           "Temp Written Blocks": 0,                                                                    
                           "Plans": [                                                                                   
                             {                                                                                          
                               "Node Type": "Seq Scan",                                                                 
                               "Parent Relationship": "Outer",                                                          
                               "Parallel Aware": false,                                                                 
                               "Relation Name": "movie_companies",                                                      
                               "Alias": "mc",                                                                           
                               "Startup Cost": 0.00,                                                                    
                               "Total Cost": 1174.90,                                                                   
                               "Plan Rows": 4187,                                                                       
                               "Plan Width": 8,                                                                         
                               "Actual Startup Time": 15.576,                                                           
                               "Actual Total Time": 1013.239,                                                           
                               "Actual Rows": 24025,                                                                    
                               "Actual Loops": 1,                                                                       
                               "Filter": "((note ~~ '%(theatrical)%'::text) AND (note ~~ '%(France)%'::text))",         
                               "Rows Removed by Filter": 2585104,                                                       
                               "Shared Hit Blocks": 0,                                                                  
                               "Shared Read Blocks": 18789,                                                             
                               "Shared Dirtied Blocks": 0,                                                              
                               "Shared Written Blocks": 0,                                                              
                               "Local Hit Blocks": 0,                                                                   
                               "Local Read Blocks": 0,                                                                  
                               "Local Dirtied Blocks": 0,                                                               
                               "Local Written Blocks": 0,                                                               
                               "Temp Read Blocks": 0,                                                                   
                               "Temp Written Blocks": 0                                                                 
                             },                                                                                         
                             {                                                                                          
                               "Node Type": "Hash",                                                                     
                               "Parent Relationship": "Inner",                                                          
                               "Parallel Aware": false,                                                                 
                               "Startup Cost": 1500.26,                                                                 
                               "Total Cost": 1500.26,                                                                   
                               "Plan Rows": 1012920,                                                                    
                               "Plan Width": 21,                                                                        
                               "Actual Startup Time": 1718.807,                                                         
                               "Actual Total Time": 1718.807,                                                           
                               "Actual Rows": 1012920,                                                                  
                               "Actual Loops": 1,                                                                       
                               "Hash Buckets": 1048576,                                                                 
                               "Original Hash Buckets": 1048576,                                                        
                               "Hash Batches": 1,                                                                       
                               "Original Hash Batches": 1,                                                              
                               "Peak Memory Usage": 62527,                                                              
                               "Shared Hit Blocks": 0,                                                                  
                               "Shared Read Blocks": 35998,                                                             
                               "Shared Dirtied Blocks": 0,                                                              
                               "Shared Written Blocks": 0,                                                              
                               "Local Hit Blocks": 0,                                                                   
                               "Local Read Blocks": 0,                                                                  
                               "Local Dirtied Blocks": 0,                                                               
                               "Local Written Blocks": 0,                                                               
                               "Temp Read Blocks": 0,                                                                   
                               "Temp Written Blocks": 0,                                                                
                               "Plans": [                                                                               
                                 {                                                                                      
                                   "Node Type": "Seq Scan",                                                             
                                   "Parent Relationship": "Outer",                                                      
                                   "Parallel Aware": false,                                                             
                                   "Relation Name": "title",                                                            
                                   "Alias": "t",                                                                        
                                   "Startup Cost": 0.00,                                                                
                                   "Total Cost": 1500.26,                                                               
                                   "Plan Rows": 1012920,                                                                
                                   "Plan Width": 21,                                                                    
                                   "Actual Startup Time": 10.795,                                                       
                                   "Actual Total Time": 1257.223,                                                       
                                   "Actual Rows": 1012920,                                                              
                                   "Actual Loops": 1,                                                                   
                                   "Filter": "(production_year > 2005)",                                                
                                   "Rows Removed by Filter": 1515392,                                                   
                                   "Shared Hit Blocks": 0,                                                              
                                   "Shared Read Blocks": 35998,                                                         
                                   "Shared Dirtied Blocks": 0,                                                          
                                   "Shared Written Blocks": 0,                                                          
                                   "Local Hit Blocks": 0,                                                               
                                   "Local Read Blocks": 0,                                                              
                                   "Local Dirtied Blocks": 0,                                                           
                                   "Local Written Blocks": 0,                                                           
                                   "Temp Read Blocks": 0,                                                               
                                   "Temp Written Blocks": 0                                                             
                                 }                                                                                      
                               ]                                                                                        
                             }                                                                                          
                           ]                                                                                            
                         },                                                                                             
                         {                                                                                              
                           "Node Type": "Hash",                                                                         
                           "Parent Relationship": "Inner",                                                              
                           "Parallel Aware": false,                                                                     
                           "Startup Cost": 0.03,                                                                        
                           "Total Cost": 0.03,                                                                          
                           "Plan Rows": 1,                                                                              
                           "Plan Width": 4,                                                                             
                           "Actual Startup Time": 0.167,                                                                
                           "Actual Total Time": 0.167,                                                                  
                           "Actual Rows": 1,                                                                            
                           "Actual Loops": 1,                                                                           
                           "Hash Buckets": 1024,                                                                        
                           "Original Hash Buckets": 1024,                                                               
                           "Hash Batches": 1,                                                                           
                           "Original Hash Batches": 1,                                                                  
                           "Peak Memory Usage": 9,                                                                      
                           "Shared Hit Blocks": 0,                                                                      
                           "Shared Read Blocks": 1,                                                                     
                           "Shared Dirtied Blocks": 0,                                                                  
                           "Shared Written Blocks": 0,                                                                  
                           "Local Hit Blocks": 0,                                                                       
                           "Local Read Blocks": 0,                                                                      
                           "Local Dirtied Blocks": 0,                                                                   
                           "Local Written Blocks": 0,                                                                   
                           "Temp Read Blocks": 0,                                                                       
                           "Temp Written Blocks": 0,                                                                    
                           "Plans": [                                                                                   
                             {                                                                                          
                               "Node Type": "Seq Scan",                                                                 
                               "Parent Relationship": "Outer",                                                          
                               "Parallel Aware": false,                                                                 
                               "Relation Name": "company_type",                                                         
                               "Alias": "ct",                                                                           
                               "Startup Cost": 0.00,                                                                    
                               "Total Cost": 0.03,                                                                      
                               "Plan Rows": 1,                                                                          
                               "Plan Width": 4,                                                                         
                               "Actual Startup Time": 0.149,                                                            
                               "Actual Total Time": 0.151,                                                              
                               "Actual Rows": 1,                                                                        
                               "Actual Loops": 1,                                                                       
                               "Filter": "((kind)::text = 'production companies'::text)",                               
                               "Rows Removed by Filter": 3,                                                             
                               "Shared Hit Blocks": 0,                                                                  
                               "Shared Read Blocks": 1,                                                                 
                               "Shared Dirtied Blocks": 0,                                                              
                               "Shared Written Blocks": 0,                                                              
                               "Local Hit Blocks": 0,                                                                   
                               "Local Read Blocks": 0,                                                                  
                               "Local Dirtied Blocks": 0,                                                               
                               "Local Written Blocks": 0,                                                               
                               "Temp Read Blocks": 0,                                                                   
                               "Temp Written Blocks": 0                                                                 
                             }                                                                                          
                           ]                                                                                            
                         }                                                                                              
                       ]                                                                                                
                     }                                                                                                  
                   ]                                                                                                    
                 }                                                                                                      
               ]                                                                                                        
             },                                                                                                         
             {                                                                                                          
               "Node Type": "Hash",                                                                                     
               "Parent Relationship": "Inner",                                                                          
               "Parallel Aware": false,                                                                                 
               "Startup Cost": 0.04,                                                                                    
               "Total Cost": 0.04,                                                                                      
               "Plan Rows": 113,                                                                                        
               "Plan Width": 4,                                                                                         
               "Actual Startup Time": 23.157,                                                                           
               "Actual Total Time": 23.157,                                                                             
               "Actual Rows": 113,                                                                                      
               "Actual Loops": 1,                                                                                       
               "Hash Buckets": 1024,                                                                                    
               "Original Hash Buckets": 1024,                                                                           
               "Hash Batches": 1,                                                                                       
               "Original Hash Batches": 1,                                                                              
               "Peak Memory Usage": 12,                                                                                 
               "Shared Hit Blocks": 0,                                                                                  
               "Shared Read Blocks": 1,                                                                                 
               "Shared Dirtied Blocks": 0,                                                                              
               "Shared Written Blocks": 0,                                                                              
               "Local Hit Blocks": 0,                                                                                   
               "Local Read Blocks": 0,                                                                                  
               "Local Dirtied Blocks": 0,                                                                               
               "Local Written Blocks": 0,                                                                               
               "Temp Read Blocks": 0,                                                                                   
               "Temp Written Blocks": 0,                                                                                
               "Plans": [                                                                                               
                 {                                                                                                      
                   "Node Type": "Seq Scan",                                                                             
                   "Parent Relationship": "Outer",                                                                      
                   "Parallel Aware": false,                                                                             
                   "Relation Name": "info_type",                                                                        
                   "Alias": "it",                                                                                       
                   "Startup Cost": 0.00,                                                                                
                   "Total Cost": 0.04,                                                                                  
                   "Plan Rows": 113,                                                                                    
                   "Plan Width": 4,                                                                                     
                   "Actual Startup Time": 23.015,                                                                       
                   "Actual Total Time": 23.066,                                                                         
                   "Actual Rows": 113,                                                                                  
                   "Actual Loops": 1,                                                                                   
                   "Shared Hit Blocks": 0,                                                                              
                   "Shared Read Blocks": 1,                                                                             
                   "Shared Dirtied Blocks": 0,                                                                          
                   "Shared Written Blocks": 0,                                                                          
                   "Local Hit Blocks": 0,                                                                               
                   "Local Read Blocks": 0,                                                                              
                   "Local Dirtied Blocks": 0,                                                                           
                   "Local Written Blocks": 0,                                                                           
                   "Temp Read Blocks": 0,                                                                               
                   "Temp Written Blocks": 0                                                                             
                 }                                                                                                      
               ]                                                                                                        
             }                                                                                                          
           ]                                                                                                            
         }                                                                                                              
       ]                                                                                                                
     },                                                                                                                 
     "Planning Time": 1807.932,                                                                                         
     "Triggers": [                                                                                                      
     ],                                                                                                                 
     "Execution Time": 2810.958                                                                                         
