     "Plan": {                                                                                                                       
       "Node Type": "Aggregate",                                                                                                     
       "Strategy": "Plain",                                                                                                          
       "Partial Mode": "Simple",                                                                                                     
       "Parallel Aware": false,                                                                                                      
       "Startup Cost": 14908.86,                                                                                                     
       "Total Cost": 14908.86,                                                                                                       
       "Plan Rows": 1,                                                                                                               
       "Plan Width": 32,                                                                                                             
       "Actual Startup Time": 11329.132,                                                                                             
       "Actual Total Time": 11329.132,                                                                                               
       "Actual Rows": 1,                                                                                                             
       "Actual Loops": 1,                                                                                                            
       "Shared Hit Blocks": 3,                                                                                                       
       "Shared Read Blocks": 216681,                                                                                                 
       "Shared Dirtied Blocks": 0,                                                                                                   
       "Shared Written Blocks": 0,                                                                                                   
       "Local Hit Blocks": 0,                                                                                                        
       "Local Read Blocks": 0,                                                                                                       
       "Local Dirtied Blocks": 0,                                                                                                    
       "Local Written Blocks": 0,                                                                                                    
       "Temp Read Blocks": 0,                                                                                                        
       "Temp Written Blocks": 0,                                                                                                     
       "Plans": [                                                                                                                    
         {                                                                                                                           
           "Node Type": "Hash Join",                                                                                                 
           "Parent Relationship": "Outer",                                                                                           
           "Parallel Aware": false,                                                                                                  
           "Join Type": "Inner",                                                                                                     
           "Startup Cost": 2958.44,                                                                                                  
           "Total Cost": 14906.62,                                                                                                   
           "Plan Rows": 28943,                                                                                                       
           "Plan Width": 17,                                                                                                         
           "Actual Startup Time": 3032.800,                                                                                          
           "Actual Total Time": 11328.876,                                                                                           
           "Actual Rows": 669,                                                                                                       
           "Actual Loops": 1,                                                                                                        
           "Inner Unique": true,                                                                                                     
           "Hash Cond": "(mi.info_type_id = it.id)",                                                                                 
           "Shared Hit Blocks": 3,                                                                                                   
           "Shared Read Blocks": 216681,                                                                                             
           "Shared Dirtied Blocks": 0,                                                                                               
           "Shared Written Blocks": 0,                                                                                               
           "Local Hit Blocks": 0,                                                                                                    
           "Local Read Blocks": 0,                                                                                                   
           "Local Dirtied Blocks": 0,                                                                                                
           "Local Written Blocks": 0,                                                                                                
           "Temp Read Blocks": 0,                                                                                                    
           "Temp Written Blocks": 0,                                                                                                 
           "Plans": [                                                                                                                
             {                                                                                                                       
               "Node Type": "Hash Join",                                                                                             
               "Parent Relationship": "Outer",                                                                                       
               "Parallel Aware": false,                                                                                              
               "Join Type": "Inner",                                                                                                 
               "Startup Cost": 2958.39,                                                                                              
               "Total Cost": 14904.18,                                                                                               
               "Plan Rows": 28943,                                                                                                   
               "Plan Width": 21,                                                                                                     
               "Actual Startup Time": 3014.397,                                                                                      
               "Actual Total Time": 11310.253,                                                                                       
               "Actual Rows": 669,                                                                                                   
               "Actual Loops": 1,                                                                                                    
               "Inner Unique": false,                                                                                                
               "Hash Cond": "(mi.movie_id = t.id)",                                                                                  
               "Shared Hit Blocks": 0,                                                                                               
               "Shared Read Blocks": 216680,                                                                                         
               "Shared Dirtied Blocks": 0,                                                                                           
               "Shared Written Blocks": 0,                                                                                           
               "Local Hit Blocks": 0,                                                                                                
               "Local Read Blocks": 0,                                                                                               
               "Local Dirtied Blocks": 0,                                                                                            
               "Local Written Blocks": 0,                                                                                            
               "Temp Read Blocks": 0,                                                                                                
               "Temp Written Blocks": 0,                                                                                             
               "Plans": [                                                                                                            
                 {                                                                                                                   
                   "Node Type": "Seq Scan",                                                                                          
                   "Parent Relationship": "Outer",                                                                                   
                   "Parallel Aware": false,                                                                                          
                   "Relation Name": "movie_info",                                                                                    
                   "Alias": "mi",                                                                                                    
                   "Startup Cost": 0.00,                                                                                             
                   "Total Cost": 11863.04,                                                                                           
                   "Plan Rows": 705579,                                                                                              
                   "Plan Width": 8,                                                                                                  
                   "Actual Startup Time": 37.460,                                                                                    
                   "Actual Total Time": 8382.620,                                                                                    
                   "Actual Rows": 706674,                                                                                            
                   "Actual Loops": 1,                                                                                                
                   "Filter": "(info = ANY ('{Sweden,Norway,Germany,Denmark,Swedish,Denish,Norwegian,German,USA,American}'::text[]))",
                   "Rows Removed by Filter": 14129046,                                                                               
                   "Shared Hit Blocks": 0,                                                                                           
                   "Shared Read Blocks": 161892,                                                                                     
                   "Shared Dirtied Blocks": 0,                                                                                       
                   "Shared Written Blocks": 0,                                                                                       
                   "Local Hit Blocks": 0,                                                                                            
                   "Local Read Blocks": 0,                                                                                           
                   "Local Dirtied Blocks": 0,                                                                                        
                   "Local Written Blocks": 0,                                                                                        
                   "Temp Read Blocks": 0,                                                                                            
                   "Temp Written Blocks": 0                                                                                          
                 },                                                                                                                  
                 {                                                                                                                   
                   "Node Type": "Hash",                                                                                              
                   "Parent Relationship": "Inner",                                                                                   
                   "Parallel Aware": false,                                                                                          
                   "Startup Cost": 2954.00,                                                                                          
                   "Total Cost": 2954.00,                                                                                            
                   "Plan Rows": 29863,                                                                                               
                   "Plan Width": 25,                                                                                                 
                   "Actual Startup Time": 2839.933,                                                                                  
                   "Actual Total Time": 2839.933,                                                                                    
                   "Actual Rows": 767,                                                                                               
                   "Actual Loops": 1,                                                                                                
                   "Hash Buckets": 32768,                                                                                            
                   "Original Hash Buckets": 32768,                                                                                   
                   "Hash Batches": 1,                                                                                                
                   "Original Hash Batches": 1,                                                                                       
                   "Peak Memory Usage": 301,                                                                                         
                   "Shared Hit Blocks": 0,                                                                                           
                   "Shared Read Blocks": 54788,                                                                                      
                   "Shared Dirtied Blocks": 0,                                                                                       
                   "Shared Written Blocks": 0,                                                                                       
                   "Local Hit Blocks": 0,                                                                                            
                   "Local Read Blocks": 0,                                                                                           
                   "Local Dirtied Blocks": 0,                                                                                        
                   "Local Written Blocks": 0,                                                                                        
                   "Temp Read Blocks": 0,                                                                                            
                   "Temp Written Blocks": 0,                                                                                         
                   "Plans": [                                                                                                        
                     {                                                                                                               
                       "Node Type": "Hash Join",                                                                                     
                       "Parent Relationship": "Outer",                                                                               
                       "Parallel Aware": false,                                                                                      
                       "Join Type": "Inner",                                                                                         
                       "Startup Cost": 1757.02,                                                                                      
                       "Total Cost": 2954.00,                                                                                        
                       "Plan Rows": 29863,                                                                                           
                       "Plan Width": 25,                                                                                             
                       "Actual Startup Time": 2489.312,                                                                              
                       "Actual Total Time": 2839.424,                                                                                
                       "Actual Rows": 767,                                                                                           
                       "Actual Loops": 1,                                                                                            
                       "Inner Unique": true,                                                                                         
                       "Hash Cond": "(mc.movie_id = t.id)",                                                                          
                       "Shared Hit Blocks": 0,                                                                                       
                       "Shared Read Blocks": 54788,                                                                                  
                       "Shared Dirtied Blocks": 0,                                                                                   
                       "Shared Written Blocks": 0,                                                                                   
                       "Local Hit Blocks": 0,                                                                                        
                       "Local Read Blocks": 0,                                                                                       
                       "Local Dirtied Blocks": 0,                                                                                    
                       "Local Written Blocks": 0,                                                                                    
                       "Temp Read Blocks": 0,                                                                                        
                       "Temp Written Blocks": 0,                                                                                     
                       "Plans": [                                                                                                    
                         {                                                                                                           
                           "Node Type": "Hash Join",                                                                                 
                           "Parent Relationship": "Outer",                                                                           
                           "Parallel Aware": false,                                                                                  
                           "Join Type": "Inner",                                                                                     
                           "Startup Cost": 0.03,                                                                                     
                           "Total Cost": 1193.50,                                                                                    
                           "Plan Rows": 43168,                                                                                       
                           "Plan Width": 4,                                                                                          
                           "Actual Startup Time": 763.301,                                                                           
                           "Actual Total Time": 1112.625,                                                                            
                           "Actual Rows": 798,                                                                                       
                           "Actual Loops": 1,                                                                                        
                           "Inner Unique": true,                                                                                     
                           "Hash Cond": "(mc.company_type_id = ct.id)",                                                              
                           "Shared Hit Blocks": 0,                                                                                   
                           "Shared Read Blocks": 18790,                                                                              
                           "Shared Dirtied Blocks": 0,                                                                               
                           "Shared Written Blocks": 0,                                                                               
                           "Local Hit Blocks": 0,                                                                                    
                           "Local Read Blocks": 0,                                                                                   
                           "Local Dirtied Blocks": 0,                                                                                
                           "Local Written Blocks": 0,                                                                                
                           "Temp Read Blocks": 0,                                                                                    
                           "Temp Written Blocks": 0,                                                                                 
                           "Plans": [                                                                                                
                             {                                                                                                       
                               "Node Type": "Seq Scan",                                                                              
                               "Parent Relationship": "Outer",                                                                       
                               "Parallel Aware": false,                                                                              
                               "Relation Name": "movie_companies",                                                                   
                               "Alias": "mc",                                                                                        
                               "Startup Cost": 0.00,                                                                                 
                               "Total Cost": 1174.90,                                                                                
                               "Plan Rows": 172674,                                                                                  
                               "Plan Width": 8,                                                                                      
                               "Actual Startup Time": 2.423,                                                                         
                               "Actual Total Time": 1075.508,                                                                        
                               "Actual Rows": 295628,                                                                                
                               "Actual Loops": 1,                                                                                    
                               "Filter": "((note !~~ '%(TV)%'::text) AND (note ~~ '%(USA)%'::text))",                                
                               "Rows Removed by Filter": 2313501,                                                                    
                               "Shared Hit Blocks": 0,                                                                               
                               "Shared Read Blocks": 18789,                                                                          
                               "Shared Dirtied Blocks": 0,                                                                           
                               "Shared Written Blocks": 0,                                                                           
                               "Local Hit Blocks": 0,                                                                                
                               "Local Read Blocks": 0,                                                                               
                               "Local Dirtied Blocks": 0,                                                                            
                               "Local Written Blocks": 0,                                                                            
                               "Temp Read Blocks": 0,                                                                                
                               "Temp Written Blocks": 0                                                                              
                             },                                                                                                      
                             {                                                                                                       
                               "Node Type": "Hash",                                                                                  
                               "Parent Relationship": "Inner",                                                                       
                               "Parallel Aware": false,                                                                              
                               "Startup Cost": 0.03,                                                                                 
                               "Total Cost": 0.03,                                                                                   
                               "Plan Rows": 1,                                                                                       
                               "Plan Width": 4,                                                                                      
                               "Actual Startup Time": 0.152,                                                                         
                               "Actual Total Time": 0.152,                                                                           
                               "Actual Rows": 1,                                                                                     
                               "Actual Loops": 1,                                                                                    
                               "Hash Buckets": 1024,                                                                                 
                               "Original Hash Buckets": 1024,                                                                        
                               "Hash Batches": 1,                                                                                    
                               "Original Hash Batches": 1,                                                                           
                               "Peak Memory Usage": 9,                                                                               
                               "Shared Hit Blocks": 0,                                                                               
                               "Shared Read Blocks": 1,                                                                              
                               "Shared Dirtied Blocks": 0,                                                                           
                               "Shared Written Blocks": 0,                                                                           
                               "Local Hit Blocks": 0,                                                                                
                               "Local Read Blocks": 0,                                                                               
                               "Local Dirtied Blocks": 0,                                                                            
                               "Local Written Blocks": 0,                                                                            
                               "Temp Read Blocks": 0,                                                                                
                               "Temp Written Blocks": 0,                                                                             
                               "Plans": [                                                                                            
                                 {                                                                                                   
                                   "Node Type": "Seq Scan",                                                                          
                                   "Parent Relationship": "Outer",                                                                   
                                   "Parallel Aware": false,                                                                          
                                   "Relation Name": "company_type",                                                                  
                                   "Alias": "ct",                                                                                    
                                   "Startup Cost": 0.00,                                                                             
                                   "Total Cost": 0.03,                                                                               
                                   "Plan Rows": 1,                                                                                   
                                   "Plan Width": 4,                                                                                  
                                   "Actual Startup Time": 0.135,                                                                     
                                   "Actual Total Time": 0.138,                                                                       
                                   "Actual Rows": 1,                                                                                 
                                   "Actual Loops": 1,                                                                                
                                   "Filter": "((kind)::text = 'production companies'::text)",                                        
                                   "Rows Removed by Filter": 3,                                                                      
                                   "Shared Hit Blocks": 0,                                                                           
                                   "Shared Read Blocks": 1,                                                                          
                                   "Shared Dirtied Blocks": 0,                                                                       
                                   "Shared Written Blocks": 0,                                                                       
                                   "Local Hit Blocks": 0,                                                                            
                                   "Local Read Blocks": 0,                                                                           
                                   "Local Dirtied Blocks": 0,                                                                        
                                   "Local Written Blocks": 0,                                                                        
                                   "Temp Read Blocks": 0,                                                                            
                                   "Temp Written Blocks": 0                                                                          
                                 }                                                                                                   
                               ]                                                                                                     
                             }                                                                                                       
                           ]                                                                                                         
                         },                                                                                                          
                         {                                                                                                           
                           "Node Type": "Hash",                                                                                      
                           "Parent Relationship": "Inner",                                                                           
                           "Parallel Aware": false,                                                                                  
                           "Startup Cost": 1500.26,                                                                                  
                           "Total Cost": 1500.26,                                                                                    
                           "Plan Rows": 1749033,                                                                                     
                           "Plan Width": 21,                                                                                         
                           "Actual Startup Time": 1717.933,                                                                          
                           "Actual Total Time": 1717.933,                                                                            
                           "Actual Rows": 1749032,                                                                                   
                           "Actual Loops": 1,                                                                                        
                           "Hash Buckets": 2097152,                                                                                  
                           "Original Hash Buckets": 2097152,                                                                         
                           "Hash Batches": 1,                                                                                        
                           "Original Hash Batches": 1,                                                                               
                           "Peak Memory Usage": 110019,                                                                              
                           "Shared Hit Blocks": 0,                                                                                   
                           "Shared Read Blocks": 35998,                                                                              
                           "Shared Dirtied Blocks": 0,                                                                               
                           "Shared Written Blocks": 0,                                                                               
                           "Local Hit Blocks": 0,                                                                                    
                           "Local Read Blocks": 0,                                                                                   
                           "Local Dirtied Blocks": 0,                                                                                
                           "Local Written Blocks": 0,                                                                                
                           "Temp Read Blocks": 0,                                                                                    
                           "Temp Written Blocks": 0,                                                                                 
                           "Plans": [                                                                                                
                             {                                                                                                       
                               "Node Type": "Seq Scan",                                                                              
                               "Parent Relationship": "Outer",                                                                       
                               "Parallel Aware": false,                                                                              
                               "Relation Name": "title",                                                                             
                               "Alias": "t",                                                                                         
                               "Startup Cost": 0.00,                                                                                 
                               "Total Cost": 1500.26,                                                                                
                               "Plan Rows": 1749033,                                                                                 
                               "Plan Width": 21,                                                                                     
                               "Actual Startup Time": 9.555,                                                                         
                               "Actual Total Time": 1047.219,                                                                        
                               "Actual Rows": 1749032,                                                                               
                               "Actual Loops": 1,                                                                                    
                               "Filter": "(production_year > 1990)",                                                                 
                               "Rows Removed by Filter": 779280,                                                                     
                               "Shared Hit Blocks": 0,                                                                               
                               "Shared Read Blocks": 35998,                                                                          
                               "Shared Dirtied Blocks": 0,                                                                           
                               "Shared Written Blocks": 0,                                                                           
                               "Local Hit Blocks": 0,                                                                                
                               "Local Read Blocks": 0,                                                                               
                               "Local Dirtied Blocks": 0,                                                                            
                               "Local Written Blocks": 0,                                                                            
                               "Temp Read Blocks": 0,                                                                                
                               "Temp Written Blocks": 0                                                                              
                             }                                                                                                       
                           ]                                                                                                         
                         }                                                                                                           
                       ]                                                                                                             
                     }                                                                                                               
                   ]                                                                                                                 
                 }                                                                                                                   
               ]                                                                                                                     
             },                                                                                                                      
             {                                                                                                                       
               "Node Type": "Hash",                                                                                                  
               "Parent Relationship": "Inner",                                                                                       
               "Parallel Aware": false,                                                                                              
               "Startup Cost": 0.04,                                                                                                 
               "Total Cost": 0.04,                                                                                                   
               "Plan Rows": 113,                                                                                                     
               "Plan Width": 4,                                                                                                      
               "Actual Startup Time": 18.379,                                                                                        
               "Actual Total Time": 18.379,                                                                                          
               "Actual Rows": 113,                                                                                                   
               "Actual Loops": 1,                                                                                                    
               "Hash Buckets": 1024,                                                                                                 
               "Original Hash Buckets": 1024,                                                                                        
               "Hash Batches": 1,                                                                                                    
               "Original Hash Batches": 1,                                                                                           
               "Peak Memory Usage": 12,                                                                                              
               "Shared Hit Blocks": 0,                                                                                               
               "Shared Read Blocks": 1,                                                                                              
               "Shared Dirtied Blocks": 0,                                                                                           
               "Shared Written Blocks": 0,                                                                                           
               "Local Hit Blocks": 0,                                                                                                
               "Local Read Blocks": 0,                                                                                               
               "Local Dirtied Blocks": 0,                                                                                            
               "Local Written Blocks": 0,                                                                                            
               "Temp Read Blocks": 0,                                                                                                
               "Temp Written Blocks": 0,                                                                                             
               "Plans": [                                                                                                            
                 {                                                                                                                   
                   "Node Type": "Seq Scan",                                                                                          
                   "Parent Relationship": "Outer",                                                                                   
                   "Parallel Aware": false,                                                                                          
                   "Relation Name": "info_type",                                                                                     
                   "Alias": "it",                                                                                                    
                   "Startup Cost": 0.00,                                                                                             
                   "Total Cost": 0.04,                                                                                               
                   "Plan Rows": 113,                                                                                                 
                   "Plan Width": 4,                                                                                                  
                   "Actual Startup Time": 18.244,                                                                                    
                   "Actual Total Time": 18.296,                                                                                      
                   "Actual Rows": 113,                                                                                               
                   "Actual Loops": 1,                                                                                                
                   "Shared Hit Blocks": 0,                                                                                           
                   "Shared Read Blocks": 1,                                                                                          
                   "Shared Dirtied Blocks": 0,                                                                                       
                   "Shared Written Blocks": 0,                                                                                       
                   "Local Hit Blocks": 0,                                                                                            
                   "Local Read Blocks": 0,                                                                                           
                   "Local Dirtied Blocks": 0,                                                                                        
                   "Local Written Blocks": 0,                                                                                        
                   "Temp Read Blocks": 0,                                                                                            
                   "Temp Written Blocks": 0                                                                                          
                 }                                                                                                                   
               ]                                                                                                                     
             }                                                                                                                       
           ]                                                                                                                         
         }                                                                                                                           
       ]                                                                                                                             
     },                                                                                                                              
     "Planning Time": 1929.493,                                                                                                      
     "Triggers": [                                                                                                                   
     ],                                                                                                                              
     "Execution Time": 11331.417                                                                                                     
