     "Plan": {                                                                                                          
       "Node Type": "Aggregate",                                                                                        
       "Strategy": "Plain",                                                                                             
       "Partial Mode": "Simple",                                                                                        
       "Parallel Aware": false,                                                                                         
       "Startup Cost": 20481.41,                                                                                        
       "Total Cost": 20481.41,                                                                                          
       "Plan Rows": 1,                                                                                                  
       "Plan Width": 64,                                                                                                
       "Actual Startup Time": 19829.903,                                                                                
       "Actual Total Time": 19829.904,                                                                                  
       "Actual Rows": 1,                                                                                                
       "Actual Loops": 1,                                                                                               
       "Shared Hit Blocks": 3,                                                                                          
       "Shared Read Blocks": 406643,                                                                                    
       "Shared Dirtied Blocks": 0,                                                                                      
       "Shared Written Blocks": 0,                                                                                      
       "Local Hit Blocks": 0,                                                                                           
       "Local Read Blocks": 0,                                                                                          
       "Local Dirtied Blocks": 0,                                                                                       
       "Local Written Blocks": 0,                                                                                       
       "Temp Read Blocks": 0,                                                                                           
       "Temp Written Blocks": 0,                                                                                        
       "Plans": [                                                                                                       
         {                                                                                                              
           "Node Type": "Hash Join",                                                                                    
           "Parent Relationship": "Outer",                                                                              
           "Parallel Aware": false,                                                                                     
           "Join Type": "Inner",                                                                                        
           "Startup Cost": 7028.30,                                                                                     
           "Total Cost": 20481.41,                                                                                      
           "Plan Rows": 1,                                                                                              
           "Plan Width": 32,                                                                                            
           "Actual Startup Time": 15958.252,                                                                            
           "Actual Total Time": 19829.879,                                                                              
           "Actual Rows": 16,                                                                                           
           "Actual Loops": 1,                                                                                           
           "Inner Unique": false,                                                                                       
           "Hash Cond": "(n.id = an.person_id)",                                                                        
           "Shared Hit Blocks": 3,                                                                                      
           "Shared Read Blocks": 406643,                                                                                
           "Shared Dirtied Blocks": 0,                                                                                  
           "Shared Written Blocks": 0,                                                                                  
           "Local Hit Blocks": 0,                                                                                       
           "Local Read Blocks": 0,                                                                                      
           "Local Dirtied Blocks": 0,                                                                                   
           "Local Written Blocks": 0,                                                                                   
           "Temp Read Blocks": 0,                                                                                       
           "Temp Written Blocks": 0,                                                                                    
           "Plans": [                                                                                                   
             {                                                                                                          
               "Node Type": "Hash Join",                                                                                
               "Parent Relationship": "Outer",                                                                          
               "Parallel Aware": false,                                                                                 
               "Join Type": "Inner",                                                                                    
               "Startup Cost": 6439.94,                                                                                 
               "Total Cost": 19893.05,                                                                                  
               "Plan Rows": 1,                                                                                          
               "Plan Width": 44,                                                                                        
               "Actual Startup Time": 15392.220,                                                                        
               "Actual Total Time": 19263.842,                                                                          
               "Actual Rows": 8,                                                                                        
               "Actual Loops": 1,                                                                                       
               "Inner Unique": false,                                                                                   
               "Hash Cond": "(t.id = ml.linked_movie_id)",                                                              
               "Shared Hit Blocks": 0,                                                                                  
               "Shared Read Blocks": 395248,                                                                            
               "Shared Dirtied Blocks": 0,                                                                              
               "Shared Written Blocks": 0,                                                                              
               "Local Hit Blocks": 0,                                                                                   
               "Local Read Blocks": 0,                                                                                  
               "Local Dirtied Blocks": 0,                                                                               
               "Local Written Blocks": 0,                                                                               
               "Temp Read Blocks": 0,                                                                                   
               "Temp Written Blocks": 0,                                                                                
               "Plans": [                                                                                               
                 {                                                                                                      
                   "Node Type": "Hash Join",                                                                            
                   "Parent Relationship": "Outer",                                                                      
                   "Parallel Aware": false,                                                                             
                   "Join Type": "Inner",                                                                                
                   "Startup Cost": 6429.86,                                                                             
                   "Total Cost": 19882.96,                                                                              
                   "Plan Rows": 1,                                                                                      
                   "Plan Width": 52,                                                                                    
                   "Actual Startup Time": 8109.768,                                                                     
                   "Actual Total Time": 19219.135,                                                                      
                   "Actual Rows": 22,                                                                                   
                   "Actual Loops": 1,                                                                                   
                   "Inner Unique": false,                                                                               
                   "Hash Cond": "(n.id = pi.person_id)",                                                                
                   "Shared Hit Blocks": 0,                                                                              
                   "Shared Read Blocks": 395084,                                                                        
                   "Shared Dirtied Blocks": 0,                                                                          
                   "Shared Written Blocks": 0,                                                                          
                   "Local Hit Blocks": 0,                                                                               
                   "Local Read Blocks": 0,                                                                              
                   "Local Dirtied Blocks": 0,                                                                           
                   "Local Written Blocks": 0,                                                                           
                   "Temp Read Blocks": 0,                                                                               
                   "Temp Written Blocks": 0,                                                                            
                   "Plans": [                                                                                           
                     {                                                                                                  
                       "Node Type": "Hash Join",                                                                        
                       "Parent Relationship": "Outer",                                                                  
                       "Parallel Aware": false,                                                                         
                       "Join Type": "Inner",                                                                            
                       "Startup Cost": 4400.79,                                                                         
                       "Total Cost": 17851.11,                                                                          
                       "Plan Rows": 23849,                                                                              
                       "Plan Width": 48,                                                                                
                       "Actual Startup Time": 5323.492,                                                                 
                       "Actual Total Time": 16610.082,                                                                  
                       "Actual Rows": 33044,                                                                            
                       "Actual Loops": 1,                                                                               
                       "Inner Unique": true,                                                                            
                       "Hash Cond": "(ci.movie_id = t.id)",                                                             
                       "Shared Hit Blocks": 0,                                                                          
                       "Shared Read Blocks": 344265,                                                                    
                       "Shared Dirtied Blocks": 0,                                                                      
                       "Shared Written Blocks": 0,                                                                      
                       "Local Hit Blocks": 0,                                                                           
                       "Local Read Blocks": 0,                                                                          
                       "Local Dirtied Blocks": 0,                                                                       
                       "Local Written Blocks": 0,                                                                       
                       "Temp Read Blocks": 0,                                                                           
                       "Temp Written Blocks": 0,                                                                        
                       "Plans": [                                                                                       
                         {                                                                                              
                           "Node Type": "Hash Join",                                                                    
                           "Parent Relationship": "Outer",                                                              
                           "Parallel Aware": false,                                                                     
                           "Join Type": "Inner",                                                                        
                           "Startup Cost": 2693.07,                                                                     
                           "Total Cost": 16078.77,                                                                      
                           "Plan Rows": 792707,                                                                         
                           "Plan Width": 27,                                                                            
                           "Actual Startup Time": 2649.380,                                                             
                           "Actual Total Time": 14673.098,                                                              
                           "Actual Rows": 912324,                                                                       
                           "Actual Loops": 1,                                                                           
                           "Inner Unique": true,                                                                        
                           "Hash Cond": "(ci.person_id = n.id)",                                                        
                           "Shared Hit Blocks": 0,                                                                      
                           "Shared Read Blocks": 308267,                                                                
                           "Shared Dirtied Blocks": 0,                                                                  
                           "Shared Written Blocks": 0,                                                                  
                           "Local Hit Blocks": 0,                                                                       
                           "Local Read Blocks": 0,                                                                      
                           "Local Dirtied Blocks": 0,                                                                   
                           "Local Written Blocks": 0,                                                                   
                           "Temp Read Blocks": 0,                                                                       
                           "Temp Written Blocks": 0,                                                                    
                           "Plans": [                                                                                   
                             {                                                                                          
                               "Node Type": "Seq Scan",                                                                 
                               "Parent Relationship": "Outer",                                                          
                               "Parallel Aware": false,                                                                 
                               "Relation Name": "cast_info",                                                            
                               "Alias": "ci",                                                                           
                               "Startup Cost": 0.00,                                                                    
                               "Total Cost": 10431.00,                                                                  
                               "Plan Rows": 36244344,                                                                   
                               "Plan Width": 8,                                                                         
                               "Actual Startup Time": 5.718,                                                            
                               "Actual Total Time": 5837.226,                                                           
                               "Actual Rows": 36244344,                                                                 
                               "Actual Loops": 1,                                                                       
                               "Shared Hit Blocks": 0,                                                                  
                               "Shared Read Blocks": 252654,                                                            
                               "Shared Dirtied Blocks": 0,                                                              
                               "Shared Written Blocks": 0,                                                              
                               "Local Hit Blocks": 0,                                                                   
                               "Local Read Blocks": 0,                                                                  
                               "Local Dirtied Blocks": 0,                                                               
                               "Local Written Blocks": 0,                                                               
                               "Temp Read Blocks": 0,                                                                   
                               "Temp Written Blocks": 0                                                                 
                             },                                                                                         
                             {                                                                                          
                               "Node Type": "Hash",                                                                     
                               "Parent Relationship": "Inner",                                                          
                               "Parallel Aware": false,                                                                 
                               "Startup Cost": 2679.69,                                                                 
                               "Total Cost": 2679.69,                                                                   
                               "Plan Rows": 91148,                                                                      
                               "Plan Width": 19,                                                                        
                               "Actual Startup Time": 2643.078,                                                         
                               "Actual Total Time": 2643.078,                                                           
                               "Actual Rows": 91976,                                                                    
                               "Actual Loops": 1,                                                                       
                               "Hash Buckets": 131072,                                                                  
                               "Original Hash Buckets": 131072,                                                         
                               "Hash Batches": 1,                                                                       
                               "Original Hash Batches": 1,                                                              
                               "Peak Memory Usage": 5792,                                                               
                               "Shared Hit Blocks": 0,                                                                  
                               "Shared Read Blocks": 55613,                                                             
                               "Shared Dirtied Blocks": 0,                                                              
                               "Shared Written Blocks": 0,                                                              
                               "Local Hit Blocks": 0,                                                                   
                               "Local Read Blocks": 0,                                                                  
                               "Local Dirtied Blocks": 0,                                                               
                               "Local Written Blocks": 0,                                                               
                               "Temp Read Blocks": 0,                                                                   
                               "Temp Written Blocks": 0,                                                                
                               "Plans": [                                                                               
                                 {                                                                                      
                                   "Node Type": "Seq Scan",                                                             
                                   "Parent Relationship": "Outer",                                                      
                                   "Parallel Aware": false,                                                             
                                   "Relation Name": "name",                                                             
                                   "Alias": "n",                                                                        
                                   "Startup Cost": 0.00,                                                                
                                   "Total Cost": 2679.69,                                                               
                                   "Plan Rows": 91148,                                                                  
                                   "Plan Width": 19,                                                                    
                                   "Actual Startup Time": 46.137,                                                       
                                   "Actual Total Time": 2613.151,                                                       
                                   "Actual Rows": 91976,                                                                
                                   "Actual Loops": 1,                                                                   
                                   "Filter": "(((name_pcode_cf)::text ~~ 'D%'::text) AND ((gender)::text = 'm'::text))",
                                   "Rows Removed by Filter": 4075515,                                                   
                                   "Shared Hit Blocks": 0,                                                              
                                   "Shared Read Blocks": 55613,                                                         
                                   "Shared Dirtied Blocks": 0,                                                          
                                   "Shared Written Blocks": 0,                                                          
                                   "Local Hit Blocks": 0,                                                               
                                   "Local Read Blocks": 0,                                                              
                                   "Local Dirtied Blocks": 0,                                                           
                                   "Local Written Blocks": 0,                                                           
                                   "Temp Read Blocks": 0,                                                               
                                   "Temp Written Blocks": 0                                                             
                                 }                                                                                      
                               ]                                                                                        
                             }                                                                                          
                           ]                                                                                            
                         },                                                                                             
                         {                                                                                              
                           "Node Type": "Hash",                                                                         
                           "Parent Relationship": "Inner",                                                              
                           "Parallel Aware": false,                                                                     
                           "Startup Cost": 1696.56,                                                                     
                           "Total Cost": 1696.56,                                                                       
                           "Plan Rows": 76065,                                                                          
                           "Plan Width": 21,                                                                            
                           "Actual Startup Time": 1763.510,                                                             
                           "Actual Total Time": 1763.511,                                                               
                           "Actual Rows": 76065,                                                                        
                           "Actual Loops": 1,                                                                           
                           "Hash Buckets": 131072,                                                                      
                           "Original Hash Buckets": 131072,                                                             
                           "Hash Batches": 1,                                                                           
                           "Original Hash Batches": 1,                                                                  
                           "Peak Memory Usage": 5123,                                                                   
                           "Shared Hit Blocks": 0,                                                                      
                           "Shared Read Blocks": 35998,                                                                 
                           "Shared Dirtied Blocks": 0,                                                                  
                           "Shared Written Blocks": 0,                                                                  
                           "Local Hit Blocks": 0,                                                                       
                           "Local Read Blocks": 0,                                                                      
                           "Local Dirtied Blocks": 0,                                                                   
                           "Local Written Blocks": 0,                                                                   
                           "Temp Read Blocks": 0,                                                                       
                           "Temp Written Blocks": 0,                                                                    
                           "Plans": [                                                                                   
                             {                                                                                          
                               "Node Type": "Seq Scan",                                                                 
                               "Parent Relationship": "Outer",                                                          
                               "Parallel Aware": false,                                                                 
                               "Relation Name": "title",                                                                
                               "Alias": "t",                                                                            
                               "Startup Cost": 0.00,                                                                    
                               "Total Cost": 1696.56,                                                                   
                               "Plan Rows": 76065,                                                                      
                               "Plan Width": 21,                                                                        
                               "Actual Startup Time": 5.767,                                                            
                               "Actual Total Time": 1710.105,                                                           
                               "Actual Rows": 76065,                                                                    
                               "Actual Loops": 1,                                                                       
                               "Filter": "((production_year >= 1980) AND (production_year <= 1984))",                   
                               "Rows Removed by Filter": 2452247,                                                       
                               "Shared Hit Blocks": 0,                                                                  
                               "Shared Read Blocks": 35998,                                                             
                               "Shared Dirtied Blocks": 0,                                                              
                               "Shared Written Blocks": 0,                                                              
                               "Local Hit Blocks": 0,                                                                   
                               "Local Read Blocks": 0,                                                                  
                               "Local Dirtied Blocks": 0,                                                               
                               "Local Written Blocks": 0,                                                               
                               "Temp Read Blocks": 0,                                                                   
                               "Temp Written Blocks": 0                                                                 
                             }                                                                                          
                           ]                                                                                            
                         }                                                                                              
                       ]                                                                                                
                     },                                                                                                 
                     {                                                                                                  
                       "Node Type": "Hash",                                                                             
                       "Parent Relationship": "Inner",                                                                  
                       "Parallel Aware": false,                                                                         
                       "Startup Cost": 2029.07,                                                                         
                       "Total Cost": 2029.07,                                                                           
                       "Plan Rows": 1,                                                                                  
                       "Plan Width": 4,                                                                                 
                       "Actual Startup Time": 2605.143,                                                                 
                       "Actual Total Time": 2605.144,                                                                   
                       "Actual Rows": 64,                                                                               
                       "Actual Loops": 1,                                                                               
                       "Hash Buckets": 1024,                                                                            
                       "Original Hash Buckets": 1024,                                                                   
                       "Hash Batches": 1,                                                                               
                       "Original Hash Batches": 1,                                                                      
                       "Peak Memory Usage": 11,                                                                         
                       "Shared Hit Blocks": 0,                                                                          
                       "Shared Read Blocks": 50819,                                                                     
                       "Shared Dirtied Blocks": 0,                                                                      
                       "Shared Written Blocks": 0,                                                                      
                       "Local Hit Blocks": 0,                                                                           
                       "Local Read Blocks": 0,                                                                          
                       "Local Dirtied Blocks": 0,                                                                       
                       "Local Written Blocks": 0,                                                                       
                       "Temp Read Blocks": 0,                                                                           
                       "Temp Written Blocks": 0,                                                                        
                       "Plans": [                                                                                       
                         {                                                                                              
                           "Node Type": "Hash Join",                                                                    
                           "Parent Relationship": "Outer",                                                              
                           "Parallel Aware": false,                                                                     
                           "Join Type": "Inner",                                                                        
                           "Startup Cost": 0.05,                                                                        
                           "Total Cost": 2029.07,                                                                       
                           "Plan Rows": 1,                                                                              
                           "Plan Width": 4,                                                                             
                           "Actual Startup Time": 76.006,                                                               
                           "Actual Total Time": 2604.941,                                                               
                           "Actual Rows": 64,                                                                           
                           "Actual Loops": 1,                                                                           
                           "Inner Unique": true,                                                                        
                           "Hash Cond": "(pi.info_type_id = it.id)",                                                    
                           "Shared Hit Blocks": 0,                                                                      
                           "Shared Read Blocks": 50819,                                                                 
                           "Shared Dirtied Blocks": 0,                                                                  
                           "Shared Written Blocks": 0,                                                                  
                           "Local Hit Blocks": 0,                                                                       
                           "Local Read Blocks": 0,                                                                      
                           "Local Dirtied Blocks": 0,                                                                   
                           "Local Written Blocks": 0,                                                                   
                           "Temp Read Blocks": 0,                                                                       
                           "Temp Written Blocks": 0,                                                                    
                           "Plans": [                                                                                   
                             {                                                                                          
                               "Node Type": "Seq Scan",                                                                 
                               "Parent Relationship": "Outer",                                                          
                               "Parallel Aware": false,                                                                 
                               "Relation Name": "person_info",                                                          
                               "Alias": "pi",                                                                           
                               "Startup Cost": 0.00,                                                                    
                               "Total Cost": 2029.02,                                                                   
                               "Plan Rows": 64,                                                                         
                               "Plan Width": 8,                                                                         
                               "Actual Startup Time": 49.654,                                                           
                               "Actual Total Time": 2578.174,                                                           
                               "Actual Rows": 64,                                                                       
                               "Actual Loops": 1,                                                                       
                               "Filter": "(note = 'Volker Boehm'::text)",                                               
                               "Rows Removed by Filter": 2963600,                                                       
                               "Shared Hit Blocks": 0,                                                                  
                               "Shared Read Blocks": 50818,                                                             
                               "Shared Dirtied Blocks": 0,                                                              
                               "Shared Written Blocks": 0,                                                              
                               "Local Hit Blocks": 0,                                                                   
                               "Local Read Blocks": 0,                                                                  
                               "Local Dirtied Blocks": 0,                                                               
                               "Local Written Blocks": 0,                                                               
                               "Temp Read Blocks": 0,                                                                   
                               "Temp Written Blocks": 0                                                                 
                             },                                                                                         
                             {                                                                                          
                               "Node Type": "Hash",                                                                     
                               "Parent Relationship": "Inner",                                                          
                               "Parallel Aware": false,                                                                 
                               "Startup Cost": 0.05,                                                                    
                               "Total Cost": 0.05,                                                                      
                               "Plan Rows": 1,                                                                          
                               "Plan Width": 4,                                                                         
                               "Actual Startup Time": 26.306,                                                           
                               "Actual Total Time": 26.306,                                                             
                               "Actual Rows": 1,                                                                        
                               "Actual Loops": 1,                                                                       
                               "Hash Buckets": 1024,                                                                    
                               "Original Hash Buckets": 1024,                                                           
                               "Hash Batches": 1,                                                                       
                               "Original Hash Batches": 1,                                                              
                               "Peak Memory Usage": 9,                                                                  
                               "Shared Hit Blocks": 0,                                                                  
                               "Shared Read Blocks": 1,                                                                 
                               "Shared Dirtied Blocks": 0,                                                              
                               "Shared Written Blocks": 0,                                                              
                               "Local Hit Blocks": 0,                                                                   
                               "Local Read Blocks": 0,                                                                  
                               "Local Dirtied Blocks": 0,                                                               
                               "Local Written Blocks": 0,                                                               
                               "Temp Read Blocks": 0,                                                                   
                               "Temp Written Blocks": 0,                                                                
                               "Plans": [                                                                               
                                 {                                                                                      
                                   "Node Type": "Seq Scan",                                                             
                                   "Parent Relationship": "Outer",                                                      
                                   "Parallel Aware": false,                                                             
                                   "Relation Name": "info_type",                                                        
                                   "Alias": "it",                                                                       
                                   "Startup Cost": 0.00,                                                                
                                   "Total Cost": 0.05,                                                                  
                                   "Plan Rows": 1,                                                                      
                                   "Plan Width": 4,                                                                     
                                   "Actual Startup Time": 26.242,                                                       
                                   "Actual Total Time": 26.277,                                                         
                                   "Actual Rows": 1,                                                                    
                                   "Actual Loops": 1,                                                                   
                                   "Filter": "((info)::text = 'mini biography'::text)",                                 
                                   "Rows Removed by Filter": 112,                                                       
                                   "Shared Hit Blocks": 0,                                                              
                                   "Shared Read Blocks": 1,                                                             
                                   "Shared Dirtied Blocks": 0,                                                          
                                   "Shared Written Blocks": 0,                                                          
                                   "Local Hit Blocks": 0,                                                               
                                   "Local Read Blocks": 0,                                                              
                                   "Local Dirtied Blocks": 0,                                                           
                                   "Local Written Blocks": 0,                                                           
                                   "Temp Read Blocks": 0,                                                               
                                   "Temp Written Blocks": 0                                                             
                                 }                                                                                      
                               ]                                                                                        
                             }                                                                                          
                           ]                                                                                            
                         }                                                                                              
                       ]                                                                                                
                     }                                                                                                  
                   ]                                                                                                    
                 },                                                                                                     
                 {                                                                                                      
                   "Node Type": "Hash",                                                                                 
                   "Parent Relationship": "Inner",                                                                      
                   "Parallel Aware": false,                                                                             
                   "Startup Cost": 9.84,                                                                                
                   "Total Cost": 9.84,                                                                                  
                   "Plan Rows": 1666,                                                                                   
                   "Plan Width": 4,                                                                                     
                   "Actual Startup Time": 44.666,                                                                       
                   "Actual Total Time": 44.666,                                                                         
                   "Actual Rows": 5186,                                                                                 
                   "Actual Loops": 1,                                                                                   
                   "Hash Buckets": 8192,                                                                                
                   "Original Hash Buckets": 2048,                                                                       
                   "Hash Batches": 1,                                                                                   
                   "Original Hash Batches": 1,                                                                          
                   "Peak Memory Usage": 247,                                                                            
                   "Shared Hit Blocks": 0,                                                                              
                   "Shared Read Blocks": 164,                                                                           
                   "Shared Dirtied Blocks": 0,                                                                          
                   "Shared Written Blocks": 0,                                                                          
                   "Local Hit Blocks": 0,                                                                               
                   "Local Read Blocks": 0,                                                                              
                   "Local Dirtied Blocks": 0,                                                                           
                   "Local Written Blocks": 0,                                                                           
                   "Temp Read Blocks": 0,                                                                               
                   "Temp Written Blocks": 0,                                                                            
                   "Plans": [                                                                                           
                     {                                                                                                  
                       "Node Type": "Hash Join",                                                                        
                       "Parent Relationship": "Outer",                                                                  
                       "Parallel Aware": false,                                                                         
                       "Join Type": "Inner",                                                                            
                       "Startup Cost": 0.03,                                                                            
                       "Total Cost": 9.84,                                                                              
                       "Plan Rows": 1666,                                                                               
                       "Plan Width": 4,                                                                                 
                       "Actual Startup Time": 26.613,                                                                   
                       "Actual Total Time": 42.505,                                                                     
                       "Actual Rows": 5186,                                                                             
                       "Actual Loops": 1,                                                                               
                       "Inner Unique": true,                                                                            
                       "Hash Cond": "(ml.link_type_id = lt.id)",                                                        
                       "Shared Hit Blocks": 0,                                                                          
                       "Shared Read Blocks": 164,                                                                       
                       "Shared Dirtied Blocks": 0,                                                                      
                       "Shared Written Blocks": 0,                                                                      
                       "Local Hit Blocks": 0,                                                                           
                       "Local Read Blocks": 0,                                                                          
                       "Local Dirtied Blocks": 0,                                                                       
                       "Local Written Blocks": 0,                                                                       
                       "Temp Read Blocks": 0,                                                                           
                       "Temp Written Blocks": 0,                                                                        
                       "Plans": [                                                                                       
                         {                                                                                              
                           "Node Type": "Seq Scan",                                                                     
                           "Parent Relationship": "Outer",                                                              
                           "Parallel Aware": false,                                                                     
                           "Relation Name": "movie_link",                                                               
                           "Alias": "ml",                                                                               
                           "Startup Cost": 0.00,                                                                        
                           "Total Cost": 7.19,                                                                          
                           "Plan Rows": 29997,                                                                          
                           "Plan Width": 8,                                                                             
                           "Actual Startup Time": 18.632,                                                               
                           "Actual Total Time": 24.892,                                                                 
                           "Actual Rows": 29997,                                                                        
                           "Actual Loops": 1,                                                                           
                           "Shared Hit Blocks": 0,                                                                      
                           "Shared Read Blocks": 163,                                                                   
                           "Shared Dirtied Blocks": 0,                                                                  
                           "Shared Written Blocks": 0,                                                                  
                           "Local Hit Blocks": 0,                                                                       
                           "Local Read Blocks": 0,                                                                      
                           "Local Dirtied Blocks": 0,                                                                   
                           "Local Written Blocks": 0,                                                                   
                           "Temp Read Blocks": 0,                                                                       
                           "Temp Written Blocks": 0                                                                     
                         },                                                                                             
                         {                                                                                              
                           "Node Type": "Hash",                                                                         
                           "Parent Relationship": "Inner",                                                              
                           "Parallel Aware": false,                                                                     
                           "Startup Cost": 0.03,                                                                        
                           "Total Cost": 0.03,                                                                          
                           "Plan Rows": 1,                                                                              
                           "Plan Width": 4,                                                                             
                           "Actual Startup Time": 7.863,                                                                
                           "Actual Total Time": 7.863,                                                                  
                           "Actual Rows": 1,                                                                            
                           "Actual Loops": 1,                                                                           
                           "Hash Buckets": 1024,                                                                        
                           "Original Hash Buckets": 1024,                                                               
                           "Hash Batches": 1,                                                                           
                           "Original Hash Batches": 1,                                                                  
                           "Peak Memory Usage": 9,                                                                      
                           "Shared Hit Blocks": 0,                                                                      
                           "Shared Read Blocks": 1,                                                                     
                           "Shared Dirtied Blocks": 0,                                                                  
                           "Shared Written Blocks": 0,                                                                  
                           "Local Hit Blocks": 0,                                                                       
                           "Local Read Blocks": 0,                                                                      
                           "Local Dirtied Blocks": 0,                                                                   
                           "Local Written Blocks": 0,                                                                   
                           "Temp Read Blocks": 0,                                                                       
                           "Temp Written Blocks": 0,                                                                    
                           "Plans": [                                                                                   
                             {                                                                                          
                               "Node Type": "Seq Scan",                                                                 
                               "Parent Relationship": "Outer",                                                          
                               "Parallel Aware": false,                                                                 
                               "Relation Name": "link_type",                                                            
                               "Alias": "lt",                                                                           
                               "Startup Cost": 0.00,                                                                    
                               "Total Cost": 0.03,                                                                      
                               "Plan Rows": 1,                                                                          
                               "Plan Width": 4,                                                                         
                               "Actual Startup Time": 7.846,                                                            
                               "Actual Total Time": 7.852,                                                              
                               "Actual Rows": 1,                                                                        
                               "Actual Loops": 1,                                                                       
                               "Filter": "((link)::text = 'features'::text)",                                           
                               "Rows Removed by Filter": 17,                                                            
                               "Shared Hit Blocks": 0,                                                                  
                               "Shared Read Blocks": 1,                                                                 
                               "Shared Dirtied Blocks": 0,                                                              
                               "Shared Written Blocks": 0,                                                              
                               "Local Hit Blocks": 0,                                                                   
                               "Local Read Blocks": 0,                                                                  
                               "Local Dirtied Blocks": 0,                                                               
                               "Local Written Blocks": 0,                                                               
                               "Temp Read Blocks": 0,                                                                   
                               "Temp Written Blocks": 0                                                                 
                             }                                                                                          
                           ]                                                                                            
                         }                                                                                              
                       ]                                                                                                
                     }                                                                                                  
                   ]                                                                                                    
                 }                                                                                                      
               ]                                                                                                        
             },                                                                                                         
             {                                                                                                          
               "Node Type": "Hash",                                                                                     
               "Parent Relationship": "Inner",                                                                          
               "Parallel Aware": false,                                                                                 
               "Startup Cost": 489.73,                                                                                  
               "Total Cost": 489.73,                                                                                    
               "Plan Rows": 671965,                                                                                     
               "Plan Width": 4,                                                                                         
               "Actual Startup Time": 563.489,                                                                          
               "Actual Total Time": 563.490,                                                                            
               "Actual Rows": 674692,                                                                                   
               "Actual Loops": 1,                                                                                       
               "Hash Buckets": 1048576,                                                                                 
               "Original Hash Buckets": 1048576,                                                                        
               "Hash Batches": 1,                                                                                       
               "Original Hash Batches": 1,                                                                              
               "Peak Memory Usage": 31912,                                                                              
               "Shared Hit Blocks": 0,                                                                                  
               "Shared Read Blocks": 11395,                                                                             
               "Shared Dirtied Blocks": 0,                                                                              
               "Shared Written Blocks": 0,                                                                              
               "Local Hit Blocks": 0,                                                                                   
               "Local Read Blocks": 0,                                                                                  
               "Local Dirtied Blocks": 0,                                                                               
               "Local Written Blocks": 0,                                                                               
               "Temp Read Blocks": 0,                                                                                   
               "Temp Written Blocks": 0,                                                                                
               "Plans": [                                                                                               
                 {                                                                                                      
                   "Node Type": "Seq Scan",                                                                             
                   "Parent Relationship": "Outer",                                                                      
                   "Parallel Aware": false,                                                                             
                   "Relation Name": "aka_name",                                                                         
                   "Alias": "an",                                                                                       
                   "Startup Cost": 0.00,                                                                                
                   "Total Cost": 489.73,                                                                                
                   "Plan Rows": 671965,                                                                                 
                   "Plan Width": 4,                                                                                     
                   "Actual Startup Time": 15.197,                                                                       
                   "Actual Total Time": 373.044,                                                                        
                   "Actual Rows": 674692,                                                                               
                   "Actual Loops": 1,                                                                                   
                   "Filter": "(name ~~ '%a%'::text)",                                                                   
                   "Rows Removed by Filter": 226651,                                                                    
                   "Shared Hit Blocks": 0,                                                                              
                   "Shared Read Blocks": 11395,                                                                         
                   "Shared Dirtied Blocks": 0,                                                                          
                   "Shared Written Blocks": 0,                                                                          
                   "Local Hit Blocks": 0,                                                                               
                   "Local Read Blocks": 0,                                                                              
                   "Local Dirtied Blocks": 0,                                                                           
                   "Local Written Blocks": 0,                                                                           
                   "Temp Read Blocks": 0,                                                                               
                   "Temp Written Blocks": 0                                                                             
                 }                                                                                                      
               ]                                                                                                        
             }                                                                                                          
           ]                                                                                                            
         }                                                                                                              
       ]                                                                                                                
     },                                                                                                                 
     "Planning Time": 6002.178,                                                                                         
     "Triggers": [                                                                                                      
     ],                                                                                                                 
     "Execution Time": 19831.676                                                                                        
