     "Plan": {                                                                                      
       "Node Type": "Aggregate",                                                                    
       "Strategy": "Plain",                                                                         
       "Partial Mode": "Simple",                                                                    
       "Parallel Aware": false,                                                                     
       "Startup Cost": 19411.90,                                                                    
       "Total Cost": 19411.90,                                                                      
       "Plan Rows": 1,                                                                              
       "Plan Width": 64,                                                                            
       "Actual Startup Time": 18433.122,                                                            
       "Actual Total Time": 18433.122,                                                              
       "Actual Rows": 1,                                                                            
       "Actual Loops": 1,                                                                           
       "Shared Hit Blocks": 3,                                                                      
       "Shared Read Blocks": 377444,                                                                
       "Shared Dirtied Blocks": 0,                                                                  
       "Shared Written Blocks": 0,                                                                  
       "Local Hit Blocks": 0,                                                                       
       "Local Read Blocks": 0,                                                                      
       "Local Dirtied Blocks": 0,                                                                   
       "Local Written Blocks": 0,                                                                   
       "Temp Read Blocks": 0,                                                                       
       "Temp Written Blocks": 0,                                                                    
       "Plans": [                                                                                   
         {                                                                                          
           "Node Type": "Hash Join",                                                                
           "Parent Relationship": "Outer",                                                          
           "Parallel Aware": false,                                                                 
           "Join Type": "Inner",                                                                    
           "Startup Cost": 6157.55,                                                                 
           "Total Cost": 19411.90,                                                                  
           "Plan Rows": 1,                                                                          
           "Plan Width": 33,                                                                        
           "Actual Startup Time": 11827.432,                                                        
           "Actual Total Time": 18433.082,                                                          
           "Actual Rows": 62,                                                                       
           "Actual Loops": 1,                                                                       
           "Inner Unique": true,                                                                    
           "Hash Cond": "(ci.movie_id = t.id)",                                                     
           "Shared Hit Blocks": 3,                                                                  
           "Shared Read Blocks": 377444,                                                            
           "Shared Dirtied Blocks": 0,                                                              
           "Shared Written Blocks": 0,                                                              
           "Local Hit Blocks": 0,                                                                   
           "Local Read Blocks": 0,                                                                  
           "Local Dirtied Blocks": 0,                                                               
           "Local Written Blocks": 0,                                                               
           "Temp Read Blocks": 0,                                                                   
           "Temp Written Blocks": 0,                                                                
           "Plans": [                                                                               
             {                                                                                      
               "Node Type": "Hash Join",                                                            
               "Parent Relationship": "Outer",                                                      
               "Parallel Aware": false,                                                             
               "Join Type": "Inner",                                                                
               "Startup Cost": 4482.48,                                                             
               "Total Cost": 17736.83,                                                              
               "Plan Rows": 1,                                                                      
               "Plan Width": 24,                                                                    
               "Actual Startup Time": 9776.297,                                                     
               "Actual Total Time": 16381.918,                                                      
               "Actual Rows": 62,                                                                   
               "Actual Loops": 1,                                                                   
               "Inner Unique": false,                                                               
               "Hash Cond": "(ci.movie_id = mc.movie_id)",                                          
               "Shared Hit Blocks": 0,                                                              
               "Shared Read Blocks": 341446,                                                        
               "Shared Dirtied Blocks": 0,                                                          
               "Shared Written Blocks": 0,                                                          
               "Local Hit Blocks": 0,                                                               
               "Local Read Blocks": 0,                                                              
               "Local Dirtied Blocks": 0,                                                           
               "Local Written Blocks": 0,                                                           
               "Temp Read Blocks": 0,                                                               
               "Temp Written Blocks": 0,                                                            
               "Plans": [                                                                           
                 {                                                                                  
                   "Node Type": "Hash Join",                                                        
                   "Parent Relationship": "Outer",                                                  
                   "Parallel Aware": false,                                                         
                   "Join Type": "Inner",                                                            
                   "Startup Cost": 3176.82,                                                         
                   "Total Cost": 16431.14,                                                          
                   "Plan Rows": 35,                                                                 
                   "Plan Width": 20,                                                                
                   "Actual Startup Time": 8696.312,                                                 
                   "Actual Total Time": 15301.769,                                                  
                   "Actual Rows": 659,                                                              
                   "Actual Loops": 1,                                                               
                   "Inner Unique": false,                                                           
                   "Hash Cond": "(ci.person_id = an.person_id)",                                   
                   "Shared Hit Blocks": 0,                                                          
                   "Shared Read Blocks": 319663,                                                    
                   "Shared Dirtied Blocks": 0,                                                      
                   "Shared Written Blocks": 0,                                                      
                   "Local Hit Blocks": 0,                                                           
                   "Local Read Blocks": 0,                                                          
                   "Local Dirtied Blocks": 0,                                                       
                   "Local Written Blocks": 0,                                                       
                   "Temp Read Blocks": 0,                                                           
                   "Temp Written Blocks": 0,                                                        
                   "Plans": [                                                                       
                     {                                                                              
                       "Node Type": "Hash Join",                                                    
                       "Parent Relationship": "Outer",                                              
                       "Parallel Aware": false,                                                     
                       "Join Type": "Inner",                                                        
                       "Startup Cost": 0.03,                                                        
                       "Total Cost": 13253.45,                                                      
                       "Plan Rows": 7772,                                                           
                       "Plan Width": 8,                                                             
                       "Actual Startup Time": 4052.064,                                             
                       "Actual Total Time": 12031.268,                                              
                       "Actual Rows": 34848,                                                        
                       "Actual Loops": 1,                                                           
                       "Inner Unique": true,                                                        
                       "Hash Cond": "(ci.role_id = rt.id)",                                         
                       "Shared Hit Blocks": 0,                                                      
                       "Shared Read Blocks": 252655,                                                
                       "Shared Dirtied Blocks": 0,                                                  
                       "Shared Written Blocks": 0,                                                  
                       "Local Hit Blocks": 0,                                                       
                       "Local Read Blocks": 0,                                                      
                       "Local Dirtied Blocks": 0,                                                   
                       "Local Written Blocks": 0,                                                   
                       "Temp Read Blocks": 0,                                                       
                       "Temp Written Blocks": 0,                                                    
                       "Plans": [                                                                   
                         {                                                                          
                           "Node Type": "Seq Scan",                                                 
                           "Parent Relationship": "Outer",                                          
                           "Parallel Aware": false,                                                 
                           "Relation Name": "cast_info",                                            
                           "Alias": "ci",                                                           
                           "Startup Cost": 0.00,                                                    
                           "Total Cost": 13245.00,                                                  
                           "Plan Rows": 93269,                                                      
                           "Plan Width": 12,                                                        
                           "Actual Startup Time": 53.249,                                           
                           "Actual Total Time": 11981.631,                                          
                           "Actual Rows": 93095,                                                    
                           "Actual Loops": 1,                                                       
                           "Filter": "(note = '(voice: English version)'::text)",                   
                           "Rows Removed by Filter": 36151249,                                      
                           "Shared Hit Blocks": 0,                                                  
                           "Shared Read Blocks": 252654,                                            
                           "Shared Dirtied Blocks": 0,                                              
                           "Shared Written Blocks": 0,                                              
                           "Local Hit Blocks": 0,                                                   
                           "Local Read Blocks": 0,                                                  
                           "Local Dirtied Blocks": 0,                                               
                           "Local Written Blocks": 0,                                               
                           "Temp Read Blocks": 0,                                                   
                           "Temp Written Blocks": 0                                                 
                         },                                                                         
                         {                                                                          
                           "Node Type": "Hash",                                                     
                           "Parent Relationship": "Inner",                                          
                           "Parallel Aware": false,                                                 
                           "Startup Cost": 0.03,                                                    
                           "Total Cost": 0.03,                                                      
                           "Plan Rows": 1,                                                          
                           "Plan Width": 4,                                                         
                           "Actual Startup Time": 18.783,                                           
                           "Actual Total Time": 18.783,                                             
                           "Actual Rows": 1,                                                        
                           "Actual Loops": 1,                                                       
                           "Hash Buckets": 1024,                                                    
                           "Original Hash Buckets": 1024,                                           
                           "Hash Batches": 1,                                                       
                           "Original Hash Batches": 1,                                              
                           "Peak Memory Usage": 9,                                                  
                           "Shared Hit Blocks": 0,                                                  
                           "Shared Read Blocks": 1,                                                 
                           "Shared Dirtied Blocks": 0,                                              
                           "Shared Written Blocks": 0,                                              
                           "Local Hit Blocks": 0,                                                   
                           "Local Read Blocks": 0,                                                  
                           "Local Dirtied Blocks": 0,                                               
                           "Local Written Blocks": 0,                                               
                           "Temp Read Blocks": 0,                                                   
                           "Temp Written Blocks": 0,                                                
                           "Plans": [                                                               
                             {                                                                      
                               "Node Type": "Seq Scan",                                             
                               "Parent Relationship": "Outer",                                      
                               "Parallel Aware": false,                                             
                               "Relation Name": "role_type",                                        
                               "Alias": "rt",                                                       
                               "Startup Cost": 0.00,                                                
                               "Total Cost": 0.03,                                                  
                               "Plan Rows": 1,                                                      
                               "Plan Width": 4,                                                     
                               "Actual Startup Time": 18.763,                                       
                               "Actual Total Time": 18.770,                                         
                               "Actual Rows": 1,                                                    
                               "Actual Loops": 1,                                                   
                               "Filter": "((role)::text = 'actress'::text)",                        
                               "Rows Removed by Filter": 11,                                        
                               "Shared Hit Blocks": 0,                                              
                               "Shared Read Blocks": 1,                                             
                               "Shared Dirtied Blocks": 0,                                          
                               "Shared Written Blocks": 0,                                          
                               "Local Hit Blocks": 0,                                               
                               "Local Read Blocks": 0,                                              
                               "Local Dirtied Blocks": 0,                                           
                               "Local Written Blocks": 0,                                           
                               "Temp Read Blocks": 0,                                               
                               "Temp Written Blocks": 0                                             
                             }                                                                      
                           ]                                                                        
                         }                                                                          
                       ]                                                                            
                     },                                                                             
                     {                                                                              
                       "Node Type": "Hash",                                                         
                       "Parent Relationship": "Inner",                                              
                       "Parallel Aware": false,                                                     
                       "Startup Cost": 3176.10,                                                     
                       "Total Cost": 3176.10,                                                       
                       "Plan Rows": 4689,                                                           
                       "Plan Width": 24,                                                            
                       "Actual Startup Time": 3263.299,                                             
                       "Actual Total Time": 3263.300,                                               
                       "Actual Rows": 4031,                                                         
                       "Actual Loops": 1,                                                           
                       "Hash Buckets": 8192,                                                        
                       "Original Hash Buckets": 8192,                                               
                       "Hash Batches": 1,                                                           
                       "Original Hash Batches": 1,                                                  
                       "Peak Memory Usage": 293,                                                    
                       "Shared Hit Blocks": 0,                                                      
                       "Shared Read Blocks": 67008,                                                 
                       "Shared Dirtied Blocks": 0,                                                  
                       "Shared Written Blocks": 0,                                                  
                       "Local Hit Blocks": 0,                                                       
                       "Local Read Blocks": 0,                                                      
                       "Local Dirtied Blocks": 0,                                                   
                       "Local Written Blocks": 0,                                                   
                       "Temp Read Blocks": 0,                                                       
                       "Temp Written Blocks": 0,                                                    
                       "Plans": [                                                                   
                         {                                                                          
                           "Node Type": "Hash Join",                                                
                           "Parent Relationship": "Outer",                                          
                           "Parallel Aware": false,                                                 
                           "Join Type": "Inner",                                                    
                           "Startup Cost": 2682.87,                                                 
                           "Total Cost": 3176.10,                                                   
                           "Plan Rows": 4689,                                                       
                           "Plan Width": 24,                                                        
                           "Actual Startup Time": 2613.384,                                         
                           "Actual Total Time": 3261.033,                                           
                           "Actual Rows": 4031,                                                     
                           "Actual Loops": 1,                                                       
                           "Inner Unique": true,                                                    
                           "Hash Cond": "(an.person_id = n.id)",                                  
                           "Shared Hit Blocks": 0,                                                  
                           "Shared Read Blocks": 67008,                                             
                           "Shared Dirtied Blocks": 0,                                              
                           "Shared Written Blocks": 0,                                              
                           "Local Hit Blocks": 0,                                                   
                           "Local Read Blocks": 0,                                                  
                           "Local Dirtied Blocks": 0,                                               
                           "Local Written Blocks": 0,                                               
                           "Temp Read Blocks": 0,                                                   
                           "Temp Written Blocks": 0,                                                
                           "Plans": [                                                               
                             {                                                                      
                               "Node Type": "Seq Scan",                                             
                               "Parent Relationship": "Outer",                                      
                               "Parallel Aware": false,                                             
                               "Relation Name": "aka_name",                                         
                               "Alias": "an",                                                      
                               "Startup Cost": 0.00,                                                
                               "Total Cost": 419.75,                                                
                               "Plan Rows": 901343,                                                 
                               "Plan Width": 20,                                                    
                               "Actual Startup Time": 4.838,                                        
                               "Actual Total Time": 422.300,                                        
                               "Actual Rows": 901343,                                               
                               "Actual Loops": 1,                                                   
                               "Shared Hit Blocks": 0,                                              
                               "Shared Read Blocks": 11395,                                         
                               "Shared Dirtied Blocks": 0,                                          
                               "Shared Written Blocks": 0,                                          
                               "Local Hit Blocks": 0,                                               
                               "Local Read Blocks": 0,                                              
                               "Local Dirtied Blocks": 0,                                           
                               "Local Written Blocks": 0,                                           
                               "Temp Read Blocks": 0,                                               
                               "Temp Written Blocks": 0                                             
                             },                                                                     
                             {                                                                      
                               "Node Type": "Hash",                                                 
                               "Parent Relationship": "Inner",                                      
                               "Parallel Aware": false,                                             
                               "Startup Cost": 2679.69,                                             
                               "Total Cost": 2679.69,                                               
                               "Plan Rows": 21680,                                                  
                               "Plan Width": 4,                                                     
                               "Actual Startup Time": 2603.546,                                     
                               "Actual Total Time": 2603.546,                                       
                               "Actual Rows": 20911,                                                
                               "Actual Loops": 1,                                                   
                               "Hash Buckets": 32768,                                               
                               "Original Hash Buckets": 32768,                                      
                               "Hash Batches": 1,                                                   
                               "Original Hash Batches": 1,                                          
                               "Peak Memory Usage": 992,                                            
                               "Shared Hit Blocks": 0,                                              
                               "Shared Read Blocks": 55613,                                         
                               "Shared Dirtied Blocks": 0,                                          
                               "Shared Written Blocks": 0,                                          
                               "Local Hit Blocks": 0,                                               
                               "Local Read Blocks": 0,                                              
                               "Local Dirtied Blocks": 0,                                           
                               "Local Written Blocks": 0,                                           
                               "Temp Read Blocks": 0,                                               
                               "Temp Written Blocks": 0,                                            
                               "Plans": [                                                           
                                 {                                                                  
                                   "Node Type": "Seq Scan",                                         
                                   "Parent Relationship": "Outer",                                  
                                   "Parallel Aware": false,                                         
                                   "Relation Name": "name",                                         
                                   "Alias": "n",                                                   
                                   "Startup Cost": 0.00,                                            
                                   "Total Cost": 2679.69,                                           
                                   "Plan Rows": 21680,                                              
                                   "Plan Width": 4,                                                 
                                   "Actual Startup Time": 6.120,                                    
                                   "Actual Total Time": 2591.521,                                   
                                   "Actual Rows": 20911,                                            
                                   "Actual Loops": 1,                                               
                                   "Filter": "((name ~~ '%Yo%'::text) AND (name !~~ '%Yu%'::text))",
                                   "Rows Removed by Filter": 4146580,                               
                                   "Shared Hit Blocks": 0,                                          
                                   "Shared Read Blocks": 55613,                                     
                                   "Shared Dirtied Blocks": 0,                                      
                                   "Shared Written Blocks": 0,                                      
                                   "Local Hit Blocks": 0,                                           
                                   "Local Read Blocks": 0,                                          
                                   "Local Dirtied Blocks": 0,                                       
                                   "Local Written Blocks": 0,                                       
                                   "Temp Read Blocks": 0,                                           
                                   "Temp Written Blocks": 0                                         
                                 }                                                                  
                               ]                                                                    
                             }                                                                      
                           ]                                                                        
                         }                                                                          
                       ]                                                                            
                     }                                                                              
                   ]                                                                                
                 },                                                                                 
                 {                                                                                  
                   "Node Type": "Hash",                                                             
                   "Parent Relationship": "Inner",                                                  
                   "Parallel Aware": false,                                                         
                   "Startup Cost": 1305.59,                                                         
                   "Total Cost": 1305.59,                                                           
                   "Plan Rows": 458,                                                                
                   "Plan Width": 4,                                                                 
                   "Actual Startup Time": 1079.969,                                                 
                   "Actual Total Time": 1079.969,                                                   
                   "Actual Rows": 48328,                                                            
                   "Actual Loops": 1,                                                               
                   "Hash Buckets": 65536,                                                           
                   "Original Hash Buckets": 1024,                                                   
                   "Hash Batches": 1,                                                               
                   "Original Hash Batches": 1,                                                      
                   "Peak Memory Usage": 2212,                                                       
                   "Shared Hit Blocks": 0,                                                          
                   "Shared Read Blocks": 21783,                                                     
                   "Shared Dirtied Blocks": 0,                                                      
                   "Shared Written Blocks": 0,                                                      
                   "Local Hit Blocks": 0,                                                           
                   "Local Read Blocks": 0,                                                          
                   "Local Dirtied Blocks": 0,                                                       
                   "Local Written Blocks": 0,                                                       
                   "Temp Read Blocks": 0,                                                           
                   "Temp Written Blocks": 0,                                                        
                   "Plans": [                                                                       
                     {                                                                              
                       "Node Type": "Hash Join",                                                    
                       "Parent Relationship": "Outer",                                              
                       "Parallel Aware": false,                                                     
                       "Join Type": "Inner",                                                        
                       "Startup Cost": 129.40,                                                      
                       "Total Cost": 1305.59,                                                       
                       "Plan Rows": 458,                                                            
                       "Plan Width": 4,                                                             
                       "Actual Startup Time": 185.225,                                              
                       "Actual Total Time": 1065.872,                                               
                       "Actual Rows": 48328,                                                        
                       "Actual Loops": 1,                                                           
                       "Inner Unique": true,                                                        
                       "Hash Cond": "(mc.company_id = cn.id)",                                      
                       "Shared Hit Blocks": 0,                                                      
                       "Shared Read Blocks": 21783,                                                 
                       "Shared Dirtied Blocks": 0,                                                  
                       "Shared Written Blocks": 0,                                                  
                       "Local Hit Blocks": 0,                                                       
                       "Local Read Blocks": 0,                                                      
                       "Local Dirtied Blocks": 0,                                                   
                       "Local Written Blocks": 0,                                                   
                       "Temp Read Blocks": 0,                                                       
                       "Temp Written Blocks": 0,                                                    
                       "Plans": [                                                                   
                         {                                                                          
                           "Node Type": "Seq Scan",                                                 
                           "Parent Relationship": "Outer",                                          
                           "Parallel Aware": false,                                                 
                           "Relation Name": "movie_companies",                                      
                           "Alias": "mc",                                                           
                           "Startup Cost": 0.00,                                                    
                           "Total Cost": 1174.90,                                                   
                           "Plan Rows": 15927,                                                      
                           "Plan Width": 8,                                                         
                           "Actual Startup Time": 5.680,                                            
                           "Actual Total Time": 867.085,                                            
                           "Actual Rows": 48897,                                                    
                           "Actual Loops": 1,                                                       
                           "Filter": "((note ~~ '%(Japan)%'::text) AND (note !~~ '%(USA)%'::text))",
                           "Rows Removed by Filter": 2560232,                                       
                           "Shared Hit Blocks": 0,                                                  
                           "Shared Read Blocks": 18789,                                             
                           "Shared Dirtied Blocks": 0,                                              
                           "Shared Written Blocks": 0,                                              
                           "Local Hit Blocks": 0,                                                   
                           "Local Read Blocks": 0,                                                  
                           "Local Dirtied Blocks": 0,                                               
                           "Local Written Blocks": 0,                                               
                           "Temp Read Blocks": 0,                                                   
                           "Temp Written Blocks": 0                                                 
                         },                                                                         
                         {                                                                          
                           "Node Type": "Hash",                                                     
                           "Parent Relationship": "Inner",                                          
                           "Parallel Aware": false,                                                 
                           "Startup Cost": 128.41,                                                  
                           "Total Cost": 128.41,                                                    
                           "Plan Rows": 6752,                                                       
                           "Plan Width": 4,                                                         
                           "Actual Startup Time": 179.462,                                          
                           "Actual Total Time": 179.462,                                            
                           "Actual Rows": 6752,                                                     
                           "Actual Loops": 1,                                                       
                           "Hash Buckets": 8192,                                                    
                           "Original Hash Buckets": 8192,                                           
                           "Hash Batches": 1,                                                       
                           "Original Hash Batches": 1,                                              
                           "Peak Memory Usage": 302,                                                
                           "Shared Hit Blocks": 0,                                                  
                           "Shared Read Blocks": 2994,                                              
                           "Shared Dirtied Blocks": 0,                                              
                           "Shared Written Blocks": 0,                                              
                           "Local Hit Blocks": 0,                                                   
                           "Local Read Blocks": 0,                                                  
                           "Local Dirtied Blocks": 0,                                               
                           "Local Written Blocks": 0,                                               
                           "Temp Read Blocks": 0,                                                   
                           "Temp Written Blocks": 0,                                                
                           "Plans": [                                                               
                             {                                                                      
                               "Node Type": "Seq Scan",                                             
                               "Parent Relationship": "Outer",                                      
                               "Parallel Aware": false,                                             
                               "Relation Name": "company_name",                                     
                               "Alias": "cn",                                                       
                               "Startup Cost": 0.00,                                                
                               "Total Cost": 128.41,                                                
                               "Plan Rows": 6752,                                                   
                               "Plan Width": 4,                                                     
                               "Actual Startup Time": 43.960,                                       
                               "Actual Total Time": 175.678,                                        
                               "Actual Rows": 6752,                                                 
                               "Actual Loops": 1,                                                   
                               "Filter": "((country_code)::text = '[jp]'::text)",                   
                               "Rows Removed by Filter": 228245,                                    
                               "Shared Hit Blocks": 0,                                              
                               "Shared Read Blocks": 2994,                                          
                               "Shared Dirtied Blocks": 0,                                          
                               "Shared Written Blocks": 0,                                          
                               "Local Hit Blocks": 0,                                               
                               "Local Read Blocks": 0,                                              
                               "Local Dirtied Blocks": 0,                                           
                               "Local Written Blocks": 0,                                           
                               "Temp Read Blocks": 0,                                               
                               "Temp Written Blocks": 0                                             
                             }                                                                      
                           ]                                                                        
                         }                                                                          
                       ]                                                                            
                     }                                                                              
                   ]                                                                                
                 }                                                                                  
               ]                                                                                    
             },                                                                                     
             {                                                                                      
               "Node Type": "Hash",                                                                 
               "Parent Relationship": "Inner",                                                      
               "Parallel Aware": false,                                                             
               "Startup Cost": 1303.96,                                                             
               "Total Cost": 1303.96,                                                               
               "Plan Rows": 2528312,                                                                
               "Plan Width": 21,                                                                    
               "Actual Startup Time": 2041.198,                                                     
               "Actual Total Time": 2041.198,                                                       
               "Actual Rows": 2528312,                                                              
               "Actual Loops": 1,                                                                   
               "Hash Buckets": 4194304,                                                             
               "Original Hash Buckets": 4194304,                                                    
               "Hash Batches": 1,                                                                   
               "Original Hash Batches": 1,                                                          
               "Peak Memory Usage": 168636,                                                         
               "Shared Hit Blocks": 0,                                                              
               "Shared Read Blocks": 35998,                                                         
               "Shared Dirtied Blocks": 0,                                                          
               "Shared Written Blocks": 0,                                                          
               "Local Hit Blocks": 0,                                                               
               "Local Read Blocks": 0,                                                              
               "Local Dirtied Blocks": 0,                                                           
               "Local Written Blocks": 0,                                                           
               "Temp Read Blocks": 0,                                                               
               "Temp Written Blocks": 0,                                                            
               "Plans": [                                                                           
                 {                                                                                  
                   "Node Type": "Seq Scan",                                                         
                   "Parent Relationship": "Outer",                                                  
                   "Parallel Aware": false,                                                         
                   "Relation Name": "title",                                                        
                   "Alias": "t",                                                                    
                   "Startup Cost": 0.00,                                                            
                   "Total Cost": 1303.96,                                                           
                   "Plan Rows": 2528312,                                                            
                   "Plan Width": 21,                                                                
                   "Actual Startup Time": 16.274,                                                   
                   "Actual Total Time": 1154.398,                                                   
                   "Actual Rows": 2528312,                                                          
                   "Actual Loops": 1,                                                               
                   "Shared Hit Blocks": 0,                                                          
                   "Shared Read Blocks": 35998,                                                     
                   "Shared Dirtied Blocks": 0,                                                      
                   "Shared Written Blocks": 0,                                                      
                   "Local Hit Blocks": 0,                                                           
                   "Local Read Blocks": 0,                                                          
                   "Local Dirtied Blocks": 0,                                                       
                   "Local Written Blocks": 0,                                                       
                   "Temp Read Blocks": 0,                                                           
                   "Temp Written Blocks": 0                                                         
                 }                                                                                  
               ]                                                                                    
             }                                                                                      
           ]                                                                                        
         }                                                                                          
       ]                                                                                            
     },                                                                                             
     "Planning Time": 4223.210,                                                                     
     "Triggers": [                                                                                  
     ],                                                                                             
     "Execution Time": 18436.087                                                                    
