     "Plan": {                                                                           
       "Node Type": "Aggregate",                                                         
       "Strategy": "Plain",                                                              
       "Partial Mode": "Simple",                                                         
       "Parallel Aware": false,                                                          
       "Startup Cost": 21343.46,                                                         
       "Total Cost": 21343.46,                                                           
       "Plan Rows": 1,                                                                   
       "Plan Width": 64,                                                                 
       "Actual Startup Time": 19473.931,                                                 
       "Actual Total Time": 19473.931,                                                   
       "Actual Rows": 1,                                                                 
       "Actual Loops": 1,                                                                
       "Shared Hit Blocks": 3,                                                           
       "Shared Read Blocks": 377444,                                                     
       "Shared Dirtied Blocks": 0,                                                       
       "Shared Written Blocks": 0,                                                       
       "Local Hit Blocks": 0,                                                            
       "Local Read Blocks": 0,                                                           
       "Local Dirtied Blocks": 0,                                                        
       "Local Written Blocks": 0,                                                        
       "Temp Read Blocks": 0,                                                            
       "Temp Written Blocks": 0,                                                         
       "Plans": [                                                                        
         {                                                                               
           "Node Type": "Hash Join",                                                     
           "Parent Relationship": "Outer",                                               
           "Parallel Aware": false,                                                      
           "Join Type": "Inner",                                                         
           "Startup Cost": 20047.37,                                                     
           "Total Cost": 21060.70,                                                       
           "Plan Rows": 1820954,                                                         
           "Plan Width": 33,                                                             
           "Actual Startup Time": 18870.404,                                             
           "Actual Total Time": 19381.902,                                               
           "Actual Rows": 323005,                                                        
           "Actual Loops": 1,                                                            
           "Inner Unique": false,                                                        
           "Hash Cond": "(ci.movie_id = t.id)",                                          
           "Shared Hit Blocks": 3,                                                       
           "Shared Read Blocks": 377444,                                                 
           "Shared Dirtied Blocks": 0,                                                   
           "Shared Written Blocks": 0,                                                   
           "Local Hit Blocks": 0,                                                        
           "Local Read Blocks": 0,                                                       
           "Local Dirtied Blocks": 0,                                                    
           "Local Written Blocks": 0,                                                    
           "Temp Read Blocks": 0,                                                        
           "Temp Written Blocks": 0,                                                     
           "Plans": [                                                                    
             {                                                                           
               "Node Type": "Hash Join",                                                 
               "Parent Relationship": "Outer",                                           
               "Parallel Aware": false,                                                  
               "Join Type": "Inner",                                                     
               "Startup Cost": 17033.92,                                                 
               "Total Cost": 17673.79,                                                   
               "Plan Rows": 2625959,                                                     
               "Plan Width": 20,                                                         
               "Actual Startup Time": 14873.459,                                         
               "Actual Total Time": 15266.635,                                           
               "Actual Rows": 218966,                                                    
               "Actual Loops": 1,                                                        
               "Inner Unique": false,                                                    
               "Hash Cond": "(an.person_id = n.id)",                                   
               "Shared Hit Blocks": 0,                                                   
               "Shared Read Blocks": 319663,                                             
               "Shared Dirtied Blocks": 0,                                               
               "Shared Written Blocks": 0,                                               
               "Local Hit Blocks": 0,                                                    
               "Local Read Blocks": 0,                                                   
               "Local Dirtied Blocks": 0,                                                
               "Local Written Blocks": 0,                                                
               "Temp Read Blocks": 0,                                                    
               "Temp Written Blocks": 0,                                                 
               "Plans": [                                                                
                 {                                                                       
                   "Node Type": "Seq Scan",                                              
                   "Parent Relationship": "Outer",                                       
                   "Parallel Aware": false,                                              
                   "Relation Name": "aka_name",                                          
                   "Alias": "an",                                                       
                   "Startup Cost": 0.00,                                                 
                   "Total Cost": 419.75,                                                 
                   "Plan Rows": 901343,                                                  
                   "Plan Width": 20,                                                     
                   "Actual Startup Time": 3.326,                                         
                   "Actual Total Time": 165.903,                                         
                   "Actual Rows": 901343,                                                
                   "Actual Loops": 1,                                                    
                   "Shared Hit Blocks": 0,                                               
                   "Shared Read Blocks": 11395,                                          
                   "Shared Dirtied Blocks": 0,                                           
                   "Shared Written Blocks": 0,                                           
                   "Local Hit Blocks": 0,                                                
                   "Local Read Blocks": 0,                                               
                   "Local Dirtied Blocks": 0,                                            
                   "Local Written Blocks": 0,                                            
                   "Temp Read Blocks": 0,                                                
                   "Temp Written Blocks": 0                                              
                 },                                                                      
                 {                                                                       
                   "Node Type": "Hash",                                                  
                   "Parent Relationship": "Inner",                                       
                   "Parallel Aware": false,                                              
                   "Startup Cost": 16590.59,                                             
                   "Total Cost": 16590.59,                                               
                   "Plan Rows": 3020362,                                                 
                   "Plan Width": 12,                                                     
                   "Actual Startup Time": 14860.141,                                     
                   "Actual Total Time": 14860.141,                                       
                   "Actual Rows": 276403,                                                
                   "Actual Loops": 1,                                                    
                   "Hash Buckets": 4194304,                                              
                   "Original Hash Buckets": 4194304,                                     
                   "Hash Batches": 1,                                                    
                   "Original Hash Batches": 1,                                           
                   "Peak Memory Usage": 44645,                                           
                   "Shared Hit Blocks": 0,                                               
                   "Shared Read Blocks": 308268,                                         
                   "Shared Dirtied Blocks": 0,                                           
                   "Shared Written Blocks": 0,                                           
                   "Local Hit Blocks": 0,                                                
                   "Local Read Blocks": 0,                                               
                   "Local Dirtied Blocks": 0,                                            
                   "Local Written Blocks": 0,                                            
                   "Temp Read Blocks": 0,                                                
                   "Temp Written Blocks": 0,                                             
                   "Plans": [                                                            
                     {                                                                   
                       "Node Type": "Hash Join",                                         
                       "Parent Relationship": "Outer",                                   
                       "Parallel Aware": false,                                          
                       "Join Type": "Inner",                                             
                       "Startup Cost": 2644.31,                                          
                       "Total Cost": 16590.59,                                           
                       "Plan Rows": 3020362,                                             
                       "Plan Width": 12,                                                 
                       "Actual Startup Time": 12012.849,                                 
                       "Actual Total Time": 14793.194,                                   
                       "Actual Rows": 276403,                                            
                       "Actual Loops": 1,                                                
                       "Inner Unique": true,                                             
                       "Hash Cond": "(ci.person_id = n.id)",                            
                       "Shared Hit Blocks": 0,                                           
                       "Shared Read Blocks": 308268,                                     
                       "Shared Dirtied Blocks": 0,                                       
                       "Shared Written Blocks": 0,                                       
                       "Local Hit Blocks": 0,                                            
                       "Local Read Blocks": 0,                                           
                       "Local Dirtied Blocks": 0,                                        
                       "Local Written Blocks": 0,                                        
                       "Temp Read Blocks": 0,                                            
                       "Temp Written Blocks": 0,                                         
                       "Plans": [                                                        
                         {                                                               
                           "Node Type": "Hash Join",                                     
                           "Parent Relationship": "Outer",                               
                           "Parallel Aware": false,                                      
                           "Join Type": "Inner",                                         
                           "Startup Cost": 0.03,                                         
                           "Total Cost": 13700.09,                                       
                           "Plan Rows": 3020362,                                         
                           "Plan Width": 8,                                              
                           "Actual Startup Time": 9272.730,                              
                           "Actual Total Time": 11965.163,                               
                           "Actual Rows": 276403,                                        
                           "Actual Loops": 1,                                            
                           "Inner Unique": true,                                         
                           "Hash Cond": "(ci.role_id = rt.id)",                          
                           "Shared Hit Blocks": 0,                                       
                           "Shared Read Blocks": 252655,                                 
                           "Shared Dirtied Blocks": 0,                                   
                           "Shared Written Blocks": 0,                                   
                           "Local Hit Blocks": 0,                                        
                           "Local Read Blocks": 0,                                       
                           "Local Dirtied Blocks": 0,                                    
                           "Local Written Blocks": 0,                                    
                           "Temp Read Blocks": 0,                                        
                           "Temp Written Blocks": 0,                                     
                           "Plans": [                                                    
                             {                                                           
                               "Node Type": "Seq Scan",                                  
                               "Parent Relationship": "Outer",                           
                               "Parallel Aware": false,                                  
                               "Relation Name": "cast_info",                             
                               "Alias": "ci",                                            
                               "Startup Cost": 0.00,                                     
                               "Total Cost": 10431.00,                                   
                               "Plan Rows": 36244344,                                    
                               "Plan Width": 12,                                         
                               "Actual Startup Time": 8.069,                             
                               "Actual Total Time": 5668.750,                            
                               "Actual Rows": 36244344,                                  
                               "Actual Loops": 1,                                        
                               "Shared Hit Blocks": 0,                                   
                               "Shared Read Blocks": 252654,                             
                               "Shared Dirtied Blocks": 0,                               
                               "Shared Written Blocks": 0,                               
                               "Local Hit Blocks": 0,                                    
                               "Local Read Blocks": 0,                                   
                               "Local Dirtied Blocks": 0,                                
                               "Local Written Blocks": 0,                                
                               "Temp Read Blocks": 0,                                    
                               "Temp Written Blocks": 0                                  
                             },                                                          
                             {                                                           
                               "Node Type": "Hash",                                      
                               "Parent Relationship": "Inner",                           
                               "Parallel Aware": false,                                  
                               "Startup Cost": 0.03,                                     
                               "Total Cost": 0.03,                                       
                               "Plan Rows": 1,                                           
                               "Plan Width": 4,                                          
                               "Actual Startup Time": 21.817,                            
                               "Actual Total Time": 21.817,                              
                               "Actual Rows": 1,                                         
                               "Actual Loops": 1,                                        
                               "Hash Buckets": 1024,                                     
                               "Original Hash Buckets": 1024,                            
                               "Hash Batches": 1,                                        
                               "Original Hash Batches": 1,                               
                               "Peak Memory Usage": 9,                                   
                               "Shared Hit Blocks": 0,                                   
                               "Shared Read Blocks": 1,                                  
                               "Shared Dirtied Blocks": 0,                               
                               "Shared Written Blocks": 0,                               
                               "Local Hit Blocks": 0,                                    
                               "Local Read Blocks": 0,                                   
                               "Local Dirtied Blocks": 0,                                
                               "Local Written Blocks": 0,                                
                               "Temp Read Blocks": 0,                                    
                               "Temp Written Blocks": 0,                                 
                               "Plans": [                                                
                                 {                                                       
                                   "Node Type": "Seq Scan",                              
                                   "Parent Relationship": "Outer",                       
                                   "Parallel Aware": false,                              
                                   "Relation Name": "role_type",                         
                                   "Alias": "rt",                                        
                                   "Startup Cost": 0.00,                                 
                                   "Total Cost": 0.03,                                   
                                   "Plan Rows": 1,                                       
                                   "Plan Width": 4,                                      
                                   "Actual Startup Time": 21.791,                        
                                   "Actual Total Time": 21.795,                          
                                   "Actual Rows": 1,                                     
                                   "Actual Loops": 1,                                    
                                   "Filter": "((role)::text = 'costume designer'::text)",
                                   "Rows Removed by Filter": 11,                         
                                   "Shared Hit Blocks": 0,                               
                                   "Shared Read Blocks": 1,                              
                                   "Shared Dirtied Blocks": 0,                           
                                   "Shared Written Blocks": 0,                           
                                   "Local Hit Blocks": 0,                                
                                   "Local Read Blocks": 0,                               
                                   "Local Dirtied Blocks": 0,                            
                                   "Local Written Blocks": 0,                            
                                   "Temp Read Blocks": 0,                                
                                   "Temp Written Blocks": 0                              
                                 }                                                       
                               ]                                                         
                             }                                                           
                           ]                                                             
                         },                                                              
                         {                                                               
                           "Node Type": "Hash",                                          
                           "Parent Relationship": "Inner",                               
                           "Parallel Aware": false,                                      
                           "Startup Cost": 2032.56,                                      
                           "Total Cost": 2032.56,                                        
                           "Plan Rows": 4167491,                                         
                           "Plan Width": 4,                                              
                           "Actual Startup Time": 2730.185,                              
                           "Actual Total Time": 2730.185,                                
                           "Actual Rows": 4167491,                                       
                           "Actual Loops": 1,                                            
                           "Hash Buckets": 4194304,                                      
                           "Original Hash Buckets": 4194304,                             
                           "Hash Batches": 1,                                            
                           "Original Hash Batches": 1,                                   
                           "Peak Memory Usage": 179282,                                  
                           "Shared Hit Blocks": 0,                                       
                           "Shared Read Blocks": 55613,                                  
                           "Shared Dirtied Blocks": 0,                                   
                           "Shared Written Blocks": 0,                                   
                           "Local Hit Blocks": 0,                                        
                           "Local Read Blocks": 0,                                       
                           "Local Dirtied Blocks": 0,                                    
                           "Local Written Blocks": 0,                                    
                           "Temp Read Blocks": 0,                                        
                           "Temp Written Blocks": 0,                                     
                           "Plans": [                                                    
                             {                                                           
                               "Node Type": "Seq Scan",                                  
                               "Parent Relationship": "Outer",                           
                               "Parallel Aware": false,                                  
                               "Relation Name": "name",                                  
                               "Alias": "n",                                            
                               "Startup Cost": 0.00,                                     
                               "Total Cost": 2032.56,                                    
                               "Plan Rows": 4167491,                                     
                               "Plan Width": 4,                                          
                               "Actual Startup Time": 4.860,                             
                               "Actual Total Time": 1465.492,                            
                               "Actual Rows": 4167491,                                   
                               "Actual Loops": 1,                                        
                               "Shared Hit Blocks": 0,                                   
                               "Shared Read Blocks": 55613,                              
                               "Shared Dirtied Blocks": 0,                               
                               "Shared Written Blocks": 0,                               
                               "Local Hit Blocks": 0,                                    
                               "Local Read Blocks": 0,                                   
                               "Local Dirtied Blocks": 0,                                
                               "Local Written Blocks": 0,                                
                               "Temp Read Blocks": 0,                                    
                               "Temp Written Blocks": 0                                  
                             }                                                           
                           ]                                                             
                         }                                                               
                       ]                                                                 
                     }                                                                   
                   ]                                                                     
                 }                                                                       
               ]                                                                         
             },                                                                          
             {                                                                           
               "Node Type": "Hash",                                                      
               "Parent Relationship": "Inner",                                           
               "Parallel Aware": false,                                                  
               "Startup Cost": 2875.18,                                                  
               "Total Cost": 2875.18,                                                    
               "Plan Rows": 941996,                                                      
               "Plan Width": 25,                                                         
               "Actual Startup Time": 3989.017,                                          
               "Actual Total Time": 3989.017,                                            
               "Actual Rows": 1153798,                                                   
               "Actual Loops": 1,                                                        
               "Hash Buckets": 2097152,                                                  
               "Original Hash Buckets": 1048576,                                         
               "Hash Batches": 1,                                                        
               "Original Hash Batches": 1,                                               
               "Peak Memory Usage": 84892,                                               
               "Shared Hit Blocks": 0,                                                   
               "Shared Read Blocks": 57781,                                              
               "Shared Dirtied Blocks": 0,                                               
               "Shared Written Blocks": 0,                                               
               "Local Hit Blocks": 0,                                                    
               "Local Read Blocks": 0,                                                   
               "Local Dirtied Blocks": 0,                                                
               "Local Written Blocks": 0,                                                
               "Temp Read Blocks": 0,                                                    
               "Temp Written Blocks": 0,                                                 
               "Plans": [                                                                
                 {                                                                       
                   "Node Type": "Hash Join",                                             
                   "Parent Relationship": "Outer",                                       
                   "Parallel Aware": false,                                              
                   "Join Type": "Inner",                                                 
                   "Startup Cost": 1815.93,                                              
                   "Total Cost": 2875.18,                                                
                   "Plan Rows": 941996,                                                  
                   "Plan Width": 25,                                                     
                   "Actual Startup Time": 2096.616,                                      
                   "Actual Total Time": 3585.566,                                        
                   "Actual Rows": 1153798,                                               
                   "Actual Loops": 1,                                                    
                   "Inner Unique": true,                                                 
                   "Hash Cond": "(mc.movie_id = t.id)",                                  
                   "Shared Hit Blocks": 0,                                               
                   "Shared Read Blocks": 57781,                                          
                   "Shared Dirtied Blocks": 0,                                           
                   "Shared Written Blocks": 0,                                           
                   "Local Hit Blocks": 0,                                                
                   "Local Read Blocks": 0,                                               
                   "Local Dirtied Blocks": 0,                                            
                   "Local Written Blocks": 0,                                            
                   "Temp Read Blocks": 0,                                                
                   "Temp Written Blocks": 0,                                             
                   "Plans": [                                                            
                     {                                                                   
                       "Node Type": "Hash Join",                                         
                       "Parent Relationship": "Outer",                                   
                       "Parallel Aware": false,                                          
                       "Join Type": "Inner",                                             
                       "Startup Cost": 140.86,                                           
                       "Total Cost": 1123.32,                                            
                       "Plan Rows": 941996,                                              
                       "Plan Width": 4,                                                  
                       "Actual Startup Time": 166.848,                                   
                       "Actual Total Time": 1111.887,                                    
                       "Actual Rows": 1153798,                                           
                       "Actual Loops": 1,                                                
                       "Inner Unique": true,                                             
                       "Hash Cond": "(mc.company_id = cn.id)",                           
                       "Shared Hit Blocks": 0,                                           
                       "Shared Read Blocks": 21783,                                      
                       "Shared Dirtied Blocks": 0,                                       
                       "Shared Written Blocks": 0,                                       
                       "Local Hit Blocks": 0,                                            
                       "Local Read Blocks": 0,                                           
                       "Local Dirtied Blocks": 0,                                        
                       "Local Written Blocks": 0,                                        
                       "Temp Read Blocks": 0,                                            
                       "Temp Written Blocks": 0,                                         
                       "Plans": [                                                        
                         {                                                               
                           "Node Type": "Seq Scan",                                      
                           "Parent Relationship": "Outer",                               
                           "Parallel Aware": false,                                      
                           "Relation Name": "movie_companies",                           
                           "Alias": "mc",                                                
                           "Startup Cost": 0.00,                                         
                           "Total Cost": 769.75,                                         
                           "Plan Rows": 2609129,                                         
                           "Plan Width": 8,                                              
                           "Actual Startup Time": 26.815,                                
                           "Actual Total Time": 341.585,                                 
                           "Actual Rows": 2609129,                                       
                           "Actual Loops": 1,                                            
                           "Shared Hit Blocks": 0,                                       
                           "Shared Read Blocks": 18789,                                  
                           "Shared Dirtied Blocks": 0,                                   
                           "Shared Written Blocks": 0,                                   
                           "Local Hit Blocks": 0,                                        
                           "Local Read Blocks": 0,                                       
                           "Local Dirtied Blocks": 0,                                    
                           "Local Written Blocks": 0,                                    
                           "Temp Read Blocks": 0,                                        
                           "Temp Written Blocks": 0                                      
                         },                                                              
                         {                                                               
                           "Node Type": "Hash",                                          
                           "Parent Relationship": "Inner",                               
                           "Parallel Aware": false,                                      
                           "Startup Cost": 128.41,                                       
                           "Total Cost": 128.41,                                         
                           "Plan Rows": 84843,                                           
                           "Plan Width": 4,                                              
                           "Actual Startup Time": 139.013,                               
                           "Actual Total Time": 139.013,                                 
                           "Actual Rows": 84843,                                         
                           "Actual Loops": 1,                                            
                           "Hash Buckets": 131072,                                       
                           "Original Hash Buckets": 131072,                              
                           "Hash Batches": 1,                                            
                           "Original Hash Batches": 1,                                   
                           "Peak Memory Usage": 4007,                                    
                           "Shared Hit Blocks": 0,                                       
                           "Shared Read Blocks": 2994,                                   
                           "Shared Dirtied Blocks": 0,                                   
                           "Shared Written Blocks": 0,                                   
                           "Local Hit Blocks": 0,                                        
                           "Local Read Blocks": 0,                                       
                           "Local Dirtied Blocks": 0,                                    
                           "Local Written Blocks": 0,                                    
                           "Temp Read Blocks": 0,                                        
                           "Temp Written Blocks": 0,                                     
                           "Plans": [                                                    
                             {                                                           
                               "Node Type": "Seq Scan",                                  
                               "Parent Relationship": "Outer",                           
                               "Parallel Aware": false,                                  
                               "Relation Name": "company_name",                          
                               "Alias": "cn",                                            
                               "Startup Cost": 0.00,                                     
                               "Total Cost": 128.41,                                     
                               "Plan Rows": 84843,                                       
                               "Plan Width": 4,                                          
                               "Actual Startup Time": 2.280,                             
                               "Actual Total Time": 109.374,                             
                               "Actual Rows": 84843,                                     
                               "Actual Loops": 1,                                        
                               "Filter": "((country_code)::text = '[us]'::text)",        
                               "Rows Removed by Filter": 150154,                         
                               "Shared Hit Blocks": 0,                                   
                               "Shared Read Blocks": 2994,                               
                               "Shared Dirtied Blocks": 0,                               
                               "Shared Written Blocks": 0,                               
                               "Local Hit Blocks": 0,                                    
                               "Local Read Blocks": 0,                                   
                               "Local Dirtied Blocks": 0,                                
                               "Local Written Blocks": 0,                                
                               "Temp Read Blocks": 0,                                    
                               "Temp Written Blocks": 0                                  
                             }                                                           
                           ]                                                             
                         }                                                               
                       ]                                                                 
                     },                                                                  
                     {                                                                   
                       "Node Type": "Hash",                                              
                       "Parent Relationship": "Inner",                                   
                       "Parallel Aware": false,                                          
                       "Startup Cost": 1303.96,                                          
                       "Total Cost": 1303.96,                                            
                       "Plan Rows": 2528312,                                             
                       "Plan Width": 21,                                                 
                       "Actual Startup Time": 1917.158,                                  
                       "Actual Total Time": 1917.158,                                    
                       "Actual Rows": 2528312,                                           
                       "Actual Loops": 1,                                                
                       "Hash Buckets": 4194304,                                          
                       "Original Hash Buckets": 4194304,                                 
                       "Hash Batches": 1,                                                
                       "Original Hash Batches": 1,                                       
                       "Peak Memory Usage": 168636,                                      
                       "Shared Hit Blocks": 0,                                           
                       "Shared Read Blocks": 35998,                                      
                       "Shared Dirtied Blocks": 0,                                       
                       "Shared Written Blocks": 0,                                       
                       "Local Hit Blocks": 0,                                            
                       "Local Read Blocks": 0,                                           
                       "Local Dirtied Blocks": 0,                                        
                       "Local Written Blocks": 0,                                        
                       "Temp Read Blocks": 0,                                            
                       "Temp Written Blocks": 0,                                         
                       "Plans": [                                                        
                         {                                                               
                           "Node Type": "Seq Scan",                                      
                           "Parent Relationship": "Outer",                               
                           "Parallel Aware": false,                                      
                           "Relation Name": "title",                                     
                           "Alias": "t",                                                 
                           "Startup Cost": 0.00,                                         
                           "Total Cost": 1303.96,                                        
                           "Plan Rows": 2528312,                                         
                           "Plan Width": 21,                                             
                           "Actual Startup Time": 9.226,                                 
                           "Actual Total Time": 1025.129,                                
                           "Actual Rows": 2528312,                                       
                           "Actual Loops": 1,                                            
                           "Shared Hit Blocks": 0,                                       
                           "Shared Read Blocks": 35998,                                  
                           "Shared Dirtied Blocks": 0,                                   
                           "Shared Written Blocks": 0,                                   
                           "Local Hit Blocks": 0,                                        
                           "Local Read Blocks": 0,                                       
                           "Local Dirtied Blocks": 0,                                    
                           "Local Written Blocks": 0,                                    
                           "Temp Read Blocks": 0,                                        
                           "Temp Written Blocks": 0                                      
                         }                                                               
                       ]                                                                 
                     }                                                                   
                   ]                                                                     
                 }                                                                       
               ]                                                                         
             }                                                                           
           ]                                                                             
         }                                                                               
       ]                                                                                 
     },                                                                                  
     "Planning Time": 3911.537,                                                          
     "Triggers": [                                                                       
     ],                                                                                  
     "Execution Time": 19501.955                                                         
