     "Plan": {                                                                                                                                                    
       "Node Type": "Aggregate",                                                                                                                                  
       "Strategy": "Plain",                                                                                                                                       
       "Partial Mode": "Simple",                                                                                                                                  
       "Parallel Aware": false,                                                                                                                                   
       "Startup Cost": 24083.65,                                                                                                                                  
       "Total Cost": 24083.66,                                                                                                                                    
       "Plan Rows": 1,                                                                                                                                            
       "Plan Width": 128,                                                                                                                                         
       "Actual Startup Time": 20596.193,                                                                                                                          
       "Actual Total Time": 20596.193,                                                                                                                            
       "Actual Rows": 1,                                                                                                                                          
       "Actual Loops": 1,                                                                                                                                         
       "Shared Hit Blocks": 3,                                                                                                                                    
       "Shared Read Blocks": 413891,                                                                                                                              
       "Shared Dirtied Blocks": 0,                                                                                                                                
       "Shared Written Blocks": 0,                                                                                                                                
       "Local Hit Blocks": 0,                                                                                                                                     
       "Local Read Blocks": 0,                                                                                                                                    
       "Local Dirtied Blocks": 0,                                                                                                                                 
       "Local Written Blocks": 0,                                                                                                                                 
       "Temp Read Blocks": 0,                                                                                                                                     
       "Temp Written Blocks": 0,                                                                                                                                  
       "Plans": [                                                                                                                                                 
         {                                                                                                                                                        
           "Node Type": "Hash Join",                                                                                                                              
           "Parent Relationship": "Outer",                                                                                                                        
           "Parallel Aware": false,                                                                                                                               
           "Join Type": "Inner",                                                                                                                                  
           "Startup Cost": 7937.64,                                                                                                                               
           "Total Cost": 24083.60,                                                                                                                                
           "Plan Rows": 191,                                                                                                                                      
           "Plan Width": 64,                                                                                                                                      
           "Actual Startup Time": 12403.185,                                                                                                                      
           "Actual Total Time": 20582.099,                                                                                                                        
           "Actual Rows": 8144,                                                                                                                                   
           "Actual Loops": 1,                                                                                                                                     
           "Inner Unique": true,                                                                                                                                  
           "Hash Cond": "(ci.movie_id = t.id)",                                                                                                                   
           "Shared Hit Blocks": 3,                                                                                                                                
           "Shared Read Blocks": 413891,                                                                                                                          
           "Shared Dirtied Blocks": 0,                                                                                                                            
           "Shared Written Blocks": 0,                                                                                                                            
           "Local Hit Blocks": 0,                                                                                                                                 
           "Local Read Blocks": 0,                                                                                                                                
           "Local Dirtied Blocks": 0,                                                                                                                             
           "Local Written Blocks": 0,                                                                                                                             
           "Temp Read Blocks": 0,                                                                                                                                 
           "Temp Written Blocks": 0,                                                                                                                              
           "Plans": [                                                                                                                                             
             {                                                                                                                                                    
               "Node Type": "Hash Join",                                                                                                                          
               "Parent Relationship": "Outer",                                                                                                                    
               "Parallel Aware": false,                                                                                                                           
               "Join Type": "Inner",                                                                                                                              
               "Startup Cost": 6262.57,                                                                                                                           
               "Total Cost": 22408.51,                                                                                                                            
               "Plan Rows": 191,                                                                                                                                  
               "Plan Width": 55,                                                                                                                                  
               "Actual Startup Time": 10382.975,                                                                                                                  
               "Actual Total Time": 18558.532,                                                                                                                    
               "Actual Rows": 8144,                                                                                                                               
               "Actual Loops": 1,                                                                                                                                 
               "Inner Unique": false,                                                                                                                             
               "Hash Cond": "(ci.movie_id = mc.movie_id)",                                                                                                        
               "Shared Hit Blocks": 0,                                                                                                                            
               "Shared Read Blocks": 377893,                                                                                                                      
               "Shared Dirtied Blocks": 0,                                                                                                                        
               "Shared Written Blocks": 0,                                                                                                                        
               "Local Hit Blocks": 0,                                                                                                                             
               "Local Read Blocks": 0,                                                                                                                            
               "Local Dirtied Blocks": 0,                                                                                                                         
               "Local Written Blocks": 0,                                                                                                                         
               "Temp Read Blocks": 0,                                                                                                                             
               "Temp Written Blocks": 0,                                                                                                                          
               "Plans": [                                                                                                                                         
                 {                                                                                                                                                
                   "Node Type": "Hash Join",                                                                                                                      
                   "Parent Relationship": "Outer",                                                                                                                
                   "Parallel Aware": false,                                                                                                                       
                   "Join Type": "Inner",                                                                                                                          
                   "Startup Cost": 5000.98,                                                                                                                       
                   "Total Cost": 21146.52,                                                                                                                        
                   "Plan Rows": 275,                                                                                                                              
                   "Plan Width": 51,                                                                                                                              
                   "Actual Startup Time": 8961.761,                                                                                                               
                   "Actual Total Time": 17137.162,                                                                                                                
                   "Actual Rows": 7726,                                                                                                                           
                   "Actual Loops": 1,                                                                                                                             
                   "Inner Unique": true,                                                                                                                          
                   "Hash Cond": "(ci.person_role_id = chn.id)",                                                                                                   
                   "Shared Hit Blocks": 0,                                                                                                                        
                   "Shared Read Blocks": 356110,                                                                                                                  
                   "Shared Dirtied Blocks": 0,                                                                                                                    
                   "Shared Written Blocks": 0,                                                                                                                    
                   "Local Hit Blocks": 0,                                                                                                                         
                   "Local Read Blocks": 0,                                                                                                                        
                   "Local Dirtied Blocks": 0,                                                                                                                     
                   "Local Written Blocks": 0,                                                                                                                     
                   "Temp Read Blocks": 0,                                                                                                                         
                   "Temp Written Blocks": 0,                                                                                                                      
                   "Plans": [                                                                                                                                     
                     {                                                                                                                                            
                       "Node Type": "Hash Join",                                                                                                                  
                       "Parent Relationship": "Outer",                                                                                                            
                       "Parallel Aware": false,                                                                                                                   
                       "Join Type": "Inner",                                                                                                                      
                       "Startup Cost": 3179.68,                                                                                                                   
                       "Total Cost": 19325.17,                                                                                                                    
                       "Plan Rows": 568,                                                                                                                          
                       "Plan Width": 39,                                                                                                                          
                       "Actual Startup Time": 7237.484,                                                                                                           
                       "Actual Total Time": 15408.619,                                                                                                            
                       "Actual Rows": 8204,                                                                                                                       
                       "Actual Loops": 1,                                                                                                                         
                       "Inner Unique": false,                                                                                                                     
                       "Hash Cond": "(ci.person_id = n.id)",                                                                                                      
                       "Shared Hit Blocks": 0,                                                                                                                    
                       "Shared Read Blocks": 319663,                                                                                                              
                       "Shared Dirtied Blocks": 0,                                                                                                                
                       "Shared Written Blocks": 0,                                                                                                                
                       "Local Hit Blocks": 0,                                                                                                                     
                       "Local Read Blocks": 0,                                                                                                                    
                       "Local Dirtied Blocks": 0,                                                                                                                 
                       "Local Written Blocks": 0,                                                                                                                 
                       "Temp Read Blocks": 0,                                                                                                                     
                       "Temp Written Blocks": 0,                                                                                                                  
                       "Plans": [                                                                                                                                 
                         {                                                                                                                                        
                           "Node Type": "Hash Join",                                                                                                              
                           "Parent Relationship": "Outer",                                                                                                        
                           "Parallel Aware": false,                                                                                                               
                           "Join Type": "Inner",                                                                                                                  
                           "Startup Cost": 0.03,                                                                                                                  
                           "Total Cost": 16137.11,                                                                                                                
                           "Plan Rows": 72136,                                                                                                                    
                           "Plan Width": 12,                                                                                                                      
                           "Actual Startup Time": 3948.169,                                                                                                       
                           "Actual Total Time": 12096.538,                                                                                                        
                           "Actual Rows": 276166,                                                                                                                 
                           "Actual Loops": 1,                                                                                                                     
                           "Inner Unique": true,                                                                                                                  
                           "Hash Cond": "(ci.role_id = rt.id)",                                                                                                   
                           "Shared Hit Blocks": 0,                                                                                                                
                           "Shared Read Blocks": 252655,                                                                                                          
                           "Shared Dirtied Blocks": 0,                                                                                                            
                           "Shared Written Blocks": 0,                                                                                                            
                           "Local Hit Blocks": 0,                                                                                                                 
                           "Local Read Blocks": 0,                                                                                                                
                           "Local Dirtied Blocks": 0,                                                                                                             
                           "Local Written Blocks": 0,                                                                                                             
                           "Temp Read Blocks": 0,                                                                                                                 
                           "Temp Written Blocks": 0,                                                                                                              
                           "Plans": [                                                                                                                             
                             {                                                                                                                                    
                               "Node Type": "Seq Scan",                                                                                                           
                               "Parent Relationship": "Outer",                                                                                                    
                               "Parallel Aware": false,                                                                                                           
                               "Relation Name": "cast_info",                                                                                                      
                               "Alias": "ci",                                                                                                                     
                               "Startup Cost": 0.00,                                                                                                              
                               "Total Cost": 16059.00,                                                                                                            
                               "Plan Rows": 865636,                                                                                                               
                               "Plan Width": 16,                                                                                                                  
                               "Actual Startup Time": 5.952,                                                                                                      
                               "Actual Total Time": 11836.474,                                                                                                    
                               "Actual Rows": 867477,                                                                                                             
                               "Actual Loops": 1,                                                                                                                 
                               "Filter": "(note = ANY ('{(voice),\"(voice: Japanese version)\",\"(voice) (uncredited)\",\"(voice: English version)\"}'::text[]))",
                               "Rows Removed by Filter": 35376867,                                                                                                
                               "Shared Hit Blocks": 0,                                                                                                            
                               "Shared Read Blocks": 252654,                                                                                                      
                               "Shared Dirtied Blocks": 0,                                                                                                        
                               "Shared Written Blocks": 0,                                                                                                        
                               "Local Hit Blocks": 0,                                                                                                             
                               "Local Read Blocks": 0,                                                                                                            
                               "Local Dirtied Blocks": 0,                                                                                                         
                               "Local Written Blocks": 0,                                                                                                         
                               "Temp Read Blocks": 0,                                                                                                             
                               "Temp Written Blocks": 0                                                                                                           
                             },                                                                                                                                   
                             {                                                                                                                                    
                               "Node Type": "Hash",                                                                                                               
                               "Parent Relationship": "Inner",                                                                                                    
                               "Parallel Aware": false,                                                                                                           
                               "Startup Cost": 0.03,                                                                                                              
                               "Total Cost": 0.03,                                                                                                                
                               "Plan Rows": 1,                                                                                                                    
                               "Plan Width": 4,                                                                                                                   
                               "Actual Startup Time": 21.800,                                                                                                     
                               "Actual Total Time": 21.801,                                                                                                       
                               "Actual Rows": 1,                                                                                                                  
                               "Actual Loops": 1,                                                                                                                 
                               "Hash Buckets": 1024,                                                                                                              
                               "Original Hash Buckets": 1024,                                                                                                     
                               "Hash Batches": 1,                                                                                                                 
                               "Original Hash Batches": 1,                                                                                                        
                               "Peak Memory Usage": 9,                                                                                                            
                               "Shared Hit Blocks": 0,                                                                                                            
                               "Shared Read Blocks": 1,                                                                                                           
                               "Shared Dirtied Blocks": 0,                                                                                                        
                               "Shared Written Blocks": 0,                                                                                                        
                               "Local Hit Blocks": 0,                                                                                                             
                               "Local Read Blocks": 0,                                                                                                            
                               "Local Dirtied Blocks": 0,                                                                                                         
                               "Local Written Blocks": 0,                                                                                                         
                               "Temp Read Blocks": 0,                                                                                                             
                               "Temp Written Blocks": 0,                                                                                                          
                               "Plans": [                                                                                                                         
                                 {                                                                                                                                
                                   "Node Type": "Seq Scan",                                                                                                       
                                   "Parent Relationship": "Outer",                                                                                                
                                   "Parallel Aware": false,                                                                                                       
                                   "Relation Name": "role_type",                                                                                                  
                                   "Alias": "rt",                                                                                                                 
                                   "Startup Cost": 0.00,                                                                                                          
                                   "Total Cost": 0.03,                                                                                                            
                                   "Plan Rows": 1,                                                                                                                
                                   "Plan Width": 4,                                                                                                               
                                   "Actual Startup Time": 21.781,                                                                                                 
                                   "Actual Total Time": 21.788,                                                                                                   
                                   "Actual Rows": 1,                                                                                                              
                                   "Actual Loops": 1,                                                                                                             
                                   "Filter": "((role)::text = 'actress'::text)",                                                                                  
                                   "Rows Removed by Filter": 11,                                                                                                  
                                   "Shared Hit Blocks": 0,                                                                                                        
                                   "Shared Read Blocks": 1,                                                                                                       
                                   "Shared Dirtied Blocks": 0,                                                                                                    
                                   "Shared Written Blocks": 0,                                                                                                    
                                   "Local Hit Blocks": 0,                                                                                                         
                                   "Local Read Blocks": 0,                                                                                                        
                                   "Local Dirtied Blocks": 0,                                                                                                     
                                   "Local Written Blocks": 0,                                                                                                     
                                   "Temp Read Blocks": 0,                                                                                                         
                                   "Temp Written Blocks": 0                                                                                                       
                                 }                                                                                                                                
                               ]                                                                                                                                  
                             }                                                                                                                                    
                           ]                                                                                                                                      
                         },                                                                                                                                       
                         {                                                                                                                                        
                           "Node Type": "Hash",                                                                                                                   
                           "Parent Relationship": "Inner",                                                                                                        
                           "Parallel Aware": false,                                                                                                               
                           "Startup Cost": 3178.45,                                                                                                               
                           "Total Cost": 3178.45,                                                                                                                 
                           "Plan Rows": 8155,                                                                                                                     
                           "Plan Width": 39,                                                                                                                      
                           "Actual Startup Time": 3258.185,                                                                                                       
                           "Actual Total Time": 3258.185,                                                                                                         
                           "Actual Rows": 10525,                                                                                                                  
                           "Actual Loops": 1,                                                                                                                     
                           "Hash Buckets": 16384,                                                                                                                 
                           "Original Hash Buckets": 8192,                                                                                                         
                           "Hash Batches": 1,                                                                                                                     
                           "Original Hash Batches": 1,                                                                                                            
                           "Peak Memory Usage": 909,                                                                                                              
                           "Shared Hit Blocks": 0,                                                                                                                
                           "Shared Read Blocks": 67008,                                                                                                           
                           "Shared Dirtied Blocks": 0,                                                                                                            
                           "Shared Written Blocks": 0,                                                                                                            
                           "Local Hit Blocks": 0,                                                                                                                 
                           "Local Read Blocks": 0,                                                                                                                
                           "Local Dirtied Blocks": 0,                                                                                                             
                           "Local Written Blocks": 0,                                                                                                             
                           "Temp Read Blocks": 0,                                                                                                                 
                           "Temp Written Blocks": 0,                                                                                                              
                           "Plans": [                                                                                                                             
                             {                                                                                                                                    
                               "Node Type": "Hash Join",                                                                                                          
                               "Parent Relationship": "Outer",                                                                                                    
                               "Parallel Aware": false,                                                                                                           
                               "Join Type": "Inner",                                                                                                              
                               "Startup Cost": 2685.22,                                                                                                           
                               "Total Cost": 3178.45,                                                                                                             
                               "Plan Rows": 8155,                                                                                                                 
                               "Plan Width": 39,                                                                                                                  
                               "Actual Startup Time": 2706.203,                                                                                                   
                               "Actual Total Time": 3251.299,                                                                                                     
                               "Actual Rows": 10525,                                                                                                              
                               "Actual Loops": 1,                                                                                                                 
                               "Inner Unique": true,                                                                                                              
                               "Hash Cond": "(an.person_id = n.id)",                                                                                              
                               "Shared Hit Blocks": 0,                                                                                                            
                               "Shared Read Blocks": 67008,                                                                                                       
                               "Shared Dirtied Blocks": 0,                                                                                                        
                               "Shared Written Blocks": 0,                                                                                                        
                               "Local Hit Blocks": 0,                                                                                                             
                               "Local Read Blocks": 0,                                                                                                            
                               "Local Dirtied Blocks": 0,                                                                                                         
                               "Local Written Blocks": 0,                                                                                                         
                               "Temp Read Blocks": 0,                                                                                                             
                               "Temp Written Blocks": 0,                                                                                                          
                               "Plans": [                                                                                                                         
                                 {                                                                                                                                
                                   "Node Type": "Seq Scan",                                                                                                       
                                   "Parent Relationship": "Outer",                                                                                                
                                   "Parallel Aware": false,                                                                                                       
                                   "Relation Name": "aka_name",                                                                                                   
                                   "Alias": "an",                                                                                                                 
                                   "Startup Cost": 0.00,                                                                                                          
                                   "Total Cost": 419.75,                                                                                                          
                                   "Plan Rows": 901343,                                                                                                           
                                   "Plan Width": 20,                                                                                                              
                                   "Actual Startup Time": 6.087,                                                                                                  
                                   "Actual Total Time": 298.703,                                                                                                  
                                   "Actual Rows": 901343,                                                                                                         
                                   "Actual Loops": 1,                                                                                                             
                                   "Shared Hit Blocks": 0,                                                                                                        
                                   "Shared Read Blocks": 11395,                                                                                                   
                                   "Shared Dirtied Blocks": 0,                                                                                                    
                                   "Shared Written Blocks": 0,                                                                                                    
                                   "Local Hit Blocks": 0,                                                                                                         
                                   "Local Read Blocks": 0,                                                                                                        
                                   "Local Dirtied Blocks": 0,                                                                                                     
                                   "Local Written Blocks": 0,                                                                                                     
                                   "Temp Read Blocks": 0,                                                                                                         
                                   "Temp Written Blocks": 0                                                                                                       
                                 },                                                                                                                               
                                 {                                                                                                                                
                                   "Node Type": "Hash",                                                                                                           
                                   "Parent Relationship": "Inner",                                                                                                
                                   "Parallel Aware": false,                                                                                                       
                                   "Startup Cost": 2679.69,                                                                                                       
                                   "Total Cost": 2679.69,                                                                                                         
                                   "Plan Rows": 37708,                                                                                                            
                                   "Plan Width": 19,                                                                                                              
                                   "Actual Startup Time": 2694.240,                                                                                               
                                   "Actual Total Time": 2694.240,                                                                                                 
                                   "Actual Rows": 50011,                                                                                                          
                                   "Actual Loops": 1,                                                                                                             
                                   "Hash Buckets": 65536,                                                                                                         
                                   "Original Hash Buckets": 65536,                                                                                                
                                   "Hash Batches": 1,                                                                                                             
                                   "Original Hash Batches": 1,                                                                                                    
                                   "Peak Memory Usage": 3135,                                                                                                     
                                   "Shared Hit Blocks": 0,                                                                                                        
                                   "Shared Read Blocks": 55613,                                                                                                   
                                   "Shared Dirtied Blocks": 0,                                                                                                    
                                   "Shared Written Blocks": 0,                                                                                                    
                                   "Local Hit Blocks": 0,                                                                                                         
                                   "Local Read Blocks": 0,                                                                                                        
                                   "Local Dirtied Blocks": 0,                                                                                                     
                                   "Local Written Blocks": 0,                                                                                                     
                                   "Temp Read Blocks": 0,                                                                                                         
                                   "Temp Written Blocks": 0,                                                                                                      
                                   "Plans": [                                                                                                                     
                                     {                                                                                                                            
                                       "Node Type": "Seq Scan",                                                                                                   
                                       "Parent Relationship": "Outer",                                                                                            
                                       "Parallel Aware": false,                                                                                                   
                                       "Relation Name": "name",                                                                                                   
                                       "Alias": "n",                                                                                                              
                                       "Startup Cost": 0.00,                                                                                                      
                                       "Total Cost": 2679.69,                                                                                                     
                                       "Plan Rows": 37708,                                                                                                        
                                       "Plan Width": 19,                                                                                                          
                                       "Actual Startup Time": 1093.974,                                                                                           
                                       "Actual Total Time": 2665.936,                                                                                             
                                       "Actual Rows": 50011,                                                                                                      
                                       "Actual Loops": 1,                                                                                                         
                                       "Filter": "((name ~~ '%An%'::text) AND ((gender)::text = 'f'::text))",                                                     
                                       "Rows Removed by Filter": 4117480,                                                                                         
                                       "Shared Hit Blocks": 0,                                                                                                    
                                       "Shared Read Blocks": 55613,                                                                                               
                                       "Shared Dirtied Blocks": 0,                                                                                                
                                       "Shared Written Blocks": 0,                                                                                                
                                       "Local Hit Blocks": 0,                                                                                                     
                                       "Local Read Blocks": 0,                                                                                                    
                                       "Local Dirtied Blocks": 0,                                                                                                 
                                       "Local Written Blocks": 0,                                                                                                 
                                       "Temp Read Blocks": 0,                                                                                                     
                                       "Temp Written Blocks": 0                                                                                                   
                                     }                                                                                                                            
                                   ]                                                                                                                              
                                 }                                                                                                                                
                               ]                                                                                                                                  
                             }                                                                                                                                    
                           ]                                                                                                                                      
                         }                                                                                                                                        
                       ]                                                                                                                                          
                     },                                                                                                                                           
                     {                                                                                                                                            
                       "Node Type": "Hash",                                                                                                                       
                       "Parent Relationship": "Inner",                                                                                                            
                       "Parallel Aware": false,                                                                                                                   
                       "Startup Cost": 1360.36,                                                                                                                   
                       "Total Cost": 1360.36,                                                                                                                     
                       "Plan Rows": 3140339,                                                                                                                      
                       "Plan Width": 20,                                                                                                                          
                       "Actual Startup Time": 1714.540,                                                                                                           
                       "Actual Total Time": 1714.540,                                                                                                             
                       "Actual Rows": 3140339,                                                                                                                    
                       "Actual Loops": 1,                                                                                                                         
                       "Hash Buckets": 4194304,                                                                                                                   
                       "Original Hash Buckets": 4194304,                                                                                                          
                       "Hash Batches": 1,                                                                                                                         
                       "Original Hash Batches": 1,                                                                                                                
                       "Peak Memory Usage": 198030,                                                                                                               
                       "Shared Hit Blocks": 0,                                                                                                                    
                       "Shared Read Blocks": 36447,                                                                                                               
                       "Shared Dirtied Blocks": 0,                                                                                                                
                       "Shared Written Blocks": 0,                                                                                                                
                       "Local Hit Blocks": 0,                                                                                                                     
                       "Local Read Blocks": 0,                                                                                                                    
                       "Local Dirtied Blocks": 0,                                                                                                                 
                       "Local Written Blocks": 0,                                                                                                                 
                       "Temp Read Blocks": 0,                                                                                                                     
                       "Temp Written Blocks": 0,                                                                                                                  
                       "Plans": [                                                                                                                                 
                         {                                                                                                                                        
                           "Node Type": "Seq Scan",                                                                                                               
                           "Parent Relationship": "Outer",                                                                                                        
                           "Parallel Aware": false,                                                                                                               
                           "Relation Name": "char_name",                                                                                                          
                           "Alias": "chn",                                                                                                                        
                           "Startup Cost": 0.00,                                                                                                                  
                           "Total Cost": 1360.36,                                                                                                                 
                           "Plan Rows": 3140339,                                                                                                                  
                           "Plan Width": 20,                                                                                                                      
                           "Actual Startup Time": 2.185,                                                                                                          
                           "Actual Total Time": 735.066,                                                                                                          
                           "Actual Rows": 3140339,                                                                                                                
                           "Actual Loops": 1,                                                                                                                     
                           "Shared Hit Blocks": 0,                                                                                                                
                           "Shared Read Blocks": 36447,                                                                                                           
                           "Shared Dirtied Blocks": 0,                                                                                                            
                           "Shared Written Blocks": 0,                                                                                                            
                           "Local Hit Blocks": 0,                                                                                                                 
                           "Local Read Blocks": 0,                                                                                                                
                           "Local Dirtied Blocks": 0,                                                                                                             
                           "Local Written Blocks": 0,                                                                                                             
                           "Temp Read Blocks": 0,                                                                                                                 
                           "Temp Written Blocks": 0                                                                                                               
                         }                                                                                                                                        
                       ]                                                                                                                                          
                     }                                                                                                                                            
                   ]                                                                                                                                              
                 },                                                                                                                                               
                 {                                                                                                                                                
                   "Node Type": "Hash",                                                                                                                           
                   "Parent Relationship": "Inner",                                                                                                                
                   "Parallel Aware": false,                                                                                                                       
                   "Startup Cost": 1123.32,                                                                                                                       
                   "Total Cost": 1123.32,                                                                                                                         
                   "Plan Rows": 941996,                                                                                                                           
                   "Plan Width": 4,                                                                                                                               
                   "Actual Startup Time": 1414.362,                                                                                                               
                   "Actual Total Time": 1414.362,                                                                                                                 
                   "Actual Rows": 1153798,                                                                                                                        
                   "Actual Loops": 1,                                                                                                                             
                   "Hash Buckets": 2097152,                                                                                                                       
                   "Original Hash Buckets": 1048576,                                                                                                              
                   "Hash Batches": 1,                                                                                                                             
                   "Original Hash Batches": 1,                                                                                                                    
                   "Peak Memory Usage": 56948,                                                                                                                    
                   "Shared Hit Blocks": 0,                                                                                                                        
                   "Shared Read Blocks": 21783,                                                                                                                   
                   "Shared Dirtied Blocks": 0,                                                                                                                    
                   "Shared Written Blocks": 0,                                                                                                                    
                   "Local Hit Blocks": 0,                                                                                                                         
                   "Local Read Blocks": 0,                                                                                                                        
                   "Local Dirtied Blocks": 0,                                                                                                                     
                   "Local Written Blocks": 0,                                                                                                                     
                   "Temp Read Blocks": 0,                                                                                                                         
                   "Temp Written Blocks": 0,                                                                                                                      
                   "Plans": [                                                                                                                                     
                     {                                                                                                                                            
                       "Node Type": "Hash Join",                                                                                                                  
                       "Parent Relationship": "Outer",                                                                                                            
                       "Parallel Aware": false,                                                                                                                   
                       "Join Type": "Inner",                                                                                                                      
                       "Startup Cost": 140.86,                                                                                                                    
                       "Total Cost": 1123.32,                                                                                                                     
                       "Plan Rows": 941996,                                                                                                                       
                       "Plan Width": 4,                                                                                                                           
                       "Actual Startup Time": 152.581,                                                                                                            
                       "Actual Total Time": 1091.537,                                                                                                             
                       "Actual Rows": 1153798,                                                                                                                    
                       "Actual Loops": 1,                                                                                                                         
                       "Inner Unique": true,                                                                                                                      
                       "Hash Cond": "(mc.company_id = cn.id)",                                                                                                    
                       "Shared Hit Blocks": 0,                                                                                                                    
                       "Shared Read Blocks": 21783,                                                                                                               
                       "Shared Dirtied Blocks": 0,                                                                                                                
                       "Shared Written Blocks": 0,                                                                                                                
                       "Local Hit Blocks": 0,                                                                                                                     
                       "Local Read Blocks": 0,                                                                                                                    
                       "Local Dirtied Blocks": 0,                                                                                                                 
                       "Local Written Blocks": 0,                                                                                                                 
                       "Temp Read Blocks": 0,                                                                                                                     
                       "Temp Written Blocks": 0,                                                                                                                  
                       "Plans": [                                                                                                                                 
                         {                                                                                                                                        
                           "Node Type": "Seq Scan",                                                                                                               
                           "Parent Relationship": "Outer",                                                                                                        
                           "Parallel Aware": false,                                                                                                               
                           "Relation Name": "movie_companies",                                                                                                    
                           "Alias": "mc",                                                                                                                         
                           "Startup Cost": 0.00,                                                                                                                  
                           "Total Cost": 769.75,                                                                                                                  
                           "Plan Rows": 2609129,                                                                                                                  
                           "Plan Width": 8,                                                                                                                       
                           "Actual Startup Time": 10.897,                                                                                                         
                           "Actual Total Time": 318.803,                                                                                                          
                           "Actual Rows": 2609129,                                                                                                                
                           "Actual Loops": 1,                                                                                                                     
                           "Shared Hit Blocks": 0,                                                                                                                
                           "Shared Read Blocks": 18789,                                                                                                           
                           "Shared Dirtied Blocks": 0,                                                                                                            
                           "Shared Written Blocks": 0,                                                                                                            
                           "Local Hit Blocks": 0,                                                                                                                 
                           "Local Read Blocks": 0,                                                                                                                
                           "Local Dirtied Blocks": 0,                                                                                                             
                           "Local Written Blocks": 0,                                                                                                             
                           "Temp Read Blocks": 0,                                                                                                                 
                           "Temp Written Blocks": 0                                                                                                               
                         },                                                                                                                                       
                         {                                                                                                                                        
                           "Node Type": "Hash",                                                                                                                   
                           "Parent Relationship": "Inner",                                                                                                        
                           "Parallel Aware": false,                                                                                                               
                           "Startup Cost": 128.41,                                                                                                                
                           "Total Cost": 128.41,                                                                                                                  
                           "Plan Rows": 84843,                                                                                                                    
                           "Plan Width": 4,                                                                                                                       
                           "Actual Startup Time": 140.977,                                                                                                        
                           "Actual Total Time": 140.977,                                                                                                          
                           "Actual Rows": 84843,                                                                                                                  
                           "Actual Loops": 1,                                                                                                                     
                           "Hash Buckets": 131072,                                                                                                                
                           "Original Hash Buckets": 131072,                                                                                                       
                           "Hash Batches": 1,                                                                                                                     
                           "Original Hash Batches": 1,                                                                                                            
                           "Peak Memory Usage": 4007,                                                                                                             
                           "Shared Hit Blocks": 0,                                                                                                                
                           "Shared Read Blocks": 2994,                                                                                                            
                           "Shared Dirtied Blocks": 0,                                                                                                            
                           "Shared Written Blocks": 0,                                                                                                            
                           "Local Hit Blocks": 0,                                                                                                                 
                           "Local Read Blocks": 0,                                                                                                                
                           "Local Dirtied Blocks": 0,                                                                                                             
                           "Local Written Blocks": 0,                                                                                                             
                           "Temp Read Blocks": 0,                                                                                                                 
                           "Temp Written Blocks": 0,                                                                                                              
                           "Plans": [                                                                                                                             
                             {                                                                                                                                    
                               "Node Type": "Seq Scan",                                                                                                           
                               "Parent Relationship": "Outer",                                                                                                    
                               "Parallel Aware": false,                                                                                                           
                               "Relation Name": "company_name",                                                                                                   
                               "Alias": "cn",                                                                                                                     
                               "Startup Cost": 0.00,                                                                                                              
                               "Total Cost": 128.41,                                                                                                              
                               "Plan Rows": 84843,                                                                                                                
                               "Plan Width": 4,                                                                                                                   
                               "Actual Startup Time": 2.633,                                                                                                      
                               "Actual Total Time": 110.948,                                                                                                      
                               "Actual Rows": 84843,                                                                                                              
                               "Actual Loops": 1,                                                                                                                 
                               "Filter": "((country_code)::text = '[us]'::text)",                                                                                 
                               "Rows Removed by Filter": 150154,                                                                                                  
                               "Shared Hit Blocks": 0,                                                                                                            
                               "Shared Read Blocks": 2994,                                                                                                        
                               "Shared Dirtied Blocks": 0,                                                                                                        
                               "Shared Written Blocks": 0,                                                                                                        
                               "Local Hit Blocks": 0,                                                                                                             
                               "Local Read Blocks": 0,                                                                                                            
                               "Local Dirtied Blocks": 0,                                                                                                         
                               "Local Written Blocks": 0,                                                                                                         
                               "Temp Read Blocks": 0,                                                                                                             
                               "Temp Written Blocks": 0                                                                                                           
                             }                                                                                                                                    
                           ]                                                                                                                                      
                         }                                                                                                                                        
                       ]                                                                                                                                          
                     }                                                                                                                                            
                   ]                                                                                                                                              
                 }                                                                                                                                                
               ]                                                                                                                                                  
             },                                                                                                                                                   
             {                                                                                                                                                    
               "Node Type": "Hash",                                                                                                                               
               "Parent Relationship": "Inner",                                                                                                                    
               "Parallel Aware": false,                                                                                                                           
               "Startup Cost": 1303.96,                                                                                                                           
               "Total Cost": 1303.96,                                                                                                                             
               "Plan Rows": 2528312,                                                                                                                              
               "Plan Width": 21,                                                                                                                                  
               "Actual Startup Time": 2010.298,                                                                                                                   
               "Actual Total Time": 2010.298,                                                                                                                     
               "Actual Rows": 2528312,                                                                                                                            
               "Actual Loops": 1,                                                                                                                                 
               "Hash Buckets": 4194304,                                                                                                                           
               "Original Hash Buckets": 4194304,                                                                                                                  
               "Hash Batches": 1,                                                                                                                                 
               "Original Hash Batches": 1,                                                                                                                        
               "Peak Memory Usage": 168636,                                                                                                                       
               "Shared Hit Blocks": 0,                                                                                                                            
               "Shared Read Blocks": 35998,                                                                                                                       
               "Shared Dirtied Blocks": 0,                                                                                                                        
               "Shared Written Blocks": 0,                                                                                                                        
               "Local Hit Blocks": 0,                                                                                                                             
               "Local Read Blocks": 0,                                                                                                                            
               "Local Dirtied Blocks": 0,                                                                                                                         
               "Local Written Blocks": 0,                                                                                                                         
               "Temp Read Blocks": 0,                                                                                                                             
               "Temp Written Blocks": 0,                                                                                                                          
               "Plans": [                                                                                                                                         
                 {                                                                                                                                                
                   "Node Type": "Seq Scan",                                                                                                                       
                   "Parent Relationship": "Outer",                                                                                                                
                   "Parallel Aware": false,                                                                                                                       
                   "Relation Name": "title",                                                                                                                      
                   "Alias": "t",                                                                                                                                  
                   "Startup Cost": 0.00,                                                                                                                          
                   "Total Cost": 1303.96,                                                                                                                         
                   "Plan Rows": 2528312,                                                                                                                          
                   "Plan Width": 21,                                                                                                                              
                   "Actual Startup Time": 27.409,                                                                                                                 
                   "Actual Total Time": 1116.712,                                                                                                                 
                   "Actual Rows": 2528312,                                                                                                                        
                   "Actual Loops": 1,                                                                                                                             
                   "Shared Hit Blocks": 0,                                                                                                                        
                   "Shared Read Blocks": 35998,                                                                                                                   
                   "Shared Dirtied Blocks": 0,                                                                                                                    
                   "Shared Written Blocks": 0,                                                                                                                    
                   "Local Hit Blocks": 0,                                                                                                                         
                   "Local Read Blocks": 0,                                                                                                                        
                   "Local Dirtied Blocks": 0,                                                                                                                     
                   "Local Written Blocks": 0,                                                                                                                     
                   "Temp Read Blocks": 0,                                                                                                                         
                   "Temp Written Blocks": 0                                                                                                                       
                 }                                                                                                                                                
               ]                                                                                                                                                  
             }                                                                                                                                                    
           ]                                                                                                                                                      
         }                                                                                                                                                        
       ]                                                                                                                                                          
     },                                                                                                                                                           
     "Planning Time": 4054.026,                                                                                                                                   
     "Triggers": [                                                                                                                                                
     ],                                                                                                                                                           
     "Execution Time": 20605.108                                                                                                                                  
