                                                                 QUERY PLAN                                                                   
-----------------------------------------------------------------------------------------------------------------------------------------------
 Nested Loop  (cost=0.01..3025.71 rows=929 width=77) (actual time=153.382..6611.541 rows=625 loops=1)
   Buffers: shared hit=129 read=608
   ->  Seq Scan on del_nest_index del  (cost=0.00..0.04 rows=100 width=4) (actual time=0.063..0.250 rows=100 loops=1)
         Buffers: shared read=1
   ->  Index Scan using movie_id_movie_info on movie_info mi  (cost=0.01..30.26 rows=9 width=73) (actual time=36.806..66.087 rows=6 loops=100)
         Index Cond: (movie_id = del.a)
         Buffers: shared hit=129 read=607
 Planning Time: 414.497 ms
 Execution Time: 6652.706 ms
(9 rows)

                                                                  QUERY PLAN                                                                   
-----------------------------------------------------------------------------------------------------------------------------------------------
 Nested Loop  (cost=0.01..3025.71 rows=929 width=77) (actual time=78.426..6365.433 rows=537 loops=1)
   Buffers: shared hit=132 read=572
   ->  Seq Scan on del_nest_index del  (cost=0.00..0.04 rows=100 width=4) (actual time=0.054..0.215 rows=100 loops=1)
         Buffers: shared read=1
   ->  Index Scan using movie_id_movie_info on movie_info mi  (cost=0.01..30.26 rows=9 width=73) (actual time=35.554..63.629 rows=5 loops=100)
         Index Cond: (movie_id = del.a)
         Buffers: shared hit=132 read=571
 Planning Time: 305.341 ms
 Execution Time: 6367.025 ms
(9 rows)

                                                                  QUERY PLAN                                                                   
-----------------------------------------------------------------------------------------------------------------------------------------------
 Nested Loop  (cost=0.01..3025.71 rows=929 width=77) (actual time=69.180..7128.434 rows=682 loops=1)
   Buffers: shared hit=130 read=603
   ->  Seq Scan on del_nest_index del  (cost=0.00..0.04 rows=100 width=4) (actual time=0.064..0.234 rows=100 loops=1)
         Buffers: shared read=1
   ->  Index Scan using movie_id_movie_info on movie_info mi  (cost=0.01..30.26 rows=9 width=73) (actual time=38.083..71.255 rows=7 loops=100)
         Index Cond: (movie_id = del.a)
         Buffers: shared hit=130 read=602
 Planning Time: 322.398 ms
 Execution Time: 7136.566 ms
(9 rows)

                                                                  QUERY PLAN                                                                   
-----------------------------------------------------------------------------------------------------------------------------------------------
 Nested Loop  (cost=0.01..3025.71 rows=929 width=77) (actual time=67.667..6434.552 rows=654 loops=1)
   Buffers: shared hit=132 read=631
   ->  Seq Scan on del_nest_index del  (cost=0.00..0.04 rows=100 width=4) (actual time=0.061..0.215 rows=100 loops=1)
         Buffers: shared read=1
   ->  Index Scan using movie_id_movie_info on movie_info mi  (cost=0.01..30.26 rows=9 width=73) (actual time=33.562..64.317 rows=7 loops=100)
         Index Cond: (movie_id = del.a)
         Buffers: shared hit=132 read=630
 Planning Time: 289.616 ms
 Execution Time: 6442.097 ms
(9 rows)

                                                                  QUERY PLAN                                                                   
-----------------------------------------------------------------------------------------------------------------------------------------------
 Nested Loop  (cost=0.01..6036.31 rows=1858 width=77) (actual time=159.068..12046.968 rows=1248 loops=1)
   Buffers: shared hit=309 read=1089
   ->  Seq Scan on del_nest_index del  (cost=0.00..0.08 rows=200 width=4) (actual time=0.062..0.371 rows=200 loops=1)
         Buffers: shared read=2
   ->  Index Scan using movie_id_movie_info on movie_info mi  (cost=0.01..30.18 rows=9 width=73) (actual time=33.395..60.210 rows=6 loops=200)
         Index Cond: (movie_id = del.a)
         Buffers: shared hit=309 read=1087
 Planning Time: 231.323 ms
 Execution Time: 12054.843 ms
(9 rows)

                                                                  QUERY PLAN                                                                   
-----------------------------------------------------------------------------------------------------------------------------------------------
 Nested Loop  (cost=0.01..6036.31 rows=1858 width=77) (actual time=88.801..12342.178 rows=1499 loops=1)
   Buffers: shared hit=320 read=1133
   ->  Seq Scan on del_nest_index del  (cost=0.00..0.08 rows=200 width=4) (actual time=0.043..0.384 rows=200 loops=1)
         Buffers: shared read=2
   ->  Index Scan using movie_id_movie_info on movie_info mi  (cost=0.01..30.18 rows=9 width=73) (actual time=34.264..61.684 rows=7 loops=200)
         Index Cond: (movie_id = del.a)
         Buffers: shared hit=320 read=1131
 Planning Time: 305.533 ms
 Execution Time: 12344.165 ms
(9 rows)

                                                                  QUERY PLAN                                                                   
-----------------------------------------------------------------------------------------------------------------------------------------------
 Nested Loop  (cost=0.01..6036.31 rows=1858 width=77) (actual time=76.024..12235.112 rows=1311 loops=1)
   Buffers: shared hit=311 read=1158
   ->  Seq Scan on del_nest_index del  (cost=0.00..0.08 rows=200 width=4) (actual time=0.151..0.481 rows=200 loops=1)
         Buffers: shared read=2
   ->  Index Scan using movie_id_movie_info on movie_info mi  (cost=0.01..30.18 rows=9 width=73) (actual time=33.584..61.147 rows=7 loops=200)
         Index Cond: (movie_id = del.a)
         Buffers: shared hit=311 read=1156
 Planning Time: 305.346 ms
 Execution Time: 12237.349 ms
(9 rows)

                                                                  QUERY PLAN                                                                   
-----------------------------------------------------------------------------------------------------------------------------------------------
 Nested Loop  (cost=0.01..6036.31 rows=1858 width=77) (actual time=65.616..11888.969 rows=1067 loops=1)
   Buffers: shared hit=309 read=1081
   ->  Seq Scan on del_nest_index del  (cost=0.00..0.08 rows=200 width=4) (actual time=0.065..0.432 rows=200 loops=1)
         Buffers: shared read=2
   ->  Index Scan using movie_id_movie_info on movie_info mi  (cost=0.01..30.18 rows=9 width=73) (actual time=33.508..59.419 rows=5 loops=200)
         Index Cond: (movie_id = del.a)
         Buffers: shared hit=309 read=1079
 Planning Time: 280.398 ms
 Execution Time: 11897.255 ms
(9 rows)

                                                                  QUERY PLAN                                                                   
-----------------------------------------------------------------------------------------------------------------------------------------------
 Nested Loop  (cost=0.01..6036.31 rows=1858 width=77) (actual time=69.838..12024.201 rows=1121 loops=1)
   Buffers: shared hit=310 read=1106
   ->  Seq Scan on del_nest_index del  (cost=0.00..0.08 rows=200 width=4) (actual time=0.060..0.417 rows=200 loops=1)
         Buffers: shared read=2
   ->  Index Scan using movie_id_movie_info on movie_info mi  (cost=0.01..30.18 rows=9 width=73) (actual time=33.298..60.095 rows=6 loops=200)
         Index Cond: (movie_id = del.a)
         Buffers: shared hit=310 read=1104
 Planning Time: 280.330 ms
 Execution Time: 12026.492 ms
(9 rows)

                                                                  QUERY PLAN                                                                   
-----------------------------------------------------------------------------------------------------------------------------------------------
 Nested Loop  (cost=0.01..9025.71 rows=2787 width=77) (actual time=49.232..18163.991 rows=2167 loops=1)
   Buffers: shared hit=501 read=1683
   ->  Seq Scan on del_nest_index del  (cost=0.00..0.11 rows=300 width=4) (actual time=0.055..0.621 rows=300 loops=1)
         Buffers: shared read=3
   ->  Index Scan using movie_id_movie_info on movie_info mi  (cost=0.01..30.08 rows=9 width=73) (actual time=33.136..60.519 rows=7 loops=300)
         Index Cond: (movie_id = del.a)
         Buffers: shared hit=501 read=1680
 Planning Time: 256.406 ms
 Execution Time: 18166.780 ms
(9 rows)

                                                                  QUERY PLAN                                                                   
-----------------------------------------------------------------------------------------------------------------------------------------------
 Nested Loop  (cost=0.01..9025.71 rows=2787 width=77) (actual time=53.375..18683.626 rows=2006 loops=1)
   Buffers: shared hit=497 read=1683
   ->  Seq Scan on del_nest_index del  (cost=0.00..0.11 rows=300 width=4) (actual time=0.057..0.598 rows=300 loops=1)
         Buffers: shared read=3
   ->  Index Scan using movie_id_movie_info on movie_info mi  (cost=0.01..30.08 rows=9 width=73) (actual time=33.884..62.253 rows=7 loops=300)
         Index Cond: (movie_id = del.a)
         Buffers: shared hit=497 read=1680
 Planning Time: 255.316 ms
 Execution Time: 18686.406 ms
(9 rows)

                                                                  QUERY PLAN                                                                   
-----------------------------------------------------------------------------------------------------------------------------------------------
 Nested Loop  (cost=0.01..9025.71 rows=2787 width=77) (actual time=36.579..17931.383 rows=2444 loops=1)
   Buffers: shared hit=486 read=1678
   ->  Seq Scan on del_nest_index del  (cost=0.00..0.11 rows=300 width=4) (actual time=0.061..0.592 rows=300 loops=1)
         Buffers: shared read=3
   ->  Index Scan using movie_id_movie_info on movie_info mi  (cost=0.01..30.08 rows=9 width=73) (actual time=33.114..59.744 rows=8 loops=300)
         Index Cond: (movie_id = del.a)
         Buffers: shared hit=486 read=1675
 Planning Time: 255.742 ms
 Execution Time: 17940.134 ms
(9 rows)

                                                                  QUERY PLAN                                                                   
-----------------------------------------------------------------------------------------------------------------------------------------------
 Nested Loop  (cost=0.01..9025.71 rows=2787 width=77) (actual time=52.589..19626.485 rows=1855 loops=1)
   Buffers: shared hit=501 read=1627
   ->  Seq Scan on del_nest_index del  (cost=0.00..0.11 rows=300 width=4) (actual time=0.055..0.546 rows=300 loops=1)
         Buffers: shared read=3
   ->  Index Scan using movie_id_movie_info on movie_info mi  (cost=0.01..30.08 rows=9 width=73) (actual time=35.000..65.396 rows=6 loops=300)
         Index Cond: (movie_id = del.a)
         Buffers: shared hit=501 read=1624
 Planning Time: 314.119 ms
 Execution Time: 19628.989 ms
(9 rows)

                                                                  QUERY PLAN                                                                   
-----------------------------------------------------------------------------------------------------------------------------------------------
 Nested Loop  (cost=0.01..9025.71 rows=2787 width=77) (actual time=41.348..18302.421 rows=1965 loops=1)
   Buffers: shared hit=493 read=1663
   ->  Seq Scan on del_nest_index del  (cost=0.00..0.11 rows=300 width=4) (actual time=0.061..0.596 rows=300 loops=1)
         Buffers: shared read=3
   ->  Index Scan using movie_id_movie_info on movie_info mi  (cost=0.01..30.08 rows=9 width=73) (actual time=33.040..60.982 rows=7 loops=300)
         Index Cond: (movie_id = del.a)
         Buffers: shared hit=493 read=1660
 Planning Time: 271.999 ms
 Execution Time: 18311.354 ms
(9 rows)

                                                                  QUERY PLAN                                                                   
-----------------------------------------------------------------------------------------------------------------------------------------------
 Nested Loop  (cost=0.01..12006.08 rows=3716 width=77) (actual time=38.116..23202.595 rows=2256 loops=1)
   Buffers: shared hit=701 read=2109
   ->  Seq Scan on del_nest_index del  (cost=0.00..0.15 rows=400 width=4) (actual time=0.067..0.751 rows=400 loops=1)
         Buffers: shared read=4
   ->  Index Scan using movie_id_movie_info on movie_info mi  (cost=0.01..30.01 rows=9 width=73) (actual time=31.934..57.981 rows=6 loops=400)
         Index Cond: (movie_id = del.a)
         Buffers: shared hit=701 read=2105
 Planning Time: 297.005 ms
 Execution Time: 23211.938 ms
(9 rows)

                                                                  QUERY PLAN                                                                   
-----------------------------------------------------------------------------------------------------------------------------------------------
 Nested Loop  (cost=0.01..12006.08 rows=3716 width=77) (actual time=43.675..23049.858 rows=2305 loops=1)
   Buffers: shared hit=702 read=2104
   ->  Seq Scan on del_nest_index del  (cost=0.00..0.15 rows=400 width=4) (actual time=0.065..0.845 rows=400 loops=1)
         Buffers: shared read=4
   ->  Index Scan using movie_id_movie_info on movie_info mi  (cost=0.01..30.01 rows=9 width=73) (actual time=31.559..57.600 rows=6 loops=400)
         Index Cond: (movie_id = del.a)
         Buffers: shared hit=702 read=2100
 Planning Time: 288.940 ms
 Execution Time: 23052.790 ms
(9 rows)

                                                                  QUERY PLAN                                                                   
-----------------------------------------------------------------------------------------------------------------------------------------------
 Nested Loop  (cost=0.01..12006.08 rows=3716 width=77) (actual time=47.335..23545.290 rows=2398 loops=1)
   Buffers: shared hit=685 read=2144
   ->  Seq Scan on del_nest_index del  (cost=0.00..0.15 rows=400 width=4) (actual time=0.058..0.745 rows=400 loops=1)
         Buffers: shared read=4
   ->  Index Scan using movie_id_movie_info on movie_info mi  (cost=0.01..30.01 rows=9 width=73) (actual time=32.747..58.838 rows=6 loops=400)
         Index Cond: (movie_id = del.a)
         Buffers: shared hit=685 read=2140
 Planning Time: 313.485 ms
 Execution Time: 23548.623 ms
(9 rows)

                                                                  QUERY PLAN                                                                   
-----------------------------------------------------------------------------------------------------------------------------------------------
 Nested Loop  (cost=0.01..12006.08 rows=3716 width=77) (actual time=47.843..23402.507 rows=2339 loops=1)
   Buffers: shared hit=699 read=2153
   ->  Seq Scan on del_nest_index del  (cost=0.00..0.15 rows=400 width=4) (actual time=0.053..0.728 rows=400 loops=1)
         Buffers: shared read=4
   ->  Index Scan using movie_id_movie_info on movie_info mi  (cost=0.01..30.01 rows=9 width=73) (actual time=31.958..58.482 rows=6 loops=400)
         Index Cond: (movie_id = del.a)
         Buffers: shared hit=699 read=2149
 Planning Time: 323.039 ms
 Execution Time: 23405.501 ms
(9 rows)

                                                                  QUERY PLAN                                                                   
-----------------------------------------------------------------------------------------------------------------------------------------------
 Nested Loop  (cost=0.01..12006.08 rows=3716 width=77) (actual time=83.175..23727.872 rows=2747 loops=1)
   Buffers: shared hit=705 read=2145
   ->  Seq Scan on del_nest_index del  (cost=0.00..0.15 rows=400 width=4) (actual time=0.060..0.744 rows=400 loops=1)
         Buffers: shared read=4
   ->  Index Scan using movie_id_movie_info on movie_info mi  (cost=0.01..30.01 rows=9 width=73) (actual time=33.074..59.294 rows=7 loops=400)
         Index Cond: (movie_id = del.a)
         Buffers: shared hit=705 read=2141
 Planning Time: 273.345 ms
 Execution Time: 23730.627 ms
(9 rows)

                                                                  QUERY PLAN                                                                   
-----------------------------------------------------------------------------------------------------------------------------------------------
 Nested Loop  (cost=0.01..14965.19 rows=4645 width=77) (actual time=66.910..29847.137 rows=2571 loops=1)
   Buffers: shared hit=910 read=2601
   ->  Seq Scan on del_nest_index del  (cost=0.00..0.16 rows=500 width=4) (actual time=0.061..1.004 rows=500 loops=1)
         Buffers: shared read=4
   ->  Index Scan using movie_id_movie_info on movie_info mi  (cost=0.01..29.93 rows=9 width=73) (actual time=32.545..59.669 rows=5 loops=500)
         Index Cond: (movie_id = del.a)
         Buffers: shared hit=910 read=2597
 Planning Time: 269.010 ms
 Execution Time: 29851.547 ms
(9 rows)

                                                                  QUERY PLAN                                                                   
-----------------------------------------------------------------------------------------------------------------------------------------------
 Nested Loop  (cost=0.01..14965.22 rows=4645 width=77) (actual time=67.367..29708.495 rows=2890 loops=1)
   Buffers: shared hit=901 read=2643
   ->  Seq Scan on del_nest_index del  (cost=0.00..0.19 rows=500 width=4) (actual time=0.061..1.059 rows=500 loops=1)
         Buffers: shared read=5
   ->  Index Scan using movie_id_movie_info on movie_info mi  (cost=0.01..29.93 rows=9 width=73) (actual time=32.954..59.392 rows=6 loops=500)
         Index Cond: (movie_id = del.a)
         Buffers: shared hit=901 read=2638
 Planning Time: 260.700 ms
 Execution Time: 29713.118 ms
(9 rows)

                                                                  QUERY PLAN                                                                   
-----------------------------------------------------------------------------------------------------------------------------------------------
 Nested Loop  (cost=0.01..14965.19 rows=4645 width=77) (actual time=78.042..29367.277 rows=2614 loops=1)
   Buffers: shared hit=899 read=2554
   ->  Seq Scan on del_nest_index del  (cost=0.00..0.16 rows=500 width=4) (actual time=0.040..0.987 rows=500 loops=1)
         Buffers: shared read=4
   ->  Index Scan using movie_id_movie_info on movie_info mi  (cost=0.01..29.93 rows=9 width=73) (actual time=32.472..58.711 rows=5 loops=500)
         Index Cond: (movie_id = del.a)
         Buffers: shared hit=899 read=2550
 Planning Time: 272.319 ms
 Execution Time: 29370.729 ms
(9 rows)

                                                                  QUERY PLAN                                                                   
-----------------------------------------------------------------------------------------------------------------------------------------------
 Nested Loop  (cost=0.01..14965.22 rows=4645 width=77) (actual time=78.853..29948.521 rows=3088 loops=1)
   Buffers: shared hit=911 read=2620
   ->  Seq Scan on del_nest_index del  (cost=0.00..0.19 rows=500 width=4) (actual time=0.044..0.987 rows=500 loops=1)
         Buffers: shared read=5
   ->  Index Scan using movie_id_movie_info on movie_info mi  (cost=0.01..29.93 rows=9 width=73) (actual time=33.080..59.871 rows=6 loops=500)
         Index Cond: (movie_id = del.a)
         Buffers: shared hit=911 read=2615
 Planning Time: 227.353 ms
 Execution Time: 29952.957 ms
(9 rows)

                                                                  QUERY PLAN                                                                   
-----------------------------------------------------------------------------------------------------------------------------------------------
 Nested Loop  (cost=0.01..14965.19 rows=4645 width=77) (actual time=47.740..29649.857 rows=2679 loops=1)
   Buffers: shared hit=907 read=2624
   ->  Seq Scan on del_nest_index del  (cost=0.00..0.16 rows=500 width=4) (actual time=0.046..0.927 rows=500 loops=1)
         Buffers: shared read=4
   ->  Index Scan using movie_id_movie_info on movie_info mi  (cost=0.01..29.93 rows=9 width=73) (actual time=32.306..59.275 rows=5 loops=500)
         Index Cond: (movie_id = del.a)
         Buffers: shared hit=907 read=2620
 Planning Time: 244.001 ms
 Execution Time: 29654.251 ms
(9 rows)

                                                                  QUERY PLAN                                                                   
-----------------------------------------------------------------------------------------------------------------------------------------------
 Nested Loop  (cost=0.01..17912.23 rows=5574 width=77) (actual time=39.633..36562.931 rows=3716 loops=1)
   Buffers: shared hit=1088 read=3234
   ->  Seq Scan on del_nest_index del  (cost=0.00..0.20 rows=600 width=4) (actual time=0.065..1.164 rows=600 loops=1)
         Buffers: shared read=5
   ->  Index Scan using movie_id_movie_info on movie_info mi  (cost=0.01..29.85 rows=9 width=73) (actual time=33.059..60.910 rows=6 loops=600)
         Index Cond: (movie_id = del.a)
         Buffers: shared hit=1088 read=3229
 Planning Time: 227.319 ms
 Execution Time: 36568.051 ms
(9 rows)

                                                                  QUERY PLAN                                                                   
-----------------------------------------------------------------------------------------------------------------------------------------------
 Nested Loop  (cost=0.01..17912.27 rows=5574 width=77) (actual time=45.751..34922.731 rows=3408 loops=1)
   Buffers: shared hit=1108 read=3062
   ->  Seq Scan on del_nest_index del  (cost=0.00..0.23 rows=600 width=4) (actual time=0.060..1.080 rows=600 loops=1)
         Buffers: shared read=6
   ->  Index Scan using movie_id_movie_info on movie_info mi  (cost=0.01..29.85 rows=9 width=73) (actual time=32.403..58.179 rows=6 loops=600)
         Index Cond: (movie_id = del.a)
         Buffers: shared hit=1108 read=3056
 Planning Time: 235.688 ms
 Execution Time: 34927.935 ms
(9 rows)

                                                                  QUERY PLAN                                                                   
-----------------------------------------------------------------------------------------------------------------------------------------------
 Nested Loop  (cost=0.01..17912.23 rows=5574 width=77) (actual time=47.492..36489.320 rows=3526 loops=1)
   Buffers: shared hit=1136 read=3188
   ->  Seq Scan on del_nest_index del  (cost=0.00..0.20 rows=600 width=4) (actual time=0.062..1.080 rows=600 loops=1)
         Buffers: shared read=5
   ->  Index Scan using movie_id_movie_info on movie_info mi  (cost=0.01..29.85 rows=9 width=73) (actual time=32.363..60.787 rows=6 loops=600)
         Index Cond: (movie_id = del.a)
         Buffers: shared hit=1136 read=3183
 Planning Time: 227.350 ms
 Execution Time: 36494.976 ms
(9 rows)

                                                                  QUERY PLAN                                                                   
-----------------------------------------------------------------------------------------------------------------------------------------------
 Nested Loop  (cost=0.01..17912.27 rows=5574 width=77) (actual time=43.775..34593.929 rows=3410 loops=1)
   Buffers: shared hit=1104 read=3033
   ->  Seq Scan on del_nest_index del  (cost=0.00..0.23 rows=600 width=4) (actual time=0.063..1.205 rows=600 loops=1)
         Buffers: shared read=6
   ->  Index Scan using movie_id_movie_info on movie_info mi  (cost=0.01..29.85 rows=9 width=73) (actual time=32.178..57.631 rows=6 loops=600)
         Index Cond: (movie_id = del.a)
         Buffers: shared hit=1104 read=3027
 Planning Time: 277.346 ms
 Execution Time: 34599.004 ms
(9 rows)

                                                                  QUERY PLAN                                                                   
-----------------------------------------------------------------------------------------------------------------------------------------------
 Nested Loop  (cost=0.01..17912.23 rows=5574 width=77) (actual time=52.892..35937.224 rows=3964 loops=1)
   Buffers: shared hit=1108 read=3159
   ->  Seq Scan on del_nest_index del  (cost=0.00..0.20 rows=600 width=4) (actual time=0.058..1.107 rows=600 loops=1)
         Buffers: shared read=5
   ->  Index Scan using movie_id_movie_info on movie_info mi  (cost=0.01..29.85 rows=9 width=73) (actual time=32.243..59.870 rows=7 loops=600)
         Index Cond: (movie_id = del.a)
         Buffers: shared hit=1108 read=3154
 Planning Time: 239.054 ms
 Execution Time: 35941.151 ms
(9 rows)

                                                                  QUERY PLAN                                                                   
-----------------------------------------------------------------------------------------------------------------------------------------------
 Nested Loop  (cost=0.01..20844.21 rows=6503 width=77) (actual time=37.223..39179.000 rows=3437 loops=1)
   Buffers: shared hit=1322 read=3347
   ->  Seq Scan on del_nest_index del  (cost=0.00..0.24 rows=700 width=4) (actual time=0.063..1.308 rows=700 loops=1)
         Buffers: shared read=6
   ->  Index Scan using movie_id_movie_info on movie_info mi  (cost=0.01..29.78 rows=9 width=73) (actual time=31.556..55.947 rows=5 loops=700)
         Index Cond: (movie_id = del.a)
         Buffers: shared hit=1322 read=3341
 Planning Time: 244.031 ms
 Execution Time: 39184.109 ms
(9 rows)

                                                                  QUERY PLAN                                                                   
-----------------------------------------------------------------------------------------------------------------------------------------------
 Nested Loop  (cost=0.01..20844.24 rows=6503 width=77) (actual time=44.007..42260.575 rows=4661 loops=1)
   Buffers: shared hit=1315 read=3779
   ->  Seq Scan on del_nest_index del  (cost=0.00..0.27 rows=700 width=4) (actual time=0.062..1.344 rows=700 loops=1)
         Buffers: shared read=7
   ->  Index Scan using movie_id_movie_info on movie_info mi  (cost=0.01..29.78 rows=9 width=73) (actual time=31.848..60.346 rows=7 loops=700)
         Index Cond: (movie_id = del.a)
         Buffers: shared hit=1315 read=3772
 Planning Time: 235.686 ms
 Execution Time: 42266.347 ms
(9 rows)

                                                                  QUERY PLAN                                                                   
-----------------------------------------------------------------------------------------------------------------------------------------------
 Nested Loop  (cost=0.01..20844.21 rows=6503 width=77) (actual time=43.834..41871.802 rows=4235 loops=1)
   Buffers: shared hit=1337 read=3688
   ->  Seq Scan on del_nest_index del  (cost=0.00..0.24 rows=700 width=4) (actual time=0.061..1.321 rows=700 loops=1)
         Buffers: shared read=6
   ->  Index Scan using movie_id_movie_info on movie_info mi  (cost=0.01..29.78 rows=9 width=73) (actual time=32.173..59.789 rows=6 loops=700)
         Index Cond: (movie_id = del.a)
         Buffers: shared hit=1337 read=3682
 Planning Time: 244.015 ms
 Execution Time: 41877.216 ms
(9 rows)

                                                                  QUERY PLAN                                                                   
-----------------------------------------------------------------------------------------------------------------------------------------------
 Nested Loop  (cost=0.01..20844.24 rows=6503 width=77) (actual time=110.796..40561.136 rows=3752 loops=1)
   Buffers: shared hit=1325 read=3552
   ->  Seq Scan on del_nest_index del  (cost=0.00..0.27 rows=700 width=4) (actual time=0.066..1.269 rows=700 loops=1)
         Buffers: shared read=7
   ->  Index Scan using movie_id_movie_info on movie_info mi  (cost=0.01..29.78 rows=9 width=73) (actual time=32.106..57.921 rows=5 loops=700)
         Index Cond: (movie_id = del.a)
         Buffers: shared hit=1325 read=3545
 Planning Time: 244.000 ms
 Execution Time: 40566.777 ms
(9 rows)

                                                                  QUERY PLAN                                                                   
-----------------------------------------------------------------------------------------------------------------------------------------------
 Nested Loop  (cost=0.01..20844.21 rows=6503 width=77) (actual time=40.561..41023.082 rows=3866 loops=1)
   Buffers: shared hit=1316 read=3608
   ->  Seq Scan on del_nest_index del  (cost=0.00..0.24 rows=700 width=4) (actual time=0.061..1.288 rows=700 loops=1)
         Buffers: shared read=6
   ->  Index Scan using movie_id_movie_info on movie_info mi  (cost=0.01..29.78 rows=9 width=73) (actual time=32.228..58.580 rows=6 loops=700)
         Index Cond: (movie_id = del.a)
         Buffers: shared hit=1316 read=3602
 Planning Time: 235.675 ms
 Execution Time: 41028.927 ms
(9 rows)

                                                                  QUERY PLAN                                                                   
-----------------------------------------------------------------------------------------------------------------------------------------------
 Nested Loop  (cost=0.01..23761.03 rows=7431 width=77) (actual time=40.920..45983.688 rows=4566 loops=1)
   Buffers: shared hit=1521 read=4113
   ->  Seq Scan on del_nest_index del  (cost=0.00..0.27 rows=800 width=4) (actual time=0.061..1.561 rows=800 loops=1)
         Buffers: shared read=7
   ->  Index Scan using movie_id_movie_info on movie_info mi  (cost=0.01..29.70 rows=9 width=73) (actual time=31.378..57.454 rows=6 loops=800)
         Index Cond: (movie_id = del.a)
         Buffers: shared hit=1521 read=4106
 Planning Time: 252.359 ms
 Execution Time: 45990.136 ms
(9 rows)

                                                                  QUERY PLAN                                                                   
-----------------------------------------------------------------------------------------------------------------------------------------------
 Nested Loop  (cost=0.01..23761.06 rows=7431 width=77) (actual time=51.458..46709.965 rows=5012 loops=1)
   Buffers: shared hit=1536 read=4126
   ->  Seq Scan on del_nest_index del  (cost=0.00..0.31 rows=800 width=4) (actual time=0.066..1.622 rows=800 loops=1)
         Buffers: shared read=8
   ->  Index Scan using movie_id_movie_info on movie_info mi  (cost=0.01..29.70 rows=9 width=73) (actual time=31.725..58.361 rows=6 loops=800)
         Index Cond: (movie_id = del.a)
         Buffers: shared hit=1536 read=4118
 Planning Time: 235.694 ms
 Execution Time: 46716.399 ms
(9 rows)

                                                                  QUERY PLAN                                                                   
-----------------------------------------------------------------------------------------------------------------------------------------------
 Nested Loop  (cost=0.01..23761.03 rows=7431 width=77) (actual time=39.679..46974.108 rows=4942 loops=1)
   Buffers: shared hit=1545 read=4089
   ->  Seq Scan on del_nest_index del  (cost=0.00..0.27 rows=800 width=4) (actual time=0.068..1.481 rows=800 loops=1)
         Buffers: shared read=7
   ->  Index Scan using movie_id_movie_info on movie_info mi  (cost=0.01..29.70 rows=9 width=73) (actual time=32.215..58.693 rows=6 loops=800)
         Index Cond: (movie_id = del.a)
         Buffers: shared hit=1545 read=4082
 Planning Time: 252.359 ms
 Execution Time: 46979.998 ms
(9 rows)

                                                                  QUERY PLAN                                                                   
-----------------------------------------------------------------------------------------------------------------------------------------------
 Nested Loop  (cost=0.01..23761.06 rows=7431 width=77) (actual time=42.540..47124.436 rows=5584 loops=1)
   Buffers: shared hit=1526 read=4224
   ->  Seq Scan on del_nest_index del  (cost=0.00..0.31 rows=800 width=4) (actual time=0.038..1.463 rows=800 loops=1)
         Buffers: shared read=8
   ->  Index Scan using movie_id_movie_info on movie_info mi  (cost=0.01..29.70 rows=9 width=73) (actual time=31.471..58.880 rows=7 loops=800)
         Index Cond: (movie_id = del.a)
         Buffers: shared hit=1526 read=4216
 Planning Time: 352.339 ms
 Execution Time: 47130.291 ms
(9 rows)

                                                                  QUERY PLAN                                                                   
-----------------------------------------------------------------------------------------------------------------------------------------------
 Nested Loop  (cost=0.01..23761.03 rows=7431 width=77) (actual time=45.174..45831.856 rows=4524 loops=1)
   Buffers: shared hit=1540 read=4078
   ->  Seq Scan on del_nest_index del  (cost=0.00..0.27 rows=800 width=4) (actual time=0.064..1.441 rows=800 loops=1)
         Buffers: shared read=7
   ->  Index Scan using movie_id_movie_info on movie_info mi  (cost=0.01..29.70 rows=9 width=73) (actual time=31.194..57.265 rows=6 loops=800)
         Index Cond: (movie_id = del.a)
         Buffers: shared hit=1540 read=4071
 Planning Time: 239.200 ms
 Execution Time: 45842.907 ms
(9 rows)

                                                                  QUERY PLAN                                                                   
-----------------------------------------------------------------------------------------------------------------------------------------------
 Nested Loop  (cost=0.01..26662.70 rows=8360 width=77) (actual time=45.787..51033.289 rows=4689 loops=1)
   Buffers: shared hit=1743 read=4466
   ->  Seq Scan on del_nest_index del  (cost=0.00..0.31 rows=900 width=4) (actual time=0.063..1.827 rows=900 loops=1)
         Buffers: shared read=8
   ->  Index Scan using movie_id_movie_info on movie_info mi  (cost=0.01..29.62 rows=9 width=73) (actual time=31.648..56.678 rows=5 loops=900)
         Index Cond: (movie_id = del.a)
         Buffers: shared hit=1743 read=4458
 Planning Time: 244.019 ms
 Execution Time: 51039.700 ms
(9 rows)

                                                                  QUERY PLAN                                                                   
-----------------------------------------------------------------------------------------------------------------------------------------------
 Nested Loop  (cost=0.01..26662.70 rows=8360 width=77) (actual time=58.420..51828.992 rows=5064 loops=1)
   Buffers: shared hit=1730 read=4569
   ->  Seq Scan on del_nest_index del  (cost=0.00..0.31 rows=900 width=4) (actual time=0.055..1.945 rows=900 loops=1)
         Buffers: shared read=8
   ->  Index Scan using movie_id_movie_info on movie_info mi  (cost=0.01..29.62 rows=9 width=73) (actual time=31.615..57.561 rows=6 loops=900)
         Index Cond: (movie_id = del.a)
         Buffers: shared hit=1730 read=4561
 Planning Time: 265.009 ms
 Execution Time: 51834.409 ms
(9 rows)

                                                                  QUERY PLAN                                                                   
-----------------------------------------------------------------------------------------------------------------------------------------------
 Nested Loop  (cost=0.01..26662.70 rows=8360 width=77) (actual time=40.859..51412.215 rows=5341 loops=1)
   Buffers: shared hit=1751 read=4542
   ->  Seq Scan on del_nest_index del  (cost=0.00..0.31 rows=900 width=4) (actual time=0.062..1.726 rows=900 loops=1)
         Buffers: shared read=8
   ->  Index Scan using movie_id_movie_info on movie_info mi  (cost=0.01..29.62 rows=9 width=73) (actual time=31.430..57.100 rows=6 loops=900)
         Index Cond: (movie_id = del.a)
         Buffers: shared hit=1751 read=4534
 Planning Time: 244.002 ms
 Execution Time: 51419.067 ms
(9 rows)

                                                                  QUERY PLAN                                                                   
-----------------------------------------------------------------------------------------------------------------------------------------------
 Nested Loop  (cost=0.01..26662.70 rows=8360 width=77) (actual time=37.666..53144.880 rows=4812 loops=1)
   Buffers: shared hit=1745 read=4658
   ->  Seq Scan on del_nest_index del  (cost=0.00..0.31 rows=900 width=4) (actual time=0.066..1.716 rows=900 loops=1)
         Buffers: shared read=8
   ->  Index Scan using movie_id_movie_info on movie_info mi  (cost=0.01..29.62 rows=9 width=73) (actual time=31.815..59.025 rows=5 loops=900)
         Index Cond: (movie_id = del.a)
         Buffers: shared hit=1745 read=4650
 Planning Time: 260.659 ms
 Execution Time: 53151.293 ms
(9 rows)

                                                                  QUERY PLAN                                                                   
-----------------------------------------------------------------------------------------------------------------------------------------------
 Nested Loop  (cost=0.01..26662.70 rows=8360 width=77) (actual time=41.324..52173.133 rows=5035 loops=1)
   Buffers: shared hit=1745 read=4530
   ->  Seq Scan on del_nest_index del  (cost=0.00..0.31 rows=900 width=4) (actual time=0.060..1.610 rows=900 loops=1)
         Buffers: shared read=8
   ->  Index Scan using movie_id_movie_info on movie_info mi  (cost=0.01..29.62 rows=9 width=73) (actual time=31.635..57.945 rows=6 loops=900)
         Index Cond: (movie_id = del.a)
         Buffers: shared hit=1745 read=4522
 Planning Time: 394.012 ms
 Execution Time: 52179.875 ms
(9 rows)

                                                                   QUERY PLAN                                                                   
------------------------------------------------------------------------------------------------------------------------------------------------
 Nested Loop  (cost=0.01..29546.20 rows=9289 width=77) (actual time=72.793..57532.663 rows=5437 loops=1)
   Buffers: shared hit=1951 read=5069
   ->  Seq Scan on del_nest_index del  (cost=0.00..0.35 rows=1000 width=4) (actual time=0.068..1.747 rows=1000 loops=1)
         Buffers: shared read=9
   ->  Index Scan using movie_id_movie_info on movie_info mi  (cost=0.01..29.55 rows=9 width=73) (actual time=31.433..57.508 rows=5 loops=1000)
         Index Cond: (movie_id = del.a)
         Buffers: shared hit=1951 read=5060
 Planning Time: 269.013 ms
 Execution Time: 57539.439 ms
(9 rows)

                                                                   QUERY PLAN                                                                   
------------------------------------------------------------------------------------------------------------------------------------------------
 Nested Loop  (cost=0.01..29546.20 rows=9289 width=77) (actual time=66.803..57691.603 rows=5357 loops=1)
   Buffers: shared hit=1956 read=5017
   ->  Seq Scan on del_nest_index del  (cost=0.00..0.35 rows=1000 width=4) (actual time=0.062..1.848 rows=1000 loops=1)
         Buffers: shared read=9
   ->  Index Scan using movie_id_movie_info on movie_info mi  (cost=0.01..29.55 rows=9 width=73) (actual time=31.538..57.666 rows=5 loops=1000)
         Index Cond: (movie_id = del.a)
         Buffers: shared hit=1956 read=5008
 Planning Time: 294.007 ms
 Execution Time: 57699.350 ms
(9 rows)

                                                                   QUERY PLAN                                                                   
------------------------------------------------------------------------------------------------------------------------------------------------
 Nested Loop  (cost=0.01..29546.20 rows=9289 width=77) (actual time=71.645..58975.266 rows=5374 loops=1)
   Buffers: shared hit=1981 read=5108
   ->  Seq Scan on del_nest_index del  (cost=0.00..0.35 rows=1000 width=4) (actual time=0.063..1.788 rows=1000 loops=1)
         Buffers: shared read=9
   ->  Index Scan using movie_id_movie_info on movie_info mi  (cost=0.01..29.55 rows=9 width=73) (actual time=31.603..58.951 rows=5 loops=1000)
         Index Cond: (movie_id = del.a)
         Buffers: shared hit=1981 read=5099
 Planning Time: 310.656 ms
 Execution Time: 58982.180 ms
(9 rows)

                                                                   QUERY PLAN                                                                   
------------------------------------------------------------------------------------------------------------------------------------------------
 Nested Loop  (cost=0.01..29546.20 rows=9289 width=77) (actual time=76.836..56961.097 rows=5922 loops=1)
   Buffers: shared hit=1968 read=5036
   ->  Seq Scan on del_nest_index del  (cost=0.00..0.35 rows=1000 width=4) (actual time=0.028..1.838 rows=1000 loops=1)
         Buffers: shared read=9
   ->  Index Scan using movie_id_movie_info on movie_info mi  (cost=0.01..29.55 rows=9 width=73) (actual time=31.316..56.936 rows=6 loops=1000)
         Index Cond: (movie_id = del.a)
         Buffers: shared hit=1968 read=5027
 Planning Time: 289.984 ms
 Execution Time: 56966.693 ms
(9 rows)

                                                                   QUERY PLAN                                                                   
------------------------------------------------------------------------------------------------------------------------------------------------
 Nested Loop  (cost=0.01..29546.20 rows=9289 width=77) (actual time=69.978..57282.632 rows=5376 loops=1)
   Buffers: shared hit=1959 read=5025
   ->  Seq Scan on del_nest_index del  (cost=0.00..0.35 rows=1000 width=4) (actual time=0.062..1.822 rows=1000 loops=1)
         Buffers: shared read=9
   ->  Index Scan using movie_id_movie_info on movie_info mi  (cost=0.01..29.55 rows=9 width=73) (actual time=31.284..57.257 rows=5 loops=1000)
         Index Cond: (movie_id = del.a)
         Buffers: shared hit=1959 read=5016
 Planning Time: 260.734 ms
 Execution Time: 57290.133 ms
(9 rows)

                                                                   QUERY PLAN                                                                   
------------------------------------------------------------------------------------------------------------------------------------------------
 Nested Loop  (cost=0.01..32420.70 rows=10218 width=77) (actual time=63.496..61737.688 rows=6009 loops=1)
   Buffers: shared hit=2214 read=5399
   ->  Seq Scan on del_nest_index del  (cost=0.00..0.39 rows=1100 width=4) (actual time=0.055..1.855 rows=1100 loops=1)
         Buffers: shared read=10
   ->  Index Scan using movie_id_movie_info on movie_info mi  (cost=0.01..29.47 rows=9 width=73) (actual time=30.935..56.102 rows=5 loops=1100)
         Index Cond: (movie_id = del.a)
         Buffers: shared hit=2214 read=5389
 Planning Time: 306.694 ms
 Execution Time: 61743.854 ms
(9 rows)

                                                                   QUERY PLAN                                                                   
------------------------------------------------------------------------------------------------------------------------------------------------
 Nested Loop  (cost=0.01..32420.70 rows=10218 width=77) (actual time=73.165..64963.346 rows=6746 loops=1)
   Buffers: shared hit=2185 read=5731
   ->  Seq Scan on del_nest_index del  (cost=0.00..0.39 rows=1100 width=4) (actual time=0.035..2.119 rows=1100 loops=1)
         Buffers: shared read=10
   ->  Index Scan using movie_id_movie_info on movie_info mi  (cost=0.01..29.47 rows=9 width=73) (actual time=31.491..59.032 rows=6 loops=1100)
         Index Cond: (movie_id = del.a)
         Buffers: shared hit=2185 read=5721
 Planning Time: 306.715 ms
 Execution Time: 64969.980 ms
(9 rows)

                                                                   QUERY PLAN                                                                   
------------------------------------------------------------------------------------------------------------------------------------------------
 Nested Loop  (cost=0.01..32420.70 rows=10218 width=77) (actual time=86.697..63439.352 rows=6048 loops=1)
   Buffers: shared hit=2165 read=5557
   ->  Seq Scan on del_nest_index del  (cost=0.00..0.39 rows=1100 width=4) (actual time=0.050..1.981 rows=1100 loops=1)
         Buffers: shared read=10
   ->  Index Scan using movie_id_movie_info on movie_info mi  (cost=0.01..29.47 rows=9 width=73) (actual time=31.048..57.646 rows=5 loops=1100)
         Index Cond: (movie_id = del.a)
         Buffers: shared hit=2165 read=5547
 Planning Time: 269.036 ms
 Execution Time: 63447.909 ms
(9 rows)

                                                                   QUERY PLAN                                                                   
------------------------------------------------------------------------------------------------------------------------------------------------
 Nested Loop  (cost=0.01..32420.70 rows=10218 width=77) (actual time=69.937..61639.909 rows=6567 loops=1)
   Buffers: shared hit=2187 read=5417
   ->  Seq Scan on del_nest_index del  (cost=0.00..0.39 rows=1100 width=4) (actual time=0.061..1.873 rows=1100 loops=1)
         Buffers: shared read=10
   ->  Index Scan using movie_id_movie_info on movie_info mi  (cost=0.01..29.47 rows=9 width=73) (actual time=31.009..56.013 rows=6 loops=1100)
         Index Cond: (movie_id = del.a)
         Buffers: shared hit=2187 read=5407
 Planning Time: 268.990 ms
 Execution Time: 61647.764 ms
(9 rows)

                                                                   QUERY PLAN                                                                   
------------------------------------------------------------------------------------------------------------------------------------------------
 Nested Loop  (cost=0.01..32420.70 rows=10218 width=77) (actual time=82.675..63088.409 rows=6019 loops=1)
   Buffers: shared hit=2162 read=5562
   ->  Seq Scan on del_nest_index del  (cost=0.00..0.39 rows=1100 width=4) (actual time=0.043..1.885 rows=1100 loops=1)
         Buffers: shared read=10
   ->  Index Scan using movie_id_movie_info on movie_info mi  (cost=0.01..29.47 rows=9 width=73) (actual time=31.399..57.329 rows=5 loops=1100)
         Index Cond: (movie_id = del.a)
         Buffers: shared hit=2162 read=5552
 Planning Time: 248.343 ms
 Execution Time: 63094.577 ms
(9 rows)

                                                                   QUERY PLAN                                                                   
------------------------------------------------------------------------------------------------------------------------------------------------
 Nested Loop  (cost=0.01..35277.00 rows=11147 width=77) (actual time=67.667..69872.211 rows=7317 loops=1)
   Buffers: shared hit=2417 read=6186
   ->  Seq Scan on del_nest_index del  (cost=0.00..0.43 rows=1200 width=4) (actual time=0.065..2.127 rows=1200 loops=1)
         Buffers: shared read=11
   ->  Index Scan using movie_id_movie_info on movie_info mi  (cost=0.01..29.40 rows=9 width=73) (actual time=31.330..58.202 rows=6 loops=1200)
         Index Cond: (movie_id = del.a)
         Buffers: shared hit=2417 read=6175
 Planning Time: 268.998 ms
 Execution Time: 69880.708 ms
(9 rows)

                                                                   QUERY PLAN                                                                   
------------------------------------------------------------------------------------------------------------------------------------------------
 Nested Loop  (cost=0.01..35277.00 rows=11147 width=77) (actual time=66.137..70742.544 rows=6400 loops=1)
   Buffers: shared hit=2397 read=6081
   ->  Seq Scan on del_nest_index del  (cost=0.00..0.43 rows=1200 width=4) (actual time=0.060..2.065 rows=1200 loops=1)
         Buffers: shared read=11
   ->  Index Scan using movie_id_movie_info on movie_info mi  (cost=0.01..29.40 rows=9 width=73) (actual time=31.801..58.928 rows=5 loops=1200)
         Index Cond: (movie_id = del.a)
         Buffers: shared hit=2397 read=6070
 Planning Time: 302.352 ms
 Execution Time: 70750.668 ms
(9 rows)

                                                                   QUERY PLAN                                                                   
------------------------------------------------------------------------------------------------------------------------------------------------
 Nested Loop  (cost=0.01..35277.00 rows=11147 width=77) (actual time=181.055..74055.344 rows=7497 loops=1)
   Buffers: shared hit=2456 read=6146
   ->  Seq Scan on del_nest_index del  (cost=0.00..0.43 rows=1200 width=4) (actual time=0.060..2.038 rows=1200 loops=1)
         Buffers: shared read=11
   ->  Index Scan using movie_id_movie_info on movie_info mi  (cost=0.01..29.40 rows=9 width=73) (actual time=32.720..61.688 rows=6 loops=1200)
         Index Cond: (movie_id = del.a)
         Buffers: shared hit=2456 read=6135
 Planning Time: 993.999 ms
 Execution Time: 74067.832 ms
(9 rows)

                                                                   QUERY PLAN                                                                   
------------------------------------------------------------------------------------------------------------------------------------------------
 Nested Loop  (cost=0.01..35277.00 rows=11147 width=77) (actual time=63.999..69327.522 rows=7037 loops=1)
   Buffers: shared hit=2415 read=6095
   ->  Seq Scan on del_nest_index del  (cost=0.00..0.43 rows=1200 width=4) (actual time=0.064..2.327 rows=1200 loops=1)
         Buffers: shared read=11
   ->  Index Scan using movie_id_movie_info on movie_info mi  (cost=0.01..29.40 rows=9 width=73) (actual time=31.112..57.748 rows=6 loops=1200)
         Index Cond: (movie_id = del.a)
         Buffers: shared hit=2415 read=6084
 Planning Time: 227.352 ms
 Execution Time: 69335.678 ms
(9 rows)

                                                                   QUERY PLAN                                                                   
------------------------------------------------------------------------------------------------------------------------------------------------
 Nested Loop  (cost=0.01..35277.00 rows=11147 width=77) (actual time=131.045..70707.416 rows=7488 loops=1)
   Buffers: shared hit=2395 read=6245
   ->  Seq Scan on del_nest_index del  (cost=0.00..0.43 rows=1200 width=4) (actual time=0.062..2.126 rows=1200 loops=1)
         Buffers: shared read=11
   ->  Index Scan using movie_id_movie_info on movie_info mi  (cost=0.01..29.40 rows=9 width=73) (actual time=31.830..58.896 rows=6 loops=1200)
         Index Cond: (movie_id = del.a)
         Buffers: shared hit=2395 read=6234
 Planning Time: 235.673 ms
 Execution Time: 70716.551 ms
(9 rows)

                                                                   QUERY PLAN                                                                   
------------------------------------------------------------------------------------------------------------------------------------------------
 Nested Loop  (cost=0.01..38118.18 rows=12076 width=77) (actual time=78.001..77357.175 rows=8391 loops=1)
   Buffers: shared hit=2642 read=6781
   ->  Seq Scan on del_nest_index del  (cost=0.00..0.47 rows=1300 width=4) (actual time=0.063..2.249 rows=1300 loops=1)
         Buffers: shared read=12
   ->  Index Scan using movie_id_movie_info on movie_info mi  (cost=0.01..29.32 rows=9 width=73) (actual time=31.557..59.480 rows=6 loops=1300)
         Index Cond: (movie_id = del.a)
         Buffers: shared hit=2642 read=6769
 Planning Time: 244.022 ms
 Execution Time: 77366.717 ms
(9 rows)

                                                                   QUERY PLAN                                                                   
------------------------------------------------------------------------------------------------------------------------------------------------
 Nested Loop  (cost=0.01..38118.18 rows=12076 width=77) (actual time=75.167..74578.057 rows=9111 loops=1)
   Buffers: shared hit=2640 read=6568
   ->  Seq Scan on del_nest_index del  (cost=0.00..0.47 rows=1300 width=4) (actual time=0.039..2.346 rows=1300 loops=1)
         Buffers: shared read=12
   ->  Index Scan using movie_id_movie_info on movie_info mi  (cost=0.01..29.32 rows=9 width=73) (actual time=31.121..57.342 rows=7 loops=1300)
         Index Cond: (movie_id = del.a)
         Buffers: shared hit=2640 read=6556
 Planning Time: 281.658 ms
 Execution Time: 74585.850 ms
(9 rows)

                                                                   QUERY PLAN                                                                   
------------------------------------------------------------------------------------------------------------------------------------------------
 Nested Loop  (cost=0.01..38118.18 rows=12076 width=77) (actual time=112.766..78692.579 rows=7481 loops=1)
   Buffers: shared hit=2667 read=6405
   ->  Seq Scan on del_nest_index del  (cost=0.00..0.47 rows=1300 width=4) (actual time=0.042..2.209 rows=1300 loops=1)
         Buffers: shared read=12
   ->  Index Scan using movie_id_movie_info on movie_info mi  (cost=0.01..29.32 rows=9 width=73) (actual time=32.128..60.509 rows=6 loops=1300)
         Index Cond: (movie_id = del.a)
         Buffers: shared hit=2667 read=6393
 Planning Time: 298.339 ms
 Execution Time: 78700.361 ms
(9 rows)

                                                                   QUERY PLAN                                                                   
------------------------------------------------------------------------------------------------------------------------------------------------
 Nested Loop  (cost=0.01..38118.18 rows=12076 width=77) (actual time=63.903..74586.921 rows=7960 loops=1)
   Buffers: shared hit=2671 read=6608
   ->  Seq Scan on del_nest_index del  (cost=0.00..0.47 rows=1300 width=4) (actual time=0.066..2.294 rows=1300 loops=1)
         Buffers: shared read=12
   ->  Index Scan using movie_id_movie_info on movie_info mi  (cost=0.01..29.32 rows=9 width=73) (actual time=31.003..57.349 rows=6 loops=1300)
         Index Cond: (movie_id = del.a)
         Buffers: shared hit=2671 read=6596
 Planning Time: 227.344 ms
 Execution Time: 74596.098 ms
(9 rows)

                                                                   QUERY PLAN                                                                   
------------------------------------------------------------------------------------------------------------------------------------------------
 Nested Loop  (cost=0.01..38118.18 rows=12076 width=77) (actual time=73.503..79365.698 rows=7408 loops=1)
   Buffers: shared hit=2671 read=6463
   ->  Seq Scan on del_nest_index del  (cost=0.00..0.47 rows=1300 width=4) (actual time=0.061..2.312 rows=1300 loops=1)
         Buffers: shared read=12
   ->  Index Scan using movie_id_movie_info on movie_info mi  (cost=0.01..29.32 rows=9 width=73) (actual time=32.272..61.027 rows=6 loops=1300)
         Index Cond: (movie_id = del.a)
         Buffers: shared hit=2671 read=6451
 Planning Time: 243.988 ms
 Execution Time: 79374.351 ms
(9 rows)

                                                                   QUERY PLAN                                                                   
------------------------------------------------------------------------------------------------------------------------------------------------
 Nested Loop  (cost=0.01..40950.26 rows=13005 width=77) (actual time=133.950..80859.566 rows=7970 loops=1)
   Buffers: shared hit=2882 read=6955
   ->  Seq Scan on del_nest_index del  (cost=0.00..0.47 rows=1400 width=4) (actual time=0.060..2.497 rows=1400 loops=1)
         Buffers: shared read=12
   ->  Index Scan using movie_id_movie_info on movie_info mi  (cost=0.01..29.25 rows=9 width=73) (actual time=30.981..57.732 rows=6 loops=1400)
         Index Cond: (movie_id = del.a)
         Buffers: shared hit=2882 read=6943
 Planning Time: 927.305 ms
 Execution Time: 80894.153 ms
(9 rows)

                                                                   QUERY PLAN                                                                   
------------------------------------------------------------------------------------------------------------------------------------------------
 Nested Loop  (cost=0.01..40950.29 rows=13005 width=77) (actual time=78.132..81639.877 rows=7956 loops=1)
   Buffers: shared hit=2891 read=7015
   ->  Seq Scan on del_nest_index del  (cost=0.00..0.50 rows=1400 width=4) (actual time=0.056..2.572 rows=1400 loops=1)
         Buffers: shared read=13
   ->  Index Scan using movie_id_movie_info on movie_info mi  (cost=0.01..29.25 rows=9 width=73) (actual time=31.144..58.290 rows=6 loops=1400)
         Index Cond: (movie_id = del.a)
         Buffers: shared hit=2891 read=7002
 Planning Time: 281.016 ms
 Execution Time: 81647.542 ms
(9 rows)

                                                                   QUERY PLAN                                                                   
------------------------------------------------------------------------------------------------------------------------------------------------
 Nested Loop  (cost=0.01..40950.26 rows=13005 width=77) (actual time=67.163..80324.447 rows=8206 loops=1)
   Buffers: shared hit=2876 read=7006
   ->  Seq Scan on del_nest_index del  (cost=0.00..0.47 rows=1400 width=4) (actual time=0.085..2.792 rows=1400 loops=1)
         Buffers: shared read=12
   ->  Index Scan using movie_id_movie_info on movie_info mi  (cost=0.01..29.25 rows=9 width=73) (actual time=30.895..57.348 rows=6 loops=1400)
         Index Cond: (movie_id = del.a)
         Buffers: shared hit=2876 read=6994
 Planning Time: 360.660 ms
 Execution Time: 80333.704 ms
(9 rows)

                                                                   QUERY PLAN                                                                   
------------------------------------------------------------------------------------------------------------------------------------------------
 Nested Loop  (cost=0.01..40950.29 rows=13005 width=77) (actual time=85.046..82822.784 rows=10208 loops=1)
   Buffers: shared hit=2878 read=7431
   ->  Seq Scan on del_nest_index del  (cost=0.00..0.50 rows=1400 width=4) (actual time=0.041..2.590 rows=1400 loops=1)
         Buffers: shared read=13
   ->  Index Scan using movie_id_movie_info on movie_info mi  (cost=0.01..29.25 rows=9 width=73) (actual time=30.979..59.133 rows=7 loops=1400)
         Index Cond: (movie_id = del.a)
         Buffers: shared hit=2878 read=7418
 Planning Time: 273.433 ms
 Execution Time: 82831.942 ms
(9 rows)

                                                                   QUERY PLAN                                                                   
------------------------------------------------------------------------------------------------------------------------------------------------
 Nested Loop  (cost=0.01..40950.26 rows=13005 width=77) (actual time=74.529..80199.405 rows=8295 loops=1)
   Buffers: shared hit=2905 read=7118
   ->  Seq Scan on del_nest_index del  (cost=0.00..0.47 rows=1400 width=4) (actual time=0.062..2.822 rows=1400 loops=1)
         Buffers: shared read=12
   ->  Index Scan using movie_id_movie_info on movie_info mi  (cost=0.01..29.25 rows=9 width=73) (actual time=30.607..57.260 rows=6 loops=1400)
         Index Cond: (movie_id = del.a)
         Buffers: shared hit=2905 read=7106
 Planning Time: 252.356 ms
 Execution Time: 80208.937 ms
(9 rows)

                                                                   QUERY PLAN                                                                   
------------------------------------------------------------------------------------------------------------------------------------------------
 Nested Loop  (cost=0.01..43761.21 rows=13934 width=77) (actual time=67.236..86456.670 rows=8261 loops=1)
   Buffers: shared hit=3070 read=7504
   ->  Seq Scan on del_nest_index del  (cost=0.00..0.51 rows=1500 width=4) (actual time=0.061..2.760 rows=1500 loops=1)
         Buffers: shared read=13
   ->  Index Scan using movie_id_movie_info on movie_info mi  (cost=0.01..29.17 rows=9 width=73) (actual time=31.335..57.612 rows=6 loops=1500)
         Index Cond: (movie_id = del.a)
         Buffers: shared hit=3070 read=7491
 Planning Time: 244.011 ms
 Execution Time: 86466.451 ms
(9 rows)

                                                                   QUERY PLAN                                                                   
------------------------------------------------------------------------------------------------------------------------------------------------
 Nested Loop  (cost=0.01..43761.24 rows=13934 width=77) (actual time=71.065..85126.489 rows=8288 loops=1)
   Buffers: shared hit=3131 read=7431
   ->  Seq Scan on del_nest_index del  (cost=0.00..0.54 rows=1500 width=4) (actual time=0.045..2.852 rows=1500 loops=1)
         Buffers: shared read=14
   ->  Index Scan using movie_id_movie_info on movie_info mi  (cost=0.01..29.17 rows=9 width=73) (actual time=30.587..56.726 rows=6 loops=1500)
         Index Cond: (movie_id = del.a)
         Buffers: shared hit=3131 read=7417
 Planning Time: 260.700 ms
 Execution Time: 85135.990 ms
(9 rows)

                                                                   QUERY PLAN                                                                   
------------------------------------------------------------------------------------------------------------------------------------------------
 Nested Loop  (cost=0.01..43761.21 rows=13934 width=77) (actual time=94.959..86080.985 rows=8921 loops=1)
   Buffers: shared hit=3103 read=7554
   ->  Seq Scan on del_nest_index del  (cost=0.00..0.51 rows=1500 width=4) (actual time=0.062..2.787 rows=1500 loops=1)
         Buffers: shared read=13
   ->  Index Scan using movie_id_movie_info on movie_info mi  (cost=0.01..29.17 rows=9 width=73) (actual time=31.052..57.362 rows=6 loops=1500)
         Index Cond: (movie_id = del.a)
         Buffers: shared hit=3103 read=7541
 Planning Time: 227.339 ms
 Execution Time: 86091.001 ms
(9 rows)

                                                                   QUERY PLAN                                                                   
------------------------------------------------------------------------------------------------------------------------------------------------
 Nested Loop  (cost=0.01..43761.24 rows=13934 width=77) (actual time=75.269..85153.900 rows=9284 loops=1)
   Buffers: shared hit=3144 read=7565
   ->  Seq Scan on del_nest_index del  (cost=0.00..0.54 rows=1500 width=4) (actual time=0.045..2.681 rows=1500 loops=1)
         Buffers: shared read=14
   ->  Index Scan using movie_id_movie_info on movie_info mi  (cost=0.01..29.17 rows=9 width=73) (actual time=30.535..56.744 rows=6 loops=1500)
         Index Cond: (movie_id = del.a)
         Buffers: shared hit=3144 read=7551
 Planning Time: 344.053 ms
 Execution Time: 85164.193 ms
(9 rows)

                                                                   QUERY PLAN                                                                   
------------------------------------------------------------------------------------------------------------------------------------------------
 Nested Loop  (cost=0.01..43761.21 rows=13934 width=77) (actual time=72.174..85466.052 rows=8933 loops=1)
   Buffers: shared hit=3110 read=7567
   ->  Seq Scan on del_nest_index del  (cost=0.00..0.51 rows=1500 width=4) (actual time=0.055..2.587 rows=1500 loops=1)
         Buffers: shared read=13
   ->  Index Scan using movie_id_movie_info on movie_info mi  (cost=0.01..29.17 rows=9 width=73) (actual time=30.381..56.952 rows=6 loops=1500)
         Index Cond: (movie_id = del.a)
         Buffers: shared hit=3110 read=7554
 Planning Time: 347.997 ms
 Execution Time: 85474.922 ms
(9 rows)

                                                                   QUERY PLAN                                                                   
------------------------------------------------------------------------------------------------------------------------------------------------
 Nested Loop  (cost=0.01..46563.10 rows=14863 width=77) (actual time=70.774..89791.691 rows=9413 loops=1)
   Buffers: shared hit=3291 read=7959
   ->  Seq Scan on del_nest_index del  (cost=0.00..0.55 rows=1600 width=4) (actual time=0.059..2.844 rows=1600 loops=1)
         Buffers: shared read=14
   ->  Index Scan using movie_id_movie_info on movie_info mi  (cost=0.01..29.10 rows=9 width=73) (actual time=30.615..56.095 rows=6 loops=1600)
         Index Cond: (movie_id = del.a)
         Buffers: shared hit=3291 read=7945
 Planning Time: 244.016 ms
 Execution Time: 89801.312 ms
(9 rows)

                                                                   QUERY PLAN                                                                   
------------------------------------------------------------------------------------------------------------------------------------------------
 Nested Loop  (cost=0.01..46563.13 rows=14863 width=77) (actual time=64.579..92313.988 rows=9153 loops=1)
   Buffers: shared hit=3324 read=8048
   ->  Seq Scan on del_nest_index del  (cost=0.00..0.58 rows=1600 width=4) (actual time=0.063..2.793 rows=1600 loops=1)
         Buffers: shared read=15
   ->  Index Scan using movie_id_movie_info on movie_info mi  (cost=0.01..29.10 rows=9 width=73) (actual time=31.050..57.672 rows=6 loops=1600)
         Index Cond: (movie_id = del.a)
         Buffers: shared hit=3324 read=8033
 Planning Time: 244.006 ms
 Execution Time: 92323.728 ms
(9 rows)

                                                                   QUERY PLAN                                                                   
------------------------------------------------------------------------------------------------------------------------------------------------
 Nested Loop  (cost=0.01..46563.10 rows=14863 width=77) (actual time=66.562..92532.142 rows=9560 loops=1)
   Buffers: shared hit=3307 read=8183
   ->  Seq Scan on del_nest_index del  (cost=0.00..0.55 rows=1600 width=4) (actual time=0.047..3.063 rows=1600 loops=1)
         Buffers: shared read=14
   ->  Index Scan using movie_id_movie_info on movie_info mi  (cost=0.01..29.10 rows=9 width=73) (actual time=30.554..57.807 rows=6 loops=1600)
         Index Cond: (movie_id = del.a)
         Buffers: shared hit=3307 read=8169
 Planning Time: 427.372 ms
 Execution Time: 92543.005 ms
(9 rows)

                                                                   QUERY PLAN                                                                   
------------------------------------------------------------------------------------------------------------------------------------------------
 Nested Loop  (cost=0.01..46563.13 rows=14863 width=77) (actual time=64.276..89256.497 rows=9145 loops=1)
   Buffers: shared hit=3317 read=7785
   ->  Seq Scan on del_nest_index del  (cost=0.00..0.58 rows=1600 width=4) (actual time=0.065..2.896 rows=1600 loops=1)
         Buffers: shared read=15
   ->  Index Scan using movie_id_movie_info on movie_info mi  (cost=0.01..29.10 rows=9 width=73) (actual time=30.594..55.760 rows=6 loops=1600)
         Index Cond: (movie_id = del.a)
         Buffers: shared hit=3317 read=7770
 Planning Time: 410.728 ms
 Execution Time: 89266.032 ms
(9 rows)

                                                                   QUERY PLAN                                                                   
------------------------------------------------------------------------------------------------------------------------------------------------
 Nested Loop  (cost=0.01..46563.10 rows=14863 width=77) (actual time=39.371..88278.405 rows=8712 loops=1)
   Buffers: shared hit=3323 read=7803
   ->  Seq Scan on del_nest_index del  (cost=0.00..0.55 rows=1600 width=4) (actual time=0.061..2.809 rows=1600 loops=1)
         Buffers: shared read=14
   ->  Index Scan using movie_id_movie_info on movie_info mi  (cost=0.01..29.10 rows=9 width=73) (actual time=29.948..55.150 rows=5 loops=1600)
         Index Cond: (movie_id = del.a)
         Buffers: shared hit=3323 read=7789
 Planning Time: 302.343 ms
 Execution Time: 88287.682 ms
(9 rows)

                                                                   QUERY PLAN                                                                   
------------------------------------------------------------------------------------------------------------------------------------------------
 Nested Loop  (cost=0.01..49349.84 rows=15792 width=77) (actual time=38.216..95701.716 rows=10374 loops=1)
   Buffers: shared hit=3552 read=8434
   ->  Seq Scan on del_nest_index del  (cost=0.00..0.59 rows=1700 width=4) (actual time=0.065..3.315 rows=1700 loops=1)
         Buffers: shared read=15
   ->  Index Scan using movie_id_movie_info on movie_info mi  (cost=0.01..29.03 rows=9 width=73) (actual time=30.446..56.269 rows=6 loops=1700)
         Index Cond: (movie_id = del.a)
         Buffers: shared hit=3552 read=8419
 Planning Time: 452.304 ms
 Execution Time: 95729.436 ms
(9 rows)

                                                                   QUERY PLAN                                                                   
------------------------------------------------------------------------------------------------------------------------------------------------
 Nested Loop  (cost=0.01..49349.87 rows=15792 width=77) (actual time=47.055..95840.735 rows=10428 loops=1)
   Buffers: shared hit=3573 read=8488
   ->  Seq Scan on del_nest_index del  (cost=0.00..0.62 rows=1700 width=4) (actual time=0.039..3.054 rows=1700 loops=1)
         Buffers: shared read=16
   ->  Index Scan using movie_id_movie_info on movie_info mi  (cost=0.01..29.03 rows=9 width=73) (actual time=30.519..56.352 rows=6 loops=1700)
         Index Cond: (movie_id = del.a)
         Buffers: shared hit=3573 read=8472
 Planning Time: 244.061 ms
 Execution Time: 95851.308 ms
(9 rows)

                                                                   QUERY PLAN                                                                   
------------------------------------------------------------------------------------------------------------------------------------------------
 Nested Loop  (cost=0.01..49349.84 rows=15792 width=77) (actual time=41.665..96128.341 rows=10029 loops=1)
   Buffers: shared hit=3602 read=8427
   ->  Seq Scan on del_nest_index del  (cost=0.00..0.59 rows=1700 width=4) (actual time=0.062..3.111 rows=1700 loops=1)
         Buffers: shared read=15
   ->  Index Scan using movie_id_movie_info on movie_info mi  (cost=0.01..29.03 rows=9 width=73) (actual time=30.640..56.521 rows=6 loops=1700)
         Index Cond: (movie_id = del.a)
         Buffers: shared hit=3602 read=8412
 Planning Time: 227.348 ms
 Execution Time: 96138.632 ms
(9 rows)

                                                                   QUERY PLAN                                                                   
------------------------------------------------------------------------------------------------------------------------------------------------
 Nested Loop  (cost=0.01..49349.87 rows=15792 width=77) (actual time=44.267..95331.928 rows=10006 loops=1)
   Buffers: shared hit=3601 read=8294
   ->  Seq Scan on del_nest_index del  (cost=0.00..0.62 rows=1700 width=4) (actual time=0.034..2.939 rows=1700 loops=1)
         Buffers: shared read=16
   ->  Index Scan using movie_id_movie_info on movie_info mi  (cost=0.01..29.03 rows=9 width=73) (actual time=30.433..56.052 rows=6 loops=1700)
         Index Cond: (movie_id = del.a)
         Buffers: shared hit=3601 read=8278
 Planning Time: 281.669 ms
 Execution Time: 95342.246 ms
(9 rows)

                                                                   QUERY PLAN                                                                   
------------------------------------------------------------------------------------------------------------------------------------------------
 Nested Loop  (cost=0.01..49349.84 rows=15792 width=77) (actual time=56.341..97696.292 rows=11265 loops=1)
   Buffers: shared hit=3641 read=8653
   ->  Seq Scan on del_nest_index del  (cost=0.00..0.59 rows=1700 width=4) (actual time=0.057..3.001 rows=1700 loops=1)
         Buffers: shared read=15
   ->  Index Scan using movie_id_movie_info on movie_info mi  (cost=0.01..29.03 rows=9 width=73) (actual time=30.392..57.443 rows=7 loops=1700)
         Index Cond: (movie_id = del.a)
         Buffers: shared hit=3641 read=8638
 Planning Time: 297.254 ms
 Execution Time: 97707.190 ms
(9 rows)

                                                                   QUERY PLAN                                                                   
------------------------------------------------------------------------------------------------------------------------------------------------
 Nested Loop  (cost=0.01..52124.48 rows=16721 width=77) (actual time=49.834..100925.183 rows=9796 loops=1)
   Buffers: shared hit=3860 read=8722
   ->  Seq Scan on del_nest_index del  (cost=0.00..0.63 rows=1800 width=4) (actual time=0.062..3.237 rows=1800 loops=1)
         Buffers: shared read=16
   ->  Index Scan using movie_id_movie_info on movie_info mi  (cost=0.01..28.96 rows=9 width=73) (actual time=30.497..56.045 rows=5 loops=1800)
         Index Cond: (movie_id = del.a)
         Buffers: shared hit=3860 read=8706
 Planning Time: 235.650 ms
 Execution Time: 100935.867 ms
(9 rows)

                                                                   QUERY PLAN                                                                   
------------------------------------------------------------------------------------------------------------------------------------------------
 Nested Loop  (cost=0.01..52124.48 rows=16721 width=77) (actual time=54.542..100698.298 rows=9922 loops=1)
   Buffers: shared hit=3767 read=8799
   ->  Seq Scan on del_nest_index del  (cost=0.00..0.63 rows=1800 width=4) (actual time=0.079..3.460 rows=1800 loops=1)
         Buffers: shared read=16
   ->  Index Scan using movie_id_movie_info on movie_info mi  (cost=0.01..28.96 rows=9 width=73) (actual time=30.402..55.918 rows=6 loops=1800)
         Index Cond: (movie_id = del.a)
         Buffers: shared hit=3767 read=8783
 Planning Time: 260.674 ms
 Execution Time: 100767.814 ms
(9 rows)

                                                                   QUERY PLAN                                                                   
------------------------------------------------------------------------------------------------------------------------------------------------
 Nested Loop  (cost=0.01..52124.48 rows=16721 width=77) (actual time=47.330..102146.349 rows=10749 loops=1)
   Buffers: shared hit=3829 read=8974
   ->  Seq Scan on del_nest_index del  (cost=0.00..0.63 rows=1800 width=4) (actual time=0.066..3.497 rows=1800 loops=1)
         Buffers: shared read=16
   ->  Index Scan using movie_id_movie_info on movie_info mi  (cost=0.01..28.96 rows=9 width=73) (actual time=30.487..56.723 rows=6 loops=1800)
         Index Cond: (movie_id = del.a)
         Buffers: shared hit=3829 read=8958
 Planning Time: 235.670 ms
 Execution Time: 102157.277 ms
(9 rows)

                                                                   QUERY PLAN                                                                   
------------------------------------------------------------------------------------------------------------------------------------------------
 Nested Loop  (cost=0.01..52124.48 rows=16721 width=77) (actual time=36.402..104404.117 rows=12424 loops=1)
   Buffers: shared hit=3807 read=9331
   ->  Seq Scan on del_nest_index del  (cost=0.00..0.63 rows=1800 width=4) (actual time=0.063..3.222 rows=1800 loops=1)
         Buffers: shared read=16
   ->  Index Scan using movie_id_movie_info on movie_info mi  (cost=0.01..28.96 rows=9 width=73) (actual time=30.549..57.977 rows=7 loops=1800)
         Index Cond: (movie_id = del.a)
         Buffers: shared hit=3807 read=9315
 Planning Time: 235.669 ms
 Execution Time: 104416.729 ms
(9 rows)

                                                                   QUERY PLAN                                                                   
------------------------------------------------------------------------------------------------------------------------------------------------
 Nested Loop  (cost=0.01..52124.48 rows=16721 width=77) (actual time=46.396..103356.406 rows=11408 loops=1)
   Buffers: shared hit=3812 read=9088
   ->  Seq Scan on del_nest_index del  (cost=0.00..0.63 rows=1800 width=4) (actual time=0.067..3.156 rows=1800 loops=1)
         Buffers: shared read=16
   ->  Index Scan using movie_id_movie_info on movie_info mi  (cost=0.01..28.96 rows=9 width=73) (actual time=31.009..57.394 rows=6 loops=1800)
         Index Cond: (movie_id = del.a)
         Buffers: shared hit=3812 read=9072
 Planning Time: 235.674 ms
 Execution Time: 103368.665 ms
(9 rows)

                                                                   QUERY PLAN                                                                   
------------------------------------------------------------------------------------------------------------------------------------------------
 Nested Loop  (cost=0.01..54880.92 rows=17650 width=77) (actual time=49.339..104116.563 rows=10597 loops=1)
   Buffers: shared hit=4138 read=9170
   ->  Seq Scan on del_nest_index del  (cost=0.00..0.66 rows=1900 width=4) (actual time=0.062..3.416 rows=1900 loops=1)
         Buffers: shared read=17
   ->  Index Scan using movie_id_movie_info on movie_info mi  (cost=0.01..28.88 rows=9 width=73) (actual time=29.668..54.774 rows=6 loops=1900)
         Index Cond: (movie_id = del.a)
         Buffers: shared hit=4138 read=9153
 Planning Time: 244.016 ms
 Execution Time: 104128.561 ms
(9 rows)

                                                                   QUERY PLAN                                                                   
------------------------------------------------------------------------------------------------------------------------------------------------
 Nested Loop  (cost=0.01..54880.92 rows=17650 width=77) (actual time=46.125..106917.146 rows=11813 loops=1)
   Buffers: shared hit=4076 read=9397
   ->  Seq Scan on del_nest_index del  (cost=0.00..0.66 rows=1900 width=4) (actual time=0.051..3.445 rows=1900 loops=1)
         Buffers: shared read=17
   ->  Index Scan using movie_id_movie_info on movie_info mi  (cost=0.01..28.88 rows=9 width=73) (actual time=30.191..56.248 rows=6 loops=1900)
         Index Cond: (movie_id = del.a)
         Buffers: shared hit=4076 read=9380
 Planning Time: 235.679 ms
 Execution Time: 106928.823 ms
(9 rows)

                                                                   QUERY PLAN                                                                   
------------------------------------------------------------------------------------------------------------------------------------------------
 Nested Loop  (cost=0.01..54880.92 rows=17650 width=77) (actual time=46.708..106829.017 rows=10190 loops=1)
   Buffers: shared hit=4042 read=9242
   ->  Seq Scan on del_nest_index del  (cost=0.00..0.66 rows=1900 width=4) (actual time=0.059..3.411 rows=1900 loops=1)
         Buffers: shared read=17
   ->  Index Scan using movie_id_movie_info on movie_info mi  (cost=0.01..28.88 rows=9 width=73) (actual time=30.499..56.202 rows=5 loops=1900)
         Index Cond: (movie_id = del.a)
         Buffers: shared hit=4042 read=9225
 Planning Time: 263.950 ms
 Execution Time: 106839.528 ms
(9 rows)

                                                                   QUERY PLAN                                                                   
------------------------------------------------------------------------------------------------------------------------------------------------
 Nested Loop  (cost=0.01..54880.92 rows=17650 width=77) (actual time=45.072..105528.954 rows=10437 loops=1)
   Buffers: shared hit=4048 read=9260
   ->  Seq Scan on del_nest_index del  (cost=0.00..0.66 rows=1900 width=4) (actual time=0.063..3.295 rows=1900 loops=1)
         Buffers: shared read=17
   ->  Index Scan using movie_id_movie_info on movie_info mi  (cost=0.01..28.88 rows=9 width=73) (actual time=30.255..55.518 rows=5 loops=1900)
         Index Cond: (movie_id = del.a)
         Buffers: shared hit=4048 read=9243
 Planning Time: 252.340 ms
 Execution Time: 105540.124 ms
(9 rows)

                                                                   QUERY PLAN                                                                   
------------------------------------------------------------------------------------------------------------------------------------------------
 Nested Loop  (cost=0.01..54880.92 rows=17650 width=77) (actual time=51.956..103972.954 rows=10864 loops=1)
   Buffers: shared hit=4056 read=9122
   ->  Seq Scan on del_nest_index del  (cost=0.00..0.66 rows=1900 width=4) (actual time=0.069..3.478 rows=1900 loops=1)
         Buffers: shared read=17
   ->  Index Scan using movie_id_movie_info on movie_info mi  (cost=0.01..28.88 rows=9 width=73) (actual time=30.110..54.699 rows=6 loops=1900)
         Index Cond: (movie_id = del.a)
         Buffers: shared hit=4056 read=9105
 Planning Time: 252.346 ms
 Execution Time: 103984.210 ms
(9 rows)

                                                                   QUERY PLAN                                                                   
------------------------------------------------------------------------------------------------------------------------------------------------
 Nested Loop  (cost=0.01..57628.36 rows=18579 width=77) (actual time=38.408..111108.816 rows=10902 loops=1)
   Buffers: shared hit=4341 read=9665
   ->  Seq Scan on del_nest_index del  (cost=0.00..0.70 rows=2000 width=4) (actual time=0.062..3.458 rows=2000 loops=1)
         Buffers: shared read=18
   ->  Index Scan using movie_id_movie_info on movie_info mi  (cost=0.01..28.81 rows=9 width=73) (actual time=30.182..55.530 rows=5 loops=2000)
         Index Cond: (movie_id = del.a)
         Buffers: shared hit=4341 read=9647
 Planning Time: 235.688 ms
 Execution Time: 111120.583 ms
(9 rows)

                                                                   QUERY PLAN                                                                   
------------------------------------------------------------------------------------------------------------------------------------------------
 Nested Loop  (cost=0.01..57628.36 rows=18579 width=77) (actual time=50.333..111626.007 rows=11502 loops=1)
   Buffers: shared hit=4302 read=9822
   ->  Seq Scan on del_nest_index del  (cost=0.00..0.70 rows=2000 width=4) (actual time=0.061..3.754 rows=2000 loops=1)
         Buffers: shared read=18
   ->  Index Scan using movie_id_movie_info on movie_info mi  (cost=0.01..28.81 rows=9 width=73) (actual time=30.097..55.788 rows=6 loops=2000)
         Index Cond: (movie_id = del.a)
         Buffers: shared hit=4302 read=9804
 Planning Time: 235.671 ms
 Execution Time: 111638.076 ms
(9 rows)

                                                                   QUERY PLAN                                                                   
------------------------------------------------------------------------------------------------------------------------------------------------
 Nested Loop  (cost=0.01..57628.36 rows=18579 width=77) (actual time=40.775..111489.999 rows=11547 loops=1)
   Buffers: shared hit=4277 read=9743
   ->  Seq Scan on del_nest_index del  (cost=0.00..0.70 rows=2000 width=4) (actual time=0.056..3.605 rows=2000 loops=1)
         Buffers: shared read=18
   ->  Index Scan using movie_id_movie_info on movie_info mi  (cost=0.01..28.81 rows=9 width=73) (actual time=30.362..55.719 rows=6 loops=2000)
         Index Cond: (movie_id = del.a)
         Buffers: shared hit=4277 read=9725
 Planning Time: 289.964 ms
 Execution Time: 111502.012 ms
(9 rows)

                                                                   QUERY PLAN                                                                   
------------------------------------------------------------------------------------------------------------------------------------------------
 Nested Loop  (cost=0.01..57628.36 rows=18579 width=77) (actual time=48.286..111643.776 rows=11513 loops=1)
   Buffers: shared hit=4370 read=9824
   ->  Seq Scan on del_nest_index del  (cost=0.00..0.70 rows=2000 width=4) (actual time=0.059..3.522 rows=2000 loops=1)
         Buffers: shared read=18
   ->  Index Scan using movie_id_movie_info on movie_info mi  (cost=0.01..28.81 rows=9 width=73) (actual time=29.974..55.796 rows=6 loops=2000)
         Index Cond: (movie_id = del.a)
         Buffers: shared hit=4370 read=9806
 Planning Time: 289.061 ms
 Execution Time: 111654.568 ms
(9 rows)

                                                                   QUERY PLAN                                                                   
------------------------------------------------------------------------------------------------------------------------------------------------
 Nested Loop  (cost=0.01..57628.36 rows=18579 width=77) (actual time=49.173..113046.130 rows=11405 loops=1)
   Buffers: shared hit=4293 read=9836
   ->  Seq Scan on del_nest_index del  (cost=0.00..0.70 rows=2000 width=4) (actual time=0.054..3.504 rows=2000 loops=1)
         Buffers: shared read=18
   ->  Index Scan using movie_id_movie_info on movie_info mi  (cost=0.01..28.81 rows=9 width=73) (actual time=30.630..56.498 rows=6 loops=2000)
         Index Cond: (movie_id = del.a)
         Buffers: shared hit=4293 read=9818
 Planning Time: 264.504 ms
 Execution Time: 113056.866 ms
(9 rows)

                                                                   QUERY PLAN                                                                   
------------------------------------------------------------------------------------------------------------------------------------------------
 Nested Loop  (cost=0.01..60357.63 rows=19508 width=77) (actual time=42.233..115805.366 rows=11843 loops=1)
   Buffers: shared hit=4545 read=10056
   ->  Seq Scan on del_nest_index del  (cost=0.00..0.74 rows=2100 width=4) (actual time=0.065..3.701 rows=2100 loops=1)
         Buffers: shared read=19
   ->  Index Scan using movie_id_movie_info on movie_info mi  (cost=0.01..28.74 rows=9 width=73) (actual time=30.139..55.121 rows=6 loops=2100)
         Index Cond: (movie_id = del.a)
         Buffers: shared hit=4545 read=10037
 Planning Time: 252.337 ms
 Execution Time: 115876.971 ms
(9 rows)

                                                                   QUERY PLAN                                                                   
------------------------------------------------------------------------------------------------------------------------------------------------
 Nested Loop  (cost=0.01..60357.63 rows=19508 width=77) (actual time=48.056..114861.447 rows=12341 loops=1)
   Buffers: shared hit=4508 read=10087
   ->  Seq Scan on del_nest_index del  (cost=0.00..0.74 rows=2100 width=4) (actual time=0.067..3.776 rows=2100 loops=1)
         Buffers: shared read=19
   ->  Index Scan using movie_id_movie_info on movie_info mi  (cost=0.01..28.74 rows=9 width=73) (actual time=29.931..54.672 rows=6 loops=2100)
         Index Cond: (movie_id = del.a)
         Buffers: shared hit=4508 read=10068
 Planning Time: 327.377 ms
 Execution Time: 114874.014 ms
(9 rows)

                                                                   QUERY PLAN                                                                   
------------------------------------------------------------------------------------------------------------------------------------------------
 Nested Loop  (cost=0.01..60357.63 rows=19508 width=77) (actual time=47.789..118541.615 rows=12361 loops=1)
   Buffers: shared hit=4604 read=10413
   ->  Seq Scan on del_nest_index del  (cost=0.00..0.74 rows=2100 width=4) (actual time=0.061..3.610 rows=2100 loops=1)
         Buffers: shared read=19
   ->  Index Scan using movie_id_movie_info on movie_info mi  (cost=0.01..28.74 rows=9 width=73) (actual time=30.184..56.422 rows=6 loops=2100)
         Index Cond: (movie_id = del.a)
         Buffers: shared hit=4604 read=10394
 Planning Time: 235.672 ms
 Execution Time: 118555.041 ms
(9 rows)

                                                                   QUERY PLAN                                                                   
------------------------------------------------------------------------------------------------------------------------------------------------
 Nested Loop  (cost=0.01..60357.63 rows=19508 width=77) (actual time=46.567..116478.037 rows=12122 loops=1)
   Buffers: shared hit=4547 read=10231
   ->  Seq Scan on del_nest_index del  (cost=0.00..0.74 rows=2100 width=4) (actual time=0.067..3.743 rows=2100 loops=1)
         Buffers: shared read=19
   ->  Index Scan using movie_id_movie_info on movie_info mi  (cost=0.01..28.74 rows=9 width=73) (actual time=30.164..55.441 rows=6 loops=2100)
         Index Cond: (movie_id = del.a)
         Buffers: shared hit=4547 read=10212
 Planning Time: 335.669 ms
 Execution Time: 116532.868 ms
(9 rows)

                                                                   QUERY PLAN                                                                   
------------------------------------------------------------------------------------------------------------------------------------------------
 Nested Loop  (cost=0.01..60357.63 rows=19508 width=77) (actual time=57.410..117655.897 rows=12027 loops=1)
   Buffers: shared hit=4628 read=10232
   ->  Seq Scan on del_nest_index del  (cost=0.00..0.74 rows=2100 width=4) (actual time=0.044..3.825 rows=2100 loops=1)
         Buffers: shared read=19
   ->  Index Scan using movie_id_movie_info on movie_info mi  (cost=0.01..28.74 rows=9 width=73) (actual time=30.092..56.002 rows=6 loops=2100)
         Index Cond: (movie_id = del.a)
         Buffers: shared hit=4628 read=10213
 Planning Time: 269.041 ms
 Execution Time: 117668.936 ms
(9 rows)

                                                                   QUERY PLAN                                                                   
------------------------------------------------------------------------------------------------------------------------------------------------
 Nested Loop  (cost=0.01..63074.81 rows=20436 width=77) (actual time=49.192..124537.926 rows=14506 loops=1)
   Buffers: shared hit=4811 read=10805
   ->  Seq Scan on del_nest_index del  (cost=0.00..0.78 rows=2200 width=4) (actual time=0.064..3.825 rows=2200 loops=1)
         Buffers: shared read=20
   ->  Index Scan using movie_id_movie_info on movie_info mi  (cost=0.01..28.67 rows=9 width=73) (actual time=30.393..56.584 rows=7 loops=2200)
         Index Cond: (movie_id = del.a)
         Buffers: shared hit=4811 read=10785
 Planning Time: 235.744 ms
 Execution Time: 124551.257 ms
(9 rows)

                                                                   QUERY PLAN                                                                   
------------------------------------------------------------------------------------------------------------------------------------------------
 Nested Loop  (cost=0.01..63074.81 rows=20436 width=77) (actual time=45.070..121572.494 rows=13383 loops=1)
   Buffers: shared hit=4805 read=10802
   ->  Seq Scan on del_nest_index del  (cost=0.00..0.78 rows=2200 width=4) (actual time=0.063..4.105 rows=2200 loops=1)
         Buffers: shared read=20
   ->  Index Scan using movie_id_movie_info on movie_info mi  (cost=0.01..28.67 rows=9 width=73) (actual time=29.861..55.236 rows=6 loops=2200)
         Index Cond: (movie_id = del.a)
         Buffers: shared hit=4805 read=10782
 Planning Time: 260.694 ms
 Execution Time: 121585.983 ms
(9 rows)

                                                                   QUERY PLAN                                                                   
------------------------------------------------------------------------------------------------------------------------------------------------
 Nested Loop  (cost=0.01..63074.81 rows=20436 width=77) (actual time=41.817..121619.428 rows=12985 loops=1)
   Buffers: shared hit=4763 read=10617
   ->  Seq Scan on del_nest_index del  (cost=0.00..0.78 rows=2200 width=4) (actual time=0.064..3.701 rows=2200 loops=1)
         Buffers: shared read=20
   ->  Index Scan using movie_id_movie_info on movie_info mi  (cost=0.01..28.67 rows=9 width=73) (actual time=30.015..55.257 rows=6 loops=2200)
         Index Cond: (movie_id = del.a)
         Buffers: shared hit=4763 read=10597
 Planning Time: 252.411 ms
 Execution Time: 121632.061 ms
(9 rows)

                                                                   QUERY PLAN                                                                   
------------------------------------------------------------------------------------------------------------------------------------------------
 Nested Loop  (cost=0.01..63074.81 rows=20436 width=77) (actual time=41.504..123389.571 rows=13534 loops=1)
   Buffers: shared hit=4856 read=10815
   ->  Seq Scan on del_nest_index del  (cost=0.00..0.78 rows=2200 width=4) (actual time=0.039..3.824 rows=2200 loops=1)
         Buffers: shared read=20
   ->  Index Scan using movie_id_movie_info on movie_info mi  (cost=0.01..28.67 rows=9 width=73) (actual time=29.889..56.062 rows=6 loops=2200)
         Index Cond: (movie_id = del.a)
         Buffers: shared hit=4856 read=10795
 Planning Time: 273.368 ms
 Execution Time: 123400.789 ms
(9 rows)

                                                                   QUERY PLAN                                                                   
------------------------------------------------------------------------------------------------------------------------------------------------
 Nested Loop  (cost=0.01..63074.81 rows=20436 width=77) (actual time=51.036..122039.147 rows=12584 loops=1)
   Buffers: shared hit=4847 read=10693
   ->  Seq Scan on del_nest_index del  (cost=0.00..0.78 rows=2200 width=4) (actual time=0.038..3.801 rows=2200 loops=1)
         Buffers: shared read=20
   ->  Index Scan using movie_id_movie_info on movie_info mi  (cost=0.01..28.67 rows=9 width=73) (actual time=29.867..55.449 rows=6 loops=2200)
         Index Cond: (movie_id = del.a)
         Buffers: shared hit=4847 read=10673
 Planning Time: 231.747 ms
 Execution Time: 122050.052 ms
(9 rows)

                                                                   QUERY PLAN                                                                   
------------------------------------------------------------------------------------------------------------------------------------------------
 Nested Loop  (cost=0.01..65779.79 rows=21365 width=77) (actual time=47.317..129249.431 rows=14775 loops=1)
   Buffers: shared hit=5054 read=11454
   ->  Seq Scan on del_nest_index del  (cost=0.00..0.79 rows=2300 width=4) (actual time=0.062..4.127 rows=2300 loops=1)
         Buffers: shared read=20
   ->  Index Scan using movie_id_movie_info on movie_info mi  (cost=0.01..28.60 rows=9 width=73) (actual time=30.018..56.170 rows=6 loops=2300)
         Index Cond: (movie_id = del.a)
         Buffers: shared hit=5054 read=11434
 Planning Time: 243.995 ms
 Execution Time: 129264.305 ms
(9 rows)

                                                                   QUERY PLAN                                                                   
------------------------------------------------------------------------------------------------------------------------------------------------
 Nested Loop  (cost=0.01..65779.82 rows=21365 width=77) (actual time=57.837..127448.462 rows=13908 loops=1)
   Buffers: shared hit=5066 read=11262
   ->  Seq Scan on del_nest_index del  (cost=0.00..0.82 rows=2300 width=4) (actual time=0.063..3.996 rows=2300 loops=1)
         Buffers: shared read=21
   ->  Index Scan using movie_id_movie_info on movie_info mi  (cost=0.01..28.60 rows=9 width=73) (actual time=29.896..55.386 rows=6 loops=2300)
         Index Cond: (movie_id = del.a)
         Buffers: shared hit=5066 read=11241
 Planning Time: 244.065 ms
 Execution Time: 127462.623 ms
(9 rows)

                                                                   QUERY PLAN                                                                   
------------------------------------------------------------------------------------------------------------------------------------------------
 Nested Loop  (cost=0.01..65779.79 rows=21365 width=77) (actual time=43.471..127409.793 rows=13764 loops=1)
   Buffers: shared hit=5048 read=11339
   ->  Seq Scan on del_nest_index del  (cost=0.00..0.79 rows=2300 width=4) (actual time=0.059..4.244 rows=2300 loops=1)
         Buffers: shared read=20
   ->  Index Scan using movie_id_movie_info on movie_info mi  (cost=0.01..28.60 rows=9 width=73) (actual time=29.624..55.371 rows=6 loops=2300)
         Index Cond: (movie_id = del.a)
         Buffers: shared hit=5048 read=11319
 Planning Time: 227.357 ms
 Execution Time: 127424.407 ms
(9 rows)

                                                                   QUERY PLAN                                                                   
------------------------------------------------------------------------------------------------------------------------------------------------
 Nested Loop  (cost=0.01..65779.82 rows=21365 width=77) (actual time=39.023..127021.711 rows=14382 loops=1)
   Buffers: shared hit=5049 read=11213
   ->  Seq Scan on del_nest_index del  (cost=0.00..0.82 rows=2300 width=4) (actual time=0.045..4.291 rows=2300 loops=1)
         Buffers: shared read=21
   ->  Index Scan using movie_id_movie_info on movie_info mi  (cost=0.01..28.60 rows=9 width=73) (actual time=29.753..55.199 rows=6 loops=2300)
         Index Cond: (movie_id = del.a)
         Buffers: shared hit=5049 read=11192
 Planning Time: 252.348 ms
 Execution Time: 127035.909 ms
(9 rows)

                                                                   QUERY PLAN                                                                   
------------------------------------------------------------------------------------------------------------------------------------------------
 Nested Loop  (cost=0.01..65779.79 rows=21365 width=77) (actual time=43.194..128651.492 rows=13041 loops=1)
   Buffers: shared hit=5076 read=11219
   ->  Seq Scan on del_nest_index del  (cost=0.00..0.79 rows=2300 width=4) (actual time=0.039..4.096 rows=2300 loops=1)
         Buffers: shared read=20
   ->  Index Scan using movie_id_movie_info on movie_info mi  (cost=0.01..28.60 rows=9 width=73) (actual time=30.043..55.911 rows=6 loops=2300)
         Index Cond: (movie_id = del.a)
         Buffers: shared hit=5076 read=11199
 Planning Time: 264.527 ms
 Execution Time: 128663.422 ms
(9 rows)

                                                                   QUERY PLAN                                                                   
------------------------------------------------------------------------------------------------------------------------------------------------
 Nested Loop  (cost=0.01..68472.79 rows=22294 width=77) (actual time=43.345..133056.131 rows=14033 loops=1)
   Buffers: shared hit=5326 read=11769
   ->  Seq Scan on del_nest_index del  (cost=0.00..0.82 rows=2400 width=4) (actual time=0.065..4.180 rows=2400 loops=1)
         Buffers: shared read=21
   ->  Index Scan using movie_id_movie_info on movie_info mi  (cost=0.01..28.53 rows=9 width=73) (actual time=29.519..55.415 rows=6 loops=2400)
         Index Cond: (movie_id = del.a)
         Buffers: shared hit=5326 read=11748
 Planning Time: 243.998 ms
 Execution Time: 133069.720 ms
(9 rows)

                                                                   QUERY PLAN                                                                   
------------------------------------------------------------------------------------------------------------------------------------------------
 Nested Loop  (cost=0.01..68472.82 rows=22294 width=77) (actual time=41.277..135390.805 rows=14478 loops=1)
   Buffers: shared hit=5282 read=11934
   ->  Seq Scan on del_nest_index del  (cost=0.00..0.86 rows=2400 width=4) (actual time=0.056..4.307 rows=2400 loops=1)
         Buffers: shared read=22
   ->  Index Scan using movie_id_movie_info on movie_info mi  (cost=0.01..28.53 rows=9 width=73) (actual time=29.915..56.387 rows=6 loops=2400)
         Index Cond: (movie_id = del.a)
         Buffers: shared hit=5282 read=11912
 Planning Time: 214.821 ms
 Execution Time: 135404.660 ms
(9 rows)

                                                                   QUERY PLAN                                                                   
------------------------------------------------------------------------------------------------------------------------------------------------
 Nested Loop  (cost=0.01..68472.79 rows=22294 width=77) (actual time=43.545..132757.619 rows=13617 loops=1)
   Buffers: shared hit=5266 read=11636
   ->  Seq Scan on del_nest_index del  (cost=0.00..0.82 rows=2400 width=4) (actual time=0.061..4.028 rows=2400 loops=1)
         Buffers: shared read=21
   ->  Index Scan using movie_id_movie_info on movie_info mi  (cost=0.01..28.53 rows=9 width=73) (actual time=29.796..55.291 rows=6 loops=2400)
         Index Cond: (movie_id = del.a)
         Buffers: shared hit=5266 read=11615
 Planning Time: 235.655 ms
 Execution Time: 132772.042 ms
(9 rows)

                                                                   QUERY PLAN                                                                   
------------------------------------------------------------------------------------------------------------------------------------------------
 Nested Loop  (cost=0.01..68472.82 rows=22294 width=77) (actual time=50.315..132426.066 rows=13829 loops=1)
   Buffers: shared hit=5305 read=11569
   ->  Seq Scan on del_nest_index del  (cost=0.00..0.86 rows=2400 width=4) (actual time=0.062..4.025 rows=2400 loops=1)
         Buffers: shared read=22
   ->  Index Scan using movie_id_movie_info on movie_info mi  (cost=0.01..28.53 rows=9 width=73) (actual time=29.690..55.153 rows=6 loops=2400)
         Index Cond: (movie_id = del.a)
         Buffers: shared hit=5305 read=11547
 Planning Time: 252.336 ms
 Execution Time: 132439.560 ms
(9 rows)

                                                                   QUERY PLAN                                                                   
------------------------------------------------------------------------------------------------------------------------------------------------
 Nested Loop  (cost=0.01..68472.79 rows=22294 width=77) (actual time=51.752..130167.978 rows=13765 loops=1)
   Buffers: shared hit=5198 read=11414
   ->  Seq Scan on del_nest_index del  (cost=0.00..0.82 rows=2400 width=4) (actual time=0.068..3.964 rows=2400 loops=1)
         Buffers: shared read=21
   ->  Index Scan using movie_id_movie_info on movie_info mi  (cost=0.01..28.53 rows=9 width=73) (actual time=29.566..54.213 rows=6 loops=2400)
         Index Cond: (movie_id = del.a)
         Buffers: shared hit=5198 read=11393
 Planning Time: 244.007 ms
 Execution Time: 130181.607 ms
(9 rows)

                                                                   QUERY PLAN                                                                   
------------------------------------------------------------------------------------------------------------------------------------------------
 Nested Loop  (cost=0.01..71150.60 rows=23223 width=77) (actual time=46.439..136030.343 rows=16114 loops=1)
   Buffers: shared hit=5619 read=11979
   ->  Seq Scan on del_nest_index del  (cost=0.00..0.86 rows=2500 width=4) (actual time=0.045..4.369 rows=2500 loops=1)
         Buffers: shared read=22
   ->  Index Scan using movie_id_movie_info on movie_info mi  (cost=0.01..28.46 rows=9 width=73) (actual time=29.399..54.387 rows=6 loops=2500)
         Index Cond: (movie_id = del.a)
         Buffers: shared hit=5619 read=11957
 Planning Time: 235.670 ms
 Execution Time: 136045.129 ms
(9 rows)

                                                                   QUERY PLAN                                                                   
------------------------------------------------------------------------------------------------------------------------------------------------
 Nested Loop  (cost=0.01..71150.63 rows=23223 width=77) (actual time=44.301..138819.909 rows=15080 loops=1)
   Buffers: shared hit=5611 read=12214
   ->  Seq Scan on del_nest_index del  (cost=0.00..0.89 rows=2500 width=4) (actual time=0.065..4.207 rows=2500 loops=1)
         Buffers: shared read=23
   ->  Index Scan using movie_id_movie_info on movie_info mi  (cost=0.01..28.46 rows=9 width=73) (actual time=29.625..55.504 rows=6 loops=2500)
         Index Cond: (movie_id = del.a)
         Buffers: shared hit=5611 read=12191
 Planning Time: 269.007 ms
 Execution Time: 138834.272 ms
(9 rows)

                                                                   QUERY PLAN                                                                   
------------------------------------------------------------------------------------------------------------------------------------------------
 Nested Loop  (cost=0.01..71150.60 rows=23223 width=77) (actual time=51.112..139856.456 rows=14715 loops=1)
   Buffers: shared hit=5516 read=12136
   ->  Seq Scan on del_nest_index del  (cost=0.00..0.86 rows=2500 width=4) (actual time=0.043..4.344 rows=2500 loops=1)
         Buffers: shared read=22
   ->  Index Scan using movie_id_movie_info on movie_info mi  (cost=0.01..28.46 rows=9 width=73) (actual time=29.697..55.919 rows=6 loops=2500)
         Index Cond: (movie_id = del.a)
         Buffers: shared hit=5516 read=12114
 Planning Time: 238.828 ms
 Execution Time: 139870.271 ms
(9 rows)

                                                                   QUERY PLAN                                                                   
------------------------------------------------------------------------------------------------------------------------------------------------
 Nested Loop  (cost=0.01..71150.63 rows=23223 width=77) (actual time=45.821..135215.109 rows=14530 loops=1)
   Buffers: shared hit=5555 read=11935
   ->  Seq Scan on del_nest_index del  (cost=0.00..0.89 rows=2500 width=4) (actual time=0.064..4.640 rows=2500 loops=1)
         Buffers: shared read=23
   ->  Index Scan using movie_id_movie_info on movie_info mi  (cost=0.01..28.46 rows=9 width=73) (actual time=29.338..54.061 rows=6 loops=2500)
         Index Cond: (movie_id = del.a)
         Buffers: shared hit=5555 read=11912
 Planning Time: 243.994 ms
 Execution Time: 135230.057 ms
(9 rows)

                                                                   QUERY PLAN                                                                   
------------------------------------------------------------------------------------------------------------------------------------------------
 Nested Loop  (cost=0.01..71150.60 rows=23223 width=77) (actual time=44.287..137875.026 rows=13887 loops=1)
   Buffers: shared hit=5431 read=12159
   ->  Seq Scan on del_nest_index del  (cost=0.00..0.86 rows=2500 width=4) (actual time=0.056..4.483 rows=2500 loops=1)
         Buffers: shared read=22
   ->  Index Scan using movie_id_movie_info on movie_info mi  (cost=0.01..28.46 rows=9 width=73) (actual time=29.618..55.126 rows=6 loops=2500)
         Index Cond: (movie_id = del.a)
         Buffers: shared hit=5431 read=12137
 Planning Time: 240.045 ms
 Execution Time: 137888.525 ms
(9 rows)

                                                                   QUERY PLAN                                                                   
------------------------------------------------------------------------------------------------------------------------------------------------
 Nested Loop  (cost=0.01..73813.33 rows=24152 width=77) (actual time=46.618..141090.321 rows=15007 loops=1)
   Buffers: shared hit=5785 read=12428
   ->  Seq Scan on del_nest_index del  (cost=0.00..0.90 rows=2600 width=4) (actual time=0.063..4.678 rows=2600 loops=1)
         Buffers: shared read=23
   ->  Index Scan using movie_id_movie_info on movie_info mi  (cost=0.01..28.39 rows=9 width=73) (actual time=29.413..54.241 rows=6 loops=2600)
         Index Cond: (movie_id = del.a)
         Buffers: shared hit=5785 read=12405
 Planning Time: 244.009 ms
 Execution Time: 141104.936 ms
(9 rows)

                                                                   QUERY PLAN                                                                   
------------------------------------------------------------------------------------------------------------------------------------------------
 Nested Loop  (cost=0.01..73813.37 rows=24152 width=77) (actual time=52.484..143903.751 rows=15648 loops=1)
   Buffers: shared hit=5860 read=12563
   ->  Seq Scan on del_nest_index del  (cost=0.00..0.93 rows=2600 width=4) (actual time=0.040..4.703 rows=2600 loops=1)
         Buffers: shared read=24
   ->  Index Scan using movie_id_movie_info on movie_info mi  (cost=0.01..28.39 rows=9 width=73) (actual time=29.705..55.323 rows=6 loops=2600)
         Index Cond: (movie_id = del.a)
         Buffers: shared hit=5860 read=12539
 Planning Time: 272.674 ms
 Execution Time: 143917.742 ms
(9 rows)

                                                                   QUERY PLAN                                                                   
------------------------------------------------------------------------------------------------------------------------------------------------
 Nested Loop  (cost=0.01..73813.33 rows=24152 width=77) (actual time=48.904..145704.213 rows=15527 loops=1)
   Buffers: shared hit=5880 read=12664
   ->  Seq Scan on del_nest_index del  (cost=0.00..0.90 rows=2600 width=4) (actual time=0.054..4.373 rows=2600 loops=1)
         Buffers: shared read=23
   ->  Index Scan using movie_id_movie_info on movie_info mi  (cost=0.01..28.39 rows=9 width=73) (actual time=29.707..56.016 rows=6 loops=2600)
         Index Cond: (movie_id = del.a)
         Buffers: shared hit=5880 read=12641
 Planning Time: 223.393 ms
 Execution Time: 145718.067 ms
(9 rows)

                                                                   QUERY PLAN                                                                   
------------------------------------------------------------------------------------------------------------------------------------------------
 Nested Loop  (cost=0.01..73813.37 rows=24152 width=77) (actual time=44.100..142611.462 rows=15133 loops=1)
   Buffers: shared hit=5789 read=12515
   ->  Seq Scan on del_nest_index del  (cost=0.00..0.93 rows=2600 width=4) (actual time=0.063..4.683 rows=2600 loops=1)
         Buffers: shared read=24
   ->  Index Scan using movie_id_movie_info on movie_info mi  (cost=0.01..28.39 rows=9 width=73) (actual time=29.387..54.826 rows=6 loops=2600)
         Index Cond: (movie_id = del.a)
         Buffers: shared hit=5789 read=12491
 Planning Time: 244.010 ms
 Execution Time: 142626.497 ms
(9 rows)

                                                                   QUERY PLAN                                                                   
------------------------------------------------------------------------------------------------------------------------------------------------
 Nested Loop  (cost=0.01..73813.33 rows=24152 width=77) (actual time=44.353..142400.578 rows=14812 loops=1)
   Buffers: shared hit=5871 read=12444
   ->  Seq Scan on del_nest_index del  (cost=0.00..0.90 rows=2600 width=4) (actual time=0.067..4.588 rows=2600 loops=1)
         Buffers: shared read=23
   ->  Index Scan using movie_id_movie_info on movie_info mi  (cost=0.01..28.39 rows=9 width=73) (actual time=29.196..54.745 rows=6 loops=2600)
         Index Cond: (movie_id = del.a)
         Buffers: shared hit=5871 read=12421
 Planning Time: 244.003 ms
 Execution Time: 142416.451 ms
(9 rows)

                                                                   QUERY PLAN                                                                   
------------------------------------------------------------------------------------------------------------------------------------------------
 Nested Loop  (cost=0.01..76466.96 rows=25081 width=77) (actual time=42.738..147905.243 rows=16337 loops=1)
   Buffers: shared hit=6099 read=12947
   ->  Seq Scan on del_nest_index del  (cost=0.00..0.94 rows=2700 width=4) (actual time=0.062..5.061 rows=2700 loops=1)
         Buffers: shared read=24
   ->  Index Scan using movie_id_movie_info on movie_info mi  (cost=0.01..28.32 rows=9 width=73) (actual time=29.432..54.755 rows=6 loops=2700)
         Index Cond: (movie_id = del.a)
         Buffers: shared hit=6099 read=12923
 Planning Time: 227.343 ms
 Execution Time: 147920.186 ms
(9 rows)

                                                                   QUERY PLAN                                                                   
------------------------------------------------------------------------------------------------------------------------------------------------
 Nested Loop  (cost=0.01..76466.96 rows=25081 width=77) (actual time=43.054..150246.315 rows=16641 loops=1)
   Buffers: shared hit=6111 read=13070
   ->  Seq Scan on del_nest_index del  (cost=0.00..0.94 rows=2700 width=4) (actual time=0.053..4.524 rows=2700 loops=1)
         Buffers: shared read=24
   ->  Index Scan using movie_id_movie_info on movie_info mi  (cost=0.01..28.32 rows=9 width=73) (actual time=29.409..55.622 rows=6 loops=2700)
         Index Cond: (movie_id = del.a)
         Buffers: shared hit=6111 read=13046
 Planning Time: 272.329 ms
 Execution Time: 150261.136 ms
(9 rows)

                                                                   QUERY PLAN                                                                   
------------------------------------------------------------------------------------------------------------------------------------------------
 Nested Loop  (cost=0.01..76466.96 rows=25081 width=77) (actual time=48.707..146363.198 rows=15553 loops=1)
   Buffers: shared hit=6077 read=12893
   ->  Seq Scan on del_nest_index del  (cost=0.00..0.94 rows=2700 width=4) (actual time=0.060..4.939 rows=2700 loops=1)
         Buffers: shared read=24
   ->  Index Scan using movie_id_movie_info on movie_info mi  (cost=0.01..28.32 rows=9 width=73) (actual time=29.106..54.184 rows=6 loops=2700)
         Index Cond: (movie_id = del.a)
         Buffers: shared hit=6077 read=12869
 Planning Time: 252.337 ms
 Execution Time: 146379.973 ms
(9 rows)

                                                                   QUERY PLAN                                                                   
------------------------------------------------------------------------------------------------------------------------------------------------
 Nested Loop  (cost=0.01..76466.96 rows=25081 width=77) (actual time=73.175..155133.510 rows=16660 loops=1)
   Buffers: shared hit=6051 read=13086
   ->  Seq Scan on del_nest_index del  (cost=0.00..0.94 rows=2700 width=4) (actual time=0.054..4.589 rows=2700 loops=1)
         Buffers: shared read=24
   ->  Index Scan using movie_id_movie_info on movie_info mi  (cost=0.01..28.32 rows=9 width=73) (actual time=30.523..57.432 rows=6 loops=2700)
         Index Cond: (movie_id = del.a)
         Buffers: shared hit=6051 read=13062
 Planning Time: 306.736 ms
 Execution Time: 155148.234 ms
(9 rows)

                                                                   QUERY PLAN                                                                   
------------------------------------------------------------------------------------------------------------------------------------------------
 Nested Loop  (cost=0.01..76466.96 rows=25081 width=77) (actual time=77.186..149747.869 rows=16158 loops=1)
   Buffers: shared hit=5999 read=13149
   ->  Seq Scan on del_nest_index del  (cost=0.00..0.94 rows=2700 width=4) (actual time=0.067..4.707 rows=2700 loops=1)
         Buffers: shared read=24
   ->  Index Scan using movie_id_movie_info on movie_info mi  (cost=0.01..28.32 rows=9 width=73) (actual time=29.596..55.437 rows=6 loops=2700)
         Index Cond: (movie_id = del.a)
         Buffers: shared hit=5999 read=13125
 Planning Time: 260.669 ms
 Execution Time: 149764.565 ms
(9 rows)

                                                                   QUERY PLAN                                                                   
------------------------------------------------------------------------------------------------------------------------------------------------
 Nested Loop  (cost=0.01..79105.44 rows=26010 width=77) (actual time=45.989..156373.596 rows=16515 loops=1)
   Buffers: shared hit=6297 read=13640
   ->  Seq Scan on del_nest_index del  (cost=0.00..0.98 rows=2800 width=4) (actual time=0.062..4.793 rows=2800 loops=1)
         Buffers: shared read=25
   ->  Index Scan using movie_id_movie_info on movie_info mi  (cost=0.01..28.25 rows=9 width=73) (actual time=29.840..55.824 rows=6 loops=2800)
         Index Cond: (movie_id = del.a)
         Buffers: shared hit=6297 read=13615
 Planning Time: 252.374 ms
 Execution Time: 156388.725 ms
(9 rows)

                                                                   QUERY PLAN                                                                   
------------------------------------------------------------------------------------------------------------------------------------------------
 Nested Loop  (cost=0.01..79105.44 rows=26010 width=77) (actual time=43.065..151981.690 rows=16161 loops=1)
   Buffers: shared hit=6247 read=13298
   ->  Seq Scan on del_nest_index del  (cost=0.00..0.98 rows=2800 width=4) (actual time=0.073..5.026 rows=2800 loops=1)
         Buffers: shared read=25
   ->  Index Scan using movie_id_movie_info on movie_info mi  (cost=0.01..28.25 rows=9 width=73) (actual time=29.458..54.255 rows=6 loops=2800)
         Index Cond: (movie_id = del.a)
         Buffers: shared hit=6247 read=13273
 Planning Time: 327.331 ms
 Execution Time: 151996.858 ms
(9 rows)

                                                                   QUERY PLAN                                                                   
------------------------------------------------------------------------------------------------------------------------------------------------
 Nested Loop  (cost=0.01..79105.44 rows=26010 width=77) (actual time=122.083..149421.470 rows=16248 loops=1)
   Buffers: shared hit=6274 read=13090
   ->  Seq Scan on del_nest_index del  (cost=0.00..0.98 rows=2800 width=4) (actual time=0.040..4.937 rows=2800 loops=1)
         Buffers: shared read=25
   ->  Index Scan using movie_id_movie_info on movie_info mi  (cost=0.01..28.25 rows=9 width=73) (actual time=29.012..53.340 rows=6 loops=2800)
         Index Cond: (movie_id = del.a)
         Buffers: shared hit=6274 read=13065
 Planning Time: 273.418 ms
 Execution Time: 149446.191 ms
(9 rows)

                                                                   QUERY PLAN                                                                   
------------------------------------------------------------------------------------------------------------------------------------------------
 Nested Loop  (cost=0.01..79105.44 rows=26010 width=77) (actual time=42.968..153118.158 rows=16562 loops=1)
   Buffers: shared hit=6270 read=13407
   ->  Seq Scan on del_nest_index del  (cost=0.00..0.98 rows=2800 width=4) (actual time=0.064..4.999 rows=2800 loops=1)
         Buffers: shared read=25
   ->  Index Scan using movie_id_movie_info on movie_info mi  (cost=0.01..28.25 rows=9 width=73) (actual time=29.353..54.661 rows=6 loops=2800)
         Index Cond: (movie_id = del.a)
         Buffers: shared hit=6270 read=13382
 Planning Time: 302.336 ms
 Execution Time: 153134.540 ms
(9 rows)

                                                                   QUERY PLAN                                                                   
------------------------------------------------------------------------------------------------------------------------------------------------
 Nested Loop  (cost=0.01..79105.44 rows=26010 width=77) (actual time=54.017..153977.398 rows=17250 loops=1)
   Buffers: shared hit=6375 read=13573
   ->  Seq Scan on del_nest_index del  (cost=0.00..0.98 rows=2800 width=4) (actual time=0.057..4.826 rows=2800 loops=1)
         Buffers: shared read=25
   ->  Index Scan using movie_id_movie_info on movie_info mi  (cost=0.01..28.25 rows=9 width=73) (actual time=29.478..54.967 rows=6 loops=2800)
         Index Cond: (movie_id = del.a)
         Buffers: shared hit=6375 read=13548
 Planning Time: 306.662 ms
 Execution Time: 153992.147 ms
(9 rows)

                                                                   QUERY PLAN                                                                   
------------------------------------------------------------------------------------------------------------------------------------------------
 Nested Loop  (cost=0.01..81734.93 rows=26939 width=77) (actual time=35.320..157779.571 rows=17684 loops=1)
   Buffers: shared hit=6559 read=13971
   ->  Seq Scan on del_nest_index del  (cost=0.00..1.02 rows=2900 width=4) (actual time=0.066..4.827 rows=2900 loops=1)
         Buffers: shared read=26
   ->  Index Scan using movie_id_movie_info on movie_info mi  (cost=0.01..28.18 rows=9 width=73) (actual time=29.159..54.382 rows=6 loops=2900)
         Index Cond: (movie_id = del.a)
         Buffers: shared hit=6559 read=13945
 Planning Time: 335.703 ms
 Execution Time: 157795.401 ms
(9 rows)

                                                                   QUERY PLAN                                                                   
------------------------------------------------------------------------------------------------------------------------------------------------
 Nested Loop  (cost=0.01..81734.93 rows=26939 width=77) (actual time=43.984..156694.928 rows=17972 loops=1)
   Buffers: shared hit=6565 read=13842
   ->  Seq Scan on del_nest_index del  (cost=0.00..1.02 rows=2900 width=4) (actual time=0.064..4.816 rows=2900 loops=1)
         Buffers: shared read=26
   ->  Index Scan using movie_id_movie_info on movie_info mi  (cost=0.01..28.18 rows=9 width=73) (actual time=29.116..54.009 rows=6 loops=2900)
         Index Cond: (movie_id = del.a)
         Buffers: shared hit=6565 read=13816
 Planning Time: 285.675 ms
 Execution Time: 156710.287 ms
(9 rows)

                                                                   QUERY PLAN                                                                   
------------------------------------------------------------------------------------------------------------------------------------------------
 Nested Loop  (cost=0.01..81734.93 rows=26939 width=77) (actual time=44.574..156522.235 rows=15855 loops=1)
   Buffers: shared hit=6575 read=13545
   ->  Seq Scan on del_nest_index del  (cost=0.00..1.02 rows=2900 width=4) (actual time=0.062..5.072 rows=2900 loops=1)
         Buffers: shared read=26
   ->  Index Scan using movie_id_movie_info on movie_info mi  (cost=0.01..28.18 rows=9 width=73) (actual time=29.164..53.949 rows=5 loops=2900)
         Index Cond: (movie_id = del.a)
         Buffers: shared hit=6575 read=13519
 Planning Time: 260.689 ms
 Execution Time: 156538.071 ms
(9 rows)

                                                                   QUERY PLAN                                                                   
------------------------------------------------------------------------------------------------------------------------------------------------
 Nested Loop  (cost=0.01..81734.93 rows=26939 width=77) (actual time=47.282..155233.631 rows=17174 loops=1)
   Buffers: shared hit=6555 read=13757
   ->  Seq Scan on del_nest_index del  (cost=0.00..1.02 rows=2900 width=4) (actual time=0.057..5.394 rows=2900 loops=1)
         Buffers: shared read=26
   ->  Index Scan using movie_id_movie_info on movie_info mi  (cost=0.01..28.18 rows=9 width=73) (actual time=28.816..53.505 rows=6 loops=2900)
         Index Cond: (movie_id = del.a)
         Buffers: shared hit=6555 read=13731
 Planning Time: 330.648 ms
 Execution Time: 155248.557 ms
(9 rows)

                                                                   QUERY PLAN                                                                   
------------------------------------------------------------------------------------------------------------------------------------------------
 Nested Loop  (cost=0.01..81734.93 rows=26939 width=77) (actual time=48.358..155549.979 rows=17095 loops=1)
   Buffers: shared hit=6537 read=13699
   ->  Seq Scan on del_nest_index del  (cost=0.00..1.02 rows=2900 width=4) (actual time=0.061..4.916 rows=2900 loops=1)
         Buffers: shared read=26
   ->  Index Scan using movie_id_movie_info on movie_info mi  (cost=0.01..28.18 rows=9 width=73) (actual time=29.140..53.614 rows=6 loops=2900)
         Index Cond: (movie_id = del.a)
         Buffers: shared hit=6537 read=13673
 Planning Time: 277.380 ms
 Execution Time: 155566.186 ms
(9 rows)

                                                                   QUERY PLAN                                                                   
------------------------------------------------------------------------------------------------------------------------------------------------
 Nested Loop  (cost=0.01..84346.20 rows=27868 width=77) (actual time=48.898..161298.473 rows=16167 loops=1)
   Buffers: shared hit=6895 read=14032
   ->  Seq Scan on del_nest_index del  (cost=0.00..1.05 rows=3000 width=4) (actual time=0.063..5.355 rows=3000 loops=1)
         Buffers: shared read=27
   ->  Index Scan using movie_id_movie_info on movie_info mi  (cost=0.01..28.11 rows=9 width=73) (actual time=29.008..53.743 rows=5 loops=3000)
         Index Cond: (movie_id = del.a)
         Buffers: shared hit=6895 read=14005
 Planning Time: 277.305 ms
 Execution Time: 161315.379 ms
(9 rows)

                                                                   QUERY PLAN                                                                   
------------------------------------------------------------------------------------------------------------------------------------------------
 Nested Loop  (cost=0.01..84346.20 rows=27868 width=77) (actual time=57.704..165433.895 rows=17320 loops=1)
   Buffers: shared hit=6886 read=14440
   ->  Seq Scan on del_nest_index del  (cost=0.00..1.05 rows=3000 width=4) (actual time=0.055..5.361 rows=3000 loops=1)
         Buffers: shared read=27
   ->  Index Scan using movie_id_movie_info on movie_info mi  (cost=0.01..28.11 rows=9 width=73) (actual time=29.468..55.121 rows=6 loops=3000)
         Index Cond: (movie_id = del.a)
         Buffers: shared hit=6886 read=14413
 Planning Time: 265.013 ms
 Execution Time: 165450.605 ms
(9 rows)

                                                                   QUERY PLAN                                                                   
------------------------------------------------------------------------------------------------------------------------------------------------
 Nested Loop  (cost=0.01..84346.20 rows=27868 width=77) (actual time=49.414..161776.202 rows=16989 loops=1)
   Buffers: shared hit=6843 read=14162
   ->  Seq Scan on del_nest_index del  (cost=0.00..1.05 rows=3000 width=4) (actual time=0.065..5.331 rows=3000 loops=1)
         Buffers: shared read=27
   ->  Index Scan using movie_id_movie_info on movie_info mi  (cost=0.01..28.11 rows=9 width=73) (actual time=28.952..53.902 rows=6 loops=3000)
         Index Cond: (movie_id = del.a)
         Buffers: shared hit=6843 read=14135
 Planning Time: 260.675 ms
 Execution Time: 161793.390 ms
(9 rows)

                                                                   QUERY PLAN                                                                   
------------------------------------------------------------------------------------------------------------------------------------------------
 Nested Loop  (cost=0.01..84346.20 rows=27868 width=77) (actual time=47.517..166978.770 rows=18835 loops=1)
   Buffers: shared hit=6985 read=14736
   ->  Seq Scan on del_nest_index del  (cost=0.00..1.05 rows=3000 width=4) (actual time=0.056..5.500 rows=3000 loops=1)
         Buffers: shared read=27
   ->  Index Scan using movie_id_movie_info on movie_info mi  (cost=0.01..28.11 rows=9 width=73) (actual time=29.385..55.635 rows=6 loops=3000)
         Index Cond: (movie_id = del.a)
         Buffers: shared hit=6985 read=14709
 Planning Time: 269.013 ms
 Execution Time: 166996.861 ms
(9 rows)

                                                                   QUERY PLAN                                                                   
------------------------------------------------------------------------------------------------------------------------------------------------
 Nested Loop  (cost=0.01..84346.20 rows=27868 width=77) (actual time=40.539..164513.271 rows=16483 loops=1)
   Buffers: shared hit=6847 read=14228
   ->  Seq Scan on del_nest_index del  (cost=0.00..1.05 rows=3000 width=4) (actual time=0.062..5.133 rows=3000 loops=1)
         Buffers: shared read=27
   ->  Index Scan using movie_id_movie_info on movie_info mi  (cost=0.01..28.11 rows=9 width=73) (actual time=29.519..54.814 rows=5 loops=3000)
         Index Cond: (movie_id = del.a)
         Buffers: shared hit=6847 read=14201
 Planning Time: 269.021 ms
 Execution Time: 164530.473 ms
(9 rows)

                                                                   QUERY PLAN                                                                   
------------------------------------------------------------------------------------------------------------------------------------------------
 Nested Loop  (cost=0.01..86948.38 rows=28797 width=77) (actual time=109.020..165144.899 rows=17321 loops=1)
   Buffers: shared hit=7110 read=14406
   ->  Seq Scan on del_nest_index del  (cost=0.00..1.06 rows=3100 width=4) (actual time=0.041..5.319 rows=3100 loops=1)
         Buffers: shared read=27
   ->  Index Scan using movie_id_movie_info on movie_info mi  (cost=0.01..28.05 rows=9 width=73) (actual time=28.883..53.247 rows=6 loops=3100)
         Index Cond: (movie_id = del.a)
         Buffers: shared hit=7110 read=14379
 Planning Time: 269.038 ms
 Execution Time: 165185.021 ms
(9 rows)

                                                                   QUERY PLAN                                                                   
------------------------------------------------------------------------------------------------------------------------------------------------
 Nested Loop  (cost=0.01..86948.41 rows=28797 width=77) (actual time=39.342..168799.724 rows=17021 loops=1)
   Buffers: shared hit=6999 read=14691
   ->  Seq Scan on del_nest_index del  (cost=0.00..1.09 rows=3100 width=4) (actual time=0.063..5.534 rows=3100 loops=1)
         Buffers: shared read=28
   ->  Index Scan using movie_id_movie_info on movie_info mi  (cost=0.01..28.05 rows=9 width=73) (actual time=29.349..54.428 rows=5 loops=3100)
         Index Cond: (movie_id = del.a)
         Buffers: shared hit=6999 read=14663
 Planning Time: 410.725 ms
 Execution Time: 168815.963 ms
(9 rows)

                                                                   QUERY PLAN                                                                   
------------------------------------------------------------------------------------------------------------------------------------------------
 Nested Loop  (cost=0.01..86948.38 rows=28797 width=77) (actual time=48.048..171028.237 rows=19092 loops=1)
   Buffers: shared hit=7130 read=15100
   ->  Seq Scan on del_nest_index del  (cost=0.00..1.06 rows=3100 width=4) (actual time=0.065..5.393 rows=3100 loops=1)
         Buffers: shared read=27
   ->  Index Scan using movie_id_movie_info on movie_info mi  (cost=0.01..28.05 rows=9 width=73) (actual time=29.144..55.146 rows=6 loops=3100)
         Index Cond: (movie_id = del.a)
         Buffers: shared hit=7130 read=15073
 Planning Time: 352.326 ms
 Execution Time: 171045.019 ms
(9 rows)

                                                                   QUERY PLAN                                                                   
------------------------------------------------------------------------------------------------------------------------------------------------
 Nested Loop  (cost=0.01..86948.41 rows=28797 width=77) (actual time=43.539..169559.096 rows=17363 loops=1)
   Buffers: shared hit=7058 read=14723
   ->  Seq Scan on del_nest_index del  (cost=0.00..1.09 rows=3100 width=4) (actual time=0.062..5.162 rows=3100 loops=1)
         Buffers: shared read=28
   ->  Index Scan using movie_id_movie_info on movie_info mi  (cost=0.01..28.05 rows=9 width=73) (actual time=29.429..54.673 rows=6 loops=3100)
         Index Cond: (movie_id = del.a)
         Buffers: shared hit=7058 read=14695
 Planning Time: 252.394 ms
 Execution Time: 169577.048 ms
(9 rows)

                                                                   QUERY PLAN                                                                   
------------------------------------------------------------------------------------------------------------------------------------------------
 Nested Loop  (cost=0.01..86948.38 rows=28797 width=77) (actual time=44.180..167367.272 rows=17486 loops=1)
   Buffers: shared hit=7239 read=14662
   ->  Seq Scan on del_nest_index del  (cost=0.00..1.06 rows=3100 width=4) (actual time=0.063..5.304 rows=3100 loops=1)
         Buffers: shared read=27
   ->  Index Scan using movie_id_movie_info on movie_info mi  (cost=0.01..28.05 rows=9 width=73) (actual time=28.746..53.965 rows=6 loops=3100)
         Index Cond: (movie_id = del.a)
         Buffers: shared hit=7239 read=14635
 Planning Time: 285.689 ms
 Execution Time: 167383.566 ms
(9 rows)

                                                                   QUERY PLAN                                                                   
------------------------------------------------------------------------------------------------------------------------------------------------
 Nested Loop  (cost=0.01..89535.44 rows=29726 width=77) (actual time=39.948..175360.338 rows=18712 loops=1)
   Buffers: shared hit=7417 read=15314
   ->  Seq Scan on del_nest_index del  (cost=0.00..1.10 rows=3200 width=4) (actual time=0.061..5.478 rows=3200 loops=1)
         Buffers: shared read=28
   ->  Index Scan using movie_id_movie_info on movie_info mi  (cost=0.01..27.98 rows=9 width=73) (actual time=29.086..54.776 rows=6 loops=3200)
         Index Cond: (movie_id = del.a)
         Buffers: shared hit=7417 read=15286
 Planning Time: 244.016 ms
 Execution Time: 175377.778 ms
(9 rows)

                                                                   QUERY PLAN                                                                   
------------------------------------------------------------------------------------------------------------------------------------------------
 Nested Loop  (cost=0.01..89535.47 rows=29726 width=77) (actual time=44.465..172870.086 rows=20038 loops=1)
   Buffers: shared hit=7527 read=15121
   ->  Seq Scan on del_nest_index del  (cost=0.00..1.13 rows=3200 width=4) (actual time=0.061..5.470 rows=3200 loops=1)
         Buffers: shared read=29
   ->  Index Scan using movie_id_movie_info on movie_info mi  (cost=0.01..27.98 rows=9 width=73) (actual time=28.941..53.997 rows=6 loops=3200)
         Index Cond: (movie_id = del.a)
         Buffers: shared hit=7527 read=15092
 Planning Time: 244.022 ms
 Execution Time: 172888.115 ms
(9 rows)

                                                                   QUERY PLAN                                                                   
------------------------------------------------------------------------------------------------------------------------------------------------
 Nested Loop  (cost=0.01..89535.44 rows=29726 width=77) (actual time=38.177..174441.001 rows=18800 loops=1)
   Buffers: shared hit=7425 read=15356
   ->  Seq Scan on del_nest_index del  (cost=0.00..1.10 rows=3200 width=4) (actual time=0.063..5.598 rows=3200 loops=1)
         Buffers: shared read=28
   ->  Index Scan using movie_id_movie_info on movie_info mi  (cost=0.01..27.98 rows=9 width=73) (actual time=28.986..54.488 rows=6 loops=3200)
         Index Cond: (movie_id = del.a)
         Buffers: shared hit=7425 read=15328
 Planning Time: 268.997 ms
 Execution Time: 174458.398 ms
(9 rows)

                                                                   QUERY PLAN                                                                   
------------------------------------------------------------------------------------------------------------------------------------------------
 Nested Loop  (cost=0.01..89535.47 rows=29726 width=77) (actual time=41.706..172115.356 rows=17278 loops=1)
   Buffers: shared hit=7350 read=15002
   ->  Seq Scan on del_nest_index del  (cost=0.00..1.13 rows=3200 width=4) (actual time=0.062..5.332 rows=3200 loops=1)
         Buffers: shared read=29
   ->  Index Scan using movie_id_movie_info on movie_info mi  (cost=0.01..27.98 rows=9 width=73) (actual time=28.817..53.762 rows=5 loops=3200)
         Index Cond: (movie_id = del.a)
         Buffers: shared hit=7350 read=14973
 Planning Time: 385.679 ms
 Execution Time: 172132.546 ms
(9 rows)

                                                                   QUERY PLAN                                                                   
------------------------------------------------------------------------------------------------------------------------------------------------
 Nested Loop  (cost=0.01..89535.44 rows=29726 width=77) (actual time=41.224..173052.534 rows=18640 loops=1)
   Buffers: shared hit=7408 read=15140
   ->  Seq Scan on del_nest_index del  (cost=0.00..1.10 rows=3200 width=4) (actual time=0.039..5.462 rows=3200 loops=1)
         Buffers: shared read=28
   ->  Index Scan using movie_id_movie_info on movie_info mi  (cost=0.01..27.98 rows=9 width=73) (actual time=29.019..54.055 rows=6 loops=3200)
         Index Cond: (movie_id = del.a)
         Buffers: shared hit=7408 read=15112
 Planning Time: 264.984 ms
 Execution Time: 173068.437 ms
(9 rows)

                                                                   QUERY PLAN                                                                   
------------------------------------------------------------------------------------------------------------------------------------------------
 Nested Loop  (cost=0.01..92113.46 rows=30655 width=77) (actual time=44.878..178559.802 rows=19171 loops=1)
   Buffers: shared hit=7717 read=15643
   ->  Seq Scan on del_nest_index del  (cost=0.00..1.14 rows=3300 width=4) (actual time=0.084..5.456 rows=3300 loops=1)
         Buffers: shared read=29
   ->  Index Scan using movie_id_movie_info on movie_info mi  (cost=0.01..27.91 rows=9 width=73) (actual time=28.788..54.085 rows=6 loops=3300)
         Index Cond: (movie_id = del.a)
         Buffers: shared hit=7717 read=15614
 Planning Time: 235.683 ms
 Execution Time: 178577.962 ms
(9 rows)

                                                                   QUERY PLAN                                                                   
------------------------------------------------------------------------------------------------------------------------------------------------
 Nested Loop  (cost=0.01..92113.49 rows=30655 width=77) (actual time=39.959..180926.888 rows=19358 loops=1)
   Buffers: shared hit=7609 read=15757
   ->  Seq Scan on del_nest_index del  (cost=0.00..1.17 rows=3300 width=4) (actual time=0.061..5.465 rows=3300 loops=1)
         Buffers: shared read=30
   ->  Index Scan using movie_id_movie_info on movie_info mi  (cost=0.01..27.91 rows=9 width=73) (actual time=29.089..54.802 rows=6 loops=3300)
         Index Cond: (movie_id = del.a)
         Buffers: shared hit=7609 read=15727
 Planning Time: 219.018 ms
 Execution Time: 180944.696 ms
(9 rows)

                                                                   QUERY PLAN                                                                   
------------------------------------------------------------------------------------------------------------------------------------------------
 Nested Loop  (cost=0.01..92113.46 rows=30655 width=77) (actual time=43.538..178080.636 rows=19241 loops=1)
   Buffers: shared hit=7703 read=15675
   ->  Seq Scan on del_nest_index del  (cost=0.00..1.14 rows=3300 width=4) (actual time=0.045..5.598 rows=3300 loops=1)
         Buffers: shared read=29
   ->  Index Scan using movie_id_movie_info on movie_info mi  (cost=0.01..27.91 rows=9 width=73) (actual time=28.830..53.940 rows=6 loops=3300)
         Index Cond: (movie_id = del.a)
         Buffers: shared hit=7703 read=15646
 Planning Time: 219.046 ms
 Execution Time: 178099.773 ms
(9 rows)

                                                                   QUERY PLAN                                                                   
------------------------------------------------------------------------------------------------------------------------------------------------
 Nested Loop  (cost=0.01..92113.49 rows=30655 width=77) (actual time=48.190..178540.847 rows=19403 loops=1)
   Buffers: shared hit=7615 read=15534
   ->  Seq Scan on del_nest_index del  (cost=0.00..1.17 rows=3300 width=4) (actual time=0.062..5.690 rows=3300 loops=1)
         Buffers: shared read=30
   ->  Index Scan using movie_id_movie_info on movie_info mi  (cost=0.01..27.91 rows=9 width=73) (actual time=28.979..54.079 rows=6 loops=3300)
         Index Cond: (movie_id = del.a)
         Buffers: shared hit=7615 read=15504
 Planning Time: 252.352 ms
 Execution Time: 178560.092 ms
(9 rows)

                                                                   QUERY PLAN                                                                   
------------------------------------------------------------------------------------------------------------------------------------------------
 Nested Loop  (cost=0.01..92113.46 rows=30655 width=77) (actual time=41.066..179001.903 rows=19894 loops=1)
   Buffers: shared hit=7723 read=15751
   ->  Seq Scan on del_nest_index del  (cost=0.00..1.14 rows=3300 width=4) (actual time=0.061..5.489 rows=3300 loops=1)
         Buffers: shared read=29
   ->  Index Scan using movie_id_movie_info on movie_info mi  (cost=0.01..27.91 rows=9 width=73) (actual time=28.923..54.219 rows=6 loops=3300)
         Index Cond: (movie_id = del.a)
         Buffers: shared hit=7723 read=15722
 Planning Time: 235.674 ms
 Execution Time: 179020.404 ms
(9 rows)

                                                                   QUERY PLAN                                                                   
------------------------------------------------------------------------------------------------------------------------------------------------
 Nested Loop  (cost=0.01..94676.34 rows=31584 width=77) (actual time=50.355..184901.521 rows=20426 loops=1)
   Buffers: shared hit=7973 read=16177
   ->  Seq Scan on del_nest_index del  (cost=0.00..1.18 rows=3400 width=4) (actual time=0.046..5.689 rows=3400 loops=1)
         Buffers: shared read=30
   ->  Index Scan using movie_id_movie_info on movie_info mi  (cost=0.01..27.85 rows=9 width=73) (actual time=28.969..54.358 rows=6 loops=3400)
         Index Cond: (movie_id = del.a)
         Buffers: shared hit=7973 read=16147
 Planning Time: 235.681 ms
 Execution Time: 184921.130 ms
(9 rows)

                                                                   QUERY PLAN                                                                   
------------------------------------------------------------------------------------------------------------------------------------------------
 Nested Loop  (cost=0.01..94676.37 rows=31584 width=77) (actual time=45.281..185045.833 rows=18913 loops=1)
   Buffers: shared hit=7946 read=16143
   ->  Seq Scan on del_nest_index del  (cost=0.00..1.21 rows=3400 width=4) (actual time=0.066..6.003 rows=3400 loops=1)
         Buffers: shared read=31
   ->  Index Scan using movie_id_movie_info on movie_info mi  (cost=0.01..27.85 rows=9 width=73) (actual time=28.808..54.400 rows=6 loops=3400)
         Index Cond: (movie_id = del.a)
         Buffers: shared hit=7946 read=16112
 Planning Time: 235.688 ms
 Execution Time: 185065.087 ms
(9 rows)

                                                                   QUERY PLAN                                                                   
------------------------------------------------------------------------------------------------------------------------------------------------
 Nested Loop  (cost=0.01..94676.34 rows=31584 width=77) (actual time=51.520..184042.626 rows=19256 loops=1)
   Buffers: shared hit=7847 read=16113
   ->  Seq Scan on del_nest_index del  (cost=0.00..1.18 rows=3400 width=4) (actual time=0.067..5.744 rows=3400 loops=1)
         Buffers: shared read=30
   ->  Index Scan using movie_id_movie_info on movie_info mi  (cost=0.01..27.85 rows=9 width=73) (actual time=28.989..54.106 rows=6 loops=3400)
         Index Cond: (movie_id = del.a)
         Buffers: shared hit=7847 read=16083
 Planning Time: 244.028 ms
 Execution Time: 184060.708 ms
(9 rows)

                                                                   QUERY PLAN                                                                   
------------------------------------------------------------------------------------------------------------------------------------------------
 Nested Loop  (cost=0.01..94676.37 rows=31584 width=77) (actual time=49.102..186606.883 rows=19734 loops=1)
   Buffers: shared hit=7911 read=16214
   ->  Seq Scan on del_nest_index del  (cost=0.00..1.21 rows=3400 width=4) (actual time=0.063..6.232 rows=3400 loops=1)
         Buffers: shared read=31
   ->  Index Scan using movie_id_movie_info on movie_info mi  (cost=0.01..27.85 rows=9 width=73) (actual time=29.156..54.860 rows=6 loops=3400)
         Index Cond: (movie_id = del.a)
         Buffers: shared hit=7911 read=16183
 Planning Time: 243.996 ms
 Execution Time: 186625.025 ms
(9 rows)

                                                                   QUERY PLAN                                                                   
------------------------------------------------------------------------------------------------------------------------------------------------
 Nested Loop  (cost=0.01..94676.34 rows=31584 width=77) (actual time=46.425..185905.680 rows=20584 loops=1)
   Buffers: shared hit=7986 read=16412
   ->  Seq Scan on del_nest_index del  (cost=0.00..1.18 rows=3400 width=4) (actual time=0.071..5.746 rows=3400 loops=1)
         Buffers: shared read=30
   ->  Index Scan using movie_id_movie_info on movie_info mi  (cost=0.01..27.85 rows=9 width=73) (actual time=28.933..54.652 rows=6 loops=3400)
         Index Cond: (movie_id = del.a)
         Buffers: shared hit=7986 read=16382
 Planning Time: 260.727 ms
 Execution Time: 185924.060 ms
(9 rows)

                                                                   QUERY PLAN                                                                   
------------------------------------------------------------------------------------------------------------------------------------------------
 Nested Loop  (cost=0.01..97230.15 rows=32513 width=77) (actual time=60.200..187041.345 rows=19859 loops=1)
   Buffers: shared hit=8165 read=16402
   ->  Seq Scan on del_nest_index del  (cost=0.00..1.21 rows=3500 width=4) (actual time=0.064..5.932 rows=3500 loops=1)
         Buffers: shared read=31
   ->  Index Scan using movie_id_movie_info on movie_info mi  (cost=0.01..27.78 rows=9 width=73) (actual time=28.636..53.417 rows=6 loops=3500)
         Index Cond: (movie_id = del.a)
         Buffers: shared hit=8165 read=16371
 Planning Time: 222.930 ms
 Execution Time: 187059.399 ms
(9 rows)

                                                                   QUERY PLAN                                                                   
------------------------------------------------------------------------------------------------------------------------------------------------
 Nested Loop  (cost=0.01..97230.15 rows=32513 width=77) (actual time=42.999..189462.051 rows=20512 loops=1)
   Buffers: shared hit=8213 read=16663
   ->  Seq Scan on del_nest_index del  (cost=0.00..1.21 rows=3500 width=4) (actual time=0.071..6.180 rows=3500 loops=1)
         Buffers: shared read=31
   ->  Index Scan using movie_id_movie_info on movie_info mi  (cost=0.01..27.78 rows=9 width=73) (actual time=28.776..54.107 rows=6 loops=3500)
         Index Cond: (movie_id = del.a)
         Buffers: shared hit=8213 read=16632
 Planning Time: 235.689 ms
 Execution Time: 189482.295 ms
(9 rows)

                                                                   QUERY PLAN                                                                   
------------------------------------------------------------------------------------------------------------------------------------------------
 Nested Loop  (cost=0.01..97230.15 rows=32513 width=77) (actual time=49.263..187444.838 rows=20305 loops=1)
   Buffers: shared hit=8146 read=16345
   ->  Seq Scan on del_nest_index del  (cost=0.00..1.21 rows=3500 width=4) (actual time=0.053..6.939 rows=3500 loops=1)
         Buffers: shared read=31
   ->  Index Scan using movie_id_movie_info on movie_info mi  (cost=0.01..27.78 rows=9 width=73) (actual time=28.883..53.531 rows=6 loops=3500)
         Index Cond: (movie_id = del.a)
         Buffers: shared hit=8146 read=16314
 Planning Time: 240.050 ms
 Execution Time: 187462.710 ms
(9 rows)

                                                                   QUERY PLAN                                                                   
------------------------------------------------------------------------------------------------------------------------------------------------
 Nested Loop  (cost=0.01..97230.15 rows=32513 width=77) (actual time=48.929..187666.128 rows=19472 loops=1)
   Buffers: shared hit=8238 read=16516
   ->  Seq Scan on del_nest_index del  (cost=0.00..1.21 rows=3500 width=4) (actual time=0.056..6.138 rows=3500 loops=1)
         Buffers: shared read=31
   ->  Index Scan using movie_id_movie_info on movie_info mi  (cost=0.01..27.78 rows=9 width=73) (actual time=28.613..53.595 rows=6 loops=3500)
         Index Cond: (movie_id = del.a)
         Buffers: shared hit=8238 read=16485
 Planning Time: 298.383 ms
 Execution Time: 187684.040 ms
(9 rows)

                                                                   QUERY PLAN                                                                   
------------------------------------------------------------------------------------------------------------------------------------------------
 Nested Loop  (cost=0.01..97230.15 rows=32513 width=77) (actual time=43.861..188535.271 rows=20477 loops=1)
   Buffers: shared hit=8174 read=16550
   ->  Seq Scan on del_nest_index del  (cost=0.00..1.21 rows=3500 width=4) (actual time=0.034..6.221 rows=3500 loops=1)
         Buffers: shared read=31
   ->  Index Scan using movie_id_movie_info on movie_info mi  (cost=0.01..27.78 rows=9 width=73) (actual time=28.922..53.842 rows=6 loops=3500)
         Index Cond: (movie_id = del.a)
         Buffers: shared hit=8174 read=16519
 Planning Time: 243.954 ms
 Execution Time: 188553.994 ms
(9 rows)

                                                                   QUERY PLAN                                                                   
------------------------------------------------------------------------------------------------------------------------------------------------
 Nested Loop  (cost=0.01..99768.84 rows=33441 width=77) (actual time=52.257..195421.055 rows=24308 loops=1)
   Buffers: shared hit=8505 read=17040
   ->  Seq Scan on del_nest_index del  (cost=0.00..1.25 rows=3600 width=4) (actual time=0.045..6.147 rows=3600 loops=1)
         Buffers: shared read=32
   ->  Index Scan using movie_id_movie_info on movie_info mi  (cost=0.01..27.71 rows=9 width=73) (actual time=28.937..54.259 rows=7 loops=3600)
         Index Cond: (movie_id = del.a)
         Buffers: shared hit=8505 read=17008
 Planning Time: 235.689 ms
 Execution Time: 195441.215 ms
(9 rows)

                                                                   QUERY PLAN                                                                   
------------------------------------------------------------------------------------------------------------------------------------------------
 Nested Loop  (cost=0.01..99768.84 rows=33441 width=77) (actual time=52.556..193167.038 rows=20645 loops=1)
   Buffers: shared hit=8450 read=17051
   ->  Seq Scan on del_nest_index del  (cost=0.00..1.25 rows=3600 width=4) (actual time=0.029..6.250 rows=3600 loops=1)
         Buffers: shared read=32
   ->  Index Scan using movie_id_movie_info on movie_info mi  (cost=0.01..27.71 rows=9 width=73) (actual time=28.632..53.632 rows=6 loops=3600)
         Index Cond: (movie_id = del.a)
         Buffers: shared hit=8450 read=17019
 Planning Time: 281.232 ms
 Execution Time: 193185.090 ms
(9 rows)

                                                                   QUERY PLAN                                                                   
------------------------------------------------------------------------------------------------------------------------------------------------
 Nested Loop  (cost=0.01..99768.84 rows=33441 width=77) (actual time=43.128..194165.438 rows=20668 loops=1)
   Buffers: shared hit=8502 read=17034
   ->  Seq Scan on del_nest_index del  (cost=0.00..1.25 rows=3600 width=4) (actual time=0.065..6.609 rows=3600 loops=1)
         Buffers: shared read=32
   ->  Index Scan using movie_id_movie_info on movie_info mi  (cost=0.01..27.71 rows=9 width=73) (actual time=28.700..53.910 rows=6 loops=3600)
         Index Cond: (movie_id = del.a)
         Buffers: shared hit=8502 read=17002
 Planning Time: 227.361 ms
 Execution Time: 194185.702 ms
(9 rows)

                                                                   QUERY PLAN                                                                   
------------------------------------------------------------------------------------------------------------------------------------------------
 Nested Loop  (cost=0.01..99768.84 rows=33441 width=77) (actual time=40.167..190746.527 rows=21945 loops=1)
   Buffers: shared hit=8553 read=16803
   ->  Seq Scan on del_nest_index del  (cost=0.00..1.25 rows=3600 width=4) (actual time=0.064..6.275 rows=3600 loops=1)
         Buffers: shared read=32
   ->  Index Scan using movie_id_movie_info on movie_info mi  (cost=0.01..27.71 rows=9 width=73) (actual time=28.394..52.960 rows=6 loops=3600)
         Index Cond: (movie_id = del.a)
         Buffers: shared hit=8553 read=16771
 Planning Time: 235.669 ms
 Execution Time: 190765.547 ms
(9 rows)

                                                                   QUERY PLAN                                                                   
------------------------------------------------------------------------------------------------------------------------------------------------
 Nested Loop  (cost=0.01..99768.84 rows=33441 width=77) (actual time=71.081..192441.869 rows=20756 loops=1)
   Buffers: shared hit=8500 read=16930
   ->  Seq Scan on del_nest_index del  (cost=0.00..1.25 rows=3600 width=4) (actual time=0.062..6.469 rows=3600 loops=1)
         Buffers: shared read=32
   ->  Index Scan using movie_id_movie_info on movie_info mi  (cost=0.01..27.71 rows=9 width=73) (actual time=28.569..53.431 rows=6 loops=3600)
         Index Cond: (movie_id = del.a)
         Buffers: shared hit=8500 read=16898
 Planning Time: 368.992 ms
 Execution Time: 192460.810 ms
(9 rows)

                                                                   QUERY PLAN                                                                   
------------------------------------------------------------------------------------------------------------------------------------------------
 Nested Loop  (cost=0.01..102298.47 rows=34370 width=77) (actual time=48.155..199423.490 rows=22250 loops=1)
   Buffers: shared hit=8744 read=17416
   ->  Seq Scan on del_nest_index del  (cost=0.00..1.29 rows=3700 width=4) (actual time=0.063..6.318 rows=3700 loops=1)
         Buffers: shared read=33
   ->  Index Scan using movie_id_movie_info on movie_info mi  (cost=0.01..27.65 rows=9 width=73) (actual time=28.655..53.874 rows=6 loops=3700)
         Index Cond: (movie_id = del.a)
         Buffers: shared hit=8744 read=17383
 Planning Time: 260.687 ms
 Execution Time: 199443.692 ms
(9 rows)

                                                                   QUERY PLAN                                                                   
------------------------------------------------------------------------------------------------------------------------------------------------
 Nested Loop  (cost=0.01..102298.47 rows=34370 width=77) (actual time=66.493..201311.908 rows=21704 loops=1)
   Buffers: shared hit=8825 read=17692
   ->  Seq Scan on del_nest_index del  (cost=0.00..1.29 rows=3700 width=4) (actual time=0.063..6.162 rows=3700 loops=1)
         Buffers: shared read=33
   ->  Index Scan using movie_id_movie_info on movie_info mi  (cost=0.01..27.65 rows=9 width=73) (actual time=28.520..54.383 rows=6 loops=3700)
         Index Cond: (movie_id = del.a)
         Buffers: shared hit=8825 read=17659
 Planning Time: 319.004 ms
 Execution Time: 201331.363 ms
(9 rows)

                                                                   QUERY PLAN                                                                   
------------------------------------------------------------------------------------------------------------------------------------------------
 Nested Loop  (cost=0.01..102298.47 rows=34370 width=77) (actual time=69.336..200474.414 rows=23707 loops=1)
   Buffers: shared hit=8785 read=17687
   ->  Seq Scan on del_nest_index del  (cost=0.00..1.29 rows=3700 width=4) (actual time=0.063..6.577 rows=3700 loops=1)
         Buffers: shared read=33
   ->  Index Scan using movie_id_movie_info on movie_info mi  (cost=0.01..27.65 rows=9 width=73) (actual time=28.566..54.156 rows=6 loops=3700)
         Index Cond: (movie_id = del.a)
         Buffers: shared hit=8785 read=17654
 Planning Time: 269.000 ms
 Execution Time: 200494.294 ms
(9 rows)

                                                                   QUERY PLAN                                                                   
------------------------------------------------------------------------------------------------------------------------------------------------
 Nested Loop  (cost=0.01..102298.47 rows=34370 width=77) (actual time=66.460..196840.951 rows=21902 loops=1)
   Buffers: shared hit=8729 read=17304
   ->  Seq Scan on del_nest_index del  (cost=0.00..1.29 rows=3700 width=4) (actual time=0.056..6.199 rows=3700 loops=1)
         Buffers: shared read=33
   ->  Index Scan using movie_id_movie_info on movie_info mi  (cost=0.01..27.65 rows=9 width=73) (actual time=28.528..53.177 rows=6 loops=3700)
         Index Cond: (movie_id = del.a)
         Buffers: shared hit=8729 read=17271
 Planning Time: 327.350 ms
 Execution Time: 196859.641 ms
(9 rows)

                                                                   QUERY PLAN                                                                   
------------------------------------------------------------------------------------------------------------------------------------------------
 Nested Loop  (cost=0.01..102298.47 rows=34370 width=77) (actual time=73.003..199819.300 rows=21586 loops=1)
   Buffers: shared hit=8735 read=17533
   ->  Seq Scan on del_nest_index del  (cost=0.00..1.29 rows=3700 width=4) (actual time=0.055..6.231 rows=3700 loops=1)
         Buffers: shared read=33
   ->  Index Scan using movie_id_movie_info on movie_info mi  (cost=0.01..27.65 rows=9 width=73) (actual time=28.693..53.980 rows=6 loops=3700)
         Index Cond: (movie_id = del.a)
         Buffers: shared hit=8735 read=17500
 Planning Time: 256.716 ms
 Execution Time: 199838.750 ms
(9 rows)

                                                                   QUERY PLAN                                                                   
------------------------------------------------------------------------------------------------------------------------------------------------
 Nested Loop  (cost=0.01..104812.91 rows=35299 width=77) (actual time=75.128..199582.798 rows=20996 loops=1)
   Buffers: shared hit=8972 read=17431
   ->  Seq Scan on del_nest_index del  (cost=0.00..1.33 rows=3800 width=4) (actual time=0.063..6.313 rows=3800 loops=1)
         Buffers: shared read=34
   ->  Index Scan using movie_id_movie_info on movie_info mi  (cost=0.01..27.58 rows=9 width=73) (actual time=28.323..52.499 rows=6 loops=3800)
         Index Cond: (movie_id = del.a)
         Buffers: shared hit=8972 read=17397
 Planning Time: 277.386 ms
 Execution Time: 199601.672 ms
(9 rows)

                                                                   QUERY PLAN                                                                   
------------------------------------------------------------------------------------------------------------------------------------------------
 Nested Loop  (cost=0.01..104812.91 rows=35299 width=77) (actual time=72.807..203013.673 rows=23844 loops=1)
   Buffers: shared hit=8948 read=17986
   ->  Seq Scan on del_nest_index del  (cost=0.00..1.33 rows=3800 width=4) (actual time=0.054..6.555 rows=3800 loops=1)
         Buffers: shared read=34
   ->  Index Scan using movie_id_movie_info on movie_info mi  (cost=0.01..27.58 rows=9 width=73) (actual time=28.391..53.400 rows=6 loops=3800)
         Index Cond: (movie_id = del.a)
         Buffers: shared hit=8948 read=17952
 Planning Time: 248.198 ms
 Execution Time: 203033.148 ms
(9 rows)

                                                                   QUERY PLAN                                                                   
------------------------------------------------------------------------------------------------------------------------------------------------
 Nested Loop  (cost=0.01..104812.91 rows=35299 width=77) (actual time=74.542..200143.781 rows=20870 loops=1)
   Buffers: shared hit=8953 read=17450
   ->  Seq Scan on del_nest_index del  (cost=0.00..1.33 rows=3800 width=4) (actual time=0.054..6.688 rows=3800 loops=1)
         Buffers: shared read=34
   ->  Index Scan using movie_id_movie_info on movie_info mi  (cost=0.01..27.58 rows=9 width=73) (actual time=28.423..52.645 rows=5 loops=3800)
         Index Cond: (movie_id = del.a)
         Buffers: shared hit=8953 read=17416
 Planning Time: 290.021 ms
 Execution Time: 200163.131 ms
(9 rows)

                                                                   QUERY PLAN                                                                   
------------------------------------------------------------------------------------------------------------------------------------------------
 Nested Loop  (cost=0.01..104812.91 rows=35299 width=77) (actual time=74.845..203586.773 rows=22339 loops=1)
   Buffers: shared hit=9041 read=17767
   ->  Seq Scan on del_nest_index del  (cost=0.00..1.33 rows=3800 width=4) (actual time=0.029..6.344 rows=3800 loops=1)
         Buffers: shared read=34
   ->  Index Scan using movie_id_movie_info on movie_info mi  (cost=0.01..27.58 rows=9 width=73) (actual time=28.613..53.551 rows=6 loops=3800)
         Index Cond: (movie_id = del.a)
         Buffers: shared hit=9041 read=17733
 Planning Time: 289.260 ms
 Execution Time: 203606.595 ms
(9 rows)

                                                                   QUERY PLAN                                                                   
------------------------------------------------------------------------------------------------------------------------------------------------
 Nested Loop  (cost=0.01..104812.91 rows=35299 width=77) (actual time=74.194..200672.628 rows=21541 loops=1)
   Buffers: shared hit=9065 read=17624
   ->  Seq Scan on del_nest_index del  (cost=0.00..1.33 rows=3800 width=4) (actual time=0.066..6.405 rows=3800 loops=1)
         Buffers: shared read=34
   ->  Index Scan using movie_id_movie_info on movie_info mi  (cost=0.01..27.58 rows=9 width=73) (actual time=28.286..52.783 rows=6 loops=3800)
         Index Cond: (movie_id = del.a)
         Buffers: shared hit=9065 read=17590
 Planning Time: 302.317 ms
 Execution Time: 200693.081 ms
(9 rows)

                                                                   QUERY PLAN                                                                   
------------------------------------------------------------------------------------------------------------------------------------------------
 Nested Loop  (cost=0.01..107318.31 rows=36228 width=77) (actual time=71.682..210122.504 rows=22781 loops=1)
   Buffers: shared hit=9371 read=18415
   ->  Seq Scan on del_nest_index del  (cost=0.00..1.37 rows=3900 width=4) (actual time=0.063..6.827 rows=3900 loops=1)
         Buffers: shared read=35
   ->  Index Scan using movie_id_movie_info on movie_info mi  (cost=0.01..27.52 rows=9 width=73) (actual time=28.462..53.853 rows=6 loops=3900)
         Index Cond: (movie_id = del.a)
         Buffers: shared hit=9371 read=18380
 Planning Time: 277.362 ms
 Execution Time: 210144.092 ms
(9 rows)

                                                                   QUERY PLAN                                                                   
------------------------------------------------------------------------------------------------------------------------------------------------
 Nested Loop  (cost=0.01..107318.31 rows=36228 width=77) (actual time=63.825..206901.606 rows=22218 loops=1)
   Buffers: shared hit=9208 read=18161
   ->  Seq Scan on del_nest_index del  (cost=0.00..1.37 rows=3900 width=4) (actual time=0.062..6.747 rows=3900 loops=1)
         Buffers: shared read=35
   ->  Index Scan using movie_id_movie_info on movie_info mi  (cost=0.01..27.52 rows=9 width=73) (actual time=28.463..53.028 rows=6 loops=3900)
         Index Cond: (movie_id = del.a)
         Buffers: shared hit=9208 read=18126
 Planning Time: 277.383 ms
 Execution Time: 206922.336 ms
(9 rows)

                                                                   QUERY PLAN                                                                   
------------------------------------------------------------------------------------------------------------------------------------------------
 Nested Loop  (cost=0.01..107318.31 rows=36228 width=77) (actual time=51.432..205666.335 rows=22527 loops=1)
   Buffers: shared hit=9272 read=17960
   ->  Seq Scan on del_nest_index del  (cost=0.00..1.37 rows=3900 width=4) (actual time=0.055..6.780 rows=3900 loops=1)
         Buffers: shared read=35
   ->  Index Scan using movie_id_movie_info on movie_info mi  (cost=0.01..27.52 rows=9 width=73) (actual time=28.273..52.712 rows=6 loops=3900)
         Index Cond: (movie_id = del.a)
         Buffers: shared hit=9272 read=17925
 Planning Time: 263.922 ms
 Execution Time: 205685.468 ms
(9 rows)

                                                                   QUERY PLAN                                                                   
------------------------------------------------------------------------------------------------------------------------------------------------
 Nested Loop  (cost=0.01..107318.31 rows=36228 width=77) (actual time=45.767..206553.047 rows=24204 loops=1)
   Buffers: shared hit=9396 read=18170
   ->  Seq Scan on del_nest_index del  (cost=0.00..1.37 rows=3900 width=4) (actual time=0.045..6.791 rows=3900 loops=1)
         Buffers: shared read=35
   ->  Index Scan using movie_id_movie_info on movie_info mi  (cost=0.01..27.52 rows=9 width=73) (actual time=28.264..52.938 rows=6 loops=3900)
         Index Cond: (movie_id = del.a)
         Buffers: shared hit=9396 read=18135
 Planning Time: 268.982 ms
 Execution Time: 206574.572 ms
(9 rows)

                                                                   QUERY PLAN                                                                   
------------------------------------------------------------------------------------------------------------------------------------------------
 Nested Loop  (cost=0.01..107318.31 rows=36228 width=77) (actual time=51.185..210696.237 rows=24274 loops=1)
   Buffers: shared hit=9313 read=18643
   ->  Seq Scan on del_nest_index del  (cost=0.00..1.37 rows=3900 width=4) (actual time=0.075..6.765 rows=3900 loops=1)
         Buffers: shared read=35
   ->  Index Scan using movie_id_movie_info on movie_info mi  (cost=0.01..27.52 rows=9 width=73) (actual time=28.349..54.000 rows=6 loops=3900)
         Index Cond: (movie_id = del.a)
         Buffers: shared hit=9313 read=18608
 Planning Time: 388.975 ms
 Execution Time: 210717.024 ms
(9 rows)

                                                                   QUERY PLAN                                                                   
------------------------------------------------------------------------------------------------------------------------------------------------
 Nested Loop  (cost=0.01..109808.58 rows=37157 width=77) (actual time=34.963..214864.836 rows=23900 loops=1)
   Buffers: shared hit=9657 read=18884
   ->  Seq Scan on del_nest_index del  (cost=0.00..1.37 rows=4000 width=4) (actual time=0.047..6.635 rows=4000 loops=1)
         Buffers: shared read=35
   ->  Index Scan using movie_id_movie_info on movie_info mi  (cost=0.01..27.45 rows=9 width=73) (actual time=28.356..53.690 rows=6 loops=4000)
         Index Cond: (movie_id = del.a)
         Buffers: shared hit=9657 read=18849
 Planning Time: 277.346 ms
 Execution Time: 214886.675 ms
(9 rows)

                                                                   QUERY PLAN                                                                   
------------------------------------------------------------------------------------------------------------------------------------------------
 Nested Loop  (cost=0.01..109808.61 rows=37157 width=77) (actual time=40.801..213176.834 rows=22992 loops=1)
   Buffers: shared hit=9495 read=18525
   ->  Seq Scan on del_nest_index del  (cost=0.00..1.41 rows=4000 width=4) (actual time=0.063..6.733 rows=4000 loops=1)
         Buffers: shared read=36
   ->  Index Scan using movie_id_movie_info on movie_info mi  (cost=0.01..27.45 rows=9 width=73) (actual time=28.555..53.270 rows=6 loops=4000)
         Index Cond: (movie_id = del.a)
         Buffers: shared hit=9495 read=18489
 Planning Time: 269.023 ms
 Execution Time: 213198.418 ms
(9 rows)

                                                                   QUERY PLAN                                                                   
------------------------------------------------------------------------------------------------------------------------------------------------
 Nested Loop  (cost=0.01..109808.61 rows=37157 width=77) (actual time=73.830..212496.817 rows=23195 loops=1)
   Buffers: shared hit=9642 read=18610
   ->  Seq Scan on del_nest_index del  (cost=0.00..1.41 rows=4000 width=4) (actual time=0.056..6.960 rows=4000 loops=1)
         Buffers: shared read=36
   ->  Index Scan using movie_id_movie_info on movie_info mi  (cost=0.01..27.45 rows=9 width=73) (actual time=28.224..53.100 rows=6 loops=4000)
         Index Cond: (movie_id = del.a)
         Buffers: shared hit=9642 read=18574
 Planning Time: 298.347 ms
 Execution Time: 212516.164 ms
(9 rows)

                                                                   QUERY PLAN                                                                   
------------------------------------------------------------------------------------------------------------------------------------------------
 Nested Loop  (cost=0.01..109808.61 rows=37157 width=77) (actual time=64.548..216024.945 rows=24653 loops=1)
   Buffers: shared hit=9600 read=19073
   ->  Seq Scan on del_nest_index del  (cost=0.00..1.41 rows=4000 width=4) (actual time=0.059..6.660 rows=4000 loops=1)
         Buffers: shared read=36
   ->  Index Scan using movie_id_movie_info on movie_info mi  (cost=0.01..27.45 rows=9 width=73) (actual time=28.327..53.981 rows=6 loops=4000)
         Index Cond: (movie_id = del.a)
         Buffers: shared hit=9600 read=19037
 Planning Time: 322.311 ms
 Execution Time: 216044.876 ms
(9 rows)

                                                                   QUERY PLAN                                                                   
------------------------------------------------------------------------------------------------------------------------------------------------
 Nested Loop  (cost=0.01..109808.61 rows=37157 width=77) (actual time=45.223..213954.517 rows=23630 loops=1)
   Buffers: shared hit=9658 read=18745
   ->  Seq Scan on del_nest_index del  (cost=0.00..1.41 rows=4000 width=4) (actual time=0.038..6.854 rows=4000 loops=1)
         Buffers: shared read=36
   ->  Index Scan using movie_id_movie_info on movie_info mi  (cost=0.01..27.45 rows=9 width=73) (actual time=28.219..53.464 rows=6 loops=4000)
         Index Cond: (movie_id = del.a)
         Buffers: shared hit=9658 read=18709
 Planning Time: 340.057 ms
 Execution Time: 213975.314 ms
(9 rows)

                                                                   QUERY PLAN                                                                   
------------------------------------------------------------------------------------------------------------------------------------------------
 Nested Loop  (cost=0.01..112289.77 rows=38086 width=77) (actual time=55.503..216028.771 rows=23206 loops=1)
   Buffers: shared hit=9848 read=18993
   ->  Seq Scan on del_nest_index del  (cost=0.00..1.41 rows=4100 width=4) (actual time=0.065..7.243 rows=4100 loops=1)
         Buffers: shared read=36
   ->  Index Scan using movie_id_movie_info on movie_info mi  (cost=0.01..27.39 rows=9 width=73) (actual time=28.050..52.665 rows=6 loops=4100)
         Index Cond: (movie_id = del.a)
         Buffers: shared hit=9848 read=18957
 Planning Time: 277.340 ms
 Execution Time: 216049.727 ms
(9 rows)

                                                                   QUERY PLAN                                                                   
------------------------------------------------------------------------------------------------------------------------------------------------
 Nested Loop  (cost=0.01..112289.80 rows=38086 width=77) (actual time=38.365..219423.325 rows=25296 loops=1)
   Buffers: shared hit=9992 read=19321
   ->  Seq Scan on del_nest_index del  (cost=0.00..1.44 rows=4100 width=4) (actual time=0.057..7.122 rows=4100 loops=1)
         Buffers: shared read=37
   ->  Index Scan using movie_id_movie_info on movie_info mi  (cost=0.01..27.39 rows=9 width=73) (actual time=28.182..53.493 rows=6 loops=4100)
         Index Cond: (movie_id = del.a)
         Buffers: shared hit=9992 read=19284
 Planning Time: 252.347 ms
 Execution Time: 219445.350 ms
(9 rows)

                                                                   QUERY PLAN                                                                   
------------------------------------------------------------------------------------------------------------------------------------------------
 Nested Loop  (cost=0.01..112289.80 rows=38086 width=77) (actual time=142.451..216570.772 rows=24090 loops=1)
   Buffers: shared hit=9854 read=18922
   ->  Seq Scan on del_nest_index del  (cost=0.00..1.44 rows=4100 width=4) (actual time=0.054..6.886 rows=4100 loops=1)
         Buffers: shared read=37
   ->  Index Scan using movie_id_movie_info on movie_info mi  (cost=0.01..27.39 rows=9 width=73) (actual time=28.260..52.798 rows=6 loops=4100)
         Index Cond: (movie_id = del.a)
         Buffers: shared hit=9854 read=18885
 Planning Time: 314.372 ms
 Execution Time: 216591.888 ms
(9 rows)

                                                                   QUERY PLAN                                                                   
------------------------------------------------------------------------------------------------------------------------------------------------
 Nested Loop  (cost=0.01..112289.80 rows=38086 width=77) (actual time=87.794..215731.487 rows=24655 loops=1)
   Buffers: shared hit=9876 read=18943
   ->  Seq Scan on del_nest_index del  (cost=0.00..1.44 rows=4100 width=4) (actual time=0.064..7.110 rows=4100 loops=1)
         Buffers: shared read=37
   ->  Index Scan using movie_id_movie_info on movie_info mi  (cost=0.01..27.39 rows=9 width=73) (actual time=28.359..52.593 rows=6 loops=4100)
         Index Cond: (movie_id = del.a)
         Buffers: shared hit=9876 read=18906
 Planning Time: 319.012 ms
 Execution Time: 215752.336 ms
(9 rows)

                                                                   QUERY PLAN                                                                   
------------------------------------------------------------------------------------------------------------------------------------------------
 Nested Loop  (cost=0.01..112289.80 rows=38086 width=77) (actual time=80.222..216044.852 rows=23177 loops=1)
   Buffers: shared hit=9852 read=18812
   ->  Seq Scan on del_nest_index del  (cost=0.00..1.44 rows=4100 width=4) (actual time=0.064..7.721 rows=4100 loops=1)
         Buffers: shared read=37
   ->  Index Scan using movie_id_movie_info on movie_info mi  (cost=0.01..27.39 rows=9 width=73) (actual time=28.397..52.669 rows=6 loops=4100)
         Index Cond: (movie_id = del.a)
         Buffers: shared hit=9852 read=18775
 Planning Time: 252.366 ms
 Execution Time: 216065.565 ms
(9 rows)

                                                                   QUERY PLAN                                                                   
------------------------------------------------------------------------------------------------------------------------------------------------
 Nested Loop  (cost=0.01..114758.87 rows=39015 width=77) (actual time=64.630..225316.270 rows=23919 loops=1)
   Buffers: shared hit=10241 read=19721
   ->  Seq Scan on del_nest_index del  (cost=0.00..1.45 rows=4200 width=4) (actual time=0.062..7.225 rows=4200 loops=1)
         Buffers: shared read=37
   ->  Index Scan using movie_id_movie_info on movie_info mi  (cost=0.01..27.32 rows=9 width=73) (actual time=28.455..53.623 rows=6 loops=4200)
         Index Cond: (movie_id = del.a)
         Buffers: shared hit=10241 read=19684
 Planning Time: 285.672 ms
 Execution Time: 225338.140 ms
(9 rows)

                                                                   QUERY PLAN                                                                   
------------------------------------------------------------------------------------------------------------------------------------------------
 Nested Loop  (cost=0.01..114758.90 rows=39015 width=77) (actual time=71.676..221477.000 rows=23795 loops=1)
   Buffers: shared hit=10127 read=19367
   ->  Seq Scan on del_nest_index del  (cost=0.00..1.48 rows=4200 width=4) (actual time=0.062..7.058 rows=4200 loops=1)
         Buffers: shared read=38
   ->  Index Scan using movie_id_movie_info on movie_info mi  (cost=0.01..27.32 rows=9 width=73) (actual time=28.054..52.709 rows=6 loops=4200)
         Index Cond: (movie_id = del.a)
         Buffers: shared hit=10127 read=19329
 Planning Time: 360.660 ms
 Execution Time: 221499.116 ms
(9 rows)

                                                                   QUERY PLAN                                                                   
------------------------------------------------------------------------------------------------------------------------------------------------
 Nested Loop  (cost=0.01..114758.90 rows=39015 width=77) (actual time=72.336..224747.986 rows=24998 loops=1)
   Buffers: shared hit=10153 read=19673
   ->  Seq Scan on del_nest_index del  (cost=0.00..1.48 rows=4200 width=4) (actual time=0.062..7.454 rows=4200 loops=1)
         Buffers: shared read=38
   ->  Index Scan using movie_id_movie_info on movie_info mi  (cost=0.01..27.32 rows=9 width=73) (actual time=28.514..53.487 rows=6 loops=4200)
         Index Cond: (movie_id = del.a)
         Buffers: shared hit=10153 read=19635
 Planning Time: 306.722 ms
 Execution Time: 224768.416 ms
(9 rows)

                                                                   QUERY PLAN                                                                   
------------------------------------------------------------------------------------------------------------------------------------------------
 Nested Loop  (cost=0.01..114758.90 rows=39015 width=77) (actual time=74.344..221293.095 rows=23338 loops=1)
   Buffers: shared hit=10250 read=19255
   ->  Seq Scan on del_nest_index del  (cost=0.00..1.48 rows=4200 width=4) (actual time=0.055..7.240 rows=4200 loops=1)
         Buffers: shared read=38
   ->  Index Scan using movie_id_movie_info on movie_info mi  (cost=0.01..27.32 rows=9 width=73) (actual time=28.202..52.665 rows=6 loops=4200)
         Index Cond: (movie_id = del.a)
         Buffers: shared hit=10250 read=19217
 Planning Time: 438.972 ms
 Execution Time: 221313.641 ms
(9 rows)

                                                                   QUERY PLAN                                                                   
------------------------------------------------------------------------------------------------------------------------------------------------
 Nested Loop  (cost=0.01..114758.90 rows=39015 width=77) (actual time=72.281..225710.896 rows=25599 loops=1)
   Buffers: shared hit=10153 read=19743
   ->  Seq Scan on del_nest_index del  (cost=0.00..1.48 rows=4200 width=4) (actual time=0.030..7.245 rows=4200 loops=1)
         Buffers: shared read=38
   ->  Index Scan using movie_id_movie_info on movie_info mi  (cost=0.01..27.32 rows=9 width=73) (actual time=28.627..53.716 rows=6 loops=4200)
         Index Cond: (movie_id = del.a)
         Buffers: shared hit=10153 read=19705
 Planning Time: 264.208 ms
 Execution Time: 225732.225 ms
(9 rows)

                                                                   QUERY PLAN                                                                   
------------------------------------------------------------------------------------------------------------------------------------------------
 Nested Loop  (cost=0.01..117218.90 rows=39944 width=77) (actual time=78.067..231690.289 rows=26605 loops=1)
   Buffers: shared hit=10407 read=20406
   ->  Seq Scan on del_nest_index del  (cost=0.00..1.49 rows=4300 width=4) (actual time=0.062..7.079 rows=4300 loops=1)
         Buffers: shared read=38
   ->  Index Scan using movie_id_movie_info on movie_info mi  (cost=0.01..27.26 rows=9 width=73) (actual time=28.400..53.856 rows=6 loops=4300)
         Index Cond: (movie_id = del.a)
         Buffers: shared hit=10407 read=20368
 Planning Time: 244.015 ms
 Execution Time: 231714.845 ms
(9 rows)

                                                                   QUERY PLAN                                                                   
------------------------------------------------------------------------------------------------------------------------------------------------
 Nested Loop  (cost=0.01..117218.93 rows=39944 width=77) (actual time=79.914..229328.916 rows=25684 loops=1)
   Buffers: shared hit=10311 read=20135
   ->  Seq Scan on del_nest_index del  (cost=0.00..1.52 rows=4300 width=4) (actual time=0.045..6.916 rows=4300 loops=1)
         Buffers: shared read=39
   ->  Index Scan using movie_id_movie_info on movie_info mi  (cost=0.01..27.26 rows=9 width=73) (actual time=28.416..53.307 rows=6 loops=4300)
         Index Cond: (movie_id = del.a)
         Buffers: shared hit=10311 read=20096
 Planning Time: 260.695 ms
 Execution Time: 229350.787 ms
(9 rows)

                                                                   QUERY PLAN                                                                   
------------------------------------------------------------------------------------------------------------------------------------------------
 Nested Loop  (cost=0.01..117218.93 rows=39944 width=77) (actual time=67.000..225247.570 rows=25947 loops=1)
   Buffers: shared hit=10426 read=19741
   ->  Seq Scan on del_nest_index del  (cost=0.00..1.52 rows=4300 width=4) (actual time=0.042..7.231 rows=4300 loops=1)
         Buffers: shared read=39
   ->  Index Scan using movie_id_movie_info on movie_info mi  (cost=0.01..27.26 rows=9 width=73) (actual time=27.920..52.359 rows=6 loops=4300)
         Index Cond: (movie_id = del.a)
         Buffers: shared hit=10426 read=19702
 Planning Time: 269.014 ms
 Execution Time: 225270.073 ms
(9 rows)

                                                                   QUERY PLAN                                                                   
------------------------------------------------------------------------------------------------------------------------------------------------
 Nested Loop  (cost=0.01..117218.93 rows=39944 width=77) (actual time=76.492..227416.696 rows=25589 loops=1)
   Buffers: shared hit=10529 read=19811
   ->  Seq Scan on del_nest_index del  (cost=0.00..1.52 rows=4300 width=4) (actual time=0.058..7.217 rows=4300 loops=1)
         Buffers: shared read=39
   ->  Index Scan using movie_id_movie_info on movie_info mi  (cost=0.01..27.26 rows=9 width=73) (actual time=28.234..52.863 rows=6 loops=4300)
         Index Cond: (movie_id = del.a)
         Buffers: shared hit=10529 read=19772
 Planning Time: 364.371 ms
 Execution Time: 227438.691 ms
(9 rows)

                                                                   QUERY PLAN                                                                   
------------------------------------------------------------------------------------------------------------------------------------------------
 Nested Loop  (cost=0.01..117218.93 rows=39944 width=77) (actual time=66.081..229097.667 rows=26052 loops=1)
   Buffers: shared hit=10543 read=19967
   ->  Seq Scan on del_nest_index del  (cost=0.00..1.52 rows=4300 width=4) (actual time=0.045..7.166 rows=4300 loops=1)
         Buffers: shared read=39
   ->  Index Scan using movie_id_movie_info on movie_info mi  (cost=0.01..27.26 rows=9 width=73) (actual time=28.396..53.253 rows=6 loops=4300)
         Index Cond: (movie_id = del.a)
         Buffers: shared hit=10543 read=19928
 Planning Time: 277.346 ms
 Execution Time: 229120.416 ms
(9 rows)

                                                                   QUERY PLAN                                                                   
------------------------------------------------------------------------------------------------------------------------------------------------
 Nested Loop  (cost=0.01..119663.82 rows=40873 width=77) (actual time=70.161..232019.214 rows=26719 loops=1)
   Buffers: shared hit=10707 read=20555
   ->  Seq Scan on del_nest_index del  (cost=0.00..1.53 rows=4400 width=4) (actual time=0.061..7.298 rows=4400 loops=1)
         Buffers: shared read=39
   ->  Index Scan using movie_id_movie_info on movie_info mi  (cost=0.01..27.20 rows=9 width=73) (actual time=27.920..52.707 rows=6 loops=4400)
         Index Cond: (movie_id = del.a)
         Buffers: shared hit=10707 read=20516
 Planning Time: 285.670 ms
 Execution Time: 232044.206 ms
(9 rows)

                                                                   QUERY PLAN                                                                   
------------------------------------------------------------------------------------------------------------------------------------------------
 Nested Loop  (cost=0.01..119663.82 rows=40873 width=77) (actual time=72.237..231093.743 rows=25104 loops=1)
   Buffers: shared hit=10767 read=20294
   ->  Seq Scan on del_nest_index del  (cost=0.00..1.53 rows=4400 width=4) (actual time=0.058..7.881 rows=4400 loops=1)
         Buffers: shared read=39
   ->  Index Scan using movie_id_movie_info on movie_info mi  (cost=0.01..27.20 rows=9 width=73) (actual time=27.905..52.497 rows=6 loops=4400)
         Index Cond: (movie_id = del.a)
         Buffers: shared hit=10767 read=20255
 Planning Time: 273.369 ms
 Execution Time: 231116.346 ms
(9 rows)

                                                                   QUERY PLAN                                                                   
------------------------------------------------------------------------------------------------------------------------------------------------
 Nested Loop  (cost=0.01..119663.82 rows=40873 width=77) (actual time=75.899..230292.054 rows=26275 loops=1)
   Buffers: shared hit=10844 read=20166
   ->  Seq Scan on del_nest_index del  (cost=0.00..1.53 rows=4400 width=4) (actual time=0.057..7.469 rows=4400 loops=1)
         Buffers: shared read=39
   ->  Index Scan using movie_id_movie_info on movie_info mi  (cost=0.01..27.20 rows=9 width=73) (actual time=27.894..52.314 rows=6 loops=4400)
         Index Cond: (movie_id = del.a)
         Buffers: shared hit=10844 read=20127
 Planning Time: 298.385 ms
 Execution Time: 230316.229 ms
(9 rows)

                                                                   QUERY PLAN                                                                   
------------------------------------------------------------------------------------------------------------------------------------------------
 Nested Loop  (cost=0.01..119663.82 rows=40873 width=77) (actual time=52.437..225251.913 rows=25089 loops=1)
   Buffers: shared hit=10800 read=19874
   ->  Seq Scan on del_nest_index del  (cost=0.00..1.53 rows=4400 width=4) (actual time=0.062..7.194 rows=4400 loops=1)
         Buffers: shared read=39
   ->  Index Scan using movie_id_movie_info on movie_info mi  (cost=0.01..27.20 rows=9 width=73) (actual time=27.346..51.170 rows=6 loops=4400)
         Index Cond: (movie_id = del.a)
         Buffers: shared hit=10800 read=19835
 Planning Time: 265.018 ms
 Execution Time: 225273.842 ms
(9 rows)

                                                                   QUERY PLAN                                                                   
------------------------------------------------------------------------------------------------------------------------------------------------
 Nested Loop  (cost=0.01..119663.82 rows=40873 width=77) (actual time=47.397..231606.226 rows=24507 loops=1)
   Buffers: shared hit=10652 read=20162
   ->  Seq Scan on del_nest_index del  (cost=0.00..1.53 rows=4400 width=4) (actual time=0.071..7.472 rows=4400 loops=1)
         Buffers: shared read=39
   ->  Index Scan using movie_id_movie_info on movie_info mi  (cost=0.01..27.20 rows=9 width=73) (actual time=28.159..52.614 rows=6 loops=4400)
         Index Cond: (movie_id = del.a)
         Buffers: shared hit=10652 read=20123
 Planning Time: 277.335 ms
 Execution Time: 231628.665 ms
(9 rows)

                                                                   QUERY PLAN                                                                   
------------------------------------------------------------------------------------------------------------------------------------------------
 Nested Loop  (cost=0.01..122099.63 rows=41802 width=77) (actual time=47.651..235784.074 rows=25223 loops=1)
   Buffers: shared hit=10993 read=20341
   ->  Seq Scan on del_nest_index del  (cost=0.00..1.57 rows=4500 width=4) (actual time=0.048..7.799 rows=4500 loops=1)
         Buffers: shared read=40
   ->  Index Scan using movie_id_movie_info on movie_info mi  (cost=0.01..27.13 rows=9 width=73) (actual time=27.981..52.373 rows=6 loops=4500)
         Index Cond: (movie_id = del.a)
         Buffers: shared hit=10993 read=20301
 Planning Time: 260.689 ms
 Execution Time: 235806.553 ms
(9 rows)

                                                                   QUERY PLAN                                                                   
------------------------------------------------------------------------------------------------------------------------------------------------
 Nested Loop  (cost=0.01..122099.63 rows=41802 width=77) (actual time=44.099..234124.488 rows=25568 loops=1)
   Buffers: shared hit=11090 read=20537
   ->  Seq Scan on del_nest_index del  (cost=0.00..1.57 rows=4500 width=4) (actual time=0.055..8.019 rows=4500 loops=1)
         Buffers: shared read=40
   ->  Index Scan using movie_id_movie_info on movie_info mi  (cost=0.01..27.13 rows=9 width=73) (actual time=27.797..52.004 rows=6 loops=4500)
         Index Cond: (movie_id = del.a)
         Buffers: shared hit=11090 read=20497
 Planning Time: 273.102 ms
 Execution Time: 234146.490 ms
(9 rows)

                                                                   QUERY PLAN                                                                   
------------------------------------------------------------------------------------------------------------------------------------------------
 Nested Loop  (cost=0.01..122099.63 rows=41802 width=77) (actual time=48.026..239371.114 rows=26848 loops=1)
   Buffers: shared hit=11065 read=21096
   ->  Seq Scan on del_nest_index del  (cost=0.00..1.57 rows=4500 width=4) (actual time=0.064..8.307 rows=4500 loops=1)
         Buffers: shared read=40
   ->  Index Scan using movie_id_movie_info on movie_info mi  (cost=0.01..27.13 rows=9 width=73) (actual time=27.918..53.169 rows=6 loops=4500)
         Index Cond: (movie_id = del.a)
         Buffers: shared hit=11065 read=21056
 Planning Time: 394.011 ms
 Execution Time: 239394.582 ms
(9 rows)

                                                                   QUERY PLAN                                                                   
------------------------------------------------------------------------------------------------------------------------------------------------
 Nested Loop  (cost=0.01..122099.63 rows=41802 width=77) (actual time=86.375..239660.165 rows=26863 loops=1)
   Buffers: shared hit=11040 read=20957
   ->  Seq Scan on del_nest_index del  (cost=0.00..1.57 rows=4500 width=4) (actual time=0.032..7.616 rows=4500 loops=1)
         Buffers: shared read=40
   ->  Index Scan using movie_id_movie_info on movie_info mi  (cost=0.01..27.13 rows=9 width=73) (actual time=28.305..53.234 rows=6 loops=4500)
         Index Cond: (movie_id = del.a)
         Buffers: shared hit=11040 read=20917
 Planning Time: 472.683 ms
 Execution Time: 239682.470 ms
(9 rows)

                                                                   QUERY PLAN                                                                   
------------------------------------------------------------------------------------------------------------------------------------------------
 Nested Loop  (cost=0.01..122099.63 rows=41802 width=77) (actual time=50.066..237560.166 rows=26067 loops=1)
   Buffers: shared hit=11009 read=20711
   ->  Seq Scan on del_nest_index del  (cost=0.00..1.57 rows=4500 width=4) (actual time=0.054..7.907 rows=4500 loops=1)
         Buffers: shared read=40
   ->  Index Scan using movie_id_movie_info on movie_info mi  (cost=0.01..27.13 rows=9 width=73) (actual time=28.194..52.767 rows=6 loops=4500)
         Index Cond: (movie_id = del.a)
         Buffers: shared hit=11009 read=20671
 Planning Time: 256.684 ms
 Execution Time: 237583.095 ms
(9 rows)

                                                                   QUERY PLAN                                                                   
------------------------------------------------------------------------------------------------------------------------------------------------
 Nested Loop  (cost=0.01..124520.30 rows=42731 width=77) (actual time=49.790..239468.840 rows=25381 loops=1)
   Buffers: shared hit=11324 read=20940
   ->  Seq Scan on del_nest_index del  (cost=0.00..1.60 rows=4600 width=4) (actual time=0.062..8.396 rows=4600 loops=1)
         Buffers: shared read=41
   ->  Index Scan using movie_id_movie_info on movie_info mi  (cost=0.01..27.07 rows=9 width=73) (actual time=27.764..52.034 rows=6 loops=4600)
         Index Cond: (movie_id = del.a)
         Buffers: shared hit=11324 read=20899
 Planning Time: 277.349 ms
 Execution Time: 239492.904 ms
(9 rows)

                                                                   QUERY PLAN                                                                   
------------------------------------------------------------------------------------------------------------------------------------------------
 Nested Loop  (cost=0.01..124520.30 rows=42731 width=77) (actual time=50.485..238753.981 rows=25319 loops=1)
   Buffers: shared hit=11326 read=20801
   ->  Seq Scan on del_nest_index del  (cost=0.00..1.60 rows=4600 width=4) (actual time=0.054..8.104 rows=4600 loops=1)
         Buffers: shared read=41
   ->  Index Scan using movie_id_movie_info on movie_info mi  (cost=0.01..27.07 rows=9 width=73) (actual time=27.784..51.879 rows=6 loops=4600)
         Index Cond: (movie_id = del.a)
         Buffers: shared hit=11326 read=20760
 Planning Time: 256.677 ms
 Execution Time: 238777.466 ms
(9 rows)

                                                                   QUERY PLAN                                                                   
------------------------------------------------------------------------------------------------------------------------------------------------
 Nested Loop  (cost=0.01..124520.30 rows=42731 width=77) (actual time=51.609..241965.937 rows=28643 loops=1)
   Buffers: shared hit=11276 read=21199
   ->  Seq Scan on del_nest_index del  (cost=0.00..1.60 rows=4600 width=4) (actual time=0.054..8.008 rows=4600 loops=1)
         Buffers: shared read=41
   ->  Index Scan using movie_id_movie_info on movie_info mi  (cost=0.01..27.07 rows=9 width=73) (actual time=27.828..52.578 rows=6 loops=4600)
         Index Cond: (movie_id = del.a)
         Buffers: shared hit=11276 read=21158
 Planning Time: 315.043 ms
 Execution Time: 241989.802 ms
(9 rows)

                                                                   QUERY PLAN                                                                   
------------------------------------------------------------------------------------------------------------------------------------------------
 Nested Loop  (cost=0.01..124520.30 rows=42731 width=77) (actual time=45.661..244372.742 rows=27494 loops=1)
   Buffers: shared hit=11339 read=21390
   ->  Seq Scan on del_nest_index del  (cost=0.00..1.60 rows=4600 width=4) (actual time=0.055..7.711 rows=4600 loops=1)
         Buffers: shared read=41
   ->  Index Scan using movie_id_movie_info on movie_info mi  (cost=0.01..27.07 rows=9 width=73) (actual time=27.965..53.100 rows=6 loops=4600)
         Index Cond: (movie_id = del.a)
         Buffers: shared hit=11339 read=21349
 Planning Time: 389.899 ms
 Execution Time: 244395.374 ms
(9 rows)

                                                                   QUERY PLAN                                                                   
------------------------------------------------------------------------------------------------------------------------------------------------
 Nested Loop  (cost=0.01..124520.30 rows=42731 width=77) (actual time=111.171..242436.887 rows=26401 loops=1)
   Buffers: shared hit=11446 read=21179
   ->  Seq Scan on del_nest_index del  (cost=0.00..1.60 rows=4600 width=4) (actual time=0.040..7.839 rows=4600 loops=1)
         Buffers: shared read=41
   ->  Index Scan using movie_id_movie_info on movie_info mi  (cost=0.01..27.07 rows=9 width=73) (actual time=27.835..52.680 rows=6 loops=4600)
         Index Cond: (movie_id = del.a)
         Buffers: shared hit=11446 read=21138
 Planning Time: 315.050 ms
 Execution Time: 242459.175 ms
(9 rows)

                                                                   QUERY PLAN                                                                   
------------------------------------------------------------------------------------------------------------------------------------------------
 Nested Loop  (cost=0.01..126934.95 rows=43660 width=77) (actual time=42.796..243544.909 rows=27208 loops=1)
   Buffers: shared hit=11621 read=21395
   ->  Seq Scan on del_nest_index del  (cost=0.00..1.64 rows=4700 width=4) (actual time=0.065..8.247 rows=4700 loops=1)
         Buffers: shared read=42
   ->  Index Scan using movie_id_movie_info on movie_info mi  (cost=0.01..27.01 rows=9 width=73) (actual time=27.573..51.795 rows=6 loops=4700)
         Index Cond: (movie_id = del.a)
         Buffers: shared hit=11621 read=21353
 Planning Time: 310.672 ms
 Execution Time: 243569.152 ms
(9 rows)

                                                                   QUERY PLAN                                                                   
------------------------------------------------------------------------------------------------------------------------------------------------
 Nested Loop  (cost=0.01..126934.95 rows=43660 width=77) (actual time=49.475..243097.095 rows=28301 loops=1)
   Buffers: shared hit=11677 read=21385
   ->  Seq Scan on del_nest_index del  (cost=0.00..1.64 rows=4700 width=4) (actual time=0.066..8.054 rows=4700 loops=1)
         Buffers: shared read=42
   ->  Index Scan using movie_id_movie_info on movie_info mi  (cost=0.01..27.01 rows=9 width=73) (actual time=27.435..51.698 rows=6 loops=4700)
         Index Cond: (movie_id = del.a)
         Buffers: shared hit=11677 read=21343
 Planning Time: 277.340 ms
 Execution Time: 243123.117 ms
(9 rows)

                                                                   QUERY PLAN                                                                   
------------------------------------------------------------------------------------------------------------------------------------------------
 Nested Loop  (cost=0.01..126934.95 rows=43660 width=77) (actual time=55.516..245919.724 rows=27817 loops=1)
   Buffers: shared hit=11603 read=21631
   ->  Seq Scan on del_nest_index del  (cost=0.00..1.64 rows=4700 width=4) (actual time=0.063..7.575 rows=4700 loops=1)
         Buffers: shared read=42
   ->  Index Scan using movie_id_movie_info on movie_info mi  (cost=0.01..27.01 rows=9 width=73) (actual time=27.766..52.300 rows=6 loops=4700)
         Index Cond: (movie_id = del.a)
         Buffers: shared hit=11603 read=21589
 Planning Time: 269.009 ms
 Execution Time: 245943.327 ms
(9 rows)

                                                                   QUERY PLAN                                                                   
------------------------------------------------------------------------------------------------------------------------------------------------
 Nested Loop  (cost=0.01..126934.95 rows=43660 width=77) (actual time=53.058..246441.232 rows=27586 loops=1)
   Buffers: shared hit=11716 read=21652
   ->  Seq Scan on del_nest_index del  (cost=0.00..1.64 rows=4700 width=4) (actual time=0.069..7.852 rows=4700 loops=1)
         Buffers: shared read=42
   ->  Index Scan using movie_id_movie_info on movie_info mi  (cost=0.01..27.01 rows=9 width=73) (actual time=27.520..52.410 rows=6 loops=4700)
         Index Cond: (movie_id = del.a)
         Buffers: shared hit=11716 read=21610
 Planning Time: 268.985 ms
 Execution Time: 246465.613 ms
(9 rows)

                                                                   QUERY PLAN                                                                   
------------------------------------------------------------------------------------------------------------------------------------------------
 Nested Loop  (cost=0.01..126934.95 rows=43660 width=77) (actual time=48.843..247620.724 rows=29231 loops=1)
   Buffers: shared hit=11583 read=21726
   ->  Seq Scan on del_nest_index del  (cost=0.00..1.64 rows=4700 width=4) (actual time=0.066..7.834 rows=4700 loops=1)
         Buffers: shared read=42
   ->  Index Scan using movie_id_movie_info on movie_info mi  (cost=0.01..27.01 rows=9 width=73) (actual time=27.731..52.661 rows=6 loops=4700)
         Index Cond: (movie_id = del.a)
         Buffers: shared hit=11583 read=21684
 Planning Time: 398.350 ms
 Execution Time: 247643.614 ms
(9 rows)

                                                                   QUERY PLAN                                                                   
------------------------------------------------------------------------------------------------------------------------------------------------
 Nested Loop  (cost=0.01..129334.46 rows=44589 width=77) (actual time=47.333..249494.127 rows=26859 loops=1)
   Buffers: shared hit=11987 read=21702
   ->  Seq Scan on del_nest_index del  (cost=0.00..1.68 rows=4800 width=4) (actual time=0.057..7.836 rows=4800 loops=1)
         Buffers: shared read=43
   ->  Index Scan using movie_id_movie_info on movie_info mi  (cost=0.01..26.94 rows=9 width=73) (actual time=27.762..51.955 rows=6 loops=4800)
         Index Cond: (movie_id = del.a)
         Buffers: shared hit=11987 read=21659
 Planning Time: 306.665 ms
 Execution Time: 249517.401 ms
(9 rows)

                                                                   QUERY PLAN                                                                   
------------------------------------------------------------------------------------------------------------------------------------------------
 Nested Loop  (cost=0.01..129334.46 rows=44589 width=77) (actual time=39.760..293348.496 rows=28057 loops=1)
   Buffers: shared hit=11932 read=22031
   ->  Seq Scan on del_nest_index del  (cost=0.00..1.68 rows=4800 width=4) (actual time=0.066..7.998 rows=4800 loops=1)
         Buffers: shared read=43
   ->  Index Scan using movie_id_movie_info on movie_info mi  (cost=0.01..26.94 rows=9 width=73) (actual time=30.783..61.091 rows=6 loops=4800)
         Index Cond: (movie_id = del.a)
         Buffers: shared hit=11932 read=21988
 Planning Time: 352.344 ms
 Execution Time: 293498.306 ms
(9 rows)

                                                                   QUERY PLAN                                                                   
------------------------------------------------------------------------------------------------------------------------------------------------
 Nested Loop  (cost=0.01..129334.46 rows=44589 width=77) (actual time=52.999..250986.458 rows=28023 loops=1)
   Buffers: shared hit=11951 read=21847
   ->  Seq Scan on del_nest_index del  (cost=0.00..1.68 rows=4800 width=4) (actual time=0.063..8.018 rows=4800 loops=1)
         Buffers: shared read=43
   ->  Index Scan using movie_id_movie_info on movie_info mi  (cost=0.01..26.94 rows=9 width=73) (actual time=27.592..52.265 rows=6 loops=4800)
         Index Cond: (movie_id = del.a)
         Buffers: shared hit=11951 read=21804
 Planning Time: 269.005 ms
 Execution Time: 251010.546 ms
(9 rows)

                                                                   QUERY PLAN                                                                   
------------------------------------------------------------------------------------------------------------------------------------------------
 Nested Loop  (cost=0.01..129334.46 rows=44589 width=77) (actual time=42.055..251506.152 rows=28418 loops=1)
   Buffers: shared hit=12020 read=21923
   ->  Seq Scan on del_nest_index del  (cost=0.00..1.68 rows=4800 width=4) (actual time=0.063..7.952 rows=4800 loops=1)
         Buffers: shared read=43
   ->  Index Scan using movie_id_movie_info on movie_info mi  (cost=0.01..26.94 rows=9 width=73) (actual time=27.710..52.374 rows=6 loops=4800)
         Index Cond: (movie_id = del.a)
         Buffers: shared hit=12020 read=21880
 Planning Time: 294.010 ms
 Execution Time: 251530.670 ms
(9 rows)

                                                                   QUERY PLAN                                                                   
------------------------------------------------------------------------------------------------------------------------------------------------
 Nested Loop  (cost=0.01..129334.46 rows=44589 width=77) (actual time=33.766..248902.416 rows=27834 loops=1)
   Buffers: shared hit=11993 read=21738
   ->  Seq Scan on del_nest_index del  (cost=0.00..1.68 rows=4800 width=4) (actual time=0.064..8.067 rows=4800 loops=1)
         Buffers: shared read=43
   ->  Index Scan using movie_id_movie_info on movie_info mi  (cost=0.01..26.94 rows=9 width=73) (actual time=27.447..51.831 rows=6 loops=4800)
         Index Cond: (movie_id = del.a)
         Buffers: shared hit=11993 read=21695
 Planning Time: 302.347 ms
 Execution Time: 248927.079 ms
(9 rows)

                                                                   QUERY PLAN                                                                   
------------------------------------------------------------------------------------------------------------------------------------------------
 Nested Loop  (cost=0.01..131724.86 rows=45518 width=77) (actual time=101.098..282717.553 rows=28932 loops=1)
   Buffers: shared hit=12358 read=22539
   ->  Seq Scan on del_nest_index del  (cost=0.00..1.69 rows=4900 width=4) (actual time=0.044..8.775 rows=4900 loops=1)
         Buffers: shared read=43
   ->  Index Scan using movie_id_movie_info on movie_info mi  (cost=0.01..26.88 rows=9 width=73) (actual time=30.029..57.674 rows=6 loops=4900)
         Index Cond: (movie_id = del.a)
         Buffers: shared hit=12358 read=22496
 Planning Time: 685.708 ms
 Execution Time: 282766.594 ms
(9 rows)

                                                                   QUERY PLAN                                                                   
------------------------------------------------------------------------------------------------------------------------------------------------
 Nested Loop  (cost=0.01..131724.89 rows=45518 width=77) (actual time=53.859..256481.662 rows=27924 loops=1)
   Buffers: shared hit=12203 read=22396
   ->  Seq Scan on del_nest_index del  (cost=0.00..1.72 rows=4900 width=4) (actual time=0.063..8.304 rows=4900 loops=1)
         Buffers: shared read=44
   ->  Index Scan using movie_id_movie_info on movie_info mi  (cost=0.01..26.88 rows=9 width=73) (actual time=27.804..52.320 rows=6 loops=4900)
         Index Cond: (movie_id = del.a)
         Buffers: shared hit=12203 read=22352
 Planning Time: 277.340 ms
 Execution Time: 256508.355 ms
(9 rows)

                                                                   QUERY PLAN                                                                   
------------------------------------------------------------------------------------------------------------------------------------------------
 Nested Loop  (cost=0.01..131724.89 rows=45518 width=77) (actual time=47.552..255597.971 rows=27800 loops=1)
   Buffers: shared hit=12203 read=22231
   ->  Seq Scan on del_nest_index del  (cost=0.00..1.72 rows=4900 width=4) (actual time=0.051..8.334 rows=4900 loops=1)
         Buffers: shared read=44
   ->  Index Scan using movie_id_movie_info on movie_info mi  (cost=0.01..26.88 rows=9 width=73) (actual time=27.730..52.140 rows=6 loops=4900)
         Index Cond: (movie_id = del.a)
         Buffers: shared hit=12203 read=22187
 Planning Time: 452.329 ms
 Execution Time: 255639.010 ms
(9 rows)

                                                                   QUERY PLAN                                                                   
------------------------------------------------------------------------------------------------------------------------------------------------
 Nested Loop  (cost=0.01..131724.89 rows=45518 width=77) (actual time=46.166..250041.307 rows=26598 loops=1)
   Buffers: shared hit=12220 read=21748
   ->  Seq Scan on del_nest_index del  (cost=0.00..1.72 rows=4900 width=4) (actual time=0.064..8.222 rows=4900 loops=1)
         Buffers: shared read=44
   ->  Index Scan using movie_id_movie_info on movie_info mi  (cost=0.01..26.88 rows=9 width=73) (actual time=27.425..51.005 rows=5 loops=4900)
         Index Cond: (movie_id = del.a)
         Buffers: shared hit=12220 read=21704
 Planning Time: 269.008 ms
 Execution Time: 250065.774 ms
(9 rows)

                                                                   QUERY PLAN                                                                   
------------------------------------------------------------------------------------------------------------------------------------------------
 Nested Loop  (cost=0.01..131724.89 rows=45518 width=77) (actual time=40.215..257536.094 rows=29741 loops=1)
   Buffers: shared hit=12247 read=22657
   ->  Seq Scan on del_nest_index del  (cost=0.00..1.72 rows=4900 width=4) (actual time=0.062..8.429 rows=4900 loops=1)
         Buffers: shared read=44
   ->  Index Scan using movie_id_movie_info on movie_info mi  (cost=0.01..26.88 rows=9 width=73) (actual time=27.711..52.534 rows=6 loops=4900)
         Index Cond: (movie_id = del.a)
         Buffers: shared hit=12247 read=22613
 Planning Time: 260.701 ms
 Execution Time: 257561.977 ms
(9 rows)

                                                                   QUERY PLAN                                                                   
------------------------------------------------------------------------------------------------------------------------------------------------
 Nested Loop  (cost=0.01..134103.21 rows=46446 width=77) (actual time=39.697..260730.744 rows=29081 loops=1)
   Buffers: shared hit=12538 read=22797
   ->  Seq Scan on del_nest_index del  (cost=0.00..1.73 rows=5000 width=4) (actual time=0.062..8.342 rows=5000 loops=1)
         Buffers: shared read=44
   ->  Index Scan using movie_id_movie_info on movie_info mi  (cost=0.01..26.82 rows=9 width=73) (actual time=27.685..52.122 rows=6 loops=5000)
         Index Cond: (movie_id = del.a)
         Buffers: shared hit=12538 read=22753
 Planning Time: 360.670 ms
 Execution Time: 260756.907 ms
(9 rows)

                                                                   QUERY PLAN                                                                   
------------------------------------------------------------------------------------------------------------------------------------------------
 Nested Loop  (cost=0.01..134103.24 rows=46446 width=77) (actual time=37.054..260816.430 rows=28805 loops=1)
   Buffers: shared hit=12326 read=22870
   ->  Seq Scan on del_nest_index del  (cost=0.00..1.76 rows=5000 width=4) (actual time=0.061..8.418 rows=5000 loops=1)
         Buffers: shared read=45
   ->  Index Scan using movie_id_movie_info on movie_info mi  (cost=0.01..26.82 rows=9 width=73) (actual time=27.826..52.139 rows=6 loops=5000)
         Index Cond: (movie_id = del.a)
         Buffers: shared hit=12326 read=22825
 Planning Time: 343.993 ms
 Execution Time: 260844.215 ms
(9 rows)

                                                                   QUERY PLAN                                                                   
------------------------------------------------------------------------------------------------------------------------------------------------
 Nested Loop  (cost=0.01..134103.24 rows=46446 width=77) (actual time=42.261..260417.395 rows=30216 loops=1)
   Buffers: shared hit=12440 read=22831
   ->  Seq Scan on del_nest_index del  (cost=0.00..1.76 rows=5000 width=4) (actual time=0.064..8.058 rows=5000 loops=1)
         Buffers: shared read=45
   ->  Index Scan using movie_id_movie_info on movie_info mi  (cost=0.01..26.82 rows=9 width=73) (actual time=27.766..52.060 rows=6 loops=5000)
         Index Cond: (movie_id = del.a)
         Buffers: shared hit=12440 read=22786
 Planning Time: 394.049 ms
 Execution Time: 260443.140 ms
(9 rows)

                                                                   QUERY PLAN                                                                   
------------------------------------------------------------------------------------------------------------------------------------------------
 Nested Loop  (cost=0.01..134103.24 rows=46446 width=77) (actual time=42.185..259452.962 rows=30280 loops=1)
   Buffers: shared hit=12776 read=22774
   ->  Seq Scan on del_nest_index del  (cost=0.00..1.76 rows=5000 width=4) (actual time=0.040..8.186 rows=5000 loops=1)
         Buffers: shared read=45
   ->  Index Scan using movie_id_movie_info on movie_info mi  (cost=0.01..26.82 rows=9 width=73) (actual time=27.384..51.867 rows=6 loops=5000)
         Index Cond: (movie_id = del.a)
         Buffers: shared hit=12776 read=22729
 Planning Time: 319.005 ms
 Execution Time: 259480.025 ms
(9 rows)

                                                                   QUERY PLAN                                                                   
------------------------------------------------------------------------------------------------------------------------------------------------
 Nested Loop  (cost=0.01..134103.24 rows=46446 width=77) (actual time=44.971..262604.428 rows=28441 loops=1)
   Buffers: shared hit=12559 read=22977
   ->  Seq Scan on del_nest_index del  (cost=0.00..1.76 rows=5000 width=4) (actual time=0.061..8.276 rows=5000 loops=1)
         Buffers: shared read=45
   ->  Index Scan using movie_id_movie_info on movie_info mi  (cost=0.01..26.82 rows=9 width=73) (actual time=27.716..52.497 rows=6 loops=5000)
         Index Cond: (movie_id = del.a)
         Buffers: shared hit=12559 read=22932
 Planning Time: 269.002 ms
 Execution Time: 262629.998 ms
(9 rows)

                                                                   QUERY PLAN                                                                   
------------------------------------------------------------------------------------------------------------------------------------------------
 Nested Loop  (cost=0.01..136475.51 rows=47375 width=77) (actual time=47.075..263864.167 rows=30441 loops=1)
   Buffers: shared hit=12791 read=23145
   ->  Seq Scan on del_nest_index del  (cost=0.00..1.76 rows=5100 width=4) (actual time=0.064..8.801 rows=5100 loops=1)
         Buffers: shared read=45
   ->  Index Scan using movie_id_movie_info on movie_info mi  (cost=0.01..26.76 rows=9 width=73) (actual time=27.443..51.714 rows=6 loops=5100)
         Index Cond: (movie_id = del.a)
         Buffers: shared hit=12791 read=23100
 Planning Time: 310.675 ms
 Execution Time: 263890.790 ms
(9 rows)

                                                                   QUERY PLAN                                                                   
------------------------------------------------------------------------------------------------------------------------------------------------
 Nested Loop  (cost=0.01..136475.54 rows=47375 width=77) (actual time=157.871..264745.956 rows=29687 loops=1)
   Buffers: shared hit=12921 read=23210
   ->  Seq Scan on del_nest_index del  (cost=0.00..1.80 rows=5100 width=4) (actual time=0.073..8.558 rows=5100 loops=1)
         Buffers: shared read=46
   ->  Index Scan using movie_id_movie_info on movie_info mi  (cost=0.01..26.76 rows=9 width=73) (actual time=27.438..51.887 rows=6 loops=5100)
         Index Cond: (movie_id = del.a)
         Buffers: shared hit=12921 read=23164
 Planning Time: 302.336 ms
 Execution Time: 264916.412 ms
(9 rows)

                                                                   QUERY PLAN                                                                   
------------------------------------------------------------------------------------------------------------------------------------------------
 Nested Loop  (cost=0.01..136475.54 rows=47375 width=77) (actual time=44.889..266992.986 rows=29440 loops=1)
   Buffers: shared hit=12664 read=23173
   ->  Seq Scan on del_nest_index del  (cost=0.00..1.80 rows=5100 width=4) (actual time=0.067..8.639 rows=5100 loops=1)
         Buffers: shared read=46
   ->  Index Scan using movie_id_movie_info on movie_info mi  (cost=0.01..26.76 rows=9 width=73) (actual time=27.735..52.328 rows=6 loops=5100)
         Index Cond: (movie_id = del.a)
         Buffers: shared hit=12664 read=23127
 Planning Time: 464.027 ms
 Execution Time: 267024.053 ms
(9 rows)

                                                                   QUERY PLAN                                                                   
------------------------------------------------------------------------------------------------------------------------------------------------
 Nested Loop  (cost=0.01..136475.54 rows=47375 width=77) (actual time=93.452..259517.190 rows=29463 loops=1)
   Buffers: shared hit=12716 read=22742
   ->  Seq Scan on del_nest_index del  (cost=0.00..1.80 rows=5100 width=4) (actual time=0.064..8.327 rows=5100 loops=1)
         Buffers: shared read=46
   ->  Index Scan using movie_id_movie_info on movie_info mi  (cost=0.01..26.76 rows=9 width=73) (actual time=27.277..50.863 rows=6 loops=5100)
         Index Cond: (movie_id = del.a)
         Buffers: shared hit=12716 read=22696
 Planning Time: 260.678 ms
 Execution Time: 259609.242 ms
(9 rows)

                                                                   QUERY PLAN                                                                   
------------------------------------------------------------------------------------------------------------------------------------------------
 Nested Loop  (cost=0.01..136475.54 rows=47375 width=77) (actual time=91.521..264186.143 rows=29465 loops=1)
   Buffers: shared hit=12820 read=23050
   ->  Seq Scan on del_nest_index del  (cost=0.00..1.80 rows=5100 width=4) (actual time=0.059..8.710 rows=5100 loops=1)
         Buffers: shared read=46
   ->  Index Scan using movie_id_movie_info on movie_info mi  (cost=0.01..26.76 rows=9 width=73) (actual time=27.514..51.777 rows=6 loops=5100)
         Index Cond: (movie_id = del.a)
         Buffers: shared hit=12820 read=23004
 Planning Time: 322.321 ms
 Execution Time: 264213.902 ms
(9 rows)

                                                                   QUERY PLAN                                                                   
------------------------------------------------------------------------------------------------------------------------------------------------
 Nested Loop  (cost=0.01..138829.64 rows=48304 width=77) (actual time=47.440..269592.998 rows=32660 loops=1)
   Buffers: shared hit=13282 read=23816
   ->  Seq Scan on del_nest_index del  (cost=0.00..1.80 rows=5200 width=4) (actual time=0.063..8.660 rows=5200 loops=1)
         Buffers: shared read=46
   ->  Index Scan using movie_id_movie_info on movie_info mi  (cost=0.01..26.70 rows=9 width=73) (actual time=27.239..51.821 rows=6 loops=5200)
         Index Cond: (movie_id = del.a)
         Buffers: shared hit=13282 read=23770
 Planning Time: 269.011 ms
 Execution Time: 269623.476 ms
(9 rows)

                                                                   QUERY PLAN                                                                   
------------------------------------------------------------------------------------------------------------------------------------------------
 Nested Loop  (cost=0.01..138829.67 rows=48304 width=77) (actual time=53.546..266825.951 rows=29835 loops=1)
   Buffers: shared hit=13229 read=23309
   ->  Seq Scan on del_nest_index del  (cost=0.00..1.83 rows=5200 width=4) (actual time=0.061..8.741 rows=5200 loops=1)
         Buffers: shared read=47
   ->  Index Scan using movie_id_movie_info on movie_info mi  (cost=0.01..26.70 rows=9 width=73) (actual time=27.281..51.290 rows=6 loops=5200)
         Index Cond: (movie_id = del.a)
         Buffers: shared hit=13229 read=23262
 Planning Time: 360.706 ms
 Execution Time: 266852.984 ms
(9 rows)

                                                                   QUERY PLAN                                                                   
------------------------------------------------------------------------------------------------------------------------------------------------
 Nested Loop  (cost=0.01..138829.67 rows=48304 width=77) (actual time=36.882..264100.089 rows=28660 loops=1)
   Buffers: shared hit=13109 read=22944
   ->  Seq Scan on del_nest_index del  (cost=0.00..1.83 rows=5200 width=4) (actual time=0.068..9.226 rows=5200 loops=1)
         Buffers: shared read=47
   ->  Index Scan using movie_id_movie_info on movie_info mi  (cost=0.01..26.70 rows=9 width=73) (actual time=27.146..50.766 rows=6 loops=5200)
         Index Cond: (movie_id = del.a)
         Buffers: shared hit=13109 read=22897
 Planning Time: 302.316 ms
 Execution Time: 264127.043 ms
(9 rows)

                                                                   QUERY PLAN                                                                   
------------------------------------------------------------------------------------------------------------------------------------------------
 Nested Loop  (cost=0.01..138829.67 rows=48304 width=77) (actual time=90.414..268096.003 rows=29591 loops=1)
   Buffers: shared hit=13097 read=23401
   ->  Seq Scan on del_nest_index del  (cost=0.00..1.83 rows=5200 width=4) (actual time=0.063..8.793 rows=5200 loops=1)
         Buffers: shared read=47
   ->  Index Scan using movie_id_movie_info on movie_info mi  (cost=0.01..26.70 rows=9 width=73) (actual time=27.303..51.535 rows=6 loops=5200)
         Index Cond: (movie_id = del.a)
         Buffers: shared hit=13097 read=23354
 Planning Time: 352.364 ms
 Execution Time: 268123.421 ms
(9 rows)

                                                                   QUERY PLAN                                                                   
------------------------------------------------------------------------------------------------------------------------------------------------
 Nested Loop  (cost=0.01..138829.67 rows=48304 width=77) (actual time=44.574..269322.918 rows=30720 loops=1)
   Buffers: shared hit=13268 read=23656
   ->  Seq Scan on del_nest_index del  (cost=0.00..1.83 rows=5200 width=4) (actual time=0.064..8.708 rows=5200 loops=1)
         Buffers: shared read=47
   ->  Index Scan using movie_id_movie_info on movie_info mi  (cost=0.01..26.70 rows=9 width=73) (actual time=27.369..51.770 rows=6 loops=5200)
         Index Cond: (movie_id = del.a)
         Buffers: shared hit=13268 read=23609
 Planning Time: 443.990 ms
 Execution Time: 269349.749 ms
(9 rows)

                                                                   QUERY PLAN                                                                   
------------------------------------------------------------------------------------------------------------------------------------------------
 Nested Loop  (cost=0.01..141177.72 rows=49233 width=77) (actual time=42.234..275238.421 rows=32188 loops=1)
   Buffers: shared hit=13563 read=24040
   ->  Seq Scan on del_nest_index del  (cost=0.00..1.84 rows=5300 width=4) (actual time=0.064..10.089 rows=5300 loops=1)
         Buffers: shared read=47
   ->  Index Scan using movie_id_movie_info on movie_info mi  (cost=0.01..26.64 rows=9 width=73) (actual time=27.359..51.906 rows=6 loops=5300)
         Index Cond: (movie_id = del.a)
         Buffers: shared hit=13563 read=23993
 Planning Time: 319.000 ms
 Execution Time: 275289.964 ms
(9 rows)

                                                                   QUERY PLAN                                                                   
------------------------------------------------------------------------------------------------------------------------------------------------
 Nested Loop  (cost=0.01..141177.72 rows=49233 width=77) (actual time=36.130..270490.596 rows=30305 loops=1)
   Buffers: shared hit=13426 read=23667
   ->  Seq Scan on del_nest_index del  (cost=0.00..1.84 rows=5300 width=4) (actual time=0.058..8.836 rows=5300 loops=1)
         Buffers: shared read=47
   ->  Index Scan using movie_id_movie_info on movie_info mi  (cost=0.01..26.64 rows=9 width=73) (actual time=27.134..51.013 rows=6 loops=5300)
         Index Cond: (movie_id = del.a)
         Buffers: shared hit=13426 read=23620
 Planning Time: 310.627 ms
 Execution Time: 270562.984 ms
(9 rows)

                                                                   QUERY PLAN                                                                   
------------------------------------------------------------------------------------------------------------------------------------------------
 Nested Loop  (cost=0.01..141177.72 rows=49233 width=77) (actual time=43.154..273691.040 rows=31993 loops=1)
   Buffers: shared hit=13584 read=24178
   ->  Seq Scan on del_nest_index del  (cost=0.00..1.84 rows=5300 width=4) (actual time=0.063..8.865 rows=5300 loops=1)
         Buffers: shared read=47
   ->  Index Scan using movie_id_movie_info on movie_info mi  (cost=0.01..26.64 rows=9 width=73) (actual time=27.199..51.615 rows=6 loops=5300)
         Index Cond: (movie_id = del.a)
         Buffers: shared hit=13584 read=24131
 Planning Time: 260.688 ms
 Execution Time: 273719.375 ms
(9 rows)

                                                                   QUERY PLAN                                                                   
------------------------------------------------------------------------------------------------------------------------------------------------
 Nested Loop  (cost=0.01..141177.72 rows=49233 width=77) (actual time=50.843..274155.198 rows=30441 loops=1)
   Buffers: shared hit=13486 read=23928
   ->  Seq Scan on del_nest_index del  (cost=0.00..1.84 rows=5300 width=4) (actual time=0.032..9.157 rows=5300 loops=1)
         Buffers: shared read=47
   ->  Index Scan using movie_id_movie_info on movie_info mi  (cost=0.01..26.64 rows=9 width=73) (actual time=27.338..51.704 rows=6 loops=5300)
         Index Cond: (movie_id = del.a)
         Buffers: shared hit=13486 read=23881
 Planning Time: 255.948 ms
 Execution Time: 274181.503 ms
(9 rows)

                                                                   QUERY PLAN                                                                   
------------------------------------------------------------------------------------------------------------------------------------------------
 Nested Loop  (cost=0.01..141177.72 rows=49233 width=77) (actual time=34.169..274947.208 rows=31156 loops=1)
   Buffers: shared hit=13442 read=23768
   ->  Seq Scan on del_nest_index del  (cost=0.00..1.84 rows=5300 width=4) (actual time=0.061..9.025 rows=5300 loops=1)
         Buffers: shared read=47
   ->  Index Scan using movie_id_movie_info on movie_info mi  (cost=0.01..26.64 rows=9 width=73) (actual time=27.390..51.853 rows=6 loops=5300)
         Index Cond: (movie_id = del.a)
         Buffers: shared hit=13442 read=23721
 Planning Time: 235.674 ms
 Execution Time: 274973.256 ms
(9 rows)

                                                                   QUERY PLAN                                                                   
------------------------------------------------------------------------------------------------------------------------------------------------
 Nested Loop  (cost=0.01..143513.71 rows=50162 width=77) (actual time=53.315..282300.594 rows=31273 loops=1)
   Buffers: shared hit=13662 read=24631
   ->  Seq Scan on del_nest_index del  (cost=0.00..1.88 rows=5400 width=4) (actual time=0.081..9.270 rows=5400 loops=1)
         Buffers: shared read=48
   ->  Index Scan using movie_id_movie_info on movie_info mi  (cost=0.01..26.58 rows=9 width=73) (actual time=27.571..52.254 rows=6 loops=5400)
         Index Cond: (movie_id = del.a)
         Buffers: shared hit=13662 read=24583
 Planning Time: 427.344 ms
 Execution Time: 282327.774 ms
(9 rows)

                                                                   QUERY PLAN                                                                   
------------------------------------------------------------------------------------------------------------------------------------------------
 Nested Loop  (cost=0.01..143513.71 rows=50162 width=77) (actual time=53.589..278985.764 rows=30523 loops=1)
   Buffers: shared hit=13657 read=24362
   ->  Seq Scan on del_nest_index del  (cost=0.00..1.88 rows=5400 width=4) (actual time=0.046..8.883 rows=5400 loops=1)
         Buffers: shared read=48
   ->  Index Scan using movie_id_movie_info on movie_info mi  (cost=0.01..26.58 rows=9 width=73) (actual time=27.458..51.641 rows=6 loops=5400)
         Index Cond: (movie_id = del.a)
         Buffers: shared hit=13657 read=24314
 Planning Time: 260.759 ms
 Execution Time: 279012.733 ms
(9 rows)

                                                                   QUERY PLAN                                                                   
------------------------------------------------------------------------------------------------------------------------------------------------
 Nested Loop  (cost=0.01..143513.71 rows=50162 width=77) (actual time=42.610..282649.930 rows=34552 loops=1)
   Buffers: shared hit=13628 read=24940
   ->  Seq Scan on del_nest_index del  (cost=0.00..1.88 rows=5400 width=4) (actual time=0.064..8.711 rows=5400 loops=1)
         Buffers: shared read=48
   ->  Index Scan using movie_id_movie_info on movie_info mi  (cost=0.01..26.58 rows=9 width=73) (actual time=27.565..52.318 rows=6 loops=5400)
         Index Cond: (movie_id = del.a)
         Buffers: shared hit=13628 read=24892
 Planning Time: 235.685 ms
 Execution Time: 282680.544 ms
(9 rows)

                                                                   QUERY PLAN                                                                   
------------------------------------------------------------------------------------------------------------------------------------------------
 Nested Loop  (cost=0.01..143513.71 rows=50162 width=77) (actual time=44.272..278443.745 rows=31231 loops=1)
   Buffers: shared hit=13641 read=24316
   ->  Seq Scan on del_nest_index del  (cost=0.00..1.88 rows=5400 width=4) (actual time=0.066..9.381 rows=5400 loops=1)
         Buffers: shared read=48
   ->  Index Scan using movie_id_movie_info on movie_info mi  (cost=0.01..26.58 rows=9 width=73) (actual time=27.268..51.539 rows=6 loops=5400)
         Index Cond: (movie_id = del.a)
         Buffers: shared hit=13641 read=24268
 Planning Time: 385.662 ms
 Execution Time: 278471.717 ms
(9 rows)

                                                                   QUERY PLAN                                                                   
------------------------------------------------------------------------------------------------------------------------------------------------
 Nested Loop  (cost=0.01..143513.71 rows=50162 width=77) (actual time=49.145..277879.227 rows=32098 loops=1)
   Buffers: shared hit=13847 read=24146
   ->  Seq Scan on del_nest_index del  (cost=0.00..1.88 rows=5400 width=4) (actual time=0.070..8.963 rows=5400 loops=1)
         Buffers: shared read=48
   ->  Index Scan using movie_id_movie_info on movie_info mi  (cost=0.01..26.58 rows=9 width=73) (actual time=27.381..51.435 rows=6 loops=5400)
         Index Cond: (movie_id = del.a)
         Buffers: shared hit=13847 read=24098
 Planning Time: 235.673 ms
 Execution Time: 277907.462 ms
(9 rows)

                                                                   QUERY PLAN                                                                   
------------------------------------------------------------------------------------------------------------------------------------------------
 Nested Loop  (cost=0.01..145837.61 rows=51091 width=77) (actual time=52.993..283865.364 rows=34271 loops=1)
   Buffers: shared hit=14099 read=24954
   ->  Seq Scan on del_nest_index del  (cost=0.00..1.92 rows=5500 width=4) (actual time=0.063..9.609 rows=5500 loops=1)
         Buffers: shared read=49
   ->  Index Scan using movie_id_movie_info on movie_info mi  (cost=0.01..26.51 rows=9 width=73) (actual time=27.208..51.588 rows=6 loops=5500)
         Index Cond: (movie_id = del.a)
         Buffers: shared hit=14099 read=24905
 Planning Time: 244.014 ms
 Execution Time: 283895.684 ms
(9 rows)

                                                                   QUERY PLAN                                                                   
------------------------------------------------------------------------------------------------------------------------------------------------
 Nested Loop  (cost=0.01..145837.61 rows=51091 width=77) (actual time=90.814..286140.157 rows=32927 loops=1)
   Buffers: shared hit=13981 read=24974
   ->  Seq Scan on del_nest_index del  (cost=0.00..1.92 rows=5500 width=4) (actual time=0.068..9.080 rows=5500 loops=1)
         Buffers: shared read=49
   ->  Index Scan using movie_id_movie_info on movie_info mi  (cost=0.01..26.51 rows=9 width=73) (actual time=27.589..52.002 rows=6 loops=5500)
         Index Cond: (movie_id = del.a)
         Buffers: shared hit=13981 read=24925
 Planning Time: 273.072 ms
 Execution Time: 286168.638 ms
(9 rows)

                                                                   QUERY PLAN                                                                   
------------------------------------------------------------------------------------------------------------------------------------------------
 Nested Loop  (cost=0.01..145837.61 rows=51091 width=77) (actual time=51.071..280283.460 rows=30834 loops=1)
   Buffers: shared hit=14077 read=24508
   ->  Seq Scan on del_nest_index del  (cost=0.00..1.92 rows=5500 width=4) (actual time=0.062..9.069 rows=5500 loops=1)
         Buffers: shared read=49
   ->  Index Scan using movie_id_movie_info on movie_info mi  (cost=0.01..26.51 rows=9 width=73) (actual time=26.998..50.938 rows=6 loops=5500)
         Index Cond: (movie_id = del.a)
         Buffers: shared hit=14077 read=24459
 Planning Time: 427.332 ms
 Execution Time: 280312.557 ms
(9 rows)

                                                                   QUERY PLAN                                                                   
------------------------------------------------------------------------------------------------------------------------------------------------
 Nested Loop  (cost=0.01..145837.61 rows=51091 width=77) (actual time=43.250..280246.673 rows=30622 loops=1)
   Buffers: shared hit=13995 read=24571
   ->  Seq Scan on del_nest_index del  (cost=0.00..1.92 rows=5500 width=4) (actual time=0.043..9.073 rows=5500 loops=1)
         Buffers: shared read=49
   ->  Index Scan using movie_id_movie_info on movie_info mi  (cost=0.01..26.51 rows=9 width=73) (actual time=27.102..50.931 rows=6 loops=5500)
         Index Cond: (movie_id = del.a)
         Buffers: shared hit=13995 read=24522
 Planning Time: 227.343 ms
 Execution Time: 280274.334 ms
(9 rows)

                                                                   QUERY PLAN                                                                   
------------------------------------------------------------------------------------------------------------------------------------------------
 Nested Loop  (cost=0.01..145837.61 rows=51091 width=77) (actual time=46.357..284442.945 rows=31858 loops=1)
   Buffers: shared hit=14042 read=24653
   ->  Seq Scan on del_nest_index del  (cost=0.00..1.92 rows=5500 width=4) (actual time=0.053..9.192 rows=5500 loops=1)
         Buffers: shared read=49
   ->  Index Scan using movie_id_movie_info on movie_info mi  (cost=0.01..26.51 rows=9 width=73) (actual time=27.198..51.694 rows=6 loops=5500)
         Index Cond: (movie_id = del.a)
         Buffers: shared hit=14042 read=24604
 Planning Time: 335.700 ms
 Execution Time: 284471.910 ms
(9 rows)

                                                                   QUERY PLAN                                                                   
------------------------------------------------------------------------------------------------------------------------------------------------
 Nested Loop  (cost=0.01..148155.43 rows=52020 width=77) (actual time=46.354..289581.675 rows=33488 loops=1)
   Buffers: shared hit=14354 read=25226
   ->  Seq Scan on del_nest_index del  (cost=0.00..1.96 rows=5600 width=4) (actual time=0.043..9.516 rows=5600 loops=1)
         Buffers: shared read=50
   ->  Index Scan using movie_id_movie_info on movie_info mi  (cost=0.01..26.46 rows=9 width=73) (actual time=27.391..51.688 rows=6 loops=5600)
         Index Cond: (movie_id = del.a)
         Buffers: shared hit=14354 read=25176
 Planning Time: 248.386 ms
 Execution Time: 289610.177 ms
(9 rows)

                                                                   QUERY PLAN                                                                   
------------------------------------------------------------------------------------------------------------------------------------------------
 Nested Loop  (cost=0.01..148155.43 rows=52020 width=77) (actual time=77.035..285714.037 rows=32798 loops=1)
   Buffers: shared hit=14361 read=25063
   ->  Seq Scan on del_nest_index del  (cost=0.00..1.96 rows=5600 width=4) (actual time=0.062..9.863 rows=5600 loops=1)
         Buffers: shared read=50
   ->  Index Scan using movie_id_movie_info on movie_info mi  (cost=0.01..26.46 rows=9 width=73) (actual time=27.052..50.998 rows=6 loops=5600)
         Index Cond: (movie_id = del.a)
         Buffers: shared hit=14361 read=25013
 Planning Time: 277.323 ms
 Execution Time: 285741.167 ms
(9 rows)

                                                                   QUERY PLAN                                                                   
------------------------------------------------------------------------------------------------------------------------------------------------
 Nested Loop  (cost=0.01..148155.43 rows=52020 width=77) (actual time=71.174..286338.702 rows=30965 loops=1)
   Buffers: shared hit=14305 read=24803
   ->  Seq Scan on del_nest_index del  (cost=0.00..1.96 rows=5600 width=4) (actual time=0.060..9.445 rows=5600 loops=1)
         Buffers: shared read=50
   ->  Index Scan using movie_id_movie_info on movie_info mi  (cost=0.01..26.46 rows=9 width=73) (actual time=27.415..51.110 rows=6 loops=5600)
         Index Cond: (movie_id = del.a)
         Buffers: shared hit=14305 read=24753
 Planning Time: 315.038 ms
 Execution Time: 286364.857 ms
(9 rows)

                                                                   QUERY PLAN                                                                   
------------------------------------------------------------------------------------------------------------------------------------------------
 Nested Loop  (cost=0.01..148155.43 rows=52020 width=77) (actual time=63.336..288282.178 rows=34703 loops=1)
   Buffers: shared hit=14340 read=25345
   ->  Seq Scan on del_nest_index del  (cost=0.00..1.96 rows=5600 width=4) (actual time=0.072..10.084 rows=5600 loops=1)
         Buffers: shared read=50
   ->  Index Scan using movie_id_movie_info on movie_info mi  (cost=0.01..26.46 rows=9 width=73) (actual time=27.284..51.456 rows=6 loops=5600)
         Index Cond: (movie_id = del.a)
         Buffers: shared hit=14340 read=25295
 Planning Time: 310.661 ms
 Execution Time: 288309.490 ms
(9 rows)

                                                                   QUERY PLAN                                                                   
------------------------------------------------------------------------------------------------------------------------------------------------
 Nested Loop  (cost=0.01..148155.43 rows=52020 width=77) (actual time=74.080..288394.836 rows=32521 loops=1)
   Buffers: shared hit=14402 read=25358
   ->  Seq Scan on del_nest_index del  (cost=0.00..1.96 rows=5600 width=4) (actual time=0.054..9.253 rows=5600 loops=1)
         Buffers: shared read=50
   ->  Index Scan using movie_id_movie_info on movie_info mi  (cost=0.01..26.46 rows=9 width=73) (actual time=27.085..51.476 rows=6 loops=5600)
         Index Cond: (movie_id = del.a)
         Buffers: shared hit=14402 read=25308
 Planning Time: 305.685 ms
 Execution Time: 288421.225 ms
(9 rows)

                                                                   QUERY PLAN                                                                   
------------------------------------------------------------------------------------------------------------------------------------------------
 Nested Loop  (cost=0.01..150458.11 rows=52949 width=77) (actual time=73.690..289129.709 rows=31916 loops=1)
   Buffers: shared hit=14503 read=25148
   ->  Seq Scan on del_nest_index del  (cost=0.00..1.96 rows=5700 width=4) (actual time=0.061..10.166 rows=5700 loops=1)
         Buffers: shared read=50
   ->  Index Scan using movie_id_movie_info on movie_info mi  (cost=0.01..26.40 rows=9 width=73) (actual time=27.080..50.701 rows=6 loops=5700)
         Index Cond: (movie_id = del.a)
         Buffers: shared hit=14503 read=25098
 Planning Time: 427.338 ms
 Execution Time: 289157.132 ms
(9 rows)

                                                                   QUERY PLAN                                                                   
------------------------------------------------------------------------------------------------------------------------------------------------
 Nested Loop  (cost=0.01..150458.14 rows=52949 width=77) (actual time=71.652..291794.673 rows=32776 loops=1)
   Buffers: shared hit=14490 read=25344
   ->  Seq Scan on del_nest_index del  (cost=0.00..1.99 rows=5700 width=4) (actual time=0.063..10.035 rows=5700 loops=1)
         Buffers: shared read=51
   ->  Index Scan using movie_id_movie_info on movie_info mi  (cost=0.01..26.40 rows=9 width=73) (actual time=27.265..51.168 rows=6 loops=5700)
         Index Cond: (movie_id = del.a)
         Buffers: shared hit=14490 read=25293
 Planning Time: 352.324 ms
 Execution Time: 291823.758 ms
(9 rows)

                                                                   QUERY PLAN                                                                   
------------------------------------------------------------------------------------------------------------------------------------------------
 Nested Loop  (cost=0.01..150458.14 rows=52949 width=77) (actual time=70.219..293986.478 rows=33202 loops=1)
   Buffers: shared hit=14629 read=25772
   ->  Seq Scan on del_nest_index del  (cost=0.00..1.99 rows=5700 width=4) (actual time=0.041..9.578 rows=5700 loops=1)
         Buffers: shared read=51
   ->  Index Scan using movie_id_movie_info on movie_info mi  (cost=0.01..26.40 rows=9 width=73) (actual time=27.305..51.553 rows=6 loops=5700)
         Index Cond: (movie_id = del.a)
         Buffers: shared hit=14629 read=25721
 Planning Time: 263.973 ms
 Execution Time: 294013.845 ms
(9 rows)

                                                                   QUERY PLAN                                                                   
------------------------------------------------------------------------------------------------------------------------------------------------
 Nested Loop  (cost=0.01..150458.14 rows=52949 width=77) (actual time=78.411..290432.954 rows=33424 loops=1)
   Buffers: shared hit=14796 read=25381
   ->  Seq Scan on del_nest_index del  (cost=0.00..1.99 rows=5700 width=4) (actual time=0.067..9.908 rows=5700 loops=1)
         Buffers: shared read=51
   ->  Index Scan using movie_id_movie_info on movie_info mi  (cost=0.01..26.40 rows=9 width=73) (actual time=27.068..50.929 rows=6 loops=5700)
         Index Cond: (movie_id = del.a)
         Buffers: shared hit=14796 read=25330
 Planning Time: 335.677 ms
 Execution Time: 290460.882 ms
(9 rows)

                                                                   QUERY PLAN                                                                   
------------------------------------------------------------------------------------------------------------------------------------------------
 Nested Loop  (cost=0.01..150458.14 rows=52949 width=77) (actual time=69.520..292916.965 rows=33697 loops=1)
   Buffers: shared hit=14633 read=25730
   ->  Seq Scan on del_nest_index del  (cost=0.00..1.99 rows=5700 width=4) (actual time=0.040..9.600 rows=5700 loops=1)
         Buffers: shared read=51
   ->  Index Scan using movie_id_movie_info on movie_info mi  (cost=0.01..26.40 rows=9 width=73) (actual time=27.025..51.365 rows=6 loops=5700)
         Index Cond: (movie_id = del.a)
         Buffers: shared hit=14633 read=25679
 Planning Time: 269.009 ms
 Execution Time: 292945.074 ms
(9 rows)

                                                                   QUERY PLAN                                                                   
------------------------------------------------------------------------------------------------------------------------------------------------
 Nested Loop  (cost=0.01..152754.77 rows=53878 width=77) (actual time=70.830..297529.488 rows=35162 loops=1)
   Buffers: shared hit=14984 read=26148
   ->  Seq Scan on del_nest_index del  (cost=0.00..2.00 rows=5800 width=4) (actual time=0.066..9.510 rows=5800 loops=1)
         Buffers: shared read=51
   ->  Index Scan using movie_id_movie_info on movie_info mi  (cost=0.01..26.34 rows=9 width=73) (actual time=27.047..51.274 rows=6 loops=5800)
         Index Cond: (movie_id = del.a)
         Buffers: shared hit=14984 read=26097
 Planning Time: 268.992 ms
 Execution Time: 297558.879 ms
(9 rows)

                                                                   QUERY PLAN                                                                   
------------------------------------------------------------------------------------------------------------------------------------------------
 Nested Loop  (cost=0.01..152754.80 rows=53878 width=77) (actual time=73.024..288575.626 rows=33939 loops=1)
   Buffers: shared hit=14915 read=25326
   ->  Seq Scan on del_nest_index del  (cost=0.00..2.03 rows=5800 width=4) (actual time=0.063..9.677 rows=5800 loops=1)
         Buffers: shared read=52
   ->  Index Scan using movie_id_movie_info on movie_info mi  (cost=0.01..26.34 rows=9 width=73) (actual time=26.641..49.731 rows=6 loops=5800)
         Index Cond: (movie_id = del.a)
         Buffers: shared hit=14915 read=25274
 Planning Time: 327.340 ms
 Execution Time: 288604.803 ms
(9 rows)

                                                                   QUERY PLAN                                                                   
------------------------------------------------------------------------------------------------------------------------------------------------
 Nested Loop  (cost=0.01..152754.80 rows=53878 width=77) (actual time=85.757..298526.766 rows=35910 loops=1)
   Buffers: shared hit=14966 read=26264
   ->  Seq Scan on del_nest_index del  (cost=0.00..2.03 rows=5800 width=4) (actual time=0.066..9.624 rows=5800 loops=1)
         Buffers: shared read=52
   ->  Index Scan using movie_id_movie_info on movie_info mi  (cost=0.01..26.34 rows=9 width=73) (actual time=27.112..51.446 rows=6 loops=5800)
         Index Cond: (movie_id = del.a)
         Buffers: shared hit=14966 read=26212
 Planning Time: 252.341 ms
 Execution Time: 298556.113 ms
(9 rows)

                                                                   QUERY PLAN                                                                   
------------------------------------------------------------------------------------------------------------------------------------------------
 Nested Loop  (cost=0.01..152754.80 rows=53878 width=77) (actual time=73.445..297852.138 rows=32202 loops=1)
   Buffers: shared hit=14900 read=25848
   ->  Seq Scan on del_nest_index del  (cost=0.00..2.03 rows=5800 width=4) (actual time=0.040..10.444 rows=5800 loops=1)
         Buffers: shared read=52
   ->  Index Scan using movie_id_movie_info on movie_info mi  (cost=0.01..26.34 rows=9 width=73) (actual time=27.221..51.330 rows=6 loops=5800)
         Index Cond: (movie_id = del.a)
         Buffers: shared hit=14900 read=25796
 Planning Time: 252.766 ms
 Execution Time: 297880.023 ms
(9 rows)

                                                                   QUERY PLAN                                                                   
------------------------------------------------------------------------------------------------------------------------------------------------
 Nested Loop  (cost=0.01..152754.80 rows=53878 width=77) (actual time=78.308..296136.398 rows=34036 loops=1)
   Buffers: shared hit=14970 read=26107
   ->  Seq Scan on del_nest_index del  (cost=0.00..2.03 rows=5800 width=4) (actual time=0.068..9.721 rows=5800 loops=1)
         Buffers: shared read=52
   ->  Index Scan using movie_id_movie_info on movie_info mi  (cost=0.01..26.34 rows=9 width=73) (actual time=26.762..51.034 rows=6 loops=5800)
         Index Cond: (movie_id = del.a)
         Buffers: shared hit=14970 read=26055
 Planning Time: 269.402 ms
 Execution Time: 296166.267 ms
(9 rows)

                                                                   QUERY PLAN                                                                   
------------------------------------------------------------------------------------------------------------------------------------------------
 Nested Loop  (cost=0.01..155039.34 rows=54807 width=77) (actual time=87.885..300588.617 rows=34580 loops=1)
   Buffers: shared hit=15213 read=26400
   ->  Seq Scan on del_nest_index del  (cost=0.00..2.04 rows=5900 width=4) (actual time=0.062..9.521 rows=5900 loops=1)
         Buffers: shared read=52
   ->  Index Scan using movie_id_movie_info on movie_info mi  (cost=0.01..26.28 rows=9 width=73) (actual time=26.854..50.924 rows=6 loops=5900)
         Index Cond: (movie_id = del.a)
         Buffers: shared hit=15213 read=26348
 Planning Time: 269.425 ms
 Execution Time: 300618.138 ms
(9 rows)

                                                                   QUERY PLAN                                                                   
------------------------------------------------------------------------------------------------------------------------------------------------
 Nested Loop  (cost=0.01..155039.37 rows=54807 width=77) (actual time=84.536..300586.684 rows=33973 loops=1)
   Buffers: shared hit=15358 read=26172
   ->  Seq Scan on del_nest_index del  (cost=0.00..2.07 rows=5900 width=4) (actual time=0.063..9.753 rows=5900 loops=1)
         Buffers: shared read=53
   ->  Index Scan using movie_id_movie_info on movie_info mi  (cost=0.01..26.28 rows=9 width=73) (actual time=26.900..50.924 rows=6 loops=5900)
         Index Cond: (movie_id = del.a)
         Buffers: shared hit=15358 read=26119
 Planning Time: 236.122 ms
 Execution Time: 300618.127 ms
(9 rows)

                                                                   QUERY PLAN                                                                   
------------------------------------------------------------------------------------------------------------------------------------------------
 Nested Loop  (cost=0.01..155039.37 rows=54807 width=77) (actual time=78.318..305294.585 rows=34606 loops=1)
   Buffers: shared hit=15280 read=26658
   ->  Seq Scan on del_nest_index del  (cost=0.00..2.07 rows=5900 width=4) (actual time=0.063..10.429 rows=5900 loops=1)
         Buffers: shared read=53
   ->  Index Scan using movie_id_movie_info on movie_info mi  (cost=0.01..26.28 rows=9 width=73) (actual time=27.303..51.721 rows=6 loops=5900)
         Index Cond: (movie_id = del.a)
         Buffers: shared hit=15280 read=26605
 Planning Time: 236.071 ms
 Execution Time: 305324.124 ms
(9 rows)

                                                                   QUERY PLAN                                                                   
------------------------------------------------------------------------------------------------------------------------------------------------
 Nested Loop  (cost=0.01..155039.37 rows=54807 width=77) (actual time=58.048..300510.667 rows=36548 loops=1)
   Buffers: shared hit=15310 read=26470
   ->  Seq Scan on del_nest_index del  (cost=0.00..2.07 rows=5900 width=4) (actual time=0.065..10.252 rows=5900 loops=1)
         Buffers: shared read=53
   ->  Index Scan using movie_id_movie_info on movie_info mi  (cost=0.01..26.28 rows=9 width=73) (actual time=26.723..50.911 rows=6 loops=5900)
         Index Cond: (movie_id = del.a)
         Buffers: shared hit=15310 read=26417
 Planning Time: 244.400 ms
 Execution Time: 300541.305 ms
(9 rows)

                                                                   QUERY PLAN                                                                   
------------------------------------------------------------------------------------------------------------------------------------------------
 Nested Loop  (cost=0.01..155039.37 rows=54807 width=77) (actual time=74.671..299267.306 rows=32961 loops=1)
   Buffers: shared hit=15307 read=26126
   ->  Seq Scan on del_nest_index del  (cost=0.00..2.07 rows=5900 width=4) (actual time=0.057..10.365 rows=5900 loops=1)
         Buffers: shared read=53
   ->  Index Scan using movie_id_movie_info on movie_info mi  (cost=0.01..26.28 rows=9 width=73) (actual time=26.716..50.700 rows=6 loops=5900)
         Index Cond: (movie_id = del.a)
         Buffers: shared hit=15307 read=26073
 Planning Time: 273.380 ms
 Execution Time: 299294.892 ms
(9 rows)

                                                                   QUERY PLAN                                                                   
------------------------------------------------------------------------------------------------------------------------------------------------
 Nested Loop  (cost=0.01..157311.74 rows=55736 width=77) (actual time=55.617..308893.036 rows=37218 loops=1)
   Buffers: shared hit=15476 read=27108
   ->  Seq Scan on del_nest_index del  (cost=0.00..2.08 rows=6000 width=4) (actual time=0.070..9.732 rows=6000 loops=1)
         Buffers: shared read=53
   ->  Index Scan using movie_id_movie_info on movie_info mi  (cost=0.01..26.22 rows=9 width=73) (actual time=27.214..51.459 rows=6 loops=6000)
         Index Cond: (movie_id = del.a)
         Buffers: shared hit=15476 read=27055
 Planning Time: 235.677 ms
 Execution Time: 308923.813 ms
(9 rows)

                                                                   QUERY PLAN                                                                   
------------------------------------------------------------------------------------------------------------------------------------------------
 Nested Loop  (cost=0.01..157311.77 rows=55736 width=77) (actual time=39.981..305908.431 rows=35058 loops=1)
   Buffers: shared hit=15686 read=26650
   ->  Seq Scan on del_nest_index del  (cost=0.00..2.11 rows=6000 width=4) (actual time=0.066..9.641 rows=6000 loops=1)
         Buffers: shared read=54
   ->  Index Scan using movie_id_movie_info on movie_info mi  (cost=0.01..26.22 rows=9 width=73) (actual time=26.923..50.962 rows=6 loops=6000)
         Index Cond: (movie_id = del.a)
         Buffers: shared hit=15686 read=26596
 Planning Time: 321.718 ms
 Execution Time: 305939.190 ms
(9 rows)

                                                                   QUERY PLAN                                                                   
------------------------------------------------------------------------------------------------------------------------------------------------
 Nested Loop  (cost=0.01..157311.77 rows=55736 width=77) (actual time=81.150..310457.235 rows=38508 loops=1)
   Buffers: shared hit=15796 read=27220
   ->  Seq Scan on del_nest_index del  (cost=0.00..2.11 rows=6000 width=4) (actual time=0.066..10.152 rows=6000 loops=1)
         Buffers: shared read=54
   ->  Index Scan using movie_id_movie_info on movie_info mi  (cost=0.01..26.22 rows=9 width=73) (actual time=26.896..51.719 rows=6 loops=6000)
         Index Cond: (movie_id = del.a)
         Buffers: shared hit=15796 read=27166
 Planning Time: 322.026 ms
 Execution Time: 310539.060 ms
(9 rows)

                                                                   QUERY PLAN                                                                   
------------------------------------------------------------------------------------------------------------------------------------------------
 Nested Loop  (cost=0.01..157311.77 rows=55736 width=77) (actual time=79.984..309260.578 rows=35288 loops=1)
   Buffers: shared hit=15640 read=26819
   ->  Seq Scan on del_nest_index del  (cost=0.00..2.11 rows=6000 width=4) (actual time=0.054..10.103 rows=6000 loops=1)
         Buffers: shared read=54
   ->  Index Scan using movie_id_movie_info on movie_info mi  (cost=0.01..26.22 rows=9 width=73) (actual time=27.047..51.520 rows=6 loops=6000)
         Index Cond: (movie_id = del.a)
         Buffers: shared hit=15640 read=26765
 Planning Time: 307.174 ms
 Execution Time: 309291.124 ms
(9 rows)

                                                                   QUERY PLAN                                                                   
------------------------------------------------------------------------------------------------------------------------------------------------
 Nested Loop  (cost=0.01..157311.77 rows=55736 width=77) (actual time=59.490..308632.823 rows=35439 loops=1)
   Buffers: shared hit=15732 read=26880
   ->  Seq Scan on del_nest_index del  (cost=0.00..2.11 rows=6000 width=4) (actual time=0.063..10.024 rows=6000 loops=1)
         Buffers: shared read=54
   ->  Index Scan using movie_id_movie_info on movie_info mi  (cost=0.01..26.22 rows=9 width=73) (actual time=26.982..51.415 rows=6 loops=6000)
         Index Cond: (movie_id = del.a)
         Buffers: shared hit=15732 read=26826
 Planning Time: 294.021 ms
 Execution Time: 308665.179 ms
(9 rows)

                                                                   QUERY PLAN                                                                   
------------------------------------------------------------------------------------------------------------------------------------------------
 Nested Loop  (cost=0.01..159575.15 rows=56665 width=77) (actual time=67.756..305731.605 rows=33856 loops=1)
   Buffers: shared hit=15926 read=26581
   ->  Seq Scan on del_nest_index del  (cost=0.00..2.12 rows=6100 width=4) (actual time=0.058..9.925 rows=6100 loops=1)
         Buffers: shared read=54
   ->  Index Scan using movie_id_movie_info on movie_info mi  (cost=0.01..26.16 rows=9 width=73) (actual time=26.642..50.097 rows=6 loops=6100)
         Index Cond: (movie_id = del.a)
         Buffers: shared hit=15926 read=26527
 Planning Time: 369.022 ms
 Execution Time: 305761.710 ms
(9 rows)

                                                                   QUERY PLAN                                                                   
------------------------------------------------------------------------------------------------------------------------------------------------
 Nested Loop  (cost=0.01..159575.15 rows=56665 width=77) (actual time=82.331..312002.909 rows=35882 loops=1)
   Buffers: shared hit=16071 read=27150
   ->  Seq Scan on del_nest_index del  (cost=0.00..2.12 rows=6100 width=4) (actual time=0.065..9.945 rows=6100 loops=1)
         Buffers: shared read=54
   ->  Index Scan using movie_id_movie_info on movie_info mi  (cost=0.01..26.16 rows=9 width=73) (actual time=27.023..51.124 rows=6 loops=6100)
         Index Cond: (movie_id = del.a)
         Buffers: shared hit=16071 read=27096
 Planning Time: 394.031 ms
 Execution Time: 312033.967 ms
(9 rows)

                                                                   QUERY PLAN                                                                   
------------------------------------------------------------------------------------------------------------------------------------------------
 Nested Loop  (cost=0.01..159575.15 rows=56665 width=77) (actual time=75.669..308747.869 rows=36336 loops=1)
   Buffers: shared hit=16067 read=27089
   ->  Seq Scan on del_nest_index del  (cost=0.00..2.12 rows=6100 width=4) (actual time=0.056..9.864 rows=6100 loops=1)
         Buffers: shared read=54
   ->  Index Scan using movie_id_movie_info on movie_info mi  (cost=0.01..26.16 rows=9 width=73) (actual time=26.640..50.591 rows=6 loops=6100)
         Index Cond: (movie_id = del.a)
         Buffers: shared hit=16067 read=27035
 Planning Time: 256.700 ms
 Execution Time: 308776.866 ms
(9 rows)

                                                                   QUERY PLAN                                                                   
------------------------------------------------------------------------------------------------------------------------------------------------
 Nested Loop  (cost=0.01..159575.15 rows=56665 width=77) (actual time=81.690..309351.572 rows=35915 loops=1)
   Buffers: shared hit=16055 read=27025
   ->  Seq Scan on del_nest_index del  (cost=0.00..2.12 rows=6100 width=4) (actual time=0.056..10.150 rows=6100 loops=1)
         Buffers: shared read=54
   ->  Index Scan using movie_id_movie_info on movie_info mi  (cost=0.01..26.16 rows=9 width=73) (actual time=26.641..50.690 rows=6 loops=6100)
         Index Cond: (movie_id = del.a)
         Buffers: shared hit=16055 read=26971
 Planning Time: 398.374 ms
 Execution Time: 309380.613 ms
(9 rows)

                                                                   QUERY PLAN                                                                   
------------------------------------------------------------------------------------------------------------------------------------------------
 Nested Loop  (cost=0.01..159575.15 rows=56665 width=77) (actual time=71.034..310571.565 rows=34801 loops=1)
   Buffers: shared hit=15953 read=27185
   ->  Seq Scan on del_nest_index del  (cost=0.00..2.12 rows=6100 width=4) (actual time=0.058..9.999 rows=6100 loops=1)
         Buffers: shared read=54
   ->  Index Scan using movie_id_movie_info on movie_info mi  (cost=0.01..26.16 rows=9 width=73) (actual time=26.831..50.890 rows=6 loops=6100)
         Index Cond: (movie_id = del.a)
         Buffers: shared hit=15953 read=27131
 Planning Time: 306.532 ms
 Execution Time: 310601.323 ms
(9 rows)

                                                                   QUERY PLAN                                                                   
------------------------------------------------------------------------------------------------------------------------------------------------
 Nested Loop  (cost=0.01..161829.42 rows=57594 width=77) (actual time=66.238..316219.522 rows=35969 loops=1)
   Buffers: shared hit=16197 read=27604
   ->  Seq Scan on del_nest_index del  (cost=0.00..2.15 rows=6200 width=4) (actual time=0.064..10.536 rows=6200 loops=1)
         Buffers: shared read=55
   ->  Index Scan using movie_id_movie_info on movie_info mi  (cost=0.01..26.10 rows=9 width=73) (actual time=26.840..50.980 rows=6 loops=6200)
         Index Cond: (movie_id = del.a)
         Buffers: shared hit=16197 read=27549
 Planning Time: 263.635 ms
 Execution Time: 316249.850 ms
(9 rows)

                                                                   QUERY PLAN                                                                   
------------------------------------------------------------------------------------------------------------------------------------------------
 Nested Loop  (cost=0.01..161829.42 rows=57594 width=77) (actual time=74.585..313168.075 rows=36810 loops=1)
   Buffers: shared hit=16151 read=27390
   ->  Seq Scan on del_nest_index del  (cost=0.00..2.15 rows=6200 width=4) (actual time=0.055..10.155 rows=6200 loops=1)
         Buffers: shared read=55
   ->  Index Scan using movie_id_movie_info on movie_info mi  (cost=0.01..26.10 rows=9 width=73) (actual time=26.618..50.488 rows=6 loops=6200)
         Index Cond: (movie_id = del.a)
         Buffers: shared hit=16151 read=27335
 Planning Time: 266.599 ms
 Execution Time: 313197.429 ms
(9 rows)

                                                                   QUERY PLAN                                                                   
------------------------------------------------------------------------------------------------------------------------------------------------
 Nested Loop  (cost=0.01..161829.42 rows=57594 width=77) (actual time=82.470..315037.486 rows=35999 loops=1)
   Buffers: shared hit=16146 read=27498
   ->  Seq Scan on del_nest_index del  (cost=0.00..2.15 rows=6200 width=4) (actual time=0.056..10.263 rows=6200 loops=1)
         Buffers: shared read=55
   ->  Index Scan using movie_id_movie_info on movie_info mi  (cost=0.01..26.10 rows=9 width=73) (actual time=26.842..50.790 rows=6 loops=6200)
         Index Cond: (movie_id = del.a)
         Buffers: shared hit=16146 read=27443
 Planning Time: 316.623 ms
 Execution Time: 315068.097 ms
(9 rows)

                                                                   QUERY PLAN                                                                   
------------------------------------------------------------------------------------------------------------------------------------------------
 Nested Loop  (cost=0.01..161829.42 rows=57594 width=77) (actual time=76.515..311450.074 rows=34666 loops=1)
   Buffers: shared hit=16259 read=27148
   ->  Seq Scan on del_nest_index del  (cost=0.00..2.15 rows=6200 width=4) (actual time=0.061..10.451 rows=6200 loops=1)
         Buffers: shared read=55
   ->  Index Scan using movie_id_movie_info on movie_info mi  (cost=0.01..26.10 rows=9 width=73) (actual time=26.641..50.211 rows=6 loops=6200)
         Index Cond: (movie_id = del.a)
         Buffers: shared hit=16259 read=27093
 Planning Time: 271.850 ms
 Execution Time: 311482.831 ms
(9 rows)

                                                                   QUERY PLAN                                                                   
------------------------------------------------------------------------------------------------------------------------------------------------
 Nested Loop  (cost=0.01..161829.42 rows=57594 width=77) (actual time=68.760..316425.055 rows=37092 loops=1)
   Buffers: shared hit=16378 read=27609
   ->  Seq Scan on del_nest_index del  (cost=0.00..2.15 rows=6200 width=4) (actual time=0.054..10.428 rows=6200 loops=1)
         Buffers: shared read=55
   ->  Index Scan using movie_id_movie_info on movie_info mi  (cost=0.01..26.10 rows=9 width=73) (actual time=26.859..51.012 rows=6 loops=6200)
         Index Cond: (movie_id = del.a)
         Buffers: shared hit=16378 read=27554
 Planning Time: 308.264 ms
 Execution Time: 316455.966 ms
(9 rows)

                                                                   QUERY PLAN                                                                   
------------------------------------------------------------------------------------------------------------------------------------------------
 Nested Loop  (cost=0.01..164074.66 rows=58523 width=77) (actual time=77.425..320356.357 rows=38408 loops=1)
   Buffers: shared hit=16550 read=27996
   ->  Seq Scan on del_nest_index del  (cost=0.00..2.19 rows=6300 width=4) (actual time=0.056..11.092 rows=6300 loops=1)
         Buffers: shared read=56
   ->  Index Scan using movie_id_movie_info on movie_info mi  (cost=0.01..26.04 rows=9 width=73) (actual time=26.784..50.826 rows=6 loops=6300)
         Index Cond: (movie_id = del.a)
         Buffers: shared hit=16550 read=27940
 Planning Time: 282.244 ms
 Execution Time: 320387.795 ms
(9 rows)

                                                                   QUERY PLAN                                                                   
------------------------------------------------------------------------------------------------------------------------------------------------
 Nested Loop  (cost=0.01..164074.66 rows=58523 width=77) (actual time=66.386..320207.260 rows=35383 loops=1)
   Buffers: shared hit=16702 read=27789
   ->  Seq Scan on del_nest_index del  (cost=0.00..2.19 rows=6300 width=4) (actual time=0.057..11.074 rows=6300 loops=1)
         Buffers: shared read=56
   ->  Index Scan using movie_id_movie_info on movie_info mi  (cost=0.01..26.04 rows=9 width=73) (actual time=26.811..50.804 rows=6 loops=6300)
         Index Cond: (movie_id = del.a)
         Buffers: shared hit=16702 read=27733
 Planning Time: 428.892 ms
 Execution Time: 320238.897 ms
(9 rows)

                                                                   QUERY PLAN                                                                   
------------------------------------------------------------------------------------------------------------------------------------------------
 Nested Loop  (cost=0.01..164074.66 rows=58523 width=77) (actual time=83.066..321863.515 rows=36459 loops=1)
   Buffers: shared hit=16766 read=27962
   ->  Seq Scan on del_nest_index del  (cost=0.00..2.19 rows=6300 width=4) (actual time=0.062..11.079 rows=6300 loops=1)
         Buffers: shared read=56
   ->  Index Scan using movie_id_movie_info on movie_info mi  (cost=0.01..26.04 rows=9 width=73) (actual time=26.653..51.066 rows=6 loops=6300)
         Index Cond: (movie_id = del.a)
         Buffers: shared hit=16766 read=27906
 Planning Time: 263.582 ms
 Execution Time: 321896.411 ms
(9 rows)

                                                                   QUERY PLAN                                                                   
------------------------------------------------------------------------------------------------------------------------------------------------
 Nested Loop  (cost=0.01..164074.66 rows=58523 width=77) (actual time=85.682..321261.510 rows=36573 loops=1)
   Buffers: shared hit=16453 read=27996
   ->  Seq Scan on del_nest_index del  (cost=0.00..2.19 rows=6300 width=4) (actual time=0.056..10.652 rows=6300 loops=1)
         Buffers: shared read=56
   ->  Index Scan using movie_id_movie_info on movie_info mi  (cost=0.01..26.04 rows=9 width=73) (actual time=26.934..50.971 rows=6 loops=6300)
         Index Cond: (movie_id = del.a)
         Buffers: shared hit=16453 read=27940
 Planning Time: 323.901 ms
 Execution Time: 321295.013 ms
(9 rows)

                                                                   QUERY PLAN                                                                   
------------------------------------------------------------------------------------------------------------------------------------------------
 Nested Loop  (cost=0.01..164074.66 rows=58523 width=77) (actual time=75.275..318814.011 rows=36801 loops=1)
   Buffers: shared hit=16716 read=27706
   ->  Seq Scan on del_nest_index del  (cost=0.00..2.19 rows=6300 width=4) (actual time=0.062..10.574 rows=6300 loops=1)
         Buffers: shared read=56
   ->  Index Scan using movie_id_movie_info on movie_info mi  (cost=0.01..26.04 rows=9 width=73) (actual time=26.584..50.583 rows=6 loops=6300)
         Index Cond: (movie_id = del.a)
         Buffers: shared hit=16716 read=27650
 Planning Time: 371.642 ms
 Execution Time: 318847.566 ms
(9 rows)

                                                                   QUERY PLAN                                                                   
------------------------------------------------------------------------------------------------------------------------------------------------
 Nested Loop  (cost=0.01..166307.77 rows=59451 width=77) (actual time=67.727..323844.829 rows=36962 loops=1)
   Buffers: shared hit=16753 read=28303
   ->  Seq Scan on del_nest_index del  (cost=0.00..2.23 rows=6400 width=4) (actual time=0.069..10.560 rows=6400 loops=1)
         Buffers: shared read=57
   ->  Index Scan using movie_id_movie_info on movie_info mi  (cost=0.01..25.98 rows=9 width=73) (actual time=26.594..50.577 rows=6 loops=6400)
         Index Cond: (movie_id = del.a)
         Buffers: shared hit=16753 read=28246
 Planning Time: 269.007 ms
 Execution Time: 323878.220 ms
(9 rows)

                                                                   QUERY PLAN                                                                   
------------------------------------------------------------------------------------------------------------------------------------------------
 Nested Loop  (cost=0.01..166307.77 rows=59451 width=77) (actual time=77.433..324596.524 rows=36954 loops=1)
   Buffers: shared hit=16757 read=28288
   ->  Seq Scan on del_nest_index del  (cost=0.00..2.23 rows=6400 width=4) (actual time=0.062..10.905 rows=6400 loops=1)
         Buffers: shared read=57
   ->  Index Scan using movie_id_movie_info on movie_info mi  (cost=0.01..25.98 rows=9 width=73) (actual time=26.704..50.695 rows=6 loops=6400)
         Index Cond: (movie_id = del.a)
         Buffers: shared hit=16757 read=28231
 Planning Time: 268.983 ms
 Execution Time: 324628.534 ms
(9 rows)

                                                                   QUERY PLAN                                                                   
------------------------------------------------------------------------------------------------------------------------------------------------
 Nested Loop  (cost=0.01..166307.77 rows=59451 width=77) (actual time=66.538..326039.728 rows=37032 loops=1)
   Buffers: shared hit=16901 read=28393
   ->  Seq Scan on del_nest_index del  (cost=0.00..2.23 rows=6400 width=4) (actual time=0.051..10.735 rows=6400 loops=1)
         Buffers: shared read=57
   ->  Index Scan using movie_id_movie_info on movie_info mi  (cost=0.01..25.98 rows=9 width=73) (actual time=26.646..50.920 rows=6 loops=6400)
         Index Cond: (movie_id = del.a)
         Buffers: shared hit=16901 read=28336
 Planning Time: 327.351 ms
 Execution Time: 326073.913 ms
(9 rows)

                                                                   QUERY PLAN                                                                   
------------------------------------------------------------------------------------------------------------------------------------------------
 Nested Loop  (cost=0.01..166307.77 rows=59451 width=77) (actual time=83.532..331500.575 rows=36781 loops=1)
   Buffers: shared hit=16777 read=28043
   ->  Seq Scan on del_nest_index del  (cost=0.00..2.23 rows=6400 width=4) (actual time=0.056..10.635 rows=6400 loops=1)
         Buffers: shared read=57
   ->  Index Scan using movie_id_movie_info on movie_info mi  (cost=0.01..25.98 rows=9 width=73) (actual time=27.211..51.773 rows=6 loops=6400)
         Index Cond: (movie_id = del.a)
         Buffers: shared hit=16777 read=27986
 Planning Time: 265.092 ms
 Execution Time: 331532.070 ms
(9 rows)

                                                                   QUERY PLAN                                                                   
------------------------------------------------------------------------------------------------------------------------------------------------
 Nested Loop  (cost=0.01..166307.77 rows=59451 width=77) (actual time=170.275..338178.996 rows=40767 loops=1)
   Buffers: shared hit=16803 read=28719
   ->  Seq Scan on del_nest_index del  (cost=0.00..2.23 rows=6400 width=4) (actual time=0.055..11.041 rows=6400 loops=1)
         Buffers: shared read=57
   ->  Index Scan using movie_id_movie_info on movie_info mi  (cost=0.01..25.98 rows=9 width=73) (actual time=27.516..52.816 rows=6 loops=6400)
         Index Cond: (movie_id = del.a)
         Buffers: shared hit=16803 read=28662
 Planning Time: 248.454 ms
 Execution Time: 338211.230 ms
(9 rows)

                                                                   QUERY PLAN                                                                   
------------------------------------------------------------------------------------------------------------------------------------------------
 Nested Loop  (cost=0.01..168531.85 rows=60380 width=77) (actual time=83.042..331707.914 rows=38975 loops=1)
   Buffers: shared hit=17398 read=28884
   ->  Seq Scan on del_nest_index del  (cost=0.00..2.27 rows=6500 width=4) (actual time=0.057..10.571 rows=6500 loops=1)
         Buffers: shared read=58
   ->  Index Scan using movie_id_movie_info on movie_info mi  (cost=0.01..25.93 rows=9 width=73) (actual time=26.611..51.008 rows=6 loops=6500)
         Index Cond: (movie_id = del.a)
         Buffers: shared hit=17398 read=28826
 Planning Time: 322.345 ms
 Execution Time: 331738.164 ms
(9 rows)

                                                                   QUERY PLAN                                                                   
------------------------------------------------------------------------------------------------------------------------------------------------
 Nested Loop  (cost=0.01..168531.85 rows=60380 width=77) (actual time=71.649..330385.981 rows=38030 loops=1)
   Buffers: shared hit=17348 read=28771
   ->  Seq Scan on del_nest_index del  (cost=0.00..2.27 rows=6500 width=4) (actual time=0.039..11.041 rows=6500 loops=1)
         Buffers: shared read=58
   ->  Index Scan using movie_id_movie_info on movie_info mi  (cost=0.01..25.93 rows=9 width=73) (actual time=26.692..50.805 rows=6 loops=6500)
         Index Cond: (movie_id = del.a)
         Buffers: shared hit=17348 read=28713
 Planning Time: 340.037 ms
 Execution Time: 330415.595 ms
(9 rows)

                                                                   QUERY PLAN                                                                   
------------------------------------------------------------------------------------------------------------------------------------------------
 Nested Loop  (cost=0.01..168531.85 rows=60380 width=77) (actual time=64.838..331742.945 rows=38229 loops=1)
   Buffers: shared hit=17192 read=28722
   ->  Seq Scan on del_nest_index del  (cost=0.00..2.27 rows=6500 width=4) (actual time=0.044..10.217 rows=6500 loops=1)
         Buffers: shared read=58
   ->  Index Scan using movie_id_movie_info on movie_info mi  (cost=0.01..25.93 rows=9 width=73) (actual time=26.752..51.015 rows=6 loops=6500)
         Index Cond: (movie_id = del.a)
         Buffers: shared hit=17192 read=28664
 Planning Time: 344.051 ms
 Execution Time: 331774.658 ms
(9 rows)

                                                                   QUERY PLAN                                                                   
------------------------------------------------------------------------------------------------------------------------------------------------
 Nested Loop  (cost=0.01..168531.85 rows=60380 width=77) (actual time=78.522..332975.098 rows=38783 loops=1)
   Buffers: shared hit=17454 read=28874
   ->  Seq Scan on del_nest_index del  (cost=0.00..2.27 rows=6500 width=4) (actual time=0.039..10.342 rows=6500 loops=1)
         Buffers: shared read=58
   ->  Index Scan using movie_id_movie_info on movie_info mi  (cost=0.01..25.93 rows=9 width=73) (actual time=26.731..51.204 rows=6 loops=6500)
         Index Cond: (movie_id = del.a)
         Buffers: shared hit=17454 read=28816
 Planning Time: 377.335 ms
 Execution Time: 333009.203 ms
(9 rows)

                                                                   QUERY PLAN                                                                   
------------------------------------------------------------------------------------------------------------------------------------------------
 Nested Loop  (cost=0.01..168531.85 rows=60380 width=77) (actual time=83.397..329766.402 rows=38105 loops=1)
   Buffers: shared hit=17181 read=28837
   ->  Seq Scan on del_nest_index del  (cost=0.00..2.27 rows=6500 width=4) (actual time=0.054..10.607 rows=6500 loops=1)
         Buffers: shared read=58
   ->  Index Scan using movie_id_movie_info on movie_info mi  (cost=0.01..25.93 rows=9 width=73) (actual time=26.439..50.710 rows=6 loops=6500)
         Index Cond: (movie_id = del.a)
         Buffers: shared hit=17181 read=28779
 Planning Time: 298.377 ms
 Execution Time: 329798.009 ms
(9 rows)

                                                                   QUERY PLAN                                                                   
------------------------------------------------------------------------------------------------------------------------------------------------
 Nested Loop  (cost=0.01..170743.74 rows=61309 width=77) (actual time=161.965..337980.335 rows=41615 loops=1)
   Buffers: shared hit=17451 read=29638
   ->  Seq Scan on del_nest_index del  (cost=0.00..2.28 rows=6600 width=4) (actual time=0.059..10.704 rows=6600 loops=1)
         Buffers: shared read=58
   ->  Index Scan using movie_id_movie_info on movie_info mi  (cost=0.01..25.87 rows=9 width=73) (actual time=26.590..51.186 rows=6 loops=6600)
         Index Cond: (movie_id = del.a)
         Buffers: shared hit=17451 read=29580
 Planning Time: 278.150 ms
 Execution Time: 338019.124 ms
(9 rows)

                                                                   QUERY PLAN                                                                   
------------------------------------------------------------------------------------------------------------------------------------------------
 Nested Loop  (cost=0.01..170743.77 rows=61309 width=77) (actual time=74.155..339909.154 rows=38207 loops=1)
   Buffers: shared hit=17615 read=29021
   ->  Seq Scan on del_nest_index del  (cost=0.00..2.31 rows=6600 width=4) (actual time=0.062..11.461 rows=6600 loops=1)
         Buffers: shared read=59
   ->  Index Scan using movie_id_movie_info on movie_info mi  (cost=0.01..25.87 rows=9 width=73) (actual time=26.826..51.478 rows=6 loops=6600)
         Index Cond: (movie_id = del.a)
         Buffers: shared hit=17615 read=28962
 Planning Time: 277.345 ms
 Execution Time: 339943.838 ms
(9 rows)

                                                                   QUERY PLAN                                                                   
------------------------------------------------------------------------------------------------------------------------------------------------
 Nested Loop  (cost=0.01..170743.77 rows=61309 width=77) (actual time=76.744..335412.920 rows=39331 loops=1)
   Buffers: shared hit=17532 read=29194
   ->  Seq Scan on del_nest_index del  (cost=0.00..2.31 rows=6600 width=4) (actual time=0.072..11.114 rows=6600 loops=1)
         Buffers: shared read=59
   ->  Index Scan using movie_id_movie_info on movie_info mi  (cost=0.01..25.87 rows=9 width=73) (actual time=26.691..50.797 rows=6 loops=6600)
         Index Cond: (movie_id = del.a)
         Buffers: shared hit=17532 read=29135
 Planning Time: 306.690 ms
 Execution Time: 335445.834 ms
(9 rows)

                                                                   QUERY PLAN                                                                   
------------------------------------------------------------------------------------------------------------------------------------------------
 Nested Loop  (cost=0.01..170743.77 rows=61309 width=77) (actual time=79.553..337649.563 rows=38867 loops=1)
   Buffers: shared hit=17590 read=29337
   ->  Seq Scan on del_nest_index del  (cost=0.00..2.31 rows=6600 width=4) (actual time=0.065..10.732 rows=6600 loops=1)
         Buffers: shared read=59
   ->  Index Scan using movie_id_movie_info on movie_info mi  (cost=0.01..25.87 rows=9 width=73) (actual time=26.650..51.136 rows=6 loops=6600)
         Index Cond: (movie_id = del.a)
         Buffers: shared hit=17590 read=29278
 Planning Time: 260.677 ms
 Execution Time: 337682.510 ms
(9 rows)

                                                                   QUERY PLAN                                                                   
------------------------------------------------------------------------------------------------------------------------------------------------
 Nested Loop  (cost=0.01..170743.77 rows=61309 width=77) (actual time=76.288..334240.539 rows=39619 loops=1)
   Buffers: shared hit=17623 read=29010
   ->  Seq Scan on del_nest_index del  (cost=0.00..2.31 rows=6600 width=4) (actual time=0.038..10.912 rows=6600 loops=1)
         Buffers: shared read=59
   ->  Index Scan using movie_id_movie_info on movie_info mi  (cost=0.01..25.87 rows=9 width=73) (actual time=26.615..50.619 rows=6 loops=6600)
         Index Cond: (movie_id = del.a)
         Buffers: shared hit=17623 read=28951
 Planning Time: 261.075 ms
 Execution Time: 334273.993 ms
(9 rows)

                                                                   QUERY PLAN                                                                   
------------------------------------------------------------------------------------------------------------------------------------------------
 Nested Loop  (cost=0.01..172952.67 rows=62238 width=77) (actual time=79.922..337501.000 rows=39041 loops=1)
   Buffers: shared hit=17847 read=29502
   ->  Seq Scan on del_nest_index del  (cost=0.00..2.31 rows=6700 width=4) (actual time=0.063..11.405 rows=6700 loops=1)
         Buffers: shared read=59
   ->  Index Scan using movie_id_movie_info on movie_info mi  (cost=0.01..25.81 rows=9 width=73) (actual time=26.432..50.350 rows=6 loops=6700)
         Index Cond: (movie_id = del.a)
         Buffers: shared hit=17847 read=29443
 Planning Time: 252.751 ms
 Execution Time: 337536.051 ms
(9 rows)

                                                                   QUERY PLAN                                                                   
------------------------------------------------------------------------------------------------------------------------------------------------
 Nested Loop  (cost=0.01..172952.70 rows=62238 width=77) (actual time=73.266..339255.787 rows=38258 loops=1)
   Buffers: shared hit=18036 read=29499
   ->  Seq Scan on del_nest_index del  (cost=0.00..2.35 rows=6700 width=4) (actual time=0.058..11.328 rows=6700 loops=1)
         Buffers: shared read=60
   ->  Index Scan using movie_id_movie_info on movie_info mi  (cost=0.01..25.81 rows=9 width=73) (actual time=26.539..50.612 rows=6 loops=6700)
         Index Cond: (movie_id = del.a)
         Buffers: shared hit=18036 read=29439
 Planning Time: 322.342 ms
 Execution Time: 339290.336 ms
(9 rows)

                                                                   QUERY PLAN                                                                   
------------------------------------------------------------------------------------------------------------------------------------------------
 Nested Loop  (cost=0.01..172952.70 rows=62238 width=77) (actual time=72.546..347344.555 rows=41107 loops=1)
   Buffers: shared hit=17826 read=29734
   ->  Seq Scan on del_nest_index del  (cost=0.00..2.35 rows=6700 width=4) (actual time=0.071..10.609 rows=6700 loops=1)
         Buffers: shared read=60
   ->  Index Scan using movie_id_movie_info on movie_info mi  (cost=0.01..25.81 rows=9 width=73) (actual time=26.896..51.819 rows=6 loops=6700)
         Index Cond: (movie_id = del.a)
         Buffers: shared hit=17826 read=29674
 Planning Time: 302.324 ms
 Execution Time: 347378.657 ms
(9 rows)

                                                                   QUERY PLAN                                                                   
------------------------------------------------------------------------------------------------------------------------------------------------
 Nested Loop  (cost=0.01..172952.70 rows=62238 width=77) (actual time=76.471..335581.295 rows=40600 loops=1)
   Buffers: shared hit=17994 read=29482
   ->  Seq Scan on del_nest_index del  (cost=0.00..2.35 rows=6700 width=4) (actual time=0.062..10.499 rows=6700 loops=1)
         Buffers: shared read=60
   ->  Index Scan using movie_id_movie_info on movie_info mi  (cost=0.01..25.81 rows=9 width=73) (actual time=26.080..50.064 rows=6 loops=6700)
         Index Cond: (movie_id = del.a)
         Buffers: shared hit=17994 read=29422
 Planning Time: 255.047 ms
 Execution Time: 335614.566 ms
(9 rows)

                                                                   QUERY PLAN                                                                   
------------------------------------------------------------------------------------------------------------------------------------------------
 Nested Loop  (cost=0.01..172952.70 rows=62238 width=77) (actual time=70.313..338548.807 rows=39771 loops=1)
   Buffers: shared hit=17943 read=29449
   ->  Seq Scan on del_nest_index del  (cost=0.00..2.35 rows=6700 width=4) (actual time=0.055..10.723 rows=6700 loops=1)
         Buffers: shared read=60
   ->  Index Scan using movie_id_movie_info on movie_info mi  (cost=0.01..25.81 rows=9 width=73) (actual time=26.490..50.506 rows=6 loops=6700)
         Index Cond: (movie_id = del.a)
         Buffers: shared hit=17943 read=29389
 Planning Time: 258.258 ms
 Execution Time: 338581.461 ms
(9 rows)

                                                                   QUERY PLAN                                                                   
------------------------------------------------------------------------------------------------------------------------------------------------
 Nested Loop  (cost=0.01..175146.45 rows=63167 width=77) (actual time=66.650..342644.726 rows=40765 loops=1)
   Buffers: shared hit=18319 read=29906
   ->  Seq Scan on del_nest_index del  (cost=0.00..2.35 rows=6800 width=4) (actual time=0.065..11.483 rows=6800 loops=1)
         Buffers: shared read=60
   ->  Index Scan using movie_id_movie_info on movie_info mi  (cost=0.01..25.76 rows=9 width=73) (actual time=26.447..50.365 rows=6 loops=6800)
         Index Cond: (movie_id = del.a)
         Buffers: shared hit=18319 read=29846
 Planning Time: 263.618 ms
 Execution Time: 342679.654 ms
(9 rows)

                                                                   QUERY PLAN                                                                   
------------------------------------------------------------------------------------------------------------------------------------------------
 Nested Loop  (cost=0.01..175146.48 rows=63167 width=77) (actual time=66.901..344194.819 rows=40930 loops=1)
   Buffers: shared hit=18386 read=30105
   ->  Seq Scan on del_nest_index del  (cost=0.00..2.38 rows=6800 width=4) (actual time=0.044..11.229 rows=6800 loops=1)
         Buffers: shared read=61
   ->  Index Scan using movie_id_movie_info on movie_info mi  (cost=0.01..25.76 rows=9 width=73) (actual time=26.552..50.593 rows=6 loops=6800)
         Index Cond: (movie_id = del.a)
         Buffers: shared hit=18386 read=30044
 Planning Time: 285.734 ms
 Execution Time: 344228.899 ms
(9 rows)

                                                                   QUERY PLAN                                                                   
------------------------------------------------------------------------------------------------------------------------------------------------
 Nested Loop  (cost=0.01..175146.48 rows=63167 width=77) (actual time=74.067..341788.873 rows=39831 loops=1)
   Buffers: shared hit=18280 read=29819
   ->  Seq Scan on del_nest_index del  (cost=0.00..2.38 rows=6800 width=4) (actual time=0.062..11.257 rows=6800 loops=1)
         Buffers: shared read=61
   ->  Index Scan using movie_id_movie_info on movie_info mi  (cost=0.01..25.76 rows=9 width=73) (actual time=26.489..50.240 rows=6 loops=6800)
         Index Cond: (movie_id = del.a)
         Buffers: shared hit=18280 read=29758
 Planning Time: 268.983 ms
 Execution Time: 341823.921 ms
(9 rows)

                                                                   QUERY PLAN                                                                   
------------------------------------------------------------------------------------------------------------------------------------------------
 Nested Loop  (cost=0.01..175146.48 rows=63167 width=77) (actual time=71.058..341053.938 rows=41505 loops=1)
   Buffers: shared hit=18298 read=29837
   ->  Seq Scan on del_nest_index del  (cost=0.00..2.38 rows=6800 width=4) (actual time=0.055..11.596 rows=6800 loops=1)
         Buffers: shared read=61
   ->  Index Scan using movie_id_movie_info on movie_info mi  (cost=0.01..25.76 rows=9 width=73) (actual time=26.206..50.131 rows=6 loops=6800)
         Index Cond: (movie_id = del.a)
         Buffers: shared hit=18298 read=29776
 Planning Time: 399.959 ms
 Execution Time: 341086.189 ms
(9 rows)

                                                                   QUERY PLAN                                                                   
------------------------------------------------------------------------------------------------------------------------------------------------
 Nested Loop  (cost=0.01..175146.48 rows=63167 width=77) (actual time=65.865..338791.280 rows=37512 loops=1)
   Buffers: shared hit=18304 read=29468
   ->  Seq Scan on del_nest_index del  (cost=0.00..2.38 rows=6800 width=4) (actual time=0.056..11.726 rows=6800 loops=1)
         Buffers: shared read=61
   ->  Index Scan using movie_id_movie_info on movie_info mi  (cost=0.01..25.76 rows=9 width=73) (actual time=26.204..49.799 rows=6 loops=6800)
         Index Cond: (movie_id = del.a)
         Buffers: shared hit=18304 read=29407
 Planning Time: 432.857 ms
 Execution Time: 338823.751 ms
(9 rows)

                                                                   QUERY PLAN                                                                   
------------------------------------------------------------------------------------------------------------------------------------------------
 Nested Loop  (cost=0.01..177331.16 rows=64096 width=77) (actual time=68.473..346871.604 rows=40408 loops=1)
   Buffers: shared hit=18700 read=30243
   ->  Seq Scan on del_nest_index del  (cost=0.00..2.39 rows=6900 width=4) (actual time=0.061..12.244 rows=6900 loops=1)
         Buffers: shared read=61
   ->  Index Scan using movie_id_movie_info on movie_info mi  (cost=0.01..25.70 rows=9 width=73) (actual time=26.171..50.248 rows=6 loops=6900)
         Index Cond: (movie_id = del.a)
         Buffers: shared hit=18700 read=30182
 Planning Time: 280.297 ms
 Execution Time: 346906.001 ms
(9 rows)

                                                                   QUERY PLAN                                                                   
------------------------------------------------------------------------------------------------------------------------------------------------
 Nested Loop  (cost=0.01..177331.19 rows=64096 width=77) (actual time=68.942..343916.805 rows=39800 loops=1)
   Buffers: shared hit=18604 read=29970
   ->  Seq Scan on del_nest_index del  (cost=0.00..2.42 rows=6900 width=4) (actual time=0.066..12.246 rows=6900 loops=1)
         Buffers: shared read=62
   ->  Index Scan using movie_id_movie_info on movie_info mi  (cost=0.01..25.70 rows=9 width=73) (actual time=26.102..49.820 rows=6 loops=6900)
         Index Cond: (movie_id = del.a)
         Buffers: shared hit=18604 read=29908
 Planning Time: 338.501 ms
 Execution Time: 343952.010 ms
(9 rows)

                                                                   QUERY PLAN                                                                   
------------------------------------------------------------------------------------------------------------------------------------------------
 Nested Loop  (cost=0.01..177331.19 rows=64096 width=77) (actual time=38.645..341577.854 rows=40085 loops=1)
   Buffers: shared hit=18554 read=29652
   ->  Seq Scan on del_nest_index del  (cost=0.00..2.42 rows=6900 width=4) (actual time=0.061..11.586 rows=6900 loops=1)
         Buffers: shared read=62
   ->  Index Scan using movie_id_movie_info on movie_info mi  (cost=0.01..25.70 rows=9 width=73) (actual time=26.230..49.481 rows=6 loops=6900)
         Index Cond: (movie_id = del.a)
         Buffers: shared hit=18554 read=29590
 Planning Time: 230.219 ms
 Execution Time: 341610.612 ms
(9 rows)

                                                                   QUERY PLAN                                                                   
------------------------------------------------------------------------------------------------------------------------------------------------
 Nested Loop  (cost=0.01..177331.19 rows=64096 width=77) (actual time=41.166..346103.419 rows=40013 loops=1)
   Buffers: shared hit=18722 read=30017
   ->  Seq Scan on del_nest_index del  (cost=0.00..2.42 rows=6900 width=4) (actual time=0.063..11.631 rows=6900 loops=1)
         Buffers: shared read=62
   ->  Index Scan using movie_id_movie_info on movie_info mi  (cost=0.01..25.70 rows=9 width=73) (actual time=26.273..50.137 rows=6 loops=6900)
         Index Cond: (movie_id = del.a)
         Buffers: shared hit=18722 read=29955
 Planning Time: 227.318 ms
 Execution Time: 346136.828 ms
(9 rows)

                                                                   QUERY PLAN                                                                   
------------------------------------------------------------------------------------------------------------------------------------------------
 Nested Loop  (cost=0.01..177331.19 rows=64096 width=77) (actual time=46.598..351856.207 rows=42141 loops=1)
   Buffers: shared hit=18647 read=30595
   ->  Seq Scan on del_nest_index del  (cost=0.00..2.42 rows=6900 width=4) (actual time=0.063..11.214 rows=6900 loops=1)
         Buffers: shared read=62
   ->  Index Scan using movie_id_movie_info on movie_info mi  (cost=0.01..25.70 rows=9 width=73) (actual time=26.447..50.970 rows=6 loops=6900)
         Index Cond: (movie_id = del.a)
         Buffers: shared hit=18647 read=30533
 Planning Time: 220.631 ms
 Execution Time: 351890.520 ms
(9 rows)

                                                                   QUERY PLAN                                                                   
------------------------------------------------------------------------------------------------------------------------------------------------
 Nested Loop  (cost=0.01..179506.76 rows=65025 width=77) (actual time=42.546..350152.770 rows=42375 loops=1)
   Buffers: shared hit=19055 read=30502
   ->  Seq Scan on del_nest_index del  (cost=0.00..2.43 rows=7000 width=4) (actual time=0.066..11.473 rows=7000 loops=1)
         Buffers: shared read=62
   ->  Index Scan using movie_id_movie_info on movie_info mi  (cost=0.01..25.64 rows=9 width=73) (actual time=26.256..49.998 rows=6 loops=7000)
         Index Cond: (movie_id = del.a)
         Buffers: shared hit=19055 read=30440
 Planning Time: 247.011 ms
 Execution Time: 350190.991 ms
(9 rows)

                                                                   QUERY PLAN                                                                   
------------------------------------------------------------------------------------------------------------------------------------------------
 Nested Loop  (cost=0.01..179506.76 rows=65025 width=77) (actual time=46.124..352705.829 rows=43058 loops=1)
   Buffers: shared hit=19089 read=30625
   ->  Seq Scan on del_nest_index del  (cost=0.00..2.43 rows=7000 width=4) (actual time=0.064..11.054 rows=7000 loops=1)
         Buffers: shared read=62
   ->  Index Scan using movie_id_movie_info on movie_info mi  (cost=0.01..25.64 rows=9 width=73) (actual time=26.260..50.363 rows=6 loops=7000)
         Index Cond: (movie_id = del.a)
         Buffers: shared hit=19089 read=30563
 Planning Time: 255.055 ms
 Execution Time: 352739.604 ms
(9 rows)

                                                                   QUERY PLAN                                                                   
------------------------------------------------------------------------------------------------------------------------------------------------
 Nested Loop  (cost=0.01..179506.76 rows=65025 width=77) (actual time=49.105..347618.215 rows=39334 loops=1)
   Buffers: shared hit=18784 read=30137
   ->  Seq Scan on del_nest_index del  (cost=0.00..2.43 rows=7000 width=4) (actual time=0.041..11.388 rows=7000 loops=1)
         Buffers: shared read=62
   ->  Index Scan using movie_id_movie_info on movie_info mi  (cost=0.01..25.64 rows=9 width=73) (actual time=26.156..49.637 rows=6 loops=7000)
         Index Cond: (movie_id = del.a)
         Buffers: shared hit=18784 read=30075
 Planning Time: 241.594 ms
 Execution Time: 347649.570 ms
(9 rows)

                                                                   QUERY PLAN                                                                   
------------------------------------------------------------------------------------------------------------------------------------------------
 Nested Loop  (cost=0.01..179506.76 rows=65025 width=77) (actual time=44.185..353371.185 rows=43437 loops=1)
   Buffers: shared hit=18932 read=30983
   ->  Seq Scan on del_nest_index del  (cost=0.00..2.43 rows=7000 width=4) (actual time=0.063..11.514 rows=7000 loops=1)
         Buffers: shared read=62
   ->  Index Scan using movie_id_movie_info on movie_info mi  (cost=0.01..25.64 rows=9 width=73) (actual time=26.365..50.458 rows=6 loops=7000)
         Index Cond: (movie_id = del.a)
         Buffers: shared hit=18932 read=30921
 Planning Time: 237.209 ms
 Execution Time: 353404.377 ms
(9 rows)

                                                                   QUERY PLAN                                                                   
------------------------------------------------------------------------------------------------------------------------------------------------
 Nested Loop  (cost=0.01..179506.76 rows=65025 width=77) (actual time=42.806..347898.319 rows=42068 loops=1)
   Buffers: shared hit=18979 read=30496
   ->  Seq Scan on del_nest_index del  (cost=0.00..2.43 rows=7000 width=4) (actual time=0.061..11.549 rows=7000 loops=1)
         Buffers: shared read=62
   ->  Index Scan using movie_id_movie_info on movie_info mi  (cost=0.01..25.64 rows=9 width=73) (actual time=25.930..49.677 rows=6 loops=7000)
         Index Cond: (movie_id = del.a)
         Buffers: shared hit=18979 read=30434
 Planning Time: 230.054 ms
 Execution Time: 347930.956 ms
(9 rows)

                                                                   QUERY PLAN                                                                   
------------------------------------------------------------------------------------------------------------------------------------------------
 Nested Loop  (cost=0.01..181673.34 rows=65954 width=77) (actual time=47.360..350432.800 rows=41498 loops=1)
   Buffers: shared hit=19297 read=30526
   ->  Seq Scan on del_nest_index del  (cost=0.00..2.47 rows=7100 width=4) (actual time=0.066..11.638 rows=7100 loops=1)
         Buffers: shared read=63
   ->  Index Scan using movie_id_movie_info on movie_info mi  (cost=0.01..25.59 rows=9 width=73) (actual time=25.901..49.332 rows=6 loops=7100)
         Index Cond: (movie_id = del.a)
         Buffers: shared hit=19297 read=30463
 Planning Time: 320.583 ms
 Execution Time: 350508.862 ms
(9 rows)

                                                                   QUERY PLAN                                                                   
------------------------------------------------------------------------------------------------------------------------------------------------
 Nested Loop  (cost=0.01..181673.34 rows=65954 width=77) (actual time=51.957..355939.676 rows=41073 loops=1)
   Buffers: shared hit=19223 read=30858
   ->  Seq Scan on del_nest_index del  (cost=0.00..2.47 rows=7100 width=4) (actual time=0.066..11.718 rows=7100 loops=1)
         Buffers: shared read=63
   ->  Index Scan using movie_id_movie_info on movie_info mi  (cost=0.01..25.59 rows=9 width=73) (actual time=26.279..50.109 rows=6 loops=7100)
         Index Cond: (movie_id = del.a)
         Buffers: shared hit=19223 read=30795
 Planning Time: 238.692 ms
 Execution Time: 355974.219 ms
(9 rows)

                                                                   QUERY PLAN                                                                   
------------------------------------------------------------------------------------------------------------------------------------------------
 Nested Loop  (cost=0.01..181673.34 rows=65954 width=77) (actual time=42.857..353276.304 rows=41864 loops=1)
   Buffers: shared hit=19285 read=30830
   ->  Seq Scan on del_nest_index del  (cost=0.00..2.47 rows=7100 width=4) (actual time=0.063..11.933 rows=7100 loops=1)
         Buffers: shared read=63
   ->  Index Scan using movie_id_movie_info on movie_info mi  (cost=0.01..25.59 rows=9 width=73) (actual time=26.032..49.734 rows=6 loops=7100)
         Index Cond: (movie_id = del.a)
         Buffers: shared hit=19285 read=30767
 Planning Time: 288.506 ms
 Execution Time: 353311.229 ms
(9 rows)

                                                                   QUERY PLAN                                                                   
------------------------------------------------------------------------------------------------------------------------------------------------
 Nested Loop  (cost=0.01..181673.34 rows=65954 width=77) (actual time=52.939..352001.769 rows=41178 loops=1)
   Buffers: shared hit=19390 read=30679
   ->  Seq Scan on del_nest_index del  (cost=0.00..2.47 rows=7100 width=4) (actual time=0.050..11.989 rows=7100 loops=1)
         Buffers: shared read=63
   ->  Index Scan using movie_id_movie_info on movie_info mi  (cost=0.01..25.59 rows=9 width=73) (actual time=25.972..49.555 rows=6 loops=7100)
         Index Cond: (movie_id = del.a)
         Buffers: shared hit=19390 read=30616
 Planning Time: 237.219 ms
 Execution Time: 352037.286 ms
(9 rows)

                                                                   QUERY PLAN                                                                   
------------------------------------------------------------------------------------------------------------------------------------------------
 Nested Loop  (cost=0.01..181673.34 rows=65954 width=77) (actual time=45.165..355554.733 rows=43389 loops=1)
   Buffers: shared hit=19250 read=30957
   ->  Seq Scan on del_nest_index del  (cost=0.00..2.47 rows=7100 width=4) (actual time=0.057..12.896 rows=7100 loops=1)
         Buffers: shared read=63
   ->  Index Scan using movie_id_movie_info on movie_info mi  (cost=0.01..25.59 rows=9 width=73) (actual time=26.247..50.054 rows=6 loops=7100)
         Index Cond: (movie_id = del.a)
         Buffers: shared hit=19250 read=30894
 Planning Time: 282.169 ms
 Execution Time: 355587.900 ms
(9 rows)

                                                                   QUERY PLAN                                                                   
------------------------------------------------------------------------------------------------------------------------------------------------
 Nested Loop  (cost=0.01..183827.79 rows=66883 width=77) (actual time=58.819..354439.278 rows=41540 loops=1)
   Buffers: shared hit=19636 read=31002
   ->  Seq Scan on del_nest_index del  (cost=0.00..2.51 rows=7200 width=4) (actual time=0.064..11.483 rows=7200 loops=1)
         Buffers: shared read=64
   ->  Index Scan using movie_id_movie_info on movie_info mi  (cost=0.01..25.53 rows=9 width=73) (actual time=25.916..49.205 rows=6 loops=7200)
         Index Cond: (movie_id = del.a)
         Buffers: shared hit=19636 read=30938
 Planning Time: 246.931 ms
 Execution Time: 354474.525 ms
(9 rows)

                                                                   QUERY PLAN                                                                   
------------------------------------------------------------------------------------------------------------------------------------------------
 Nested Loop  (cost=0.01..183827.79 rows=66883 width=77) (actual time=53.655..355722.776 rows=42076 loops=1)
   Buffers: shared hit=19510 read=30912
   ->  Seq Scan on del_nest_index del  (cost=0.00..2.51 rows=7200 width=4) (actual time=0.053..11.376 rows=7200 loops=1)
         Buffers: shared read=64
   ->  Index Scan using movie_id_movie_info on movie_info mi  (cost=0.01..25.53 rows=9 width=73) (actual time=26.007..49.383 rows=6 loops=7200)
         Index Cond: (movie_id = del.a)
         Buffers: shared hit=19510 read=30848
 Planning Time: 274.935 ms
 Execution Time: 355756.215 ms
(9 rows)

                                                                   QUERY PLAN                                                                   
------------------------------------------------------------------------------------------------------------------------------------------------
 Nested Loop  (cost=0.01..183827.79 rows=66883 width=77) (actual time=33.958..355361.860 rows=42461 loops=1)
   Buffers: shared hit=19568 read=30806
   ->  Seq Scan on del_nest_index del  (cost=0.00..2.51 rows=7200 width=4) (actual time=0.064..12.174 rows=7200 loops=1)
         Buffers: shared read=64
   ->  Index Scan using movie_id_movie_info on movie_info mi  (cost=0.01..25.53 rows=9 width=73) (actual time=26.071..49.333 rows=6 loops=7200)
         Index Cond: (movie_id = del.a)
         Buffers: shared hit=19568 read=30742
 Planning Time: 243.972 ms
 Execution Time: 355397.078 ms
(9 rows)

                                                                   QUERY PLAN                                                                   
------------------------------------------------------------------------------------------------------------------------------------------------
 Nested Loop  (cost=0.01..183827.79 rows=66883 width=77) (actual time=39.444..359794.252 rows=42327 loops=1)
   Buffers: shared hit=19586 read=31368
   ->  Seq Scan on del_nest_index del  (cost=0.00..2.51 rows=7200 width=4) (actual time=0.062..12.181 rows=7200 loops=1)
         Buffers: shared read=64
   ->  Index Scan using movie_id_movie_info on movie_info mi  (cost=0.01..25.53 rows=9 width=73) (actual time=26.187..49.948 rows=6 loops=7200)
         Index Cond: (movie_id = del.a)
         Buffers: shared hit=19586 read=31304
 Planning Time: 227.344 ms
 Execution Time: 359827.933 ms
(9 rows)

                                                                   QUERY PLAN                                                                   
------------------------------------------------------------------------------------------------------------------------------------------------
 Nested Loop  (cost=0.01..183827.79 rows=66883 width=77) (actual time=43.278..361127.394 rows=41276 loops=1)
   Buffers: shared hit=19417 read=31608
   ->  Seq Scan on del_nest_index del  (cost=0.00..2.51 rows=7200 width=4) (actual time=0.066..11.587 rows=7200 loops=1)
         Buffers: shared read=64
   ->  Index Scan using movie_id_movie_info on movie_info mi  (cost=0.01..25.53 rows=9 width=73) (actual time=26.293..50.134 rows=6 loops=7200)
         Index Cond: (movie_id = del.a)
         Buffers: shared hit=19417 read=31544
 Planning Time: 244.011 ms
 Execution Time: 361163.284 ms
(9 rows)

                                                                   QUERY PLAN                                                                   
------------------------------------------------------------------------------------------------------------------------------------------------
 Nested Loop  (cost=0.01..185976.19 rows=67812 width=77) (actual time=45.129..365091.023 rows=42573 loops=1)
   Buffers: shared hit=20045 read=31931
   ->  Seq Scan on del_nest_index del  (cost=0.00..2.54 rows=7300 width=4) (actual time=0.043..11.806 rows=7300 loops=1)
         Buffers: shared read=65
   ->  Index Scan using movie_id_movie_info on movie_info mi  (cost=0.01..25.48 rows=9 width=73) (actual time=26.081..49.989 rows=6 loops=7300)
         Index Cond: (movie_id = del.a)
         Buffers: shared hit=20045 read=31866
 Planning Time: 277.346 ms
 Execution Time: 365125.997 ms
(9 rows)

                                                                   QUERY PLAN                                                                   
------------------------------------------------------------------------------------------------------------------------------------------------
 Nested Loop  (cost=0.01..185976.19 rows=67812 width=77) (actual time=42.737..364518.375 rows=43641 loops=1)
   Buffers: shared hit=19954 read=31705
   ->  Seq Scan on del_nest_index del  (cost=0.00..2.54 rows=7300 width=4) (actual time=0.059..11.892 rows=7300 loops=1)
         Buffers: shared read=65
   ->  Index Scan using movie_id_movie_info on movie_info mi  (cost=0.01..25.48 rows=9 width=73) (actual time=25.977..49.911 rows=6 loops=7300)
         Index Cond: (movie_id = del.a)
         Buffers: shared hit=19954 read=31640
 Planning Time: 277.415 ms
 Execution Time: 364578.402 ms
(9 rows)

                                                                   QUERY PLAN                                                                   
------------------------------------------------------------------------------------------------------------------------------------------------
 Nested Loop  (cost=0.01..185976.19 rows=67812 width=77) (actual time=77.867..362517.176 rows=42673 loops=1)
   Buffers: shared hit=19846 read=31770
   ->  Seq Scan on del_nest_index del  (cost=0.00..2.54 rows=7300 width=4) (actual time=0.070..12.506 rows=7300 loops=1)
         Buffers: shared read=65
   ->  Index Scan using movie_id_movie_info on movie_info mi  (cost=0.01..25.48 rows=9 width=73) (actual time=26.080..49.637 rows=6 loops=7300)
         Index Cond: (movie_id = del.a)
         Buffers: shared hit=19846 read=31705
 Planning Time: 319.029 ms
 Execution Time: 362551.699 ms
(9 rows)

                                                                   QUERY PLAN                                                                   
------------------------------------------------------------------------------------------------------------------------------------------------
 Nested Loop  (cost=0.01..185976.19 rows=67812 width=77) (actual time=75.167..363742.338 rows=42900 loops=1)
   Buffers: shared hit=19826 read=31791
   ->  Seq Scan on del_nest_index del  (cost=0.00..2.54 rows=7300 width=4) (actual time=0.058..11.686 rows=7300 loops=1)
         Buffers: shared read=65
   ->  Index Scan using movie_id_movie_info on movie_info mi  (cost=0.01..25.48 rows=9 width=73) (actual time=25.958..49.805 rows=6 loops=7300)
         Index Cond: (movie_id = del.a)
         Buffers: shared hit=19826 read=31726
 Planning Time: 497.353 ms
 Execution Time: 363777.874 ms
(9 rows)

                                                                   QUERY PLAN                                                                   
------------------------------------------------------------------------------------------------------------------------------------------------
 Nested Loop  (cost=0.01..185976.19 rows=67812 width=77) (actual time=80.523..373698.435 rows=46067 loops=1)
   Buffers: shared hit=19812 read=32152
   ->  Seq Scan on del_nest_index del  (cost=0.00..2.54 rows=7300 width=4) (actual time=0.055..11.909 rows=7300 loops=1)
         Buffers: shared read=65
   ->  Index Scan using movie_id_movie_info on movie_info mi  (cost=0.01..25.48 rows=9 width=73) (actual time=26.524..51.168 rows=6 loops=7300)
         Index Cond: (movie_id = del.a)
         Buffers: shared hit=19812 read=32087
 Planning Time: 323.398 ms
 Execution Time: 373732.766 ms
(9 rows)

