 [                                                                                                                                                               
   {                                                                                                                                                             
     "Plan": {                                                                                                                                                   
       "Node Type": "Aggregate",                                                                                                                                 
       "Strategy": "Plain",                                                                                                                                      
       "Partial Mode": "Simple",                                                                                                                                 
       "Parallel Aware": false,                                                                                                                                  
       "Startup Cost": 26350.71,                                                                                                                                 
       "Total Cost": 26350.71,                                                                                                                                   
       "Plan Rows": 1,                                                                                                                                           
       "Plan Width": 96,                                                                                                                                         
       "Actual Startup Time": 5976.913,                                                                                                                          
       "Actual Total Time": 5976.913,                                                                                                                            
       "Actual Rows": 1,                                                                                                                                         
       "Actual Loops": 1,                                                                                                                                        
       "Shared Hit Blocks": 19,                                                                                                                                  
       "Shared Read Blocks": 83334,                                                                                                                              
       "Shared Dirtied Blocks": 0,                                                                                                                               
       "Shared Written Blocks": 0,                                                                                                                               
       "Local Hit Blocks": 0,                                                                                                                                    
       "Local Read Blocks": 0,                                                                                                                                   
       "Local Dirtied Blocks": 0,                                                                                                                                
       "Local Written Blocks": 0,                                                                                                                                
       "Temp Read Blocks": 0,                                                                                                                                    
       "Temp Written Blocks": 0,                                                                                                                                 
       "Plans": [                                                                                                                                                
         {                                                                                                                                                       
           "Node Type": "Merge Join",                                                                                                                            
           "Parent Relationship": "Outer",                                                                                                                       
           "Parallel Aware": false,                                                                                                                              
           "Join Type": "Inner",                                                                                                                                 
           "Startup Cost": 26350.57,                                                                                                                             
           "Total Cost": 26350.71,                                                                                                                               
           "Plan Rows": 1,                                                                                                                                       
           "Plan Width": 48,                                                                                                                                     
           "Actual Startup Time": 5951.548,                                                                                                                      
           "Actual Total Time": 5951.928,                                                                                                                        
           "Actual Rows": 310,                                                                                                                                   
           "Actual Loops": 1,                                                                                                                                    
           "Inner Unique": true,                                                                                                                                 
           "Merge Cond": "(mk.keyword_id = k.id)",                                                                                                               
           "Shared Hit Blocks": 19,                                                                                                                              
           "Shared Read Blocks": 83334,                                                                                                                          
           "Shared Dirtied Blocks": 0,                                                                                                                           
           "Shared Written Blocks": 0,                                                                                                                           
           "Local Hit Blocks": 0,                                                                                                                                
           "Local Read Blocks": 0,                                                                                                                               
           "Local Dirtied Blocks": 0,                                                                                                                            
           "Local Written Blocks": 0,                                                                                                                            
           "Temp Read Blocks": 0,                                                                                                                                
           "Temp Written Blocks": 0,                                                                                                                             
           "Plans": [                                                                                                                                            
             {                                                                                                                                                   
               "Node Type": "Sort",                                                                                                                              
               "Parent Relationship": "Outer",                                                                                                                   
               "Parallel Aware": false,                                                                                                                          
               "Startup Cost": 26301.11,                                                                                                                         
               "Total Cost": 26301.18,                                                                                                                           
               "Plan Rows": 859,                                                                                                                                 
               "Plan Width": 52,                                                                                                                                 
               "Actual Startup Time": 5815.421,                                                                                                                  
               "Actual Total Time": 5815.717,                                                                                                                    
               "Actual Rows": 1658,                                                                                                                              
               "Actual Loops": 1,                                                                                                                                
               "Sort Key": ["mk.keyword_id"],                                                                                                                    
               "Sort Method": "quicksort",                                                                                                                       
               "Sort Space Used": 1040,                                                                                                                          
               "Sort Space Type": "Memory",                                                                                                                      
               "Shared Hit Blocks": 17,                                                                                                                          
               "Shared Read Blocks": 82387,                                                                                                                      
               "Shared Dirtied Blocks": 0,                                                                                                                       
               "Shared Written Blocks": 0,                                                                                                                       
               "Local Hit Blocks": 0,                                                                                                                            
               "Local Read Blocks": 0,                                                                                                                           
               "Local Dirtied Blocks": 0,                                                                                                                        
               "Local Written Blocks": 0,                                                                                                                        
               "Temp Read Blocks": 0,                                                                                                                            
               "Temp Written Blocks": 0,                                                                                                                         
               "Plans": [                                                                                                                                        
                 {                                                                                                                                               
                   "Node Type": "Merge Join",                                                                                                                    
                   "Parent Relationship": "Outer",                                                                                                               
                   "Parallel Aware": false,                                                                                                                      
                   "Join Type": "Inner",                                                                                                                         
                   "Startup Cost": 26274.17,                                                                                                                     
                   "Total Cost": 26299.81,                                                                                                                       
                   "Plan Rows": 859,                                                                                                                             
                   "Plan Width": 52,                                                                                                                             
                   "Actual Startup Time": 5787.185,                                                                                                              
                   "Actual Total Time": 5813.228,                                                                                                                
                   "Actual Rows": 6863,                                                                                                                          
                   "Actual Loops": 1,                                                                                                                            
                   "Inner Unique": false,                                                                                                                        
                   "Merge Cond": "(ml.movie_id = mk.movie_id)",                                                                                                  
                   "Shared Hit Blocks": 13,                                                                                                                      
                   "Shared Read Blocks": 82387,                                                                                                                  
                   "Shared Dirtied Blocks": 0,                                                                                                                   
                   "Shared Written Blocks": 0,                                                                                                                   
                   "Local Hit Blocks": 0,                                                                                                                        
                   "Local Read Blocks": 0,                                                                                                                       
                   "Local Dirtied Blocks": 0,                                                                                                                    
                   "Local Written Blocks": 0,                                                                                                                    
                   "Temp Read Blocks": 0,                                                                                                                        
                   "Temp Written Blocks": 0,                                                                                                                     
                   "Plans": [                                                                                                                                    
                     {                                                                                                                                           
                       "Node Type": "Merge Join",                                                                                                                
                       "Parent Relationship": "Outer",                                                                                                           
                       "Parallel Aware": false,                                                                                                                  
                       "Join Type": "Inner",                                                                                                                     
                       "Startup Cost": 9663.25,                                                                                                                  
                       "Total Cost": 9673.69,                                                                                                                    
                       "Plan Rows": 69,                                                                                                                          
                       "Plan Width": 60,                                                                                                                         
                       "Actual Startup Time": 3685.535,                                                                                                          
                       "Actual Total Time": 3698.983,                                                                                                            
                       "Actual Rows": 698,                                                                                                                       
                       "Actual Loops": 1,                                                                                                                        
                       "Inner Unique": true,                                                                                                                     
                       "Merge Cond": "(ml.movie_id = t.id)",                                                                                                     
                       "Shared Hit Blocks": 10,                                                                                                                  
                       "Shared Read Blocks": 57936,                                                                                                              
                       "Shared Dirtied Blocks": 0,                                                                                                               
                       "Shared Written Blocks": 0,                                                                                                               
                       "Local Hit Blocks": 0,                                                                                                                    
                       "Local Read Blocks": 0,                                                                                                                   
                       "Local Dirtied Blocks": 0,                                                                                                                
                       "Local Written Blocks": 0,                                                                                                                
                       "Temp Read Blocks": 0,                                                                                                                    
                       "Temp Written Blocks": 0,                                                                                                                 
                       "Plans": [                                                                                                                                
                         {                                                                                                                                       
                           "Node Type": "Sort",                                                                                                                  
                           "Parent Relationship": "Outer",                                                                                                       
                           "Parallel Aware": false,                                                                                                              
                           "Startup Cost": 5167.59,                                                                                                              
                           "Total Cost": 5167.60,                                                                                                                
                           "Plan Rows": 192,                                                                                                                     
                           "Plan Width": 39,                                                                                                                     
                           "Actual Startup Time": 1579.502,                                                                                                      
                           "Actual Total Time": 1579.601,                                                                                                        
                           "Actual Rows": 1152,                                                                                                                  
                           "Actual Loops": 1,                                                                                                                    
                           "Sort Key": ["mc.movie_id"],                                                                                                          
                           "Sort Method": "quicksort",                                                                                                           
                           "Sort Space Used": 148,                                                                                                               
                           "Sort Space Type": "Memory",                                                                                                          
                           "Shared Hit Blocks": 9,                                                                                                               
                           "Shared Read Blocks": 21939,                                                                                                          
                           "Shared Dirtied Blocks": 0,                                                                                                           
                           "Shared Written Blocks": 0,                                                                                                           
                           "Local Hit Blocks": 0,                                                                                                                
                           "Local Read Blocks": 0,                                                                                                               
                           "Local Dirtied Blocks": 0,                                                                                                            
                           "Local Written Blocks": 0,                                                                                                            
                           "Temp Read Blocks": 0,                                                                                                                
                           "Temp Written Blocks": 0,                                                                                                             
                           "Plans": [                                                                                                                            
                             {                                                                                                                                   
                               "Node Type": "Merge Join",                                                                                                        
                               "Parent Relationship": "Outer",                                                                                                   
                               "Parallel Aware": false,                                                                                                          
                               "Join Type": "Inner",                                                                                                             
                               "Startup Cost": 5167.23,                                                                                                          
                               "Total Cost": 5167.36,                                                                                                            
                               "Plan Rows": 192,                                                                                                                 
                               "Plan Width": 39,                                                                                                                 
                               "Actual Startup Time": 1578.861,                                                                                                  
                               "Actual Total Time": 1579.187,                                                                                                    
                               "Actual Rows": 1152,                                                                                                              
                               "Actual Loops": 1,                                                                                                                
                               "Inner Unique": true,                                                                                                             
                               "Merge Cond": "(mc.company_type_id = ct.id)",                                                                                     
                               "Shared Hit Blocks": 9,                                                                                                           
                               "Shared Read Blocks": 21939,                                                                                                      
                               "Shared Dirtied Blocks": 0,                                                                                                       
                               "Shared Written Blocks": 0,                                                                                                       
                               "Local Hit Blocks": 0,                                                                                                            
                               "Local Read Blocks": 0,                                                                                                           
                               "Local Dirtied Blocks": 0,                                                                                                        
                               "Local Written Blocks": 0,                                                                                                        
                               "Temp Read Blocks": 0,                                                                                                            
                               "Temp Written Blocks": 0,                                                                                                         
                               "Plans": [                                                                                                                        
                                 {                                                                                                                               
                                   "Node Type": "Sort",                                                                                                          
                                   "Parent Relationship": "Outer",                                                                                               
                                   "Parallel Aware": false,                                                                                                      
                                   "Startup Cost": 5167.19,                                                                                                      
                                   "Total Cost": 5167.25,                                                                                                        
                                   "Plan Rows": 768,                                                                                                             
                                   "Plan Width": 43,                                                                                                             
                                   "Actual Startup Time": 1578.834,                                                                                              
                                   "Actual Total Time": 1578.891,                                                                                                
                                   "Actual Rows": 1200,                                                                                                          
                                   "Actual Loops": 1,                                                                                                            
                                   "Sort Key": ["mc.company_type_id"],                                                                                           
                                   "Sort Method": "quicksort",                                                                                                   
                                   "Sort Space Used": 166,                                                                                                       
                                   "Sort Space Type": "Memory",                                                                                                  
                                   "Shared Hit Blocks": 8,                                                                                                       
                                   "Shared Read Blocks": 21939,                                                                                                  
                                   "Shared Dirtied Blocks": 0,                                                                                                   
                                   "Shared Written Blocks": 0,                                                                                                   
                                   "Local Hit Blocks": 0,                                                                                                        
                                   "Local Read Blocks": 0,                                                                                                       
                                   "Local Dirtied Blocks": 0,                                                                                                    
                                   "Local Written Blocks": 0,                                                                                                    
                                   "Temp Read Blocks": 0,                                                                                                        
                                   "Temp Written Blocks": 0,                                                                                                     
                                   "Plans": [                                                                                                                    
                                     {                                                                                                                           
                                       "Node Type": "Merge Join",                                                                                                
                                       "Parent Relationship": "Outer",                                                                                           
                                       "Parallel Aware": false,                                                                                                  
                                       "Join Type": "Inner",                                                                                                     
                                       "Startup Cost": 5157.80,                                                                                                  
                                       "Total Cost": 5166.05,                                                                                                    
                                       "Plan Rows": 768,                                                                                                         
                                       "Plan Width": 43,                                                                                                         
                                       "Actual Startup Time": 1573.779,                                                                                          
                                       "Actual Total Time": 1578.520,                                                                                            
                                       "Actual Rows": 1200,                                                                                                      
                                       "Actual Loops": 1,                                                                                                        
                                       "Inner Unique": true,                                                                                                     
                                       "Merge Cond": "(mc.company_id = cn.id)",                                                                                  
                                       "Shared Hit Blocks": 8,                                                                                                   
                                       "Shared Read Blocks": 21939,                                                                                              
                                       "Shared Dirtied Blocks": 0,                                                                                               
                                       "Shared Written Blocks": 0,                                                                                               
                                       "Local Hit Blocks": 0,                                                                                                    
                                       "Local Read Blocks": 0,                                                                                                   
                                       "Local Dirtied Blocks": 0,                                                                                                
                                       "Local Written Blocks": 0,                                                                                                
                                       "Temp Read Blocks": 0,                                                                                                    
                                       "Temp Written Blocks": 0,                                                                                                 
                                       "Plans": [                                                                                                                
                                         {                                                                                                                       
                                           "Node Type": "Sort",                                                                                                  
                                           "Parent Relationship": "Outer",                                                                                       
                                           "Parallel Aware": false,                                                                                              
                                           "Startup Cost": 4873.93,                                                                                              
                                           "Total Cost": 4874.21,                                                                                                
                                           "Plan Rows": 3669,                                                                                                    
                                           "Plan Width": 28,                                                                                                     
                                           "Actual Startup Time": 1426.641,                                                                                      
                                           "Actual Total Time": 1427.061,                                                                                        
                                           "Actual Rows": 5069,                                                                                                  
                                           "Actual Loops": 1,                                                                                                    
                                           "Sort Key": ["mc.company_id"],                                                                                        
                                           "Sort Method": "quicksort",                                                                                           
                                           "Sort Space Used": 589,                                                                                               
                                           "Sort Space Type": "Memory",                                                                                          
                                           "Shared Hit Blocks": 6,                                                                                               
                                           "Shared Read Blocks": 18947,                                                                                          
                                           "Shared Dirtied Blocks": 0,                                                                                           
                                           "Shared Written Blocks": 0,                                                                                           
                                           "Local Hit Blocks": 0,                                                                                                
                                           "Local Read Blocks": 0,                                                                                               
                                           "Local Dirtied Blocks": 0,                                                                                            
                                           "Local Written Blocks": 0,                                                                                            
                                           "Temp Read Blocks": 0,                                                                                                
                                           "Temp Written Blocks": 0,                                                                                             
                                           "Plans": [                                                                                                            
                                             {                                                                                                                   
                                               "Node Type": "Merge Join",                                                                                        
                                               "Parent Relationship": "Outer",                                                                                   
                                               "Parallel Aware": false,                                                                                          
                                               "Join Type": "Inner",                                                                                             
                                               "Startup Cost": 4859.10,                                                                                          
                                               "Total Cost": 4867.18,                                                                                            
                                               "Plan Rows": 3669,                                                                                                
                                               "Plan Width": 28,                                                                                                 
                                               "Actual Startup Time": 1415.934,                                                                                  
                                               "Actual Total Time": 1424.916,                                                                                    
                                               "Actual Rows": 5069,                                                                                              
                                               "Actual Loops": 1,                                                                                                
                                               "Inner Unique": false,                                                                                            
                                               "Merge Cond": "(ml.movie_id = mc.movie_id)",                                                                      
                                               "Shared Hit Blocks": 6,                                                                                           
                                               "Shared Read Blocks": 18947,                                                                                      
                                               "Shared Dirtied Blocks": 0,                                                                                       
                                               "Shared Written Blocks": 0,                                                                                       
                                               "Local Hit Blocks": 0,                                                                                            
                                               "Local Read Blocks": 0,                                                                                           
                                               "Local Dirtied Blocks": 0,                                                                                        
                                               "Local Written Blocks": 0,                                                                                        
                                               "Temp Read Blocks": 0,                                                                                            
                                               "Temp Written Blocks": 0,                                                                                         
                                               "Plans": [                                                                                                        
                                                 {                                                                                                               
                                                   "Node Type": "Sort",                                                                                          
                                                   "Parent Relationship": "Outer",                                                                               
                                                   "Parallel Aware": false,                                                                                      
                                                   "Startup Cost": 84.04,                                                                                        
                                                   "Total Cost": 84.17,                                                                                          
                                                   "Plan Rows": 1666,                                                                                            
                                                   "Plan Width": 16,                                                                                             
                                                   "Actual Startup Time": 64.426,                                                                                
                                                   "Actual Total Time": 64.600,                                                                                  
                                                   "Actual Rows": 2315,                                                                                          
                                                   "Actual Loops": 1,                                                                                            
                                                   "Sort Key": ["ml.movie_id"],                                                                                  
                                                   "Sort Method": "quicksort",                                                                                   
                                                   "Sort Space Used": 205,                                                                                       
                                                   "Sort Space Type": "Memory",                                                                                  
                                                   "Shared Hit Blocks": 3,                                                                                       
                                                   "Shared Read Blocks": 161,                                                                                    
                                                   "Shared Dirtied Blocks": 0,                                                                                   
                                                   "Shared Written Blocks": 0,                                                                                   
                                                   "Local Hit Blocks": 0,                                                                                        
                                                   "Local Read Blocks": 0,                                                                                       
                                                   "Local Dirtied Blocks": 0,                                                                                    
                                                   "Local Written Blocks": 0,                                                                                    
                                                   "Temp Read Blocks": 0,                                                                                        
                                                   "Temp Written Blocks": 0,                                                                                     
                                                   "Plans": [                                                                                                    
                                                     {                                                                                                           
                                                       "Node Type": "Merge Join",                                                                                
                                                       "Parent Relationship": "Outer",                                                                           
                                                       "Parallel Aware": false,                                                                                  
                                                       "Join Type": "Inner",                                                                                     
                                                       "Startup Cost": 76.50,                                                                                    
                                                       "Total Cost": 81.27,                                                                                      
                                                       "Plan Rows": 1666,                                                                                        
                                                       "Plan Width": 16,                                                                                         
                                                       "Actual Startup Time": 61.973,                                                                            
                                                       "Actual Total Time": 63.142,                                                                              
                                                       "Actual Rows": 2315,                                                                                      
                                                       "Actual Loops": 1,                                                                                        
                                                       "Inner Unique": false,                                                                                    
                                                       "Merge Cond": "(lt.id = ml.link_type_id)",                                                                
                                                       "Shared Hit Blocks": 3,                                                                                   
                                                       "Shared Read Blocks": 161,                                                                                
                                                       "Shared Dirtied Blocks": 0,                                                                               
                                                       "Shared Written Blocks": 0,                                                                               
                                                       "Local Hit Blocks": 0,                                                                                    
                                                       "Local Read Blocks": 0,                                                                                   
                                                       "Local Dirtied Blocks": 0,                                                                                
                                                       "Local Written Blocks": 0,                                                                                
                                                       "Temp Read Blocks": 0,                                                                                    
                                                       "Temp Written Blocks": 0,                                                                                 
                                                       "Plans": [                                                                                                
                                                         {                                                                                                       
                                                           "Node Type": "Sort",                                                                                  
                                                           "Parent Relationship": "Outer",                                                                       
                                                           "Parallel Aware": false,                                                                              
                                                           "Startup Cost": 0.03,                                                                                 
                                                           "Total Cost": 0.03,                                                                                   
                                                           "Plan Rows": 1,                                                                                       
                                                           "Plan Width": 16,                                                                                     
                                                           "Actual Startup Time": 17.401,                                                                        
                                                           "Actual Total Time": 17.402,                                                                          
                                                           "Actual Rows": 2,                                                                                     
                                                           "Actual Loops": 1,                                                                                    
                                                           "Sort Key": ["lt.id"],                                                                                
                                                           "Sort Method": "quicksort",                                                                           
                                                           "Sort Space Used": 25,                                                                                
                                                           "Sort Space Type": "Memory",                                                                          
                                                           "Shared Hit Blocks": 1,                                                                               
                                                           "Shared Read Blocks": 0,                                                                              
                                                           "Shared Dirtied Blocks": 0,                                                                           
                                                           "Shared Written Blocks": 0,                                                                           
                                                           "Local Hit Blocks": 0,                                                                                
                                                           "Local Read Blocks": 0,                                                                               
                                                           "Local Dirtied Blocks": 0,                                                                            
                                                           "Local Written Blocks": 0,                                                                            
                                                           "Temp Read Blocks": 0,                                                                                
                                                           "Temp Written Blocks": 0,                                                                             
                                                           "Plans": [                                                                                            
                                                             {                                                                                                   
                                                               "Node Type": "Seq Scan",                                                                          
                                                               "Parent Relationship": "Outer",                                                                   
                                                               "Parallel Aware": false,                                                                          
                                                               "Relation Name": "link_type",                                                                     
                                                               "Alias": "lt",                                                                                    
                                                               "Startup Cost": 0.00,                                                                             
                                                               "Total Cost": 0.03,                                                                               
                                                               "Plan Rows": 1,                                                                                   
                                                               "Plan Width": 16,                                                                                 
                                                               "Actual Startup Time": 0.016,                                                                     
                                                               "Actual Total Time": 0.036,                                                                       
                                                               "Actual Rows": 2,                                                                                 
                                                               "Actual Loops": 1,                                                                                
                                                               "Filter": "((link)::text ~~ '%follow%'::text)",                                                   
                                                               "Rows Removed by Filter": 16,                                                                     
                                                               "Shared Hit Blocks": 1,                                                                           
                                                               "Shared Read Blocks": 0,                                                                          
                                                               "Shared Dirtied Blocks": 0,                                                                       
                                                               "Shared Written Blocks": 0,                                                                       
                                                               "Local Hit Blocks": 0,                                                                            
                                                               "Local Read Blocks": 0,                                                                           
                                                               "Local Dirtied Blocks": 0,                                                                        
                                                               "Local Written Blocks": 0,                                                                        
                                                               "Temp Read Blocks": 0,                                                                            
                                                               "Temp Written Blocks": 0                                                                          
                                                             }                                                                                                   
                                                           ]                                                                                                     
                                                         },                                                                                                      
                                                         {                                                                                                       
                                                           "Node Type": "Sort",                                                                                  
                                                           "Parent Relationship": "Inner",                                                                       
                                                           "Parallel Aware": false,                                                                              
                                                           "Startup Cost": 76.46,                                                                                
                                                           "Total Cost": 78.79,                                                                                  
                                                           "Plan Rows": 29997,                                                                                   
                                                           "Plan Width": 8,                                                                                      
                                                           "Actual Startup Time": 44.564,                                                                        
                                                           "Actual Total Time": 44.822,                                                                          
                                                           "Actual Rows": 2316,                                                                                  
                                                           "Actual Loops": 1,                                                                                    
                                                           "Sort Key": ["ml.link_type_id"],                                                                      
                                                           "Sort Method": "quicksort",                                                                           
                                                           "Sort Space Used": 2175,                                                                              
                                                           "Sort Space Type": "Memory",                                                                          
                                                           "Shared Hit Blocks": 2,                                                                               
                                                           "Shared Read Blocks": 161,                                                                            
                                                           "Shared Dirtied Blocks": 0,                                                                           
                                                           "Shared Written Blocks": 0,                                                                           
                                                           "Local Hit Blocks": 0,                                                                                
                                                           "Local Read Blocks": 0,                                                                               
                                                           "Local Dirtied Blocks": 0,                                                                            
                                                           "Local Written Blocks": 0,                                                                            
                                                           "Temp Read Blocks": 0,                                                                                
                                                           "Temp Written Blocks": 0,                                                                             
                                                           "Plans": [                                                                                            
                                                             {                                                                                                   
                                                               "Node Type": "Seq Scan",                                                                          
                                                               "Parent Relationship": "Outer",                                                                   
                                                               "Parallel Aware": false,                                                                          
                                                               "Relation Name": "movie_link",                                                                    
                                                               "Alias": "ml",                                                                                    
                                                               "Startup Cost": 0.00,                                                                             
                                                               "Total Cost": 7.19,                                                                               
                                                               "Plan Rows": 29997,                                                                               
                                                               "Plan Width": 8,                                                                                  
                                                               "Actual Startup Time": 0.019,                                                                     
                                                               "Actual Total Time": 26.410,                                                                      
                                                               "Actual Rows": 29997,                                                                             
                                                               "Actual Loops": 1,                                                                                
                                                               "Shared Hit Blocks": 2,                                                                           
                                                               "Shared Read Blocks": 161,                                                                        
                                                               "Shared Dirtied Blocks": 0,                                                                       
                                                               "Shared Written Blocks": 0,                                                                       
                                                               "Local Hit Blocks": 0,                                                                            
                                                               "Local Read Blocks": 0,                                                                           
                                                               "Local Dirtied Blocks": 0,                                                                        
                                                               "Local Written Blocks": 0,                                                                        
                                                               "Temp Read Blocks": 0,                                                                            
                                                               "Temp Written Blocks": 0                                                                          
                                                             }                                                                                                   
                                                           ]                                                                                                     
                                                         }                                                                                                       
                                                       ]                                                                                                         
                                                     }                                                                                                           
                                                   ]                                                                                                             
                                                 },                                                                                                              
                                                 {                                                                                                               
                                                   "Node Type": "Sort",                                                                                          
                                                   "Parent Relationship": "Inner",                                                                               
                                                   "Parallel Aware": false,                                                                                      
                                                   "Startup Cost": 4775.07,                                                                                      
                                                   "Total Cost": 4873.82,                                                                                        
                                                   "Plan Rows": 1271989,                                                                                         
                                                   "Plan Width": 12,                                                                                             
                                                   "Actual Startup Time": 1351.487,                                                                              
                                                   "Actual Total Time": 1354.097,                                                                                
                                                   "Actual Rows": 53197,                                                                                         
                                                   "Actual Loops": 1,                                                                                            
                                                   "Sort Key": ["mc.movie_id"],                                                                                  
                                                   "Sort Method": "quicksort",                                                                                   
                                                   "Sort Space Used": 108777,                                                                                    
                                                   "Sort Space Type": "Memory",                                                                                  
                                                   "Shared Hit Blocks": 3,                                                                                       
                                                   "Shared Read Blocks": 18786,                                                                                  
                                                   "Shared Dirtied Blocks": 0,                                                                                   
                                                   "Shared Written Blocks": 0,                                                                                   
                                                   "Local Hit Blocks": 0,                                                                                        
                                                   "Local Read Blocks": 0,                                                                                       
                                                   "Local Dirtied Blocks": 0,                                                                                    
                                                   "Local Written Blocks": 0,                                                                                    
                                                   "Temp Read Blocks": 0,                                                                                        
                                                   "Temp Written Blocks": 0,                                                                                     
                                                   "Plans": [                                                                                                    
                                                     {                                                                                                           
                                                       "Node Type": "Seq Scan",                                                                                  
                                                       "Parent Relationship": "Outer",                                                                           
                                                       "Parallel Aware": false,                                                                                  
                                                       "Relation Name": "movie_companies",                                                                       
                                                       "Alias": "mc",                                                                                            
                                                       "Startup Cost": 0.00,                                                                                     
                                                       "Total Cost": 769.75,                                                                                     
                                                       "Plan Rows": 1271989,                                                                                     
                                                       "Plan Width": 12,                                                                                         
                                                       "Actual Startup Time": 0.035,                                                                             
                                                       "Actual Total Time": 852.188,                                                                             
                                                       "Actual Rows": 1271989,                                                                                   
                                                       "Actual Loops": 1,                                                                                        
                                                       "Filter": "(note IS NULL)",                                                                               
                                                       "Rows Removed by Filter": 1337140,                                                                        
                                                       "Shared Hit Blocks": 3,                                                                                   
                                                       "Shared Read Blocks": 18786,                                                                              
                                                       "Shared Dirtied Blocks": 0,                                                                               
                                                       "Shared Written Blocks": 0,                                                                               
                                                       "Local Hit Blocks": 0,                                                                                    
                                                       "Local Read Blocks": 0,                                                                                   
                                                       "Local Dirtied Blocks": 0,                                                                                
                                                       "Local Written Blocks": 0,                                                                                
                                                       "Temp Read Blocks": 0,                                                                                    
                                                       "Temp Written Blocks": 0                                                                                  
                                                     }                                                                                                           
                                                   ]                                                                                                             
                                                 }                                                                                                               
                                               ]                                                                                                                 
                                             }                                                                                                                   
                                           ]                                                                                                                     
                                         },                                                                                                                      
                                         {                                                                                                                       
                                           "Node Type": "Sort",                                                                                                  
                                           "Parent Relationship": "Inner",                                                                                       
                                           "Parallel Aware": false,                                                                                              
                                           "Startup Cost": 283.87,                                                                                               
                                           "Total Cost": 287.69,                                                                                                 
                                           "Plan Rows": 49161,                                                                                                   
                                           "Plan Width": 23,                                                                                                     
                                           "Actual Startup Time": 147.127,                                                                                       
                                           "Actual Total Time": 148.663,                                                                                         
                                           "Actual Rows": 14201,                                                                                                 
                                           "Actual Loops": 1,                                                                                                    
                                           "Sort Key": ["cn.id"],                                                                                                
                                           "Sort Method": "quicksort",                                                                                           
                                           "Sort Space Used": 5023,                                                                                              
                                           "Sort Space Type": "Memory",                                                                                          
                                           "Shared Hit Blocks": 2,                                                                                               
                                           "Shared Read Blocks": 2992,                                                                                           
                                           "Shared Dirtied Blocks": 0,                                                                                           
                                           "Shared Written Blocks": 0,                                                                                           
                                           "Local Hit Blocks": 0,                                                                                                
                                           "Local Read Blocks": 0,                                                                                               
                                           "Local Dirtied Blocks": 0,                                                                                            
                                           "Local Written Blocks": 0,                                                                                            
                                           "Temp Read Blocks": 0,                                                                                                
                                           "Temp Written Blocks": 0,                                                                                             
                                           "Plans": [                                                                                                            
                                             {                                                                                                                   
                                               "Node Type": "Seq Scan",                                                                                          
                                               "Parent Relationship": "Outer",                                                                                   
                                               "Parallel Aware": false,                                                                                          
                                               "Relation Name": "company_name",                                                                                  
                                               "Alias": "cn",                                                                                                    
                                               "Startup Cost": 0.00,                                                                                             
                                               "Total Cost": 164.90,                                                                                             
                                               "Plan Rows": 49161,                                                                                               
                                               "Plan Width": 23,                                                                                                 
                                               "Actual Startup Time": 2.820,                                                                                     
                                               "Actual Total Time": 122.564,                                                                                     
                                               "Actual Rows": 48302,                                                                                             
                                               "Actual Loops": 1,                                                                                                
                                               "Filter": "(((country_code)::text <> '[pl]'::text) AND ((name ~~ '%Film%'::text) OR (name ~~ '%Warner%'::text)))",
                                               "Rows Removed by Filter": 186695,                                                                                 
                                               "Shared Hit Blocks": 2,                                                                                           
                                               "Shared Read Blocks": 2992,                                                                                       
                                               "Shared Dirtied Blocks": 0,                                                                                       
                                               "Shared Written Blocks": 0,                                                                                       
                                               "Local Hit Blocks": 0,                                                                                            
                                               "Local Read Blocks": 0,                                                                                           
                                               "Local Dirtied Blocks": 0,                                                                                        
                                               "Local Written Blocks": 0,                                                                                        
                                               "Temp Read Blocks": 0,                                                                                            
                                               "Temp Written Blocks": 0                                                                                          
                                             }                                                                                                                   
                                           ]                                                                                                                     
                                         }                                                                                                                       
                                       ]                                                                                                                         
                                     }                                                                                                                           
                                   ]                                                                                                                             
                                 },                                                                                                                              
                                 {                                                                                                                               
                                   "Node Type": "Sort",                                                                                                          
                                   "Parent Relationship": "Inner",                                                                                               
                                   "Parallel Aware": false,                                                                                                      
                                   "Startup Cost": 0.03,                                                                                                         
                                   "Total Cost": 0.03,                                                                                                           
                                   "Plan Rows": 1,                                                                                                               
                                   "Plan Width": 4,                                                                                                              
                                   "Actual Startup Time": 0.014,                                                                                                 
                                   "Actual Total Time": 0.014,                                                                                                   
                                   "Actual Rows": 1,                                                                                                             
                                   "Actual Loops": 1,                                                                                                            
                                   "Sort Key": ["ct.id"],                                                                                                        
                                   "Sort Method": "quicksort",                                                                                                   
                                   "Sort Space Used": 25,                                                                                                        
                                   "Sort Space Type": "Memory",                                                                                                  
                                   "Shared Hit Blocks": 1,                                                                                                       
                                   "Shared Read Blocks": 0,                                                                                                      
                                   "Shared Dirtied Blocks": 0,                                                                                                   
                                   "Shared Written Blocks": 0,                                                                                                   
                                   "Local Hit Blocks": 0,                                                                                                        
                                   "Local Read Blocks": 0,                                                                                                       
                                   "Local Dirtied Blocks": 0,                                                                                                    
                                   "Local Written Blocks": 0,                                                                                                    
                                   "Temp Read Blocks": 0,                                                                                                        
                                   "Temp Written Blocks": 0,                                                                                                     
                                   "Plans": [                                                                                                                    
                                     {                                                                                                                           
                                       "Node Type": "Seq Scan",                                                                                                  
                                       "Parent Relationship": "Outer",                                                                                           
                                       "Parallel Aware": false,                                                                                                  
                                       "Relation Name": "company_type",                                                                                          
                                       "Alias": "ct",                                                                                                            
                                       "Startup Cost": 0.00,                                                                                                     
                                       "Total Cost": 0.03,                                                                                                       
                                       "Plan Rows": 1,                                                                                                           
                                       "Plan Width": 4,                                                                                                          
                                       "Actual Startup Time": 0.008,                                                                                             
                                       "Actual Total Time": 0.009,                                                                                               
                                       "Actual Rows": 1,                                                                                                         
                                       "Actual Loops": 1,                                                                                                        
                                       "Filter": "((kind)::text = 'production companies'::text)",                                                                
                                       "Rows Removed by Filter": 3,                                                                                              
                                       "Shared Hit Blocks": 1,                                                                                                   
                                       "Shared Read Blocks": 0,                                                                                                  
                                       "Shared Dirtied Blocks": 0,                                                                                               
                                       "Shared Written Blocks": 0,                                                                                               
                                       "Local Hit Blocks": 0,                                                                                                    
                                       "Local Read Blocks": 0,                                                                                                   
                                       "Local Dirtied Blocks": 0,                                                                                                
                                       "Local Written Blocks": 0,                                                                                                
                                       "Temp Read Blocks": 0,                                                                                                    
                                       "Temp Written Blocks": 0                                                                                                  
                                     }                                                                                                                           
                                   ]                                                                                                                             
                                 }                                                                                                                               
                               ]                                                                                                                                 
                             }                                                                                                                                   
                           ]                                                                                                                                     
                         },                                                                                                                                      
                         {                                                                                                                                       
                           "Node Type": "Sort",                                                                                                                  
                           "Parent Relationship": "Inner",                                                                                                       
                           "Parallel Aware": false,                                                                                                              
                           "Startup Cost": 4495.66,                                                                                                              
                           "Total Cost": 4566.36,                                                                                                                
                           "Plan Rows": 910581,                                                                                                                  
                           "Plan Width": 21,                                                                                                                     
                           "Actual Startup Time": 2104.710,                                                                                                      
                           "Actual Total Time": 2111.636,                                                                                                        
                           "Actual Rows": 52198,                                                                                                                 
                           "Actual Loops": 1,                                                                                                                    
                           "Sort Key": ["t.id"],                                                                                                                 
                           "Sort Method": "quicksort",                                                                                                           
                           "Sort Space Used": 88345,                                                                                                             
                           "Sort Space Type": "Memory",                                                                                                          
                           "Shared Hit Blocks": 1,                                                                                                               
                           "Shared Read Blocks": 35997,                                                                                                          
                           "Shared Dirtied Blocks": 0,                                                                                                           
                           "Shared Written Blocks": 0,                                                                                                           
                           "Local Hit Blocks": 0,                                                                                                                
                           "Local Read Blocks": 0,                                                                                                               
                           "Local Dirtied Blocks": 0,                                                                                                            
                           "Local Written Blocks": 0,                                                                                                            
                           "Temp Read Blocks": 0,                                                                                                                
                           "Temp Written Blocks": 0,                                                                                                             
                           "Plans": [                                                                                                                            
                             {                                                                                                                                   
                               "Node Type": "Seq Scan",                                                                                                          
                               "Parent Relationship": "Outer",                                                                                                   
                               "Parallel Aware": false,                                                                                                          
                               "Relation Name": "title",                                                                                                         
                               "Alias": "t",                                                                                                                     
                               "Startup Cost": 0.00,                                                                                                             
                               "Total Cost": 1696.56,                                                                                                            
                               "Plan Rows": 910581,                                                                                                              
                               "Plan Width": 21,                                                                                                                 
                               "Actual Startup Time": 8.601,                                                                                                     
                               "Actual Total Time": 1566.394,                                                                                                    
                               "Actual Rows": 910581,                                                                                                            
                               "Actual Loops": 1,                                                                                                                
                               "Filter": "((production_year >= 1950) AND (production_year <= 2000))",                                                            
                               "Rows Removed by Filter": 1617731,                                                                                                
                               "Shared Hit Blocks": 1,                                                                                                           
                               "Shared Read Blocks": 35997,                                                                                                      
                               "Shared Dirtied Blocks": 0,                                                                                                       
                               "Shared Written Blocks": 0,                                                                                                       
                               "Local Hit Blocks": 0,                                                                                                            
                               "Local Read Blocks": 0,                                                                                                           
                               "Local Dirtied Blocks": 0,                                                                                                        
                               "Local Written Blocks": 0,                                                                                                        
                               "Temp Read Blocks": 0,                                                                                                            
                               "Temp Written Blocks": 0                                                                                                          
                             }                                                                                                                                   
                           ]                                                                                                                                     
                         }                                                                                                                                       
                       ]                                                                                                                                         
                     },                                                                                                                                          
                     {                                                                                                                                           
                       "Node Type": "Sort",                                                                                                                      
                       "Parent Relationship": "Inner",                                                                                                           
                       "Parallel Aware": false,                                                                                                                  
                       "Startup Cost": 16610.92,                                                                                                                 
                       "Total Cost": 16962.16,                                                                                                                   
                       "Plan Rows": 4523930,                                                                                                                     
                       "Plan Width": 8,                                                                                                                          
                       "Actual Startup Time": 2100.674,                                                                                                          
                       "Actual Total Time": 2105.190,                                                                                                            
                       "Actual Rows": 88346,                                                                                                                     
                       "Actual Loops": 1,                                                                                                                        
                       "Sort Key": ["mk.movie_id"],                                                                                                              
                       "Sort Method": "quicksort",                                                                                                               
                       "Sort Space Used": 408668,                                                                                                                
                       "Sort Space Type": "Memory",                                                                                                              
                       "Shared Hit Blocks": 3,                                                                                                                   
                       "Shared Read Blocks": 24451,                                                                                                              
                       "Shared Dirtied Blocks": 0,                                                                                                               
                       "Shared Written Blocks": 0,                                                                                                               
                       "Local Hit Blocks": 0,                                                                                                                    
                       "Local Read Blocks": 0,                                                                                                                   
                       "Local Dirtied Blocks": 0,                                                                                                                
                       "Local Written Blocks": 0,                                                                                                                
                       "Temp Read Blocks": 0,                                                                                                                    
                       "Temp Written Blocks": 0,                                                                                                                 
                       "Plans": [                                                                                                                                
                         {                                                                                                                                       
                           "Node Type": "Seq Scan",                                                                                                              
                           "Parent Relationship": "Outer",                                                                                                       
                           "Parallel Aware": false,                                                                                                              
                           "Relation Name": "movie_keyword",                                                                                                     
                           "Alias": "mk",                                                                                                                        
                           "Startup Cost": 0.00,                                                                                                                 
                           "Total Cost": 1079.84,                                                                                                                
                           "Plan Rows": 4523930,                                                                                                                 
                           "Plan Width": 8,                                                                                                                      
                           "Actual Startup Time": 0.015,                                                                                                         
                           "Actual Total Time": 749.328,                                                                                                         
                           "Actual Rows": 4523930,                                                                                                               
                           "Actual Loops": 1,                                                                                                                    
                           "Shared Hit Blocks": 3,                                                                                                               
                           "Shared Read Blocks": 24451,                                                                                                          
                           "Shared Dirtied Blocks": 0,                                                                                                           
                           "Shared Written Blocks": 0,                                                                                                           
                           "Local Hit Blocks": 0,                                                                                                                
                           "Local Read Blocks": 0,                                                                                                               
                           "Local Dirtied Blocks": 0,                                                                                                            
                           "Local Written Blocks": 0,                                                                                                            
                           "Temp Read Blocks": 0,                                                                                                                
                           "Temp Written Blocks": 0                                                                                                              
                         }                                                                                                                                       
                       ]                                                                                                                                         
                     }                                                                                                                                           
                   ]                                                                                                                                             
                 }                                                                                                                                               
               ]                                                                                                                                                 
             },                                                                                                                                                  
             {                                                                                                                                                   
               "Node Type": "Sort",                                                                                                                              
               "Parent Relationship": "Inner",                                                                                                                   
               "Parallel Aware": false,                                                                                                                          
               "Startup Cost": 49.46,                                                                                                                            
               "Total Cost": 49.46,                                                                                                                              
               "Plan Rows": 1,                                                                                                                                   
               "Plan Width": 4,                                                                                                                                  
               "Actual Startup Time": 135.642,                                                                                                                   
               "Actual Total Time": 135.642,                                                                                                                     
               "Actual Rows": 1,                                                                                                                                 
               "Actual Loops": 1,                                                                                                                                
               "Sort Key": ["k.id"],                                                                                                                             
               "Sort Method": "quicksort",                                                                                                                       
               "Sort Space Used": 25,                                                                                                                            
               "Sort Space Type": "Memory",                                                                                                                      
               "Shared Hit Blocks": 2,                                                                                                                           
               "Shared Read Blocks": 947,                                                                                                                        
               "Shared Dirtied Blocks": 0,                                                                                                                       
               "Shared Written Blocks": 0,                                                                                                                       
               "Local Hit Blocks": 0,                                                                                                                            
               "Local Read Blocks": 0,                                                                                                                           
               "Local Dirtied Blocks": 0,                                                                                                                        
               "Local Written Blocks": 0,                                                                                                                        
               "Temp Read Blocks": 0,                                                                                                                            
               "Temp Written Blocks": 0,                                                                                                                         
               "Plans": [                                                                                                                                        
                 {                                                                                                                                               
                   "Node Type": "Seq Scan",                                                                                                                      
                   "Parent Relationship": "Outer",                                                                                                               
                   "Parallel Aware": false,                                                                                                                      
                   "Relation Name": "keyword",                                                                                                                   
                   "Alias": "k",                                                                                                                                 
                   "Startup Cost": 0.00,                                                                                                                         
                   "Total Cost": 49.46,                                                                                                                          
                   "Plan Rows": 1,                                                                                                                               
                   "Plan Width": 4,                                                                                                                              
                   "Actual Startup Time": 75.036,                                                                                                                
                   "Actual Total Time": 135.631,                                                                                                                 
                   "Actual Rows": 1,                                                                                                                             
                   "Actual Loops": 1,                                                                                                                            
                   "Filter": "(keyword = 'sequel'::text)",                                                                                                       
                   "Rows Removed by Filter": 134169,                                                                                                             
                   "Shared Hit Blocks": 2,                                                                                                                       
                   "Shared Read Blocks": 947,                                                                                                                    
                   "Shared Dirtied Blocks": 0,                                                                                                                   
                   "Shared Written Blocks": 0,                                                                                                                   
                   "Local Hit Blocks": 0,                                                                                                                        
                   "Local Read Blocks": 0,                                                                                                                       
                   "Local Dirtied Blocks": 0,                                                                                                                    
                   "Local Written Blocks": 0,                                                                                                                    
                   "Temp Read Blocks": 0,                                                                                                                        
                   "Temp Written Blocks": 0                                                                                                                      
                 }                                                                                                                                               
               ]                                                                                                                                                 
             }                                                                                                                                                   
           ]                                                                                                                                                     
         }                                                                                                                                                       
       ]                                                                                                                                                         
     },                                                                                                                                                          
     "Planning Time": 3537.277,                                                                                                                                  
     "Triggers": [                                                                                                                                               
     ],                                                                                                                                                          
     "Execution Time": 6068.513                                                                                                                                  
   }                                                                                                                                                             
 ]
