     "Plan": {                                                                                                                                               
       "Node Type": "Aggregate",                                                                                                                             
       "Strategy": "Plain",                                                                                                                                  
       "Partial Mode": "Simple",                                                                                                                             
       "Parallel Aware": false,                                                                                                                              
       "Startup Cost": 23527.42,                                                                                                                             
       "Total Cost": 23527.42,                                                                                                                               
       "Plan Rows": 1,                                                                                                                                       
       "Plan Width": 96,                                                                                                                                     
       "Actual Startup Time": 5617.019,                                                                                                                      
       "Actual Total Time": 5617.019,                                                                                                                        
       "Actual Rows": 1,                                                                                                                                     
       "Actual Loops": 1,                                                                                                                                    
       "Shared Hit Blocks": 19,                                                                                                                              
       "Shared Read Blocks": 83334,                                                                                                                          
       "Shared Dirtied Blocks": 0,                                                                                                                           
       "Shared Written Blocks": 0,                                                                                                                           
       "Local Hit Blocks": 0,                                                                                                                                
       "Local Read Blocks": 0,                                                                                                                               
       "Local Dirtied Blocks": 0,                                                                                                                            
       "Local Written Blocks": 0,                                                                                                                            
       "Temp Read Blocks": 0,                                                                                                                                
       "Temp Written Blocks": 0,                                                                                                                             
       "Plans": [                                                                                                                                            
         {                                                                                                                                                   
           "Node Type": "Merge Join",                                                                                                                        
           "Parent Relationship": "Outer",                                                                                                                   
           "Parallel Aware": false,                                                                                                                          
           "Join Type": "Inner",                                                                                                                             
           "Startup Cost": 23527.42,                                                                                                                         
           "Total Cost": 23527.42,                                                                                                                           
           "Plan Rows": 1,                                                                                                                                   
           "Plan Width": 48,                                                                                                                                 
           "Actual Startup Time": 5616.966,                                                                                                                  
           "Actual Total Time": 5616.971,                                                                                                                    
           "Actual Rows": 14,                                                                                                                                
           "Actual Loops": 1,                                                                                                                                
           "Inner Unique": true,                                                                                                                             
           "Merge Cond": "(ml.link_type_id = lt.id)",                                                                                                        
           "Shared Hit Blocks": 19,                                                                                                                          
           "Shared Read Blocks": 83334,                                                                                                                      
           "Shared Dirtied Blocks": 0,                                                                                                                       
           "Shared Written Blocks": 0,                                                                                                                       
           "Local Hit Blocks": 0,                                                                                                                            
           "Local Read Blocks": 0,                                                                                                                           
           "Local Dirtied Blocks": 0,                                                                                                                        
           "Local Written Blocks": 0,                                                                                                                        
           "Temp Read Blocks": 0,                                                                                                                            
           "Temp Written Blocks": 0,                                                                                                                         
           "Plans": [                                                                                                                                        
             {                                                                                                                                               
               "Node Type": "Sort",                                                                                                                          
               "Parent Relationship": "Outer",                                                                                                               
               "Parallel Aware": false,                                                                                                                      
               "Startup Cost": 23527.39,                                                                                                                     
               "Total Cost": 23527.39,                                                                                                                       
               "Plan Rows": 1,                                                                                                                               
               "Plan Width": 40,                                                                                                                             
               "Actual Startup Time": 5616.943,                                                                                                              
               "Actual Total Time": 5616.944,                                                                                                                
               "Actual Rows": 15,                                                                                                                            
               "Actual Loops": 1,                                                                                                                            
               "Sort Key": ["ml.link_type_id"],                                                                                                              
               "Sort Method": "quicksort",                                                                                                                   
               "Sort Space Used": 29,                                                                                                                        
               "Sort Space Type": "Memory",                                                                                                                  
               "Shared Hit Blocks": 18,                                                                                                                      
               "Shared Read Blocks": 83334,                                                                                                                  
               "Shared Dirtied Blocks": 0,                                                                                                                   
               "Shared Written Blocks": 0,                                                                                                                   
               "Local Hit Blocks": 0,                                                                                                                        
               "Local Read Blocks": 0,                                                                                                                       
               "Local Dirtied Blocks": 0,                                                                                                                    
               "Local Written Blocks": 0,                                                                                                                    
               "Temp Read Blocks": 0,                                                                                                                        
               "Temp Written Blocks": 0,                                                                                                                     
               "Plans": [                                                                                                                                    
                 {                                                                                                                                           
                   "Node Type": "Merge Join",                                                                                                                
                   "Parent Relationship": "Outer",                                                                                                           
                   "Parallel Aware": false,                                                                                                                  
                   "Join Type": "Inner",                                                                                                                     
                   "Startup Cost": 23527.39,                                                                                                                 
                   "Total Cost": 23527.39,                                                                                                                   
                   "Plan Rows": 1,                                                                                                                           
                   "Plan Width": 40,                                                                                                                         
                   "Actual Startup Time": 5616.837,                                                                                                          
                   "Actual Total Time": 5616.853,                                                                                                            
                   "Actual Rows": 38,                                                                                                                        
                   "Actual Loops": 1,                                                                                                                        
                   "Inner Unique": true,                                                                                                                     
                   "Merge Cond": "(mk.keyword_id = k.id)",                                                                                                   
                   "Shared Hit Blocks": 14,                                                                                                                  
                   "Shared Read Blocks": 83334,                                                                                                              
                   "Shared Dirtied Blocks": 0,                                                                                                               
                   "Shared Written Blocks": 0,                                                                                                               
                   "Local Hit Blocks": 0,                                                                                                                    
                   "Local Read Blocks": 0,                                                                                                                   
                   "Local Dirtied Blocks": 0,                                                                                                                
                   "Local Written Blocks": 0,                                                                                                                
                   "Temp Read Blocks": 0,                                                                                                                    
                   "Temp Written Blocks": 0,                                                                                                                 
                   "Plans": [                                                                                                                                
                     {                                                                                                                                       
                       "Node Type": "Sort",                                                                                                                  
                       "Parent Relationship": "Outer",                                                                                                       
                       "Parallel Aware": false,                                                                                                              
                       "Startup Cost": 23477.93,                                                                                                             
                       "Total Cost": 23477.93,                                                                                                               
                       "Plan Rows": 1,                                                                                                                       
                       "Plan Width": 44,                                                                                                                     
                       "Actual Startup Time": 5532.322,                                                                                                      
                       "Actual Total Time": 5532.333,                                                                                                        
                       "Actual Rows": 77,                                                                                                                    
                       "Actual Loops": 1,                                                                                                                    
                       "Sort Key": ["mk.keyword_id"],                                                                                                        
                       "Sort Method": "quicksort",                                                                                                           
                       "Sort Space Used": 46,                                                                                                                
                       "Sort Space Type": "Memory",                                                                                                          
                       "Shared Hit Blocks": 12,                                                                                                              
                       "Shared Read Blocks": 82387,                                                                                                          
                       "Shared Dirtied Blocks": 0,                                                                                                           
                       "Shared Written Blocks": 0,                                                                                                           
                       "Local Hit Blocks": 0,                                                                                                                
                       "Local Read Blocks": 0,                                                                                                               
                       "Local Dirtied Blocks": 0,                                                                                                            
                       "Local Written Blocks": 0,                                                                                                            
                       "Temp Read Blocks": 0,                                                                                                                
                       "Temp Written Blocks": 0,                                                                                                             
                       "Plans": [                                                                                                                            
                         {                                                                                                                                   
                           "Node Type": "Merge Join",                                                                                                        
                           "Parent Relationship": "Outer",                                                                                                   
                           "Parallel Aware": false,                                                                                                          
                           "Join Type": "Inner",                                                                                                             
                           "Startup Cost": 23462.78,                                                                                                         
                           "Total Cost": 23477.93,                                                                                                           
                           "Plan Rows": 1,                                                                                                                   
                           "Plan Width": 44,                                                                                                                 
                           "Actual Startup Time": 5532.217,                                                                                                  
                           "Actual Total Time": 5532.264,                                                                                                    
                           "Actual Rows": 152,                                                                                                               
                           "Actual Loops": 1,                                                                                                                
                           "Inner Unique": false,                                                                                                            
                           "Merge Cond": "(ml.movie_id = mk.movie_id)",                                                                                      
                           "Shared Hit Blocks": 12,                                                                                                          
                           "Shared Read Blocks": 82387,                                                                                                      
                           "Shared Dirtied Blocks": 0,                                                                                                       
                           "Shared Written Blocks": 0,                                                                                                       
                           "Local Hit Blocks": 0,                                                                                                            
                           "Local Read Blocks": 0,                                                                                                           
                           "Local Dirtied Blocks": 0,                                                                                                        
                           "Local Written Blocks": 0,                                                                                                        
                           "Temp Read Blocks": 0,                                                                                                            
                           "Temp Written Blocks": 0,                                                                                                         
                           "Plans": [                                                                                                                        
                             {                                                                                                                               
                               "Node Type": "Sort",                                                                                                          
                               "Parent Relationship": "Outer",                                                                                               
                               "Parallel Aware": false,                                                                                                      
                               "Startup Cost": 6851.86,                                                                                                      
                               "Total Cost": 6851.86,                                                                                                        
                               "Plan Rows": 1,                                                                                                               
                               "Plan Width": 52,                                                                                                             
                               "Actual Startup Time": 3410.080,                                                                                              
                               "Actual Total Time": 3410.083,                                                                                                
                               "Actual Rows": 38,                                                                                                            
                               "Actual Loops": 1,                                                                                                            
                               "Sort Key": ["mc.movie_id"],                                                                                                  
                               "Sort Method": "quicksort",                                                                                                   
                               "Sort Space Used": 30,                                                                                                        
                               "Sort Space Type": "Memory",                                                                                                  
                               "Shared Hit Blocks": 9,                                                                                                       
                               "Shared Read Blocks": 57936,                                                                                                  
                               "Shared Dirtied Blocks": 0,                                                                                                   
                               "Shared Written Blocks": 0,                                                                                                   
                               "Local Hit Blocks": 0,                                                                                                        
                               "Local Read Blocks": 0,                                                                                                       
                               "Local Dirtied Blocks": 0,                                                                                                    
                               "Local Written Blocks": 0,                                                                                                    
                               "Temp Read Blocks": 0,                                                                                                        
                               "Temp Written Blocks": 0,                                                                                                     
                               "Plans": [                                                                                                                    
                                 {                                                                                                                           
                                   "Node Type": "Merge Join",                                                                                                
                                   "Parent Relationship": "Outer",                                                                                           
                                   "Parallel Aware": false,                                                                                                  
                                   "Join Type": "Inner",                                                                                                     
                                   "Startup Cost": 6844.23,                                                                                                  
                                   "Total Cost": 6851.86,                                                                                                    
                                   "Plan Rows": 1,                                                                                                           
                                   "Plan Width": 52,                                                                                                         
                                   "Actual Startup Time": 3406.652,                                                                                          
                                   "Actual Total Time": 3410.042,                                                                                            
                                   "Actual Rows": 38,                                                                                                        
                                   "Actual Loops": 1,                                                                                                        
                                   "Inner Unique": true,                                                                                                     
                                   "Merge Cond": "(mc.company_id = cn.id)",                                                                                  
                                   "Shared Hit Blocks": 9,                                                                                                   
                                   "Shared Read Blocks": 57936,                                                                                              
                                   "Shared Dirtied Blocks": 0,                                                                                               
                                   "Shared Written Blocks": 0,                                                                                               
                                   "Local Hit Blocks": 0,                                                                                                    
                                   "Local Read Blocks": 0,                                                                                                   
                                   "Local Dirtied Blocks": 0,                                                                                                
                                   "Local Written Blocks": 0,                                                                                                
                                   "Temp Read Blocks": 0,                                                                                                    
                                   "Temp Written Blocks": 0,                                                                                                 
                                   "Plans": [                                                                                                                
                                     {                                                                                                                       
                                       "Node Type": "Sort",                                                                                                  
                                       "Parent Relationship": "Outer",                                                                                       
                                       "Parallel Aware": false,                                                                                              
                                       "Startup Cost": 6560.36,                                                                                              
                                       "Total Cost": 6560.36,                                                                                                
                                       "Plan Rows": 1,                                                                                                       
                                       "Plan Width": 37,                                                                                                     
                                       "Actual Startup Time": 3257.219,                                                                                      
                                       "Actual Total Time": 3257.226,                                                                                        
                                       "Actual Rows": 57,                                                                                                    
                                       "Actual Loops": 1,                                                                                                    
                                       "Sort Key": ["mc.company_id"],                                                                                        
                                       "Sort Method": "quicksort",                                                                                           
                                       "Sort Space Used": 29,                                                                                                
                                       "Sort Space Type": "Memory",                                                                                          
                                       "Shared Hit Blocks": 7,                                                                                               
                                       "Shared Read Blocks": 54944,                                                                                          
                                       "Shared Dirtied Blocks": 0,                                                                                           
                                       "Shared Written Blocks": 0,                                                                                           
                                       "Local Hit Blocks": 0,                                                                                                
                                       "Local Read Blocks": 0,                                                                                               
                                       "Local Dirtied Blocks": 0,                                                                                            
                                       "Local Written Blocks": 0,                                                                                            
                                       "Temp Read Blocks": 0,                                                                                                
                                       "Temp Written Blocks": 0,                                                                                             
                                       "Plans": [                                                                                                            
                                         {                                                                                                                   
                                           "Node Type": "Merge Join",                                                                                        
                                           "Parent Relationship": "Outer",                                                                                   
                                           "Parallel Aware": false,                                                                                          
                                           "Join Type": "Inner",                                                                                             
                                           "Startup Cost": 6560.36,                                                                                          
                                           "Total Cost": 6560.36,                                                                                            
                                           "Plan Rows": 1,                                                                                                   
                                           "Plan Width": 37,                                                                                                 
                                           "Actual Startup Time": 3257.168,                                                                                  
                                           "Actual Total Time": 3257.186,                                                                                    
                                           "Actual Rows": 57,                                                                                                
                                           "Actual Loops": 1,                                                                                                
                                           "Inner Unique": true,                                                                                             
                                           "Merge Cond": "(mc.company_type_id = ct.id)",                                                                     
                                           "Shared Hit Blocks": 7,                                                                                           
                                           "Shared Read Blocks": 54944,                                                                                      
                                           "Shared Dirtied Blocks": 0,                                                                                       
                                           "Shared Written Blocks": 0,                                                                                       
                                           "Local Hit Blocks": 0,                                                                                            
                                           "Local Read Blocks": 0,                                                                                           
                                           "Local Dirtied Blocks": 0,                                                                                        
                                           "Local Written Blocks": 0,                                                                                        
                                           "Temp Read Blocks": 0,                                                                                            
                                           "Temp Written Blocks": 0,                                                                                         
                                           "Plans": [                                                                                                        
                                             {                                                                                                               
                                               "Node Type": "Sort",                                                                                          
                                               "Parent Relationship": "Outer",                                                                               
                                               "Parallel Aware": false,                                                                                      
                                               "Startup Cost": 6560.32,                                                                                      
                                               "Total Cost": 6560.32,                                                                                        
                                               "Plan Rows": 1,                                                                                               
                                               "Plan Width": 41,                                                                                             
                                               "Actual Startup Time": 3257.142,                                                                              
                                               "Actual Total Time": 3257.144,                                                                                
                                               "Actual Rows": 57,                                                                                            
                                               "Actual Loops": 1,                                                                                            
                                               "Sort Key": ["mc.company_type_id"],                                                                           
                                               "Sort Method": "quicksort",                                                                                   
                                               "Sort Space Used": 29,                                                                                        
                                               "Sort Space Type": "Memory",                                                                                  
                                               "Shared Hit Blocks": 6,                                                                                       
                                               "Shared Read Blocks": 54944,                                                                                  
                                               "Shared Dirtied Blocks": 0,                                                                                   
                                               "Shared Written Blocks": 0,                                                                                   
                                               "Local Hit Blocks": 0,                                                                                        
                                               "Local Read Blocks": 0,                                                                                       
                                               "Local Dirtied Blocks": 0,                                                                                    
                                               "Local Written Blocks": 0,                                                                                    
                                               "Temp Read Blocks": 0,                                                                                        
                                               "Temp Written Blocks": 0,                                                                                     
                                               "Plans": [                                                                                                    
                                                 {                                                                                                           
                                                   "Node Type": "Merge Join",                                                                                
                                                   "Parent Relationship": "Outer",                                                                           
                                                   "Parallel Aware": false,                                                                                  
                                                   "Join Type": "Inner",                                                                                     
                                                   "Startup Cost": 6548.10,                                                                                  
                                                   "Total Cost": 6560.32,                                                                                    
                                                   "Plan Rows": 1,                                                                                           
                                                   "Plan Width": 41,                                                                                         
                                                   "Actual Startup Time": 3256.393,                                                                          
                                                   "Actual Total Time": 3257.101,                                                                            
                                                   "Actual Rows": 57,                                                                                        
                                                   "Actual Loops": 1,                                                                                        
                                                   "Inner Unique": false,                                                                                    
                                                   "Merge Cond": "(ml.movie_id = mc.movie_id)",                                                              
                                                   "Shared Hit Blocks": 6,                                                                                   
                                                   "Shared Read Blocks": 54944,                                                                              
                                                   "Shared Dirtied Blocks": 0,                                                                               
                                                   "Shared Written Blocks": 0,                                                                               
                                                   "Local Hit Blocks": 0,                                                                                    
                                                   "Local Read Blocks": 0,                                                                                   
                                                   "Local Dirtied Blocks": 0,                                                                                
                                                   "Local Written Blocks": 0,                                                                                
                                                   "Temp Read Blocks": 0,                                                                                    
                                                   "Temp Written Blocks": 0,                                                                                 
                                                   "Plans": [                                                                                                
                                                     {                                                                                                       
                                                       "Node Type": "Merge Join",                                                                            
                                                       "Parent Relationship": "Outer",                                                                       
                                                       "Parallel Aware": false,                                                                              
                                                       "Join Type": "Inner",                                                                                 
                                                       "Startup Cost": 1773.04,                                                                              
                                                       "Total Cost": 1777.69,                                                                                
                                                       "Plan Rows": 1,                                                                                       
                                                       "Plan Width": 29,                                                                                     
                                                       "Actual Startup Time": 1983.262,                                                                      
                                                       "Actual Total Time": 1983.952,                                                                        
                                                       "Actual Rows": 19,                                                                                    
                                                       "Actual Loops": 1,                                                                                    
                                                       "Inner Unique": true,                                                                                 
                                                       "Merge Cond": "(ml.movie_id = t.id)",                                                                 
                                                       "Shared Hit Blocks": 3,                                                                               
                                                       "Shared Read Blocks": 36158,                                                                          
                                                       "Shared Dirtied Blocks": 0,                                                                           
                                                       "Shared Written Blocks": 0,                                                                           
                                                       "Local Hit Blocks": 0,                                                                                
                                                       "Local Read Blocks": 0,                                                                               
                                                       "Local Dirtied Blocks": 0,                                                                            
                                                       "Local Written Blocks": 0,                                                                            
                                                       "Temp Read Blocks": 0,                                                                                
                                                       "Temp Written Blocks": 0,                                                                             
                                                       "Plans": [                                                                                            
                                                         {                                                                                                   
                                                           "Node Type": "Sort",                                                                              
                                                           "Parent Relationship": "Outer",                                                                   
                                                           "Parallel Aware": false,                                                                          
                                                           "Startup Cost": 76.46,                                                                            
                                                           "Total Cost": 78.79,                                                                              
                                                           "Plan Rows": 29997,                                                                               
                                                           "Plan Width": 8,                                                                                  
                                                           "Actual Startup Time": 63.634,                                                                    
                                                           "Actual Total Time": 65.060,                                                                      
                                                           "Actual Rows": 29997,                                                                             
                                                           "Actual Loops": 1,                                                                                
                                                           "Sort Key": ["ml.movie_id"],                                                                      
                                                           "Sort Method": "quicksort",                                                                       
                                                           "Sort Space Used": 2175,                                                                          
                                                           "Sort Space Type": "Memory",                                                                      
                                                           "Shared Hit Blocks": 2,                                                                           
                                                           "Shared Read Blocks": 161,                                                                        
                                                           "Shared Dirtied Blocks": 0,                                                                       
                                                           "Shared Written Blocks": 0,                                                                       
                                                           "Local Hit Blocks": 0,                                                                            
                                                           "Local Read Blocks": 0,                                                                           
                                                           "Local Dirtied Blocks": 0,                                                                        
                                                           "Local Written Blocks": 0,                                                                        
                                                           "Temp Read Blocks": 0,                                                                            
                                                           "Temp Written Blocks": 0,                                                                         
                                                           "Plans": [                                                                                        
                                                             {                                                                                               
                                                               "Node Type": "Seq Scan",                                                                      
                                                               "Parent Relationship": "Outer",                                                               
                                                               "Parallel Aware": false,                                                                      
                                                               "Relation Name": "movie_link",                                                                
                                                               "Alias": "ml",                                                                                
                                                               "Startup Cost": 0.00,                                                                         
                                                               "Total Cost": 7.19,                                                                           
                                                               "Plan Rows": 29997,                                                                           
                                                               "Plan Width": 8,                                                                              
                                                               "Actual Startup Time": 0.018,                                                                 
                                                               "Actual Total Time": 25.904,                                                                  
                                                               "Actual Rows": 29997,                                                                         
                                                               "Actual Loops": 1,                                                                            
                                                               "Shared Hit Blocks": 2,                                                                       
                                                               "Shared Read Blocks": 161,                                                                    
                                                               "Shared Dirtied Blocks": 0,                                                                   
                                                               "Shared Written Blocks": 0,                                                                   
                                                               "Local Hit Blocks": 0,                                                                        
                                                               "Local Read Blocks": 0,                                                                       
                                                               "Local Dirtied Blocks": 0,                                                                    
                                                               "Local Written Blocks": 0,                                                                    
                                                               "Temp Read Blocks": 0,                                                                        
                                                               "Temp Written Blocks": 0                                                                      
                                                             }                                                                                               
                                                           ]                                                                                                 
                                                         },                                                                                                  
                                                         {                                                                                                   
                                                           "Node Type": "Sort",                                                                              
                                                           "Parent Relationship": "Inner",                                                                   
                                                           "Parallel Aware": false,                                                                          
                                                           "Startup Cost": 1696.57,                                                                          
                                                           "Total Cost": 1696.58,                                                                            
                                                           "Plan Rows": 24,                                                                                  
                                                           "Plan Width": 21,                                                                                 
                                                           "Actual Startup Time": 1915.799,                                                                  
                                                           "Actual Total Time": 1915.800,                                                                    
                                                           "Actual Rows": 3,                                                                                 
                                                           "Actual Loops": 1,                                                                                
                                                           "Sort Key": ["t.id"],                                                                             
                                                           "Sort Method": "quicksort",                                                                       
                                                           "Sort Space Used": 27,                                                                            
                                                           "Sort Space Type": "Memory",                                                                      
                                                           "Shared Hit Blocks": 1,                                                                           
                                                           "Shared Read Blocks": 35997,                                                                      
                                                           "Shared Dirtied Blocks": 0,                                                                       
                                                           "Shared Written Blocks": 0,                                                                       
                                                           "Local Hit Blocks": 0,                                                                            
                                                           "Local Read Blocks": 0,                                                                           
                                                           "Local Dirtied Blocks": 0,                                                                        
                                                           "Local Written Blocks": 0,                                                                        
                                                           "Temp Read Blocks": 0,                                                                            
                                                           "Temp Written Blocks": 0,                                                                         
                                                           "Plans": [                                                                                        
                                                             {                                                                                               
                                                               "Node Type": "Seq Scan",                                                                      
                                                               "Parent Relationship": "Outer",                                                               
                                                               "Parallel Aware": false,                                                                      
                                                               "Relation Name": "title",                                                                     
                                                               "Alias": "t",                                                                                 
                                                               "Startup Cost": 0.00,                                                                         
                                                               "Total Cost": 1696.56,                                                                        
                                                               "Plan Rows": 24,                                                                              
                                                               "Plan Width": 21,                                                                             
                                                               "Actual Startup Time": 74.278,                                                                
                                                               "Actual Total Time": 1915.617,                                                                
                                                               "Actual Rows": 36,                                                                            
                                                               "Actual Loops": 1,                                                                            
                                                               "Filter": "((title ~~ '%Money%'::text) AND (production_year = 1998))",                        
                                                               "Rows Removed by Filter": 2528276,                                                            
                                                               "Shared Hit Blocks": 1,                                                                       
                                                               "Shared Read Blocks": 35997,                                                                  
                                                               "Shared Dirtied Blocks": 0,                                                                   
                                                               "Shared Written Blocks": 0,                                                                   
                                                               "Local Hit Blocks": 0,                                                                        
                                                               "Local Read Blocks": 0,                                                                       
                                                               "Local Dirtied Blocks": 0,                                                                    
                                                               "Local Written Blocks": 0,                                                                    
                                                               "Temp Read Blocks": 0,                                                                        
                                                               "Temp Written Blocks": 0                                                                      
                                                             }                                                                                               
                                                           ]                                                                                                 
                                                         }                                                                                                   
                                                       ]                                                                                                     
                                                     },                                                                                                      
                                                     {                                                                                                       
                                                       "Node Type": "Sort",                                                                                  
                                                       "Parent Relationship": "Inner",                                                                       
                                                       "Parallel Aware": false,                                                                              
                                                       "Startup Cost": 4775.07,                                                                              
                                                       "Total Cost": 4873.82,                                                                                
                                                       "Plan Rows": 1271989,                                                                                 
                                                       "Plan Width": 12,                                                                                     
                                                       "Actual Startup Time": 1268.349,                                                                      
                                                       "Actual Total Time": 1269.906,                                                                        
                                                       "Actual Rows": 33546,                                                                                 
                                                       "Actual Loops": 1,                                                                                    
                                                       "Sort Key": ["mc.movie_id"],                                                                          
                                                       "Sort Method": "quicksort",                                                                           
                                                       "Sort Space Used": 108777,                                                                            
                                                       "Sort Space Type": "Memory",                                                                          
                                                       "Shared Hit Blocks": 3,                                                                               
                                                       "Shared Read Blocks": 18786,                                                                          
                                                       "Shared Dirtied Blocks": 0,                                                                           
                                                       "Shared Written Blocks": 0,                                                                           
                                                       "Local Hit Blocks": 0,                                                                                
                                                       "Local Read Blocks": 0,                                                                               
                                                       "Local Dirtied Blocks": 0,                                                                            
                                                       "Local Written Blocks": 0,                                                                            
                                                       "Temp Read Blocks": 0,                                                                                
                                                       "Temp Written Blocks": 0,                                                                             
                                                       "Plans": [                                                                                            
                                                         {                                                                                                   
                                                           "Node Type": "Seq Scan",                                                                          
                                                           "Parent Relationship": "Outer",                                                                   
                                                           "Parallel Aware": false,                                                                          
                                                           "Relation Name": "movie_companies",                                                               
                                                           "Alias": "mc",                                                                                    
                                                           "Startup Cost": 0.00,                                                                             
                                                           "Total Cost": 769.75,                                                                             
                                                           "Plan Rows": 1271989,                                                                             
                                                           "Plan Width": 12,                                                                                 
                                                           "Actual Startup Time": 0.026,                                                                     
                                                           "Actual Total Time": 789.097,                                                                     
                                                           "Actual Rows": 1271989,                                                                           
                                                           "Actual Loops": 1,                                                                                
                                                           "Filter": "(note IS NULL)",                                                                       
                                                           "Rows Removed by Filter": 1337140,                                                                
                                                           "Shared Hit Blocks": 3,                                                                           
                                                           "Shared Read Blocks": 18786,                                                                      
                                                           "Shared Dirtied Blocks": 0,                                                                       
                                                           "Shared Written Blocks": 0,                                                                       
                                                           "Local Hit Blocks": 0,                                                                            
                                                           "Local Read Blocks": 0,                                                                           
                                                           "Local Dirtied Blocks": 0,                                                                        
                                                           "Local Written Blocks": 0,                                                                        
                                                           "Temp Read Blocks": 0,                                                                            
                                                           "Temp Written Blocks": 0                                                                          
                                                         }                                                                                                   
                                                       ]                                                                                                     
                                                     }                                                                                                       
                                                   ]                                                                                                         
                                                 }                                                                                                           
                                               ]                                                                                                             
                                             },                                                                                                              
                                             {                                                                                                               
                                               "Node Type": "Sort",                                                                                          
                                               "Parent Relationship": "Inner",                                                                               
                                               "Parallel Aware": false,                                                                                      
                                               "Startup Cost": 0.03,                                                                                         
                                               "Total Cost": 0.03,                                                                                           
                                               "Plan Rows": 1,                                                                                               
                                               "Plan Width": 4,                                                                                              
                                               "Actual Startup Time": 0.023,                                                                                 
                                               "Actual Total Time": 0.023,                                                                                   
                                               "Actual Rows": 1,                                                                                             
                                               "Actual Loops": 1,                                                                                            
                                               "Sort Key": ["ct.id"],                                                                                        
                                               "Sort Method": "quicksort",                                                                                   
                                               "Sort Space Used": 25,                                                                                        
                                               "Sort Space Type": "Memory",                                                                                  
                                               "Shared Hit Blocks": 1,                                                                                       
                                               "Shared Read Blocks": 0,                                                                                      
                                               "Shared Dirtied Blocks": 0,                                                                                   
                                               "Shared Written Blocks": 0,                                                                                   
                                               "Local Hit Blocks": 0,                                                                                        
                                               "Local Read Blocks": 0,                                                                                       
                                               "Local Dirtied Blocks": 0,                                                                                    
                                               "Local Written Blocks": 0,                                                                                    
                                               "Temp Read Blocks": 0,                                                                                        
                                               "Temp Written Blocks": 0,                                                                                     
                                               "Plans": [                                                                                                    
                                                 {                                                                                                           
                                                   "Node Type": "Seq Scan",                                                                                  
                                                   "Parent Relationship": "Outer",                                                                           
                                                   "Parallel Aware": false,                                                                                  
                                                   "Relation Name": "company_type",                                                                          
                                                   "Alias": "ct",                                                                                            
                                                   "Startup Cost": 0.00,                                                                                     
                                                   "Total Cost": 0.03,                                                                                       
                                                   "Plan Rows": 1,                                                                                           
                                                   "Plan Width": 4,                                                                                          
                                                   "Actual Startup Time": 0.014,                                                                             
                                                   "Actual Total Time": 0.015,                                                                               
                                                   "Actual Rows": 1,                                                                                         
                                                   "Actual Loops": 1,                                                                                        
                                                   "Filter": "((kind)::text = 'production companies'::text)",                                                
                                                   "Rows Removed by Filter": 3,                                                                              
                                                   "Shared Hit Blocks": 1,                                                                                   
                                                   "Shared Read Blocks": 0,                                                                                  
                                                   "Shared Dirtied Blocks": 0,                                                                               
                                                   "Shared Written Blocks": 0,                                                                               
                                                   "Local Hit Blocks": 0,                                                                                    
                                                   "Local Read Blocks": 0,                                                                                   
                                                   "Local Dirtied Blocks": 0,                                                                                
                                                   "Local Written Blocks": 0,                                                                                
                                                   "Temp Read Blocks": 0,                                                                                    
                                                   "Temp Written Blocks": 0                                                                                  
                                                 }                                                                                                           
                                               ]                                                                                                             
                                             }                                                                                                               
                                           ]                                                                                                                 
                                         }                                                                                                                   
                                       ]                                                                                                                     
                                     },                                                                                                                      
                                     {                                                                                                                       
                                       "Node Type": "Sort",                                                                                                  
                                       "Parent Relationship": "Inner",                                                                                       
                                       "Parallel Aware": false,                                                                                              
                                       "Startup Cost": 283.87,                                                                                               
                                       "Total Cost": 287.69,                                                                                                 
                                       "Plan Rows": 49161,                                                                                                   
                                       "Plan Width": 23,                                                                                                     
                                       "Actual Startup Time": 149.395,                                                                                       
                                       "Actual Total Time": 150.930,                                                                                         
                                       "Actual Rows": 14125,                                                                                                 
                                       "Actual Loops": 1,                                                                                                    
                                       "Sort Key": ["cn.id"],                                                                                                
                                       "Sort Method": "quicksort",                                                                                           
                                       "Sort Space Used": 5023,                                                                                              
                                       "Sort Space Type": "Memory",                                                                                          
                                       "Shared Hit Blocks": 2,                                                                                               
                                       "Shared Read Blocks": 2992,                                                                                           
                                       "Shared Dirtied Blocks": 0,                                                                                           
                                       "Shared Written Blocks": 0,                                                                                           
                                       "Local Hit Blocks": 0,                                                                                                
                                       "Local Read Blocks": 0,                                                                                               
                                       "Local Dirtied Blocks": 0,                                                                                            
                                       "Local Written Blocks": 0,                                                                                            
                                       "Temp Read Blocks": 0,                                                                                                
                                       "Temp Written Blocks": 0,                                                                                             
                                       "Plans": [                                                                                                            
                                         {                                                                                                                   
                                           "Node Type": "Seq Scan",                                                                                          
                                           "Parent Relationship": "Outer",                                                                                   
                                           "Parallel Aware": false,                                                                                          
                                           "Relation Name": "company_name",                                                                                  
                                           "Alias": "cn",                                                                                                    
                                           "Startup Cost": 0.00,                                                                                             
                                           "Total Cost": 164.90,                                                                                             
                                           "Plan Rows": 49161,                                                                                               
                                           "Plan Width": 23,                                                                                                 
                                           "Actual Startup Time": 5.439,                                                                                     
                                           "Actual Total Time": 126.492,                                                                                     
                                           "Actual Rows": 48302,                                                                                             
                                           "Actual Loops": 1,                                                                                                
                                           "Filter": "(((country_code)::text <> '[pl]'::text) AND ((name ~~ '%Film%'::text) OR (name ~~ '%Warner%'::text)))",
                                           "Rows Removed by Filter": 186695,                                                                                 
                                           "Shared Hit Blocks": 2,                                                                                           
                                           "Shared Read Blocks": 2992,                                                                                       
                                           "Shared Dirtied Blocks": 0,                                                                                       
                                           "Shared Written Blocks": 0,                                                                                       
                                           "Local Hit Blocks": 0,                                                                                            
                                           "Local Read Blocks": 0,                                                                                           
                                           "Local Dirtied Blocks": 0,                                                                                        
                                           "Local Written Blocks": 0,                                                                                        
                                           "Temp Read Blocks": 0,                                                                                            
                                           "Temp Written Blocks": 0                                                                                          
                                         }                                                                                                                   
                                       ]                                                                                                                     
                                     }                                                                                                                       
                                   ]                                                                                                                         
                                 }                                                                                                                           
                               ]                                                                                                                             
                             },                                                                                                                              
                             {                                                                                                                               
                               "Node Type": "Sort",                                                                                                          
                               "Parent Relationship": "Inner",                                                                                               
                               "Parallel Aware": false,                                                                                                      
                               "Startup Cost": 16610.92,                                                                                                     
                               "Total Cost": 16962.16,                                                                                                       
                               "Plan Rows": 4523930,                                                                                                         
                               "Plan Width": 8,                                                                                                              
                               "Actual Startup Time": 2112.222,                                                                                              
                               "Actual Total Time": 2115.567,                                                                                                
                               "Actual Rows": 69565,                                                                                                         
                               "Actual Loops": 1,                                                                                                            
                               "Sort Key": ["mk.movie_id"],                                                                                                  
                               "Sort Method": "quicksort",                                                                                                   
                               "Sort Space Used": 408668,                                                                                                    
                               "Sort Space Type": "Memory",                                                                                                  
                               "Shared Hit Blocks": 3,                                                                                                       
                               "Shared Read Blocks": 24451,                                                                                                  
                               "Shared Dirtied Blocks": 0,                                                                                                   
                               "Shared Written Blocks": 0,                                                                                                   
                               "Local Hit Blocks": 0,                                                                                                        
                               "Local Read Blocks": 0,                                                                                                       
                               "Local Dirtied Blocks": 0,                                                                                                    
                               "Local Written Blocks": 0,                                                                                                    
                               "Temp Read Blocks": 0,                                                                                                        
                               "Temp Written Blocks": 0,                                                                                                     
                               "Plans": [                                                                                                                    
                                 {                                                                                                                           
                                   "Node Type": "Seq Scan",                                                                                                  
                                   "Parent Relationship": "Outer",                                                                                           
                                   "Parallel Aware": false,                                                                                                  
                                   "Relation Name": "movie_keyword",                                                                                         
                                   "Alias": "mk",                                                                                                            
                                   "Startup Cost": 0.00,                                                                                                     
                                   "Total Cost": 1079.84,                                                                                                    
                                   "Plan Rows": 4523930,                                                                                                     
                                   "Plan Width": 8,                                                                                                          
                                   "Actual Startup Time": 0.010,                                                                                             
                                   "Actual Total Time": 751.346,                                                                                             
                                   "Actual Rows": 4523930,                                                                                                   
                                   "Actual Loops": 1,                                                                                                        
                                   "Shared Hit Blocks": 3,                                                                                                   
                                   "Shared Read Blocks": 24451,                                                                                              
                                   "Shared Dirtied Blocks": 0,                                                                                               
                                   "Shared Written Blocks": 0,                                                                                               
                                   "Local Hit Blocks": 0,                                                                                                    
                                   "Local Read Blocks": 0,                                                                                                   
                                   "Local Dirtied Blocks": 0,                                                                                                
                                   "Local Written Blocks": 0,                                                                                                
                                   "Temp Read Blocks": 0,                                                                                                    
                                   "Temp Written Blocks": 0                                                                                                  
                                 }                                                                                                                           
                               ]                                                                                                                             
                             }                                                                                                                               
                           ]                                                                                                                                 
                         }                                                                                                                                   
                       ]                                                                                                                                     
                     },                                                                                                                                      
                     {                                                                                                                                       
                       "Node Type": "Sort",                                                                                                                  
                       "Parent Relationship": "Inner",                                                                                                       
                       "Parallel Aware": false,                                                                                                              
                       "Startup Cost": 49.46,                                                                                                                
                       "Total Cost": 49.46,                                                                                                                  
                       "Plan Rows": 1,                                                                                                                       
                       "Plan Width": 4,                                                                                                                      
                       "Actual Startup Time": 84.495,                                                                                                        
                       "Actual Total Time": 84.495,                                                                                                          
                       "Actual Rows": 1,                                                                                                                     
                       "Actual Loops": 1,                                                                                                                    
                       "Sort Key": ["k.id"],                                                                                                                 
                       "Sort Method": "quicksort",                                                                                                           
                       "Sort Space Used": 25,                                                                                                                
                       "Sort Space Type": "Memory",                                                                                                          
                       "Shared Hit Blocks": 2,                                                                                                               
                       "Shared Read Blocks": 947,                                                                                                            
                       "Shared Dirtied Blocks": 0,                                                                                                           
                       "Shared Written Blocks": 0,                                                                                                           
                       "Local Hit Blocks": 0,                                                                                                                
                       "Local Read Blocks": 0,                                                                                                               
                       "Local Dirtied Blocks": 0,                                                                                                            
                       "Local Written Blocks": 0,                                                                                                            
                       "Temp Read Blocks": 0,                                                                                                                
                       "Temp Written Blocks": 0,                                                                                                             
                       "Plans": [                                                                                                                            
                         {                                                                                                                                   
                           "Node Type": "Seq Scan",                                                                                                          
                           "Parent Relationship": "Outer",                                                                                                   
                           "Parallel Aware": false,                                                                                                          
                           "Relation Name": "keyword",                                                                                                       
                           "Alias": "k",                                                                                                                     
                           "Startup Cost": 0.00,                                                                                                             
                           "Total Cost": 49.46,                                                                                                              
                           "Plan Rows": 1,                                                                                                                   
                           "Plan Width": 4,                                                                                                                  
                           "Actual Startup Time": 24.829,                                                                                                    
                           "Actual Total Time": 84.482,                                                                                                      
                           "Actual Rows": 1,                                                                                                                 
                           "Actual Loops": 1,                                                                                                                
                           "Filter": "(keyword = 'sequel'::text)",                                                                                           
                           "Rows Removed by Filter": 134169,                                                                                                 
                           "Shared Hit Blocks": 2,                                                                                                           
                           "Shared Read Blocks": 947,                                                                                                        
                           "Shared Dirtied Blocks": 0,                                                                                                       
                           "Shared Written Blocks": 0,                                                                                                       
                           "Local Hit Blocks": 0,                                                                                                            
                           "Local Read Blocks": 0,                                                                                                           
                           "Local Dirtied Blocks": 0,                                                                                                        
                           "Local Written Blocks": 0,                                                                                                        
                           "Temp Read Blocks": 0,                                                                                                            
                           "Temp Written Blocks": 0                                                                                                          
                         }                                                                                                                                   
                       ]                                                                                                                                     
                     }                                                                                                                                       
                   ]                                                                                                                                         
                 }                                                                                                                                           
               ]                                                                                                                                             
             },                                                                                                                                              
             {                                                                                                                                               
               "Node Type": "Sort",                                                                                                                          
               "Parent Relationship": "Inner",                                                                                                               
               "Parallel Aware": false,                                                                                                                      
               "Startup Cost": 0.03,                                                                                                                         
               "Total Cost": 0.03,                                                                                                                           
               "Plan Rows": 1,                                                                                                                               
               "Plan Width": 16,                                                                                                                             
               "Actual Startup Time": 0.019,                                                                                                                 
               "Actual Total Time": 0.019,                                                                                                                   
               "Actual Rows": 1,                                                                                                                             
               "Actual Loops": 1,                                                                                                                            
               "Sort Key": ["lt.id"],                                                                                                                        
               "Sort Method": "quicksort",                                                                                                                   
               "Sort Space Used": 25,                                                                                                                        
               "Sort Space Type": "Memory",                                                                                                                  
               "Shared Hit Blocks": 1,                                                                                                                       
               "Shared Read Blocks": 0,                                                                                                                      
               "Shared Dirtied Blocks": 0,                                                                                                                   
               "Shared Written Blocks": 0,                                                                                                                   
               "Local Hit Blocks": 0,                                                                                                                        
               "Local Read Blocks": 0,                                                                                                                       
               "Local Dirtied Blocks": 0,                                                                                                                    
               "Local Written Blocks": 0,                                                                                                                    
               "Temp Read Blocks": 0,                                                                                                                        
               "Temp Written Blocks": 0,                                                                                                                     
               "Plans": [                                                                                                                                    
                 {                                                                                                                                           
                   "Node Type": "Seq Scan",                                                                                                                  
                   "Parent Relationship": "Outer",                                                                                                           
                   "Parallel Aware": false,                                                                                                                  
                   "Relation Name": "link_type",                                                                                                             
                   "Alias": "lt",                                                                                                                            
                   "Startup Cost": 0.00,                                                                                                                     
                   "Total Cost": 0.03,                                                                                                                       
                   "Plan Rows": 1,                                                                                                                           
                   "Plan Width": 16,                                                                                                                         
                   "Actual Startup Time": 0.007,                                                                                                             
                   "Actual Total Time": 0.011,                                                                                                               
                   "Actual Rows": 1,                                                                                                                         
                   "Actual Loops": 1,                                                                                                                        
                   "Filter": "((link)::text ~~ '%follows%'::text)",                                                                                          
                   "Rows Removed by Filter": 17,                                                                                                             
                   "Shared Hit Blocks": 1,                                                                                                                   
                   "Shared Read Blocks": 0,                                                                                                                  
                   "Shared Dirtied Blocks": 0,                                                                                                               
                   "Shared Written Blocks": 0,                                                                                                               
                   "Local Hit Blocks": 0,                                                                                                                    
                   "Local Read Blocks": 0,                                                                                                                   
                   "Local Dirtied Blocks": 0,                                                                                                                
                   "Local Written Blocks": 0,                                                                                                                
                   "Temp Read Blocks": 0,                                                                                                                    
                   "Temp Written Blocks": 0                                                                                                                  
                 }                                                                                                                                           
               ]                                                                                                                                             
             }                                                                                                                                               
           ]                                                                                                                                                 
         }                                                                                                                                                   
       ]                                                                                                                                                     
     },                                                                                                                                                      
     "Planning Time": 3695.592,                                                                                                                              
     "Triggers": [                                                                                                                                           
     ],                                                                                                                                                      
     "Execution Time": 5707.530                                                                                                                              
