 [                                                                                                                                 
   {                                                                                                                               
     "Plan": {                                                                                                                     
       "Node Type": "Aggregate",                                                                                                   
       "Strategy": "Plain",                                                                                                        
       "Partial Mode": "Simple",                                                                                                   
       "Parallel Aware": false,                                                                                                    
       "Startup Cost": 32215.91,                                                                                                   
       "Total Cost": 32215.91,                                                                                                     
       "Plan Rows": 1,                                                                                                             
       "Plan Width": 96,                                                                                                           
       "Actual Startup Time": 6442.155,                                                                                            
       "Actual Total Time": 6442.155,                                                                                              
       "Actual Rows": 1,                                                                                                           
       "Actual Loops": 1,                                                                                                          
       "Shared Hit Blocks": 19,                                                                                                    
       "Shared Read Blocks": 83334,                                                                                                
       "Shared Dirtied Blocks": 0,                                                                                                 
       "Shared Written Blocks": 0,                                                                                                 
       "Local Hit Blocks": 0,                                                                                                      
       "Local Read Blocks": 0,                                                                                                     
       "Local Dirtied Blocks": 0,                                                                                                  
       "Local Written Blocks": 0,                                                                                                  
       "Temp Read Blocks": 0,                                                                                                      
       "Temp Written Blocks": 0,                                                                                                   
       "Plans": [                                                                                                                  
         {                                                                                                                         
           "Node Type": "Merge Join",                                                                                              
           "Parent Relationship": "Outer",                                                                                         
           "Parallel Aware": false,                                                                                                
           "Join Type": "Inner",                                                                                                   
           "Startup Cost": 32215.91,                                                                                               
           "Total Cost": 32215.91,                                                                                                 
           "Plan Rows": 12,                                                                                                        
           "Plan Width": 60,                                                                                                       
           "Actual Startup Time": 6403.073,                                                                                        
           "Actual Total Time": 6415.022,                                                                                          
           "Actual Rows": 14899,                                                                                                   
           "Actual Loops": 1,                                                                                                      
           "Inner Unique": true,                                                                                                   
           "Merge Cond": "(ml.link_type_id = lt.id)",                                                                              
           "Shared Hit Blocks": 19,                                                                                                
           "Shared Read Blocks": 83334,                                                                                            
           "Shared Dirtied Blocks": 0,                                                                                             
           "Shared Written Blocks": 0,                                                                                             
           "Local Hit Blocks": 0,                                                                                                  
           "Local Read Blocks": 0,                                                                                                 
           "Local Dirtied Blocks": 0,                                                                                              
           "Local Written Blocks": 0,                                                                                              
           "Temp Read Blocks": 0,                                                                                                  
           "Temp Written Blocks": 0,                                                                                               
           "Plans": [                                                                                                              
             {                                                                                                                     
               "Node Type": "Sort",                                                                                                
               "Parent Relationship": "Outer",                                                                                     
               "Parallel Aware": false,                                                                                            
               "Startup Cost": 32215.86,                                                                                           
               "Total Cost": 32215.86,                                                                                             
               "Plan Rows": 12,                                                                                                    
               "Plan Width": 64,                                                                                                   
               "Actual Startup Time": 6403.047,                                                                                    
               "Actual Total Time": 6405.212,                                                                                      
               "Actual Rows": 14899,                                                                                               
               "Actual Loops": 1,                                                                                                  
               "Sort Key": ["ml.link_type_id"],                                                                                    
               "Sort Method": "quicksort",                                                                                         
               "Sort Space Used": 2344,                                                                                            
               "Sort Space Type": "Memory",                                                                                        
               "Shared Hit Blocks": 18,                                                                                            
               "Shared Read Blocks": 83334,                                                                                        
               "Shared Dirtied Blocks": 0,                                                                                         
               "Shared Written Blocks": 0,                                                                                         
               "Local Hit Blocks": 0,                                                                                              
               "Local Read Blocks": 0,                                                                                             
               "Local Dirtied Blocks": 0,                                                                                          
               "Local Written Blocks": 0,                                                                                          
               "Temp Read Blocks": 0,                                                                                              
               "Temp Written Blocks": 0,                                                                                           
               "Plans": [                                                                                                          
                 {                                                                                                                 
                   "Node Type": "Merge Join",                                                                                      
                   "Parent Relationship": "Outer",                                                                                 
                   "Parallel Aware": false,                                                                                        
                   "Join Type": "Inner",                                                                                           
                   "Startup Cost": 32183.24,                                                                                       
                   "Total Cost": 32215.85,                                                                                         
                   "Plan Rows": 12,                                                                                                
                   "Plan Width": 64,                                                                                               
                   "Actual Startup Time": 6393.861,                                                                                
                   "Actual Total Time": 6399.031,                                                                                  
                   "Actual Rows": 14899,                                                                                           
                   "Actual Loops": 1,                                                                                              
                   "Inner Unique": true,                                                                                           
                   "Merge Cond": "(mc.company_id = cn.id)",                                                                        
                   "Shared Hit Blocks": 14,                                                                                        
                   "Shared Read Blocks": 83334,                                                                                    
                   "Shared Dirtied Blocks": 0,                                                                                     
                   "Shared Written Blocks": 0,                                                                                     
                   "Local Hit Blocks": 0,                                                                                          
                   "Local Read Blocks": 0,                                                                                         
                   "Local Dirtied Blocks": 0,                                                                                      
                   "Local Written Blocks": 0,                                                                                      
                   "Temp Read Blocks": 0,                                                                                          
                   "Temp Written Blocks": 0,                                                                                       
                   "Plans": [                                                                                                      
                     {                                                                                                             
                       "Node Type": "Sort",                                                                                        
                       "Parent Relationship": "Outer",                                                                             
                       "Parallel Aware": false,                                                                                    
                       "Startup Cost": 31478.22,                                                                                   
                       "Total Cost": 31478.22,                                                                                     
                       "Plan Rows": 13,                                                                                            
                       "Plan Width": 49,                                                                                           
                       "Actual Startup Time": 6187.748,                                                                            
                       "Actual Total Time": 6188.668,                                                                              
                       "Actual Rows": 14916,                                                                                       
                       "Actual Loops": 1,                                                                                          
                       "Sort Key": ["mc.company_id"],                                                                              
                       "Sort Method": "quicksort",                                                                                 
                       "Sort Space Used": 1932,                                                                                    
                       "Sort Space Type": "Memory",                                                                                
                       "Shared Hit Blocks": 12,                                                                                    
                       "Shared Read Blocks": 80342,                                                                                
                       "Shared Dirtied Blocks": 0,                                                                                 
                       "Shared Written Blocks": 0,                                                                                 
                       "Local Hit Blocks": 0,                                                                                      
                       "Local Read Blocks": 0,                                                                                     
                       "Local Dirtied Blocks": 0,                                                                                  
                       "Local Written Blocks": 0,                                                                                  
                       "Temp Read Blocks": 0,                                                                                      
                       "Temp Written Blocks": 0,                                                                                   
                       "Plans": [                                                                                                  
                         {                                                                                                         
                           "Node Type": "Merge Join",                                                                              
                           "Parent Relationship": "Outer",                                                                         
                           "Parallel Aware": false,                                                                                
                           "Join Type": "Inner",                                                                                   
                           "Startup Cost": 31478.21,                                                                               
                           "Total Cost": 31478.21,                                                                                 
                           "Plan Rows": 13,                                                                                        
                           "Plan Width": 49,                                                                                       
                           "Actual Startup Time": 6179.414,                                                                        
                           "Actual Total Time": 6183.708,                                                                          
                           "Actual Rows": 14916,                                                                                   
                           "Actual Loops": 1,                                                                                      
                           "Inner Unique": true,                                                                                   
                           "Merge Cond": "(mc.company_type_id = ct.id)",                                                           
                           "Shared Hit Blocks": 12,                                                                                
                           "Shared Read Blocks": 80342,                                                                            
                           "Shared Dirtied Blocks": 0,                                                                             
                           "Shared Written Blocks": 0,                                                                             
                           "Local Hit Blocks": 0,                                                                                  
                           "Local Read Blocks": 0,                                                                                 
                           "Local Dirtied Blocks": 0,                                                                              
                           "Local Written Blocks": 0,                                                                              
                           "Temp Read Blocks": 0,                                                                                  
                           "Temp Written Blocks": 0,                                                                               
                           "Plans": [                                                                                              
                             {                                                                                                     
                               "Node Type": "Sort",                                                                                
                               "Parent Relationship": "Outer",                                                                     
                               "Parallel Aware": false,                                                                            
                               "Startup Cost": 31478.17,                                                                           
                               "Total Cost": 31478.17,                                                                             
                               "Plan Rows": 17,                                                                                    
                               "Plan Width": 53,                                                                                   
                               "Actual Startup Time": 6179.382,                                                                    
                               "Actual Total Time": 6180.130,                                                                      
                               "Actual Rows": 15510,                                                                               
                               "Actual Loops": 1,                                                                                  
                               "Sort Key": ["mc.company_type_id"],                                                                 
                               "Sort Method": "quicksort",                                                                         
                               "Sort Space Used": 2164,                                                                            
                               "Sort Space Type": "Memory",                                                                        
                               "Shared Hit Blocks": 11,                                                                            
                               "Shared Read Blocks": 80342,                                                                        
                               "Shared Dirtied Blocks": 0,                                                                         
                               "Shared Written Blocks": 0,                                                                         
                               "Local Hit Blocks": 0,                                                                              
                               "Local Read Blocks": 0,                                                                             
                               "Local Dirtied Blocks": 0,                                                                          
                               "Local Written Blocks": 0,                                                                          
                               "Temp Read Blocks": 0,                                                                              
                               "Temp Written Blocks": 0,                                                                           
                               "Plans": [                                                                                          
                                 {                                                                                                 
                                   "Node Type": "Merge Join",                                                                      
                                   "Parent Relationship": "Outer",                                                                 
                                   "Parallel Aware": false,                                                                        
                                   "Join Type": "Inner",                                                                           
                                   "Startup Cost": 31443.04,                                                                       
                                   "Total Cost": 31478.16,                                                                         
                                   "Plan Rows": 17,                                                                                
                                   "Plan Width": 53,                                                                               
                                   "Actual Startup Time": 6113.060,                                                                
                                   "Actual Total Time": 6175.385,                                                                  
                                   "Actual Rows": 15510,                                                                           
                                   "Actual Loops": 1,                                                                              
                                   "Inner Unique": true,                                                                           
                                   "Merge Cond": "(ml.movie_id = t.id)",                                                           
                                   "Shared Hit Blocks": 11,                                                                        
                                   "Shared Read Blocks": 80342,                                                                    
                                   "Shared Dirtied Blocks": 0,                                                                     
                                   "Shared Written Blocks": 0,                                                                     
                                   "Local Hit Blocks": 0,                                                                          
                                   "Local Read Blocks": 0,                                                                         
                                   "Local Dirtied Blocks": 0,                                                                      
                                   "Local Written Blocks": 0,                                                                      
                                   "Temp Read Blocks": 0,                                                                          
                                   "Temp Written Blocks": 0,                                                                       
                                   "Plans": [                                                                                      
                                     {                                                                                             
                                       "Node Type": "Merge Join",                                                                  
                                       "Parent Relationship": "Outer",                                                             
                                       "Parallel Aware": false,                                                                    
                                       "Join Type": "Inner",                                                                       
                                       "Startup Cost": 22439.82,                                                                   
                                       "Total Cost": 22448.79,                                                                     
                                       "Plan Rows": 19,                                                                            
                                       "Plan Width": 48,                                                                           
                                       "Actual Startup Time": 3847.749,                                                            
                                       "Actual Total Time": 3864.380,                                                              
                                       "Actual Rows": 15510,                                                                       
                                       "Actual Loops": 1,                                                                          
                                       "Inner Unique": false,                                                                      
                                       "Merge Cond": "(mk.movie_id = ml.movie_id)",                                                
                                       "Shared Hit Blocks": 10,                                                                    
                                       "Shared Read Blocks": 44345,                                                                
                                       "Shared Dirtied Blocks": 0,                                                                 
                                       "Shared Written Blocks": 0,                                                                 
                                       "Local Hit Blocks": 0,                                                                      
                                       "Local Read Blocks": 0,                                                                     
                                       "Local Dirtied Blocks": 0,                                                                  
                                       "Local Written Blocks": 0,                                                                  
                                       "Temp Read Blocks": 0,                                                                      
                                       "Temp Written Blocks": 0,                                                                   
                                       "Plans": [                                                                                  
                                         {                                                                                         
                                           "Node Type": "Merge Join",                                                              
                                           "Parent Relationship": "Outer",                                                         
                                           "Parallel Aware": false,                                                                
                                           "Join Type": "Inner",                                                                   
                                           "Startup Cost": 22363.36,                                                               
                                           "Total Cost": 22571.02,                                                                 
                                           "Plan Rows": 289,                                                                       
                                           "Plan Width": 40,                                                                       
                                           "Actual Startup Time": 3794.308,                                                        
                                           "Actual Total Time": 3802.507,                                                          
                                           "Actual Rows": 1056,                                                                    
                                           "Actual Loops": 1,                                                                      
                                           "Inner Unique": false,                                                                  
                                           "Merge Cond": "(mk.movie_id = mc.movie_id)",                                            
                                           "Shared Hit Blocks": 8,                                                                 
                                           "Shared Read Blocks": 44184,                                                            
                                           "Shared Dirtied Blocks": 0,                                                             
                                           "Shared Written Blocks": 0,                                                             
                                           "Local Hit Blocks": 0,                                                                  
                                           "Local Read Blocks": 0,                                                                 
                                           "Local Dirtied Blocks": 0,                                                              
                                           "Local Written Blocks": 0,                                                              
                                           "Temp Read Blocks": 0,                                                                  
                                           "Temp Written Blocks": 0,                                                               
                                           "Plans": [                                                                              
                                             {                                                                                     
                                               "Node Type": "Sort",                                                                
                                               "Parent Relationship": "Outer",                                                     
                                               "Parallel Aware": false,                                                            
                                               "Startup Cost": 17368.18,                                                           
                                               "Total Cost": 17368.19,                                                             
                                               "Plan Rows": 101,                                                                   
                                               "Plan Width": 4,                                                                    
                                               "Actual Startup Time": 2630.143,                                                    
                                               "Actual Total Time": 2630.239,                                                      
                                               "Actual Rows": 481,                                                                 
                                               "Actual Loops": 1,                                                                  
                                               "Sort Key": ["mk.movie_id"],                                                        
                                               "Sort Method": "quicksort",                                                         
                                               "Sort Space Used": 3759,                                                            
                                               "Sort Space Type": "Memory",                                                        
                                               "Shared Hit Blocks": 5,                                                             
                                               "Shared Read Blocks": 25398,                                                        
                                               "Shared Dirtied Blocks": 0,                                                         
                                               "Shared Written Blocks": 0,                                                         
                                               "Local Hit Blocks": 0,                                                              
                                               "Local Read Blocks": 0,                                                             
                                               "Local Dirtied Blocks": 0,                                                          
                                               "Local Written Blocks": 0,                                                          
                                               "Temp Read Blocks": 0,                                                              
                                               "Temp Written Blocks": 0,                                                           
                                               "Plans": [                                                                          
                                                 {                                                                                 
                                                   "Node Type": "Merge Join",                                                      
                                                   "Parent Relationship": "Outer",                                                 
                                                   "Parallel Aware": false,                                                        
                                                   "Join Type": "Inner",                                                           
                                                   "Startup Cost": 16665.59,                                                       
                                                   "Total Cost": 17368.07,                                                         
                                                   "Plan Rows": 101,                                                               
                                                   "Plan Width": 4,                                                                
                                                   "Actual Startup Time": 2586.033,                                                
                                                   "Actual Total Time": 2614.216,                                                  
                                                   "Actual Rows": 47403,                                                           
                                                   "Actual Loops": 1,                                                              
                                                   "Inner Unique": false,                                                          
                                                   "Merge Cond": "(k.id = mk.keyword_id)",                                         
                                                   "Shared Hit Blocks": 5,                                                         
                                                   "Shared Read Blocks": 25398,                                                    
                                                   "Shared Dirtied Blocks": 0,                                                     
                                                   "Shared Written Blocks": 0,                                                     
                                                   "Local Hit Blocks": 0,                                                          
                                                   "Local Read Blocks": 0,                                                         
                                                   "Local Dirtied Blocks": 0,                                                      
                                                   "Local Written Blocks": 0,                                                      
                                                   "Temp Read Blocks": 0,                                                          
                                                   "Temp Written Blocks": 0,                                                       
                                                   "Plans": [                                                                      
                                                     {                                                                             
                                                       "Node Type": "Sort",                                                        
                                                       "Parent Relationship": "Outer",                                             
                                                       "Parallel Aware": false,                                                    
                                                       "Startup Cost": 54.67,                                                      
                                                       "Total Cost": 54.67,                                                        
                                                       "Plan Rows": 3,                                                             
                                                       "Plan Width": 4,                                                            
                                                       "Actual Startup Time": 77.700,                                              
                                                       "Actual Total Time": 77.701,                                                
                                                       "Actual Rows": 3,                                                           
                                                       "Actual Loops": 1,                                                          
                                                       "Sort Key": ["k.id"],                                                       
                                                       "Sort Method": "quicksort",                                                 
                                                       "Sort Space Used": 25,                                                      
                                                       "Sort Space Type": "Memory",                                                
                                                       "Shared Hit Blocks": 2,                                                     
                                                       "Shared Read Blocks": 947,                                                  
                                                       "Shared Dirtied Blocks": 0,                                                 
                                                       "Shared Written Blocks": 0,                                                 
                                                       "Local Hit Blocks": 0,                                                      
                                                       "Local Read Blocks": 0,                                                     
                                                       "Local Dirtied Blocks": 0,                                                  
                                                       "Local Written Blocks": 0,                                                  
                                                       "Temp Read Blocks": 0,                                                      
                                                       "Temp Written Blocks": 0,                                                   
                                                       "Plans": [                                                                  
                                                         {                                                                         
                                                           "Node Type": "Seq Scan",                                                
                                                           "Parent Relationship": "Outer",                                         
                                                           "Parallel Aware": false,                                                
                                                           "Relation Name": "keyword",                                             
                                                           "Alias": "k",                                                           
                                                           "Startup Cost": 0.00,                                                   
                                                           "Total Cost": 54.67,                                                    
                                                           "Plan Rows": 3,                                                         
                                                           "Plan Width": 4,                                                        
                                                           "Actual Startup Time": 15.318,                                          
                                                           "Actual Total Time": 77.677,                                            
                                                           "Actual Rows": 3,                                                       
                                                           "Actual Loops": 1,                                                      
                                                           "Filter": "(keyword = ANY ('{sequel,revenge,based-on-novel}'::text[]))",
                                                           "Rows Removed by Filter": 134167,                                       
                                                           "Shared Hit Blocks": 2,                                                 
                                                           "Shared Read Blocks": 947,                                              
                                                           "Shared Dirtied Blocks": 0,                                             
                                                           "Shared Written Blocks": 0,                                             
                                                           "Local Hit Blocks": 0,                                                  
                                                           "Local Read Blocks": 0,                                                 
                                                           "Local Dirtied Blocks": 0,                                              
                                                           "Local Written Blocks": 0,                                              
                                                           "Temp Read Blocks": 0,                                                  
                                                           "Temp Written Blocks": 0                                                
                                                         }                                                                         
                                                       ]                                                                           
                                                     },                                                                            
                                                     {                                                                             
                                                       "Node Type": "Sort",                                                        
                                                       "Parent Relationship": "Inner",                                             
                                                       "Parallel Aware": false,                                                    
                                                       "Startup Cost": 16610.92,                                                   
                                                       "Total Cost": 16962.16,                                                     
                                                       "Plan Rows": 4523930,                                                       
                                                       "Plan Width": 8,                                                            
                                                       "Actual Startup Time": 2381.973,                                            
                                                       "Actual Total Time": 2466.080,                                              
                                                       "Actual Rows": 566271,                                                      
                                                       "Actual Loops": 1,                                                          
                                                       "Sort Key": ["mk.keyword_id"],                                              
                                                       "Sort Method": "quicksort",                                                 
                                                       "Sort Space Used": 408668,                                                  
                                                       "Sort Space Type": "Memory",                                                
                                                       "Shared Hit Blocks": 3,                                                     
                                                       "Shared Read Blocks": 24451,                                                
                                                       "Shared Dirtied Blocks": 0,                                                 
                                                       "Shared Written Blocks": 0,                                                 
                                                       "Local Hit Blocks": 0,                                                      
                                                       "Local Read Blocks": 0,                                                     
                                                       "Local Dirtied Blocks": 0,                                                  
                                                       "Local Written Blocks": 0,                                                  
                                                       "Temp Read Blocks": 0,                                                      
                                                       "Temp Written Blocks": 0,                                                   
                                                       "Plans": [                                                                  
                                                         {                                                                         
                                                           "Node Type": "Seq Scan",                                                
                                                           "Parent Relationship": "Outer",                                         
                                                           "Parallel Aware": false,                                                
                                                           "Relation Name": "movie_keyword",                                       
                                                           "Alias": "mk",                                                          
                                                           "Startup Cost": 0.00,                                                   
                                                           "Total Cost": 1079.84,                                                  
                                                           "Plan Rows": 4523930,                                                   
                                                           "Plan Width": 8,                                                        
                                                           "Actual Startup Time": 0.010,                                           
                                                           "Actual Total Time": 914.720,                                           
                                                           "Actual Rows": 4523930,                                                 
                                                           "Actual Loops": 1,                                                      
                                                           "Shared Hit Blocks": 3,                                                 
                                                           "Shared Read Blocks": 24451,                                            
                                                           "Shared Dirtied Blocks": 0,                                             
                                                           "Shared Written Blocks": 0,                                             
                                                           "Local Hit Blocks": 0,                                                  
                                                           "Local Read Blocks": 0,                                                 
                                                           "Local Dirtied Blocks": 0,                                              
                                                           "Local Written Blocks": 0,                                              
                                                           "Temp Read Blocks": 0,                                                  
                                                           "Temp Written Blocks": 0                                                
                                                         }                                                                         
                                                       ]                                                                           
                                                     }                                                                             
                                                   ]                                                                               
                                                 }                                                                                 
                                               ]                                                                                   
                                             },                                                                                    
                                             {                                                                                     
                                               "Node Type": "Sort",                                                                
                                               "Parent Relationship": "Inner",                                                     
                                               "Parallel Aware": false,                                                            
                                               "Startup Cost": 4995.18,                                                            
                                               "Total Cost": 5099.00,                                                              
                                               "Plan Rows": 1337140,                                                               
                                               "Plan Width": 36,                                                                   
                                               "Actual Startup Time": 1164.089,                                                    
                                               "Actual Total Time": 1166.676,                                                      
                                               "Actual Rows": 50880,                                                               
                                               "Actual Loops": 1,                                                                  
                                               "Sort Key": ["mc.movie_id"],                                                        
                                               "Sort Method": "quicksort",                                                         
                                               "Sort Space Used": 158335,                                                          
                                               "Sort Space Type": "Memory",                                                        
                                               "Shared Hit Blocks": 3,                                                             
                                               "Shared Read Blocks": 18786,                                                        
                                               "Shared Dirtied Blocks": 0,                                                         
                                               "Shared Written Blocks": 0,                                                         
                                               "Local Hit Blocks": 0,                                                              
                                               "Local Read Blocks": 0,                                                             
                                               "Local Dirtied Blocks": 0,                                                          
                                               "Local Written Blocks": 0,                                                          
                                               "Temp Read Blocks": 0,                                                              
                                               "Temp Written Blocks": 0,                                                           
                                               "Plans": [                                                                          
                                                 {                                                                                 
                                                   "Node Type": "Seq Scan",                                                        
                                                   "Parent Relationship": "Outer",                                                 
                                                   "Parallel Aware": false,                                                        
                                                   "Relation Name": "movie_companies",                                             
                                                   "Alias": "mc",                                                                  
                                                   "Startup Cost": 0.00,                                                           
                                                   "Total Cost": 769.75,                                                           
                                                   "Plan Rows": 1337140,                                                           
                                                   "Plan Width": 36,                                                               
                                                   "Actual Startup Time": 0.016,                                                   
                                                   "Actual Total Time": 613.225,                                                   
                                                   "Actual Rows": 1337140,                                                         
                                                   "Actual Loops": 1,                                                              
                                                   "Filter": "(note IS NOT NULL)",                                                 
                                                   "Rows Removed by Filter": 1271989,                                              
                                                   "Shared Hit Blocks": 3,                                                         
                                                   "Shared Read Blocks": 18786,                                                    
                                                   "Shared Dirtied Blocks": 0,                                                     
                                                   "Shared Written Blocks": 0,                                                     
                                                   "Local Hit Blocks": 0,                                                          
                                                   "Local Read Blocks": 0,                                                         
                                                   "Local Dirtied Blocks": 0,                                                      
                                                   "Local Written Blocks": 0,                                                      
                                                   "Temp Read Blocks": 0,                                                          
                                                   "Temp Written Blocks": 0                                                        
                                                 }                                                                                 
                                               ]                                                                                   
                                             }                                                                                     
                                           ]                                                                                       
                                         },                                                                                        
                                         {                                                                                         
                                           "Node Type": "Sort",                                                                    
                                           "Parent Relationship": "Inner",                                                         
                                           "Parallel Aware": false,                                                                
                                           "Startup Cost": 76.46,                                                                  
                                           "Total Cost": 78.79,                                                                    
                                           "Plan Rows": 29997,                                                                     
                                           "Plan Width": 8,                                                                        
                                           "Actual Startup Time": 53.391,                                                          
                                           "Actual Total Time": 55.639,                                                            
                                           "Actual Rows": 44490,                                                                   
                                           "Actual Loops": 1,                                                                      
                                           "Sort Key": ["ml.movie_id"],                                                            
                                           "Sort Method": "quicksort",                                                             
                                           "Sort Space Used": 2175,                                                                
                                           "Sort Space Type": "Memory",                                                            
                                           "Shared Hit Blocks": 2,                                                                 
                                           "Shared Read Blocks": 161,                                                              
                                           "Shared Dirtied Blocks": 0,                                                             
                                           "Shared Written Blocks": 0,                                                             
                                           "Local Hit Blocks": 0,                                                                  
                                           "Local Read Blocks": 0,                                                                 
                                           "Local Dirtied Blocks": 0,                                                              
                                           "Local Written Blocks": 0,                                                              
                                           "Temp Read Blocks": 0,                                                                  
                                           "Temp Written Blocks": 0,                                                               
                                           "Plans": [                                                                              
                                             {                                                                                     
                                               "Node Type": "Seq Scan",                                                            
                                               "Parent Relationship": "Outer",                                                     
                                               "Parallel Aware": false,                                                            
                                               "Relation Name": "movie_link",                                                      
                                               "Alias": "ml",                                                                      
                                               "Startup Cost": 0.00,                                                               
                                               "Total Cost": 7.19,                                                                 
                                               "Plan Rows": 29997,                                                                 
                                               "Plan Width": 8,                                                                    
                                               "Actual Startup Time": 0.022,                                                       
                                               "Actual Total Time": 35.938,                                                        
                                               "Actual Rows": 29997,                                                               
                                               "Actual Loops": 1,                                                                  
                                               "Shared Hit Blocks": 2,                                                             
                                               "Shared Read Blocks": 161,                                                          
                                               "Shared Dirtied Blocks": 0,                                                         
                                               "Shared Written Blocks": 0,                                                         
                                               "Local Hit Blocks": 0,                                                              
                                               "Local Read Blocks": 0,                                                             
                                               "Local Dirtied Blocks": 0,                                                          
                                               "Local Written Blocks": 0,                                                          
                                               "Temp Read Blocks": 0,                                                              
                                               "Temp Written Blocks": 0                                                            
                                             }                                                                                     
                                           ]                                                                                       
                                         }                                                                                         
                                       ]                                                                                           
                                     },                                                                                            
                                     {                                                                                             
                                       "Node Type": "Sort",                                                                        
                                       "Parent Relationship": "Inner",                                                             
                                       "Parallel Aware": false,                                                                    
                                       "Startup Cost": 9003.22,                                                                    
                                       "Total Cost": 9180.80,                                                                      
                                       "Plan Rows": 2287272,                                                                       
                                       "Plan Width": 21,                                                                           
                                       "Actual Startup Time": 2265.017,                                                            
                                       "Actual Total Time": 2285.728,                                                              
                                       "Actual Rows": 156864,                                                                      
                                       "Actual Loops": 1,                                                                          
                                       "Sort Key": ["t.id"],                                                                       
                                       "Sort Method": "quicksort",                                                                 
                                       "Sort Space Used": 257830,                                                                  
                                       "Sort Space Type": "Memory",                                                                
                                       "Shared Hit Blocks": 1,                                                                     
                                       "Shared Read Blocks": 35997,                                                                
                                       "Shared Dirtied Blocks": 0,                                                                 
                                       "Shared Written Blocks": 0,                                                                 
                                       "Local Hit Blocks": 0,                                                                      
                                       "Local Read Blocks": 0,                                                                     
                                       "Local Dirtied Blocks": 0,                                                                  
                                       "Local Written Blocks": 0,                                                                  
                                       "Temp Read Blocks": 0,                                                                      
                                       "Temp Written Blocks": 0,                                                                   
                                       "Plans": [                                                                                  
                                         {                                                                                         
                                           "Node Type": "Seq Scan",                                                                
                                           "Parent Relationship": "Outer",                                                         
                                           "Parallel Aware": false,                                                                
                                           "Relation Name": "title",                                                               
                                           "Alias": "t",                                                                           
                                           "Startup Cost": 0.00,                                                                   
                                           "Total Cost": 1500.26,                                                                  
                                           "Plan Rows": 2287272,                                                                   
                                           "Plan Width": 21,                                                                       
                                           "Actual Startup Time": 23.835,                                                          
                                           "Actual Total Time": 1109.302,                                                          
                                           "Actual Rows": 2287271,                                                                 
                                           "Actual Loops": 1,                                                                      
                                           "Filter": "(production_year > 1950)",                                                   
                                           "Rows Removed by Filter": 241041,                                                       
                                           "Shared Hit Blocks": 1,                                                                 
                                           "Shared Read Blocks": 35997,                                                            
                                           "Shared Dirtied Blocks": 0,                                                             
                                           "Shared Written Blocks": 0,                                                             
                                           "Local Hit Blocks": 0,                                                                  
                                           "Local Read Blocks": 0,                                                                 
                                           "Local Dirtied Blocks": 0,                                                              
                                           "Local Written Blocks": 0,                                                              
                                           "Temp Read Blocks": 0,                                                                  
                                           "Temp Written Blocks": 0                                                                
                                         }                                                                                         
                                       ]                                                                                           
                                     }                                                                                             
                                   ]                                                                                               
                                 }                                                                                                 
                               ]                                                                                                   
                             },                                                                                                    
                             {                                                                                                     
                               "Node Type": "Sort",                                                                                
                               "Parent Relationship": "Inner",                                                                     
                               "Parallel Aware": false,                                                                            
                               "Startup Cost": 0.03,                                                                               
                               "Total Cost": 0.03,                                                                                 
                               "Plan Rows": 3,                                                                                     
                               "Plan Width": 4,                                                                                    
                               "Actual Startup Time": 0.027,                                                                       
                               "Actual Total Time": 0.028,                                                                         
                               "Actual Rows": 2,                                                                                   
                               "Actual Loops": 1,                                                                                  
                               "Sort Key": ["ct.id"],                                                                              
                               "Sort Method": "quicksort",                                                                         
                               "Sort Space Used": 25,                                                                              
                               "Sort Space Type": "Memory",                                                                        
                               "Shared Hit Blocks": 1,                                                                             
                               "Shared Read Blocks": 0,                                                                            
                               "Shared Dirtied Blocks": 0,                                                                         
                               "Shared Written Blocks": 0,                                                                         
                               "Local Hit Blocks": 0,                                                                              
                               "Local Read Blocks": 0,                                                                             
                               "Local Dirtied Blocks": 0,                                                                          
                               "Local Written Blocks": 0,                                                                          
                               "Temp Read Blocks": 0,                                                                              
                               "Temp Written Blocks": 0,                                                                           
                               "Plans": [                                                                                          
                                 {                                                                                                 
                                   "Node Type": "Seq Scan",                                                                        
                                   "Parent Relationship": "Outer",                                                                 
                                   "Parallel Aware": false,                                                                        
                                   "Relation Name": "company_type",                                                                
                                   "Alias": "ct",                                                                                  
                                   "Startup Cost": 0.00,                                                                           
                                   "Total Cost": 0.03,                                                                             
                                   "Plan Rows": 3,                                                                                 
                                   "Plan Width": 4,                                                                                
                                   "Actual Startup Time": 0.018,                                                                   
                                   "Actual Total Time": 0.019,                                                                     
                                   "Actual Rows": 3,                                                                               
                                   "Actual Loops": 1,                                                                              
                                   "Filter": "((kind IS NOT NULL) AND ((kind)::text <> 'production companies'::text))",            
                                   "Rows Removed by Filter": 1,                                                                    
                                   "Shared Hit Blocks": 1,                                                                         
                                   "Shared Read Blocks": 0,                                                                        
                                   "Shared Dirtied Blocks": 0,                                                                     
                                   "Shared Written Blocks": 0,                                                                     
                                   "Local Hit Blocks": 0,                                                                          
                                   "Local Read Blocks": 0,                                                                         
                                   "Local Dirtied Blocks": 0,                                                                      
                                   "Local Written Blocks": 0,                                                                      
                                   "Temp Read Blocks": 0,                                                                          
                                   "Temp Written Blocks": 0                                                                        
                                 }                                                                                                 
                               ]                                                                                                   
                             }                                                                                                     
                           ]                                                                                                       
                         }                                                                                                         
                       ]                                                                                                           
                     },                                                                                                            
                     {                                                                                                             
                       "Node Type": "Sort",                                                                                        
                       "Parent Relationship": "Inner",                                                                             
                       "Parallel Aware": false,                                                                                    
                       "Startup Cost": 705.02,                                                                                     
                       "Total Cost": 721.33,                                                                                       
                       "Plan Rows": 210031,                                                                                        
                       "Plan Width": 23,                                                                                           
                       "Actual Startup Time": 206.104,                                                                             
                       "Actual Total Time": 206.466,                                                                               
                       "Actual Rows": 2526,                                                                                        
                       "Actual Loops": 1,                                                                                          
                       "Sort Key": ["cn.id"],                                                                                      
                       "Sort Method": "quicksort",                                                                                 
                       "Sort Space Used": 21419,                                                                                   
                       "Sort Space Type": "Memory",                                                                                
                       "Shared Hit Blocks": 2,                                                                                     
                       "Shared Read Blocks": 2992,                                                                                 
                       "Shared Dirtied Blocks": 0,                                                                                 
                       "Shared Written Blocks": 0,                                                                                 
                       "Local Hit Blocks": 0,                                                                                      
                       "Local Read Blocks": 0,                                                                                     
                       "Local Dirtied Blocks": 0,                                                                                  
                       "Local Written Blocks": 0,                                                                                  
                       "Temp Read Blocks": 0,                                                                                      
                       "Temp Written Blocks": 0,                                                                                   
                       "Plans": [                                                                                                  
                         {                                                                                                         
                           "Node Type": "Seq Scan",                                                                                
                           "Parent Relationship": "Outer",                                                                         
                           "Parallel Aware": false,                                                                                
                           "Relation Name": "company_name",                                                                        
                           "Alias": "cn",                                                                                          
                           "Startup Cost": 0.00,                                                                                   
                           "Total Cost": 128.41,                                                                                   
                           "Plan Rows": 210031,                                                                                    
                           "Plan Width": 23,                                                                                       
                           "Actual Startup Time": 16.754,                                                                          
                           "Actual Total Time": 98.569,                                                                            
                           "Actual Rows": 210031,                                                                                  
                           "Actual Loops": 1,                                                                                      
                           "Filter": "((country_code)::text <> '[pl]'::text)",                                                     
                           "Rows Removed by Filter": 24966,                                                                        
                           "Shared Hit Blocks": 2,                                                                                 
                           "Shared Read Blocks": 2992,                                                                             
                           "Shared Dirtied Blocks": 0,                                                                             
                           "Shared Written Blocks": 0,                                                                             
                           "Local Hit Blocks": 0,                                                                                  
                           "Local Read Blocks": 0,                                                                                 
                           "Local Dirtied Blocks": 0,                                                                              
                           "Local Written Blocks": 0,                                                                              
                           "Temp Read Blocks": 0,                                                                                  
                           "Temp Written Blocks": 0                                                                                
                         }                                                                                                         
                       ]                                                                                                           
                     }                                                                                                             
                   ]                                                                                                               
                 }                                                                                                                 
               ]                                                                                                                   
             },                                                                                                                    
             {                                                                                                                     
               "Node Type": "Sort",                                                                                                
               "Parent Relationship": "Inner",                                                                                     
               "Parallel Aware": false,                                                                                            
               "Startup Cost": 0.04,                                                                                               
               "Total Cost": 0.05,                                                                                                 
               "Plan Rows": 18,                                                                                                    
               "Plan Width": 4,                                                                                                    
               "Actual Startup Time": 0.022,                                                                                       
               "Actual Total Time": 0.025,                                                                                         
               "Actual Rows": 16,                                                                                                  
               "Actual Loops": 1,                                                                                                  
               "Sort Key": ["lt.id"],                                                                                              
               "Sort Method": "quicksort",                                                                                         
               "Sort Space Used": 25,                                                                                              
               "Sort Space Type": "Memory",                                                                                        
               "Shared Hit Blocks": 1,                                                                                             
               "Shared Read Blocks": 0,                                                                                            
               "Shared Dirtied Blocks": 0,                                                                                         
               "Shared Written Blocks": 0,                                                                                         
               "Local Hit Blocks": 0,                                                                                              
               "Local Read Blocks": 0,                                                                                             
               "Local Dirtied Blocks": 0,                                                                                          
               "Local Written Blocks": 0,                                                                                          
               "Temp Read Blocks": 0,                                                                                              
               "Temp Written Blocks": 0,                                                                                           
               "Plans": [                                                                                                          
                 {                                                                                                                 
                   "Node Type": "Seq Scan",                                                                                        
                   "Parent Relationship": "Outer",                                                                                 
                   "Parallel Aware": false,                                                                                        
                   "Relation Name": "link_type",                                                                                   
                   "Alias": "lt",                                                                                                  
                   "Startup Cost": 0.00,                                                                                           
                   "Total Cost": 0.03,                                                                                             
                   "Plan Rows": 18,                                                                                                
                   "Plan Width": 4,                                                                                                
                   "Actual Startup Time": 0.009,                                                                                   
                   "Actual Total Time": 0.012,                                                                                     
                   "Actual Rows": 18,                                                                                              
                   "Actual Loops": 1,                                                                                              
                   "Shared Hit Blocks": 1,                                                                                         
                   "Shared Read Blocks": 0,                                                                                        
                   "Shared Dirtied Blocks": 0,                                                                                     
                   "Shared Written Blocks": 0,                                                                                     
                   "Local Hit Blocks": 0,                                                                                          
                   "Local Read Blocks": 0,                                                                                         
                   "Local Dirtied Blocks": 0,                                                                                      
                   "Local Written Blocks": 0,                                                                                      
                   "Temp Read Blocks": 0,                                                                                          
                   "Temp Written Blocks": 0                                                                                        
                 }                                                                                                                 
               ]                                                                                                                   
             }                                                                                                                     
           ]                                                                                                                       
         }                                                                                                                         
       ]                                                                                                                           
     },                                                                                                                            
     "Planning Time": 3506.886,                                                                                                    
     "Triggers": [                                                                                                                 
     ],                                                                                                                            
     "Execution Time": 6562.657                                                                                                    
   }                                                                                                                               
 ]
