     "Plan": {                                                                                                                              
       "Node Type": "Aggregate",                                                                                                            
       "Strategy": "Plain",                                                                                                                 
       "Partial Mode": "Simple",                                                                                                            
       "Parallel Aware": false,                                                                                                             
       "Startup Cost": 32780.19,                                                                                                            
       "Total Cost": 32780.19,                                                                                                              
       "Plan Rows": 1,                                                                                                                      
       "Plan Width": 64,                                                                                                                    
       "Actual Startup Time": 15044.096,                                                                                                    
       "Actual Total Time": 15044.096,                                                                                                      
       "Actual Rows": 1,                                                                                                                    
       "Actual Loops": 1,                                                                                                                   
       "Shared Hit Blocks": 21,                                                                                                             
       "Shared Read Blocks": 251253,                                                                                                        
       "Shared Dirtied Blocks": 0,                                                                                                          
       "Shared Written Blocks": 0,                                                                                                          
       "Local Hit Blocks": 0,                                                                                                               
       "Local Read Blocks": 0,                                                                                                              
       "Local Dirtied Blocks": 0,                                                                                                           
       "Local Written Blocks": 0,                                                                                                           
       "Temp Read Blocks": 0,                                                                                                               
       "Temp Written Blocks": 0,                                                                                                            
       "Plans": [                                                                                                                           
         {                                                                                                                                  
           "Node Type": "Merge Join",                                                                                                       
           "Parent Relationship": "Outer",                                                                                                  
           "Parallel Aware": false,                                                                                                         
           "Join Type": "Inner",                                                                                                            
           "Startup Cost": 32780.18,                                                                                                        
           "Total Cost": 32780.19,                                                                                                          
           "Plan Rows": 4,                                                                                                                  
           "Plan Width": 59,                                                                                                                
           "Actual Startup Time": 15044.053,                                                                                                
           "Actual Total Time": 15044.064,                                                                                                  
           "Actual Rows": 37,                                                                                                               
           "Actual Loops": 1,                                                                                                               
           "Inner Unique": true,                                                                                                            
           "Merge Cond": "(mi.info_type_id = it.id)",                                                                                      
           "Shared Hit Blocks": 21,                                                                                                         
           "Shared Read Blocks": 251253,                                                                                                    
           "Shared Dirtied Blocks": 0,                                                                                                      
           "Shared Written Blocks": 0,                                                                                                      
           "Local Hit Blocks": 0,                                                                                                           
           "Local Read Blocks": 0,                                                                                                          
           "Local Dirtied Blocks": 0,                                                                                                       
           "Local Written Blocks": 0,                                                                                                       
           "Temp Read Blocks": 0,                                                                                                           
           "Temp Written Blocks": 0,                                                                                                        
           "Plans": [                                                                                                                       
             {                                                                                                                              
               "Node Type": "Sort",                                                                                                         
               "Parent Relationship": "Outer",                                                                                              
               "Parallel Aware": false,                                                                                                     
               "Startup Cost": 32780.14,                                                                                                    
               "Total Cost": 32780.14,                                                                                                      
               "Plan Rows": 4,                                                                                                              
               "Plan Width": 63,                                                                                                            
               "Actual Startup Time": 15044.019,                                                                                            
               "Actual Total Time": 15044.021,                                                                                              
               "Actual Rows": 37,                                                                                                           
               "Actual Loops": 1,                                                                                                           
               "Sort Key": ["mi.info_type_id"],                                                                                             
               "Sort Method": "quicksort",                                                                                                  
               "Sort Space Used": 27,                                                                                                       
               "Sort Space Type": "Memory",                                                                                                 
               "Shared Hit Blocks": 20,                                                                                                     
               "Shared Read Blocks": 251253,                                                                                                
               "Shared Dirtied Blocks": 0,                                                                                                  
               "Shared Written Blocks": 0,                                                                                                  
               "Local Hit Blocks": 0,                                                                                                       
               "Local Read Blocks": 0,                                                                                                      
               "Local Dirtied Blocks": 0,                                                                                                   
               "Local Written Blocks": 0,                                                                                                   
               "Temp Read Blocks": 0,                                                                                                       
               "Temp Written Blocks": 0,                                                                                                    
               "Plans": [                                                                                                                   
                 {                                                                                                                          
                   "Node Type": "Merge Join",                                                                                               
                   "Parent Relationship": "Outer",                                                                                          
                   "Parallel Aware": false,                                                                                                 
                   "Join Type": "Inner",                                                                                                    
                   "Startup Cost": 32759.30,                                                                                                
                   "Total Cost": 32780.13,                                                                                                  
                   "Plan Rows": 4,                                                                                                          
                   "Plan Width": 63,                                                                                                        
                   "Actual Startup Time": 15001.065,                                                                                        
                   "Actual Total Time": 15020.766,                                                                                          
                   "Actual Rows": 37,                                                                                                       
                   "Actual Loops": 1,                                                                                                       
                   "Inner Unique": true,                                                                                                    
                   "Merge Cond": "(mk.keyword_id = k.id)",                                                                                  
                   "Shared Hit Blocks": 16,                                                                                                 
                   "Shared Read Blocks": 251253,                                                                                            
                   "Shared Dirtied Blocks": 0,                                                                                              
                   "Shared Written Blocks": 0,                                                                                              
                   "Local Hit Blocks": 0,                                                                                                   
                   "Local Read Blocks": 0,                                                                                                  
                   "Local Dirtied Blocks": 0,                                                                                               
                   "Local Written Blocks": 0,                                                                                               
                   "Temp Read Blocks": 0,                                                                                                   
                   "Temp Written Blocks": 0,                                                                                                
                   "Plans": [                                                                                                               
                     {                                                                                                                      
                       "Node Type": "Sort",                                                                                                 
                       "Parent Relationship": "Outer",                                                                                      
                       "Parallel Aware": false,                                                                                             
                       "Startup Cost": 32365.38,                                                                                            
                       "Total Cost": 32365.38,                                                                                              
                       "Plan Rows": 4,                                                                                                      
                       "Plan Width": 67,                                                                                                    
                       "Actual Startup Time": 14824.099,                                                                                    
                       "Actual Total Time": 14824.105,                                                                                      
                       "Actual Rows": 37,                                                                                                   
                       "Actual Loops": 1,                                                                                                   
                       "Sort Key": ["mk.keyword_id"],                                                                                       
                       "Sort Method": "quicksort",                                                                                          
                       "Sort Space Used": 29,                                                                                               
                       "Sort Space Type": "Memory",                                                                                         
                       "Shared Hit Blocks": 14,                                                                                             
                       "Shared Read Blocks": 250306,                                                                                        
                       "Shared Dirtied Blocks": 0,                                                                                          
                       "Shared Written Blocks": 0,                                                                                          
                       "Local Hit Blocks": 0,                                                                                               
                       "Local Read Blocks": 0,                                                                                              
                       "Local Dirtied Blocks": 0,                                                                                           
                       "Local Written Blocks": 0,                                                                                           
                       "Temp Read Blocks": 0,                                                                                               
                       "Temp Written Blocks": 0,                                                                                            
                       "Plans": [                                                                                                           
                         {                                                                                                                  
                           "Node Type": "Merge Join",                                                                                       
                           "Parent Relationship": "Outer",                                                                                  
                           "Parallel Aware": false,                                                                                         
                           "Join Type": "Inner",                                                                                            
                           "Startup Cost": 31496.46,                                                                                        
                           "Total Cost": 32365.38,                                                                                          
                           "Plan Rows": 4,                                                                                                  
                           "Plan Width": 67,                                                                                                
                           "Actual Startup Time": 14630.275,                                                                                
                           "Actual Total Time": 14824.064,                                                                                  
                           "Actual Rows": 37,                                                                                               
                           "Actual Loops": 1,                                                                                               
                           "Inner Unique": false,                                                                                           
                           "Merge Cond": "(t.id = at.movie_id)",                                                                            
                           "Shared Hit Blocks": 14,                                                                                         
                           "Shared Read Blocks": 250306,                                                                                    
                           "Shared Dirtied Blocks": 0,                                                                                      
                           "Shared Written Blocks": 0,                                                                                      
                           "Local Hit Blocks": 0,                                                                                           
                           "Local Read Blocks": 0,                                                                                          
                           "Local Dirtied Blocks": 0,                                                                                       
                           "Local Written Blocks": 0,                                                                                       
                           "Temp Read Blocks": 0,                                                                                           
                           "Temp Written Blocks": 0,                                                                                        
                           "Plans": [                                                                                                       
                             {                                                                                                              
                               "Node Type": "Merge Join",                                                                                   
                               "Parent Relationship": "Outer",                                                                              
                               "Parallel Aware": false,                                                                                     
                               "Join Type": "Inner",                                                                                        
                               "Startup Cost": 28878.57,                                                                                    
                               "Total Cost": 29692.24,                                                                                      
                               "Plan Rows": 868,                                                                                            
                               "Plan Width": 79,                                                                                            
                               "Actual Startup Time": 12495.398,                                                                            
                               "Actual Total Time": 13317.416,                                                                              
                               "Actual Rows": 3585,                                                                                         
                               "Actual Loops": 1,                                                                                           
                               "Inner Unique": false,                                                                                       
                               "Merge Cond": "(t.id = mk.movie_id)",                                                                        
                               "Shared Hit Blocks": 6,                                                                                      
                               "Shared Read Blocks": 222338,                                                                                
                               "Shared Dirtied Blocks": 0,                                                                                  
                               "Shared Written Blocks": 0,                                                                                  
                               "Local Hit Blocks": 0,                                                                                       
                               "Local Read Blocks": 0,                                                                                      
                               "Local Dirtied Blocks": 0,                                                                                   
                               "Local Written Blocks": 0,                                                                                   
                               "Temp Read Blocks": 0,                                                                                       
                               "Temp Written Blocks": 0,                                                                                    
                               "Plans": [                                                                                                   
                                 {                                                                                                          
                                   "Node Type": "Merge Join",                                                                               
                                   "Parent Relationship": "Outer",                                                                          
                                   "Parallel Aware": false,                                                                                 
                                   "Join Type": "Inner",                                                                                    
                                   "Startup Cost": 12267.65,                                                                                
                                   "Total Cost": 12378.83,                                                                                  
                                   "Plan Rows": 74,                                                                                         
                                   "Plan Width": 71,                                                                                        
                                   "Actual Startup Time": 10256.671,                                                                        
                                   "Actual Total Time": 10444.811,                                                                          
                                   "Actual Rows": 1503,                                                                                     
                                   "Actual Loops": 1,                                                                                       
                                   "Inner Unique": true,                                                                                    
                                   "Merge Cond": "(mi.movie_id = t.id)",                                                                    
                                   "Shared Hit Blocks": 3,                                                                                  
                                   "Shared Read Blocks": 197887,                                                                            
                                   "Shared Dirtied Blocks": 0,                                                                              
                                   "Shared Written Blocks": 0,                                                                              
                                   "Local Hit Blocks": 0,                                                                                   
                                   "Local Read Blocks": 0,                                                                                  
                                   "Local Dirtied Blocks": 0,                                                                               
                                   "Local Written Blocks": 0,                                                                               
                                   "Temp Read Blocks": 0,                                                                                   
                                   "Temp Written Blocks": 0,                                                                                
                                   "Plans": [                                                                                               
                                     {                                                                                                      
                                       "Node Type": "Sort",                                                                                 
                                       "Parent Relationship": "Outer",                                                                      
                                       "Parallel Aware": false,                                                                             
                                       "Startup Cost": 8407.84,                                                                             
                                       "Total Cost": 8407.86,                                                                               
                                       "Plan Rows": 260,                                                                                    
                                       "Plan Width": 50,                                                                                    
                                       "Actual Startup Time": 8370.979,                                                                     
                                       "Actual Total Time": 8371.156,                                                                       
                                       "Actual Rows": 1676,                                                                                 
                                       "Actual Loops": 1,                                                                                   
                                       "Sort Key": ["mi.movie_id"],                                                                         
                                       "Sort Method": "quicksort",                                                                          
                                       "Sort Space Used": 187,                                                                              
                                       "Sort Space Type": "Memory",                                                                         
                                       "Shared Hit Blocks": 2,                                                                              
                                       "Shared Read Blocks": 161890,                                                                        
                                       "Shared Dirtied Blocks": 0,                                                                          
                                       "Shared Written Blocks": 0,                                                                          
                                       "Local Hit Blocks": 0,                                                                               
                                       "Local Read Blocks": 0,                                                                              
                                       "Local Dirtied Blocks": 0,                                                                           
                                       "Local Written Blocks": 0,                                                                           
                                       "Temp Read Blocks": 0,                                                                               
                                       "Temp Written Blocks": 0,                                                                            
                                       "Plans": [                                                                                           
                                         {                                                                                                  
                                           "Node Type": "Seq Scan",                                                                         
                                           "Parent Relationship": "Outer",                                                                  
                                           "Parallel Aware": false,                                                                         
                                           "Relation Name": "movie_info",                                                                   
                                           "Alias": "mi",                                                                                   
                                           "Startup Cost": 0.00,                                                                            
                                           "Total Cost": 8407.52,                                                                           
                                           "Plan Rows": 260,                                                                                
                                           "Plan Width": 50,                                                                                
                                           "Actual Startup Time": 1522.473,                                                                 
                                           "Actual Total Time": 8369.202,                                                                   
                                           "Actual Rows": 1771,                                                                             
                                           "Actual Loops": 1,                                                                               
                                           "Filter": "((note ~~ '%internet%'::text) AND (info ~~ 'USA:% 200%'::text))",                     
                                           "Rows Removed by Filter": 14833949,                                                              
                                           "Shared Hit Blocks": 2,                                                                          
                                           "Shared Read Blocks": 161890,                                                                    
                                           "Shared Dirtied Blocks": 0,                                                                      
                                           "Shared Written Blocks": 0,                                                                      
                                           "Local Hit Blocks": 0,                                                                           
                                           "Local Read Blocks": 0,                                                                          
                                           "Local Dirtied Blocks": 0,                                                                       
                                           "Local Written Blocks": 0,                                                                       
                                           "Temp Read Blocks": 0,                                                                           
                                           "Temp Written Blocks": 0                                                                         
                                         }                                                                                                  
                                       ]                                                                                                    
                                     },                                                                                                     
                                     {                                                                                                      
                                       "Node Type": "Sort",                                                                                 
                                       "Parent Relationship": "Inner",                                                                      
                                       "Parallel Aware": false,                                                                             
                                       "Startup Cost": 3859.80,                                                                             
                                       "Total Cost": 3915.41,                                                                               
                                       "Plan Rows": 716259,                                                                                 
                                       "Plan Width": 21,                                                                                    
                                       "Actual Startup Time": 1885.633,                                                                     
                                       "Actual Total Time": 1975.115,                                                                       
                                       "Actual Rows": 700995,                                                                               
                                       "Actual Loops": 1,                                                                                   
                                       "Sort Key": ["t.id"],                                                                                
                                       "Sort Method": "quicksort",                                                                          
                                       "Sort Space Used": 73961,                                                                            
                                       "Sort Space Type": "Memory",                                                                         
                                       "Shared Hit Blocks": 1,                                                                              
                                       "Shared Read Blocks": 35997,                                                                         
                                       "Shared Dirtied Blocks": 0,                                                                          
                                       "Shared Written Blocks": 0,                                                                          
                                       "Local Hit Blocks": 0,                                                                               
                                       "Local Read Blocks": 0,                                                                              
                                       "Local Dirtied Blocks": 0,                                                                           
                                       "Local Written Blocks": 0,                                                                           
                                       "Temp Read Blocks": 0,                                                                               
                                       "Temp Written Blocks": 0,                                                                            
                                       "Plans": [                                                                                           
                                         {                                                                                                  
                                           "Node Type": "Seq Scan",                                                                         
                                           "Parent Relationship": "Outer",                                                                  
                                           "Parallel Aware": false,                                                                         
                                           "Relation Name": "title",                                                                        
                                           "Alias": "t",                                                                                    
                                           "Startup Cost": 0.00,                                                                            
                                           "Total Cost": 1696.56,                                                                           
                                           "Plan Rows": 716259,                                                                             
                                           "Plan Width": 21,                                                                                
                                           "Actual Startup Time": 24.439,                                                                   
                                           "Actual Total Time": 1437.026,                                                                   
                                           "Actual Rows": 716259,                                                                           
                                           "Actual Loops": 1,                                                                               
                                           "Filter": "((production_year >= 2005) AND (production_year <= 2010))",                           
                                           "Rows Removed by Filter": 1812053,                                                               
                                           "Shared Hit Blocks": 1,                                                                          
                                           "Shared Read Blocks": 35997,                                                                     
                                           "Shared Dirtied Blocks": 0,                                                                      
                                           "Shared Written Blocks": 0,                                                                      
                                           "Local Hit Blocks": 0,                                                                           
                                           "Local Read Blocks": 0,                                                                          
                                           "Local Dirtied Blocks": 0,                                                                       
                                           "Local Written Blocks": 0,                                                                       
                                           "Temp Read Blocks": 0,                                                                           
                                           "Temp Written Blocks": 0                                                                         
                                         }                                                                                                  
                                       ]                                                                                                    
                                     }                                                                                                      
                                   ]                                                                                                        
                                 },                                                                                                         
                                 {                                                                                                          
                                   "Node Type": "Sort",                                                                                     
                                   "Parent Relationship": "Inner",                                                                          
                                   "Parallel Aware": false,                                                                                 
                                   "Startup Cost": 16610.92,                                                                                
                                   "Total Cost": 16962.16,                                                                                  
                                   "Plan Rows": 4523930,                                                                                    
                                   "Plan Width": 8,                                                                                         
                                   "Actual Startup Time": 2238.695,                                                                         
                                   "Actual Total Time": 2466.634,                                                                           
                                   "Actual Rows": 4265709,                                                                                  
                                   "Actual Loops": 1,                                                                                       
                                   "Sort Key": ["mk.movie_id"],                                                                             
                                   "Sort Method": "quicksort",                                                                              
                                   "Sort Space Used": 408668,                                                                               
                                   "Sort Space Type": "Memory",                                                                             
                                   "Shared Hit Blocks": 3,                                                                                  
                                   "Shared Read Blocks": 24451,                                                                             
                                   "Shared Dirtied Blocks": 0,                                                                              
                                   "Shared Written Blocks": 0,                                                                              
                                   "Local Hit Blocks": 0,                                                                                   
                                   "Local Read Blocks": 0,                                                                                  
                                   "Local Dirtied Blocks": 0,                                                                               
                                   "Local Written Blocks": 0,                                                                               
                                   "Temp Read Blocks": 0,                                                                                   
                                   "Temp Written Blocks": 0,                                                                                
                                   "Plans": [                                                                                               
                                     {                                                                                                      
                                       "Node Type": "Seq Scan",                                                                             
                                       "Parent Relationship": "Outer",                                                                      
                                       "Parallel Aware": false,                                                                             
                                       "Relation Name": "movie_keyword",                                                                    
                                       "Alias": "mk",                                                                                       
                                       "Startup Cost": 0.00,                                                                                
                                       "Total Cost": 1079.84,                                                                               
                                       "Plan Rows": 4523930,                                                                                
                                       "Plan Width": 8,                                                                                     
                                       "Actual Startup Time": 0.014,                                                                        
                                       "Actual Total Time": 843.350,                                                                        
                                       "Actual Rows": 4523930,                                                                              
                                       "Actual Loops": 1,                                                                                   
                                       "Shared Hit Blocks": 3,                                                                              
                                       "Shared Read Blocks": 24451,                                                                         
                                       "Shared Dirtied Blocks": 0,                                                                          
                                       "Shared Written Blocks": 0,                                                                          
                                       "Local Hit Blocks": 0,                                                                               
                                       "Local Read Blocks": 0,                                                                              
                                       "Local Dirtied Blocks": 0,                                                                           
                                       "Local Written Blocks": 0,                                                                           
                                       "Temp Read Blocks": 0,                                                                               
                                       "Temp Written Blocks": 0                                                                             
                                     }                                                                                                      
                                   ]                                                                                                        
                                 }                                                                                                          
                               ]                                                                                                            
                             },                                                                                                             
                             {                                                                                                              
                               "Node Type": "Materialize",                                                                                  
                               "Parent Relationship": "Inner",                                                                              
                               "Parallel Aware": false,                                                                                     
                               "Startup Cost": 2617.89,                                                                                     
                               "Total Cost": 2674.01,                                                                                       
                               "Plan Rows": 1,                                                                                              
                               "Plan Width": 8,                                                                                             
                               "Actual Startup Time": 1423.781,                                                                             
                               "Actual Total Time": 1506.305,                                                                               
                               "Actual Rows": 58,                                                                                           
                               "Actual Loops": 1,                                                                                           
                               "Shared Hit Blocks": 8,                                                                                      
                               "Shared Read Blocks": 27968,                                                                                 
                               "Shared Dirtied Blocks": 0,                                                                                  
                               "Shared Written Blocks": 0,                                                                                  
                               "Local Hit Blocks": 0,                                                                                       
                               "Local Read Blocks": 0,                                                                                      
                               "Local Dirtied Blocks": 0,                                                                                   
                               "Local Written Blocks": 0,                                                                                   
                               "Temp Read Blocks": 0,                                                                                       
                               "Temp Written Blocks": 0,                                                                                    
                               "Plans": [                                                                                                   
                                 {                                                                                                          
                                   "Node Type": "Merge Join",                                                                               
                                   "Parent Relationship": "Outer",                                                                          
                                   "Parallel Aware": false,                                                                                 
                                   "Join Type": "Inner",                                                                                    
                                   "Startup Cost": 2617.89,                                                                                 
                                   "Total Cost": 2674.01,                                                                                   
                                   "Plan Rows": 1,                                                                                          
                                   "Plan Width": 8,                                                                                         
                                   "Actual Startup Time": 1423.776,                                                                         
                                   "Actual Total Time": 1506.284,                                                                           
                                   "Actual Rows": 27,                                                                                       
                                   "Actual Loops": 1,                                                                                       
                                   "Inner Unique": false,                                                                                   
                                   "Merge Cond": "(mc.movie_id = at.movie_id)",                                                             
                                   "Shared Hit Blocks": 8,                                                                                  
                                   "Shared Read Blocks": 27968,                                                                             
                                   "Shared Dirtied Blocks": 0,                                                                              
                                   "Shared Written Blocks": 0,                                                                              
                                   "Local Hit Blocks": 0,                                                                                   
                                   "Local Read Blocks": 0,                                                                                  
                                   "Local Dirtied Blocks": 0,                                                                               
                                   "Local Written Blocks": 0,                                                                               
                                   "Temp Read Blocks": 0,                                                                                   
                                   "Temp Written Blocks": 0,                                                                                
                                   "Plans": [                                                                                               
                                     {                                                                                                      
                                       "Node Type": "Sort",                                                                                 
                                       "Parent Relationship": "Outer",                                                                      
                                       "Parallel Aware": false,                                                                             
                                       "Startup Cost": 1362.32,                                                                             
                                       "Total Cost": 1362.32,                                                                               
                                       "Plan Rows": 1,                                                                                      
                                       "Plan Width": 4,                                                                                     
                                       "Actual Startup Time": 1041.612,                                                                     
                                       "Actual Total Time": 1041.658,                                                                       
                                       "Actual Rows": 278,                                                                                  
                                       "Actual Loops": 1,                                                                                   
                                       "Sort Key": ["mc.movie_id"],                                                                         
                                       "Sort Method": "quicksort",                                                                          
                                       "Sort Space Used": 38,                                                                               
                                       "Sort Space Type": "Memory",                                                                         
                                       "Shared Hit Blocks": 6,                                                                              
                                       "Shared Read Blocks": 21778,                                                                         
                                       "Shared Dirtied Blocks": 0,                                                                          
                                       "Shared Written Blocks": 0,                                                                          
                                       "Local Hit Blocks": 0,                                                                               
                                       "Local Read Blocks": 0,                                                                              
                                       "Local Dirtied Blocks": 0,                                                                           
                                       "Local Written Blocks": 0,                                                                           
                                       "Temp Read Blocks": 0,                                                                               
                                       "Temp Written Blocks": 0,                                                                            
                                       "Plans": [                                                                                           
                                         {                                                                                                  
                                           "Node Type": "Merge Join",                                                                       
                                           "Parent Relationship": "Outer",                                                                  
                                           "Parallel Aware": false,                                                                         
                                           "Join Type": "Inner",                                                                            
                                           "Startup Cost": 1362.32,                                                                         
                                           "Total Cost": 1362.32,                                                                           
                                           "Plan Rows": 1,                                                                                  
                                           "Plan Width": 4,                                                                                 
                                           "Actual Startup Time": 1041.475,                                                                 
                                           "Actual Total Time": 1041.539,                                                                   
                                           "Actual Rows": 278,                                                                              
                                           "Actual Loops": 1,                                                                               
                                           "Inner Unique": true,                                                                            
                                           "Merge Cond": "(mc.company_type_id = ct.id)",                                                    
                                           "Shared Hit Blocks": 6,                                                                          
                                           "Shared Read Blocks": 21778,                                                                     
                                           "Shared Dirtied Blocks": 0,                                                                      
                                           "Shared Written Blocks": 0,                                                                      
                                           "Local Hit Blocks": 0,                                                                           
                                           "Local Read Blocks": 0,                                                                          
                                           "Local Dirtied Blocks": 0,                                                                       
                                           "Local Written Blocks": 0,                                                                       
                                           "Temp Read Blocks": 0,                                                                           
                                           "Temp Written Blocks": 0,                                                                        
                                           "Plans": [                                                                                       
                                             {                                                                                              
                                               "Node Type": "Sort",                                                                         
                                               "Parent Relationship": "Outer",                                                              
                                               "Parallel Aware": false,                                                                     
                                               "Startup Cost": 1362.28,                                                                     
                                               "Total Cost": 1362.29,                                                                       
                                               "Plan Rows": 1,                                                                              
                                               "Plan Width": 8,                                                                             
                                               "Actual Startup Time": 1041.456,                                                             
                                               "Actual Total Time": 1041.469,                                                               
                                               "Actual Rows": 278,                                                                          
                                               "Actual Loops": 1,                                                                           
                                               "Sort Key": ["mc.company_type_id"],                                                          
                                               "Sort Method": "quicksort",                                                                  
                                               "Sort Space Used": 38,                                                                       
                                               "Sort Space Type": "Memory",                                                                 
                                               "Shared Hit Blocks": 5,                                                                      
                                               "Shared Read Blocks": 21778,                                                                 
                                               "Shared Dirtied Blocks": 0,                                                                  
                                               "Shared Written Blocks": 0,                                                                  
                                               "Local Hit Blocks": 0,                                                                       
                                               "Local Read Blocks": 0,                                                                      
                                               "Local Dirtied Blocks": 0,                                                                   
                                               "Local Written Blocks": 0,                                                                   
                                               "Temp Read Blocks": 0,                                                                       
                                               "Temp Written Blocks": 0,                                                                    
                                               "Plans": [                                                                                   
                                                 {                                                                                          
                                                   "Node Type": "Merge Join",                                                               
                                                   "Parent Relationship": "Outer",                                                          
                                                   "Parallel Aware": false,                                                                 
                                                   "Join Type": "Inner",                                                                    
                                                   "Startup Cost": 1359.58,                                                                 
                                                   "Total Cost": 1362.28,                                                                   
                                                   "Plan Rows": 1,                                                                          
                                                   "Plan Width": 8,                                                                         
                                                   "Actual Startup Time": 1041.299,                                                         
                                                   "Actual Total Time": 1041.407,                                                           
                                                   "Actual Rows": 278,                                                                      
                                                   "Actual Loops": 1,                                                                       
                                                   "Inner Unique": false,                                                                   
                                                   "Merge Cond": "(cn.id = mc.company_id)",                                                 
                                                   "Shared Hit Blocks": 5,                                                                  
                                                   "Shared Read Blocks": 21778,                                                             
                                                   "Shared Dirtied Blocks": 0,                                                              
                                                   "Shared Written Blocks": 0,                                                              
                                                   "Local Hit Blocks": 0,                                                                   
                                                   "Local Read Blocks": 0,                                                                  
                                                   "Local Dirtied Blocks": 0,                                                               
                                                   "Local Written Blocks": 0,                                                               
                                                   "Temp Read Blocks": 0,                                                                   
                                                   "Temp Written Blocks": 0,                                                                
                                                   "Plans": [                                                                               
                                                     {                                                                                      
                                                       "Node Type": "Sort",                                                                 
                                                       "Parent Relationship": "Outer",                                                      
                                                       "Parallel Aware": false,                                                             
                                                       "Startup Cost": 146.65,                                                              
                                                       "Total Cost": 146.65,                                                                
                                                       "Plan Rows": 1,                                                                      
                                                       "Plan Width": 4,                                                                     
                                                       "Actual Startup Time": 143.748,                                                      
                                                       "Actual Total Time": 143.749,                                                        
                                                       "Actual Rows": 1,                                                                    
                                                       "Actual Loops": 1,                                                                   
                                                       "Sort Key": ["cn.id"],                                                               
                                                       "Sort Method": "quicksort",                                                          
                                                       "Sort Space Used": 25,                                                               
                                                       "Sort Space Type": "Memory",                                                         
                                                       "Shared Hit Blocks": 2,                                                              
                                                       "Shared Read Blocks": 2992,                                                          
                                                       "Shared Dirtied Blocks": 0,                                                          
                                                       "Shared Written Blocks": 0,                                                          
                                                       "Local Hit Blocks": 0,                                                               
                                                       "Local Read Blocks": 0,                                                              
                                                       "Local Dirtied Blocks": 0,                                                           
                                                       "Local Written Blocks": 0,                                                           
                                                       "Temp Read Blocks": 0,                                                               
                                                       "Temp Written Blocks": 0,                                                            
                                                       "Plans": [                                                                           
                                                         {                                                                                  
                                                           "Node Type": "Seq Scan",                                                         
                                                           "Parent Relationship": "Outer",                                                  
                                                           "Parallel Aware": false,                                                         
                                                           "Relation Name": "company_name",                                                 
                                                           "Alias": "cn",                                                                   
                                                           "Startup Cost": 0.00,                                                            
                                                           "Total Cost": 146.65,                                                            
                                                           "Plan Rows": 1,                                                                  
                                                           "Plan Width": 4,                                                                 
                                                           "Actual Startup Time": 28.212,                                                   
                                                           "Actual Total Time": 143.740,                                                    
                                                           "Actual Rows": 1,                                                                
                                                           "Actual Loops": 1,                                                               
                                                           "Filter": "(((country_code)::text = '[us]'::text) AND (name = 'YouTube'::text))",
                                                           "Rows Removed by Filter": 234996,                                                
                                                           "Shared Hit Blocks": 2,                                                          
                                                           "Shared Read Blocks": 2992,                                                      
                                                           "Shared Dirtied Blocks": 0,                                                      
                                                           "Shared Written Blocks": 0,                                                      
                                                           "Local Hit Blocks": 0,                                                           
                                                           "Local Read Blocks": 0,                                                          
                                                           "Local Dirtied Blocks": 0,                                                       
                                                           "Local Written Blocks": 0,                                                       
                                                           "Temp Read Blocks": 0,                                                           
                                                           "Temp Written Blocks": 0                                                         
                                                         }                                                                                  
                                                       ]                                                                                    
                                                     },                                                                                     
                                                     {                                                                                      
                                                       "Node Type": "Sort",                                                                 
                                                       "Parent Relationship": "Inner",                                                      
                                                       "Parallel Aware": false,                                                             
                                                       "Startup Cost": 1212.93,                                                             
                                                       "Total Cost": 1214.28,                                                               
                                                       "Plan Rows": 17389,                                                                  
                                                       "Plan Width": 12,                                                                    
                                                       "Actual Startup Time": 897.510,                                                      
                                                       "Actual Total Time": 897.569,                                                        
                                                       "Actual Rows": 414,                                                                  
                                                       "Actual Loops": 1,                                                                   
                                                       "Sort Key": ["mc.company_id"],                                                       
                                                       "Sort Method": "quicksort",                                                          
                                                       "Sort Space Used": 4427,                                                             
                                                       "Sort Space Type": "Memory",                                                         
                                                       "Shared Hit Blocks": 3,                                                              
                                                       "Shared Read Blocks": 18786,                                                         
                                                       "Shared Dirtied Blocks": 0,                                                          
                                                       "Shared Written Blocks": 0,                                                          
                                                       "Local Hit Blocks": 0,                                                               
                                                       "Local Read Blocks": 0,                                                              
                                                       "Local Dirtied Blocks": 0,                                                           
                                                       "Local Written Blocks": 0,                                                           
                                                       "Temp Read Blocks": 0,                                                               
                                                       "Temp Written Blocks": 0,                                                            
                                                       "Plans": [                                                                           
                                                         {                                                                                  
                                                           "Node Type": "Seq Scan",                                                         
                                                           "Parent Relationship": "Outer",                                                  
                                                           "Parallel Aware": false,                                                         
                                                           "Relation Name": "movie_companies",                                              
                                                           "Alias": "mc",                                                                   
                                                           "Startup Cost": 0.00,                                                            
                                                           "Total Cost": 1174.90,                                                           
                                                           "Plan Rows": 17389,                                                              
                                                           "Plan Width": 12,                                                                
                                                           "Actual Startup Time": 0.016,                                                    
                                                           "Actual Total Time": 872.639,                                                    
                                                           "Actual Rows": 61664,                                                            
                                                           "Actual Loops": 1,                                                               
                                                           "Filter": "((note ~~ '%(200%)%'::text) AND (note ~~ '%(worldwide)%'::text))",    
                                                           "Rows Removed by Filter": 2547465,                                               
                                                           "Shared Hit Blocks": 3,                                                          
                                                           "Shared Read Blocks": 18786,                                                     
                                                           "Shared Dirtied Blocks": 0,                                                      
                                                           "Shared Written Blocks": 0,                                                      
                                                           "Local Hit Blocks": 0,                                                           
                                                           "Local Read Blocks": 0,                                                          
                                                           "Local Dirtied Blocks": 0,                                                       
                                                           "Local Written Blocks": 0,                                                       
                                                           "Temp Read Blocks": 0,                                                           
                                                           "Temp Written Blocks": 0                                                         
                                                         }                                                                                  
                                                       ]                                                                                    
                                                     }                                                                                      
                                                   ]                                                                                        
                                                 }                                                                                          
                                               ]                                                                                            
                                             },                                                                                             
                                             {                                                                                              
                                               "Node Type": "Sort",                                                                         
                                               "Parent Relationship": "Inner",                                                              
                                               "Parallel Aware": false,                                                                     
                                               "Startup Cost": 0.03,                                                                        
                                               "Total Cost": 0.03,                                                                          
                                               "Plan Rows": 4,                                                                              
                                               "Plan Width": 4,                                                                             
                                               "Actual Startup Time": 0.016,                                                                
                                               "Actual Total Time": 0.016,                                                                  
                                               "Actual Rows": 1,                                                                            
                                               "Actual Loops": 1,                                                                           
                                               "Sort Key": ["ct.id"],                                                                       
                                               "Sort Method": "quicksort",                                                                  
                                               "Sort Space Used": 25,                                                                       
                                               "Sort Space Type": "Memory",                                                                 
                                               "Shared Hit Blocks": 1,                                                                      
                                               "Shared Read Blocks": 0,                                                                     
                                               "Shared Dirtied Blocks": 0,                                                                  
                                               "Shared Written Blocks": 0,                                                                  
                                               "Local Hit Blocks": 0,                                                                       
                                               "Local Read Blocks": 0,                                                                      
                                               "Local Dirtied Blocks": 0,                                                                   
                                               "Local Written Blocks": 0,                                                                   
                                               "Temp Read Blocks": 0,                                                                       
                                               "Temp Written Blocks": 0,                                                                    
                                               "Plans": [                                                                                   
                                                 {                                                                                          
                                                   "Node Type": "Seq Scan",                                                                 
                                                   "Parent Relationship": "Outer",                                                          
                                                   "Parallel Aware": false,                                                                 
                                                   "Relation Name": "company_type",                                                         
                                                   "Alias": "ct",                                                                           
                                                   "Startup Cost": 0.00,                                                                    
                                                   "Total Cost": 0.03,                                                                      
                                                   "Plan Rows": 4,                                                                          
                                                   "Plan Width": 4,                                                                         
                                                   "Actual Startup Time": 0.007,                                                            
                                                   "Actual Total Time": 0.008,                                                              
                                                   "Actual Rows": 4,                                                                        
                                                   "Actual Loops": 1,                                                                       
                                                   "Shared Hit Blocks": 1,                                                                  
                                                   "Shared Read Blocks": 0,                                                                 
                                                   "Shared Dirtied Blocks": 0,                                                              
                                                   "Shared Written Blocks": 0,                                                              
                                                   "Local Hit Blocks": 0,                                                                   
                                                   "Local Read Blocks": 0,                                                                  
                                                   "Local Dirtied Blocks": 0,                                                               
                                                   "Local Written Blocks": 0,                                                               
                                                   "Temp Read Blocks": 0,                                                                   
                                                   "Temp Written Blocks": 0                                                                 
                                                 }                                                                                          
                                               ]                                                                                            
                                             }                                                                                              
                                           ]                                                                                                
                                         }                                                                                                  
                                       ]                                                                                                    
                                     },                                                                                                     
                                     {                                                                                                      
                                       "Node Type": "Sort",                                                                                 
                                       "Parent Relationship": "Inner",                                                                      
                                       "Parallel Aware": false,                                                                             
                                       "Startup Cost": 1255.56,                                                                             
                                       "Total Cost": 1283.62,                                                                               
                                       "Plan Rows": 361472,                                                                                 
                                       "Plan Width": 4,                                                                                     
                                       "Actual Startup Time": 381.054,                                                                      
                                       "Actual Total Time": 425.335,                                                                        
                                       "Actual Rows": 360099,                                                                               
                                       "Actual Loops": 1,                                                                                   
                                       "Sort Key": ["at.movie_id"],                                                                         
                                       "Sort Method": "quicksort",                                                                          
                                       "Sort Space Used": 29233,                                                                            
                                       "Sort Space Type": "Memory",                                                                         
                                       "Shared Hit Blocks": 2,                                                                              
                                       "Shared Read Blocks": 6190,                                                                          
                                       "Shared Dirtied Blocks": 0,                                                                          
                                       "Shared Written Blocks": 0,                                                                          
                                       "Local Hit Blocks": 0,                                                                               
                                       "Local Read Blocks": 0,                                                                              
                                       "Local Dirtied Blocks": 0,                                                                           
                                       "Local Written Blocks": 0,                                                                           
                                       "Temp Read Blocks": 0,                                                                               
                                       "Temp Written Blocks": 0,                                                                            
                                       "Plans": [                                                                                           
                                         {                                                                                                  
                                           "Node Type": "Seq Scan",                                                                         
                                           "Parent Relationship": "Outer",                                                                  
                                           "Parallel Aware": false,                                                                         
                                           "Relation Name": "aka_title",                                                                    
                                           "Alias": "at",                                                                                   
                                           "Startup Cost": 0.00,                                                                            
                                           "Total Cost": 219.22,                                                                            
                                           "Plan Rows": 361472,                                                                             
                                           "Plan Width": 4,                                                                                 
                                           "Actual Startup Time": 6.761,                                                                    
                                           "Actual Total Time": 200.315,                                                                    
                                           "Actual Rows": 361472,                                                                           
                                           "Actual Loops": 1,                                                                               
                                           "Shared Hit Blocks": 2,                                                                          
                                           "Shared Read Blocks": 6190,                                                                      
                                           "Shared Dirtied Blocks": 0,                                                                      
                                           "Shared Written Blocks": 0,                                                                      
                                           "Local Hit Blocks": 0,                                                                           
                                           "Local Read Blocks": 0,                                                                          
                                           "Local Dirtied Blocks": 0,                                                                       
                                           "Local Written Blocks": 0,                                                                       
                                           "Temp Read Blocks": 0,                                                                           
                                           "Temp Written Blocks": 0                                                                         
                                         }                                                                                                  
                                       ]                                                                                                    
                                     }                                                                                                      
                                   ]                                                                                                        
                                 }                                                                                                          
                               ]                                                                                                            
                             }                                                                                                              
                           ]                                                                                                                
                         }                                                                                                                  
                       ]                                                                                                                    
                     },                                                                                                                     
                     {                                                                                                                      
                       "Node Type": "Sort",                                                                                                 
                       "Parent Relationship": "Inner",                                                                                      
                       "Parallel Aware": false,                                                                                             
                       "Startup Cost": 393.92,                                                                                              
                       "Total Cost": 404.34,                                                                                                
                       "Plan Rows": 134170,                                                                                                 
                       "Plan Width": 4,                                                                                                     
                       "Actual Startup Time": 176.959,                                                                                      
                       "Actual Total Time": 186.116,                                                                                        
                       "Actual Rows": 102271,                                                                                               
                       "Actual Loops": 1,                                                                                                   
                       "Sort Key": ["k.id"],                                                                                                
                       "Sort Method": "quicksort",                                                                                          
                       "Sort Space Used": 12434,                                                                                            
                       "Sort Space Type": "Memory",                                                                                         
                       "Shared Hit Blocks": 2,                                                                                              
                       "Shared Read Blocks": 947,                                                                                           
                       "Shared Dirtied Blocks": 0,                                                                                          
                       "Shared Written Blocks": 0,                                                                                          
                       "Local Hit Blocks": 0,                                                                                               
                       "Local Read Blocks": 0,                                                                                              
                       "Local Dirtied Blocks": 0,                                                                                           
                       "Local Written Blocks": 0,                                                                                           
                       "Temp Read Blocks": 0,                                                                                               
                       "Temp Written Blocks": 0,                                                                                            
                       "Plans": [                                                                                                           
                         {                                                                                                                  
                           "Node Type": "Seq Scan",                                                                                         
                           "Parent Relationship": "Outer",                                                                                  
                           "Parallel Aware": false,                                                                                         
                           "Relation Name": "keyword",                                                                                      
                           "Alias": "k",                                                                                                    
                           "Startup Cost": 0.00,                                                                                            
                           "Total Cost": 39.04,                                                                                             
                           "Plan Rows": 134170,                                                                                             
                           "Plan Width": 4,                                                                                                 
                           "Actual Startup Time": 77.272,                                                                                   
                           "Actual Total Time": 110.898,                                                                                    
                           "Actual Rows": 134170,                                                                                           
                           "Actual Loops": 1,                                                                                               
                           "Shared Hit Blocks": 2,                                                                                          
                           "Shared Read Blocks": 947,                                                                                       
                           "Shared Dirtied Blocks": 0,                                                                                      
                           "Shared Written Blocks": 0,                                                                                      
                           "Local Hit Blocks": 0,                                                                                           
                           "Local Read Blocks": 0,                                                                                          
                           "Local Dirtied Blocks": 0,                                                                                       
                           "Local Written Blocks": 0,                                                                                       
                           "Temp Read Blocks": 0,                                                                                           
                           "Temp Written Blocks": 0                                                                                         
                         }                                                                                                                  
                       ]                                                                                                                    
                     }                                                                                                                      
                   ]                                                                                                                        
                 }                                                                                                                          
               ]                                                                                                                            
             },                                                                                                                             
             {                                                                                                                              
               "Node Type": "Sort",                                                                                                         
               "Parent Relationship": "Inner",                                                                                              
               "Parallel Aware": false,                                                                                                     
               "Startup Cost": 0.05,                                                                                                        
               "Total Cost": 0.05,                                                                                                          
               "Plan Rows": 1,                                                                                                              
               "Plan Width": 4,                                                                                                             
               "Actual Startup Time": 0.031,                                                                                                
               "Actual Total Time": 0.031,                                                                                                  
               "Actual Rows": 1,                                                                                                            
               "Actual Loops": 1,                                                                                                           
               "Sort Key": ["it.id"],                                                                                                      
               "Sort Method": "quicksort",                                                                                                  
               "Sort Space Used": 25,                                                                                                       
               "Sort Space Type": "Memory",                                                                                                 
               "Shared Hit Blocks": 1,                                                                                                      
               "Shared Read Blocks": 0,                                                                                                     
               "Shared Dirtied Blocks": 0,                                                                                                  
               "Shared Written Blocks": 0,                                                                                                  
               "Local Hit Blocks": 0,                                                                                                       
               "Local Read Blocks": 0,                                                                                                      
               "Local Dirtied Blocks": 0,                                                                                                   
               "Local Written Blocks": 0,                                                                                                   
               "Temp Read Blocks": 0,                                                                                                       
               "Temp Written Blocks": 0,                                                                                                    
               "Plans": [                                                                                                                   
                 {                                                                                                                          
                   "Node Type": "Seq Scan",                                                                                                 
                   "Parent Relationship": "Outer",                                                                                          
                   "Parallel Aware": false,                                                                                                 
                   "Relation Name": "info_type",                                                                                            
                   "Alias": "it",                                                                                                          
                   "Startup Cost": 0.00,                                                                                                    
                   "Total Cost": 0.05,                                                                                                      
                   "Plan Rows": 1,                                                                                                          
                   "Plan Width": 4,                                                                                                         
                   "Actual Startup Time": 0.014,                                                                                            
                   "Actual Total Time": 0.023,                                                                                              
                   "Actual Rows": 1,                                                                                                        
                   "Actual Loops": 1,                                                                                                       
                   "Filter": "((info)::text = 'release dates'::text)",                                                                      
                   "Rows Removed by Filter": 112,                                                                                           
                   "Shared Hit Blocks": 1,                                                                                                  
                   "Shared Read Blocks": 0,                                                                                                 
                   "Shared Dirtied Blocks": 0,                                                                                              
                   "Shared Written Blocks": 0,                                                                                              
                   "Local Hit Blocks": 0,                                                                                                   
                   "Local Read Blocks": 0,                                                                                                  
                   "Local Dirtied Blocks": 0,                                                                                               
                   "Local Written Blocks": 0,                                                                                               
                   "Temp Read Blocks": 0,                                                                                                   
                   "Temp Written Blocks": 0                                                                                                 
                 }                                                                                                                          
               ]                                                                                                                            
             }                                                                                                                              
           ]                                                                                                                                
         }                                                                                                                                  
       ]                                                                                                                                    
     },                                                                                                                                     
     "Planning Time": 9238.217,                                                                                                             
     "Triggers": [                                                                                                                          
     ],                                                                                                                                     
     "Execution Time": 15069.953                                                                                                            
