     "Plan": {                                                                                                        
       "Node Type": "Aggregate",                                                                                      
       "Strategy": "Plain",                                                                                           
       "Partial Mode": "Simple",                                                                                      
       "Parallel Aware": false,                                                                                       
       "Startup Cost": 43893.19,                                                                                      
       "Total Cost": 43893.19,                                                                                        
       "Plan Rows": 1,                                                                                                
       "Plan Width": 64,                                                                                              
       "Actual Startup Time": 16910.740,                                                                              
       "Actual Total Time": 16910.740,                                                                                
       "Actual Rows": 1,                                                                                              
       "Actual Loops": 1,                                                                                             
       "Shared Hit Blocks": 21,                                                                                       
       "Shared Read Blocks": 251253,                                                                                  
       "Shared Dirtied Blocks": 0,                                                                                    
       "Shared Written Blocks": 0,                                                                                    
       "Local Hit Blocks": 0,                                                                                         
       "Local Read Blocks": 0,                                                                                        
       "Local Dirtied Blocks": 0,                                                                                     
       "Local Written Blocks": 0,                                                                                     
       "Temp Read Blocks": 0,                                                                                         
       "Temp Written Blocks": 0,                                                                                      
       "Plans": [                                                                                                     
         {                                                                                                            
           "Node Type": "Merge Join",                                                                                 
           "Parent Relationship": "Outer",                                                                            
           "Parallel Aware": false,                                                                                   
           "Join Type": "Inner",                                                                                      
           "Startup Cost": 43872.20,                                                                                  
           "Total Cost": 43893.13,                                                                                    
           "Plan Rows": 414,                                                                                          
           "Plan Width": 38,                                                                                          
           "Actual Startup Time": 16830.699,                                                                          
           "Actual Total Time": 16875.466,                                                                            
           "Actual Rows": 11347,                                                                                      
           "Actual Loops": 1,                                                                                         
           "Inner Unique": true,                                                                                      
           "Merge Cond": "(mk.keyword_id = k.id)",                                                                    
           "Shared Hit Blocks": 21,                                                                                   
           "Shared Read Blocks": 251253,                                                                              
           "Shared Dirtied Blocks": 0,                                                                                
           "Shared Written Blocks": 0,                                                                                
           "Local Hit Blocks": 0,                                                                                     
           "Local Read Blocks": 0,                                                                                    
           "Local Dirtied Blocks": 0,                                                                                 
           "Local Written Blocks": 0,                                                                                 
           "Temp Read Blocks": 0,                                                                                     
           "Temp Written Blocks": 0,                                                                                  
           "Plans": [                                                                                                 
             {                                                                                                        
               "Node Type": "Sort",                                                                                   
               "Parent Relationship": "Outer",                                                                        
               "Parallel Aware": false,                                                                               
               "Startup Cost": 43478.28,                                                                              
               "Total Cost": 43478.31,                                                                                
               "Plan Rows": 414,                                                                                      
               "Plan Width": 42,                                                                                      
               "Actual Startup Time": 16705.408,                                                                      
               "Actual Total Time": 16707.954,                                                                        
               "Actual Rows": 11347,                                                                                  
               "Actual Loops": 1,                                                                                     
               "Sort Key": ["mk.keyword_id"],                                                                         
               "Sort Method": "quicksort",                                                                            
               "Sort Space Used": 1617,                                                                               
               "Sort Space Type": "Memory",                                                                           
               "Shared Hit Blocks": 19,                                                                               
               "Shared Read Blocks": 250306,                                                                          
               "Shared Dirtied Blocks": 0,                                                                            
               "Shared Written Blocks": 0,                                                                            
               "Local Hit Blocks": 0,                                                                                 
               "Local Read Blocks": 0,                                                                                
               "Local Dirtied Blocks": 0,                                                                             
               "Local Written Blocks": 0,                                                                             
               "Temp Read Blocks": 0,                                                                                 
               "Temp Written Blocks": 0,                                                                              
               "Plans": [                                                                                             
                 {                                                                                                    
                   "Node Type": "Merge Join",                                                                         
                   "Parent Relationship": "Outer",                                                                    
                   "Parallel Aware": false,                                                                           
                   "Join Type": "Inner",                                                                              
                   "Startup Cost": 42448.55,                                                                          
                   "Total Cost": 43477.72,                                                                            
                   "Plan Rows": 414,                                                                                  
                   "Plan Width": 42,                                                                                  
                   "Actual Startup Time": 15410.616,                                                                  
                   "Actual Total Time": 16683.887,                                                                    
                   "Actual Rows": 11347,                                                                              
                   "Actual Loops": 1,                                                                                 
                   "Inner Unique": false,                                                                             
                   "Merge Cond": "(t.id = at.movie_id)",                                                              
                   "Shared Hit Blocks": 15,                                                                           
                   "Shared Read Blocks": 250306,                                                                      
                   "Shared Dirtied Blocks": 0,                                                                        
                   "Shared Written Blocks": 0,                                                                        
                   "Local Hit Blocks": 0,                                                                             
                   "Local Read Blocks": 0,                                                                            
                   "Local Dirtied Blocks": 0,                                                                         
                   "Local Written Blocks": 0,                                                                         
                   "Temp Read Blocks": 0,                                                                             
                   "Temp Written Blocks": 0,                                                                          
                   "Plans": [                                                                                         
                     {                                                                                                
                       "Node Type": "Merge Join",                                                                     
                       "Parent Relationship": "Outer",                                                                
                       "Parallel Aware": false,                                                                       
                       "Join Type": "Inner",                                                                          
                       "Startup Cost": 41192.98,                                                                      
                       "Total Cost": 42166.88,                                                                        
                       "Plan Rows": 1036,                                                                             
                       "Plan Width": 37,                                                                              
                       "Actual Startup Time": 15027.702,                                                              
                       "Actual Total Time": 16196.408,                                                                
                       "Actual Rows": 25564,                                                                          
                       "Actual Loops": 1,                                                                             
                       "Inner Unique": false,                                                                         
                       "Merge Cond": "(t.id = mk.movie_id)",                                                          
                       "Shared Hit Blocks": 13,                                                                       
                       "Shared Read Blocks": 244116,                                                                  
                       "Shared Dirtied Blocks": 0,                                                                    
                       "Shared Written Blocks": 0,                                                                    
                       "Local Hit Blocks": 0,                                                                         
                       "Local Read Blocks": 0,                                                                        
                       "Local Dirtied Blocks": 0,                                                                     
                       "Local Written Blocks": 0,                                                                     
                       "Temp Read Blocks": 0,                                                                         
                       "Temp Written Blocks": 0,                                                                      
                       "Plans": [                                                                                     
                         {                                                                                            
                           "Node Type": "Merge Join",                                                                 
                           "Parent Relationship": "Outer",                                                            
                           "Parallel Aware": false,                                                                   
                           "Join Type": "Inner",                                                                      
                           "Startup Cost": 24582.06,                                                                  
                           "Total Cost": 24853.47,                                                                    
                           "Plan Rows": 88,                                                                           
                           "Plan Width": 29,                                                                          
                           "Actual Startup Time": 12907.277,                                                          
                           "Actual Total Time": 13378.954,                                                            
                           "Actual Rows": 9857,                                                                       
                           "Actual Loops": 1,                                                                         
                           "Inner Unique": true,                                                                      
                           "Merge Cond": "(mi.movie_id = t.id)",                                                      
                           "Shared Hit Blocks": 10,                                                                   
                           "Shared Read Blocks": 219665,                                                              
                           "Shared Dirtied Blocks": 0,                                                                
                           "Shared Written Blocks": 0,                                                                
                           "Local Hit Blocks": 0,                                                                     
                           "Local Read Blocks": 0,                                                                    
                           "Local Dirtied Blocks": 0,                                                                 
                           "Local Written Blocks": 0,                                                                 
                           "Temp Read Blocks": 0,                                                                     
                           "Temp Written Blocks": 0,                                                                  
                           "Plans": [                                                                                 
                             {                                                                                        
                               "Node Type": "Sort",                                                                   
                               "Parent Relationship": "Outer",                                                        
                               "Parallel Aware": false,                                                               
                               "Startup Cost": 17449.56,                                                              
                               "Total Cost": 17449.57,                                                                
                               "Plan Rows": 127,                                                                      
                               "Plan Width": 8,                                                                       
                               "Actual Startup Time": 10674.421,                                                      
                               "Actual Total Time": 10675.866,                                                        
                               "Actual Rows": 9874,                                                                   
                               "Actual Loops": 1,                                                                     
                               "Sort Key": ["mc.movie_id"],                                                           
                               "Sort Method": "quicksort",                                                            
                               "Sort Space Used": 847,                                                                
                               "Sort Space Type": "Memory",                                                           
                               "Shared Hit Blocks": 9,                                                                
                               "Shared Read Blocks": 183668,                                                          
                               "Shared Dirtied Blocks": 0,                                                            
                               "Shared Written Blocks": 0,                                                            
                               "Local Hit Blocks": 0,                                                                 
                               "Local Read Blocks": 0,                                                                
                               "Local Dirtied Blocks": 0,                                                             
                               "Local Written Blocks": 0,                                                             
                               "Temp Read Blocks": 0,                                                                 
                               "Temp Written Blocks": 0,                                                              
                               "Plans": [                                                                             
                                 {                                                                                    
                                   "Node Type": "Merge Join",                                                         
                                   "Parent Relationship": "Outer",                                                    
                                   "Parallel Aware": false,                                                           
                                   "Join Type": "Inner",                                                              
                                   "Startup Cost": 17449.39,                                                          
                                   "Total Cost": 17449.42,                                                            
                                   "Plan Rows": 127,                                                                  
                                   "Plan Width": 8,                                                                   
                                   "Actual Startup Time": 10668.397,                                                  
                                   "Actual Total Time": 10671.048,                                                    
                                   "Actual Rows": 9874,                                                               
                                   "Actual Loops": 1,                                                                 
                                   "Inner Unique": true,                                                              
                                   "Merge Cond": "(mc.company_type_id = ct.id)",                                      
                                   "Shared Hit Blocks": 9,                                                            
                                   "Shared Read Blocks": 183668,                                                      
                                   "Shared Dirtied Blocks": 0,                                                        
                                   "Shared Written Blocks": 0,                                                        
                                   "Local Hit Blocks": 0,                                                             
                                   "Local Read Blocks": 0,                                                            
                                   "Local Dirtied Blocks": 0,                                                         
                                   "Local Written Blocks": 0,                                                         
                                   "Temp Read Blocks": 0,                                                             
                                   "Temp Written Blocks": 0,                                                          
                                   "Plans": [                                                                         
                                     {                                                                                
                                       "Node Type": "Sort",                                                           
                                       "Parent Relationship": "Outer",                                                
                                       "Parallel Aware": false,                                                       
                                       "Startup Cost": 17449.36,                                                      
                                       "Total Cost": 17449.37,                                                        
                                       "Plan Rows": 127,                                                              
                                       "Plan Width": 12,                                                              
                                       "Actual Startup Time": 10668.372,                                              
                                       "Actual Total Time": 10668.842,                                                
                                       "Actual Rows": 9874,                                                           
                                       "Actual Loops": 1,                                                             
                                       "Sort Key": ["mc.company_type_id"],                                            
                                       "Sort Method": "quicksort",                                                    
                                       "Sort Space Used": 847,                                                        
                                       "Sort Space Type": "Memory",                                                   
                                       "Shared Hit Blocks": 8,                                                        
                                       "Shared Read Blocks": 183668,                                                  
                                       "Shared Dirtied Blocks": 0,                                                    
                                       "Shared Written Blocks": 0,                                                    
                                       "Local Hit Blocks": 0,                                                         
                                       "Local Read Blocks": 0,                                                        
                                       "Local Dirtied Blocks": 0,                                                     
                                       "Local Written Blocks": 0,                                                     
                                       "Temp Read Blocks": 0,                                                         
                                       "Temp Written Blocks": 0,                                                      
                                       "Plans": [                                                                     
                                         {                                                                            
                                           "Node Type": "Merge Join",                                                 
                                           "Parent Relationship": "Outer",                                            
                                           "Parallel Aware": false,                                                   
                                           "Join Type": "Inner",                                                      
                                           "Startup Cost": 17435.98,                                                  
                                           "Total Cost": 17449.22,                                                    
                                           "Plan Rows": 127,                                                          
                                           "Plan Width": 12,                                                          
                                           "Actual Startup Time": 10642.804,                                          
                                           "Actual Total Time": 10666.179,                                            
                                           "Actual Rows": 9874,                                                       
                                           "Actual Loops": 1,                                                         
                                           "Inner Unique": true,                                                      
                                           "Merge Cond": "(mc.company_id = cn.id)",                                   
                                           "Shared Hit Blocks": 8,                                                    
                                           "Shared Read Blocks": 183668,                                              
                                           "Shared Dirtied Blocks": 0,                                                
                                           "Shared Written Blocks": 0,                                                
                                           "Local Hit Blocks": 0,                                                     
                                           "Local Read Blocks": 0,                                                    
                                           "Local Dirtied Blocks": 0,                                                 
                                           "Local Written Blocks": 0,                                                 
                                           "Temp Read Blocks": 0,                                                     
                                           "Temp Written Blocks": 0,                                                  
                                           "Plans": [                                                                 
                                             {                                                                        
                                               "Node Type": "Sort",                                                   
                                               "Parent Relationship": "Outer",                                        
                                               "Parallel Aware": false,                                               
                                               "Startup Cost": 17091.88,                                              
                                               "Total Cost": 17091.90,                                                
                                               "Plan Rows": 351,                                                      
                                               "Plan Width": 16,                                                      
                                               "Actual Startup Time": 10356.792,                                      
                                               "Actual Total Time": 10358.388,                                        
                                               "Actual Rows": 14401,                                                  
                                               "Actual Loops": 1,                                                     
                                               "Sort Key": ["mc.company_id"],                                         
                                               "Sort Method": "quicksort",                                            
                                               "Sort Space Used": 1060,                                               
                                               "Sort Space Type": "Memory",                                           
                                               "Shared Hit Blocks": 6,                                                
                                               "Shared Read Blocks": 180676,                                          
                                               "Shared Dirtied Blocks": 0,                                            
                                               "Shared Written Blocks": 0,                                            
                                               "Local Hit Blocks": 0,                                                 
                                               "Local Read Blocks": 0,                                                
                                               "Local Dirtied Blocks": 0,                                             
                                               "Local Written Blocks": 0,                                             
                                               "Temp Read Blocks": 0,                                                 
                                               "Temp Written Blocks": 0,                                              
                                               "Plans": [                                                             
                                                 {                                                                    
                                                   "Node Type": "Merge Join",                                         
                                                   "Parent Relationship": "Outer",                                    
                                                   "Parallel Aware": false,                                           
                                                   "Join Type": "Inner",                                              
                                                   "Startup Cost": 16686.23,                                          
                                                   "Total Cost": 17091.42,                                            
                                                   "Plan Rows": 351,                                                  
                                                   "Plan Width": 16,                                                  
                                                   "Actual Startup Time": 9982.397,                                   
                                                   "Actual Total Time": 10351.497,                                    
                                                   "Actual Rows": 14401,                                              
                                                   "Actual Loops": 1,                                                 
                                                   "Inner Unique": false,                                             
                                                   "Merge Cond": "(mi.movie_id = mc.movie_id)",                       
                                                   "Shared Hit Blocks": 6,                                            
                                                   "Shared Read Blocks": 180676,                                      
                                                   "Shared Dirtied Blocks": 0,                                        
                                                   "Shared Written Blocks": 0,                                        
                                                   "Local Hit Blocks": 0,                                             
                                                   "Local Read Blocks": 0,                                            
                                                   "Local Dirtied Blocks": 0,                                         
                                                   "Local Written Blocks": 0,                                         
                                                   "Temp Read Blocks": 0,                                             
                                                   "Temp Written Blocks": 0,                                          
                                                   "Plans": [                                                         
                                                     {                                                                
                                                       "Node Type": "Sort",                                           
                                                       "Parent Relationship": "Outer",                                
                                                       "Parallel Aware": false,                                       
                                                       "Startup Cost": 7280.78,                                       
                                                       "Total Cost": 7280.79,                                         
                                                       "Plan Rows": 98,                                               
                                                       "Plan Width": 4,                                               
                                                       "Actual Startup Time": 8457.884,                               
                                                       "Actual Total Time": 8458.521,                                 
                                                       "Actual Rows": 10679,                                          
                                                       "Actual Loops": 1,                                             
                                                       "Sort Key": ["mi.movie_id"],                                   
                                                       "Sort Method": "quicksort",                                    
                                                       "Sort Space Used": 885,                                        
                                                       "Sort Space Type": "Memory",                                   
                                                       "Shared Hit Blocks": 3,                                        
                                                       "Shared Read Blocks": 161890,                                  
                                                       "Shared Dirtied Blocks": 0,                                    
                                                       "Shared Written Blocks": 0,                                    
                                                       "Local Hit Blocks": 0,                                         
                                                       "Local Read Blocks": 0,                                        
                                                       "Local Dirtied Blocks": 0,                                     
                                                       "Local Written Blocks": 0,                                     
                                                       "Temp Read Blocks": 0,                                         
                                                       "Temp Written Blocks": 0,                                      
                                                       "Plans": [                                                     
                                                         {                                                            
                                                           "Node Type": "Merge Join",                                 
                                                           "Parent Relationship": "Outer",                            
                                                           "Parallel Aware": false,                                   
                                                           "Join Type": "Inner",                                      
                                                           "Startup Cost": 7278.94,                                   
                                                           "Total Cost": 7280.68,                                     
                                                           "Plan Rows": 98,                                           
                                                           "Plan Width": 4,                                           
                                                           "Actual Startup Time": 8445.704,                           
                                                           "Actual Total Time": 8450.682,                             
                                                           "Actual Rows": 10679,                                      
                                                           "Actual Loops": 1,                                         
                                                           "Inner Unique": false,                                     
                                                           "Merge Cond": "(it.id = mi.info_type_id)",                
                                                           "Shared Hit Blocks": 3,                                    
                                                           "Shared Read Blocks": 161890,                              
                                                           "Shared Dirtied Blocks": 0,                                
                                                           "Shared Written Blocks": 0,                                
                                                           "Local Hit Blocks": 0,                                     
                                                           "Local Read Blocks": 0,                                    
                                                           "Local Dirtied Blocks": 0,                                 
                                                           "Local Written Blocks": 0,                                 
                                                           "Temp Read Blocks": 0,                                     
                                                           "Temp Written Blocks": 0,                                  
                                                           "Plans": [                                                 
                                                             {                                                        
                                                               "Node Type": "Sort",                                   
                                                               "Parent Relationship": "Outer",                        
                                                               "Parallel Aware": false,                               
                                                               "Startup Cost": 0.05,                                  
                                                               "Total Cost": 0.05,                                    
                                                               "Plan Rows": 1,                                        
                                                               "Plan Width": 4,                                       
                                                               "Actual Startup Time": 0.122,                          
                                                               "Actual Total Time": 0.123,                            
                                                               "Actual Rows": 1,                                      
                                                               "Actual Loops": 1,                                     
                                                               "Sort Key": ["it.id"],                                
                                                               "Sort Method": "quicksort",                            
                                                               "Sort Space Used": 25,                                 
                                                               "Sort Space Type": "Memory",                           
                                                               "Shared Hit Blocks": 1,                                
                                                               "Shared Read Blocks": 0,                               
                                                               "Shared Dirtied Blocks": 0,                            
                                                               "Shared Written Blocks": 0,                            
                                                               "Local Hit Blocks": 0,                                 
                                                               "Local Read Blocks": 0,                                
                                                               "Local Dirtied Blocks": 0,                             
                                                               "Local Written Blocks": 0,                             
                                                               "Temp Read Blocks": 0,                                 
                                                               "Temp Written Blocks": 0,                              
                                                               "Plans": [                                             
                                                                 {                                                    
                                                                   "Node Type": "Seq Scan",                           
                                                                   "Parent Relationship": "Outer",                    
                                                                   "Parallel Aware": false,                           
                                                                   "Relation Name": "info_type",                      
                                                                   "Alias": "it",                                    
                                                                   "Startup Cost": 0.00,                              
                                                                   "Total Cost": 0.05,                                
                                                                   "Plan Rows": 1,                                    
                                                                   "Plan Width": 4,                                   
                                                                   "Actual Startup Time": 0.065,                      
                                                                   "Actual Total Time": 0.099,                        
                                                                   "Actual Rows": 1,                                  
                                                                   "Actual Loops": 1,                                 
                                                                   "Filter": "((info)::text = 'release dates'::text)",
                                                                   "Rows Removed by Filter": 112,                     
                                                                   "Shared Hit Blocks": 1,                            
                                                                   "Shared Read Blocks": 0,                           
                                                                   "Shared Dirtied Blocks": 0,                        
                                                                   "Shared Written Blocks": 0,                        
                                                                   "Local Hit Blocks": 0,                             
                                                                   "Local Read Blocks": 0,                            
                                                                   "Local Dirtied Blocks": 0,                         
                                                                   "Local Written Blocks": 0,                         
                                                                   "Temp Read Blocks": 0,                             
                                                                   "Temp Written Blocks": 0                           
                                                                 }                                                    
                                                               ]                                                      
                                                             },                                                       
                                                             {                                                        
                                                               "Node Type": "Sort",                                   
                                                               "Parent Relationship": "Inner",                        
                                                               "Parallel Aware": false,                               
                                                               "Startup Cost": 7278.89,                               
                                                               "Total Cost": 7279.76,                                 
                                                               "Plan Rows": 11124,                                    
                                                               "Plan Width": 8,                                       
                                                               "Actual Startup Time": 8445.565,                       
                                                               "Actual Total Time": 8446.681,                         
                                                               "Actual Rows": 10714,                                  
                                                               "Actual Loops": 1,                                     
                                                               "Sort Key": ["mi.info_type_id"],                       
                                                               "Sort Method": "quicksort",                            
                                                               "Sort Space Used": 891,                                
                                                               "Sort Space Type": "Memory",                           
                                                               "Shared Hit Blocks": 2,                                
                                                               "Shared Read Blocks": 161890,                          
                                                               "Shared Dirtied Blocks": 0,                            
                                                               "Shared Written Blocks": 0,                            
                                                               "Local Hit Blocks": 0,                                 
                                                               "Local Read Blocks": 0,                                
                                                               "Local Dirtied Blocks": 0,                             
                                                               "Local Written Blocks": 0,                             
                                                               "Temp Read Blocks": 0,                                 
                                                               "Temp Written Blocks": 0,                              
                                                               "Plans": [                                             
                                                                 {                                                    
                                                                   "Node Type": "Seq Scan",                           
                                                                   "Parent Relationship": "Outer",                    
                                                                   "Parallel Aware": false,                           
                                                                   "Relation Name": "movie_info",                     
                                                                   "Alias": "mi",                                     
                                                                   "Startup Cost": 0.00,                              
                                                                   "Total Cost": 7255.68,                             
                                                                   "Plan Rows": 11124,                                
                                                                   "Plan Width": 8,                                   
                                                                   "Actual Startup Time": 125.895,                    
                                                                   "Actual Total Time": 8439.848,                     
                                                                   "Actual Rows": 10810,                              
                                                                   "Actual Loops": 1,                                 
                                                                   "Filter": "(note ~~ '%internet%'::text)",          
                                                                   "Rows Removed by Filter": 14824910,                
                                                                   "Shared Hit Blocks": 2,                            
                                                                   "Shared Read Blocks": 161890,                      
                                                                   "Shared Dirtied Blocks": 0,                        
                                                                   "Shared Written Blocks": 0,                        
                                                                   "Local Hit Blocks": 0,                             
                                                                   "Local Read Blocks": 0,                            
                                                                   "Local Dirtied Blocks": 0,                         
                                                                   "Local Written Blocks": 0,                         
                                                                   "Temp Read Blocks": 0,                             
                                                                   "Temp Written Blocks": 0                           
                                                                 }                                                    
                                                               ]                                                      
                                                             }                                                        
                                                           ]                                                          
                                                         }                                                            
                                                       ]                                                              
                                                     },                                                               
                                                     {                                                                
                                                       "Node Type": "Sort",                                           
                                                       "Parent Relationship": "Inner",                                
                                                       "Parallel Aware": false,                                       
                                                       "Startup Cost": 9405.45,                                       
                                                       "Total Cost": 9608.03,                                         
                                                       "Plan Rows": 2609129,                                          
                                                       "Plan Width": 12,                                              
                                                       "Actual Startup Time": 1524.502,                               
                                                       "Actual Total Time": 1644.439,                                 
                                                       "Actual Rows": 2609214,                                        
                                                       "Actual Loops": 1,                                             
                                                       "Sort Key": ["mc.movie_id"],                                   
                                                       "Sort Method": "quicksort",                                    
                                                       "Sort Space Used": 220607,                                     
                                                       "Sort Space Type": "Memory",                                   
                                                       "Shared Hit Blocks": 3,                                        
                                                       "Shared Read Blocks": 18786,                                   
                                                       "Shared Dirtied Blocks": 0,                                    
                                                       "Shared Written Blocks": 0,                                    
                                                       "Local Hit Blocks": 0,                                         
                                                       "Local Read Blocks": 0,                                        
                                                       "Local Dirtied Blocks": 0,                                     
                                                       "Local Written Blocks": 0,                                     
                                                       "Temp Read Blocks": 0,                                         
                                                       "Temp Written Blocks": 0,                                      
                                                       "Plans": [                                                     
                                                         {                                                            
                                                           "Node Type": "Seq Scan",                                   
                                                           "Parent Relationship": "Outer",                            
                                                           "Parallel Aware": false,                                   
                                                           "Relation Name": "movie_companies",                        
                                                           "Alias": "mc",                                             
                                                           "Startup Cost": 0.00,                                      
                                                           "Total Cost": 769.75,                                      
                                                           "Plan Rows": 2609129,                                      
                                                           "Plan Width": 12,                                          
                                                           "Actual Startup Time": 0.017,                              
                                                           "Actual Total Time": 559.703,                              
                                                           "Actual Rows": 2609129,                                    
                                                           "Actual Loops": 1,                                         
                                                           "Shared Hit Blocks": 3,                                    
                                                           "Shared Read Blocks": 18786,                               
                                                           "Shared Dirtied Blocks": 0,                                
                                                           "Shared Written Blocks": 0,                                
                                                           "Local Hit Blocks": 0,                                     
                                                           "Local Read Blocks": 0,                                    
                                                           "Local Dirtied Blocks": 0,                                 
                                                           "Local Written Blocks": 0,                                 
                                                           "Temp Read Blocks": 0,                                     
                                                           "Temp Written Blocks": 0                                   
                                                         }                                                            
                                                       ]                                                              
                                                     }                                                                
                                                   ]                                                                  
                                                 }                                                                    
                                               ]                                                                      
                                             },                                                                       
                                             {                                                                        
                                               "Node Type": "Sort",                                                   
                                               "Parent Relationship": "Inner",                                        
                                               "Parallel Aware": false,                                               
                                               "Startup Cost": 344.10,                                                
                                               "Total Cost": 350.69,                                                  
                                               "Plan Rows": 84843,                                                    
                                               "Plan Width": 4,                                                       
                                               "Actual Startup Time": 286.004,                                        
                                               "Actual Total Time": 294.444,                                          
                                               "Actual Rows": 84843,                                                  
                                               "Actual Loops": 1,                                                     
                                               "Sort Key": ["cn.id"],                                                 
                                               "Sort Method": "quicksort",                                            
                                               "Sort Space Used": 7050,                                               
                                               "Sort Space Type": "Memory",                                           
                                               "Shared Hit Blocks": 2,                                                
                                               "Shared Read Blocks": 2992,                                            
                                               "Shared Dirtied Blocks": 0,                                            
                                               "Shared Written Blocks": 0,                                            
                                               "Local Hit Blocks": 0,                                                 
                                               "Local Read Blocks": 0,                                                
                                               "Local Dirtied Blocks": 0,                                             
                                               "Local Written Blocks": 0,                                             
                                               "Temp Read Blocks": 0,                                                 
                                               "Temp Written Blocks": 0,                                              
                                               "Plans": [                                                             
                                                 {                                                                    
                                                   "Node Type": "Seq Scan",                                           
                                                   "Parent Relationship": "Outer",                                    
                                                   "Parallel Aware": false,                                           
                                                   "Relation Name": "company_name",                                   
                                                   "Alias": "cn",                                                     
                                                   "Startup Cost": 0.00,                                              
                                                   "Total Cost": 128.41,                                              
                                                   "Plan Rows": 84843,                                                
                                                   "Plan Width": 4,                                                   
                                                   "Actual Startup Time": 4.896,                                      
                                                   "Actual Total Time": 242.582,                                      
                                                   "Actual Rows": 84843,                                              
                                                   "Actual Loops": 1,                                                 
                                                   "Filter": "((country_code)::text = '[us]'::text)",                 
                                                   "Rows Removed by Filter": 150154,                                  
                                                   "Shared Hit Blocks": 2,                                            
                                                   "Shared Read Blocks": 2992,                                        
                                                   "Shared Dirtied Blocks": 0,                                        
                                                   "Shared Written Blocks": 0,                                        
                                                   "Local Hit Blocks": 0,                                             
                                                   "Local Read Blocks": 0,                                            
                                                   "Local Dirtied Blocks": 0,                                         
                                                   "Local Written Blocks": 0,                                         
                                                   "Temp Read Blocks": 0,                                             
                                                   "Temp Written Blocks": 0                                           
                                                 }                                                                    
                                               ]                                                                      
                                             }                                                                        
                                           ]                                                                          
                                         }                                                                            
                                       ]                                                                              
                                     },                                                                               
                                     {                                                                                
                                       "Node Type": "Sort",                                                           
                                       "Parent Relationship": "Inner",                                                
                                       "Parallel Aware": false,                                                       
                                       "Startup Cost": 0.03,                                                          
                                       "Total Cost": 0.03,                                                            
                                       "Plan Rows": 4,                                                                
                                       "Plan Width": 4,                                                               
                                       "Actual Startup Time": 0.020,                                                  
                                       "Actual Total Time": 0.020,                                                    
                                       "Actual Rows": 2,                                                              
                                       "Actual Loops": 1,                                                             
                                       "Sort Key": ["ct.id"],                                                         
                                       "Sort Method": "quicksort",                                                    
                                       "Sort Space Used": 25,                                                         
                                       "Sort Space Type": "Memory",                                                   
                                       "Shared Hit Blocks": 1,                                                        
                                       "Shared Read Blocks": 0,                                                       
                                       "Shared Dirtied Blocks": 0,                                                    
                                       "Shared Written Blocks": 0,                                                    
                                       "Local Hit Blocks": 0,                                                         
                                       "Local Read Blocks": 0,                                                        
                                       "Local Dirtied Blocks": 0,                                                     
                                       "Local Written Blocks": 0,                                                     
                                       "Temp Read Blocks": 0,                                                         
                                       "Temp Written Blocks": 0,                                                      
                                       "Plans": [                                                                     
                                         {                                                                            
                                           "Node Type": "Seq Scan",                                                   
                                           "Parent Relationship": "Outer",                                            
                                           "Parallel Aware": false,                                                   
                                           "Relation Name": "company_type",                                           
                                           "Alias": "ct",                                                             
                                           "Startup Cost": 0.00,                                                      
                                           "Total Cost": 0.03,                                                        
                                           "Plan Rows": 4,                                                            
                                           "Plan Width": 4,                                                           
                                           "Actual Startup Time": 0.009,                                              
                                           "Actual Total Time": 0.010,                                                
                                           "Actual Rows": 4,                                                          
                                           "Actual Loops": 1,                                                         
                                           "Shared Hit Blocks": 1,                                                    
                                           "Shared Read Blocks": 0,                                                   
                                           "Shared Dirtied Blocks": 0,                                                
                                           "Shared Written Blocks": 0,                                                
                                           "Local Hit Blocks": 0,                                                     
                                           "Local Read Blocks": 0,                                                    
                                           "Local Dirtied Blocks": 0,                                                 
                                           "Local Written Blocks": 0,                                                 
                                           "Temp Read Blocks": 0,                                                     
                                           "Temp Written Blocks": 0                                                   
                                         }                                                                            
                                       ]                                                                              
                                     }                                                                                
                                   ]                                                                                  
                                 }                                                                                    
                               ]                                                                                      
                             },                                                                                       
                             {                                                                                        
                               "Node Type": "Sort",                                                                   
                               "Parent Relationship": "Inner",                                                        
                               "Parallel Aware": false,                                                               
                               "Startup Cost": 7132.50,                                                               
                               "Total Cost": 7268.30,                                                                 
                               "Plan Rows": 1749033,                                                                  
                               "Plan Width": 21,                                                                      
                               "Actual Startup Time": 2232.844,                                                       
                               "Actual Total Time": 2456.744,                                                         
                               "Actual Rows": 1748408,                                                                
                               "Actual Loops": 1,                                                                     
                               "Sort Key": ["t.id"],                                                                  
                               "Sort Method": "quicksort",                                                            
                               "Sort Space Used": 171002,                                                             
                               "Sort Space Type": "Memory",                                                           
                               "Shared Hit Blocks": 1,                                                                
                               "Shared Read Blocks": 35997,                                                           
                               "Shared Dirtied Blocks": 0,                                                            
                               "Shared Written Blocks": 0,                                                            
                               "Local Hit Blocks": 0,                                                                 
                               "Local Read Blocks": 0,                                                                
                               "Local Dirtied Blocks": 0,                                                             
                               "Local Written Blocks": 0,                                                             
                               "Temp Read Blocks": 0,                                                                 
                               "Temp Written Blocks": 0,                                                              
                               "Plans": [                                                                             
                                 {                                                                                    
                                   "Node Type": "Seq Scan",                                                           
                                   "Parent Relationship": "Outer",                                                    
                                   "Parallel Aware": false,                                                           
                                   "Relation Name": "title",                                                          
                                   "Alias": "t",                                                                      
                                   "Startup Cost": 0.00,                                                              
                                   "Total Cost": 1500.26,                                                             
                                   "Plan Rows": 1749033,                                                              
                                   "Plan Width": 21,                                                                  
                                   "Actual Startup Time": 20.892,                                                     
                                   "Actual Total Time": 1271.383,                                                     
                                   "Actual Rows": 1749032,                                                            
                                   "Actual Loops": 1,                                                                 
                                   "Filter": "(production_year > 1990)",                                              
                                   "Rows Removed by Filter": 779280,                                                  
                                   "Shared Hit Blocks": 1,                                                            
                                   "Shared Read Blocks": 35997,                                                       
                                   "Shared Dirtied Blocks": 0,                                                        
                                   "Shared Written Blocks": 0,                                                        
                                   "Local Hit Blocks": 0,                                                             
                                   "Local Read Blocks": 0,                                                            
                                   "Local Dirtied Blocks": 0,                                                         
                                   "Local Written Blocks": 0,                                                         
                                   "Temp Read Blocks": 0,                                                             
                                   "Temp Written Blocks": 0                                                           
                                 }                                                                                    
                               ]                                                                                      
                             }                                                                                        
                           ]                                                                                          
                         },                                                                                           
                         {                                                                                            
                           "Node Type": "Sort",                                                                       
                           "Parent Relationship": "Inner",                                                            
                           "Parallel Aware": false,                                                                   
                           "Startup Cost": 16610.92,                                                                  
                           "Total Cost": 16962.16,                                                                    
                           "Plan Rows": 4523930,                                                                      
                           "Plan Width": 8,                                                                           
                           "Actual Startup Time": 2120.416,                                                           
                           "Actual Total Time": 2378.164,                                                             
                           "Actual Rows": 4538097,                                                                    
                           "Actual Loops": 1,                                                                         
                           "Sort Key": ["mk.movie_id"],                                                               
                           "Sort Method": "quicksort",                                                                
                           "Sort Space Used": 408668,                                                                 
                           "Sort Space Type": "Memory",                                                               
                           "Shared Hit Blocks": 3,                                                                    
                           "Shared Read Blocks": 24451,                                                               
                           "Shared Dirtied Blocks": 0,                                                                
                           "Shared Written Blocks": 0,                                                                
                           "Local Hit Blocks": 0,                                                                     
                           "Local Read Blocks": 0,                                                                    
                           "Local Dirtied Blocks": 0,                                                                 
                           "Local Written Blocks": 0,                                                                 
                           "Temp Read Blocks": 0,                                                                     
                           "Temp Written Blocks": 0,                                                                  
                           "Plans": [                                                                                 
                             {                                                                                        
                               "Node Type": "Seq Scan",                                                               
                               "Parent Relationship": "Outer",                                                        
                               "Parallel Aware": false,                                                               
                               "Relation Name": "movie_keyword",                                                      
                               "Alias": "mk",                                                                         
                               "Startup Cost": 0.00,                                                                  
                               "Total Cost": 1079.84,                                                                 
                               "Plan Rows": 4523930,                                                                  
                               "Plan Width": 8,                                                                       
                               "Actual Startup Time": 0.014,                                                          
                               "Actual Total Time": 762.002,                                                          
                               "Actual Rows": 4523930,                                                                
                               "Actual Loops": 1,                                                                     
                               "Shared Hit Blocks": 3,                                                                
                               "Shared Read Blocks": 24451,                                                           
                               "Shared Dirtied Blocks": 0,                                                            
                               "Shared Written Blocks": 0,                                                            
                               "Local Hit Blocks": 0,                                                                 
                               "Local Read Blocks": 0,                                                                
                               "Local Dirtied Blocks": 0,                                                             
                               "Local Written Blocks": 0,                                                             
                               "Temp Read Blocks": 0,                                                                 
                               "Temp Written Blocks": 0                                                               
                             }                                                                                        
                           ]                                                                                          
                         }                                                                                            
                       ]                                                                                              
                     },                                                                                               
                     {                                                                                                
                       "Node Type": "Sort",                                                                           
                       "Parent Relationship": "Inner",                                                                
                       "Parallel Aware": false,                                                                       
                       "Startup Cost": 1255.56,                                                                       
                       "Total Cost": 1283.62,                                                                         
                       "Plan Rows": 361472,                                                                           
                       "Plan Width": 25,                                                                              
                       "Actual Startup Time": 379.815,                                                                
                       "Actual Total Time": 429.945,                                                                  
                       "Actual Rows": 371412,                                                                         
                       "Actual Loops": 1,                                                                             
                       "Sort Key": ["at.movie_id"],                                                                   
                       "Sort Method": "quicksort",                                                                    
                       "Sort Space Used": 39602,                                                                      
                       "Sort Space Type": "Memory",                                                                   
                       "Shared Hit Blocks": 2,                                                                        
                       "Shared Read Blocks": 6190,                                                                    
                       "Shared Dirtied Blocks": 0,                                                                    
                       "Shared Written Blocks": 0,                                                                    
                       "Local Hit Blocks": 0,                                                                         
                       "Local Read Blocks": 0,                                                                        
                       "Local Dirtied Blocks": 0,                                                                     
                       "Local Written Blocks": 0,                                                                     
                       "Temp Read Blocks": 0,                                                                         
                       "Temp Written Blocks": 0,                                                                      
                       "Plans": [                                                                                     
                         {                                                                                            
                           "Node Type": "Seq Scan",                                                                   
                           "Parent Relationship": "Outer",                                                            
                           "Parallel Aware": false,                                                                   
                           "Relation Name": "aka_title",                                                              
                           "Alias": "at",                                                                             
                           "Startup Cost": 0.00,                                                                      
                           "Total Cost": 219.22,                                                                      
                           "Plan Rows": 361472,                                                                       
                           "Plan Width": 25,                                                                          
                           "Actual Startup Time": 7.674,                                                              
                           "Actual Total Time": 185.034,                                                              
                           "Actual Rows": 361472,                                                                     
                           "Actual Loops": 1,                                                                         
                           "Shared Hit Blocks": 2,                                                                    
                           "Shared Read Blocks": 6190,                                                                
                           "Shared Dirtied Blocks": 0,                                                                
                           "Shared Written Blocks": 0,                                                                
                           "Local Hit Blocks": 0,                                                                     
                           "Local Read Blocks": 0,                                                                    
                           "Local Dirtied Blocks": 0,                                                                 
                           "Local Written Blocks": 0,                                                                 
                           "Temp Read Blocks": 0,                                                                     
                           "Temp Written Blocks": 0                                                                   
                         }                                                                                            
                       ]                                                                                              
                     }                                                                                                
                   ]                                                                                                  
                 }                                                                                                    
               ]                                                                                                      
             },                                                                                                       
             {                                                                                                        
               "Node Type": "Sort",                                                                                   
               "Parent Relationship": "Inner",                                                                        
               "Parallel Aware": false,                                                                               
               "Startup Cost": 393.92,                                                                                
               "Total Cost": 404.34,                                                                                  
               "Plan Rows": 134170,                                                                                   
               "Plan Width": 4,                                                                                       
               "Actual Startup Time": 125.283,                                                                        
               "Actual Total Time": 140.094,                                                                          
               "Actual Rows": 133880,                                                                                 
               "Actual Loops": 1,                                                                                     
               "Sort Key": ["k.id"],                                                                                  
               "Sort Method": "quicksort",                                                                            
               "Sort Space Used": 12434,                                                                              
               "Sort Space Type": "Memory",                                                                           
               "Shared Hit Blocks": 2,                                                                                
               "Shared Read Blocks": 947,                                                                             
               "Shared Dirtied Blocks": 0,                                                                            
               "Shared Written Blocks": 0,                                                                            
               "Local Hit Blocks": 0,                                                                                 
               "Local Read Blocks": 0,                                                                                
               "Local Dirtied Blocks": 0,                                                                             
               "Local Written Blocks": 0,                                                                             
               "Temp Read Blocks": 0,                                                                                 
               "Temp Written Blocks": 0,                                                                              
               "Plans": [                                                                                             
                 {                                                                                                    
                   "Node Type": "Seq Scan",                                                                           
                   "Parent Relationship": "Outer",                                                                    
                   "Parallel Aware": false,                                                                           
                   "Relation Name": "keyword",                                                                        
                   "Alias": "k",                                                                                      
                   "Startup Cost": 0.00,                                                                              
                   "Total Cost": 39.04,                                                                               
                   "Plan Rows": 134170,                                                                               
                   "Plan Width": 4,                                                                                   
                   "Actual Startup Time": 21.544,                                                                     
                   "Actual Total Time": 55.268,                                                                       
                   "Actual Rows": 134170,                                                                             
                   "Actual Loops": 1,                                                                                 
                   "Shared Hit Blocks": 2,                                                                            
                   "Shared Read Blocks": 947,                                                                         
                   "Shared Dirtied Blocks": 0,                                                                        
                   "Shared Written Blocks": 0,                                                                        
                   "Local Hit Blocks": 0,                                                                             
                   "Local Read Blocks": 0,                                                                            
                   "Local Dirtied Blocks": 0,                                                                         
                   "Local Written Blocks": 0,                                                                         
                   "Temp Read Blocks": 0,                                                                             
                   "Temp Written Blocks": 0                                                                           
                 }                                                                                                    
               ]                                                                                                      
             }                                                                                                        
           ]                                                                                                          
         }                                                                                                            
       ]                                                                                                              
     },                                                                                                               
     "Planning Time": 9224.251,                                                                                       
     "Triggers": [                                                                                                    
     ],                                                                                                               
     "Execution Time": 16994.461                                                                                      
