     "Plan": {                                                                                                 
       "Node Type": "Aggregate",                                                                               
       "Strategy": "Plain",                                                                                    
       "Partial Mode": "Simple",                                                                               
       "Parallel Aware": false,                                                                                
       "Startup Cost": 207012.17,                                                                              
       "Total Cost": 207012.17,                                                                                
       "Plan Rows": 1,                                                                                         
       "Plan Width": 64,                                                                                       
       "Actual Startup Time": 36705.076,                                                                       
       "Actual Total Time": 36705.076,                                                                         
       "Actual Rows": 1,                                                                                       
       "Actual Loops": 1,                                                                                      
       "Shared Hit Blocks": 24,                                                                                
       "Shared Read Blocks": 402826,                                                                           
       "Shared Dirtied Blocks": 0,                                                                             
       "Shared Written Blocks": 0,                                                                             
       "Local Hit Blocks": 0,                                                                                  
       "Local Read Blocks": 0,                                                                                 
       "Local Dirtied Blocks": 0,                                                                              
       "Local Written Blocks": 0,                                                                              
       "Temp Read Blocks": 0,                                                                                  
       "Temp Written Blocks": 0,                                                                               
       "Plans": [                                                                                              
         {                                                                                                     
           "Node Type": "Merge Join",                                                                          
           "Parent Relationship": "Outer",                                                                     
           "Parallel Aware": false,                                                                            
           "Join Type": "Inner",                                                                               
           "Startup Cost": 206998.99,                                                                          
           "Total Cost": 207012.17,                                                                            
           "Plan Rows": 19,                                                                                    
           "Plan Width": 33,                                                                                   
           "Actual Startup Time": 36697.851,                                                                   
           "Actual Total Time": 36704.934,                                                                     
           "Actual Rows": 385,                                                                                 
           "Actual Loops": 1,                                                                                  
           "Inner Unique": true,                                                                               
           "Merge Cond": "(mc.company_id = cn.id)",                                                            
           "Shared Hit Blocks": 24,                                                                            
           "Shared Read Blocks": 402826,                                                                       
           "Shared Dirtied Blocks": 0,                                                                         
           "Shared Written Blocks": 0,                                                                         
           "Local Hit Blocks": 0,                                                                              
           "Local Read Blocks": 0,                                                                             
           "Local Dirtied Blocks": 0,                                                                          
           "Local Written Blocks": 0,                                                                          
           "Temp Read Blocks": 0,                                                                              
           "Temp Written Blocks": 0,                                                                           
           "Plans": [                                                                                          
             {                                                                                                 
               "Node Type": "Sort",                                                                            
               "Parent Relationship": "Outer",                                                                 
               "Parallel Aware": false,                                                                        
               "Startup Cost": 206654.88,                                                                      
               "Total Cost": 206654.89,                                                                        
               "Plan Rows": 51,                                                                                
               "Plan Width": 37,                                                                               
               "Actual Startup Time": 36539.984,                                                               
               "Actual Total Time": 36540.085,                                                                 
               "Actual Rows": 898,                                                                             
               "Actual Loops": 1,                                                                              
               "Sort Key": ["mc.company_id"],                                                                  
               "Sort Method": "quicksort",                                                                     
               "Sort Space Used": 114,                                                                         
               "Sort Space Type": "Memory",                                                                    
               "Shared Hit Blocks": 22,                                                                        
               "Shared Read Blocks": 399834,                                                                   
               "Shared Dirtied Blocks": 0,                                                                     
               "Shared Written Blocks": 0,                                                                     
               "Local Hit Blocks": 0,                                                                          
               "Local Read Blocks": 0,                                                                         
               "Local Dirtied Blocks": 0,                                                                      
               "Local Written Blocks": 0,                                                                      
               "Temp Read Blocks": 0,                                                                          
               "Temp Written Blocks": 0,                                                                       
               "Plans": [                                                                                      
                 {                                                                                             
                   "Node Type": "Merge Join",                                                                  
                   "Parent Relationship": "Outer",                                                             
                   "Parallel Aware": false,                                                                    
                   "Join Type": "Inner",                                                                       
                   "Startup Cost": 205887.73,                                                                  
                   "Total Cost": 206654.84,                                                                    
                   "Plan Rows": 51,                                                                            
                   "Plan Width": 37,                                                                           
                   "Actual Startup Time": 35726.386,                                                           
                   "Actual Total Time": 36522.320,                                                             
                   "Actual Rows": 898,                                                                         
                   "Actual Loops": 1,                                                                          
                   "Inner Unique": true,                                                                       
                   "Merge Cond": "(an.person_id = n.id)",                                                      
                   "Shared Hit Blocks": 18,                                                                    
                   "Shared Read Blocks": 399834,                                                               
                   "Shared Dirtied Blocks": 0,                                                                 
                   "Shared Written Blocks": 0,                                                                 
                   "Local Hit Blocks": 0,                                                                      
                   "Local Read Blocks": 0,                                                                     
                   "Local Dirtied Blocks": 0,                                                                  
                   "Local Written Blocks": 0,                                                                  
                   "Temp Read Blocks": 0,                                                                      
                   "Temp Written Blocks": 0,                                                                   
                   "Plans": [                                                                                  
                     {                                                                                         
                       "Node Type": "Merge Join",                                                              
                       "Parent Relationship": "Outer",                                                         
                       "Parallel Aware": false,                                                                
                       "Join Type": "Inner",                                                                   
                       "Startup Cost": 189624.39,                                                              
                       "Total Cost": 189744.37,                                                                
                       "Plan Rows": 51,                                                                        
                       "Plan Width": 45,                                                                       
                       "Actual Startup Time": 32239.099,                                                       
                       "Actual Total Time": 32386.271,                                                         
                       "Actual Rows": 898,                                                                     
                       "Actual Loops": 1,                                                                      
                       "Inner Unique": false,                                                                  
                       "Merge Cond": "(ci.person_id = an.person_id)",                                          
                       "Shared Hit Blocks": 16,                                                                
                       "Shared Read Blocks": 344223,                                                           
                       "Shared Dirtied Blocks": 0,                                                             
                       "Shared Written Blocks": 0,                                                             
                       "Local Hit Blocks": 0,                                                                  
                       "Local Read Blocks": 0,                                                                 
                       "Local Dirtied Blocks": 0,                                                              
                       "Local Written Blocks": 0,                                                              
                       "Temp Read Blocks": 0,                                                                  
                       "Temp Written Blocks": 0,                                                               
                       "Plans": [                                                                              
                         {                                                                                     
                           "Node Type": "Sort",                                                                
                           "Parent Relationship": "Outer",                                                     
                           "Parallel Aware": false,                                                            
                           "Startup Cost": 186435.99,                                                          
                           "Total Cost": 186436.00,                                                            
                           "Plan Rows": 59,                                                                    
                           "Plan Width": 25,                                                                   
                           "Actual Startup Time": 31460.496,                                                   
                           "Actual Total Time": 31460.670,                                                     
                           "Actual Rows": 1089,                                                                
                           "Actual Loops": 1,                                                                  
                           "Sort Key": ["ci.person_id"],                                                       
                           "Sort Method": "quicksort",                                                         
                           "Sort Space Used": 138,                                                             
                           "Sort Space Type": "Memory",                                                        
                           "Shared Hit Blocks": 14,                                                            
                           "Shared Read Blocks": 332830,                                                       
                           "Shared Dirtied Blocks": 0,                                                         
                           "Shared Written Blocks": 0,                                                         
                           "Local Hit Blocks": 0,                                                              
                           "Local Read Blocks": 0,                                                             
                           "Local Dirtied Blocks": 0,                                                          
                           "Local Written Blocks": 0,                                                          
                           "Temp Read Blocks": 0,                                                              
                           "Temp Written Blocks": 0,                                                           
                           "Plans": [                                                                          
                             {                                                                                 
                               "Node Type": "Merge Join",                                                      
                               "Parent Relationship": "Outer",                                                 
                               "Parallel Aware": false,                                                        
                               "Join Type": "Inner",                                                           
                               "Startup Cost": 180392.20,                                                      
                               "Total Cost": 186435.94,                                                        
                               "Plan Rows": 59,                                                                
                               "Plan Width": 25,                                                               
                               "Actual Startup Time": 26865.102,                                               
                               "Actual Total Time": 31460.110,                                                 
                               "Actual Rows": 1089,                                                            
                               "Actual Loops": 1,                                                              
                               "Inner Unique": false,                                                          
                               "Merge Cond": "(t.id = ci.movie_id)",                                           
                               "Shared Hit Blocks": 14,                                                        
                               "Shared Read Blocks": 332830,                                                   
                               "Shared Dirtied Blocks": 0,                                                     
                               "Shared Written Blocks": 0,                                                     
                               "Local Hit Blocks": 0,                                                          
                               "Local Read Blocks": 0,                                                         
                               "Local Dirtied Blocks": 0,                                                      
                               "Local Written Blocks": 0,                                                      
                               "Temp Read Blocks": 0,                                                          
                               "Temp Written Blocks": 0,                                                       
                               "Plans": [                                                                      
                                 {                                                                             
                                   "Node Type": "Merge Join",                                                  
                                   "Parent Relationship": "Outer",                                             
                                   "Parallel Aware": false,                                                    
                                   "Join Type": "Inner",                                                       
                                   "Startup Cost": 28635.07,                                                   
                                   "Total Cost": 29050.81,                                                     
                                   "Plan Rows": 5,                                                             
                                   "Plan Width": 33,                                                           
                                   "Actual Startup Time": 5737.322,                                            
                                   "Actual Total Time": 5879.073,                                              
                                   "Actual Rows": 54,                                                          
                                   "Actual Loops": 1,                                                          
                                   "Inner Unique": false,                                                      
                                   "Merge Cond": "(t.id = mc.movie_id)",                                       
                                   "Shared Hit Blocks": 10,                                                    
                                   "Shared Read Blocks": 80180,                                                
                                   "Shared Dirtied Blocks": 0,                                                 
                                   "Shared Written Blocks": 0,                                                 
                                   "Local Hit Blocks": 0,                                                      
                                   "Local Read Blocks": 0,                                                     
                                   "Local Dirtied Blocks": 0,                                                  
                                   "Local Written Blocks": 0,                                                  
                                   "Temp Read Blocks": 0,                                                      
                                   "Temp Written Blocks": 0,                                                   
                                   "Plans": [                                                                  
                                     {                                                                         
                                       "Node Type": "Merge Join",                                              
                                       "Parent Relationship": "Outer",                                         
                                       "Parallel Aware": false,                                                
                                       "Join Type": "Inner",                                                   
                                       "Startup Cost": 19229.61,                                               
                                       "Total Cost": 19240.21,                                                 
                                       "Plan Rows": 1,                                                         
                                       "Plan Width": 25,                                                       
                                       "Actual Startup Time": 4121.919,                                        
                                       "Actual Total Time": 4146.442,                                          
                                       "Actual Rows": 146,                                                     
                                       "Actual Loops": 1,                                                      
                                       "Inner Unique": true,                                                   
                                       "Merge Cond": "(mk.movie_id = t.id)",                                   
                                       "Shared Hit Blocks": 7,                                                 
                                       "Shared Read Blocks": 61394,                                            
                                       "Shared Dirtied Blocks": 0,                                             
                                       "Shared Written Blocks": 0,                                             
                                       "Local Hit Blocks": 0,                                                  
                                       "Local Read Blocks": 0,                                                 
                                       "Local Dirtied Blocks": 0,                                              
                                       "Local Written Blocks": 0,                                              
                                       "Temp Read Blocks": 0,                                                  
                                       "Temp Written Blocks": 0,                                               
                                       "Plans": [                                                              
                                         {                                                                     
                                           "Node Type": "Sort",                                                
                                           "Parent Relationship": "Outer",                                     
                                           "Parallel Aware": false,                                            
                                           "Startup Cost": 17362.89,                                           
                                           "Total Cost": 17362.89,                                             
                                           "Plan Rows": 34,                                                    
                                           "Plan Width": 4,                                                    
                                           "Actual Startup Time": 2377.562,                                    
                                           "Actual Total Time": 2381.826,                                      
                                           "Actual Rows": 41840,                                               
                                           "Actual Loops": 1,                                                  
                                           "Sort Key": ["mk.movie_id"],                                        
                                           "Sort Method": "quicksort",                                         
                                           "Sort Space Used": 3498,                                            
                                           "Sort Space Type": "Memory",                                        
                                           "Shared Hit Blocks": 5,                                             
                                           "Shared Read Blocks": 25398,                                        
                                           "Shared Dirtied Blocks": 0,                                         
                                           "Shared Written Blocks": 0,                                         
                                           "Local Hit Blocks": 0,                                              
                                           "Local Read Blocks": 0,                                             
                                           "Local Dirtied Blocks": 0,                                          
                                           "Local Written Blocks": 0,                                          
                                           "Temp Read Blocks": 0,                                              
                                           "Temp Written Blocks": 0,                                           
                                           "Plans": [                                                          
                                             {                                                                 
                                               "Node Type": "Merge Join",                                      
                                               "Parent Relationship": "Outer",                                 
                                               "Parallel Aware": false,                                        
                                               "Join Type": "Inner",                                           
                                               "Startup Cost": 16660.38,                                       
                                               "Total Cost": 17362.86,                                         
                                               "Plan Rows": 34,                                                
                                               "Plan Width": 4,                                                
                                               "Actual Startup Time": 2350.726,                                
                                               "Actual Total Time": 2363.743,                                  
                                               "Actual Rows": 41840,                                           
                                               "Actual Loops": 1,                                              
                                               "Inner Unique": false,                                          
                                               "Merge Cond": "(k.id = mk.keyword_id)",                         
                                               "Shared Hit Blocks": 5,                                         
                                               "Shared Read Blocks": 25398,                                    
                                               "Shared Dirtied Blocks": 0,                                     
                                               "Shared Written Blocks": 0,                                     
                                               "Local Hit Blocks": 0,                                          
                                               "Local Read Blocks": 0,                                         
                                               "Local Dirtied Blocks": 0,                                      
                                               "Local Written Blocks": 0,                                      
                                               "Temp Read Blocks": 0,                                          
                                               "Temp Written Blocks": 0,                                       
                                               "Plans": [                                                      
                                                 {                                                             
                                                   "Node Type": "Sort",                                        
                                                   "Parent Relationship": "Outer",                             
                                                   "Parallel Aware": false,                                    
                                                   "Startup Cost": 49.46,                                      
                                                   "Total Cost": 49.46,                                        
                                                   "Plan Rows": 1,                                             
                                                   "Plan Width": 4,                                            
                                                   "Actual Startup Time": 83.983,                              
                                                   "Actual Total Time": 83.984,                                
                                                   "Actual Rows": 1,                                           
                                                   "Actual Loops": 1,                                          
                                                   "Sort Key": ["k.id"],                                       
                                                   "Sort Method": "quicksort",                                 
                                                   "Sort Space Used": 25,                                      
                                                   "Sort Space Type": "Memory",                                
                                                   "Shared Hit Blocks": 2,                                     
                                                   "Shared Read Blocks": 947,                                  
                                                   "Shared Dirtied Blocks": 0,                                 
                                                   "Shared Written Blocks": 0,                                 
                                                   "Local Hit Blocks": 0,                                      
                                                   "Local Read Blocks": 0,                                     
                                                   "Local Dirtied Blocks": 0,                                  
                                                   "Local Written Blocks": 0,                                  
                                                   "Temp Read Blocks": 0,                                      
                                                   "Temp Written Blocks": 0,                                   
                                                   "Plans": [                                                  
                                                     {                                                         
                                                       "Node Type": "Seq Scan",                                
                                                       "Parent Relationship": "Outer",                         
                                                       "Parallel Aware": false,                                
                                                       "Relation Name": "keyword",                             
                                                       "Alias": "k",                                           
                                                       "Startup Cost": 0.00,                                   
                                                       "Total Cost": 49.46,                                    
                                                       "Plan Rows": 1,                                         
                                                       "Plan Width": 4,                                        
                                                       "Actual Startup Time": 22.823,                          
                                                       "Actual Total Time": 83.961,                            
                                                       "Actual Rows": 1,                                       
                                                       "Actual Loops": 1,                                      
                                                       "Filter": "(keyword = 'character-name-in-title'::text)",
                                                       "Rows Removed by Filter": 134169,                       
                                                       "Shared Hit Blocks": 2,                                 
                                                       "Shared Read Blocks": 947,                              
                                                       "Shared Dirtied Blocks": 0,                             
                                                       "Shared Written Blocks": 0,                             
                                                       "Local Hit Blocks": 0,                                  
                                                       "Local Read Blocks": 0,                                 
                                                       "Local Dirtied Blocks": 0,                              
                                                       "Local Written Blocks": 0,                              
                                                       "Temp Read Blocks": 0,                                  
                                                       "Temp Written Blocks": 0                                
                                                     }                                                         
                                                   ]                                                           
                                                 },                                                            
                                                 {                                                             
                                                   "Node Type": "Sort",                                        
                                                   "Parent Relationship": "Inner",                             
                                                   "Parallel Aware": false,                                    
                                                   "Startup Cost": 16610.92,                                   
                                                   "Total Cost": 16962.16,                                     
                                                   "Plan Rows": 4523930,                                       
                                                   "Plan Width": 8,                                            
                                                   "Actual Startup Time": 2232.545,                            
                                                   "Actual Total Time": 2257.736,                              
                                                   "Actual Rows": 163762,                                      
                                                   "Actual Loops": 1,                                          
                                                   "Sort Key": ["mk.keyword_id"],                              
                                                   "Sort Method": "quicksort",                                 
                                                   "Sort Space Used": 408668,                                  
                                                   "Sort Space Type": "Memory",                                
                                                   "Shared Hit Blocks": 3,                                     
                                                   "Shared Read Blocks": 24451,                                
                                                   "Shared Dirtied Blocks": 0,                                 
                                                   "Shared Written Blocks": 0,                                 
                                                   "Local Hit Blocks": 0,                                      
                                                   "Local Read Blocks": 0,                                     
                                                   "Local Dirtied Blocks": 0,                                  
                                                   "Local Written Blocks": 0,                                  
                                                   "Temp Read Blocks": 0,                                      
                                                   "Temp Written Blocks": 0,                                   
                                                   "Plans": [                                                  
                                                     {                                                         
                                                       "Node Type": "Seq Scan",                                
                                                       "Parent Relationship": "Outer",                         
                                                       "Parallel Aware": false,                                
                                                       "Relation Name": "movie_keyword",                       
                                                       "Alias": "mk",                                          
                                                       "Startup Cost": 0.00,                                   
                                                       "Total Cost": 1079.84,                                  
                                                       "Plan Rows": 4523930,                                   
                                                       "Plan Width": 8,                                        
                                                       "Actual Startup Time": 0.008,                           
                                                       "Actual Total Time": 794.218,                           
                                                       "Actual Rows": 4523930,                                 
                                                       "Actual Loops": 1,                                      
                                                       "Shared Hit Blocks": 3,                                 
                                                       "Shared Read Blocks": 24451,                            
                                                       "Shared Dirtied Blocks": 0,                             
                                                       "Shared Written Blocks": 0,                             
                                                       "Local Hit Blocks": 0,                                  
                                                       "Local Read Blocks": 0,                                 
                                                       "Local Dirtied Blocks": 0,                              
                                                       "Local Written Blocks": 0,                              
                                                       "Temp Read Blocks": 0,                                  
                                                       "Temp Written Blocks": 0                                
                                                     }                                                         
                                                   ]                                                           
                                                 }                                                             
                                               ]                                                               
                                             }                                                                 
                                           ]                                                                   
                                         },                                                                    
                                         {                                                                     
                                           "Node Type": "Sort",                                                
                                           "Parent Relationship": "Inner",                                     
                                           "Parallel Aware": false,                                            
                                           "Startup Cost": 1866.73,                                            
                                           "Total Cost": 1872.03,                                              
                                           "Plan Rows": 68245,                                                 
                                           "Plan Width": 21,                                                   
                                           "Actual Startup Time": 1743.092,                                    
                                           "Actual Total Time": 1750.799,                                      
                                           "Actual Rows": 68188,                                               
                                           "Actual Loops": 1,                                                  
                                           "Sort Key": ["t.id"],                                               
                                           "Sort Method": "quicksort",                                         
                                           "Sort Space Used": 7253,                                            
                                           "Sort Space Type": "Memory",                                        
                                           "Shared Hit Blocks": 2,                                             
                                           "Shared Read Blocks": 35996,                                        
                                           "Shared Dirtied Blocks": 0,                                         
                                           "Shared Written Blocks": 0,                                         
                                           "Local Hit Blocks": 0,                                              
                                           "Local Read Blocks": 0,                                             
                                           "Local Dirtied Blocks": 0,                                          
                                           "Local Written Blocks": 0,                                          
                                           "Temp Read Blocks": 0,                                              
                                           "Temp Written Blocks": 0,                                           
                                           "Plans": [                                                          
                                             {                                                                 
                                               "Node Type": "Seq Scan",                                        
                                               "Parent Relationship": "Outer",                                 
                                               "Parallel Aware": false,                                        
                                               "Relation Name": "title",                                       
                                               "Alias": "t",                                                   
                                               "Startup Cost": 0.00,                                           
                                               "Total Cost": 1696.56,                                          
                                               "Plan Rows": 68245,                                             
                                               "Plan Width": 21,                                               
                                               "Actual Startup Time": 0.018,                                   
                                               "Actual Total Time": 1680.877,                                  
                                               "Actual Rows": 68245,                                           
                                               "Actual Loops": 1,                                              
                                               "Filter": "((episode_nr >= 50) AND (episode_nr < 100))",        
                                               "Rows Removed by Filter": 2460067,                              
                                               "Shared Hit Blocks": 2,                                         
                                               "Shared Read Blocks": 35996,                                    
                                               "Shared Dirtied Blocks": 0,                                     
                                               "Shared Written Blocks": 0,                                     
                                               "Local Hit Blocks": 0,                                          
                                               "Local Read Blocks": 0,                                         
                                               "Local Dirtied Blocks": 0,                                      
                                               "Local Written Blocks": 0,                                      
                                               "Temp Read Blocks": 0,                                          
                                               "Temp Written Blocks": 0                                        
                                             }                                                                 
                                           ]                                                                   
                                         }                                                                     
                                       ]                                                                       
                                     },                                                                        
                                     {                                                                         
                                       "Node Type": "Sort",                                                    
                                       "Parent Relationship": "Inner",                                         
                                       "Parallel Aware": false,                                                
                                       "Startup Cost": 9405.45,                                                
                                       "Total Cost": 9608.03,                                                  
                                       "Plan Rows": 2609129,                                                   
                                       "Plan Width": 8,                                                        
                                       "Actual Startup Time": 1608.181,                                        
                                       "Actual Total Time": 1648.470,                                          
                                       "Actual Rows": 899454,                                                  
                                       "Actual Loops": 1,                                                      
                                       "Sort Key": ["mc.movie_id"],                                            
                                       "Sort Method": "quicksort",                                             
                                       "Sort Space Used": 220607,                                              
                                       "Sort Space Type": "Memory",                                            
                                       "Shared Hit Blocks": 3,                                                 
                                       "Shared Read Blocks": 18786,                                            
                                       "Shared Dirtied Blocks": 0,                                             
                                       "Shared Written Blocks": 0,                                             
                                       "Local Hit Blocks": 0,                                                  
                                       "Local Read Blocks": 0,                                                 
                                       "Local Dirtied Blocks": 0,                                              
                                       "Local Written Blocks": 0,                                              
                                       "Temp Read Blocks": 0,                                                  
                                       "Temp Written Blocks": 0,                                               
                                       "Plans": [                                                              
                                         {                                                                     
                                           "Node Type": "Seq Scan",                                            
                                           "Parent Relationship": "Outer",                                     
                                           "Parallel Aware": false,                                            
                                           "Relation Name": "movie_companies",                                 
                                           "Alias": "mc",                                                      
                                           "Startup Cost": 0.00,                                               
                                           "Total Cost": 769.75,                                               
                                           "Plan Rows": 2609129,                                               
                                           "Plan Width": 8,                                                    
                                           "Actual Startup Time": 0.011,                                       
                                           "Actual Total Time": 660.208,                                       
                                           "Actual Rows": 2609129,                                             
                                           "Actual Loops": 1,                                                  
                                           "Shared Hit Blocks": 3,                                             
                                           "Shared Read Blocks": 18786,                                        
                                           "Shared Dirtied Blocks": 0,                                         
                                           "Shared Written Blocks": 0,                                         
                                           "Local Hit Blocks": 0,                                              
                                           "Local Read Blocks": 0,                                             
                                           "Local Dirtied Blocks": 0,                                          
                                           "Local Written Blocks": 0,                                          
                                           "Temp Read Blocks": 0,                                              
                                           "Temp Written Blocks": 0                                            
                                         }                                                                     
                                       ]                                                                       
                                     }                                                                         
                                   ]                                                                           
                                 },                                                                            
                                 {                                                                             
                                   "Node Type": "Sort",                                                        
                                   "Parent Relationship": "Inner",                                             
                                   "Parallel Aware": false,                                                    
                                   "Startup Cost": 151757.13,                                                  
                                   "Total Cost": 154571.13,                                                    
                                   "Plan Rows": 36244344,                                                      
                                   "Plan Width": 8,                                                            
                                   "Actual Startup Time": 20825.380,                                           
                                   "Actual Total Time": 22918.028,                                             
                                   "Actual Rows": 21924854,                                                    
                                   "Actual Loops": 1,                                                          
                                   "Sort Key": ["ci.movie_id"],                                                
                                   "Sort Method": "quicksort",                                                 
                                   "Sort Space Used": 3271818,                                                 
                                   "Sort Space Type": "Memory",                                                
                                   "Shared Hit Blocks": 4,                                                     
                                   "Shared Read Blocks": 252650,                                               
                                   "Shared Dirtied Blocks": 0,                                                 
                                   "Shared Written Blocks": 0,                                                 
                                   "Local Hit Blocks": 0,                                                      
                                   "Local Read Blocks": 0,                                                     
                                   "Local Dirtied Blocks": 0,                                                  
                                   "Local Written Blocks": 0,                                                  
                                   "Temp Read Blocks": 0,                                                      
                                   "Temp Written Blocks": 0,                                                   
                                   "Plans": [                                                                  
                                     {                                                                         
                                       "Node Type": "Seq Scan",                                                
                                       "Parent Relationship": "Outer",                                         
                                       "Parallel Aware": false,                                                
                                       "Relation Name": "cast_info",                                           
                                       "Alias": "ci",                                                          
                                       "Startup Cost": 0.00,                                                   
                                       "Total Cost": 10431.00,                                                 
                                       "Plan Rows": 36244344,                                                  
                                       "Plan Width": 8,                                                        
                                       "Actual Startup Time": 0.014,                                           
                                       "Actual Total Time": 6699.695,                                          
                                       "Actual Rows": 36244344,                                                
                                       "Actual Loops": 1,                                                      
                                       "Shared Hit Blocks": 4,                                                 
                                       "Shared Read Blocks": 252650,                                           
                                       "Shared Dirtied Blocks": 0,                                             
                                       "Shared Written Blocks": 0,                                             
                                       "Local Hit Blocks": 0,                                                  
                                       "Local Read Blocks": 0,                                                 
                                       "Local Dirtied Blocks": 0,                                              
                                       "Local Written Blocks": 0,                                              
                                       "Temp Read Blocks": 0,                                                  
                                       "Temp Written Blocks": 0                                                
                                     }                                                                         
                                   ]                                                                           
                                 }                                                                             
                               ]                                                                               
                             }                                                                                 
                           ]                                                                                   
                         },                                                                                    
                         {                                                                                     
                           "Node Type": "Sort",                                                                
                           "Parent Relationship": "Inner",                                                     
                           "Parallel Aware": false,                                                            
                           "Startup Cost": 3188.40,                                                            
                           "Total Cost": 3258.38,                                                              
                           "Plan Rows": 901343,                                                                
                           "Plan Width": 20,                                                                   
                           "Actual Startup Time": 778.272,                                                     
                           "Actual Total Time": 837.984,                                                       
                           "Actual Rows": 772669,                                                              
                           "Actual Loops": 1,                                                                  
                           "Sort Key": ["an.person_id"],                                                       
                           "Sort Method": "quicksort",                                                         
                           "Sort Space Used": 89763,                                                           
                           "Sort Space Type": "Memory",                                                        
                           "Shared Hit Blocks": 2,                                                             
                           "Shared Read Blocks": 11393,                                                        
                           "Shared Dirtied Blocks": 0,                                                         
                           "Shared Written Blocks": 0,                                                         
                           "Local Hit Blocks": 0,                                                              
                           "Local Read Blocks": 0,                                                             
                           "Local Dirtied Blocks": 0,                                                          
                           "Local Written Blocks": 0,                                                          
                           "Temp Read Blocks": 0,                                                              
                           "Temp Written Blocks": 0,                                                           
                           "Plans": [                                                                          
                             {                                                                                 
                               "Node Type": "Seq Scan",                                                        
                               "Parent Relationship": "Outer",                                                 
                               "Parallel Aware": false,                                                        
                               "Relation Name": "aka_name",                                                    
                               "Alias": "an",                                                                  
                               "Startup Cost": 0.00,                                                           
                               "Total Cost": 419.75,                                                           
                               "Plan Rows": 901343,                                                            
                               "Plan Width": 20,                                                               
                               "Actual Startup Time": 0.015,                                                   
                               "Actual Total Time": 331.986,                                                   
                               "Actual Rows": 901343,                                                          
                               "Actual Loops": 1,                                                              
                               "Shared Hit Blocks": 2,                                                         
                               "Shared Read Blocks": 11393,                                                    
                               "Shared Dirtied Blocks": 0,                                                     
                               "Shared Written Blocks": 0,                                                     
                               "Local Hit Blocks": 0,                                                          
                               "Local Read Blocks": 0,                                                         
                               "Local Dirtied Blocks": 0,                                                      
                               "Local Written Blocks": 0,                                                      
                               "Temp Read Blocks": 0,                                                          
                               "Temp Written Blocks": 0                                                        
                             }                                                                                 
                           ]                                                                                   
                         }                                                                                     
                       ]                                                                                       
                     },                                                                                        
                     {                                                                                         
                       "Node Type": "Sort",                                                                    
                       "Parent Relationship": "Inner",                                                         
                       "Parallel Aware": false,                                                                
                       "Startup Cost": 16263.33,                                                               
                       "Total Cost": 16586.90,                                                                 
                       "Plan Rows": 4167491,                                                                   
                       "Plan Width": 4,                                                                        
                       "Actual Startup Time": 3485.637,                                                        
                       "Actual Total Time": 3749.900,                                                          
                       "Actual Rows": 4059774,                                                                 
                       "Actual Loops": 1,                                                                      
                       "Sort Key": ["n.id"],                                                                   
                       "Sort Method": "quicksort",                                                             
                       "Sort Space Used": 293656,                                                              
                       "Sort Space Type": "Memory",                                                            
                       "Shared Hit Blocks": 2,                                                                 
                       "Shared Read Blocks": 55611,                                                            
                       "Shared Dirtied Blocks": 0,                                                             
                       "Shared Written Blocks": 0,                                                             
                       "Local Hit Blocks": 0,                                                                  
                       "Local Read Blocks": 0,                                                                 
                       "Local Dirtied Blocks": 0,                                                              
                       "Local Written Blocks": 0,                                                              
                       "Temp Read Blocks": 0,                                                                  
                       "Temp Written Blocks": 0,                                                               
                       "Plans": [                                                                              
                         {                                                                                     
                           "Node Type": "Seq Scan",                                                            
                           "Parent Relationship": "Outer",                                                     
                           "Parallel Aware": false,                                                            
                           "Relation Name": "name",                                                            
                           "Alias": "n",                                                                       
                           "Startup Cost": 0.00,                                                               
                           "Total Cost": 2032.56,                                                              
                           "Plan Rows": 4167491,                                                               
                           "Plan Width": 4,                                                                    
                           "Actual Startup Time": 6.823,                                                       
                           "Actual Total Time": 1639.041,                                                      
                           "Actual Rows": 4167491,                                                             
                           "Actual Loops": 1,                                                                  
                           "Shared Hit Blocks": 2,                                                             
                           "Shared Read Blocks": 55611,                                                        
                           "Shared Dirtied Blocks": 0,                                                         
                           "Shared Written Blocks": 0,                                                         
                           "Local Hit Blocks": 0,                                                              
                           "Local Read Blocks": 0,                                                             
                           "Local Dirtied Blocks": 0,                                                          
                           "Local Written Blocks": 0,                                                          
                           "Temp Read Blocks": 0,                                                              
                           "Temp Written Blocks": 0                                                            
                         }                                                                                     
                       ]                                                                                       
                     }                                                                                         
                   ]                                                                                           
                 }                                                                                             
               ]                                                                                               
             },                                                                                                
             {                                                                                                 
               "Node Type": "Sort",                                                                            
               "Parent Relationship": "Inner",                                                                 
               "Parallel Aware": false,                                                                        
               "Startup Cost": 344.10,                                                                         
               "Total Cost": 350.69,                                                                           
               "Plan Rows": 84843,                                                                             
               "Plan Width": 4,                                                                                
               "Actual Startup Time": 157.858,                                                                 
               "Actual Total Time": 161.320,                                                                   
               "Actual Rows": 31528,                                                                           
               "Actual Loops": 1,                                                                              
               "Sort Key": ["cn.id"],                                                                          
               "Sort Method": "quicksort",                                                                     
               "Sort Space Used": 7050,                                                                        
               "Sort Space Type": "Memory",                                                                    
               "Shared Hit Blocks": 2,                                                                         
               "Shared Read Blocks": 2992,                                                                     
               "Shared Dirtied Blocks": 0,                                                                     
               "Shared Written Blocks": 0,                                                                     
               "Local Hit Blocks": 0,                                                                          
               "Local Read Blocks": 0,                                                                         
               "Local Dirtied Blocks": 0,                                                                      
               "Local Written Blocks": 0,                                                                      
               "Temp Read Blocks": 0,                                                                          
               "Temp Written Blocks": 0,                                                                       
               "Plans": [                                                                                      
                 {                                                                                             
                   "Node Type": "Seq Scan",                                                                    
                   "Parent Relationship": "Outer",                                                             
                   "Parallel Aware": false,                                                                    
                   "Relation Name": "company_name",                                                            
                   "Alias": "cn",                                                                              
                   "Startup Cost": 0.00,                                                                       
                   "Total Cost": 128.41,                                                                       
                   "Plan Rows": 84843,                                                                         
                   "Plan Width": 4,                                                                            
                   "Actual Startup Time": 4.213,                                                               
                   "Actual Total Time": 113.846,                                                               
                   "Actual Rows": 84843,                                                                       
                   "Actual Loops": 1,                                                                          
                   "Filter": "((country_code)::text = '[us]'::text)",                                          
                   "Rows Removed by Filter": 150154,                                                           
                   "Shared Hit Blocks": 2,                                                                     
                   "Shared Read Blocks": 2992,                                                                 
                   "Shared Dirtied Blocks": 0,                                                                 
                   "Shared Written Blocks": 0,                                                                 
                   "Local Hit Blocks": 0,                                                                      
                   "Local Read Blocks": 0,                                                                     
                   "Local Dirtied Blocks": 0,                                                                  
                   "Local Written Blocks": 0,                                                                  
                   "Temp Read Blocks": 0,                                                                      
                   "Temp Written Blocks": 0                                                                    
                 }                                                                                             
               ]                                                                                               
             }                                                                                                 
           ]                                                                                                   
         }                                                                                                     
       ]                                                                                                       
     },                                                                                                        
     "Planning Time": 7559.447,                                                                                
     "Triggers": [                                                                                             
     ],                                                                                                        
     "Execution Time": 36848.666                                                                               
