 [                                                                                                                 
   {                                                                                                               
     "Plan": {                                                                                                     
       "Node Type": "Aggregate",                                                                                   
       "Strategy": "Plain",                                                                                        
       "Partial Mode": "Simple",                                                                                   
       "Parallel Aware": false,                                                                                    
       "Startup Cost": 215183.28,                                                                                  
       "Total Cost": 215183.28,                                                                                    
       "Plan Rows": 1,                                                                                             
       "Plan Width": 64,                                                                                           
       "Actual Startup Time": 47303.423,                                                                           
       "Actual Total Time": 47303.423,                                                                             
       "Actual Rows": 1,                                                                                           
       "Actual Loops": 1,                                                                                          
       "Shared Hit Blocks": 23,                                                                                    
       "Shared Read Blocks": 402827,                                                                               
       "Shared Dirtied Blocks": 0,                                                                                 
       "Shared Written Blocks": 0,                                                                                 
       "Local Hit Blocks": 0,                                                                                      
       "Local Read Blocks": 0,                                                                                     
       "Local Dirtied Blocks": 0,                                                                                  
       "Local Written Blocks": 0,                                                                                  
       "Temp Read Blocks": 0,                                                                                      
       "Temp Written Blocks": 0,                                                                                   
       "Plans": [                                                                                                  
         {                                                                                                         
           "Node Type": "Merge Join",                                                                              
           "Parent Relationship": "Outer",                                                                         
           "Parallel Aware": false,                                                                                
           "Join Type": "Inner",                                                                                   
           "Startup Cost": 214415.81,                                                                              
           "Total Cost": 215183.18,                                                                                
           "Plan Rows": 686,                                                                                       
           "Plan Width": 33,                                                                                       
           "Actual Startup Time": 43109.438,                                                                       
           "Actual Total Time": 46477.567,                                                                         
           "Actual Rows": 3710592,                                                                                 
           "Actual Loops": 1,                                                                                      
           "Inner Unique": true,                                                                                   
           "Merge Cond": "(an.person_id = n.id)",                                                                  
           "Shared Hit Blocks": 23,                                                                                
           "Shared Read Blocks": 402827,                                                                           
           "Shared Dirtied Blocks": 0,                                                                             
           "Shared Written Blocks": 0,                                                                             
           "Local Hit Blocks": 0,                                                                                  
           "Local Read Blocks": 0,                                                                                 
           "Local Dirtied Blocks": 0,                                                                              
           "Local Written Blocks": 0,                                                                              
           "Temp Read Blocks": 0,                                                                                  
           "Temp Written Blocks": 0,                                                                               
           "Plans": [                                                                                              
             {                                                                                                     
               "Node Type": "Merge Join",                                                                          
               "Parent Relationship": "Outer",                                                                     
               "Parallel Aware": false,                                                                            
               "Join Type": "Inner",                                                                               
               "Startup Cost": 198152.48,                                                                          
               "Total Cost": 198272.62,                                                                            
               "Plan Rows": 686,                                                                                   
               "Plan Width": 41,                                                                                   
               "Actual Startup Time": 39626.836,                                                                   
               "Actual Total Time": 41541.275,                                                                     
               "Actual Rows": 3710592,                                                                             
               "Actual Loops": 1,                                                                                  
               "Inner Unique": false,                                                                              
               "Merge Cond": "(ci.person_id = an.person_id)",                                                      
               "Shared Hit Blocks": 21,                                                                            
               "Shared Read Blocks": 347216,                                                                       
               "Shared Dirtied Blocks": 0,                                                                         
               "Shared Written Blocks": 0,                                                                         
               "Local Hit Blocks": 0,                                                                              
               "Local Read Blocks": 0,                                                                             
               "Local Dirtied Blocks": 0,                                                                          
               "Local Written Blocks": 0,                                                                          
               "Temp Read Blocks": 0,                                                                              
               "Temp Written Blocks": 0,                                                                           
               "Plans": [                                                                                          
                 {                                                                                                 
                   "Node Type": "Sort",                                                                            
                   "Parent Relationship": "Outer",                                                                 
                   "Parallel Aware": false,                                                                        
                   "Startup Cost": 194964.08,                                                                      
                   "Total Cost": 194964.14,                                                                        
                   "Plan Rows": 789,                                                                               
                   "Plan Width": 21,                                                                               
                   "Actual Startup Time": 38855.866,                                                               
                   "Actual Total Time": 39298.352,                                                                 
                   "Actual Rows": 2832555,                                                                         
                   "Actual Loops": 1,                                                                              
                   "Sort Key": ["ci.person_id"],                                                                   
                   "Sort Method": "quicksort",                                                                     
                   "Sort Space Used": 302846,                                                                      
                   "Sort Space Type": "Memory",                                                                    
                   "Shared Hit Blocks": 19,                                                                        
                   "Shared Read Blocks": 335823,                                                                   
                   "Shared Dirtied Blocks": 0,                                                                     
                   "Shared Written Blocks": 0,                                                                     
                   "Local Hit Blocks": 0,                                                                          
                   "Local Read Blocks": 0,                                                                         
                   "Local Dirtied Blocks": 0,                                                                      
                   "Local Written Blocks": 0,                                                                      
                   "Temp Read Blocks": 0,                                                                          
                   "Temp Written Blocks": 0,                                                                       
                   "Plans": [                                                                                      
                     {                                                                                             
                       "Node Type": "Merge Join",                                                                  
                       "Parent Relationship": "Outer",                                                             
                       "Parallel Aware": false,                                                                    
                       "Join Type": "Inner",                                                                       
                       "Startup Cost": 188942.59,                                                                  
                       "Total Cost": 194962.90,                                                                    
                       "Plan Rows": 789,                                                                           
                       "Plan Width": 21,                                                                           
                       "Actual Startup Time": 27666.426,                                                           
                       "Actual Total Time": 37760.654,                                                             
                       "Actual Rows": 2832555,                                                                     
                       "Actual Loops": 1,                                                                          
                       "Inner Unique": false,                                                                      
                       "Merge Cond": "(t.id = ci.movie_id)",                                                       
                       "Shared Hit Blocks": 15,                                                                    
                       "Shared Read Blocks": 335823,                                                               
                       "Shared Dirtied Blocks": 0,                                                                 
                       "Shared Written Blocks": 0,                                                                 
                       "Local Hit Blocks": 0,                                                                      
                       "Local Read Blocks": 0,                                                                     
                       "Local Dirtied Blocks": 0,                                                                  
                       "Local Written Blocks": 0,                                                                  
                       "Temp Read Blocks": 0,                                                                      
                       "Temp Written Blocks": 0,                                                                   
                       "Plans": [                                                                                  
                         {                                                                                         
                           "Node Type": "Merge Join",                                                              
                           "Parent Relationship": "Outer",                                                         
                           "Parallel Aware": false,                                                                
                           "Join Type": "Inner",                                                                   
                           "Startup Cost": 37185.46,                                                               
                           "Total Cost": 37577.70,                                                                 
                           "Plan Rows": 68,                                                                        
                           "Plan Width": 29,                                                                       
                           "Actual Startup Time": 6875.559,                                                        
                           "Actual Total Time": 7642.429,                                                          
                           "Actual Rows": 68316,                                                                   
                           "Actual Loops": 1,                                                                      
                           "Inner Unique": true,                                                                   
                           "Merge Cond": "(mk.movie_id = t.id)",                                                   
                           "Shared Hit Blocks": 11,                                                                
                           "Shared Read Blocks": 83173,                                                            
                           "Shared Dirtied Blocks": 0,                                                             
                           "Shared Written Blocks": 0,                                                             
                           "Local Hit Blocks": 0,                                                                  
                           "Local Read Blocks": 0,                                                                 
                           "Local Dirtied Blocks": 0,                                                              
                           "Local Written Blocks": 0,                                                              
                           "Temp Read Blocks": 0,                                                                  
                           "Temp Written Blocks": 0,                                                               
                           "Plans": [                                                                              
                             {                                                                                     
                               "Node Type": "Sort",                                                                
                               "Parent Relationship": "Outer",                                                     
                               "Parallel Aware": false,                                                            
                               "Startup Cost": 27531.10,                                                           
                               "Total Cost": 27531.11,                                                             
                               "Plan Rows": 68,                                                                    
                               "Plan Width": 8,                                                                    
                               "Actual Startup Time": 4564.050,                                                    
                               "Actual Total Time": 4575.338,                                                      
                               "Actual Rows": 68316,                                                               
                               "Actual Loops": 1,                                                                  
                               "Sort Key": ["mc.movie_id"],                                                        
                               "Sort Method": "quicksort",                                                         
                               "Sort Space Used": 6275,                                                            
                               "Sort Space Type": "Memory",                                                        
                               "Shared Hit Blocks": 10,                                                            
                               "Shared Read Blocks": 47176,                                                        
                               "Shared Dirtied Blocks": 0,                                                         
                               "Shared Written Blocks": 0,                                                         
                               "Local Hit Blocks": 0,                                                              
                               "Local Read Blocks": 0,                                                             
                               "Local Dirtied Blocks": 0,                                                          
                               "Local Written Blocks": 0,                                                          
                               "Temp Read Blocks": 0,                                                              
                               "Temp Written Blocks": 0,                                                           
                               "Plans": [                                                                          
                                 {                                                                                 
                                   "Node Type": "Merge Join",                                                      
                                   "Parent Relationship": "Outer",                                                 
                                   "Parallel Aware": false,                                                        
                                   "Join Type": "Inner",                                                           
                                   "Startup Cost": 27517.83,                                                       
                                   "Total Cost": 27531.04,                                                         
                                   "Plan Rows": 68,                                                                
                                   "Plan Width": 8,                                                                
                                   "Actual Startup Time": 4477.833,                                                
                                   "Actual Total Time": 4540.484,                                                  
                                   "Actual Rows": 68316,                                                           
                                   "Actual Loops": 1,                                                              
                                   "Inner Unique": true,                                                           
                                   "Merge Cond": "(mc.company_id = cn.id)",                                        
                                   "Shared Hit Blocks": 10,                                                        
                                   "Shared Read Blocks": 47176,                                                    
                                   "Shared Dirtied Blocks": 0,                                                     
                                   "Shared Written Blocks": 0,                                                     
                                   "Local Hit Blocks": 0,                                                          
                                   "Local Read Blocks": 0,                                                         
                                   "Local Dirtied Blocks": 0,                                                      
                                   "Local Written Blocks": 0,                                                      
                                   "Temp Read Blocks": 0,                                                          
                                   "Temp Written Blocks": 0,                                                       
                                   "Plans": [                                                                      
                                     {                                                                             
                                       "Node Type": "Sort",                                                        
                                       "Parent Relationship": "Outer",                                             
                                       "Parallel Aware": false,                                                    
                                       "Startup Cost": 27173.73,                                                   
                                       "Total Cost": 27173.74,                                                     
                                       "Plan Rows": 190,                                                           
                                       "Plan Width": 12,                                                           
                                       "Actual Startup Time": 4317.186,                                            
                                       "Actual Total Time": 4333.850,                                              
                                       "Actual Rows": 148552,                                                      
                                       "Actual Loops": 1,                                                          
                                       "Sort Key": ["mc.company_id"],                                              
                                       "Sort Method": "quicksort",                                                 
                                       "Sort Space Used": 13108,                                                   
                                       "Sort Space Type": "Memory",                                                
                                       "Shared Hit Blocks": 8,                                                     
                                       "Shared Read Blocks": 44184,                                                
                                       "Shared Dirtied Blocks": 0,                                                 
                                       "Shared Written Blocks": 0,                                                 
                                       "Local Hit Blocks": 0,                                                      
                                       "Local Read Blocks": 0,                                                     
                                       "Local Dirtied Blocks": 0,                                                  
                                       "Local Written Blocks": 0,                                                  
                                       "Temp Read Blocks": 0,                                                      
                                       "Temp Written Blocks": 0,                                                   
                                       "Plans": [                                                                  
                                         {                                                                         
                                           "Node Type": "Merge Join",                                              
                                           "Parent Relationship": "Outer",                                         
                                           "Parallel Aware": false,                                                
                                           "Join Type": "Inner",                                                   
                                           "Startup Cost": 26768.34,                                               
                                           "Total Cost": 27173.50,                                                 
                                           "Plan Rows": 190,                                                       
                                           "Plan Width": 12,                                                       
                                           "Actual Startup Time": 3877.125,                                        
                                           "Actual Total Time": 4269.191,                                          
                                           "Actual Rows": 148552,                                                  
                                           "Actual Loops": 1,                                                      
                                           "Inner Unique": false,                                                  
                                           "Merge Cond": "(mk.movie_id = mc.movie_id)",                            
                                           "Shared Hit Blocks": 8,                                                 
                                           "Shared Read Blocks": 44184,                                            
                                           "Shared Dirtied Blocks": 0,                                             
                                           "Shared Written Blocks": 0,                                             
                                           "Local Hit Blocks": 0,                                                  
                                           "Local Read Blocks": 0,                                                 
                                           "Local Dirtied Blocks": 0,                                              
                                           "Local Written Blocks": 0,                                              
                                           "Temp Read Blocks": 0,                                                  
                                           "Temp Written Blocks": 0,                                               
                                           "Plans": [                                                              
                                             {                                                                     
                                               "Node Type": "Sort",                                                
                                               "Parent Relationship": "Outer",                                     
                                               "Parallel Aware": false,                                            
                                               "Startup Cost": 17362.89,                                           
                                               "Total Cost": 17362.89,                                             
                                               "Plan Rows": 34,                                                    
                                               "Plan Width": 4,                                                    
                                               "Actual Startup Time": 2375.317,                                    
                                               "Actual Total Time": 2379.470,                                      
                                               "Actual Rows": 41839,                                               
                                               "Actual Loops": 1,                                                  
                                               "Sort Key": ["mk.movie_id"],                                        
                                               "Sort Method": "quicksort",                                         
                                               "Sort Space Used": 3498,                                            
                                               "Sort Space Type": "Memory",                                        
                                               "Shared Hit Blocks": 5,                                             
                                               "Shared Read Blocks": 25398,                                        
                                               "Shared Dirtied Blocks": 0,                                         
                                               "Shared Written Blocks": 0,                                         
                                               "Local Hit Blocks": 0,                                              
                                               "Local Read Blocks": 0,                                             
                                               "Local Dirtied Blocks": 0,                                          
                                               "Local Written Blocks": 0,                                          
                                               "Temp Read Blocks": 0,                                              
                                               "Temp Written Blocks": 0,                                           
                                               "Plans": [                                                          
                                                 {                                                                 
                                                   "Node Type": "Merge Join",                                      
                                                   "Parent Relationship": "Outer",                                 
                                                   "Parallel Aware": false,                                        
                                                   "Join Type": "Inner",                                           
                                                   "Startup Cost": 16660.38,                                       
                                                   "Total Cost": 17362.86,                                         
                                                   "Plan Rows": 34,                                                
                                                   "Plan Width": 4,                                                
                                                   "Actual Startup Time": 2348.283,                                
                                                   "Actual Total Time": 2361.444,                                  
                                                   "Actual Rows": 41840,                                           
                                                   "Actual Loops": 1,                                              
                                                   "Inner Unique": false,                                          
                                                   "Merge Cond": "(k.id = mk.keyword_id)",                         
                                                   "Shared Hit Blocks": 5,                                         
                                                   "Shared Read Blocks": 25398,                                    
                                                   "Shared Dirtied Blocks": 0,                                     
                                                   "Shared Written Blocks": 0,                                     
                                                   "Local Hit Blocks": 0,                                          
                                                   "Local Read Blocks": 0,                                         
                                                   "Local Dirtied Blocks": 0,                                      
                                                   "Local Written Blocks": 0,                                      
                                                   "Temp Read Blocks": 0,                                          
                                                   "Temp Written Blocks": 0,                                       
                                                   "Plans": [                                                      
                                                     {                                                             
                                                       "Node Type": "Sort",                                        
                                                       "Parent Relationship": "Outer",                             
                                                       "Parallel Aware": false,                                    
                                                       "Startup Cost": 49.46,                                      
                                                       "Total Cost": 49.46,                                        
                                                       "Plan Rows": 1,                                             
                                                       "Plan Width": 4,                                            
                                                       "Actual Startup Time": 83.176,                              
                                                       "Actual Total Time": 83.177,                                
                                                       "Actual Rows": 1,                                           
                                                       "Actual Loops": 1,                                          
                                                       "Sort Key": ["k.id"],                                       
                                                       "Sort Method": "quicksort",                                 
                                                       "Sort Space Used": 25,                                      
                                                       "Sort Space Type": "Memory",                                
                                                       "Shared Hit Blocks": 2,                                     
                                                       "Shared Read Blocks": 947,                                  
                                                       "Shared Dirtied Blocks": 0,                                 
                                                       "Shared Written Blocks": 0,                                 
                                                       "Local Hit Blocks": 0,                                      
                                                       "Local Read Blocks": 0,                                     
                                                       "Local Dirtied Blocks": 0,                                  
                                                       "Local Written Blocks": 0,                                  
                                                       "Temp Read Blocks": 0,                                      
                                                       "Temp Written Blocks": 0,                                   
                                                       "Plans": [                                                  
                                                         {                                                         
                                                           "Node Type": "Seq Scan",                                
                                                           "Parent Relationship": "Outer",                         
                                                           "Parallel Aware": false,                                
                                                           "Relation Name": "keyword",                             
                                                           "Alias": "k",                                           
                                                           "Startup Cost": 0.00,                                   
                                                           "Total Cost": 49.46,                                    
                                                           "Plan Rows": 1,                                         
                                                           "Plan Width": 4,                                        
                                                           "Actual Startup Time": 22.871,                          
                                                           "Actual Total Time": 83.157,                            
                                                           "Actual Rows": 1,                                       
                                                           "Actual Loops": 1,                                      
                                                           "Filter": "(keyword = 'character-name-in-title'::text)",
                                                           "Rows Removed by Filter": 134169,                       
                                                           "Shared Hit Blocks": 2,                                 
                                                           "Shared Read Blocks": 947,                              
                                                           "Shared Dirtied Blocks": 0,                             
                                                           "Shared Written Blocks": 0,                             
                                                           "Local Hit Blocks": 0,                                  
                                                           "Local Read Blocks": 0,                                 
                                                           "Local Dirtied Blocks": 0,                              
                                                           "Local Written Blocks": 0,                              
                                                           "Temp Read Blocks": 0,                                  
                                                           "Temp Written Blocks": 0                                
                                                         }                                                         
                                                       ]                                                           
                                                     },                                                            
                                                     {                                                             
                                                       "Node Type": "Sort",                                        
                                                       "Parent Relationship": "Inner",                             
                                                       "Parallel Aware": false,                                    
                                                       "Startup Cost": 16610.92,                                   
                                                       "Total Cost": 16962.16,                                     
                                                       "Plan Rows": 4523930,                                       
                                                       "Plan Width": 8,                                            
                                                       "Actual Startup Time": 2230.970,                            
                                                       "Actual Total Time": 2256.107,                              
                                                       "Actual Rows": 163762,                                      
                                                       "Actual Loops": 1,                                          
                                                       "Sort Key": ["mk.keyword_id"],                              
                                                       "Sort Method": "quicksort",                                 
                                                       "Sort Space Used": 408668,                                  
                                                       "Sort Space Type": "Memory",                                
                                                       "Shared Hit Blocks": 3,                                     
                                                       "Shared Read Blocks": 24451,                                
                                                       "Shared Dirtied Blocks": 0,                                 
                                                       "Shared Written Blocks": 0,                                 
                                                       "Local Hit Blocks": 0,                                      
                                                       "Local Read Blocks": 0,                                     
                                                       "Local Dirtied Blocks": 0,                                  
                                                       "Local Written Blocks": 0,                                  
                                                       "Temp Read Blocks": 0,                                      
                                                       "Temp Written Blocks": 0,                                   
                                                       "Plans": [                                                  
                                                         {                                                         
                                                           "Node Type": "Seq Scan",                                
                                                           "Parent Relationship": "Outer",                         
                                                           "Parallel Aware": false,                                
                                                           "Relation Name": "movie_keyword",                       
                                                           "Alias": "mk",                                          
                                                           "Startup Cost": 0.00,                                   
                                                           "Total Cost": 1079.84,                                  
                                                           "Plan Rows": 4523930,                                   
                                                           "Plan Width": 8,                                        
                                                           "Actual Startup Time": 0.007,                           
                                                           "Actual Total Time": 785.835,                           
                                                           "Actual Rows": 4523930,                                 
                                                           "Actual Loops": 1,                                      
                                                           "Shared Hit Blocks": 3,                                 
                                                           "Shared Read Blocks": 24451,                            
                                                           "Shared Dirtied Blocks": 0,                             
                                                           "Shared Written Blocks": 0,                             
                                                           "Local Hit Blocks": 0,                                  
                                                           "Local Read Blocks": 0,                                 
                                                           "Local Dirtied Blocks": 0,                              
                                                           "Local Written Blocks": 0,                              
                                                           "Temp Read Blocks": 0,                                  
                                                           "Temp Written Blocks": 0                                
                                                         }                                                         
                                                       ]                                                           
                                                     }                                                             
                                                   ]                                                               
                                                 }                                                                 
                                               ]                                                                   
                                             },                                                                    
                                             {                                                                     
                                               "Node Type": "Sort",                                                
                                               "Parent Relationship": "Inner",                                     
                                               "Parallel Aware": false,                                            
                                               "Startup Cost": 9405.45,                                            
                                               "Total Cost": 9608.03,                                              
                                               "Plan Rows": 2609129,                                               
                                               "Plan Width": 8,                                                    
                                               "Actual Startup Time": 1501.691,                                    
                                               "Actual Total Time": 1620.976,                                      
                                               "Actual Rows": 2609194,                                             
                                               "Actual Loops": 1,                                                  
                                               "Sort Key": ["mc.movie_id"],                                        
                                               "Sort Method": "quicksort",                                         
                                               "Sort Space Used": 220607,                                          
                                               "Sort Space Type": "Memory",                                        
                                               "Shared Hit Blocks": 3,                                             
                                               "Shared Read Blocks": 18786,                                        
                                               "Shared Dirtied Blocks": 0,                                         
                                               "Shared Written Blocks": 0,                                         
                                               "Local Hit Blocks": 0,                                              
                                               "Local Read Blocks": 0,                                             
                                               "Local Dirtied Blocks": 0,                                          
                                               "Local Written Blocks": 0,                                          
                                               "Temp Read Blocks": 0,                                              
                                               "Temp Written Blocks": 0,                                           
                                               "Plans": [                                                          
                                                 {                                                                 
                                                   "Node Type": "Seq Scan",                                        
                                                   "Parent Relationship": "Outer",                                 
                                                   "Parallel Aware": false,                                        
                                                   "Relation Name": "movie_companies",                             
                                                   "Alias": "mc",                                                  
                                                   "Startup Cost": 0.00,                                           
                                                   "Total Cost": 769.75,                                           
                                                   "Plan Rows": 2609129,                                           
                                                   "Plan Width": 8,                                                
                                                   "Actual Startup Time": 0.015,                                   
                                                   "Actual Total Time": 572.196,                                   
                                                   "Actual Rows": 2609129,                                         
                                                   "Actual Loops": 1,                                              
                                                   "Shared Hit Blocks": 3,                                         
                                                   "Shared Read Blocks": 18786,                                    
                                                   "Shared Dirtied Blocks": 0,                                     
                                                   "Shared Written Blocks": 0,                                     
                                                   "Local Hit Blocks": 0,                                          
                                                   "Local Read Blocks": 0,                                         
                                                   "Local Dirtied Blocks": 0,                                      
                                                   "Local Written Blocks": 0,                                      
                                                   "Temp Read Blocks": 0,                                          
                                                   "Temp Written Blocks": 0                                        
                                                 }                                                                 
                                               ]                                                                   
                                             }                                                                     
                                           ]                                                                       
                                         }                                                                         
                                       ]                                                                           
                                     },                                                                            
                                     {                                                                             
                                       "Node Type": "Sort",                                                        
                                       "Parent Relationship": "Inner",                                             
                                       "Parallel Aware": false,                                                    
                                       "Startup Cost": 344.10,                                                     
                                       "Total Cost": 350.69,                                                       
                                       "Plan Rows": 84843,                                                         
                                       "Plan Width": 4,                                                            
                                       "Actual Startup Time": 160.640,                                             
                                       "Actual Total Time": 169.700,                                               
                                       "Actual Rows": 84843,                                                       
                                       "Actual Loops": 1,                                                          
                                       "Sort Key": ["cn.id"],                                                      
                                       "Sort Method": "quicksort",                                                 
                                       "Sort Space Used": 7050,                                                    
                                       "Sort Space Type": "Memory",                                                
                                       "Shared Hit Blocks": 2,                                                     
                                       "Shared Read Blocks": 2992,                                                 
                                       "Shared Dirtied Blocks": 0,                                                 
                                       "Shared Written Blocks": 0,                                                 
                                       "Local Hit Blocks": 0,                                                      
                                       "Local Read Blocks": 0,                                                     
                                       "Local Dirtied Blocks": 0,                                                  
                                       "Local Written Blocks": 0,                                                  
                                       "Temp Read Blocks": 0,                                                      
                                       "Temp Written Blocks": 0,                                                   
                                       "Plans": [                                                                  
                                         {                                                                         
                                           "Node Type": "Seq Scan",                                                
                                           "Parent Relationship": "Outer",                                         
                                           "Parallel Aware": false,                                                
                                           "Relation Name": "company_name",                                        
                                           "Alias": "cn",                                                          
                                           "Startup Cost": 0.00,                                                   
                                           "Total Cost": 128.41,                                                   
                                           "Plan Rows": 84843,                                                     
                                           "Plan Width": 4,                                                        
                                           "Actual Startup Time": 3.140,                                           
                                           "Actual Total Time": 116.627,                                           
                                           "Actual Rows": 84843,                                                   
                                           "Actual Loops": 1,                                                      
                                           "Filter": "((country_code)::text = '[us]'::text)",                      
                                           "Rows Removed by Filter": 150154,                                       
                                           "Shared Hit Blocks": 2,                                                 
                                           "Shared Read Blocks": 2992,                                             
                                           "Shared Dirtied Blocks": 0,                                             
                                           "Shared Written Blocks": 0,                                             
                                           "Local Hit Blocks": 0,                                                  
                                           "Local Read Blocks": 0,                                                 
                                           "Local Dirtied Blocks": 0,                                              
                                           "Local Written Blocks": 0,                                              
                                           "Temp Read Blocks": 0,                                                  
                                           "Temp Written Blocks": 0                                                
                                         }                                                                         
                                       ]                                                                           
                                     }                                                                             
                                   ]                                                                               
                                 }                                                                                 
                               ]                                                                                   
                             },                                                                                    
                             {                                                                                     
                               "Node Type": "Sort",                                                                
                               "Parent Relationship": "Inner",                                                     
                               "Parallel Aware": false,                                                            
                               "Startup Cost": 9654.35,                                                            
                               "Total Cost": 9850.65,                                                              
                               "Plan Rows": 2528312,                                                               
                               "Plan Width": 21,                                                                   
                               "Actual Startup Time": 2311.183,                                                    
                               "Actual Total Time": 2676.533,                                                      
                               "Actual Rows": 2524891,                                                             
                               "Actual Loops": 1,                                                                  
                               "Sort Key": ["t.id"],                                                               
                               "Sort Method": "quicksort",                                                         
                               "Sort Space Used": 275055,                                                          
                               "Sort Space Type": "Memory",                                                        
                               "Shared Hit Blocks": 1,                                                             
                               "Shared Read Blocks": 35997,                                                        
                               "Shared Dirtied Blocks": 0,                                                         
                               "Shared Written Blocks": 0,                                                         
                               "Local Hit Blocks": 0,                                                              
                               "Local Read Blocks": 0,                                                             
                               "Local Dirtied Blocks": 0,                                                          
                               "Local Written Blocks": 0,                                                          
                               "Temp Read Blocks": 0,                                                              
                               "Temp Written Blocks": 0,                                                           
                               "Plans": [                                                                          
                                 {                                                                                 
                                   "Node Type": "Seq Scan",                                                        
                                   "Parent Relationship": "Outer",                                                 
                                   "Parallel Aware": false,                                                        
                                   "Relation Name": "title",                                                       
                                   "Alias": "t",                                                                   
                                   "Startup Cost": 0.00,                                                           
                                   "Total Cost": 1303.96,                                                          
                                   "Plan Rows": 2528312,                                                           
                                   "Plan Width": 21,                                                               
                                   "Actual Startup Time": 6.591,                                                   
                                   "Actual Total Time": 1010.750,                                                  
                                   "Actual Rows": 2528312,                                                         
                                   "Actual Loops": 1,                                                              
                                   "Shared Hit Blocks": 1,                                                         
                                   "Shared Read Blocks": 35997,                                                    
                                   "Shared Dirtied Blocks": 0,                                                     
                                   "Shared Written Blocks": 0,                                                     
                                   "Local Hit Blocks": 0,                                                          
                                   "Local Read Blocks": 0,                                                         
                                   "Local Dirtied Blocks": 0,                                                      
                                   "Local Written Blocks": 0,                                                      
                                   "Temp Read Blocks": 0,                                                          
                                   "Temp Written Blocks": 0                                                        
                                 }                                                                                 
                               ]                                                                                   
                             }                                                                                     
                           ]                                                                                       
                         },                                                                                        
                         {                                                                                         
                           "Node Type": "Sort",                                                                    
                           "Parent Relationship": "Inner",                                                         
                           "Parallel Aware": false,                                                                
                           "Startup Cost": 151757.13,                                                              
                           "Total Cost": 154571.13,                                                                
                           "Plan Rows": 36244344,                                                                  
                           "Plan Width": 8,                                                                        
                           "Actual Startup Time": 20780.234,                                                       
                           "Actual Total Time": 25294.142,                                                         
                           "Actual Rows": 38314797,                                                                
                           "Actual Loops": 1,                                                                      
                           "Sort Key": ["ci.movie_id"],                                                            
                           "Sort Method": "quicksort",                                                             
                           "Sort Space Used": 3271818,                                                             
                           "Sort Space Type": "Memory",                                                            
                           "Shared Hit Blocks": 4,                                                                 
                           "Shared Read Blocks": 252650,                                                           
                           "Shared Dirtied Blocks": 0,                                                             
                           "Shared Written Blocks": 0,                                                             
                           "Local Hit Blocks": 0,                                                                  
                           "Local Read Blocks": 0,                                                                 
                           "Local Dirtied Blocks": 0,                                                              
                           "Local Written Blocks": 0,                                                              
                           "Temp Read Blocks": 0,                                                                  
                           "Temp Written Blocks": 0,                                                               
                           "Plans": [                                                                              
                             {                                                                                     
                               "Node Type": "Seq Scan",                                                            
                               "Parent Relationship": "Outer",                                                     
                               "Parallel Aware": false,                                                            
                               "Relation Name": "cast_info",                                                       
                               "Alias": "ci",                                                                      
                               "Startup Cost": 0.00,                                                               
                               "Total Cost": 10431.00,                                                             
                               "Plan Rows": 36244344,                                                              
                               "Plan Width": 8,                                                                    
                               "Actual Startup Time": 0.021,                                                       
                               "Actual Total Time": 6697.991,                                                      
                               "Actual Rows": 36244344,                                                            
                               "Actual Loops": 1,                                                                  
                               "Shared Hit Blocks": 4,                                                             
                               "Shared Read Blocks": 252650,                                                       
                               "Shared Dirtied Blocks": 0,                                                         
                               "Shared Written Blocks": 0,                                                         
                               "Local Hit Blocks": 0,                                                              
                               "Local Read Blocks": 0,                                                             
                               "Local Dirtied Blocks": 0,                                                          
                               "Local Written Blocks": 0,                                                          
                               "Temp Read Blocks": 0,                                                              
                               "Temp Written Blocks": 0                                                            
                             }                                                                                     
                           ]                                                                                       
                         }                                                                                         
                       ]                                                                                           
                     }                                                                                             
                   ]                                                                                               
                 },                                                                                                
                 {                                                                                                 
                   "Node Type": "Sort",                                                                            
                   "Parent Relationship": "Inner",                                                                 
                   "Parallel Aware": false,                                                                        
                   "Startup Cost": 3188.40,                                                                        
                   "Total Cost": 3258.38,                                                                          
                   "Plan Rows": 901343,                                                                            
                   "Plan Width": 20,                                                                               
                   "Actual Startup Time": 770.958,                                                                 
                   "Actual Total Time": 1024.854,                                                                  
                   "Actual Rows": 4256007,                                                                         
                   "Actual Loops": 1,                                                                              
                   "Sort Key": ["an.person_id"],                                                                   
                   "Sort Method": "quicksort",                                                                     
                   "Sort Space Used": 89763,                                                                       
                   "Sort Space Type": "Memory",                                                                    
                   "Shared Hit Blocks": 2,                                                                         
                   "Shared Read Blocks": 11393,                                                                    
                   "Shared Dirtied Blocks": 0,                                                                     
                   "Shared Written Blocks": 0,                                                                     
                   "Local Hit Blocks": 0,                                                                          
                   "Local Read Blocks": 0,                                                                         
                   "Local Dirtied Blocks": 0,                                                                      
                   "Local Written Blocks": 0,                                                                      
                   "Temp Read Blocks": 0,                                                                          
                   "Temp Written Blocks": 0,                                                                       
                   "Plans": [                                                                                      
                     {                                                                                             
                       "Node Type": "Seq Scan",                                                                    
                       "Parent Relationship": "Outer",                                                             
                       "Parallel Aware": false,                                                                    
                       "Relation Name": "aka_name",                                                                
                       "Alias": "an",                                                                              
                       "Startup Cost": 0.00,                                                                       
                       "Total Cost": 419.75,                                                                       
                       "Plan Rows": 901343,                                                                        
                       "Plan Width": 20,                                                                           
                       "Actual Startup Time": 0.017,                                                               
                       "Actual Total Time": 334.158,                                                               
                       "Actual Rows": 901343,                                                                      
                       "Actual Loops": 1,                                                                          
                       "Shared Hit Blocks": 2,                                                                     
                       "Shared Read Blocks": 11393,                                                                
                       "Shared Dirtied Blocks": 0,                                                                 
                       "Shared Written Blocks": 0,                                                                 
                       "Local Hit Blocks": 0,                                                                      
                       "Local Read Blocks": 0,                                                                     
                       "Local Dirtied Blocks": 0,                                                                  
                       "Local Written Blocks": 0,                                                                  
                       "Temp Read Blocks": 0,                                                                      
                       "Temp Written Blocks": 0                                                                    
                     }                                                                                             
                   ]                                                                                               
                 }                                                                                                 
               ]                                                                                                   
             },                                                                                                    
             {                                                                                                     
               "Node Type": "Sort",                                                                                
               "Parent Relationship": "Inner",                                                                     
               "Parallel Aware": false,                                                                            
               "Startup Cost": 16263.33,                                                                           
               "Total Cost": 16586.90,                                                                             
               "Plan Rows": 4167491,                                                                               
               "Plan Width": 4,                                                                                    
               "Actual Startup Time": 3482.591,                                                                    
               "Actual Total Time": 3879.546,                                                                      
               "Actual Rows": 4061913,                                                                             
               "Actual Loops": 1,                                                                                  
               "Sort Key": ["n.id"],                                                                               
               "Sort Method": "quicksort",                                                                         
               "Sort Space Used": 293656,                                                                          
               "Sort Space Type": "Memory",                                                                        
               "Shared Hit Blocks": 2,                                                                             
               "Shared Read Blocks": 55611,                                                                        
               "Shared Dirtied Blocks": 0,                                                                         
               "Shared Written Blocks": 0,                                                                         
               "Local Hit Blocks": 0,                                                                              
               "Local Read Blocks": 0,                                                                             
               "Local Dirtied Blocks": 0,                                                                          
               "Local Written Blocks": 0,                                                                          
               "Temp Read Blocks": 0,                                                                              
               "Temp Written Blocks": 0,                                                                           
               "Plans": [                                                                                          
                 {                                                                                                 
                   "Node Type": "Seq Scan",                                                                        
                   "Parent Relationship": "Outer",                                                                 
                   "Parallel Aware": false,                                                                        
                   "Relation Name": "name",                                                                        
                   "Alias": "n",                                                                                   
                   "Startup Cost": 0.00,                                                                           
                   "Total Cost": 2032.56,                                                                          
                   "Plan Rows": 4167491,                                                                           
                   "Plan Width": 4,                                                                                
                   "Actual Startup Time": 11.047,                                                                  
                   "Actual Total Time": 1634.515,                                                                  
                   "Actual Rows": 4167491,                                                                         
                   "Actual Loops": 1,                                                                              
                   "Shared Hit Blocks": 2,                                                                         
                   "Shared Read Blocks": 55611,                                                                    
                   "Shared Dirtied Blocks": 0,                                                                     
                   "Shared Written Blocks": 0,                                                                     
                   "Local Hit Blocks": 0,                                                                          
                   "Local Read Blocks": 0,                                                                         
                   "Local Dirtied Blocks": 0,                                                                      
                   "Local Written Blocks": 0,                                                                      
                   "Temp Read Blocks": 0,                                                                          
                   "Temp Written Blocks": 0                                                                        
                 }                                                                                                 
               ]                                                                                                   
             }                                                                                                     
           ]                                                                                                       
         }                                                                                                         
       ]                                                                                                           
     },                                                                                                            
     "Planning Time": 7840.119,                                                                                    
     "Triggers": [                                                                                                 
     ],                                                                                                            
     "Execution Time": 47463.296                                                                                   
   }                                                                                                               
 ]
