     "Plan": {                                                                                                     
       "Node Type": "Aggregate",                                                                                   
       "Strategy": "Plain",                                                                                        
       "Partial Mode": "Simple",                                                                                   
       "Parallel Aware": false,                                                                                    
       "Startup Cost": 209701.84,                                                                                  
       "Total Cost": 209701.84,                                                                                    
       "Plan Rows": 1,                                                                                             
       "Plan Width": 64,                                                                                           
       "Actual Startup Time": 38451.703,                                                                           
       "Actual Total Time": 38451.703,                                                                             
       "Actual Rows": 1,                                                                                           
       "Actual Loops": 1,                                                                                          
       "Shared Hit Blocks": 24,                                                                                    
       "Shared Read Blocks": 402826,                                                                               
       "Shared Dirtied Blocks": 0,                                                                                 
       "Shared Written Blocks": 0,                                                                                 
       "Local Hit Blocks": 0,                                                                                      
       "Local Read Blocks": 0,                                                                                     
       "Local Dirtied Blocks": 0,                                                                                  
       "Local Written Blocks": 0,                                                                                  
       "Temp Read Blocks": 0,                                                                                      
       "Temp Written Blocks": 0,                                                                                   
       "Plans": [                                                                                                  
         {                                                                                                         
           "Node Type": "Merge Join",                                                                              
           "Parent Relationship": "Outer",                                                                         
           "Parallel Aware": false,                                                                                
           "Join Type": "Inner",                                                                                   
           "Startup Cost": 208934.60,                                                                              
           "Total Cost": 209701.80,                                                                                
           "Plan Rows": 257,                                                                                       
           "Plan Width": 33,                                                                                       
           "Actual Startup Time": 37263.372,                                                                       
           "Actual Total Time": 38353.150,                                                                         
           "Actual Rows": 319932,                                                                                  
           "Actual Loops": 1,                                                                                      
           "Inner Unique": true,                                                                                   
           "Merge Cond": "(an.person_id = n.id)",                                                                  
           "Shared Hit Blocks": 24,                                                                                
           "Shared Read Blocks": 402826,                                                                           
           "Shared Dirtied Blocks": 0,                                                                             
           "Shared Written Blocks": 0,                                                                             
           "Local Hit Blocks": 0,                                                                                  
           "Local Read Blocks": 0,                                                                                 
           "Local Dirtied Blocks": 0,                                                                              
           "Local Written Blocks": 0,                                                                              
           "Temp Read Blocks": 0,                                                                                  
           "Temp Written Blocks": 0,                                                                               
           "Plans": [                                                                                              
             {                                                                                                     
               "Node Type": "Merge Join",                                                                          
               "Parent Relationship": "Outer",                                                                     
               "Parallel Aware": false,                                                                            
               "Join Type": "Inner",                                                                               
               "Startup Cost": 192671.27,                                                                          
               "Total Cost": 192791.30,                                                                            
               "Plan Rows": 257,                                                                                   
               "Plan Width": 41,                                                                                   
               "Actual Startup Time": 33790.820,                                                                   
               "Actual Total Time": 34095.618,                                                                     
               "Actual Rows": 319932,                                                                              
               "Actual Loops": 1,                                                                                  
               "Inner Unique": false,                                                                              
               "Merge Cond": "(ci.person_id = an.person_id)",                                                      
               "Shared Hit Blocks": 22,                                                                            
               "Shared Read Blocks": 347215,                                                                       
               "Shared Dirtied Blocks": 0,                                                                         
               "Shared Written Blocks": 0,                                                                         
               "Local Hit Blocks": 0,                                                                              
               "Local Read Blocks": 0,                                                                             
               "Local Dirtied Blocks": 0,                                                                          
               "Local Written Blocks": 0,                                                                          
               "Temp Read Blocks": 0,                                                                              
               "Temp Written Blocks": 0,                                                                           
               "Plans": [                                                                                          
                 {                                                                                                 
                   "Node Type": "Sort",                                                                            
                   "Parent Relationship": "Outer",                                                                 
                   "Parallel Aware": false,                                                                        
                   "Startup Cost": 189482.87,                                                                      
                   "Total Cost": 189482.89,                                                                        
                   "Plan Rows": 295,                                                                               
                   "Plan Width": 21,                                                                               
                   "Actual Startup Time": 33034.048,                                                               
                   "Actual Total Time": 33066.269,                                                                 
                   "Actual Rows": 221609,                                                                          
                   "Actual Loops": 1,                                                                              
                   "Sort Key": ["ci.person_id"],                                                                   
                   "Sort Method": "quicksort",                                                                     
                   "Sort Space Used": 23303,                                                                       
                   "Sort Space Type": "Memory",                                                                    
                   "Shared Hit Blocks": 20,                                                                        
                   "Shared Read Blocks": 335822,                                                                   
                   "Shared Dirtied Blocks": 0,                                                                     
                   "Shared Written Blocks": 0,                                                                     
                   "Local Hit Blocks": 0,                                                                          
                   "Local Read Blocks": 0,                                                                         
                   "Local Dirtied Blocks": 0,                                                                      
                   "Local Written Blocks": 0,                                                                      
                   "Temp Read Blocks": 0,                                                                          
                   "Temp Written Blocks": 0,                                                                       
                   "Plans": [                                                                                      
                     {                                                                                             
                       "Node Type": "Merge Join",                                                                  
                       "Parent Relationship": "Outer",                                                             
                       "Parallel Aware": false,                                                                    
                       "Join Type": "Inner",                                                                       
                       "Startup Cost": 183707.56,                                                                  
                       "Total Cost": 189482.49,                                                                    
                       "Plan Rows": 295,                                                                           
                       "Plan Width": 21,                                                                           
                       "Actual Startup Time": 27778.668,                                                           
                       "Actual Total Time": 32941.497,                                                             
                       "Actual Rows": 221609,                                                                      
                       "Actual Loops": 1,                                                                          
                       "Inner Unique": false,                                                                      
                       "Merge Cond": "(t.id = ci.movie_id)",                                                       
                       "Shared Hit Blocks": 16,                                                                    
                       "Shared Read Blocks": 335822,                                                               
                       "Shared Dirtied Blocks": 0,                                                                 
                       "Shared Written Blocks": 0,                                                                 
                       "Local Hit Blocks": 0,                                                                      
                       "Local Read Blocks": 0,                                                                     
                       "Local Dirtied Blocks": 0,                                                                  
                       "Local Written Blocks": 0,                                                                  
                       "Temp Read Blocks": 0,                                                                      
                       "Temp Written Blocks": 0,                                                                   
                       "Plans": [                                                                                  
                         {                                                                                         
                           "Node Type": "Merge Join",                                                              
                           "Parent Relationship": "Outer",                                                         
                           "Parallel Aware": false,                                                                
                           "Join Type": "Inner",                                                                   
                           "Startup Cost": 31950.43,                                                               
                           "Total Cost": 32097.34,                                                                 
                           "Plan Rows": 25,                                                                        
                           "Plan Width": 29,                                                                       
                           "Actual Startup Time": 6555.734,                                                        
                           "Actual Total Time": 6840.572,                                                          
                           "Actual Rows": 8538,                                                                    
                           "Actual Loops": 1,                                                                      
                           "Inner Unique": true,                                                                   
                           "Merge Cond": "(mk.movie_id = t.id)",                                                   
                           "Shared Hit Blocks": 12,                                                                
                           "Shared Read Blocks": 83172,                                                            
                           "Shared Dirtied Blocks": 0,                                                             
                           "Shared Written Blocks": 0,                                                             
                           "Local Hit Blocks": 0,                                                                  
                           "Local Read Blocks": 0,                                                                 
                           "Local Dirtied Blocks": 0,                                                              
                           "Local Written Blocks": 0,                                                              
                           "Temp Read Blocks": 0,                                                                  
                           "Temp Written Blocks": 0,                                                               
                           "Plans": [                                                                              
                             {                                                                                     
                               "Node Type": "Sort",                                                                
                               "Parent Relationship": "Outer",                                                     
                               "Parallel Aware": false,                                                            
                               "Startup Cost": 27531.10,                                                           
                               "Total Cost": 27531.11,                                                             
                               "Plan Rows": 68,                                                                    
                               "Plan Width": 8,                                                                    
                               "Actual Startup Time": 4632.086,                                                    
                               "Actual Total Time": 4640.296,                                                      
                               "Actual Rows": 68316,                                                               
                               "Actual Loops": 1,                                                                  
                               "Sort Key": ["mc.movie_id"],                                                        
                               "Sort Method": "quicksort",                                                         
                               "Sort Space Used": 6275,                                                            
                               "Sort Space Type": "Memory",                                                        
                               "Shared Hit Blocks": 10,                                                            
                               "Shared Read Blocks": 47176,                                                        
                               "Shared Dirtied Blocks": 0,                                                         
                               "Shared Written Blocks": 0,                                                         
                               "Local Hit Blocks": 0,                                                              
                               "Local Read Blocks": 0,                                                             
                               "Local Dirtied Blocks": 0,                                                          
                               "Local Written Blocks": 0,                                                          
                               "Temp Read Blocks": 0,                                                              
                               "Temp Written Blocks": 0,                                                           
                               "Plans": [                                                                          
                                 {                                                                                 
                                   "Node Type": "Merge Join",                                                      
                                   "Parent Relationship": "Outer",                                                 
                                   "Parallel Aware": false,                                                        
                                   "Join Type": "Inner",                                                           
                                   "Startup Cost": 27517.83,                                                       
                                   "Total Cost": 27531.04,                                                         
                                   "Plan Rows": 68,                                                                
                                   "Plan Width": 8,                                                                
                                   "Actual Startup Time": 4546.565,                                                
                                   "Actual Total Time": 4608.449,                                                  
                                   "Actual Rows": 68316,                                                           
                                   "Actual Loops": 1,                                                              
                                   "Inner Unique": true,                                                           
                                   "Merge Cond": "(mc.company_id = cn.id)",                                        
                                   "Shared Hit Blocks": 10,                                                        
                                   "Shared Read Blocks": 47176,                                                    
                                   "Shared Dirtied Blocks": 0,                                                     
                                   "Shared Written Blocks": 0,                                                     
                                   "Local Hit Blocks": 0,                                                          
                                   "Local Read Blocks": 0,                                                         
                                   "Local Dirtied Blocks": 0,                                                      
                                   "Local Written Blocks": 0,                                                      
                                   "Temp Read Blocks": 0,                                                          
                                   "Temp Written Blocks": 0,                                                       
                                   "Plans": [                                                                      
                                     {                                                                             
                                       "Node Type": "Sort",                                                        
                                       "Parent Relationship": "Outer",                                             
                                       "Parallel Aware": false,                                                    
                                       "Startup Cost": 27173.73,                                                   
                                       "Total Cost": 27173.74,                                                     
                                       "Plan Rows": 190,                                                           
                                       "Plan Width": 12,                                                           
                                       "Actual Startup Time": 4384.800,                                            
                                       "Actual Total Time": 4401.076,                                              
                                       "Actual Rows": 148552,                                                      
                                       "Actual Loops": 1,                                                          
                                       "Sort Key": ["mc.company_id"],                                              
                                       "Sort Method": "quicksort",                                                 
                                       "Sort Space Used": 13108,                                                   
                                       "Sort Space Type": "Memory",                                                
                                       "Shared Hit Blocks": 8,                                                     
                                       "Shared Read Blocks": 44184,                                                
                                       "Shared Dirtied Blocks": 0,                                                 
                                       "Shared Written Blocks": 0,                                                 
                                       "Local Hit Blocks": 0,                                                      
                                       "Local Read Blocks": 0,                                                     
                                       "Local Dirtied Blocks": 0,                                                  
                                       "Local Written Blocks": 0,                                                  
                                       "Temp Read Blocks": 0,                                                      
                                       "Temp Written Blocks": 0,                                                   
                                       "Plans": [                                                                  
                                         {                                                                         
                                           "Node Type": "Merge Join",                                              
                                           "Parent Relationship": "Outer",                                         
                                           "Parallel Aware": false,                                                
                                           "Join Type": "Inner",                                                   
                                           "Startup Cost": 26768.34,                                               
                                           "Total Cost": 27173.50,                                                 
                                           "Plan Rows": 190,                                                       
                                           "Plan Width": 12,                                                       
                                           "Actual Startup Time": 3941.330,                                        
                                           "Actual Total Time": 4336.660,                                          
                                           "Actual Rows": 148552,                                                  
                                           "Actual Loops": 1,                                                      
                                           "Inner Unique": false,                                                  
                                           "Merge Cond": "(mk.movie_id = mc.movie_id)",                            
                                           "Shared Hit Blocks": 8,                                                 
                                           "Shared Read Blocks": 44184,                                            
                                           "Shared Dirtied Blocks": 0,                                             
                                           "Shared Written Blocks": 0,                                             
                                           "Local Hit Blocks": 0,                                                  
                                           "Local Read Blocks": 0,                                                 
                                           "Local Dirtied Blocks": 0,                                              
                                           "Local Written Blocks": 0,                                              
                                           "Temp Read Blocks": 0,                                                  
                                           "Temp Written Blocks": 0,                                               
                                           "Plans": [                                                              
                                             {                                                                     
                                               "Node Type": "Sort",                                                
                                               "Parent Relationship": "Outer",                                     
                                               "Parallel Aware": false,                                            
                                               "Startup Cost": 17362.89,                                           
                                               "Total Cost": 17362.89,                                             
                                               "Plan Rows": 34,                                                    
                                               "Plan Width": 4,                                                    
                                               "Actual Startup Time": 2376.954,                                    
                                               "Actual Total Time": 2381.191,                                      
                                               "Actual Rows": 41839,                                               
                                               "Actual Loops": 1,                                                  
                                               "Sort Key": ["mk.movie_id"],                                        
                                               "Sort Method": "quicksort",                                         
                                               "Sort Space Used": 3498,                                            
                                               "Sort Space Type": "Memory",                                        
                                               "Shared Hit Blocks": 5,                                             
                                               "Shared Read Blocks": 25398,                                        
                                               "Shared Dirtied Blocks": 0,                                         
                                               "Shared Written Blocks": 0,                                         
                                               "Local Hit Blocks": 0,                                              
                                               "Local Read Blocks": 0,                                             
                                               "Local Dirtied Blocks": 0,                                          
                                               "Local Written Blocks": 0,                                          
                                               "Temp Read Blocks": 0,                                              
                                               "Temp Written Blocks": 0,                                           
                                               "Plans": [                                                          
                                                 {                                                                 
                                                   "Node Type": "Merge Join",                                      
                                                   "Parent Relationship": "Outer",                                 
                                                   "Parallel Aware": false,                                        
                                                   "Join Type": "Inner",                                           
                                                   "Startup Cost": 16660.38,                                       
                                                   "Total Cost": 17362.86,                                         
                                                   "Plan Rows": 34,                                                
                                                   "Plan Width": 4,                                                
                                                   "Actual Startup Time": 2349.970,                                
                                                   "Actual Total Time": 2363.101,                                  
                                                   "Actual Rows": 41840,                                           
                                                   "Actual Loops": 1,                                              
                                                   "Inner Unique": false,                                          
                                                   "Merge Cond": "(k.id = mk.keyword_id)",                         
                                                   "Shared Hit Blocks": 5,                                         
                                                   "Shared Read Blocks": 25398,                                    
                                                   "Shared Dirtied Blocks": 0,                                     
                                                   "Shared Written Blocks": 0,                                     
                                                   "Local Hit Blocks": 0,                                          
                                                   "Local Read Blocks": 0,                                         
                                                   "Local Dirtied Blocks": 0,                                      
                                                   "Local Written Blocks": 0,                                      
                                                   "Temp Read Blocks": 0,                                          
                                                   "Temp Written Blocks": 0,                                       
                                                   "Plans": [                                                      
                                                     {                                                             
                                                       "Node Type": "Sort",                                        
                                                       "Parent Relationship": "Outer",                             
                                                       "Parallel Aware": false,                                    
                                                       "Startup Cost": 49.46,                                      
                                                       "Total Cost": 49.46,                                        
                                                       "Plan Rows": 1,                                             
                                                       "Plan Width": 4,                                            
                                                       "Actual Startup Time": 83.236,                              
                                                       "Actual Total Time": 83.237,                                
                                                       "Actual Rows": 1,                                           
                                                       "Actual Loops": 1,                                          
                                                       "Sort Key": ["k.id"],                                       
                                                       "Sort Method": "quicksort",                                 
                                                       "Sort Space Used": 25,                                      
                                                       "Sort Space Type": "Memory",                                
                                                       "Shared Hit Blocks": 2,                                     
                                                       "Shared Read Blocks": 947,                                  
                                                       "Shared Dirtied Blocks": 0,                                 
                                                       "Shared Written Blocks": 0,                                 
                                                       "Local Hit Blocks": 0,                                      
                                                       "Local Read Blocks": 0,                                     
                                                       "Local Dirtied Blocks": 0,                                  
                                                       "Local Written Blocks": 0,                                  
                                                       "Temp Read Blocks": 0,                                      
                                                       "Temp Written Blocks": 0,                                   
                                                       "Plans": [                                                  
                                                         {                                                         
                                                           "Node Type": "Seq Scan",                                
                                                           "Parent Relationship": "Outer",                         
                                                           "Parallel Aware": false,                                
                                                           "Relation Name": "keyword",                             
                                                           "Alias": "k",                                           
                                                           "Startup Cost": 0.00,                                   
                                                           "Total Cost": 49.46,                                    
                                                           "Plan Rows": 1,                                         
                                                           "Plan Width": 4,                                        
                                                           "Actual Startup Time": 22.992,                          
                                                           "Actual Total Time": 83.211,                            
                                                           "Actual Rows": 1,                                       
                                                           "Actual Loops": 1,                                      
                                                           "Filter": "(keyword = 'character-name-in-title'::text)",
                                                           "Rows Removed by Filter": 134169,                       
                                                           "Shared Hit Blocks": 2,                                 
                                                           "Shared Read Blocks": 947,                              
                                                           "Shared Dirtied Blocks": 0,                             
                                                           "Shared Written Blocks": 0,                             
                                                           "Local Hit Blocks": 0,                                  
                                                           "Local Read Blocks": 0,                                 
                                                           "Local Dirtied Blocks": 0,                              
                                                           "Local Written Blocks": 0,                              
                                                           "Temp Read Blocks": 0,                                  
                                                           "Temp Written Blocks": 0                                
                                                         }                                                         
                                                       ]                                                           
                                                     },                                                            
                                                     {                                                             
                                                       "Node Type": "Sort",                                        
                                                       "Parent Relationship": "Inner",                             
                                                       "Parallel Aware": false,                                    
                                                       "Startup Cost": 16610.92,                                   
                                                       "Total Cost": 16962.16,                                     
                                                       "Plan Rows": 4523930,                                       
                                                       "Plan Width": 8,                                            
                                                       "Actual Startup Time": 2233.806,                            
                                                       "Actual Total Time": 2257.724,                              
                                                       "Actual Rows": 163762,                                      
                                                       "Actual Loops": 1,                                          
                                                       "Sort Key": ["mk.keyword_id"],                              
                                                       "Sort Method": "quicksort",                                 
                                                       "Sort Space Used": 408668,                                  
                                                       "Sort Space Type": "Memory",                                
                                                       "Shared Hit Blocks": 3,                                     
                                                       "Shared Read Blocks": 24451,                                
                                                       "Shared Dirtied Blocks": 0,                                 
                                                       "Shared Written Blocks": 0,                                 
                                                       "Local Hit Blocks": 0,                                      
                                                       "Local Read Blocks": 0,                                     
                                                       "Local Dirtied Blocks": 0,                                  
                                                       "Local Written Blocks": 0,                                  
                                                       "Temp Read Blocks": 0,                                      
                                                       "Temp Written Blocks": 0,                                   
                                                       "Plans": [                                                  
                                                         {                                                         
                                                           "Node Type": "Seq Scan",                                
                                                           "Parent Relationship": "Outer",                         
                                                           "Parallel Aware": false,                                
                                                           "Relation Name": "movie_keyword",                       
                                                           "Alias": "mk",                                          
                                                           "Startup Cost": 0.00,                                   
                                                           "Total Cost": 1079.84,                                  
                                                           "Plan Rows": 4523930,                                   
                                                           "Plan Width": 8,                                        
                                                           "Actual Startup Time": 0.007,                           
                                                           "Actual Total Time": 785.831,                           
                                                           "Actual Rows": 4523930,                                 
                                                           "Actual Loops": 1,                                      
                                                           "Shared Hit Blocks": 3,                                 
                                                           "Shared Read Blocks": 24451,                            
                                                           "Shared Dirtied Blocks": 0,                             
                                                           "Shared Written Blocks": 0,                             
                                                           "Local Hit Blocks": 0,                                  
                                                           "Local Read Blocks": 0,                                 
                                                           "Local Dirtied Blocks": 0,                              
                                                           "Local Written Blocks": 0,                              
                                                           "Temp Read Blocks": 0,                                  
                                                           "Temp Written Blocks": 0                                
                                                         }                                                         
                                                       ]                                                           
                                                     }                                                             
                                                   ]                                                               
                                                 }                                                                 
                                               ]                                                                   
                                             },                                                                    
                                             {                                                                     
                                               "Node Type": "Sort",                                                
                                               "Parent Relationship": "Inner",                                     
                                               "Parallel Aware": false,                                            
                                               "Startup Cost": 9405.45,                                            
                                               "Total Cost": 9608.03,                                              
                                               "Plan Rows": 2609129,                                               
                                               "Plan Width": 8,                                                    
                                               "Actual Startup Time": 1564.258,                                    
                                               "Actual Total Time": 1683.788,                                      
                                               "Actual Rows": 2609194,                                             
                                               "Actual Loops": 1,                                                  
                                               "Sort Key": ["mc.movie_id"],                                        
                                               "Sort Method": "quicksort",                                         
                                               "Sort Space Used": 220607,                                          
                                               "Sort Space Type": "Memory",                                        
                                               "Shared Hit Blocks": 3,                                             
                                               "Shared Read Blocks": 18786,                                        
                                               "Shared Dirtied Blocks": 0,                                         
                                               "Shared Written Blocks": 0,                                         
                                               "Local Hit Blocks": 0,                                              
                                               "Local Read Blocks": 0,                                             
                                               "Local Dirtied Blocks": 0,                                          
                                               "Local Written Blocks": 0,                                          
                                               "Temp Read Blocks": 0,                                              
                                               "Temp Written Blocks": 0,                                           
                                               "Plans": [                                                          
                                                 {                                                                 
                                                   "Node Type": "Seq Scan",                                        
                                                   "Parent Relationship": "Outer",                                 
                                                   "Parallel Aware": false,                                        
                                                   "Relation Name": "movie_companies",                             
                                                   "Alias": "mc",                                                  
                                                   "Startup Cost": 0.00,                                           
                                                   "Total Cost": 769.75,                                           
                                                   "Plan Rows": 2609129,                                           
                                                   "Plan Width": 8,                                                
                                                   "Actual Startup Time": 0.016,                                   
                                                   "Actual Total Time": 595.139,                                   
                                                   "Actual Rows": 2609129,                                         
                                                   "Actual Loops": 1,                                              
                                                   "Shared Hit Blocks": 3,                                         
                                                   "Shared Read Blocks": 18786,                                    
                                                   "Shared Dirtied Blocks": 0,                                     
                                                   "Shared Written Blocks": 0,                                     
                                                   "Local Hit Blocks": 0,                                          
                                                   "Local Read Blocks": 0,                                         
                                                   "Local Dirtied Blocks": 0,                                      
                                                   "Local Written Blocks": 0,                                      
                                                   "Temp Read Blocks": 0,                                          
                                                   "Temp Written Blocks": 0                                        
                                                 }                                                                 
                                               ]                                                                   
                                             }                                                                     
                                           ]                                                                       
                                         }                                                                         
                                       ]                                                                           
                                     },                                                                            
                                     {                                                                             
                                       "Node Type": "Sort",                                                        
                                       "Parent Relationship": "Inner",                                             
                                       "Parallel Aware": false,                                                    
                                       "Startup Cost": 344.10,                                                     
                                       "Total Cost": 350.69,                                                       
                                       "Plan Rows": 84843,                                                         
                                       "Plan Width": 4,                                                            
                                       "Actual Startup Time": 161.758,                                             
                                       "Actual Total Time": 170.812,                                               
                                       "Actual Rows": 84843,                                                       
                                       "Actual Loops": 1,                                                          
                                       "Sort Key": ["cn.id"],                                                      
                                       "Sort Method": "quicksort",                                                 
                                       "Sort Space Used": 7050,                                                    
                                       "Sort Space Type": "Memory",                                                
                                       "Shared Hit Blocks": 2,                                                     
                                       "Shared Read Blocks": 2992,                                                 
                                       "Shared Dirtied Blocks": 0,                                                 
                                       "Shared Written Blocks": 0,                                                 
                                       "Local Hit Blocks": 0,                                                      
                                       "Local Read Blocks": 0,                                                     
                                       "Local Dirtied Blocks": 0,                                                  
                                       "Local Written Blocks": 0,                                                  
                                       "Temp Read Blocks": 0,                                                      
                                       "Temp Written Blocks": 0,                                                   
                                       "Plans": [                                                                  
                                         {                                                                         
                                           "Node Type": "Seq Scan",                                                
                                           "Parent Relationship": "Outer",                                         
                                           "Parallel Aware": false,                                                
                                           "Relation Name": "company_name",                                        
                                           "Alias": "cn",                                                          
                                           "Startup Cost": 0.00,                                                   
                                           "Total Cost": 128.41,                                                   
                                           "Plan Rows": 84843,                                                     
                                           "Plan Width": 4,                                                        
                                           "Actual Startup Time": 10.593,                                          
                                           "Actual Total Time": 123.776,                                           
                                           "Actual Rows": 84843,                                                   
                                           "Actual Loops": 1,                                                      
                                           "Filter": "((country_code)::text = '[us]'::text)",                      
                                           "Rows Removed by Filter": 150154,                                       
                                           "Shared Hit Blocks": 2,                                                 
                                           "Shared Read Blocks": 2992,                                             
                                           "Shared Dirtied Blocks": 0,                                             
                                           "Shared Written Blocks": 0,                                             
                                           "Local Hit Blocks": 0,                                                  
                                           "Local Read Blocks": 0,                                                 
                                           "Local Dirtied Blocks": 0,                                              
                                           "Local Written Blocks": 0,                                              
                                           "Temp Read Blocks": 0,                                                  
                                           "Temp Written Blocks": 0                                                
                                         }                                                                         
                                       ]                                                                           
                                     }                                                                             
                                   ]                                                                               
                                 }                                                                                 
                               ]                                                                                   
                             },                                                                                    
                             {                                                                                     
                               "Node Type": "Sort",                                                                
                               "Parent Relationship": "Inner",                                                     
                               "Parallel Aware": false,                                                            
                               "Startup Cost": 4419.32,                                                            
                               "Total Cost": 4492.84,                                                              
                               "Plan Rows": 946906,                                                                
                               "Plan Width": 21,                                                                   
                               "Actual Startup Time": 1922.387,                                                    
                               "Actual Total Time": 2050.729,                                                      
                               "Actual Rows": 945974,                                                              
                               "Actual Loops": 1,                                                                  
                               "Sort Key": ["t.id"],                                                               
                               "Sort Method": "quicksort",                                                         
                               "Sort Space Used": 87357,                                                           
                               "Sort Space Type": "Memory",                                                        
                               "Shared Hit Blocks": 2,                                                             
                               "Shared Read Blocks": 35996,                                                        
                               "Shared Dirtied Blocks": 0,                                                         
                               "Shared Written Blocks": 0,                                                         
                               "Local Hit Blocks": 0,                                                              
                               "Local Read Blocks": 0,                                                             
                               "Local Dirtied Blocks": 0,                                                          
                               "Local Written Blocks": 0,                                                          
                               "Temp Read Blocks": 0,                                                              
                               "Temp Written Blocks": 0,                                                           
                               "Plans": [                                                                          
                                 {                                                                                 
                                   "Node Type": "Seq Scan",                                                        
                                   "Parent Relationship": "Outer",                                                 
                                   "Parallel Aware": false,                                                        
                                   "Relation Name": "title",                                                       
                                   "Alias": "t",                                                                   
                                   "Startup Cost": 0.00,                                                           
                                   "Total Cost": 1500.26,                                                          
                                   "Plan Rows": 946906,                                                            
                                   "Plan Width": 21,                                                               
                                   "Actual Startup Time": 0.015,                                                   
                                   "Actual Total Time": 1410.341,                                                  
                                   "Actual Rows": 946906,                                                          
                                   "Actual Loops": 1,                                                              
                                   "Filter": "(episode_nr < 100)",                                                 
                                   "Rows Removed by Filter": 1581406,                                              
                                   "Shared Hit Blocks": 2,                                                         
                                   "Shared Read Blocks": 35996,                                                    
                                   "Shared Dirtied Blocks": 0,                                                     
                                   "Shared Written Blocks": 0,                                                     
                                   "Local Hit Blocks": 0,                                                          
                                   "Local Read Blocks": 0,                                                         
                                   "Local Dirtied Blocks": 0,                                                      
                                   "Local Written Blocks": 0,                                                      
                                   "Temp Read Blocks": 0,                                                          
                                   "Temp Written Blocks": 0                                                        
                                 }                                                                                 
                               ]                                                                                   
                             }                                                                                     
                           ]                                                                                       
                         },                                                                                        
                         {                                                                                         
                           "Node Type": "Sort",                                                                    
                           "Parent Relationship": "Inner",                                                         
                           "Parallel Aware": false,                                                                
                           "Startup Cost": 151757.13,                                                              
                           "Total Cost": 154571.13,                                                                
                           "Plan Rows": 36244344,                                                                  
                           "Plan Width": 8,                                                                        
                           "Actual Startup Time": 21200.118,                                                       
                           "Actual Total Time": 23411.727,                                                         
                           "Actual Rows": 22339038,                                                                
                           "Actual Loops": 1,                                                                      
                           "Sort Key": ["ci.movie_id"],                                                            
                           "Sort Method": "quicksort",                                                             
                           "Sort Space Used": 3271818,                                                             
                           "Sort Space Type": "Memory",                                                            
                           "Shared Hit Blocks": 4,                                                                 
                           "Shared Read Blocks": 252650,                                                           
                           "Shared Dirtied Blocks": 0,                                                             
                           "Shared Written Blocks": 0,                                                             
                           "Local Hit Blocks": 0,                                                                  
                           "Local Read Blocks": 0,                                                                 
                           "Local Dirtied Blocks": 0,                                                              
                           "Local Written Blocks": 0,                                                              
                           "Temp Read Blocks": 0,                                                                  
                           "Temp Written Blocks": 0,                                                               
                           "Plans": [                                                                              
                             {                                                                                     
                               "Node Type": "Seq Scan",                                                            
                               "Parent Relationship": "Outer",                                                     
                               "Parallel Aware": false,                                                            
                               "Relation Name": "cast_info",                                                       
                               "Alias": "ci",                                                                      
                               "Startup Cost": 0.00,                                                               
                               "Total Cost": 10431.00,                                                             
                               "Plan Rows": 36244344,                                                              
                               "Plan Width": 8,                                                                    
                               "Actual Startup Time": 0.014,                                                       
                               "Actual Total Time": 7048.350,                                                      
                               "Actual Rows": 36244344,                                                            
                               "Actual Loops": 1,                                                                  
                               "Shared Hit Blocks": 4,                                                             
                               "Shared Read Blocks": 252650,                                                       
                               "Shared Dirtied Blocks": 0,                                                         
                               "Shared Written Blocks": 0,                                                         
                               "Local Hit Blocks": 0,                                                              
                               "Local Read Blocks": 0,                                                             
                               "Local Dirtied Blocks": 0,                                                          
                               "Local Written Blocks": 0,                                                          
                               "Temp Read Blocks": 0,                                                              
                               "Temp Written Blocks": 0                                                            
                             }                                                                                     
                           ]                                                                                       
                         }                                                                                         
                       ]                                                                                           
                     }                                                                                             
                   ]                                                                                               
                 },                                                                                                
                 {                                                                                                 
                   "Node Type": "Sort",                                                                            
                   "Parent Relationship": "Inner",                                                                 
                   "Parallel Aware": false,                                                                        
                   "Startup Cost": 3188.40,                                                                        
                   "Total Cost": 3258.38,                                                                          
                   "Plan Rows": 901343,                                                                            
                   "Plan Width": 20,                                                                               
                   "Actual Startup Time": 756.760,                                                                 
                   "Actual Total Time": 842.025,                                                                   
                   "Actual Rows": 1059402,                                                                         
                   "Actual Loops": 1,                                                                              
                   "Sort Key": ["an.person_id"],                                                                   
                   "Sort Method": "quicksort",                                                                     
                   "Sort Space Used": 89763,                                                                       
                   "Sort Space Type": "Memory",                                                                    
                   "Shared Hit Blocks": 2,                                                                         
                   "Shared Read Blocks": 11393,                                                                    
                   "Shared Dirtied Blocks": 0,                                                                     
                   "Shared Written Blocks": 0,                                                                     
                   "Local Hit Blocks": 0,                                                                          
                   "Local Read Blocks": 0,                                                                         
                   "Local Dirtied Blocks": 0,                                                                      
                   "Local Written Blocks": 0,                                                                      
                   "Temp Read Blocks": 0,                                                                          
                   "Temp Written Blocks": 0,                                                                       
                   "Plans": [                                                                                      
                     {                                                                                             
                       "Node Type": "Seq Scan",                                                                    
                       "Parent Relationship": "Outer",                                                             
                       "Parallel Aware": false,                                                                    
                       "Relation Name": "aka_name",                                                                
                       "Alias": "an",                                                                              
                       "Startup Cost": 0.00,                                                                       
                       "Total Cost": 419.75,                                                                       
                       "Plan Rows": 901343,                                                                        
                       "Plan Width": 20,                                                                           
                       "Actual Startup Time": 0.018,                                                               
                       "Actual Total Time": 325.557,                                                               
                       "Actual Rows": 901343,                                                                      
                       "Actual Loops": 1,                                                                          
                       "Shared Hit Blocks": 2,                                                                     
                       "Shared Read Blocks": 11393,                                                                
                       "Shared Dirtied Blocks": 0,                                                                 
                       "Shared Written Blocks": 0,                                                                 
                       "Local Hit Blocks": 0,                                                                      
                       "Local Read Blocks": 0,                                                                     
                       "Local Dirtied Blocks": 0,                                                                  
                       "Local Written Blocks": 0,                                                                  
                       "Temp Read Blocks": 0,                                                                      
                       "Temp Written Blocks": 0                                                                    
                     }                                                                                             
                   ]                                                                                               
                 }                                                                                                 
               ]                                                                                                   
             },                                                                                                    
             {                                                                                                     
               "Node Type": "Sort",                                                                                
               "Parent Relationship": "Inner",                                                                     
               "Parallel Aware": false,                                                                            
               "Startup Cost": 16263.33,                                                                           
               "Total Cost": 16586.90,                                                                             
               "Plan Rows": 4167491,                                                                               
               "Plan Width": 4,                                                                                    
               "Actual Startup Time": 3472.529,                                                                    
               "Actual Total Time": 3789.281,                                                                      
               "Actual Rows": 4061471,                                                                             
               "Actual Loops": 1,                                                                                  
               "Sort Key": ["n.id"],                                                                               
               "Sort Method": "quicksort",                                                                         
               "Sort Space Used": 293656,                                                                          
               "Sort Space Type": "Memory",                                                                        
               "Shared Hit Blocks": 2,                                                                             
               "Shared Read Blocks": 55611,                                                                        
               "Shared Dirtied Blocks": 0,                                                                         
               "Shared Written Blocks": 0,                                                                         
               "Local Hit Blocks": 0,                                                                              
               "Local Read Blocks": 0,                                                                             
               "Local Dirtied Blocks": 0,                                                                          
               "Local Written Blocks": 0,                                                                          
               "Temp Read Blocks": 0,                                                                              
               "Temp Written Blocks": 0,                                                                           
               "Plans": [                                                                                          
                 {                                                                                                 
                   "Node Type": "Seq Scan",                                                                        
                   "Parent Relationship": "Outer",                                                                 
                   "Parallel Aware": false,                                                                        
                   "Relation Name": "name",                                                                        
                   "Alias": "n",                                                                                   
                   "Startup Cost": 0.00,                                                                           
                   "Total Cost": 2032.56,                                                                          
                   "Plan Rows": 4167491,                                                                           
                   "Plan Width": 4,                                                                                
                   "Actual Startup Time": 5.744,                                                                   
                   "Actual Total Time": 1657.369,                                                                  
                   "Actual Rows": 4167491,                                                                         
                   "Actual Loops": 1,                                                                              
                   "Shared Hit Blocks": 2,                                                                         
                   "Shared Read Blocks": 55611,                                                                    
                   "Shared Dirtied Blocks": 0,                                                                     
                   "Shared Written Blocks": 0,                                                                     
                   "Local Hit Blocks": 0,                                                                          
                   "Local Read Blocks": 0,                                                                         
                   "Local Dirtied Blocks": 0,                                                                      
                   "Local Written Blocks": 0,                                                                      
                   "Temp Read Blocks": 0,                                                                          
                   "Temp Written Blocks": 0                                                                        
                 }                                                                                                 
               ]                                                                                                   
             }                                                                                                     
           ]                                                                                                       
         }                                                                                                         
       ]                                                                                                           
     },                                                                                                            
     "Planning Time": 7407.626,                                                                                    
     "Triggers": [                                                                                                 
     ],                                                                                                            
     "Execution Time": 38596.092                                                                                   
