 [                                                                                                                 
   {                                                                                                               
     "Plan": {                                                                                                     
       "Node Type": "Aggregate",                                                                                   
       "Strategy": "Plain",                                                                                        
       "Partial Mode": "Simple",                                                                                   
       "Parallel Aware": false,                                                                                    
       "Startup Cost": 209025.89,                                                                                  
       "Total Cost": 209025.89,                                                                                    
       "Plan Rows": 1,                                                                                             
       "Plan Width": 64,                                                                                           
       "Actual Startup Time": 37584.461,                                                                           
       "Actual Total Time": 37584.461,                                                                             
       "Actual Rows": 1,                                                                                           
       "Actual Loops": 1,                                                                                          
       "Shared Hit Blocks": 24,                                                                                    
       "Shared Read Blocks": 402826,                                                                               
       "Shared Dirtied Blocks": 0,                                                                                 
       "Shared Written Blocks": 0,                                                                                 
       "Local Hit Blocks": 0,                                                                                      
       "Local Read Blocks": 0,                                                                                     
       "Local Dirtied Blocks": 0,                                                                                  
       "Local Written Blocks": 0,                                                                                  
       "Temp Read Blocks": 0,                                                                                      
       "Temp Written Blocks": 0,                                                                                   
       "Plans": [                                                                                                  
         {                                                                                                         
           "Node Type": "Merge Join",                                                                              
           "Parent Relationship": "Outer",                                                                         
           "Parallel Aware": false,                                                                                
           "Join Type": "Inner",                                                                                   
           "Startup Cost": 208258.69,                                                                              
           "Total Cost": 209025.86,                                                                                
           "Plan Rows": 188,                                                                                       
           "Plan Width": 33,                                                                                       
           "Actual Startup Time": 36489.244,                                                                       
           "Actual Total Time": 37513.907,                                                                         
           "Actual Rows": 249455,                                                                                  
           "Actual Loops": 1,                                                                                      
           "Inner Unique": true,                                                                                   
           "Merge Cond": "(an.person_id = n.id)",                                                                  
           "Shared Hit Blocks": 24,                                                                                
           "Shared Read Blocks": 402826,                                                                           
           "Shared Dirtied Blocks": 0,                                                                             
           "Shared Written Blocks": 0,                                                                             
           "Local Hit Blocks": 0,                                                                                  
           "Local Read Blocks": 0,                                                                                 
           "Local Dirtied Blocks": 0,                                                                              
           "Local Written Blocks": 0,                                                                              
           "Temp Read Blocks": 0,                                                                                  
           "Temp Written Blocks": 0,                                                                               
           "Plans": [                                                                                              
             {                                                                                                     
               "Node Type": "Merge Join",                                                                          
               "Parent Relationship": "Outer",                                                                     
               "Parallel Aware": false,                                                                            
               "Join Type": "Inner",                                                                               
               "Startup Cost": 191995.36,                                                                          
               "Total Cost": 192115.37,                                                                            
               "Plan Rows": 188,                                                                                   
               "Plan Width": 41,                                                                                   
               "Actual Startup Time": 33016.781,                                                                   
               "Actual Total Time": 33286.427,                                                                     
               "Actual Rows": 249455,                                                                              
               "Actual Loops": 1,                                                                                  
               "Inner Unique": false,                                                                              
               "Merge Cond": "(ci.person_id = an.person_id)",                                                      
               "Shared Hit Blocks": 22,                                                                            
               "Shared Read Blocks": 347215,                                                                       
               "Shared Dirtied Blocks": 0,                                                                         
               "Shared Written Blocks": 0,                                                                         
               "Local Hit Blocks": 0,                                                                              
               "Local Read Blocks": 0,                                                                             
               "Local Dirtied Blocks": 0,                                                                          
               "Local Written Blocks": 0,                                                                          
               "Temp Read Blocks": 0,                                                                              
               "Temp Written Blocks": 0,                                                                           
               "Plans": [                                                                                          
                 {                                                                                                 
                   "Node Type": "Sort",                                                                            
                   "Parent Relationship": "Outer",                                                                 
                   "Parallel Aware": false,                                                                        
                   "Startup Cost": 188806.96,                                                                      
                   "Total Cost": 188806.98,                                                                        
                   "Plan Rows": 216,                                                                               
                   "Plan Width": 21,                                                                               
                   "Actual Startup Time": 32254.636,                                                               
                   "Actual Total Time": 32278.920,                                                                 
                   "Actual Rows": 169273,                                                                          
                   "Actual Loops": 1,                                                                              
                   "Sort Key": ["ci.person_id"],                                                                   
                   "Sort Method": "quicksort",                                                                     
                   "Sort Space Used": 19262,                                                                       
                   "Sort Space Type": "Memory",                                                                    
                   "Shared Hit Blocks": 20,                                                                        
                   "Shared Read Blocks": 335822,                                                                   
                   "Shared Dirtied Blocks": 0,                                                                     
                   "Shared Written Blocks": 0,                                                                     
                   "Local Hit Blocks": 0,                                                                          
                   "Local Read Blocks": 0,                                                                         
                   "Local Dirtied Blocks": 0,                                                                      
                   "Local Written Blocks": 0,                                                                      
                   "Temp Read Blocks": 0,                                                                          
                   "Temp Written Blocks": 0,                                                                       
                   "Plans": [                                                                                      
                     {                                                                                             
                       "Node Type": "Merge Join",                                                                  
                       "Parent Relationship": "Outer",                                                             
                       "Parallel Aware": false,                                                                    
                       "Join Type": "Inner",                                                                       
                       "Startup Cost": 183071.23,                                                                  
                       "Total Cost": 188806.70,                                                                    
                       "Plan Rows": 216,                                                                           
                       "Plan Width": 21,                                                                           
                       "Actual Startup Time": 27328.904,                                                           
                       "Actual Total Time": 32180.054,                                                             
                       "Actual Rows": 169273,                                                                      
                       "Actual Loops": 1,                                                                          
                       "Inner Unique": false,                                                                      
                       "Merge Cond": "(t.id = ci.movie_id)",                                                       
                       "Shared Hit Blocks": 16,                                                                    
                       "Shared Read Blocks": 335822,                                                               
                       "Shared Dirtied Blocks": 0,                                                                 
                       "Shared Written Blocks": 0,                                                                 
                       "Local Hit Blocks": 0,                                                                      
                       "Local Read Blocks": 0,                                                                     
                       "Local Dirtied Blocks": 0,                                                                  
                       "Local Written Blocks": 0,                                                                  
                       "Temp Read Blocks": 0,                                                                      
                       "Temp Written Blocks": 0,                                                                   
                       "Plans": [                                                                                  
                         {                                                                                         
                           "Node Type": "Merge Join",                                                              
                           "Parent Relationship": "Outer",                                                         
                           "Parallel Aware": false,                                                                
                           "Join Type": "Inner",                                                                   
                           "Startup Cost": 31314.10,                                                               
                           "Total Cost": 31421.55,                                                                 
                           "Plan Rows": 19,                                                                        
                           "Plan Width": 29,                                                                       
                           "Actual Startup Time": 6394.885,                                                        
                           "Actual Total Time": 6606.075,                                                          
                           "Actual Rows": 6766,                                                                    
                           "Actual Loops": 1,                                                                      
                           "Inner Unique": true,                                                                   
                           "Merge Cond": "(mk.movie_id = t.id)",                                                   
                           "Shared Hit Blocks": 12,                                                                
                           "Shared Read Blocks": 83172,                                                            
                           "Shared Dirtied Blocks": 0,                                                             
                           "Shared Written Blocks": 0,                                                             
                           "Local Hit Blocks": 0,                                                                  
                           "Local Read Blocks": 0,                                                                 
                           "Local Dirtied Blocks": 0,                                                              
                           "Local Written Blocks": 0,                                                              
                           "Temp Read Blocks": 0,                                                                  
                           "Temp Written Blocks": 0,                                                               
                           "Plans": [                                                                              
                             {                                                                                     
                               "Node Type": "Sort",                                                                
                               "Parent Relationship": "Outer",                                                     
                               "Parallel Aware": false,                                                            
                               "Startup Cost": 27531.10,                                                           
                               "Total Cost": 27531.11,                                                             
                               "Plan Rows": 68,                                                                    
                               "Plan Width": 8,                                                                    
                               "Actual Startup Time": 4531.817,                                                    
                               "Actual Total Time": 4540.131,                                                      
                               "Actual Rows": 68316,                                                               
                               "Actual Loops": 1,                                                                  
                               "Sort Key": ["mc.movie_id"],                                                        
                               "Sort Method": "quicksort",                                                         
                               "Sort Space Used": 6275,                                                            
                               "Sort Space Type": "Memory",                                                        
                               "Shared Hit Blocks": 10,                                                            
                               "Shared Read Blocks": 47176,                                                        
                               "Shared Dirtied Blocks": 0,                                                         
                               "Shared Written Blocks": 0,                                                         
                               "Local Hit Blocks": 0,                                                              
                               "Local Read Blocks": 0,                                                             
                               "Local Dirtied Blocks": 0,                                                          
                               "Local Written Blocks": 0,                                                          
                               "Temp Read Blocks": 0,                                                              
                               "Temp Written Blocks": 0,                                                           
                               "Plans": [                                                                          
                                 {                                                                                 
                                   "Node Type": "Merge Join",                                                      
                                   "Parent Relationship": "Outer",                                                 
                                   "Parallel Aware": false,                                                        
                                   "Join Type": "Inner",                                                           
                                   "Startup Cost": 27517.83,                                                       
                                   "Total Cost": 27531.04,                                                         
                                   "Plan Rows": 68,                                                                
                                   "Plan Width": 8,                                                                
                                   "Actual Startup Time": 4446.904,                                                
                                   "Actual Total Time": 4508.149,                                                  
                                   "Actual Rows": 68316,                                                           
                                   "Actual Loops": 1,                                                              
                                   "Inner Unique": true,                                                           
                                   "Merge Cond": "(mc.company_id = cn.id)",                                        
                                   "Shared Hit Blocks": 10,                                                        
                                   "Shared Read Blocks": 47176,                                                    
                                   "Shared Dirtied Blocks": 0,                                                     
                                   "Shared Written Blocks": 0,                                                     
                                   "Local Hit Blocks": 0,                                                          
                                   "Local Read Blocks": 0,                                                         
                                   "Local Dirtied Blocks": 0,                                                      
                                   "Local Written Blocks": 0,                                                      
                                   "Temp Read Blocks": 0,                                                          
                                   "Temp Written Blocks": 0,                                                       
                                   "Plans": [                                                                      
                                     {                                                                             
                                       "Node Type": "Sort",                                                        
                                       "Parent Relationship": "Outer",                                             
                                       "Parallel Aware": false,                                                    
                                       "Startup Cost": 27173.73,                                                   
                                       "Total Cost": 27173.74,                                                     
                                       "Plan Rows": 190,                                                           
                                       "Plan Width": 12,                                                           
                                       "Actual Startup Time": 4266.123,                                            
                                       "Actual Total Time": 4282.237,                                              
                                       "Actual Rows": 148552,                                                      
                                       "Actual Loops": 1,                                                          
                                       "Sort Key": ["mc.company_id"],                                              
                                       "Sort Method": "quicksort",                                                 
                                       "Sort Space Used": 13108,                                                   
                                       "Sort Space Type": "Memory",                                                
                                       "Shared Hit Blocks": 8,                                                     
                                       "Shared Read Blocks": 44184,                                                
                                       "Shared Dirtied Blocks": 0,                                                 
                                       "Shared Written Blocks": 0,                                                 
                                       "Local Hit Blocks": 0,                                                      
                                       "Local Read Blocks": 0,                                                     
                                       "Local Dirtied Blocks": 0,                                                  
                                       "Local Written Blocks": 0,                                                  
                                       "Temp Read Blocks": 0,                                                      
                                       "Temp Written Blocks": 0,                                                   
                                       "Plans": [                                                                  
                                         {                                                                         
                                           "Node Type": "Merge Join",                                              
                                           "Parent Relationship": "Outer",                                         
                                           "Parallel Aware": false,                                                
                                           "Join Type": "Inner",                                                   
                                           "Startup Cost": 26768.34,                                               
                                           "Total Cost": 27173.50,                                                 
                                           "Plan Rows": 190,                                                       
                                           "Plan Width": 12,                                                       
                                           "Actual Startup Time": 3822.688,                                        
                                           "Actual Total Time": 4218.145,                                          
                                           "Actual Rows": 148552,                                                  
                                           "Actual Loops": 1,                                                      
                                           "Inner Unique": false,                                                  
                                           "Merge Cond": "(mk.movie_id = mc.movie_id)",                            
                                           "Shared Hit Blocks": 8,                                                 
                                           "Shared Read Blocks": 44184,                                            
                                           "Shared Dirtied Blocks": 0,                                             
                                           "Shared Written Blocks": 0,                                             
                                           "Local Hit Blocks": 0,                                                  
                                           "Local Read Blocks": 0,                                                 
                                           "Local Dirtied Blocks": 0,                                              
                                           "Local Written Blocks": 0,                                              
                                           "Temp Read Blocks": 0,                                                  
                                           "Temp Written Blocks": 0,                                               
                                           "Plans": [                                                              
                                             {                                                                     
                                               "Node Type": "Sort",                                                
                                               "Parent Relationship": "Outer",                                     
                                               "Parallel Aware": false,                                            
                                               "Startup Cost": 17362.89,                                           
                                               "Total Cost": 17362.89,                                             
                                               "Plan Rows": 34,                                                    
                                               "Plan Width": 4,                                                    
                                               "Actual Startup Time": 2353.474,                                    
                                               "Actual Total Time": 2357.807,                                      
                                               "Actual Rows": 41839,                                               
                                               "Actual Loops": 1,                                                  
                                               "Sort Key": ["mk.movie_id"],                                        
                                               "Sort Method": "quicksort",                                         
                                               "Sort Space Used": 3498,                                            
                                               "Sort Space Type": "Memory",                                        
                                               "Shared Hit Blocks": 5,                                             
                                               "Shared Read Blocks": 25398,                                        
                                               "Shared Dirtied Blocks": 0,                                         
                                               "Shared Written Blocks": 0,                                         
                                               "Local Hit Blocks": 0,                                              
                                               "Local Read Blocks": 0,                                             
                                               "Local Dirtied Blocks": 0,                                          
                                               "Local Written Blocks": 0,                                          
                                               "Temp Read Blocks": 0,                                              
                                               "Temp Written Blocks": 0,                                           
                                               "Plans": [                                                          
                                                 {                                                                 
                                                   "Node Type": "Merge Join",                                      
                                                   "Parent Relationship": "Outer",                                 
                                                   "Parallel Aware": false,                                        
                                                   "Join Type": "Inner",                                           
                                                   "Startup Cost": 16660.38,                                       
                                                   "Total Cost": 17362.86,                                         
                                                   "Plan Rows": 34,                                                
                                                   "Plan Width": 4,                                                
                                                   "Actual Startup Time": 2326.843,                                
                                                   "Actual Total Time": 2339.749,                                  
                                                   "Actual Rows": 41840,                                           
                                                   "Actual Loops": 1,                                              
                                                   "Inner Unique": false,                                          
                                                   "Merge Cond": "(k.id = mk.keyword_id)",                         
                                                   "Shared Hit Blocks": 5,                                         
                                                   "Shared Read Blocks": 25398,                                    
                                                   "Shared Dirtied Blocks": 0,                                     
                                                   "Shared Written Blocks": 0,                                     
                                                   "Local Hit Blocks": 0,                                          
                                                   "Local Read Blocks": 0,                                         
                                                   "Local Dirtied Blocks": 0,                                      
                                                   "Local Written Blocks": 0,                                      
                                                   "Temp Read Blocks": 0,                                          
                                                   "Temp Written Blocks": 0,                                       
                                                   "Plans": [                                                      
                                                     {                                                             
                                                       "Node Type": "Sort",                                        
                                                       "Parent Relationship": "Outer",                             
                                                       "Parallel Aware": false,                                    
                                                       "Startup Cost": 49.46,                                      
                                                       "Total Cost": 49.46,                                        
                                                       "Plan Rows": 1,                                             
                                                       "Plan Width": 4,                                            
                                                       "Actual Startup Time": 83.999,                              
                                                       "Actual Total Time": 83.999,                                
                                                       "Actual Rows": 1,                                           
                                                       "Actual Loops": 1,                                          
                                                       "Sort Key": ["k.id"],                                       
                                                       "Sort Method": "quicksort",                                 
                                                       "Sort Space Used": 25,                                      
                                                       "Sort Space Type": "Memory",                                
                                                       "Shared Hit Blocks": 2,                                     
                                                       "Shared Read Blocks": 947,                                  
                                                       "Shared Dirtied Blocks": 0,                                 
                                                       "Shared Written Blocks": 0,                                 
                                                       "Local Hit Blocks": 0,                                      
                                                       "Local Read Blocks": 0,                                     
                                                       "Local Dirtied Blocks": 0,                                  
                                                       "Local Written Blocks": 0,                                  
                                                       "Temp Read Blocks": 0,                                      
                                                       "Temp Written Blocks": 0,                                   
                                                       "Plans": [                                                  
                                                         {                                                         
                                                           "Node Type": "Seq Scan",                                
                                                           "Parent Relationship": "Outer",                         
                                                           "Parallel Aware": false,                                
                                                           "Relation Name": "keyword",                             
                                                           "Alias": "k",                                           
                                                           "Startup Cost": 0.00,                                   
                                                           "Total Cost": 49.46,                                    
                                                           "Plan Rows": 1,                                         
                                                           "Plan Width": 4,                                        
                                                           "Actual Startup Time": 22.736,                          
                                                           "Actual Total Time": 83.973,                            
                                                           "Actual Rows": 1,                                       
                                                           "Actual Loops": 1,                                      
                                                           "Filter": "(keyword = 'character-name-in-title'::text)",
                                                           "Rows Removed by Filter": 134169,                       
                                                           "Shared Hit Blocks": 2,                                 
                                                           "Shared Read Blocks": 947,                              
                                                           "Shared Dirtied Blocks": 0,                             
                                                           "Shared Written Blocks": 0,                             
                                                           "Local Hit Blocks": 0,                                  
                                                           "Local Read Blocks": 0,                                 
                                                           "Local Dirtied Blocks": 0,                              
                                                           "Local Written Blocks": 0,                              
                                                           "Temp Read Blocks": 0,                                  
                                                           "Temp Written Blocks": 0                                
                                                         }                                                         
                                                       ]                                                           
                                                     },                                                            
                                                     {                                                             
                                                       "Node Type": "Sort",                                        
                                                       "Parent Relationship": "Inner",                             
                                                       "Parallel Aware": false,                                    
                                                       "Startup Cost": 16610.92,                                   
                                                       "Total Cost": 16962.16,                                     
                                                       "Plan Rows": 4523930,                                       
                                                       "Plan Width": 8,                                            
                                                       "Actual Startup Time": 2210.261,                            
                                                       "Actual Total Time": 2233.803,                              
                                                       "Actual Rows": 163762,                                      
                                                       "Actual Loops": 1,                                          
                                                       "Sort Key": ["mk.keyword_id"],                              
                                                       "Sort Method": "quicksort",                                 
                                                       "Sort Space Used": 408668,                                  
                                                       "Sort Space Type": "Memory",                                
                                                       "Shared Hit Blocks": 3,                                     
                                                       "Shared Read Blocks": 24451,                                
                                                       "Shared Dirtied Blocks": 0,                                 
                                                       "Shared Written Blocks": 0,                                 
                                                       "Local Hit Blocks": 0,                                      
                                                       "Local Read Blocks": 0,                                     
                                                       "Local Dirtied Blocks": 0,                                  
                                                       "Local Written Blocks": 0,                                  
                                                       "Temp Read Blocks": 0,                                      
                                                       "Temp Written Blocks": 0,                                   
                                                       "Plans": [                                                  
                                                         {                                                         
                                                           "Node Type": "Seq Scan",                                
                                                           "Parent Relationship": "Outer",                         
                                                           "Parallel Aware": false,                                
                                                           "Relation Name": "movie_keyword",                       
                                                           "Alias": "mk",                                          
                                                           "Startup Cost": 0.00,                                   
                                                           "Total Cost": 1079.84,                                  
                                                           "Plan Rows": 4523930,                                   
                                                           "Plan Width": 8,                                        
                                                           "Actual Startup Time": 0.006,                           
                                                           "Actual Total Time": 778.237,                           
                                                           "Actual Rows": 4523930,                                 
                                                           "Actual Loops": 1,                                      
                                                           "Shared Hit Blocks": 3,                                 
                                                           "Shared Read Blocks": 24451,                            
                                                           "Shared Dirtied Blocks": 0,                             
                                                           "Shared Written Blocks": 0,                             
                                                           "Local Hit Blocks": 0,                                  
                                                           "Local Read Blocks": 0,                                 
                                                           "Local Dirtied Blocks": 0,                              
                                                           "Local Written Blocks": 0,                              
                                                           "Temp Read Blocks": 0,                                  
                                                           "Temp Written Blocks": 0                                
                                                         }                                                         
                                                       ]                                                           
                                                     }                                                             
                                                   ]                                                               
                                                 }                                                                 
                                               ]                                                                   
                                             },                                                                    
                                             {                                                                     
                                               "Node Type": "Sort",                                                
                                               "Parent Relationship": "Inner",                                     
                                               "Parallel Aware": false,                                            
                                               "Startup Cost": 9405.45,                                            
                                               "Total Cost": 9608.03,                                              
                                               "Plan Rows": 2609129,                                               
                                               "Plan Width": 8,                                                    
                                               "Actual Startup Time": 1469.103,                                    
                                               "Actual Total Time": 1589.804,                                      
                                               "Actual Rows": 2609194,                                             
                                               "Actual Loops": 1,                                                  
                                               "Sort Key": ["mc.movie_id"],                                        
                                               "Sort Method": "quicksort",                                         
                                               "Sort Space Used": 220607,                                          
                                               "Sort Space Type": "Memory",                                        
                                               "Shared Hit Blocks": 3,                                             
                                               "Shared Read Blocks": 18786,                                        
                                               "Shared Dirtied Blocks": 0,                                         
                                               "Shared Written Blocks": 0,                                         
                                               "Local Hit Blocks": 0,                                              
                                               "Local Read Blocks": 0,                                             
                                               "Local Dirtied Blocks": 0,                                          
                                               "Local Written Blocks": 0,                                          
                                               "Temp Read Blocks": 0,                                              
                                               "Temp Written Blocks": 0,                                           
                                               "Plans": [                                                          
                                                 {                                                                 
                                                   "Node Type": "Seq Scan",                                        
                                                   "Parent Relationship": "Outer",                                 
                                                   "Parallel Aware": false,                                        
                                                   "Relation Name": "movie_companies",                             
                                                   "Alias": "mc",                                                  
                                                   "Startup Cost": 0.00,                                           
                                                   "Total Cost": 769.75,                                           
                                                   "Plan Rows": 2609129,                                           
                                                   "Plan Width": 8,                                                
                                                   "Actual Startup Time": 0.014,                                   
                                                   "Actual Total Time": 540.766,                                   
                                                   "Actual Rows": 2609129,                                         
                                                   "Actual Loops": 1,                                              
                                                   "Shared Hit Blocks": 3,                                         
                                                   "Shared Read Blocks": 18786,                                    
                                                   "Shared Dirtied Blocks": 0,                                     
                                                   "Shared Written Blocks": 0,                                     
                                                   "Local Hit Blocks": 0,                                          
                                                   "Local Read Blocks": 0,                                         
                                                   "Local Dirtied Blocks": 0,                                      
                                                   "Local Written Blocks": 0,                                      
                                                   "Temp Read Blocks": 0,                                          
                                                   "Temp Written Blocks": 0                                        
                                                 }                                                                 
                                               ]                                                                   
                                             }                                                                     
                                           ]                                                                       
                                         }                                                                         
                                       ]                                                                           
                                     },                                                                            
                                     {                                                                             
                                       "Node Type": "Sort",                                                        
                                       "Parent Relationship": "Inner",                                             
                                       "Parallel Aware": false,                                                    
                                       "Startup Cost": 344.10,                                                     
                                       "Total Cost": 350.69,                                                       
                                       "Plan Rows": 84843,                                                         
                                       "Plan Width": 4,                                                            
                                       "Actual Startup Time": 180.773,                                             
                                       "Actual Total Time": 189.701,                                               
                                       "Actual Rows": 84843,                                                       
                                       "Actual Loops": 1,                                                          
                                       "Sort Key": ["cn.id"],                                                      
                                       "Sort Method": "quicksort",                                                 
                                       "Sort Space Used": 7050,                                                    
                                       "Sort Space Type": "Memory",                                                
                                       "Shared Hit Blocks": 2,                                                     
                                       "Shared Read Blocks": 2992,                                                 
                                       "Shared Dirtied Blocks": 0,                                                 
                                       "Shared Written Blocks": 0,                                                 
                                       "Local Hit Blocks": 0,                                                      
                                       "Local Read Blocks": 0,                                                     
                                       "Local Dirtied Blocks": 0,                                                  
                                       "Local Written Blocks": 0,                                                  
                                       "Temp Read Blocks": 0,                                                      
                                       "Temp Written Blocks": 0,                                                   
                                       "Plans": [                                                                  
                                         {                                                                         
                                           "Node Type": "Seq Scan",                                                
                                           "Parent Relationship": "Outer",                                         
                                           "Parallel Aware": false,                                                
                                           "Relation Name": "company_name",                                        
                                           "Alias": "cn",                                                          
                                           "Startup Cost": 0.00,                                                   
                                           "Total Cost": 128.41,                                                   
                                           "Plan Rows": 84843,                                                     
                                           "Plan Width": 4,                                                        
                                           "Actual Startup Time": 29.295,                                          
                                           "Actual Total Time": 141.289,                                           
                                           "Actual Rows": 84843,                                                   
                                           "Actual Loops": 1,                                                      
                                           "Filter": "((country_code)::text = '[us]'::text)",                      
                                           "Rows Removed by Filter": 150154,                                       
                                           "Shared Hit Blocks": 2,                                                 
                                           "Shared Read Blocks": 2992,                                             
                                           "Shared Dirtied Blocks": 0,                                             
                                           "Shared Written Blocks": 0,                                             
                                           "Local Hit Blocks": 0,                                                  
                                           "Local Read Blocks": 0,                                                 
                                           "Local Dirtied Blocks": 0,                                              
                                           "Local Written Blocks": 0,                                              
                                           "Temp Read Blocks": 0,                                                  
                                           "Temp Written Blocks": 0                                                
                                         }                                                                         
                                       ]                                                                           
                                     }                                                                             
                                   ]                                                                               
                                 }                                                                                 
                               ]                                                                                   
                             },                                                                                    
                             {                                                                                     
                               "Node Type": "Sort",                                                                
                               "Parent Relationship": "Inner",                                                     
                               "Parallel Aware": false,                                                            
                               "Startup Cost": 3783.00,                                                            
                               "Total Cost": 3836.77,                                                              
                               "Plan Rows": 692556,                                                                
                               "Plan Width": 21,                                                                   
                               "Actual Startup Time": 1862.220,                                                    
                               "Actual Total Time": 1956.986,                                                      
                               "Actual Rows": 691903,                                                              
                               "Actual Loops": 1,                                                                  
                               "Sort Key": ["t.id"],                                                               
                               "Sort Method": "quicksort",                                                         
                               "Sort Space Used": 70620,                                                           
                               "Sort Space Type": "Memory",                                                        
                               "Shared Hit Blocks": 2,                                                             
                               "Shared Read Blocks": 35996,                                                        
                               "Shared Dirtied Blocks": 0,                                                         
                               "Shared Written Blocks": 0,                                                         
                               "Local Hit Blocks": 0,                                                              
                               "Local Read Blocks": 0,                                                             
                               "Local Dirtied Blocks": 0,                                                          
                               "Local Written Blocks": 0,                                                          
                               "Temp Read Blocks": 0,                                                              
                               "Temp Written Blocks": 0,                                                           
                               "Plans": [                                                                          
                                 {                                                                                 
                                   "Node Type": "Seq Scan",                                                        
                                   "Parent Relationship": "Outer",                                                 
                                   "Parallel Aware": false,                                                        
                                   "Relation Name": "title",                                                       
                                   "Alias": "t",                                                                   
                                   "Startup Cost": 0.00,                                                           
                                   "Total Cost": 1696.56,                                                          
                                   "Plan Rows": 692556,                                                            
                                   "Plan Width": 21,                                                               
                                   "Actual Startup Time": 0.014,                                                   
                                   "Actual Total Time": 1487.531,                                                  
                                   "Actual Rows": 692556,                                                          
                                   "Actual Loops": 1,                                                              
                                   "Filter": "((episode_nr >= 5) AND (episode_nr < 100))",                         
                                   "Rows Removed by Filter": 1835756,                                              
                                   "Shared Hit Blocks": 2,                                                         
                                   "Shared Read Blocks": 35996,                                                    
                                   "Shared Dirtied Blocks": 0,                                                     
                                   "Shared Written Blocks": 0,                                                     
                                   "Local Hit Blocks": 0,                                                          
                                   "Local Read Blocks": 0,                                                         
                                   "Local Dirtied Blocks": 0,                                                      
                                   "Local Written Blocks": 0,                                                      
                                   "Temp Read Blocks": 0,                                                          
                                   "Temp Written Blocks": 0                                                        
                                 }                                                                                 
                               ]                                                                                   
                             }                                                                                     
                           ]                                                                                       
                         },                                                                                        
                         {                                                                                         
                           "Node Type": "Sort",                                                                    
                           "Parent Relationship": "Inner",                                                         
                           "Parallel Aware": false,                                                                
                           "Startup Cost": 151757.13,                                                              
                           "Total Cost": 154571.13,                                                                
                           "Plan Rows": 36244344,                                                                  
                           "Plan Width": 8,                                                                        
                           "Actual Startup Time": 20910.972,                                                       
                           "Actual Total Time": 22865.173,                                                         
                           "Actual Rows": 22308308,                                                                
                           "Actual Loops": 1,                                                                      
                           "Sort Key": ["ci.movie_id"],                                                            
                           "Sort Method": "quicksort",                                                             
                           "Sort Space Used": 3271818,                                                             
                           "Sort Space Type": "Memory",                                                            
                           "Shared Hit Blocks": 4,                                                                 
                           "Shared Read Blocks": 252650,                                                           
                           "Shared Dirtied Blocks": 0,                                                             
                           "Shared Written Blocks": 0,                                                             
                           "Local Hit Blocks": 0,                                                                  
                           "Local Read Blocks": 0,                                                                 
                           "Local Dirtied Blocks": 0,                                                              
                           "Local Written Blocks": 0,                                                              
                           "Temp Read Blocks": 0,                                                                  
                           "Temp Written Blocks": 0,                                                               
                           "Plans": [                                                                              
                             {                                                                                     
                               "Node Type": "Seq Scan",                                                            
                               "Parent Relationship": "Outer",                                                     
                               "Parallel Aware": false,                                                            
                               "Relation Name": "cast_info",                                                       
                               "Alias": "ci",                                                                      
                               "Startup Cost": 0.00,                                                               
                               "Total Cost": 10431.00,                                                             
                               "Plan Rows": 36244344,                                                              
                               "Plan Width": 8,                                                                    
                               "Actual Startup Time": 0.021,                                                       
                               "Actual Total Time": 6793.509,                                                      
                               "Actual Rows": 36244344,                                                            
                               "Actual Loops": 1,                                                                  
                               "Shared Hit Blocks": 4,                                                             
                               "Shared Read Blocks": 252650,                                                       
                               "Shared Dirtied Blocks": 0,                                                         
                               "Shared Written Blocks": 0,                                                         
                               "Local Hit Blocks": 0,                                                              
                               "Local Read Blocks": 0,                                                             
                               "Local Dirtied Blocks": 0,                                                          
                               "Local Written Blocks": 0,                                                          
                               "Temp Read Blocks": 0,                                                              
                               "Temp Written Blocks": 0                                                            
                             }                                                                                     
                           ]                                                                                       
                         }                                                                                         
                       ]                                                                                           
                     }                                                                                             
                   ]                                                                                               
                 },                                                                                                
                 {                                                                                                 
                   "Node Type": "Sort",                                                                            
                   "Parent Relationship": "Inner",                                                                 
                   "Parallel Aware": false,                                                                        
                   "Startup Cost": 3188.40,                                                                        
                   "Total Cost": 3258.38,                                                                          
                   "Plan Rows": 901343,                                                                            
                   "Plan Width": 20,                                                                               
                   "Actual Startup Time": 762.135,                                                                 
                   "Actual Total Time": 842.177,                                                                   
                   "Actual Rows": 994715,                                                                          
                   "Actual Loops": 1,                                                                              
                   "Sort Key": ["an.person_id"],                                                                   
                   "Sort Method": "quicksort",                                                                     
                   "Sort Space Used": 89763,                                                                       
                   "Sort Space Type": "Memory",                                                                    
                   "Shared Hit Blocks": 2,                                                                         
                   "Shared Read Blocks": 11393,                                                                    
                   "Shared Dirtied Blocks": 0,                                                                     
                   "Shared Written Blocks": 0,                                                                     
                   "Local Hit Blocks": 0,                                                                          
                   "Local Read Blocks": 0,                                                                         
                   "Local Dirtied Blocks": 0,                                                                      
                   "Local Written Blocks": 0,                                                                      
                   "Temp Read Blocks": 0,                                                                          
                   "Temp Written Blocks": 0,                                                                       
                   "Plans": [                                                                                      
                     {                                                                                             
                       "Node Type": "Seq Scan",                                                                    
                       "Parent Relationship": "Outer",                                                             
                       "Parallel Aware": false,                                                                    
                       "Relation Name": "aka_name",                                                                
                       "Alias": "an",                                                                              
                       "Startup Cost": 0.00,                                                                       
                       "Total Cost": 419.75,                                                                       
                       "Plan Rows": 901343,                                                                        
                       "Plan Width": 20,                                                                           
                       "Actual Startup Time": 0.015,                                                               
                       "Actual Total Time": 333.973,                                                               
                       "Actual Rows": 901343,                                                                      
                       "Actual Loops": 1,                                                                          
                       "Shared Hit Blocks": 2,                                                                     
                       "Shared Read Blocks": 11393,                                                                
                       "Shared Dirtied Blocks": 0,                                                                 
                       "Shared Written Blocks": 0,                                                                 
                       "Local Hit Blocks": 0,                                                                      
                       "Local Read Blocks": 0,                                                                     
                       "Local Dirtied Blocks": 0,                                                                  
                       "Local Written Blocks": 0,                                                                  
                       "Temp Read Blocks": 0,                                                                      
                       "Temp Written Blocks": 0                                                                    
                     }                                                                                             
                   ]                                                                                               
                 }                                                                                                 
               ]                                                                                                   
             },                                                                                                    
             {                                                                                                     
               "Node Type": "Sort",                                                                                
               "Parent Relationship": "Inner",                                                                     
               "Parallel Aware": false,                                                                            
               "Startup Cost": 16263.33,                                                                           
               "Total Cost": 16586.90,                                                                             
               "Plan Rows": 4167491,                                                                               
               "Plan Width": 4,                                                                                    
               "Actual Startup Time": 3472.439,                                                                    
               "Actual Total Time": 3779.335,                                                                      
               "Actual Rows": 4061471,                                                                             
               "Actual Loops": 1,                                                                                  
               "Sort Key": ["n.id"],                                                                               
               "Sort Method": "quicksort",                                                                         
               "Sort Space Used": 293656,                                                                          
               "Sort Space Type": "Memory",                                                                        
               "Shared Hit Blocks": 2,                                                                             
               "Shared Read Blocks": 55611,                                                                        
               "Shared Dirtied Blocks": 0,                                                                         
               "Shared Written Blocks": 0,                                                                         
               "Local Hit Blocks": 0,                                                                              
               "Local Read Blocks": 0,                                                                             
               "Local Dirtied Blocks": 0,                                                                          
               "Local Written Blocks": 0,                                                                          
               "Temp Read Blocks": 0,                                                                              
               "Temp Written Blocks": 0,                                                                           
               "Plans": [                                                                                          
                 {                                                                                                 
                   "Node Type": "Seq Scan",                                                                        
                   "Parent Relationship": "Outer",                                                                 
                   "Parallel Aware": false,                                                                        
                   "Relation Name": "name",                                                                        
                   "Alias": "n",                                                                                   
                   "Startup Cost": 0.00,                                                                           
                   "Total Cost": 2032.56,                                                                          
                   "Plan Rows": 4167491,                                                                           
                   "Plan Width": 4,                                                                                
                   "Actual Startup Time": 4.797,                                                                   
                   "Actual Total Time": 1696.862,                                                                  
                   "Actual Rows": 4167491,                                                                         
                   "Actual Loops": 1,                                                                              
                   "Shared Hit Blocks": 2,                                                                         
                   "Shared Read Blocks": 55611,                                                                    
                   "Shared Dirtied Blocks": 0,                                                                     
                   "Shared Written Blocks": 0,                                                                     
                   "Local Hit Blocks": 0,                                                                          
                   "Local Read Blocks": 0,                                                                         
                   "Local Dirtied Blocks": 0,                                                                      
                   "Local Written Blocks": 0,                                                                      
                   "Temp Read Blocks": 0,                                                                          
                   "Temp Written Blocks": 0                                                                        
                 }                                                                                                 
               ]                                                                                                   
             }                                                                                                     
           ]                                                                                                       
         }                                                                                                         
       ]                                                                                                           
     },                                                                                                            
     "Planning Time": 7276.437,                                                                                    
     "Triggers": [                                                                                                 
     ],                                                                                                            
     "Execution Time": 37734.004                                                                                   
   }                                                                                                               
 ]
