 [                                                                                                             
   {                                                                                                           
     "Plan": {                                                                                                 
       "Node Type": "Aggregate",                                                                               
       "Strategy": "Plain",                                                                                    
       "Partial Mode": "Simple",                                                                               
       "Parallel Aware": false,                                                                                
       "Startup Cost": 198354.81,                                                                              
       "Total Cost": 198354.81,                                                                                
       "Plan Rows": 1,                                                                                         
       "Plan Width": 64,                                                                                       
       "Actual Startup Time": 42316.801,                                                                       
       "Actual Total Time": 42316.801,                                                                         
       "Actual Rows": 1,                                                                                       
       "Actual Loops": 1,                                                                                      
       "Shared Hit Blocks": 20,                                                                                
       "Shared Read Blocks": 391435,                                                                           
       "Shared Dirtied Blocks": 0,                                                                             
       "Shared Written Blocks": 0,                                                                             
       "Local Hit Blocks": 0,                                                                                  
       "Local Read Blocks": 0,                                                                                 
       "Local Dirtied Blocks": 0,                                                                              
       "Local Written Blocks": 0,                                                                              
       "Temp Read Blocks": 0,                                                                                  
       "Temp Written Blocks": 0,                                                                               
       "Plans": [                                                                                              
         {                                                                                                     
           "Node Type": "Merge Join",                                                                          
           "Parent Relationship": "Outer",                                                                     
           "Parallel Aware": false,                                                                            
           "Join Type": "Inner",                                                                               
           "Startup Cost": 198302.61,                                                                          
           "Total Cost": 198354.80,                                                                            
           "Plan Rows": 65,                                                                                    
           "Plan Width": 15,                                                                                   
           "Actual Startup Time": 41420.181,                                                                   
           "Actual Total Time": 42261.568,                                                                     
           "Actual Rows": 258289,                                                                              
           "Actual Loops": 1,                                                                                  
           "Inner Unique": true,                                                                               
           "Merge Cond": "(ci.person_id = n.id)",                                                              
           "Shared Hit Blocks": 20,                                                                            
           "Shared Read Blocks": 391435,                                                                       
           "Shared Dirtied Blocks": 0,                                                                         
           "Shared Written Blocks": 0,                                                                         
           "Local Hit Blocks": 0,                                                                              
           "Local Read Blocks": 0,                                                                             
           "Local Dirtied Blocks": 0,                                                                          
           "Local Written Blocks": 0,                                                                          
           "Temp Read Blocks": 0,                                                                              
           "Temp Written Blocks": 0,                                                                           
           "Plans": [                                                                                          
             {                                                                                                 
               "Node Type": "Sort",                                                                            
               "Parent Relationship": "Outer",                                                                 
               "Parallel Aware": false,                                                                        
               "Startup Cost": 194964.08,                                                                      
               "Total Cost": 194964.14,                                                                        
               "Plan Rows": 789,                                                                               
               "Plan Width": 4,                                                                                
               "Actual Startup Time": 38702.483,                                                               
               "Actual Total Time": 39114.053,                                                                 
               "Actual Rows": 2832555,                                                                         
               "Actual Loops": 1,                                                                              
               "Sort Key": ["ci.person_id"],                                                                   
               "Sort Method": "quicksort",                                                                     
               "Sort Space Used": 231081,                                                                      
               "Sort Space Type": "Memory",                                                                    
               "Shared Hit Blocks": 19,                                                                        
               "Shared Read Blocks": 335823,                                                                   
               "Shared Dirtied Blocks": 0,                                                                     
               "Shared Written Blocks": 0,                                                                     
               "Local Hit Blocks": 0,                                                                          
               "Local Read Blocks": 0,                                                                         
               "Local Dirtied Blocks": 0,                                                                      
               "Local Written Blocks": 0,                                                                      
               "Temp Read Blocks": 0,                                                                          
               "Temp Written Blocks": 0,                                                                       
               "Plans": [                                                                                      
                 {                                                                                             
                   "Node Type": "Merge Join",                                                                  
                   "Parent Relationship": "Outer",                                                             
                   "Parallel Aware": false,                                                                    
                   "Join Type": "Inner",                                                                       
                   "Startup Cost": 188942.59,                                                                  
                   "Total Cost": 194962.90,                                                                    
                   "Plan Rows": 789,                                                                           
                   "Plan Width": 4,                                                                            
                   "Actual Startup Time": 27823.202,                                                           
                   "Actual Total Time": 37688.259,                                                             
                   "Actual Rows": 2832555,                                                                     
                   "Actual Loops": 1,                                                                          
                   "Inner Unique": false,                                                                      
                   "Merge Cond": "(t.id = ci.movie_id)",                                                       
                   "Shared Hit Blocks": 15,                                                                    
                   "Shared Read Blocks": 335823,                                                               
                   "Shared Dirtied Blocks": 0,                                                                 
                   "Shared Written Blocks": 0,                                                                 
                   "Local Hit Blocks": 0,                                                                      
                   "Local Read Blocks": 0,                                                                     
                   "Local Dirtied Blocks": 0,                                                                  
                   "Local Written Blocks": 0,                                                                  
                   "Temp Read Blocks": 0,                                                                      
                   "Temp Written Blocks": 0,                                                                   
                   "Plans": [                                                                                  
                     {                                                                                         
                       "Node Type": "Merge Join",                                                              
                       "Parent Relationship": "Outer",                                                         
                       "Parallel Aware": false,                                                                
                       "Join Type": "Inner",                                                                   
                       "Startup Cost": 37185.46,                                                               
                       "Total Cost": 37577.70,                                                                 
                       "Plan Rows": 68,                                                                        
                       "Plan Width": 12,                                                                       
                       "Actual Startup Time": 6819.087,                                                        
                       "Actual Total Time": 7496.209,                                                          
                       "Actual Rows": 68316,                                                                   
                       "Actual Loops": 1,                                                                      
                       "Inner Unique": true,                                                                   
                       "Merge Cond": "(mk.movie_id = t.id)",                                                   
                       "Shared Hit Blocks": 11,                                                                
                       "Shared Read Blocks": 83173,                                                            
                       "Shared Dirtied Blocks": 0,                                                             
                       "Shared Written Blocks": 0,                                                             
                       "Local Hit Blocks": 0,                                                                  
                       "Local Read Blocks": 0,                                                                 
                       "Local Dirtied Blocks": 0,                                                              
                       "Local Written Blocks": 0,                                                              
                       "Temp Read Blocks": 0,                                                                  
                       "Temp Written Blocks": 0,                                                               
                       "Plans": [                                                                              
                         {                                                                                     
                           "Node Type": "Sort",                                                                
                           "Parent Relationship": "Outer",                                                     
                           "Parallel Aware": false,                                                            
                           "Startup Cost": 27531.10,                                                           
                           "Total Cost": 27531.11,                                                             
                           "Plan Rows": 68,                                                                    
                           "Plan Width": 8,                                                                    
                           "Actual Startup Time": 4507.815,                                                    
                           "Actual Total Time": 4519.702,                                                      
                           "Actual Rows": 68316,                                                               
                           "Actual Loops": 1,                                                                  
                           "Sort Key": ["mc.movie_id"],                                                        
                           "Sort Method": "quicksort",                                                         
                           "Sort Space Used": 6275,                                                            
                           "Sort Space Type": "Memory",                                                        
                           "Shared Hit Blocks": 10,                                                            
                           "Shared Read Blocks": 47176,                                                        
                           "Shared Dirtied Blocks": 0,                                                         
                           "Shared Written Blocks": 0,                                                         
                           "Local Hit Blocks": 0,                                                              
                           "Local Read Blocks": 0,                                                             
                           "Local Dirtied Blocks": 0,                                                          
                           "Local Written Blocks": 0,                                                          
                           "Temp Read Blocks": 0,                                                              
                           "Temp Written Blocks": 0,                                                           
                           "Plans": [                                                                          
                             {                                                                                 
                               "Node Type": "Merge Join",                                                      
                               "Parent Relationship": "Outer",                                                 
                               "Parallel Aware": false,                                                        
                               "Join Type": "Inner",                                                           
                               "Startup Cost": 27517.83,                                                       
                               "Total Cost": 27531.04,                                                         
                               "Plan Rows": 68,                                                                
                               "Plan Width": 8,                                                                
                               "Actual Startup Time": 4421.705,                                                
                               "Actual Total Time": 4484.346,                                                  
                               "Actual Rows": 68316,                                                           
                               "Actual Loops": 1,                                                              
                               "Inner Unique": true,                                                           
                               "Merge Cond": "(mc.company_id = cn.id)",                                        
                               "Shared Hit Blocks": 10,                                                        
                               "Shared Read Blocks": 47176,                                                    
                               "Shared Dirtied Blocks": 0,                                                     
                               "Shared Written Blocks": 0,                                                     
                               "Local Hit Blocks": 0,                                                          
                               "Local Read Blocks": 0,                                                         
                               "Local Dirtied Blocks": 0,                                                      
                               "Local Written Blocks": 0,                                                      
                               "Temp Read Blocks": 0,                                                          
                               "Temp Written Blocks": 0,                                                       
                               "Plans": [                                                                      
                                 {                                                                             
                                   "Node Type": "Sort",                                                        
                                   "Parent Relationship": "Outer",                                             
                                   "Parallel Aware": false,                                                    
                                   "Startup Cost": 27173.73,                                                   
                                   "Total Cost": 27173.74,                                                     
                                   "Plan Rows": 190,                                                           
                                   "Plan Width": 12,                                                           
                                   "Actual Startup Time": 4262.536,                                            
                                   "Actual Total Time": 4279.061,                                              
                                   "Actual Rows": 148552,                                                      
                                   "Actual Loops": 1,                                                          
                                   "Sort Key": ["mc.company_id"],                                              
                                   "Sort Method": "quicksort",                                                 
                                   "Sort Space Used": 13108,                                                   
                                   "Sort Space Type": "Memory",                                                
                                   "Shared Hit Blocks": 8,                                                     
                                   "Shared Read Blocks": 44184,                                                
                                   "Shared Dirtied Blocks": 0,                                                 
                                   "Shared Written Blocks": 0,                                                 
                                   "Local Hit Blocks": 0,                                                      
                                   "Local Read Blocks": 0,                                                     
                                   "Local Dirtied Blocks": 0,                                                  
                                   "Local Written Blocks": 0,                                                  
                                   "Temp Read Blocks": 0,                                                      
                                   "Temp Written Blocks": 0,                                                   
                                   "Plans": [                                                                  
                                     {                                                                         
                                       "Node Type": "Merge Join",                                              
                                       "Parent Relationship": "Outer",                                         
                                       "Parallel Aware": false,                                                
                                       "Join Type": "Inner",                                                   
                                       "Startup Cost": 26768.34,                                               
                                       "Total Cost": 27173.50,                                                 
                                       "Plan Rows": 190,                                                       
                                       "Plan Width": 12,                                                       
                                       "Actual Startup Time": 3820.874,                                        
                                       "Actual Total Time": 4214.209,                                          
                                       "Actual Rows": 148552,                                                  
                                       "Actual Loops": 1,                                                      
                                       "Inner Unique": false,                                                  
                                       "Merge Cond": "(mk.movie_id = mc.movie_id)",                            
                                       "Shared Hit Blocks": 8,                                                 
                                       "Shared Read Blocks": 44184,                                            
                                       "Shared Dirtied Blocks": 0,                                             
                                       "Shared Written Blocks": 0,                                             
                                       "Local Hit Blocks": 0,                                                  
                                       "Local Read Blocks": 0,                                                 
                                       "Local Dirtied Blocks": 0,                                              
                                       "Local Written Blocks": 0,                                              
                                       "Temp Read Blocks": 0,                                                  
                                       "Temp Written Blocks": 0,                                               
                                       "Plans": [                                                              
                                         {                                                                     
                                           "Node Type": "Sort",                                                
                                           "Parent Relationship": "Outer",                                     
                                           "Parallel Aware": false,                                            
                                           "Startup Cost": 17362.89,                                           
                                           "Total Cost": 17362.89,                                             
                                           "Plan Rows": 34,                                                    
                                           "Plan Width": 4,                                                    
                                           "Actual Startup Time": 2363.058,                                    
                                           "Actual Total Time": 2367.231,                                      
                                           "Actual Rows": 41839,                                               
                                           "Actual Loops": 1,                                                  
                                           "Sort Key": ["mk.movie_id"],                                        
                                           "Sort Method": "quicksort",                                         
                                           "Sort Space Used": 3498,                                            
                                           "Sort Space Type": "Memory",                                        
                                           "Shared Hit Blocks": 5,                                             
                                           "Shared Read Blocks": 25398,                                        
                                           "Shared Dirtied Blocks": 0,                                         
                                           "Shared Written Blocks": 0,                                         
                                           "Local Hit Blocks": 0,                                              
                                           "Local Read Blocks": 0,                                             
                                           "Local Dirtied Blocks": 0,                                          
                                           "Local Written Blocks": 0,                                          
                                           "Temp Read Blocks": 0,                                              
                                           "Temp Written Blocks": 0,                                           
                                           "Plans": [                                                          
                                             {                                                                 
                                               "Node Type": "Merge Join",                                      
                                               "Parent Relationship": "Outer",                                 
                                               "Parallel Aware": false,                                        
                                               "Join Type": "Inner",                                           
                                               "Startup Cost": 16660.38,                                       
                                               "Total Cost": 17362.86,                                         
                                               "Plan Rows": 34,                                                
                                               "Plan Width": 4,                                                
                                               "Actual Startup Time": 2335.817,                                
                                               "Actual Total Time": 2349.015,                                  
                                               "Actual Rows": 41840,                                           
                                               "Actual Loops": 1,                                              
                                               "Inner Unique": false,                                          
                                               "Merge Cond": "(k.id = mk.keyword_id)",                         
                                               "Shared Hit Blocks": 5,                                         
                                               "Shared Read Blocks": 25398,                                    
                                               "Shared Dirtied Blocks": 0,                                     
                                               "Shared Written Blocks": 0,                                     
                                               "Local Hit Blocks": 0,                                          
                                               "Local Read Blocks": 0,                                         
                                               "Local Dirtied Blocks": 0,                                      
                                               "Local Written Blocks": 0,                                      
                                               "Temp Read Blocks": 0,                                          
                                               "Temp Written Blocks": 0,                                       
                                               "Plans": [                                                      
                                                 {                                                             
                                                   "Node Type": "Sort",                                        
                                                   "Parent Relationship": "Outer",                             
                                                   "Parallel Aware": false,                                    
                                                   "Startup Cost": 49.46,                                      
                                                   "Total Cost": 49.46,                                        
                                                   "Plan Rows": 1,                                             
                                                   "Plan Width": 4,                                            
                                                   "Actual Startup Time": 84.240,                              
                                                   "Actual Total Time": 84.241,                                
                                                   "Actual Rows": 1,                                           
                                                   "Actual Loops": 1,                                          
                                                   "Sort Key": ["k.id"],                                       
                                                   "Sort Method": "quicksort",                                 
                                                   "Sort Space Used": 25,                                      
                                                   "Sort Space Type": "Memory",                                
                                                   "Shared Hit Blocks": 2,                                     
                                                   "Shared Read Blocks": 947,                                  
                                                   "Shared Dirtied Blocks": 0,                                 
                                                   "Shared Written Blocks": 0,                                 
                                                   "Local Hit Blocks": 0,                                      
                                                   "Local Read Blocks": 0,                                     
                                                   "Local Dirtied Blocks": 0,                                  
                                                   "Local Written Blocks": 0,                                  
                                                   "Temp Read Blocks": 0,                                      
                                                   "Temp Written Blocks": 0,                                   
                                                   "Plans": [                                                  
                                                     {                                                         
                                                       "Node Type": "Seq Scan",                                
                                                       "Parent Relationship": "Outer",                         
                                                       "Parallel Aware": false,                                
                                                       "Relation Name": "keyword",                             
                                                       "Alias": "k",                                           
                                                       "Startup Cost": 0.00,                                   
                                                       "Total Cost": 49.46,                                    
                                                       "Plan Rows": 1,                                         
                                                       "Plan Width": 4,                                        
                                                       "Actual Startup Time": 22.974,                          
                                                       "Actual Total Time": 84.220,                            
                                                       "Actual Rows": 1,                                       
                                                       "Actual Loops": 1,                                      
                                                       "Filter": "(keyword = 'character-name-in-title'::text)",
                                                       "Rows Removed by Filter": 134169,                       
                                                       "Shared Hit Blocks": 2,                                 
                                                       "Shared Read Blocks": 947,                              
                                                       "Shared Dirtied Blocks": 0,                             
                                                       "Shared Written Blocks": 0,                             
                                                       "Local Hit Blocks": 0,                                  
                                                       "Local Read Blocks": 0,                                 
                                                       "Local Dirtied Blocks": 0,                              
                                                       "Local Written Blocks": 0,                              
                                                       "Temp Read Blocks": 0,                                  
                                                       "Temp Written Blocks": 0                                
                                                     }                                                         
                                                   ]                                                           
                                                 },                                                            
                                                 {                                                             
                                                   "Node Type": "Sort",                                        
                                                   "Parent Relationship": "Inner",                             
                                                   "Parallel Aware": false,                                    
                                                   "Startup Cost": 16610.92,                                   
                                                   "Total Cost": 16962.16,                                     
                                                   "Plan Rows": 4523930,                                       
                                                   "Plan Width": 8,                                            
                                                   "Actual Startup Time": 2217.613,                            
                                                   "Actual Total Time": 2242.395,                              
                                                   "Actual Rows": 163762,                                      
                                                   "Actual Loops": 1,                                          
                                                   "Sort Key": ["mk.keyword_id"],                              
                                                   "Sort Method": "quicksort",                                 
                                                   "Sort Space Used": 408668,                                  
                                                   "Sort Space Type": "Memory",                                
                                                   "Shared Hit Blocks": 3,                                     
                                                   "Shared Read Blocks": 24451,                                
                                                   "Shared Dirtied Blocks": 0,                                 
                                                   "Shared Written Blocks": 0,                                 
                                                   "Local Hit Blocks": 0,                                      
                                                   "Local Read Blocks": 0,                                     
                                                   "Local Dirtied Blocks": 0,                                  
                                                   "Local Written Blocks": 0,                                  
                                                   "Temp Read Blocks": 0,                                      
                                                   "Temp Written Blocks": 0,                                   
                                                   "Plans": [                                                  
                                                     {                                                         
                                                       "Node Type": "Seq Scan",                                
                                                       "Parent Relationship": "Outer",                         
                                                       "Parallel Aware": false,                                
                                                       "Relation Name": "movie_keyword",                       
                                                       "Alias": "mk",                                          
                                                       "Startup Cost": 0.00,                                   
                                                       "Total Cost": 1079.84,                                  
                                                       "Plan Rows": 4523930,                                   
                                                       "Plan Width": 8,                                        
                                                       "Actual Startup Time": 0.017,                           
                                                       "Actual Total Time": 783.430,                           
                                                       "Actual Rows": 4523930,                                 
                                                       "Actual Loops": 1,                                      
                                                       "Shared Hit Blocks": 3,                                 
                                                       "Shared Read Blocks": 24451,                            
                                                       "Shared Dirtied Blocks": 0,                             
                                                       "Shared Written Blocks": 0,                             
                                                       "Local Hit Blocks": 0,                                  
                                                       "Local Read Blocks": 0,                                 
                                                       "Local Dirtied Blocks": 0,                              
                                                       "Local Written Blocks": 0,                              
                                                       "Temp Read Blocks": 0,                                  
                                                       "Temp Written Blocks": 0                                
                                                     }                                                         
                                                   ]                                                           
                                                 }                                                             
                                               ]                                                               
                                             }                                                                 
                                           ]                                                                   
                                         },                                                                    
                                         {                                                                     
                                           "Node Type": "Sort",                                                
                                           "Parent Relationship": "Inner",                                     
                                           "Parallel Aware": false,                                            
                                           "Startup Cost": 9405.45,                                            
                                           "Total Cost": 9608.03,                                              
                                           "Plan Rows": 2609129,                                               
                                           "Plan Width": 8,                                                    
                                           "Actual Startup Time": 1457.700,                                    
                                           "Actual Total Time": 1577.330,                                      
                                           "Actual Rows": 2609194,                                             
                                           "Actual Loops": 1,                                                  
                                           "Sort Key": ["mc.movie_id"],                                        
                                           "Sort Method": "quicksort",                                         
                                           "Sort Space Used": 220607,                                          
                                           "Sort Space Type": "Memory",                                        
                                           "Shared Hit Blocks": 3,                                             
                                           "Shared Read Blocks": 18786,                                        
                                           "Shared Dirtied Blocks": 0,                                         
                                           "Shared Written Blocks": 0,                                         
                                           "Local Hit Blocks": 0,                                              
                                           "Local Read Blocks": 0,                                             
                                           "Local Dirtied Blocks": 0,                                          
                                           "Local Written Blocks": 0,                                          
                                           "Temp Read Blocks": 0,                                              
                                           "Temp Written Blocks": 0,                                           
                                           "Plans": [                                                          
                                             {                                                                 
                                               "Node Type": "Seq Scan",                                        
                                               "Parent Relationship": "Outer",                                 
                                               "Parallel Aware": false,                                        
                                               "Relation Name": "movie_companies",                             
                                               "Alias": "mc",                                                  
                                               "Startup Cost": 0.00,                                           
                                               "Total Cost": 769.75,                                           
                                               "Plan Rows": 2609129,                                           
                                               "Plan Width": 8,                                                
                                               "Actual Startup Time": 0.014,                                   
                                               "Actual Total Time": 538.184,                                   
                                               "Actual Rows": 2609129,                                         
                                               "Actual Loops": 1,                                              
                                               "Shared Hit Blocks": 3,                                         
                                               "Shared Read Blocks": 18786,                                    
                                               "Shared Dirtied Blocks": 0,                                     
                                               "Shared Written Blocks": 0,                                     
                                               "Local Hit Blocks": 0,                                          
                                               "Local Read Blocks": 0,                                         
                                               "Local Dirtied Blocks": 0,                                      
                                               "Local Written Blocks": 0,                                      
                                               "Temp Read Blocks": 0,                                          
                                               "Temp Written Blocks": 0                                        
                                             }                                                                 
                                           ]                                                                   
                                         }                                                                     
                                       ]                                                                       
                                     }                                                                         
                                   ]                                                                           
                                 },                                                                            
                                 {                                                                             
                                   "Node Type": "Sort",                                                        
                                   "Parent Relationship": "Inner",                                             
                                   "Parallel Aware": false,                                                    
                                   "Startup Cost": 344.10,                                                     
                                   "Total Cost": 350.69,                                                       
                                   "Plan Rows": 84843,                                                         
                                   "Plan Width": 4,                                                            
                                   "Actual Startup Time": 159.160,                                             
                                   "Actual Total Time": 168.402,                                               
                                   "Actual Rows": 84843,                                                       
                                   "Actual Loops": 1,                                                          
                                   "Sort Key": ["cn.id"],                                                      
                                   "Sort Method": "quicksort",                                                 
                                   "Sort Space Used": 7050,                                                    
                                   "Sort Space Type": "Memory",                                                
                                   "Shared Hit Blocks": 2,                                                     
                                   "Shared Read Blocks": 2992,                                                 
                                   "Shared Dirtied Blocks": 0,                                                 
                                   "Shared Written Blocks": 0,                                                 
                                   "Local Hit Blocks": 0,                                                      
                                   "Local Read Blocks": 0,                                                     
                                   "Local Dirtied Blocks": 0,                                                  
                                   "Local Written Blocks": 0,                                                  
                                   "Temp Read Blocks": 0,                                                      
                                   "Temp Written Blocks": 0,                                                   
                                   "Plans": [                                                                  
                                     {                                                                         
                                       "Node Type": "Seq Scan",                                                
                                       "Parent Relationship": "Outer",                                         
                                       "Parallel Aware": false,                                                
                                       "Relation Name": "company_name",                                        
                                       "Alias": "cn",                                                          
                                       "Startup Cost": 0.00,                                                   
                                       "Total Cost": 128.41,                                                   
                                       "Plan Rows": 84843,                                                     
                                       "Plan Width": 4,                                                        
                                       "Actual Startup Time": 7.884,                                           
                                       "Actual Total Time": 119.091,                                           
                                       "Actual Rows": 84843,                                                   
                                       "Actual Loops": 1,                                                      
                                       "Filter": "((country_code)::text = '[us]'::text)",                      
                                       "Rows Removed by Filter": 150154,                                       
                                       "Shared Hit Blocks": 2,                                                 
                                       "Shared Read Blocks": 2992,                                             
                                       "Shared Dirtied Blocks": 0,                                             
                                       "Shared Written Blocks": 0,                                             
                                       "Local Hit Blocks": 0,                                                  
                                       "Local Read Blocks": 0,                                                 
                                       "Local Dirtied Blocks": 0,                                              
                                       "Local Written Blocks": 0,                                              
                                       "Temp Read Blocks": 0,                                                  
                                       "Temp Written Blocks": 0                                                
                                     }                                                                         
                                   ]                                                                           
                                 }                                                                             
                               ]                                                                               
                             }                                                                                 
                           ]                                                                                   
                         },                                                                                    
                         {                                                                                     
                           "Node Type": "Sort",                                                                
                           "Parent Relationship": "Inner",                                                     
                           "Parallel Aware": false,                                                            
                           "Startup Cost": 9654.35,                                                            
                           "Total Cost": 9850.65,                                                              
                           "Plan Rows": 2528312,                                                               
                           "Plan Width": 4,                                                                    
                           "Actual Startup Time": 2310.981,                                                    
                           "Actual Total Time": 2670.019,                                                      
                           "Actual Rows": 2524891,                                                             
                           "Actual Loops": 1,                                                                  
                           "Sort Key": ["t.id"],                                                               
                           "Sort Method": "quicksort",                                                         
                           "Sort Space Used": 216819,                                                          
                           "Sort Space Type": "Memory",                                                        
                           "Shared Hit Blocks": 1,                                                             
                           "Shared Read Blocks": 35997,                                                        
                           "Shared Dirtied Blocks": 0,                                                         
                           "Shared Written Blocks": 0,                                                         
                           "Local Hit Blocks": 0,                                                              
                           "Local Read Blocks": 0,                                                             
                           "Local Dirtied Blocks": 0,                                                          
                           "Local Written Blocks": 0,                                                          
                           "Temp Read Blocks": 0,                                                              
                           "Temp Written Blocks": 0,                                                           
                           "Plans": [                                                                          
                             {                                                                                 
                               "Node Type": "Seq Scan",                                                        
                               "Parent Relationship": "Outer",                                                 
                               "Parallel Aware": false,                                                        
                               "Relation Name": "title",                                                       
                               "Alias": "t",                                                                   
                               "Startup Cost": 0.00,                                                           
                               "Total Cost": 1303.96,                                                          
                               "Plan Rows": 2528312,                                                           
                               "Plan Width": 4,                                                                
                               "Actual Startup Time": 4.567,                                                   
                               "Actual Total Time": 1102.877,                                                  
                               "Actual Rows": 2528312,                                                         
                               "Actual Loops": 1,                                                              
                               "Shared Hit Blocks": 1,                                                         
                               "Shared Read Blocks": 35997,                                                    
                               "Shared Dirtied Blocks": 0,                                                     
                               "Shared Written Blocks": 0,                                                     
                               "Local Hit Blocks": 0,                                                          
                               "Local Read Blocks": 0,                                                         
                               "Local Dirtied Blocks": 0,                                                      
                               "Local Written Blocks": 0,                                                      
                               "Temp Read Blocks": 0,                                                          
                               "Temp Written Blocks": 0                                                        
                             }                                                                                 
                           ]                                                                                   
                         }                                                                                     
                       ]                                                                                       
                     },                                                                                        
                     {                                                                                         
                       "Node Type": "Sort",                                                                    
                       "Parent Relationship": "Inner",                                                         
                       "Parallel Aware": false,                                                                
                       "Startup Cost": 151757.13,                                                              
                       "Total Cost": 154571.13,                                                                
                       "Plan Rows": 36244344,                                                                  
                       "Plan Width": 8,                                                                        
                       "Actual Startup Time": 20993.820,                                                       
                       "Actual Total Time": 25451.477,                                                         
                       "Actual Rows": 38314797,                                                                
                       "Actual Loops": 1,                                                                      
                       "Sort Key": ["ci.movie_id"],                                                            
                       "Sort Method": "quicksort",                                                             
                       "Sort Space Used": 3271818,                                                             
                       "Sort Space Type": "Memory",                                                            
                       "Shared Hit Blocks": 4,                                                                 
                       "Shared Read Blocks": 252650,                                                           
                       "Shared Dirtied Blocks": 0,                                                             
                       "Shared Written Blocks": 0,                                                             
                       "Local Hit Blocks": 0,                                                                  
                       "Local Read Blocks": 0,                                                                 
                       "Local Dirtied Blocks": 0,                                                              
                       "Local Written Blocks": 0,                                                              
                       "Temp Read Blocks": 0,                                                                  
                       "Temp Written Blocks": 0,                                                               
                       "Plans": [                                                                              
                         {                                                                                     
                           "Node Type": "Seq Scan",                                                            
                           "Parent Relationship": "Outer",                                                     
                           "Parallel Aware": false,                                                            
                           "Relation Name": "cast_info",                                                       
                           "Alias": "ci",                                                                      
                           "Startup Cost": 0.00,                                                               
                           "Total Cost": 10431.00,                                                             
                           "Plan Rows": 36244344,                                                              
                           "Plan Width": 8,                                                                    
                           "Actual Startup Time": 0.016,                                                       
                           "Actual Total Time": 6822.781,                                                      
                           "Actual Rows": 36244344,                                                            
                           "Actual Loops": 1,                                                                  
                           "Shared Hit Blocks": 4,                                                             
                           "Shared Read Blocks": 252650,                                                       
                           "Shared Dirtied Blocks": 0,                                                         
                           "Shared Written Blocks": 0,                                                         
                           "Local Hit Blocks": 0,                                                              
                           "Local Read Blocks": 0,                                                             
                           "Local Dirtied Blocks": 0,                                                          
                           "Local Written Blocks": 0,                                                          
                           "Temp Read Blocks": 0,                                                              
                           "Temp Written Blocks": 0                                                            
                         }                                                                                     
                       ]                                                                                       
                     }                                                                                         
                   ]                                                                                           
                 }                                                                                             
               ]                                                                                               
             },                                                                                                
             {                                                                                                 
               "Node Type": "Sort",                                                                            
               "Parent Relationship": "Inner",                                                                 
               "Parallel Aware": false,                                                                        
               "Startup Cost": 3338.53,                                                                        
               "Total Cost": 3365.24,                                                                          
               "Plan Rows": 343991,                                                                            
               "Plan Width": 19,                                                                               
               "Actual Startup Time": 2701.875,                                                                
               "Actual Total Time": 2740.932,                                                                  
               "Actual Rows": 334765,                                                                          
               "Actual Loops": 1,                                                                              
               "Sort Key": ["n.id"],                                                                           
               "Sort Method": "quicksort",                                                                     
               "Sort Space Used": 37686,                                                                       
               "Sort Space Type": "Memory",                                                                    
               "Shared Hit Blocks": 1,                                                                         
               "Shared Read Blocks": 55612,                                                                    
               "Shared Dirtied Blocks": 0,                                                                     
               "Shared Written Blocks": 0,                                                                     
               "Local Hit Blocks": 0,                                                                          
               "Local Read Blocks": 0,                                                                         
               "Local Dirtied Blocks": 0,                                                                      
               "Local Written Blocks": 0,                                                                      
               "Temp Read Blocks": 0,                                                                          
               "Temp Written Blocks": 0,                                                                       
               "Plans": [                                                                                      
                 {                                                                                             
                   "Node Type": "Seq Scan",                                                                    
                   "Parent Relationship": "Outer",                                                             
                   "Parallel Aware": false,                                                                    
                   "Relation Name": "name",                                                                    
                   "Alias": "n",                                                                               
                   "Startup Cost": 0.00,                                                                       
                   "Total Cost": 2356.12,                                                                      
                   "Plan Rows": 343991,                                                                        
                   "Plan Width": 19,                                                                           
                   "Actual Startup Time": 65.025,                                                              
                   "Actual Total Time": 2523.870,                                                              
                   "Actual Rows": 343399,                                                                      
                   "Actual Loops": 1,                                                                          
                   "Filter": "(name ~~ 'B%'::text)",                                                           
                   "Rows Removed by Filter": 3824092,                                                          
                   "Shared Hit Blocks": 1,                                                                     
                   "Shared Read Blocks": 55612,                                                                
                   "Shared Dirtied Blocks": 0,                                                                 
                   "Shared Written Blocks": 0,                                                                 
                   "Local Hit Blocks": 0,                                                                      
                   "Local Read Blocks": 0,                                                                     
                   "Local Dirtied Blocks": 0,                                                                  
                   "Local Written Blocks": 0,                                                                  
                   "Temp Read Blocks": 0,                                                                      
                   "Temp Written Blocks": 0                                                                    
                 }                                                                                             
               ]                                                                                               
             }                                                                                                 
           ]                                                                                                   
         }                                                                                                     
       ]                                                                                                       
     },                                                                                                        
     "Planning Time": 5833.084,                                                                                
     "Triggers": [                                                                                             
     ],                                                                                                        
     "Execution Time": 42454.613                                                                               
   }                                                                                                           
 ]
