     "Plan": {                                                                                             
       "Node Type": "Aggregate",                                                                           
       "Strategy": "Plain",                                                                                
       "Partial Mode": "Simple",                                                                           
       "Parallel Aware": false,                                                                            
       "Startup Cost": 197767.96,                                                                          
       "Total Cost": 197767.96,                                                                            
       "Plan Rows": 1,                                                                                     
       "Plan Width": 64,                                                                                   
       "Actual Startup Time": 46312.197,                                                                   
       "Actual Total Time": 46312.198,                                                                     
       "Actual Rows": 1,                                                                                   
       "Actual Loops": 1,                                                                                  
       "Shared Hit Blocks": 20,                                                                            
       "Shared Read Blocks": 391435,                                                                       
       "Shared Dirtied Blocks": 0,                                                                         
       "Shared Written Blocks": 0,                                                                         
       "Local Hit Blocks": 0,                                                                              
       "Local Read Blocks": 0,                                                                             
       "Local Dirtied Blocks": 0,                                                                          
       "Local Written Blocks": 0,                                                                          
       "Temp Read Blocks": 0,                                                                              
       "Temp Written Blocks": 0,                                                                           
       "Plans": [                                                                                          
         {                                                                                                 
           "Node Type": "Merge Join",                                                                      
           "Parent Relationship": "Outer",                                                                 
           "Parallel Aware": false,                                                                        
           "Join Type": "Inner",                                                                           
           "Startup Cost": 197731.47,                                                                      
           "Total Cost": 197767.96,                                                                        
           "Plan Rows": 1,                                                                                 
           "Plan Width": 15,                                                                               
           "Actual Startup Time": 46262.042,                                                               
           "Actual Total Time": 46311.836,                                                                 
           "Actual Rows": 1918,                                                                            
           "Actual Loops": 1,                                                                              
           "Inner Unique": true,                                                                           
           "Merge Cond": "(mc.company_id = cn.id)",                                                        
           "Shared Hit Blocks": 20,                                                                        
           "Shared Read Blocks": 391435,                                                                   
           "Shared Dirtied Blocks": 0,                                                                     
           "Shared Written Blocks": 0,                                                                     
           "Local Hit Blocks": 0,                                                                          
           "Local Read Blocks": 0,                                                                         
           "Local Dirtied Blocks": 0,                                                                      
           "Local Written Blocks": 0,                                                                      
           "Temp Read Blocks": 0,                                                                          
           "Temp Written Blocks": 0,                                                                       
           "Plans": [                                                                                      
             {                                                                                             
               "Node Type": "Sort",                                                                        
               "Parent Relationship": "Outer",                                                             
               "Parallel Aware": false,                                                                    
               "Startup Cost": 196970.24,                                                                  
               "Total Cost": 196970.24,                                                                    
               "Plan Rows": 1,                                                                             
               "Plan Width": 19,                                                                           
               "Actual Startup Time": 46068.144,                                                           
               "Actual Total Time": 46068.395,                                                             
               "Actual Rows": 1918,                                                                        
               "Actual Loops": 1,                                                                          
               "Sort Key": ["mc.company_id"],                                                              
               "Sort Method": "quicksort",                                                                 
               "Sort Space Used": 175,                                                                     
               "Sort Space Type": "Memory",                                                                
               "Shared Hit Blocks": 18,                                                                    
               "Shared Read Blocks": 388443,                                                               
               "Shared Dirtied Blocks": 0,                                                                 
               "Shared Written Blocks": 0,                                                                 
               "Local Hit Blocks": 0,                                                                      
               "Local Read Blocks": 0,                                                                     
               "Local Dirtied Blocks": 0,                                                                  
               "Local Written Blocks": 0,                                                                  
               "Temp Read Blocks": 0,                                                                      
               "Temp Written Blocks": 0,                                                                   
               "Plans": [                                                                                  
                 {                                                                                         
                   "Node Type": "Merge Join",                                                              
                   "Parent Relationship": "Outer",                                                         
                   "Parallel Aware": false,                                                                
                   "Join Type": "Inner",                                                                   
                   "Startup Cost": 196969.54,                                                              
                   "Total Cost": 196970.24,                                                                
                   "Plan Rows": 1,                                                                         
                   "Plan Width": 19,                                                                       
                   "Actual Startup Time": 45028.602,                                                       
                   "Actual Total Time": 46049.218,                                                         
                   "Actual Rows": 1918,                                                                    
                   "Actual Loops": 1,                                                                      
                   "Inner Unique": true,                                                                   
                   "Merge Cond": "(ci.person_id = n.id)",                                                  
                   "Shared Hit Blocks": 14,                                                                
                   "Shared Read Blocks": 388443,                                                           
                   "Shared Dirtied Blocks": 0,                                                             
                   "Shared Written Blocks": 0,                                                             
                   "Local Hit Blocks": 0,                                                                  
                   "Local Read Blocks": 0,                                                                 
                   "Local Dirtied Blocks": 0,                                                              
                   "Local Written Blocks": 0,                                                              
                   "Temp Read Blocks": 0,                                                                  
                   "Temp Written Blocks": 0,                                                               
                   "Plans": [                                                                              
                     {                                                                                     
                       "Node Type": "Sort",                                                                
                       "Parent Relationship": "Outer",                                                     
                       "Parallel Aware": false,                                                            
                       "Startup Cost": 194609.18,                                                          
                       "Total Cost": 194609.35,                                                            
                       "Plan Rows": 2186,                                                                  
                       "Plan Width": 8,                                                                    
                       "Actual Startup Time": 41374.086,                                                   
                       "Actual Total Time": 42533.102,                                                     
                       "Actual Rows": 7796926,                                                             
                       "Actual Loops": 1,                                                                  
                       "Sort Key": ["ci.person_id"],                                                       
                       "Sort Method": "quicksort",                                                         
                       "Sort Space Used": 562089,                                                          
                       "Sort Space Type": "Memory",                                                        
                       "Shared Hit Blocks": 13,                                                            
                       "Shared Read Blocks": 332831,                                                       
                       "Shared Dirtied Blocks": 0,                                                         
                       "Shared Written Blocks": 0,                                                         
                       "Local Hit Blocks": 0,                                                              
                       "Local Read Blocks": 0,                                                             
                       "Local Dirtied Blocks": 0,                                                          
                       "Local Written Blocks": 0,                                                          
                       "Temp Read Blocks": 0,                                                              
                       "Temp Written Blocks": 0,                                                           
                       "Plans": [                                                                          
                         {                                                                                 
                           "Node Type": "Merge Join",                                                      
                           "Parent Relationship": "Outer",                                                 
                           "Parallel Aware": false,                                                        
                           "Join Type": "Inner",                                                           
                           "Startup Cost": 188179.82,                                                      
                           "Total Cost": 194605.41,                                                        
                           "Plan Rows": 2186,                                                              
                           "Plan Width": 8,                                                                
                           "Actual Startup Time": 27058.149,                                               
                           "Actual Total Time": 38480.032,                                                 
                           "Actual Rows": 7796926,                                                         
                           "Actual Loops": 1,                                                              
                           "Inner Unique": false,                                                          
                           "Merge Cond": "(t.id = ci.movie_id)",                                           
                           "Shared Hit Blocks": 13,                                                        
                           "Shared Read Blocks": 332831,                                                   
                           "Shared Dirtied Blocks": 0,                                                     
                           "Shared Written Blocks": 0,                                                     
                           "Local Hit Blocks": 0,                                                          
                           "Local Read Blocks": 0,                                                         
                           "Local Dirtied Blocks": 0,                                                      
                           "Local Written Blocks": 0,                                                      
                           "Temp Read Blocks": 0,                                                          
                           "Temp Written Blocks": 0,                                                       
                           "Plans": [                                                                      
                             {                                                                             
                               "Node Type": "Merge Join",                                                  
                               "Parent Relationship": "Outer",                                             
                               "Parallel Aware": false,                                                    
                               "Join Type": "Inner",                                                       
                               "Startup Cost": 36422.69,                                                   
                               "Total Cost": 37220.08,                                                     
                               "Plan Rows": 190,                                                           
                               "Plan Width": 16,                                                           
                               "Actual Startup Time": 6129.306,                                            
                               "Actual Total Time": 7239.466,                                              
                               "Actual Rows": 148552,                                                      
                               "Actual Loops": 1,                                                          
                               "Inner Unique": false,                                                      
                               "Merge Cond": "(t.id = mc.movie_id)",                                       
                               "Shared Hit Blocks": 9,                                                     
                               "Shared Read Blocks": 80181,                                                
                               "Shared Dirtied Blocks": 0,                                                 
                               "Shared Written Blocks": 0,                                                 
                               "Local Hit Blocks": 0,                                                      
                               "Local Read Blocks": 0,                                                     
                               "Local Dirtied Blocks": 0,                                                  
                               "Local Written Blocks": 0,                                                  
                               "Temp Read Blocks": 0,                                                      
                               "Temp Written Blocks": 0,                                                   
                               "Plans": [                                                                  
                                 {                                                                         
                                   "Node Type": "Merge Join",                                              
                                   "Parent Relationship": "Outer",                                         
                                   "Parallel Aware": false,                                                
                                   "Join Type": "Inner",                                                   
                                   "Startup Cost": 27017.24,                                               
                                   "Total Cost": 27409.48,                                                 
                                   "Plan Rows": 34,                                                        
                                   "Plan Width": 8,                                                        
                                   "Actual Startup Time": 4668.918,                                        
                                   "Actual Total Time": 5334.378,                                          
                                   "Actual Rows": 41839,                                                   
                                   "Actual Loops": 1,                                                      
                                   "Inner Unique": true,                                                   
                                   "Merge Cond": "(mk.movie_id = t.id)",                                   
                                   "Shared Hit Blocks": 6,                                                 
                                   "Shared Read Blocks": 61395,                                            
                                   "Shared Dirtied Blocks": 0,                                             
                                   "Shared Written Blocks": 0,                                             
                                   "Local Hit Blocks": 0,                                                  
                                   "Local Read Blocks": 0,                                                 
                                   "Local Dirtied Blocks": 0,                                              
                                   "Local Written Blocks": 0,                                              
                                   "Temp Read Blocks": 0,                                                  
                                   "Temp Written Blocks": 0,                                               
                                   "Plans": [                                                              
                                     {                                                                     
                                       "Node Type": "Sort",                                                
                                       "Parent Relationship": "Outer",                                     
                                       "Parallel Aware": false,                                            
                                       "Startup Cost": 17362.89,                                           
                                       "Total Cost": 17362.89,                                             
                                       "Plan Rows": 34,                                                    
                                       "Plan Width": 4,                                                    
                                       "Actual Startup Time": 2357.661,                                    
                                       "Actual Total Time": 2364.375,                                      
                                       "Actual Rows": 41839,                                               
                                       "Actual Loops": 1,                                                  
                                       "Sort Key": ["mk.movie_id"],                                        
                                       "Sort Method": "quicksort",                                         
                                       "Sort Space Used": 3498,                                            
                                       "Sort Space Type": "Memory",                                        
                                       "Shared Hit Blocks": 5,                                             
                                       "Shared Read Blocks": 25398,                                        
                                       "Shared Dirtied Blocks": 0,                                         
                                       "Shared Written Blocks": 0,                                         
                                       "Local Hit Blocks": 0,                                              
                                       "Local Read Blocks": 0,                                             
                                       "Local Dirtied Blocks": 0,                                          
                                       "Local Written Blocks": 0,                                          
                                       "Temp Read Blocks": 0,                                              
                                       "Temp Written Blocks": 0,                                           
                                       "Plans": [                                                          
                                         {                                                                 
                                           "Node Type": "Merge Join",                                      
                                           "Parent Relationship": "Outer",                                 
                                           "Parallel Aware": false,                                        
                                           "Join Type": "Inner",                                           
                                           "Startup Cost": 16660.38,                                       
                                           "Total Cost": 17362.86,                                         
                                           "Plan Rows": 34,                                                
                                           "Plan Width": 4,                                                
                                           "Actual Startup Time": 2330.729,                                
                                           "Actual Total Time": 2343.872,                                  
                                           "Actual Rows": 41840,                                           
                                           "Actual Loops": 1,                                              
                                           "Inner Unique": false,                                          
                                           "Merge Cond": "(k.id = mk.keyword_id)",                         
                                           "Shared Hit Blocks": 5,                                         
                                           "Shared Read Blocks": 25398,                                    
                                           "Shared Dirtied Blocks": 0,                                     
                                           "Shared Written Blocks": 0,                                     
                                           "Local Hit Blocks": 0,                                          
                                           "Local Read Blocks": 0,                                         
                                           "Local Dirtied Blocks": 0,                                      
                                           "Local Written Blocks": 0,                                      
                                           "Temp Read Blocks": 0,                                          
                                           "Temp Written Blocks": 0,                                       
                                           "Plans": [                                                      
                                             {                                                             
                                               "Node Type": "Sort",                                        
                                               "Parent Relationship": "Outer",                             
                                               "Parallel Aware": false,                                    
                                               "Startup Cost": 49.46,                                      
                                               "Total Cost": 49.46,                                        
                                               "Plan Rows": 1,                                             
                                               "Plan Width": 4,                                            
                                               "Actual Startup Time": 83.219,                              
                                               "Actual Total Time": 83.219,                                
                                               "Actual Rows": 1,                                           
                                               "Actual Loops": 1,                                          
                                               "Sort Key": ["k.id"],                                       
                                               "Sort Method": "quicksort",                                 
                                               "Sort Space Used": 25,                                      
                                               "Sort Space Type": "Memory",                                
                                               "Shared Hit Blocks": 2,                                     
                                               "Shared Read Blocks": 947,                                  
                                               "Shared Dirtied Blocks": 0,                                 
                                               "Shared Written Blocks": 0,                                 
                                               "Local Hit Blocks": 0,                                      
                                               "Local Read Blocks": 0,                                     
                                               "Local Dirtied Blocks": 0,                                  
                                               "Local Written Blocks": 0,                                  
                                               "Temp Read Blocks": 0,                                      
                                               "Temp Written Blocks": 0,                                   
                                               "Plans": [                                                  
                                                 {                                                         
                                                   "Node Type": "Seq Scan",                                
                                                   "Parent Relationship": "Outer",                         
                                                   "Parallel Aware": false,                                
                                                   "Relation Name": "keyword",                             
                                                   "Alias": "k",                                           
                                                   "Startup Cost": 0.00,                                   
                                                   "Total Cost": 49.46,                                    
                                                   "Plan Rows": 1,                                         
                                                   "Plan Width": 4,                                        
                                                   "Actual Startup Time": 22.707,                          
                                                   "Actual Total Time": 83.191,                            
                                                   "Actual Rows": 1,                                       
                                                   "Actual Loops": 1,                                      
                                                   "Filter": "(keyword = 'character-name-in-title'::text)",
                                                   "Rows Removed by Filter": 134169,                       
                                                   "Shared Hit Blocks": 2,                                 
                                                   "Shared Read Blocks": 947,                              
                                                   "Shared Dirtied Blocks": 0,                             
                                                   "Shared Written Blocks": 0,                             
                                                   "Local Hit Blocks": 0,                                  
                                                   "Local Read Blocks": 0,                                 
                                                   "Local Dirtied Blocks": 0,                              
                                                   "Local Written Blocks": 0,                              
                                                   "Temp Read Blocks": 0,                                  
                                                   "Temp Written Blocks": 0                                
                                                 }                                                         
                                               ]                                                           
                                             },                                                            
                                             {                                                             
                                               "Node Type": "Sort",                                        
                                               "Parent Relationship": "Inner",                             
                                               "Parallel Aware": false,                                    
                                               "Startup Cost": 16610.92,                                   
                                               "Total Cost": 16962.16,                                     
                                               "Plan Rows": 4523930,                                       
                                               "Plan Width": 8,                                            
                                               "Actual Startup Time": 2213.261,                            
                                               "Actual Total Time": 2237.888,                              
                                               "Actual Rows": 163762,                                      
                                               "Actual Loops": 1,                                          
                                               "Sort Key": ["mk.keyword_id"],                              
                                               "Sort Method": "quicksort",                                 
                                               "Sort Space Used": 408668,                                  
                                               "Sort Space Type": "Memory",                                
                                               "Shared Hit Blocks": 3,                                     
                                               "Shared Read Blocks": 24451,                                
                                               "Shared Dirtied Blocks": 0,                                 
                                               "Shared Written Blocks": 0,                                 
                                               "Local Hit Blocks": 0,                                      
                                               "Local Read Blocks": 0,                                     
                                               "Local Dirtied Blocks": 0,                                  
                                               "Local Written Blocks": 0,                                  
                                               "Temp Read Blocks": 0,                                      
                                               "Temp Written Blocks": 0,                                   
                                               "Plans": [                                                  
                                                 {                                                         
                                                   "Node Type": "Seq Scan",                                
                                                   "Parent Relationship": "Outer",                         
                                                   "Parallel Aware": false,                                
                                                   "Relation Name": "movie_keyword",                       
                                                   "Alias": "mk",                                          
                                                   "Startup Cost": 0.00,                                   
                                                   "Total Cost": 1079.84,                                  
                                                   "Plan Rows": 4523930,                                   
                                                   "Plan Width": 8,                                        
                                                   "Actual Startup Time": 0.008,                           
                                                   "Actual Total Time": 781.160,                           
                                                   "Actual Rows": 4523930,                                 
                                                   "Actual Loops": 1,                                      
                                                   "Shared Hit Blocks": 3,                                 
                                                   "Shared Read Blocks": 24451,                            
                                                   "Shared Dirtied Blocks": 0,                             
                                                   "Shared Written Blocks": 0,                             
                                                   "Local Hit Blocks": 0,                                  
                                                   "Local Read Blocks": 0,                                 
                                                   "Local Dirtied Blocks": 0,                              
                                                   "Local Written Blocks": 0,                              
                                                   "Temp Read Blocks": 0,                                  
                                                   "Temp Written Blocks": 0                                
                                                 }                                                         
                                               ]                                                           
                                             }                                                             
                                           ]                                                               
                                         }                                                                 
                                       ]                                                                   
                                     },                                                                    
                                     {                                                                     
                                       "Node Type": "Sort",                                                
                                       "Parent Relationship": "Inner",                                     
                                       "Parallel Aware": false,                                            
                                       "Startup Cost": 9654.35,                                            
                                       "Total Cost": 9850.65,                                              
                                       "Plan Rows": 2528312,                                               
                                       "Plan Width": 4,                                                    
                                       "Actual Startup Time": 2311.148,                                    
                                       "Actual Total Time": 2665.041,                                      
                                       "Actual Rows": 2525756,                                             
                                       "Actual Loops": 1,                                                  
                                       "Sort Key": ["t.id"],                                               
                                       "Sort Method": "quicksort",                                         
                                       "Sort Space Used": 216819,                                          
                                       "Sort Space Type": "Memory",                                        
                                       "Shared Hit Blocks": 1,                                             
                                       "Shared Read Blocks": 35997,                                        
                                       "Shared Dirtied Blocks": 0,                                         
                                       "Shared Written Blocks": 0,                                         
                                       "Local Hit Blocks": 0,                                              
                                       "Local Read Blocks": 0,                                             
                                       "Local Dirtied Blocks": 0,                                          
                                       "Local Written Blocks": 0,                                          
                                       "Temp Read Blocks": 0,                                              
                                       "Temp Written Blocks": 0,                                           
                                       "Plans": [                                                          
                                         {                                                                 
                                           "Node Type": "Seq Scan",                                        
                                           "Parent Relationship": "Outer",                                 
                                           "Parallel Aware": false,                                        
                                           "Relation Name": "title",                                       
                                           "Alias": "t",                                                   
                                           "Startup Cost": 0.00,                                           
                                           "Total Cost": 1303.96,                                          
                                           "Plan Rows": 2528312,                                           
                                           "Plan Width": 4,                                                
                                           "Actual Startup Time": 4.787,                                   
                                           "Actual Total Time": 1083.804,                                  
                                           "Actual Rows": 2528312,                                         
                                           "Actual Loops": 1,                                              
                                           "Shared Hit Blocks": 1,                                         
                                           "Shared Read Blocks": 35997,                                    
                                           "Shared Dirtied Blocks": 0,                                     
                                           "Shared Written Blocks": 0,                                     
                                           "Local Hit Blocks": 0,                                          
                                           "Local Read Blocks": 0,                                         
                                           "Local Dirtied Blocks": 0,                                      
                                           "Local Written Blocks": 0,                                      
                                           "Temp Read Blocks": 0,                                          
                                           "Temp Written Blocks": 0                                        
                                         }                                                                 
                                       ]                                                                   
                                     }                                                                     
                                   ]                                                                       
                                 },                                                                        
                                 {                                                                         
                                   "Node Type": "Sort",                                                    
                                   "Parent Relationship": "Inner",                                         
                                   "Parallel Aware": false,                                                
                                   "Startup Cost": 9405.45,                                                
                                   "Total Cost": 9608.03,                                                  
                                   "Plan Rows": 2609129,                                                   
                                   "Plan Width": 8,                                                        
                                   "Actual Startup Time": 1460.122,                                        
                                   "Actual Total Time": 1621.474,                                          
                                   "Actual Rows": 2609194,                                                 
                                   "Actual Loops": 1,                                                      
                                   "Sort Key": ["mc.movie_id"],                                            
                                   "Sort Method": "quicksort",                                             
                                   "Sort Space Used": 220607,                                              
                                   "Sort Space Type": "Memory",                                            
                                   "Shared Hit Blocks": 3,                                                 
                                   "Shared Read Blocks": 18786,                                            
                                   "Shared Dirtied Blocks": 0,                                             
                                   "Shared Written Blocks": 0,                                             
                                   "Local Hit Blocks": 0,                                                  
                                   "Local Read Blocks": 0,                                                 
                                   "Local Dirtied Blocks": 0,                                              
                                   "Local Written Blocks": 0,                                              
                                   "Temp Read Blocks": 0,                                                  
                                   "Temp Written Blocks": 0,                                               
                                   "Plans": [                                                              
                                     {                                                                     
                                       "Node Type": "Seq Scan",                                            
                                       "Parent Relationship": "Outer",                                     
                                       "Parallel Aware": false,                                            
                                       "Relation Name": "movie_companies",                                 
                                       "Alias": "mc",                                                      
                                       "Startup Cost": 0.00,                                               
                                       "Total Cost": 769.75,                                               
                                       "Plan Rows": 2609129,                                               
                                       "Plan Width": 8,                                                    
                                       "Actual Startup Time": 0.014,                                       
                                       "Actual Total Time": 533.850,                                       
                                       "Actual Rows": 2609129,                                             
                                       "Actual Loops": 1,                                                  
                                       "Shared Hit Blocks": 3,                                             
                                       "Shared Read Blocks": 18786,                                        
                                       "Shared Dirtied Blocks": 0,                                         
                                       "Shared Written Blocks": 0,                                         
                                       "Local Hit Blocks": 0,                                              
                                       "Local Read Blocks": 0,                                             
                                       "Local Dirtied Blocks": 0,                                          
                                       "Local Written Blocks": 0,                                          
                                       "Temp Read Blocks": 0,                                              
                                       "Temp Written Blocks": 0                                            
                                     }                                                                     
                                   ]                                                                       
                                 }                                                                         
                               ]                                                                           
                             },                                                                            
                             {                                                                             
                               "Node Type": "Sort",                                                        
                               "Parent Relationship": "Inner",                                             
                               "Parallel Aware": false,                                                    
                               "Startup Cost": 151757.13,                                                  
                               "Total Cost": 154571.13,                                                    
                               "Plan Rows": 36244344,                                                      
                               "Plan Width": 8,                                                            
                               "Actual Startup Time": 20924.680,                                           
                               "Actual Total Time": 25605.440,                                             
                               "Actual Rows": 43063011,                                                    
                               "Actual Loops": 1,                                                          
                               "Sort Key": ["ci.movie_id"],                                                
                               "Sort Method": "quicksort",                                                 
                               "Sort Space Used": 3271818,                                                 
                               "Sort Space Type": "Memory",                                                
                               "Shared Hit Blocks": 4,                                                     
                               "Shared Read Blocks": 252650,                                               
                               "Shared Dirtied Blocks": 0,                                                 
                               "Shared Written Blocks": 0,                                                 
                               "Local Hit Blocks": 0,                                                      
                               "Local Read Blocks": 0,                                                     
                               "Local Dirtied Blocks": 0,                                                  
                               "Local Written Blocks": 0,                                                  
                               "Temp Read Blocks": 0,                                                      
                               "Temp Written Blocks": 0,                                                   
                               "Plans": [                                                                  
                                 {                                                                         
                                   "Node Type": "Seq Scan",                                                
                                   "Parent Relationship": "Outer",                                         
                                   "Parallel Aware": false,                                                
                                   "Relation Name": "cast_info",                                           
                                   "Alias": "ci",                                                          
                                   "Startup Cost": 0.00,                                                   
                                   "Total Cost": 10431.00,                                                 
                                   "Plan Rows": 36244344,                                                  
                                   "Plan Width": 8,                                                        
                                   "Actual Startup Time": 0.019,                                           
                                   "Actual Total Time": 6793.012,                                          
                                   "Actual Rows": 36244344,                                                
                                   "Actual Loops": 1,                                                      
                                   "Shared Hit Blocks": 4,                                                 
                                   "Shared Read Blocks": 252650,                                           
                                   "Shared Dirtied Blocks": 0,                                             
                                   "Shared Written Blocks": 0,                                             
                                   "Local Hit Blocks": 0,                                                  
                                   "Local Read Blocks": 0,                                                 
                                   "Local Dirtied Blocks": 0,                                              
                                   "Local Written Blocks": 0,                                              
                                   "Temp Read Blocks": 0,                                                  
                                   "Temp Written Blocks": 0                                                
                                 }                                                                         
                               ]                                                                           
                             }                                                                             
                           ]                                                                               
                         }                                                                                 
                       ]                                                                                   
                     },                                                                                    
                     {                                                                                     
                       "Node Type": "Sort",                                                                
                       "Parent Relationship": "Inner",                                                     
                       "Parallel Aware": false,                                                            
                       "Startup Cost": 2360.36,                                                            
                       "Total Cost": 2360.55,                                                              
                       "Plan Rows": 2425,                                                                  
                       "Plan Width": 19,                                                                   
                       "Actual Startup Time": 2618.511,                                                    
                       "Actual Total Time": 2618.775,                                                      
                       "Actual Rows": 2609,                                                                
                       "Actual Loops": 1,                                                                  
                       "Sort Key": ["n.id"],                                                               
                       "Sort Method": "quicksort",                                                         
                       "Sort Space Used": 265,                                                             
                       "Sort Space Type": "Memory",                                                        
                       "Shared Hit Blocks": 1,                                                             
                       "Shared Read Blocks": 55612,                                                        
                       "Shared Dirtied Blocks": 0,                                                         
                       "Shared Written Blocks": 0,                                                         
                       "Local Hit Blocks": 0,                                                              
                       "Local Read Blocks": 0,                                                             
                       "Local Dirtied Blocks": 0,                                                          
                       "Local Written Blocks": 0,                                                          
                       "Temp Read Blocks": 0,                                                              
                       "Temp Written Blocks": 0,                                                           
                       "Plans": [                                                                          
                         {                                                                                 
                           "Node Type": "Seq Scan",                                                        
                           "Parent Relationship": "Outer",                                                 
                           "Parallel Aware": false,                                                        
                           "Relation Name": "name",                                                        
                           "Alias": "n",                                                                   
                           "Startup Cost": 0.00,                                                           
                           "Total Cost": 2356.12,                                                          
                           "Plan Rows": 2425,                                                              
                           "Plan Width": 19,                                                               
                           "Actual Startup Time": 1080.277,                                                
                           "Actual Total Time": 2616.832,                                                  
                           "Actual Rows": 2664,                                                            
                           "Actual Loops": 1,                                                              
                           "Filter": "(name ~~ 'X%'::text)",                                               
                           "Rows Removed by Filter": 4164827,                                              
                           "Shared Hit Blocks": 1,                                                         
                           "Shared Read Blocks": 55612,                                                    
                           "Shared Dirtied Blocks": 0,                                                     
                           "Shared Written Blocks": 0,                                                     
                           "Local Hit Blocks": 0,                                                          
                           "Local Read Blocks": 0,                                                         
                           "Local Dirtied Blocks": 0,                                                      
                           "Local Written Blocks": 0,                                                      
                           "Temp Read Blocks": 0,                                                          
                           "Temp Written Blocks": 0                                                        
                         }                                                                                 
                       ]                                                                                   
                     }                                                                                     
                   ]                                                                                       
                 }                                                                                         
               ]                                                                                           
             },                                                                                            
             {                                                                                             
               "Node Type": "Sort",                                                                        
               "Parent Relationship": "Inner",                                                             
               "Parallel Aware": false,                                                                    
               "Startup Cost": 761.23,                                                                     
               "Total Cost": 779.47,                                                                       
               "Plan Rows": 234997,                                                                        
               "Plan Width": 4,                                                                            
               "Actual Startup Time": 193.887,                                                             
               "Actual Total Time": 218.261,                                                               
               "Actual Rows": 233280,                                                                      
               "Actual Loops": 1,                                                                          
               "Sort Key": ["cn.id"],                                                                      
               "Sort Method": "quicksort",                                                                 
               "Sort Space Used": 17160,                                                                   
               "Sort Space Type": "Memory",                                                                
               "Shared Hit Blocks": 2,                                                                     
               "Shared Read Blocks": 2992,                                                                 
               "Shared Dirtied Blocks": 0,                                                                 
               "Shared Written Blocks": 0,                                                                 
               "Local Hit Blocks": 0,                                                                      
               "Local Read Blocks": 0,                                                                     
               "Local Dirtied Blocks": 0,                                                                  
               "Local Written Blocks": 0,                                                                  
               "Temp Read Blocks": 0,                                                                      
               "Temp Written Blocks": 0,                                                                   
               "Plans": [                                                                                  
                 {                                                                                         
                   "Node Type": "Seq Scan",                                                                
                   "Parent Relationship": "Outer",                                                         
                   "Parallel Aware": false,                                                                
                   "Relation Name": "company_name",                                                        
                   "Alias": "cn",                                                                          
                   "Startup Cost": 0.00,                                                                   
                   "Total Cost": 110.16,                                                                   
                   "Plan Rows": 234997,                                                                    
                   "Plan Width": 4,                                                                        
                   "Actual Startup Time": 9.816,                                                           
                   "Actual Total Time": 89.654,                                                            
                   "Actual Rows": 234997,                                                                  
                   "Actual Loops": 1,                                                                      
                   "Shared Hit Blocks": 2,                                                                 
                   "Shared Read Blocks": 2992,                                                             
                   "Shared Dirtied Blocks": 0,                                                             
                   "Shared Written Blocks": 0,                                                             
                   "Local Hit Blocks": 0,                                                                  
                   "Local Read Blocks": 0,                                                                 
                   "Local Dirtied Blocks": 0,                                                              
                   "Local Written Blocks": 0,                                                              
                   "Temp Read Blocks": 0,                                                                  
                   "Temp Written Blocks": 0                                                                
                 }                                                                                         
               ]                                                                                           
             }                                                                                             
           ]                                                                                               
         }                                                                                                 
       ]                                                                                                   
     },                                                                                                    
     "Planning Time": 5851.484,                                                                            
     "Triggers": [                                                                                         
     ],                                                                                                    
     "Execution Time": 46443.893                                                                           
