 [                                                                                                         
   {                                                                                                       
     "Plan": {                                                                                             
       "Node Type": "Aggregate",                                                                           
       "Strategy": "Plain",                                                                                
       "Partial Mode": "Simple",                                                                           
       "Parallel Aware": false,                                                                            
       "Startup Cost": 197772.29,                                                                          
       "Total Cost": 197772.29,                                                                            
       "Plan Rows": 1,                                                                                     
       "Plan Width": 32,                                                                                   
       "Actual Startup Time": 46264.606,                                                                   
       "Actual Total Time": 46264.606,                                                                     
       "Actual Rows": 1,                                                                                   
       "Actual Loops": 1,                                                                                  
       "Shared Hit Blocks": 20,                                                                            
       "Shared Read Blocks": 391435,                                                                       
       "Shared Dirtied Blocks": 0,                                                                         
       "Shared Written Blocks": 0,                                                                         
       "Local Hit Blocks": 0,                                                                              
       "Local Read Blocks": 0,                                                                             
       "Local Dirtied Blocks": 0,                                                                          
       "Local Written Blocks": 0,                                                                          
       "Temp Read Blocks": 0,                                                                              
       "Temp Written Blocks": 0,                                                                           
       "Plans": [                                                                                          
         {                                                                                                 
           "Node Type": "Merge Join",                                                                      
           "Parent Relationship": "Outer",                                                                 
           "Parallel Aware": false,                                                                        
           "Join Type": "Inner",                                                                           
           "Startup Cost": 197735.80,                                                                      
           "Total Cost": 197772.29,                                                                        
           "Plan Rows": 2,                                                                                 
           "Plan Width": 15,                                                                               
           "Actual Startup Time": 46209.064,                                                               
           "Actual Total Time": 46262.809,                                                                 
           "Actual Rows": 11538,                                                                           
           "Actual Loops": 1,                                                                              
           "Inner Unique": true,                                                                           
           "Merge Cond": "(mc.company_id = cn.id)",                                                        
           "Shared Hit Blocks": 20,                                                                        
           "Shared Read Blocks": 391435,                                                                   
           "Shared Dirtied Blocks": 0,                                                                     
           "Shared Written Blocks": 0,                                                                     
           "Local Hit Blocks": 0,                                                                          
           "Local Read Blocks": 0,                                                                         
           "Local Dirtied Blocks": 0,                                                                      
           "Local Written Blocks": 0,                                                                      
           "Temp Read Blocks": 0,                                                                          
           "Temp Written Blocks": 0,                                                                       
           "Plans": [                                                                                      
             {                                                                                             
               "Node Type": "Sort",                                                                        
               "Parent Relationship": "Outer",                                                             
               "Parallel Aware": false,                                                                    
               "Startup Cost": 196974.57,                                                                  
               "Total Cost": 196974.57,                                                                    
               "Plan Rows": 2,                                                                             
               "Plan Width": 19,                                                                           
               "Actual Startup Time": 46005.601,                                                           
               "Actual Total Time": 46007.128,                                                             
               "Actual Rows": 11538,                                                                       
               "Actual Loops": 1,                                                                          
               "Sort Key": ["mc.company_id"],                                                              
               "Sort Method": "quicksort",                                                                 
               "Sort Space Used": 1254,                                                                    
               "Sort Space Type": "Memory",                                                                
               "Shared Hit Blocks": 18,                                                                    
               "Shared Read Blocks": 388443,                                                               
               "Shared Dirtied Blocks": 0,                                                                 
               "Shared Written Blocks": 0,                                                                 
               "Local Hit Blocks": 0,                                                                      
               "Local Read Blocks": 0,                                                                     
               "Local Dirtied Blocks": 0,                                                                  
               "Local Written Blocks": 0,                                                                  
               "Temp Read Blocks": 0,                                                                      
               "Temp Written Blocks": 0,                                                                   
               "Plans": [                                                                                  
                 {                                                                                         
                   "Node Type": "Merge Join",                                                              
                   "Parent Relationship": "Outer",                                                         
                   "Parallel Aware": false,                                                                
                   "Join Type": "Inner",                                                                   
                   "Startup Cost": 196973.57,                                                              
                   "Total Cost": 196974.57,                                                                
                   "Plan Rows": 2,                                                                         
                   "Plan Width": 19,                                                                       
                   "Actual Startup Time": 43949.089,                                                       
                   "Actual Total Time": 45984.388,                                                         
                   "Actual Rows": 11538,                                                                   
                   "Actual Loops": 1,                                                                      
                   "Inner Unique": true,                                                                   
                   "Merge Cond": "(ci.person_id = n.id)",                                                  
                   "Shared Hit Blocks": 14,                                                                
                   "Shared Read Blocks": 388443,                                                           
                   "Shared Dirtied Blocks": 0,                                                             
                   "Shared Written Blocks": 0,                                                             
                   "Local Hit Blocks": 0,                                                                  
                   "Local Read Blocks": 0,                                                                 
                   "Local Dirtied Blocks": 0,                                                              
                   "Local Written Blocks": 0,                                                              
                   "Temp Read Blocks": 0,                                                                  
                   "Temp Written Blocks": 0,                                                               
                   "Plans": [                                                                              
                     {                                                                                     
                       "Node Type": "Sort",                                                                
                       "Parent Relationship": "Outer",                                                     
                       "Parallel Aware": false,                                                            
                       "Startup Cost": 194609.18,                                                          
                       "Total Cost": 194609.35,                                                            
                       "Plan Rows": 2186,                                                                  
                       "Plan Width": 8,                                                                    
                       "Actual Startup Time": 41327.212,                                                   
                       "Actual Total Time": 42472.755,                                                     
                       "Actual Rows": 7796926,                                                             
                       "Actual Loops": 1,                                                                  
                       "Sort Key": ["ci.person_id"],                                                       
                       "Sort Method": "quicksort",                                                         
                       "Sort Space Used": 562089,                                                          
                       "Sort Space Type": "Memory",                                                        
                       "Shared Hit Blocks": 13,                                                            
                       "Shared Read Blocks": 332831,                                                       
                       "Shared Dirtied Blocks": 0,                                                         
                       "Shared Written Blocks": 0,                                                         
                       "Local Hit Blocks": 0,                                                              
                       "Local Read Blocks": 0,                                                             
                       "Local Dirtied Blocks": 0,                                                          
                       "Local Written Blocks": 0,                                                          
                       "Temp Read Blocks": 0,                                                              
                       "Temp Written Blocks": 0,                                                           
                       "Plans": [                                                                          
                         {                                                                                 
                           "Node Type": "Merge Join",                                                      
                           "Parent Relationship": "Outer",                                                 
                           "Parallel Aware": false,                                                        
                           "Join Type": "Inner",                                                           
                           "Startup Cost": 188179.82,                                                      
                           "Total Cost": 194605.41,                                                        
                           "Plan Rows": 2186,                                                              
                           "Plan Width": 8,                                                                
                           "Actual Startup Time": 27017.133,                                               
                           "Actual Total Time": 38460.080,                                                 
                           "Actual Rows": 7796926,                                                         
                           "Actual Loops": 1,                                                              
                           "Inner Unique": false,                                                          
                           "Merge Cond": "(t.id = ci.movie_id)",                                           
                           "Shared Hit Blocks": 13,                                                        
                           "Shared Read Blocks": 332831,                                                   
                           "Shared Dirtied Blocks": 0,                                                     
                           "Shared Written Blocks": 0,                                                     
                           "Local Hit Blocks": 0,                                                          
                           "Local Read Blocks": 0,                                                         
                           "Local Dirtied Blocks": 0,                                                      
                           "Local Written Blocks": 0,                                                      
                           "Temp Read Blocks": 0,                                                          
                           "Temp Written Blocks": 0,                                                       
                           "Plans": [                                                                      
                             {                                                                             
                               "Node Type": "Merge Join",                                                  
                               "Parent Relationship": "Outer",                                             
                               "Parallel Aware": false,                                                    
                               "Join Type": "Inner",                                                       
                               "Startup Cost": 36422.69,                                                   
                               "Total Cost": 37220.08,                                                     
                               "Plan Rows": 190,                                                           
                               "Plan Width": 16,                                                           
                               "Actual Startup Time": 6134.597,                                            
                               "Actual Total Time": 7264.816,                                              
                               "Actual Rows": 148552,                                                      
                               "Actual Loops": 1,                                                          
                               "Inner Unique": false,                                                      
                               "Merge Cond": "(t.id = mc.movie_id)",                                       
                               "Shared Hit Blocks": 9,                                                     
                               "Shared Read Blocks": 80181,                                                
                               "Shared Dirtied Blocks": 0,                                                 
                               "Shared Written Blocks": 0,                                                 
                               "Local Hit Blocks": 0,                                                      
                               "Local Read Blocks": 0,                                                     
                               "Local Dirtied Blocks": 0,                                                  
                               "Local Written Blocks": 0,                                                  
                               "Temp Read Blocks": 0,                                                      
                               "Temp Written Blocks": 0,                                                   
                               "Plans": [                                                                  
                                 {                                                                         
                                   "Node Type": "Merge Join",                                              
                                   "Parent Relationship": "Outer",                                         
                                   "Parallel Aware": false,                                                
                                   "Join Type": "Inner",                                                   
                                   "Startup Cost": 27017.24,                                               
                                   "Total Cost": 27409.48,                                                 
                                   "Plan Rows": 34,                                                        
                                   "Plan Width": 8,                                                        
                                   "Actual Startup Time": 4675.812,                                        
                                   "Actual Total Time": 5345.370,                                          
                                   "Actual Rows": 41839,                                                   
                                   "Actual Loops": 1,                                                      
                                   "Inner Unique": true,                                                   
                                   "Merge Cond": "(mk.movie_id = t.id)",                                   
                                   "Shared Hit Blocks": 6,                                                 
                                   "Shared Read Blocks": 61395,                                            
                                   "Shared Dirtied Blocks": 0,                                             
                                   "Shared Written Blocks": 0,                                             
                                   "Local Hit Blocks": 0,                                                  
                                   "Local Read Blocks": 0,                                                 
                                   "Local Dirtied Blocks": 0,                                              
                                   "Local Written Blocks": 0,                                              
                                   "Temp Read Blocks": 0,                                                  
                                   "Temp Written Blocks": 0,                                               
                                   "Plans": [                                                              
                                     {                                                                     
                                       "Node Type": "Sort",                                                
                                       "Parent Relationship": "Outer",                                     
                                       "Parallel Aware": false,                                            
                                       "Startup Cost": 17362.89,                                           
                                       "Total Cost": 17362.89,                                             
                                       "Plan Rows": 34,                                                    
                                       "Plan Width": 4,                                                    
                                       "Actual Startup Time": 2360.724,                                    
                                       "Actual Total Time": 2367.388,                                      
                                       "Actual Rows": 41839,                                               
                                       "Actual Loops": 1,                                                  
                                       "Sort Key": ["mk.movie_id"],                                        
                                       "Sort Method": "quicksort",                                         
                                       "Sort Space Used": 3498,                                            
                                       "Sort Space Type": "Memory",                                        
                                       "Shared Hit Blocks": 5,                                             
                                       "Shared Read Blocks": 25398,                                        
                                       "Shared Dirtied Blocks": 0,                                         
                                       "Shared Written Blocks": 0,                                         
                                       "Local Hit Blocks": 0,                                              
                                       "Local Read Blocks": 0,                                             
                                       "Local Dirtied Blocks": 0,                                          
                                       "Local Written Blocks": 0,                                          
                                       "Temp Read Blocks": 0,                                              
                                       "Temp Written Blocks": 0,                                           
                                       "Plans": [                                                          
                                         {                                                                 
                                           "Node Type": "Merge Join",                                      
                                           "Parent Relationship": "Outer",                                 
                                           "Parallel Aware": false,                                        
                                           "Join Type": "Inner",                                           
                                           "Startup Cost": 16660.38,                                       
                                           "Total Cost": 17362.86,                                         
                                           "Plan Rows": 34,                                                
                                           "Plan Width": 4,                                                
                                           "Actual Startup Time": 2333.981,                                
                                           "Actual Total Time": 2346.952,                                  
                                           "Actual Rows": 41840,                                           
                                           "Actual Loops": 1,                                              
                                           "Inner Unique": false,                                          
                                           "Merge Cond": "(k.id = mk.keyword_id)",                         
                                           "Shared Hit Blocks": 5,                                         
                                           "Shared Read Blocks": 25398,                                    
                                           "Shared Dirtied Blocks": 0,                                     
                                           "Shared Written Blocks": 0,                                     
                                           "Local Hit Blocks": 0,                                          
                                           "Local Read Blocks": 0,                                         
                                           "Local Dirtied Blocks": 0,                                      
                                           "Local Written Blocks": 0,                                      
                                           "Temp Read Blocks": 0,                                          
                                           "Temp Written Blocks": 0,                                       
                                           "Plans": [                                                      
                                             {                                                             
                                               "Node Type": "Sort",                                        
                                               "Parent Relationship": "Outer",                             
                                               "Parallel Aware": false,                                    
                                               "Startup Cost": 49.46,                                      
                                               "Total Cost": 49.46,                                        
                                               "Plan Rows": 1,                                             
                                               "Plan Width": 4,                                            
                                               "Actual Startup Time": 83.654,                              
                                               "Actual Total Time": 83.654,                                
                                               "Actual Rows": 1,                                           
                                               "Actual Loops": 1,                                          
                                               "Sort Key": ["k.id"],                                       
                                               "Sort Method": "quicksort",                                 
                                               "Sort Space Used": 25,                                      
                                               "Sort Space Type": "Memory",                                
                                               "Shared Hit Blocks": 2,                                     
                                               "Shared Read Blocks": 947,                                  
                                               "Shared Dirtied Blocks": 0,                                 
                                               "Shared Written Blocks": 0,                                 
                                               "Local Hit Blocks": 0,                                      
                                               "Local Read Blocks": 0,                                     
                                               "Local Dirtied Blocks": 0,                                  
                                               "Local Written Blocks": 0,                                  
                                               "Temp Read Blocks": 0,                                      
                                               "Temp Written Blocks": 0,                                   
                                               "Plans": [                                                  
                                                 {                                                         
                                                   "Node Type": "Seq Scan",                                
                                                   "Parent Relationship": "Outer",                         
                                                   "Parallel Aware": false,                                
                                                   "Relation Name": "keyword",                             
                                                   "Alias": "k",                                           
                                                   "Startup Cost": 0.00,                                   
                                                   "Total Cost": 49.46,                                    
                                                   "Plan Rows": 1,                                         
                                                   "Plan Width": 4,                                        
                                                   "Actual Startup Time": 22.974,                          
                                                   "Actual Total Time": 83.627,                            
                                                   "Actual Rows": 1,                                       
                                                   "Actual Loops": 1,                                      
                                                   "Filter": "(keyword = 'character-name-in-title'::text)",
                                                   "Rows Removed by Filter": 134169,                       
                                                   "Shared Hit Blocks": 2,                                 
                                                   "Shared Read Blocks": 947,                              
                                                   "Shared Dirtied Blocks": 0,                             
                                                   "Shared Written Blocks": 0,                             
                                                   "Local Hit Blocks": 0,                                  
                                                   "Local Read Blocks": 0,                                 
                                                   "Local Dirtied Blocks": 0,                              
                                                   "Local Written Blocks": 0,                              
                                                   "Temp Read Blocks": 0,                                  
                                                   "Temp Written Blocks": 0                                
                                                 }                                                         
                                               ]                                                           
                                             },                                                            
                                             {                                                             
                                               "Node Type": "Sort",                                        
                                               "Parent Relationship": "Inner",                             
                                               "Parallel Aware": false,                                    
                                               "Startup Cost": 16610.92,                                   
                                               "Total Cost": 16962.16,                                     
                                               "Plan Rows": 4523930,                                       
                                               "Plan Width": 8,                                            
                                               "Actual Startup Time": 2216.884,                            
                                               "Actual Total Time": 2241.359,                              
                                               "Actual Rows": 163762,                                      
                                               "Actual Loops": 1,                                          
                                               "Sort Key": ["mk.keyword_id"],                              
                                               "Sort Method": "quicksort",                                 
                                               "Sort Space Used": 408668,                                  
                                               "Sort Space Type": "Memory",                                
                                               "Shared Hit Blocks": 3,                                     
                                               "Shared Read Blocks": 24451,                                
                                               "Shared Dirtied Blocks": 0,                                 
                                               "Shared Written Blocks": 0,                                 
                                               "Local Hit Blocks": 0,                                      
                                               "Local Read Blocks": 0,                                     
                                               "Local Dirtied Blocks": 0,                                  
                                               "Local Written Blocks": 0,                                  
                                               "Temp Read Blocks": 0,                                      
                                               "Temp Written Blocks": 0,                                   
                                               "Plans": [                                                  
                                                 {                                                         
                                                   "Node Type": "Seq Scan",                                
                                                   "Parent Relationship": "Outer",                         
                                                   "Parallel Aware": false,                                
                                                   "Relation Name": "movie_keyword",                       
                                                   "Alias": "mk",                                          
                                                   "Startup Cost": 0.00,                                   
                                                   "Total Cost": 1079.84,                                  
                                                   "Plan Rows": 4523930,                                   
                                                   "Plan Width": 8,                                        
                                                   "Actual Startup Time": 0.007,                           
                                                   "Actual Total Time": 781.919,                           
                                                   "Actual Rows": 4523930,                                 
                                                   "Actual Loops": 1,                                      
                                                   "Shared Hit Blocks": 3,                                 
                                                   "Shared Read Blocks": 24451,                            
                                                   "Shared Dirtied Blocks": 0,                             
                                                   "Shared Written Blocks": 0,                             
                                                   "Local Hit Blocks": 0,                                  
                                                   "Local Read Blocks": 0,                                 
                                                   "Local Dirtied Blocks": 0,                              
                                                   "Local Written Blocks": 0,                              
                                                   "Temp Read Blocks": 0,                                  
                                                   "Temp Written Blocks": 0                                
                                                 }                                                         
                                               ]                                                           
                                             }                                                             
                                           ]                                                               
                                         }                                                                 
                                       ]                                                                   
                                     },                                                                    
                                     {                                                                     
                                       "Node Type": "Sort",                                                
                                       "Parent Relationship": "Inner",                                     
                                       "Parallel Aware": false,                                            
                                       "Startup Cost": 9654.35,                                            
                                       "Total Cost": 9850.65,                                              
                                       "Plan Rows": 2528312,                                               
                                       "Plan Width": 4,                                                    
                                       "Actual Startup Time": 2314.982,                                    
                                       "Actual Total Time": 2675.543,                                      
                                       "Actual Rows": 2525756,                                             
                                       "Actual Loops": 1,                                                  
                                       "Sort Key": ["t.id"],                                               
                                       "Sort Method": "quicksort",                                         
                                       "Sort Space Used": 216819,                                          
                                       "Sort Space Type": "Memory",                                        
                                       "Shared Hit Blocks": 1,                                             
                                       "Shared Read Blocks": 35997,                                        
                                       "Shared Dirtied Blocks": 0,                                         
                                       "Shared Written Blocks": 0,                                         
                                       "Local Hit Blocks": 0,                                              
                                       "Local Read Blocks": 0,                                             
                                       "Local Dirtied Blocks": 0,                                          
                                       "Local Written Blocks": 0,                                          
                                       "Temp Read Blocks": 0,                                              
                                       "Temp Written Blocks": 0,                                           
                                       "Plans": [                                                          
                                         {                                                                 
                                           "Node Type": "Seq Scan",                                        
                                           "Parent Relationship": "Outer",                                 
                                           "Parallel Aware": false,                                        
                                           "Relation Name": "title",                                       
                                           "Alias": "t",                                                   
                                           "Startup Cost": 0.00,                                           
                                           "Total Cost": 1303.96,                                          
                                           "Plan Rows": 2528312,                                           
                                           "Plan Width": 4,                                                
                                           "Actual Startup Time": 10.034,                                  
                                           "Actual Total Time": 1086.998,                                  
                                           "Actual Rows": 2528312,                                         
                                           "Actual Loops": 1,                                              
                                           "Shared Hit Blocks": 1,                                         
                                           "Shared Read Blocks": 35997,                                    
                                           "Shared Dirtied Blocks": 0,                                     
                                           "Shared Written Blocks": 0,                                     
                                           "Local Hit Blocks": 0,                                          
                                           "Local Read Blocks": 0,                                         
                                           "Local Dirtied Blocks": 0,                                      
                                           "Local Written Blocks": 0,                                      
                                           "Temp Read Blocks": 0,                                          
                                           "Temp Written Blocks": 0                                        
                                         }                                                                 
                                       ]                                                                   
                                     }                                                                     
                                   ]                                                                       
                                 },                                                                        
                                 {                                                                         
                                   "Node Type": "Sort",                                                    
                                   "Parent Relationship": "Inner",                                         
                                   "Parallel Aware": false,                                                
                                   "Startup Cost": 9405.45,                                                
                                   "Total Cost": 9608.03,                                                  
                                   "Plan Rows": 2609129,                                                   
                                   "Plan Width": 8,                                                        
                                   "Actual Startup Time": 1458.512,                                        
                                   "Actual Total Time": 1625.898,                                          
                                   "Actual Rows": 2609194,                                                 
                                   "Actual Loops": 1,                                                      
                                   "Sort Key": ["mc.movie_id"],                                            
                                   "Sort Method": "quicksort",                                             
                                   "Sort Space Used": 220607,                                              
                                   "Sort Space Type": "Memory",                                            
                                   "Shared Hit Blocks": 3,                                                 
                                   "Shared Read Blocks": 18786,                                            
                                   "Shared Dirtied Blocks": 0,                                             
                                   "Shared Written Blocks": 0,                                             
                                   "Local Hit Blocks": 0,                                                  
                                   "Local Read Blocks": 0,                                                 
                                   "Local Dirtied Blocks": 0,                                              
                                   "Local Written Blocks": 0,                                              
                                   "Temp Read Blocks": 0,                                                  
                                   "Temp Written Blocks": 0,                                               
                                   "Plans": [                                                              
                                     {                                                                     
                                       "Node Type": "Seq Scan",                                            
                                       "Parent Relationship": "Outer",                                     
                                       "Parallel Aware": false,                                            
                                       "Relation Name": "movie_companies",                                 
                                       "Alias": "mc",                                                      
                                       "Startup Cost": 0.00,                                               
                                       "Total Cost": 769.75,                                               
                                       "Plan Rows": 2609129,                                               
                                       "Plan Width": 8,                                                    
                                       "Actual Startup Time": 0.013,                                       
                                       "Actual Total Time": 533.816,                                       
                                       "Actual Rows": 2609129,                                             
                                       "Actual Loops": 1,                                                  
                                       "Shared Hit Blocks": 3,                                             
                                       "Shared Read Blocks": 18786,                                        
                                       "Shared Dirtied Blocks": 0,                                         
                                       "Shared Written Blocks": 0,                                         
                                       "Local Hit Blocks": 0,                                              
                                       "Local Read Blocks": 0,                                             
                                       "Local Dirtied Blocks": 0,                                          
                                       "Local Written Blocks": 0,                                          
                                       "Temp Read Blocks": 0,                                              
                                       "Temp Written Blocks": 0                                            
                                     }                                                                     
                                   ]                                                                       
                                 }                                                                         
                               ]                                                                           
                             },                                                                            
                             {                                                                             
                               "Node Type": "Sort",                                                        
                               "Parent Relationship": "Inner",                                             
                               "Parallel Aware": false,                                                    
                               "Startup Cost": 151757.13,                                                  
                               "Total Cost": 154571.13,                                                    
                               "Plan Rows": 36244344,                                                      
                               "Plan Width": 8,                                                            
                               "Actual Startup Time": 20878.335,                                           
                               "Actual Total Time": 25589.610,                                             
                               "Actual Rows": 43063011,                                                    
                               "Actual Loops": 1,                                                          
                               "Sort Key": ["ci.movie_id"],                                                
                               "Sort Method": "quicksort",                                                 
                               "Sort Space Used": 3271818,                                                 
                               "Sort Space Type": "Memory",                                                
                               "Shared Hit Blocks": 4,                                                     
                               "Shared Read Blocks": 252650,                                               
                               "Shared Dirtied Blocks": 0,                                                 
                               "Shared Written Blocks": 0,                                                 
                               "Local Hit Blocks": 0,                                                      
                               "Local Read Blocks": 0,                                                     
                               "Local Dirtied Blocks": 0,                                                  
                               "Local Written Blocks": 0,                                                  
                               "Temp Read Blocks": 0,                                                      
                               "Temp Written Blocks": 0,                                                   
                               "Plans": [                                                                  
                                 {                                                                         
                                   "Node Type": "Seq Scan",                                                
                                   "Parent Relationship": "Outer",                                         
                                   "Parallel Aware": false,                                                
                                   "Relation Name": "cast_info",                                           
                                   "Alias": "ci",                                                          
                                   "Startup Cost": 0.00,                                                   
                                   "Total Cost": 10431.00,                                                 
                                   "Plan Rows": 36244344,                                                  
                                   "Plan Width": 8,                                                        
                                   "Actual Startup Time": 0.020,                                           
                                   "Actual Total Time": 6794.634,                                          
                                   "Actual Rows": 36244344,                                                
                                   "Actual Loops": 1,                                                      
                                   "Shared Hit Blocks": 4,                                                 
                                   "Shared Read Blocks": 252650,                                           
                                   "Shared Dirtied Blocks": 0,                                             
                                   "Shared Written Blocks": 0,                                             
                                   "Local Hit Blocks": 0,                                                  
                                   "Local Read Blocks": 0,                                                 
                                   "Local Dirtied Blocks": 0,                                              
                                   "Local Written Blocks": 0,                                              
                                   "Temp Read Blocks": 0,                                                  
                                   "Temp Written Blocks": 0                                                
                                 }                                                                         
                               ]                                                                           
                             }                                                                             
                           ]                                                                               
                         }                                                                                 
                       ]                                                                                   
                     },                                                                                    
                     {                                                                                     
                       "Node Type": "Sort",                                                                
                       "Parent Relationship": "Inner",                                                     
                       "Parallel Aware": false,                                                            
                       "Startup Cost": 2364.39,                                                            
                       "Total Cost": 2364.73,                                                              
                       "Plan Rows": 4398,                                                                  
                       "Plan Width": 19,                                                                   
                       "Actual Startup Time": 2615.926,                                                    
                       "Actual Total Time": 2616.602,                                                      
                       "Actual Rows": 5082,                                                                
                       "Actual Loops": 1,                                                                  
                       "Sort Key": ["n.id"],                                                               
                       "Sort Method": "quicksort",                                                         
                       "Sort Space Used": 587,                                                             
                       "Sort Space Type": "Memory",                                                        
                       "Shared Hit Blocks": 1,                                                             
                       "Shared Read Blocks": 55612,                                                        
                       "Shared Dirtied Blocks": 0,                                                         
                       "Shared Written Blocks": 0,                                                         
                       "Local Hit Blocks": 0,                                                              
                       "Local Read Blocks": 0,                                                             
                       "Local Dirtied Blocks": 0,                                                          
                       "Local Written Blocks": 0,                                                          
                       "Temp Read Blocks": 0,                                                              
                       "Temp Written Blocks": 0,                                                           
                       "Plans": [                                                                          
                         {                                                                                 
                           "Node Type": "Seq Scan",                                                        
                           "Parent Relationship": "Outer",                                                 
                           "Parallel Aware": false,                                                        
                           "Relation Name": "name",                                                        
                           "Alias": "n",                                                                   
                           "Startup Cost": 0.00,                                                           
                           "Total Cost": 2356.12,                                                          
                           "Plan Rows": 4398,                                                              
                           "Plan Width": 19,                                                               
                           "Actual Startup Time": 22.246,                                                  
                           "Actual Total Time": 2610.833,                                                  
                           "Actual Rows": 5216,                                                            
                           "Actual Loops": 1,                                                              
                           "Filter": "(name ~~ '%Bert%'::text)",                                           
                           "Rows Removed by Filter": 4162275,                                              
                           "Shared Hit Blocks": 1,                                                         
                           "Shared Read Blocks": 55612,                                                    
                           "Shared Dirtied Blocks": 0,                                                     
                           "Shared Written Blocks": 0,                                                     
                           "Local Hit Blocks": 0,                                                          
                           "Local Read Blocks": 0,                                                         
                           "Local Dirtied Blocks": 0,                                                      
                           "Local Written Blocks": 0,                                                      
                           "Temp Read Blocks": 0,                                                          
                           "Temp Written Blocks": 0                                                        
                         }                                                                                 
                       ]                                                                                   
                     }                                                                                     
                   ]                                                                                       
                 }                                                                                         
               ]                                                                                           
             },                                                                                            
             {                                                                                             
               "Node Type": "Sort",                                                                        
               "Parent Relationship": "Inner",                                                             
               "Parallel Aware": false,                                                                    
               "Startup Cost": 761.23,                                                                     
               "Total Cost": 779.47,                                                                       
               "Plan Rows": 234997,                                                                        
               "Plan Width": 4,                                                                            
               "Actual Startup Time": 203.454,                                                             
               "Actual Total Time": 227.525,                                                               
               "Actual Rows": 234893,                                                                      
               "Actual Loops": 1,                                                                          
               "Sort Key": ["cn.id"],                                                                      
               "Sort Method": "quicksort",                                                                 
               "Sort Space Used": 17160,                                                                   
               "Sort Space Type": "Memory",                                                                
               "Shared Hit Blocks": 2,                                                                     
               "Shared Read Blocks": 2992,                                                                 
               "Shared Dirtied Blocks": 0,                                                                 
               "Shared Written Blocks": 0,                                                                 
               "Local Hit Blocks": 0,                                                                      
               "Local Read Blocks": 0,                                                                     
               "Local Dirtied Blocks": 0,                                                                  
               "Local Written Blocks": 0,                                                                  
               "Temp Read Blocks": 0,                                                                      
               "Temp Written Blocks": 0,                                                                   
               "Plans": [                                                                                  
                 {                                                                                         
                   "Node Type": "Seq Scan",                                                                
                   "Parent Relationship": "Outer",                                                         
                   "Parallel Aware": false,                                                                
                   "Relation Name": "company_name",                                                        
                   "Alias": "cn",                                                                          
                   "Startup Cost": 0.00,                                                                   
                   "Total Cost": 110.16,                                                                   
                   "Plan Rows": 234997,                                                                    
                   "Plan Width": 4,                                                                        
                   "Actual Startup Time": 4.748,                                                           
                   "Actual Total Time": 88.992,                                                            
                   "Actual Rows": 234997,                                                                  
                   "Actual Loops": 1,                                                                      
                   "Shared Hit Blocks": 2,                                                                 
                   "Shared Read Blocks": 2992,                                                             
                   "Shared Dirtied Blocks": 0,                                                             
                   "Shared Written Blocks": 0,                                                             
                   "Local Hit Blocks": 0,                                                                  
                   "Local Read Blocks": 0,                                                                 
                   "Local Dirtied Blocks": 0,                                                              
                   "Local Written Blocks": 0,                                                              
                   "Temp Read Blocks": 0,                                                                  
                   "Temp Written Blocks": 0                                                                
                 }                                                                                         
               ]                                                                                           
             }                                                                                             
           ]                                                                                               
         }                                                                                                 
       ]                                                                                                   
     },                                                                                                    
     "Planning Time": 5783.149,                                                                            
     "Triggers": [                                                                                         
     ],                                                                                                    
     "Execution Time": 46411.355                                                                           
   }                                                                                                       
 ]
