     "Plan": {                                                                                                 
       "Node Type": "Aggregate",                                                                               
       "Strategy": "Plain",                                                                                    
       "Partial Mode": "Simple",                                                                               
       "Parallel Aware": false,                                                                                
       "Startup Cost": 199406.28,                                                                              
       "Total Cost": 199406.28,                                                                                
       "Plan Rows": 1,                                                                                         
       "Plan Width": 32,                                                                                       
       "Actual Startup Time": 41995.451,                                                                       
       "Actual Total Time": 41995.451,                                                                         
       "Actual Rows": 1,                                                                                       
       "Actual Loops": 1,                                                                                      
       "Shared Hit Blocks": 20,                                                                                
       "Shared Read Blocks": 391435,                                                                           
       "Shared Dirtied Blocks": 0,                                                                             
       "Shared Written Blocks": 0,                                                                             
       "Local Hit Blocks": 0,                                                                                  
       "Local Read Blocks": 0,                                                                                 
       "Local Dirtied Blocks": 0,                                                                              
       "Local Written Blocks": 0,                                                                              
       "Temp Read Blocks": 0,                                                                                  
       "Temp Written Blocks": 0,                                                                               
       "Plans": [                                                                                              
         {                                                                                                     
           "Node Type": "Merge Join",                                                                          
           "Parent Relationship": "Outer",                                                                     
           "Parallel Aware": false,                                                                            
           "Join Type": "Inner",                                                                               
           "Startup Cost": 199369.70,                                                                          
           "Total Cost": 199406.26,                                                                            
           "Plan Rows": 278,                                                                                   
           "Plan Width": 15,                                                                                   
           "Actual Startup Time": 41355.221,                                                                   
           "Actual Total Time": 41811.628,                                                                     
           "Actual Rows": 1113120,                                                                             
           "Actual Loops": 1,                                                                                  
           "Inner Unique": true,                                                                               
           "Merge Cond": "(mc.company_id = cn.id)",                                                            
           "Shared Hit Blocks": 20,                                                                            
           "Shared Read Blocks": 391435,                                                                       
           "Shared Dirtied Blocks": 0,                                                                         
           "Shared Written Blocks": 0,                                                                         
           "Local Hit Blocks": 0,                                                                              
           "Local Read Blocks": 0,                                                                             
           "Local Dirtied Blocks": 0,                                                                          
           "Local Written Blocks": 0,                                                                          
           "Temp Read Blocks": 0,                                                                              
           "Temp Written Blocks": 0,                                                                           
           "Plans": [                                                                                          
             {                                                                                                 
               "Node Type": "Sort",                                                                            
               "Parent Relationship": "Outer",                                                                 
               "Parallel Aware": false,                                                                        
               "Startup Cost": 198608.48,                                                                      
               "Total Cost": 198608.50,                                                                        
               "Plan Rows": 278,                                                                               
               "Plan Width": 19,                                                                               
               "Actual Startup Time": 41159.908,                                                               
               "Actual Total Time": 41314.255,                                                                 
               "Actual Rows": 1113120,                                                                         
               "Actual Loops": 1,                                                                              
               "Sort Key": ["mc.company_id"],                                                                  
               "Sort Method": "quicksort",                                                                     
               "Sort Space Used": 131201,                                                                      
               "Sort Space Type": "Memory",                                                                    
               "Shared Hit Blocks": 18,                                                                        
               "Shared Read Blocks": 388443,                                                                   
               "Shared Dirtied Blocks": 0,                                                                     
               "Shared Written Blocks": 0,                                                                     
               "Local Hit Blocks": 0,                                                                          
               "Local Read Blocks": 0,                                                                         
               "Local Dirtied Blocks": 0,                                                                      
               "Local Written Blocks": 0,                                                                      
               "Temp Read Blocks": 0,                                                                          
               "Temp Written Blocks": 0,                                                                       
               "Plans": [                                                                                      
                 {                                                                                             
                   "Node Type": "Merge Join",                                                                  
                   "Parent Relationship": "Outer",                                                             
                   "Parallel Aware": false,                                                                    
                   "Join Type": "Inner",                                                                       
                   "Startup Cost": 197810.69,                                                                  
                   "Total Cost": 198608.12,                                                                    
                   "Plan Rows": 278,                                                                           
                   "Plan Width": 19,                                                                           
                   "Actual Startup Time": 39465.008,                                                           
                   "Actual Total Time": 40802.248,                                                             
                   "Actual Rows": 1113120,                                                                     
                   "Actual Loops": 1,                                                                          
                   "Inner Unique": false,                                                                      
                   "Merge Cond": "(ci.movie_id = mc.movie_id)",                                                
                   "Shared Hit Blocks": 14,                                                                    
                   "Shared Read Blocks": 388443,                                                               
                   "Shared Dirtied Blocks": 0,                                                                 
                   "Shared Written Blocks": 0,                                                                 
                   "Local Hit Blocks": 0,                                                                      
                   "Local Read Blocks": 0,                                                                     
                   "Local Dirtied Blocks": 0,                                                                  
                   "Local Written Blocks": 0,                                                                  
                   "Temp Read Blocks": 0,                                                                      
                   "Temp Written Blocks": 0,                                                                   
                   "Plans": [                                                                                  
                     {                                                                                         
                       "Node Type": "Merge Join",                                                              
                       "Parent Relationship": "Outer",                                                         
                       "Parallel Aware": false,                                                                
                       "Join Type": "Inner",                                                                   
                       "Startup Cost": 188405.23,                                                              
                       "Total Cost": 188797.50,                                                                
                       "Plan Rows": 145,                                                                       
                       "Plan Width": 27,                                                                       
                       "Actual Startup Time": 37998.809,                                                       
                       "Actual Total Time": 38672.074,                                                         
                       "Actual Rows": 149493,                                                                  
                       "Actual Loops": 1,                                                                      
                       "Inner Unique": true,                                                                   
                       "Merge Cond": "(ci.movie_id = t.id)",                                                   
                       "Shared Hit Blocks": 11,                                                                
                       "Shared Read Blocks": 369657,                                                           
                       "Shared Dirtied Blocks": 0,                                                             
                       "Shared Written Blocks": 0,                                                             
                       "Local Hit Blocks": 0,                                                                  
                       "Local Read Blocks": 0,                                                                 
                       "Local Dirtied Blocks": 0,                                                              
                       "Local Written Blocks": 0,                                                              
                       "Temp Read Blocks": 0,                                                                  
                       "Temp Written Blocks": 0,                                                               
                       "Plans": [                                                                              
                         {                                                                                     
                           "Node Type": "Sort",                                                                
                           "Parent Relationship": "Outer",                                                     
                           "Parallel Aware": false,                                                            
                           "Startup Cost": 178750.88,                                                          
                           "Total Cost": 178750.89,                                                            
                           "Plan Rows": 145,                                                                   
                           "Plan Width": 23,                                                                   
                           "Actual Startup Time": 35694.547,                                                   
                           "Actual Total Time": 35717.099,                                                     
                           "Actual Rows": 149493,                                                              
                           "Actual Loops": 1,                                                                  
                           "Sort Key": ["ci.movie_id"],                                                        
                           "Sort Method": "quicksort",                                                         
                           "Sort Space Used": 17811,                                                           
                           "Sort Space Type": "Memory",                                                        
                           "Shared Hit Blocks": 10,                                                            
                           "Shared Read Blocks": 333660,                                                       
                           "Shared Dirtied Blocks": 0,                                                         
                           "Shared Written Blocks": 0,                                                         
                           "Local Hit Blocks": 0,                                                              
                           "Local Read Blocks": 0,                                                             
                           "Local Dirtied Blocks": 0,                                                          
                           "Local Written Blocks": 0,                                                          
                           "Temp Read Blocks": 0,                                                              
                           "Temp Written Blocks": 0,                                                           
                           "Plans": [                                                                          
                             {                                                                                 
                               "Node Type": "Merge Join",                                                      
                               "Parent Relationship": "Outer",                                                 
                               "Parallel Aware": false,                                                        
                               "Join Type": "Inner",                                                           
                               "Startup Cost": 178670.35,                                                      
                               "Total Cost": 178750.72,                                                        
                               "Plan Rows": 145,                                                               
                               "Plan Width": 23,                                                               
                               "Actual Startup Time": 35207.812,                                               
                               "Actual Total Time": 35638.372,                                                 
                               "Actual Rows": 149494,                                                          
                               "Actual Loops": 1,                                                              
                               "Inner Unique": true,                                                           
                               "Merge Cond": "(ci.person_id = n.id)",                                          
                               "Shared Hit Blocks": 10,                                                        
                               "Shared Read Blocks": 333660,                                                   
                               "Shared Dirtied Blocks": 0,                                                     
                               "Shared Written Blocks": 0,                                                     
                               "Local Hit Blocks": 0,                                                          
                               "Local Read Blocks": 0,                                                         
                               "Local Dirtied Blocks": 0,                                                      
                               "Local Written Blocks": 0,                                                      
                               "Temp Read Blocks": 0,                                                          
                               "Temp Written Blocks": 0,                                                       
                               "Plans": [                                                                      
                                 {                                                                             
                                   "Node Type": "Sort",                                                        
                                   "Parent Relationship": "Outer",                                             
                                   "Parallel Aware": false,                                                    
                                   "Startup Cost": 174749.89,                                                  
                                   "Total Cost": 174749.98,                                                    
                                   "Plan Rows": 1138,                                                          
                                   "Plan Width": 12,                                                           
                                   "Actual Startup Time": 32495.573,                                           
                                   "Actual Total Time": 32644.429,                                             
                                   "Actual Rows": 1038393,                                                     
                                   "Actual Loops": 1,                                                          
                                   "Sort Key": ["ci.person_id"],                                               
                                   "Sort Method": "quicksort",                                                 
                                   "Sort Space Used": 73251,                                                   
                                   "Sort Space Type": "Memory",                                                
                                   "Shared Hit Blocks": 9,                                                     
                                   "Shared Read Blocks": 278048,                                               
                                   "Shared Dirtied Blocks": 0,                                                 
                                   "Shared Written Blocks": 0,                                                 
                                   "Local Hit Blocks": 0,                                                      
                                   "Local Read Blocks": 0,                                                     
                                   "Local Dirtied Blocks": 0,                                                  
                                   "Local Written Blocks": 0,                                                  
                                   "Temp Read Blocks": 0,                                                      
                                   "Temp Written Blocks": 0,                                                   
                                   "Plans": [                                                                  
                                     {                                                                         
                                       "Node Type": "Merge Join",                                              
                                       "Parent Relationship": "Outer",                                         
                                       "Parallel Aware": false,                                                
                                       "Join Type": "Inner",                                                   
                                       "Startup Cost": 169120.05,                                              
                                       "Total Cost": 174748.09,                                                
                                       "Plan Rows": 1138,                                                      
                                       "Plan Width": 12,                                                       
                                       "Actual Startup Time": 23307.475,                                       
                                       "Actual Total Time": 32080.103,                                         
                                       "Actual Rows": 1038393,                                                 
                                       "Actual Loops": 1,                                                      
                                       "Inner Unique": false,                                                  
                                       "Merge Cond": "(mk.movie_id = ci.movie_id)",                            
                                       "Shared Hit Blocks": 9,                                                 
                                       "Shared Read Blocks": 278048,                                           
                                       "Shared Dirtied Blocks": 0,                                             
                                       "Shared Written Blocks": 0,                                             
                                       "Local Hit Blocks": 0,                                                  
                                       "Local Read Blocks": 0,                                                 
                                       "Local Dirtied Blocks": 0,                                              
                                       "Local Written Blocks": 0,                                              
                                       "Temp Read Blocks": 0,                                                  
                                       "Temp Written Blocks": 0,                                               
                                       "Plans": [                                                              
                                         {                                                                     
                                           "Node Type": "Sort",                                                
                                           "Parent Relationship": "Outer",                                     
                                           "Parallel Aware": false,                                            
                                           "Startup Cost": 17362.89,                                           
                                           "Total Cost": 17362.89,                                             
                                           "Plan Rows": 34,                                                    
                                           "Plan Width": 4,                                                    
                                           "Actual Startup Time": 2425.525,                                    
                                           "Actual Total Time": 2432.235,                                      
                                           "Actual Rows": 41840,                                               
                                           "Actual Loops": 1,                                                  
                                           "Sort Key": ["mk.movie_id"],                                        
                                           "Sort Method": "quicksort",                                         
                                           "Sort Space Used": 3498,                                            
                                           "Sort Space Type": "Memory",                                        
                                           "Shared Hit Blocks": 5,                                             
                                           "Shared Read Blocks": 25398,                                        
                                           "Shared Dirtied Blocks": 0,                                         
                                           "Shared Written Blocks": 0,                                         
                                           "Local Hit Blocks": 0,                                              
                                           "Local Read Blocks": 0,                                             
                                           "Local Dirtied Blocks": 0,                                          
                                           "Local Written Blocks": 0,                                          
                                           "Temp Read Blocks": 0,                                              
                                           "Temp Written Blocks": 0,                                           
                                           "Plans": [                                                          
                                             {                                                                 
                                               "Node Type": "Merge Join",                                      
                                               "Parent Relationship": "Outer",                                 
                                               "Parallel Aware": false,                                        
                                               "Join Type": "Inner",                                           
                                               "Startup Cost": 16660.38,                                       
                                               "Total Cost": 17362.86,                                         
                                               "Plan Rows": 34,                                                
                                               "Plan Width": 4,                                                
                                               "Actual Startup Time": 2397.549,                                
                                               "Actual Total Time": 2411.146,                                  
                                               "Actual Rows": 41840,                                           
                                               "Actual Loops": 1,                                              
                                               "Inner Unique": false,                                          
                                               "Merge Cond": "(k.id = mk.keyword_id)",                         
                                               "Shared Hit Blocks": 5,                                         
                                               "Shared Read Blocks": 25398,                                    
                                               "Shared Dirtied Blocks": 0,                                     
                                               "Shared Written Blocks": 0,                                     
                                               "Local Hit Blocks": 0,                                          
                                               "Local Read Blocks": 0,                                         
                                               "Local Dirtied Blocks": 0,                                      
                                               "Local Written Blocks": 0,                                      
                                               "Temp Read Blocks": 0,                                          
                                               "Temp Written Blocks": 0,                                       
                                               "Plans": [                                                      
                                                 {                                                             
                                                   "Node Type": "Sort",                                        
                                                   "Parent Relationship": "Outer",                             
                                                   "Parallel Aware": false,                                    
                                                   "Startup Cost": 49.46,                                      
                                                   "Total Cost": 49.46,                                        
                                                   "Plan Rows": 1,                                             
                                                   "Plan Width": 4,                                            
                                                   "Actual Startup Time": 83.429,                              
                                                   "Actual Total Time": 83.430,                                
                                                   "Actual Rows": 1,                                           
                                                   "Actual Loops": 1,                                          
                                                   "Sort Key": ["k.id"],                                       
                                                   "Sort Method": "quicksort",                                 
                                                   "Sort Space Used": 25,                                      
                                                   "Sort Space Type": "Memory",                                
                                                   "Shared Hit Blocks": 2,                                     
                                                   "Shared Read Blocks": 947,                                  
                                                   "Shared Dirtied Blocks": 0,                                 
                                                   "Shared Written Blocks": 0,                                 
                                                   "Local Hit Blocks": 0,                                      
                                                   "Local Read Blocks": 0,                                     
                                                   "Local Dirtied Blocks": 0,                                  
                                                   "Local Written Blocks": 0,                                  
                                                   "Temp Read Blocks": 0,                                      
                                                   "Temp Written Blocks": 0,                                   
                                                   "Plans": [                                                  
                                                     {                                                         
                                                       "Node Type": "Seq Scan",                                
                                                       "Parent Relationship": "Outer",                         
                                                       "Parallel Aware": false,                                
                                                       "Relation Name": "keyword",                             
                                                       "Alias": "k",                                           
                                                       "Startup Cost": 0.00,                                   
                                                       "Total Cost": 49.46,                                    
                                                       "Plan Rows": 1,                                         
                                                       "Plan Width": 4,                                        
                                                       "Actual Startup Time": 23.015,                          
                                                       "Actual Total Time": 83.412,                            
                                                       "Actual Rows": 1,                                       
                                                       "Actual Loops": 1,                                      
                                                       "Filter": "(keyword = 'character-name-in-title'::text)",
                                                       "Rows Removed by Filter": 134169,                       
                                                       "Shared Hit Blocks": 2,                                 
                                                       "Shared Read Blocks": 947,                              
                                                       "Shared Dirtied Blocks": 0,                             
                                                       "Shared Written Blocks": 0,                             
                                                       "Local Hit Blocks": 0,                                  
                                                       "Local Read Blocks": 0,                                 
                                                       "Local Dirtied Blocks": 0,                              
                                                       "Local Written Blocks": 0,                              
                                                       "Temp Read Blocks": 0,                                  
                                                       "Temp Written Blocks": 0                                
                                                     }                                                         
                                                   ]                                                           
                                                 },                                                            
                                                 {                                                             
                                                   "Node Type": "Sort",                                        
                                                   "Parent Relationship": "Inner",                             
                                                   "Parallel Aware": false,                                    
                                                   "Startup Cost": 16610.92,                                   
                                                   "Total Cost": 16962.16,                                     
                                                   "Plan Rows": 4523930,                                       
                                                   "Plan Width": 8,                                            
                                                   "Actual Startup Time": 2280.889,                            
                                                   "Actual Total Time": 2304.844,                              
                                                   "Actual Rows": 163762,                                      
                                                   "Actual Loops": 1,                                          
                                                   "Sort Key": ["mk.keyword_id"],                              
                                                   "Sort Method": "quicksort",                                 
                                                   "Sort Space Used": 408668,                                  
                                                   "Sort Space Type": "Memory",                                
                                                   "Shared Hit Blocks": 3,                                     
                                                   "Shared Read Blocks": 24451,                                
                                                   "Shared Dirtied Blocks": 0,                                 
                                                   "Shared Written Blocks": 0,                                 
                                                   "Local Hit Blocks": 0,                                      
                                                   "Local Read Blocks": 0,                                     
                                                   "Local Dirtied Blocks": 0,                                  
                                                   "Local Written Blocks": 0,                                  
                                                   "Temp Read Blocks": 0,                                      
                                                   "Temp Written Blocks": 0,                                   
                                                   "Plans": [                                                  
                                                     {                                                         
                                                       "Node Type": "Seq Scan",                                
                                                       "Parent Relationship": "Outer",                         
                                                       "Parallel Aware": false,                                
                                                       "Relation Name": "movie_keyword",                       
                                                       "Alias": "mk",                                          
                                                       "Startup Cost": 0.00,                                   
                                                       "Total Cost": 1079.84,                                  
                                                       "Plan Rows": 4523930,                                   
                                                       "Plan Width": 8,                                        
                                                       "Actual Startup Time": 0.006,                           
                                                       "Actual Total Time": 831.856,                           
                                                       "Actual Rows": 4523930,                                 
                                                       "Actual Loops": 1,                                      
                                                       "Shared Hit Blocks": 3,                                 
                                                       "Shared Read Blocks": 24451,                            
                                                       "Shared Dirtied Blocks": 0,                             
                                                       "Shared Written Blocks": 0,                             
                                                       "Local Hit Blocks": 0,                                  
                                                       "Local Read Blocks": 0,                                 
                                                       "Local Dirtied Blocks": 0,                              
                                                       "Local Written Blocks": 0,                              
                                                       "Temp Read Blocks": 0,                                  
                                                       "Temp Written Blocks": 0                                
                                                     }                                                         
                                                   ]                                                           
                                                 }                                                             
                                               ]                                                               
                                             }                                                                 
                                           ]                                                                   
                                         },                                                                    
                                         {                                                                     
                                           "Node Type": "Sort",                                                
                                           "Parent Relationship": "Inner",                                     
                                           "Parallel Aware": false,                                            
                                           "Startup Cost": 151757.13,                                          
                                           "Total Cost": 154571.13,                                            
                                           "Plan Rows": 36244344,                                              
                                           "Plan Width": 8,                                                    
                                           "Actual Startup Time": 20881.077,                                   
                                           "Actual Total Time": 25214.716,                                     
                                           "Actual Rows": 36243485,                                            
                                           "Actual Loops": 1,                                                  
                                           "Sort Key": ["ci.movie_id"],                                        
                                           "Sort Method": "quicksort",                                         
                                           "Sort Space Used": 3271818,                                         
                                           "Sort Space Type": "Memory",                                        
                                           "Shared Hit Blocks": 4,                                             
                                           "Shared Read Blocks": 252650,                                       
                                           "Shared Dirtied Blocks": 0,                                         
                                           "Shared Written Blocks": 0,                                         
                                           "Local Hit Blocks": 0,                                              
                                           "Local Read Blocks": 0,                                             
                                           "Local Dirtied Blocks": 0,                                          
                                           "Local Written Blocks": 0,                                          
                                           "Temp Read Blocks": 0,                                              
                                           "Temp Written Blocks": 0,                                           
                                           "Plans": [                                                          
                                             {                                                                 
                                               "Node Type": "Seq Scan",                                        
                                               "Parent Relationship": "Outer",                                 
                                               "Parallel Aware": false,                                        
                                               "Relation Name": "cast_info",                                   
                                               "Alias": "ci",                                                  
                                               "Startup Cost": 0.00,                                           
                                               "Total Cost": 10431.00,                                         
                                               "Plan Rows": 36244344,                                          
                                               "Plan Width": 8,                                                
                                               "Actual Startup Time": 0.014,                                   
                                               "Actual Total Time": 6838.706,                                  
                                               "Actual Rows": 36244344,                                        
                                               "Actual Loops": 1,                                              
                                               "Shared Hit Blocks": 4,                                         
                                               "Shared Read Blocks": 252650,                                   
                                               "Shared Dirtied Blocks": 0,                                     
                                               "Shared Written Blocks": 0,                                     
                                               "Local Hit Blocks": 0,                                          
                                               "Local Read Blocks": 0,                                         
                                               "Local Dirtied Blocks": 0,                                      
                                               "Local Written Blocks": 0,                                      
                                               "Temp Read Blocks": 0,                                          
                                               "Temp Written Blocks": 0                                        
                                             }                                                                 
                                           ]                                                                   
                                         }                                                                     
                                       ]                                                                       
                                     }                                                                         
                                   ]                                                                           
                                 },                                                                            
                                 {                                                                             
                                   "Node Type": "Sort",                                                        
                                   "Parent Relationship": "Inner",                                             
                                   "Parallel Aware": false,                                                    
                                   "Startup Cost": 3920.46,                                                    
                                   "Total Cost": 3961.60,                                                      
                                   "Plan Rows": 529807,                                                        
                                   "Plan Width": 19,                                                           
                                   "Actual Startup Time": 2712.225,                                            
                                   "Actual Total Time": 2771.700,                                              
                                   "Actual Rows": 522512,                                                      
                                   "Actual Loops": 1,                                                          
                                   "Sort Key": ["n.id"],                                                       
                                   "Sort Method": "quicksort",                                                 
                                   "Sort Space Used": 64291,                                                   
                                   "Sort Space Type": "Memory",                                                
                                   "Shared Hit Blocks": 1,                                                     
                                   "Shared Read Blocks": 55612,                                                
                                   "Shared Dirtied Blocks": 0,                                                 
                                   "Shared Written Blocks": 0,                                                 
                                   "Local Hit Blocks": 0,                                                      
                                   "Local Read Blocks": 0,                                                     
                                   "Local Dirtied Blocks": 0,                                                  
                                   "Local Written Blocks": 0,                                                  
                                   "Temp Read Blocks": 0,                                                      
                                   "Temp Written Blocks": 0,                                                   
                                   "Plans": [                                                                  
                                     {                                                                         
                                       "Node Type": "Seq Scan",                                                
                                       "Parent Relationship": "Outer",                                         
                                       "Parallel Aware": false,                                                
                                       "Relation Name": "name",                                                
                                       "Alias": "n",                                                           
                                       "Startup Cost": 0.00,                                                   
                                       "Total Cost": 2356.12,                                                  
                                       "Plan Rows": 529807,                                                    
                                       "Plan Width": 19,                                                       
                                       "Actual Startup Time": 17.097,                                          
                                       "Actual Total Time": 2428.839,                                          
                                       "Actual Rows": 536716,                                                  
                                       "Actual Loops": 1,                                                      
                                       "Filter": "(name ~~ '%B%'::text)",                                      
                                       "Rows Removed by Filter": 3630775,                                      
                                       "Shared Hit Blocks": 1,                                                 
                                       "Shared Read Blocks": 55612,                                            
                                       "Shared Dirtied Blocks": 0,                                             
                                       "Shared Written Blocks": 0,                                             
                                       "Local Hit Blocks": 0,                                                  
                                       "Local Read Blocks": 0,                                                 
                                       "Local Dirtied Blocks": 0,                                              
                                       "Local Written Blocks": 0,                                              
                                       "Temp Read Blocks": 0,                                                  
                                       "Temp Written Blocks": 0                                                
                                     }                                                                         
                                   ]                                                                           
                                 }                                                                             
                               ]                                                                               
                             }                                                                                 
                           ]                                                                                   
                         },                                                                                    
                         {                                                                                     
                           "Node Type": "Sort",                                                                
                           "Parent Relationship": "Inner",                                                     
                           "Parallel Aware": false,                                                            
                           "Startup Cost": 9654.35,                                                            
                           "Total Cost": 9850.65,                                                              
                           "Plan Rows": 2528312,                                                               
                           "Plan Width": 4,                                                                    
                           "Actual Startup Time": 2304.147,                                                    
                           "Actual Total Time": 2625.428,                                                      
                           "Actual Rows": 2525756,                                                             
                           "Actual Loops": 1,                                                                  
                           "Sort Key": ["t.id"],                                                               
                           "Sort Method": "quicksort",                                                         
                           "Sort Space Used": 216819,                                                          
                           "Sort Space Type": "Memory",                                                        
                           "Shared Hit Blocks": 1,                                                             
                           "Shared Read Blocks": 35997,                                                        
                           "Shared Dirtied Blocks": 0,                                                         
                           "Shared Written Blocks": 0,                                                         
                           "Local Hit Blocks": 0,                                                              
                           "Local Read Blocks": 0,                                                             
                           "Local Dirtied Blocks": 0,                                                          
                           "Local Written Blocks": 0,                                                          
                           "Temp Read Blocks": 0,                                                              
                           "Temp Written Blocks": 0,                                                           
                           "Plans": [                                                                          
                             {                                                                                 
                               "Node Type": "Seq Scan",                                                        
                               "Parent Relationship": "Outer",                                                 
                               "Parallel Aware": false,                                                        
                               "Relation Name": "title",                                                       
                               "Alias": "t",                                                                   
                               "Startup Cost": 0.00,                                                           
                               "Total Cost": 1303.96,                                                          
                               "Plan Rows": 2528312,                                                           
                               "Plan Width": 4,                                                                
                               "Actual Startup Time": 7.714,                                                   
                               "Actual Total Time": 1081.870,                                                  
                               "Actual Rows": 2528312,                                                         
                               "Actual Loops": 1,                                                              
                               "Shared Hit Blocks": 1,                                                         
                               "Shared Read Blocks": 35997,                                                    
                               "Shared Dirtied Blocks": 0,                                                     
                               "Shared Written Blocks": 0,                                                     
                               "Local Hit Blocks": 0,                                                          
                               "Local Read Blocks": 0,                                                         
                               "Local Dirtied Blocks": 0,                                                      
                               "Local Written Blocks": 0,                                                      
                               "Temp Read Blocks": 0,                                                          
                               "Temp Written Blocks": 0                                                        
                             }                                                                                 
                           ]                                                                                   
                         }                                                                                     
                       ]                                                                                       
                     },                                                                                        
                     {                                                                                         
                       "Node Type": "Sort",                                                                    
                       "Parent Relationship": "Inner",                                                         
                       "Parallel Aware": false,                                                                
                       "Startup Cost": 9405.45,                                                                
                       "Total Cost": 9608.03,                                                                  
                       "Plan Rows": 2609129,                                                                   
                       "Plan Width": 8,                                                                        
                       "Actual Startup Time": 1465.815,                                                        
                       "Actual Total Time": 1662.182,                                                          
                       "Actual Rows": 3595354,                                                                 
                       "Actual Loops": 1,                                                                      
                       "Sort Key": ["mc.movie_id"],                                                            
                       "Sort Method": "quicksort",                                                             
                       "Sort Space Used": 220607,                                                              
                       "Sort Space Type": "Memory",                                                            
                       "Shared Hit Blocks": 3,                                                                 
                       "Shared Read Blocks": 18786,                                                            
                       "Shared Dirtied Blocks": 0,                                                             
                       "Shared Written Blocks": 0,                                                             
                       "Local Hit Blocks": 0,                                                                  
                       "Local Read Blocks": 0,                                                                 
                       "Local Dirtied Blocks": 0,                                                              
                       "Local Written Blocks": 0,                                                              
                       "Temp Read Blocks": 0,                                                                  
                       "Temp Written Blocks": 0,                                                               
                       "Plans": [                                                                              
                         {                                                                                     
                           "Node Type": "Seq Scan",                                                            
                           "Parent Relationship": "Outer",                                                     
                           "Parallel Aware": false,                                                            
                           "Relation Name": "movie_companies",                                                 
                           "Alias": "mc",                                                                      
                           "Startup Cost": 0.00,                                                               
                           "Total Cost": 769.75,                                                               
                           "Plan Rows": 2609129,                                                               
                           "Plan Width": 8,                                                                    
                           "Actual Startup Time": 0.015,                                                       
                           "Actual Total Time": 539.054,                                                       
                           "Actual Rows": 2609129,                                                             
                           "Actual Loops": 1,                                                                  
                           "Shared Hit Blocks": 3,                                                             
                           "Shared Read Blocks": 18786,                                                        
                           "Shared Dirtied Blocks": 0,                                                         
                           "Shared Written Blocks": 0,                                                         
                           "Local Hit Blocks": 0,                                                              
                           "Local Read Blocks": 0,                                                             
                           "Local Dirtied Blocks": 0,                                                          
                           "Local Written Blocks": 0,                                                          
                           "Temp Read Blocks": 0,                                                              
                           "Temp Written Blocks": 0                                                            
                         }                                                                                     
                       ]                                                                                       
                     }                                                                                         
                   ]                                                                                           
                 }                                                                                             
               ]                                                                                               
             },                                                                                                
             {                                                                                                 
               "Node Type": "Sort",                                                                            
               "Parent Relationship": "Inner",                                                                 
               "Parallel Aware": false,                                                                        
               "Startup Cost": 761.23,                                                                         
               "Total Cost": 779.47,                                                                           
               "Plan Rows": 234997,                                                                            
               "Plan Width": 4,                                                                                
               "Actual Startup Time": 195.305,                                                                 
               "Actual Total Time": 225.936,                                                                   
               "Actual Rows": 234933,                                                                          
               "Actual Loops": 1,                                                                              
               "Sort Key": ["cn.id"],                                                                          
               "Sort Method": "quicksort",                                                                     
               "Sort Space Used": 17160,                                                                       
               "Sort Space Type": "Memory",                                                                    
               "Shared Hit Blocks": 2,                                                                         
               "Shared Read Blocks": 2992,                                                                     
               "Shared Dirtied Blocks": 0,                                                                     
               "Shared Written Blocks": 0,                                                                     
               "Local Hit Blocks": 0,                                                                          
               "Local Read Blocks": 0,                                                                         
               "Local Dirtied Blocks": 0,                                                                      
               "Local Written Blocks": 0,                                                                      
               "Temp Read Blocks": 0,                                                                          
               "Temp Written Blocks": 0,                                                                       
               "Plans": [                                                                                      
                 {                                                                                             
                   "Node Type": "Seq Scan",                                                                    
                   "Parent Relationship": "Outer",                                                             
                   "Parallel Aware": false,                                                                    
                   "Relation Name": "company_name",                                                            
                   "Alias": "cn",                                                                              
                   "Startup Cost": 0.00,                                                                       
                   "Total Cost": 110.16,                                                                       
                   "Plan Rows": 234997,                                                                        
                   "Plan Width": 4,                                                                            
                   "Actual Startup Time": 9.061,                                                               
                   "Actual Total Time": 90.014,                                                                
                   "Actual Rows": 234997,                                                                      
                   "Actual Loops": 1,                                                                          
                   "Shared Hit Blocks": 2,                                                                     
                   "Shared Read Blocks": 2992,                                                                 
                   "Shared Dirtied Blocks": 0,                                                                 
                   "Shared Written Blocks": 0,                                                                 
                   "Local Hit Blocks": 0,                                                                      
                   "Local Read Blocks": 0,                                                                     
                   "Local Dirtied Blocks": 0,                                                                  
                   "Local Written Blocks": 0,                                                                  
                   "Temp Read Blocks": 0,                                                                      
                   "Temp Written Blocks": 0                                                                    
                 }                                                                                             
               ]                                                                                               
             }                                                                                                 
           ]                                                                                                   
         }                                                                                                     
       ]                                                                                                       
     },                                                                                                        
     "Planning Time": 5725.144,                                                                                
     "Triggers": [                                                                                             
     ],                                                                                                        
     "Execution Time": 42138.366                                                                               
