 [                                                                                                                                                          
   {                                                                                                                                                        
     "Plan": {                                                                                                                                              
       "Node Type": "Aggregate",                                                                                                                            
       "Strategy": "Plain",                                                                                                                                 
       "Partial Mode": "Simple",                                                                                                                            
       "Parallel Aware": false,                                                                                                                             
       "Startup Cost": 37473.08,                                                                                                                            
       "Total Cost": 37473.08,                                                                                                                              
       "Plan Rows": 1,                                                                                                                                      
       "Plan Width": 96,                                                                                                                                    
       "Actual Startup Time": 14147.131,                                                                                                                    
       "Actual Total Time": 14147.131,                                                                                                                      
       "Actual Rows": 1,                                                                                                                                    
       "Actual Loops": 1,                                                                                                                                   
       "Shared Hit Blocks": 21,                                                                                                                             
       "Shared Read Blocks": 245224,                                                                                                                        
       "Shared Dirtied Blocks": 0,                                                                                                                          
       "Shared Written Blocks": 0,                                                                                                                          
       "Local Hit Blocks": 0,                                                                                                                               
       "Local Read Blocks": 0,                                                                                                                              
       "Local Dirtied Blocks": 0,                                                                                                                           
       "Local Written Blocks": 0,                                                                                                                           
       "Temp Read Blocks": 0,                                                                                                                               
       "Temp Written Blocks": 0,                                                                                                                            
       "Plans": [                                                                                                                                           
         {                                                                                                                                                  
           "Node Type": "Merge Join",                                                                                                                       
           "Parent Relationship": "Outer",                                                                                                                  
           "Parallel Aware": false,                                                                                                                         
           "Join Type": "Inner",                                                                                                                            
           "Startup Cost": 37465.45,                                                                                                                        
           "Total Cost": 37473.08,                                                                                                                          
           "Plan Rows": 1,                                                                                                                                  
           "Plan Width": 48,                                                                                                                                
           "Actual Startup Time": 14123.996,                                                                                                                
           "Actual Total Time": 14135.189,                                                                                                                  
           "Actual Rows": 1410,                                                                                                                             
           "Actual Loops": 1,                                                                                                                               
           "Inner Unique": true,                                                                                                                            
           "Merge Cond": "(mc.company_id = cn.id)",                                                                                                         
           "Shared Hit Blocks": 21,                                                                                                                         
           "Shared Read Blocks": 245224,                                                                                                                    
           "Shared Dirtied Blocks": 0,                                                                                                                      
           "Shared Written Blocks": 0,                                                                                                                      
           "Local Hit Blocks": 0,                                                                                                                           
           "Local Read Blocks": 0,                                                                                                                          
           "Local Dirtied Blocks": 0,                                                                                                                       
           "Local Written Blocks": 0,                                                                                                                       
           "Temp Read Blocks": 0,                                                                                                                           
           "Temp Written Blocks": 0,                                                                                                                        
           "Plans": [                                                                                                                                       
             {                                                                                                                                              
               "Node Type": "Sort",                                                                                                                         
               "Parent Relationship": "Outer",                                                                                                              
               "Parallel Aware": false,                                                                                                                     
               "Startup Cost": 37181.58,                                                                                                                    
               "Total Cost": 37181.58,                                                                                                                      
               "Plan Rows": 1,                                                                                                                              
               "Plan Width": 33,                                                                                                                            
               "Actual Startup Time": 13952.554,                                                                                                            
               "Actual Total Time": 13953.123,                                                                                                              
               "Actual Rows": 3029,                                                                                                                         
               "Actual Loops": 1,                                                                                                                           
               "Sort Key": ["mc.company_id"],                                                                                                               
               "Sort Method": "quicksort",                                                                                                                  
               "Sort Space Used": 333,                                                                                                                      
               "Sort Space Type": "Memory",                                                                                                                 
               "Shared Hit Blocks": 19,                                                                                                                     
               "Shared Read Blocks": 242232,                                                                                                                
               "Shared Dirtied Blocks": 0,                                                                                                                  
               "Shared Written Blocks": 0,                                                                                                                  
               "Local Hit Blocks": 0,                                                                                                                       
               "Local Read Blocks": 0,                                                                                                                      
               "Local Dirtied Blocks": 0,                                                                                                                   
               "Local Written Blocks": 0,                                                                                                                   
               "Temp Read Blocks": 0,                                                                                                                       
               "Temp Written Blocks": 0,                                                                                                                    
               "Plans": [                                                                                                                                   
                 {                                                                                                                                          
                   "Node Type": "Merge Join",                                                                                                               
                   "Parent Relationship": "Outer",                                                                                                          
                   "Parallel Aware": false,                                                                                                                 
                   "Join Type": "Inner",                                                                                                                    
                   "Startup Cost": 37181.58,                                                                                                                
                   "Total Cost": 37181.58,                                                                                                                  
                   "Plan Rows": 1,                                                                                                                          
                   "Plan Width": 33,                                                                                                                        
                   "Actual Startup Time": 13941.015,                                                                                                        
                   "Actual Total Time": 13942.349,                                                                                                          
                   "Actual Rows": 3029,                                                                                                                     
                   "Actual Loops": 1,                                                                                                                       
                   "Inner Unique": true,                                                                                                                    
                   "Merge Cond": "(mc.company_type_id = ct.id)",                                                                                            
                   "Shared Hit Blocks": 15,                                                                                                                 
                   "Shared Read Blocks": 242232,                                                                                                            
                   "Shared Dirtied Blocks": 0,                                                                                                              
                   "Shared Written Blocks": 0,                                                                                                              
                   "Local Hit Blocks": 0,                                                                                                                   
                   "Local Read Blocks": 0,                                                                                                                  
                   "Local Dirtied Blocks": 0,                                                                                                               
                   "Local Written Blocks": 0,                                                                                                               
                   "Temp Read Blocks": 0,                                                                                                                   
                   "Temp Written Blocks": 0,                                                                                                                
                   "Plans": [                                                                                                                               
                     {                                                                                                                                      
                       "Node Type": "Sort",                                                                                                                 
                       "Parent Relationship": "Outer",                                                                                                      
                       "Parallel Aware": false,                                                                                                             
                       "Startup Cost": 37181.54,                                                                                                            
                       "Total Cost": 37181.54,                                                                                                              
                       "Plan Rows": 1,                                                                                                                      
                       "Plan Width": 37,                                                                                                                    
                       "Actual Startup Time": 13940.965,                                                                                                    
                       "Actual Total Time": 13941.201,                                                                                                      
                       "Actual Rows": 3124,                                                                                                                 
                       "Actual Loops": 1,                                                                                                                   
                       "Sort Key": ["mc.company_type_id"],                                                                                                  
                       "Sort Method": "quicksort",                                                                                                          
                       "Sort Space Used": 341,                                                                                                              
                       "Sort Space Type": "Memory",                                                                                                         
                       "Shared Hit Blocks": 14,                                                                                                             
                       "Shared Read Blocks": 242232,                                                                                                        
                       "Shared Dirtied Blocks": 0,                                                                                                          
                       "Shared Written Blocks": 0,                                                                                                          
                       "Local Hit Blocks": 0,                                                                                                               
                       "Local Read Blocks": 0,                                                                                                              
                       "Local Dirtied Blocks": 0,                                                                                                           
                       "Local Written Blocks": 0,                                                                                                           
                       "Temp Read Blocks": 0,                                                                                                               
                       "Temp Written Blocks": 0,                                                                                                            
                       "Plans": [                                                                                                                           
                         {                                                                                                                                  
                           "Node Type": "Merge Join",                                                                                                       
                           "Parent Relationship": "Outer",                                                                                                  
                           "Parallel Aware": false,                                                                                                         
                           "Join Type": "Inner",                                                                                                            
                           "Startup Cost": 37180.97,                                                                                                        
                           "Total Cost": 37181.54,                                                                                                          
                           "Plan Rows": 1,                                                                                                                  
                           "Plan Width": 37,                                                                                                                
                           "Actual Startup Time": 13937.952,                                                                                                
                           "Actual Total Time": 13939.791,                                                                                                  
                           "Actual Rows": 3124,                                                                                                             
                           "Actual Loops": 1,                                                                                                               
                           "Inner Unique": true,                                                                                                            
                           "Merge Cond": "(mk.keyword_id = k.id)",                                                                                          
                           "Shared Hit Blocks": 14,                                                                                                         
                           "Shared Read Blocks": 242232,                                                                                                    
                           "Shared Dirtied Blocks": 0,                                                                                                      
                           "Shared Written Blocks": 0,                                                                                                      
                           "Local Hit Blocks": 0,                                                                                                           
                           "Local Read Blocks": 0,                                                                                                          
                           "Local Dirtied Blocks": 0,                                                                                                       
                           "Local Written Blocks": 0,                                                                                                       
                           "Temp Read Blocks": 0,                                                                                                           
                           "Temp Written Blocks": 0,                                                                                                        
                           "Plans": [                                                                                                                       
                             {                                                                                                                              
                               "Node Type": "Sort",                                                                                                         
                               "Parent Relationship": "Outer",                                                                                              
                               "Parallel Aware": false,                                                                                                     
                               "Startup Cost": 37131.51,                                                                                                    
                               "Total Cost": 37131.80,                                                                                                      
                               "Plan Rows": 3661,                                                                                                           
                               "Plan Width": 41,                                                                                                            
                               "Actual Startup Time": 13848.132,                                                                                            
                               "Actual Total Time": 13850.580,                                                                                              
                               "Actual Rows": 14026,                                                                                                        
                               "Actual Loops": 1,                                                                                                           
                               "Sort Key": ["mk.keyword_id"],                                                                                               
                               "Sort Method": "quicksort",                                                                                                  
                               "Sort Space Used": 5894,                                                                                                     
                               "Sort Space Type": "Memory",                                                                                                 
                               "Shared Hit Blocks": 12,                                                                                                     
                               "Shared Read Blocks": 241285,                                                                                                
                               "Shared Dirtied Blocks": 0,                                                                                                  
                               "Shared Written Blocks": 0,                                                                                                  
                               "Local Hit Blocks": 0,                                                                                                       
                               "Local Read Blocks": 0,                                                                                                      
                               "Local Dirtied Blocks": 0,                                                                                                   
                               "Local Written Blocks": 0,                                                                                                   
                               "Temp Read Blocks": 0,                                                                                                       
                               "Temp Written Blocks": 0,                                                                                                    
                               "Plans": [                                                                                                                   
                                 {                                                                                                                          
                                   "Node Type": "Merge Join",                                                                                               
                                   "Parent Relationship": "Outer",                                                                                          
                                   "Parallel Aware": false,                                                                                                 
                                   "Join Type": "Inner",                                                                                                    
                                   "Startup Cost": 37090.18,                                                                                                
                                   "Total Cost": 37124.78,                                                                                                  
                                   "Plan Rows": 3661,                                                                                                       
                                   "Plan Width": 41,                                                                                                        
                                   "Actual Startup Time": 13780.409,                                                                                        
                                   "Actual Total Time": 13831.619,                                                                                          
                                   "Actual Rows": 54297,                                                                                                    
                                   "Actual Loops": 1,                                                                                                       
                                   "Inner Unique": false,                                                                                                   
                                   "Merge Cond": "(ml.movie_id = mk.movie_id)",                                                                             
                                   "Shared Hit Blocks": 12,                                                                                                 
                                   "Shared Read Blocks": 241285,                                                                                            
                                   "Shared Dirtied Blocks": 0,                                                                                              
                                   "Shared Written Blocks": 0,                                                                                              
                                   "Local Hit Blocks": 0,                                                                                                   
                                   "Local Read Blocks": 0,                                                                                                  
                                   "Local Dirtied Blocks": 0,                                                                                               
                                   "Local Written Blocks": 0,                                                                                               
                                   "Temp Read Blocks": 0,                                                                                                   
                                   "Temp Written Blocks": 0,                                                                                                
                                   "Plans": [                                                                                                               
                                     {                                                                                                                      
                                       "Node Type": "Merge Join",                                                                                           
                                       "Parent Relationship": "Outer",                                                                                      
                                       "Parallel Aware": false,                                                                                             
                                       "Join Type": "Inner",                                                                                                
                                       "Startup Cost": 20479.26,                                                                                            
                                       "Total Cost": 20498.44,                                                                                              
                                       "Plan Rows": 364,                                                                                                    
                                       "Plan Width": 53,                                                                                                    
                                       "Actual Startup Time": 11651.005,                                                                                    
                                       "Actual Total Time": 11677.121,                                                                                      
                                       "Actual Rows": 6440,                                                                                                 
                                       "Actual Loops": 1,                                                                                                   
                                       "Inner Unique": false,                                                                                               
                                       "Merge Cond": "(ml.movie_id = mc.movie_id)",                                                                         
                                       "Shared Hit Blocks": 9,                                                                                              
                                       "Shared Read Blocks": 216834,                                                                                        
                                       "Shared Dirtied Blocks": 0,                                                                                          
                                       "Shared Written Blocks": 0,                                                                                          
                                       "Local Hit Blocks": 0,                                                                                               
                                       "Local Read Blocks": 0,                                                                                              
                                       "Local Dirtied Blocks": 0,                                                                                           
                                       "Local Written Blocks": 0,                                                                                           
                                       "Temp Read Blocks": 0,                                                                                               
                                       "Temp Written Blocks": 0,                                                                                            
                                       "Plans": [                                                                                                           
                                         {                                                                                                                  
                                           "Node Type": "Merge Join",                                                                                       
                                           "Parent Relationship": "Outer",                                                                                  
                                           "Parallel Aware": false,                                                                                         
                                           "Join Type": "Inner",                                                                                            
                                           "Startup Cost": 15704.19,                                                                                        
                                           "Total Cost": 15715.77,                                                                                          
                                           "Plan Rows": 165,                                                                                                
                                           "Plan Width": 41,                                                                                                
                                           "Actual Startup Time": 10392.990,                                                                                
                                           "Actual Total Time": 10411.440,                                                                                  
                                           "Actual Rows": 1311,                                                                                             
                                           "Actual Loops": 1,                                                                                               
                                           "Inner Unique": true,                                                                                            
                                           "Merge Cond": "(ml.movie_id = t.id)",                                                                            
                                           "Shared Hit Blocks": 6,                                                                                          
                                           "Shared Read Blocks": 198048,                                                                                    
                                           "Shared Dirtied Blocks": 0,                                                                                      
                                           "Shared Written Blocks": 0,                                                                                      
                                           "Local Hit Blocks": 0,                                                                                           
                                           "Local Read Blocks": 0,                                                                                          
                                           "Local Dirtied Blocks": 0,                                                                                       
                                           "Local Written Blocks": 0,                                                                                       
                                           "Temp Read Blocks": 0,                                                                                           
                                           "Temp Written Blocks": 0,                                                                                        
                                           "Plans": [                                                                                                       
                                             {                                                                                                              
                                               "Node Type": "Merge Join",                                                                                   
                                               "Parent Relationship": "Outer",                                                                              
                                               "Parallel Aware": false,                                                                                     
                                               "Join Type": "Inner",                                                                                        
                                               "Startup Cost": 11208.53,                                                                                    
                                               "Total Cost": 11209.65,                                                                                      
                                               "Plan Rows": 459,                                                                                            
                                               "Plan Width": 20,                                                                                            
                                               "Actual Startup Time": 8462.265,                                                                             
                                               "Actual Total Time": 8464.087,                                                                               
                                               "Actual Rows": 2782,                                                                                         
                                               "Actual Loops": 1,                                                                                           
                                               "Inner Unique": false,                                                                                       
                                               "Merge Cond": "(ml.movie_id = mi.movie_id)",                                                                 
                                               "Shared Hit Blocks": 5,                                                                                      
                                               "Shared Read Blocks": 162051,                                                                                
                                               "Shared Dirtied Blocks": 0,                                                                                  
                                               "Shared Written Blocks": 0,                                                                                  
                                               "Local Hit Blocks": 0,                                                                                       
                                               "Local Read Blocks": 0,                                                                                      
                                               "Local Dirtied Blocks": 0,                                                                                   
                                               "Local Written Blocks": 0,                                                                                   
                                               "Temp Read Blocks": 0,                                                                                       
                                               "Temp Written Blocks": 0,                                                                                    
                                               "Plans": [                                                                                                   
                                                 {                                                                                                          
                                                   "Node Type": "Sort",                                                                                     
                                                   "Parent Relationship": "Outer",                                                                          
                                                   "Parallel Aware": false,                                                                                 
                                                   "Startup Cost": 84.04,                                                                                   
                                                   "Total Cost": 84.17,                                                                                     
                                                   "Plan Rows": 1666,                                                                                       
                                                   "Plan Width": 16,                                                                                        
                                                   "Actual Startup Time": 49.386,                                                                           
                                                   "Actual Total Time": 49.620,                                                                             
                                                   "Actual Rows": 2315,                                                                                     
                                                   "Actual Loops": 1,                                                                                       
                                                   "Sort Key": ["ml.movie_id"],                                                                             
                                                   "Sort Method": "quicksort",                                                                              
                                                   "Sort Space Used": 205,                                                                                  
                                                   "Sort Space Type": "Memory",                                                                             
                                                   "Shared Hit Blocks": 3,                                                                                  
                                                   "Shared Read Blocks": 161,                                                                               
                                                   "Shared Dirtied Blocks": 0,                                                                              
                                                   "Shared Written Blocks": 0,                                                                              
                                                   "Local Hit Blocks": 0,                                                                                   
                                                   "Local Read Blocks": 0,                                                                                  
                                                   "Local Dirtied Blocks": 0,                                                                               
                                                   "Local Written Blocks": 0,                                                                               
                                                   "Temp Read Blocks": 0,                                                                                   
                                                   "Temp Written Blocks": 0,                                                                                
                                                   "Plans": [                                                                                               
                                                     {                                                                                                      
                                                       "Node Type": "Merge Join",                                                                           
                                                       "Parent Relationship": "Outer",                                                                      
                                                       "Parallel Aware": false,                                                                             
                                                       "Join Type": "Inner",                                                                                
                                                       "Startup Cost": 76.50,                                                                               
                                                       "Total Cost": 81.27,                                                                                 
                                                       "Plan Rows": 1666,                                                                                   
                                                       "Plan Width": 16,                                                                                    
                                                       "Actual Startup Time": 47.580,                                                                       
                                                       "Actual Total Time": 48.445,                                                                         
                                                       "Actual Rows": 2315,                                                                                 
                                                       "Actual Loops": 1,                                                                                   
                                                       "Inner Unique": false,                                                                               
                                                       "Merge Cond": "(lt.id = ml.link_type_id)",                                                           
                                                       "Shared Hit Blocks": 3,                                                                              
                                                       "Shared Read Blocks": 161,                                                                           
                                                       "Shared Dirtied Blocks": 0,                                                                          
                                                       "Shared Written Blocks": 0,                                                                          
                                                       "Local Hit Blocks": 0,                                                                               
                                                       "Local Read Blocks": 0,                                                                              
                                                       "Local Dirtied Blocks": 0,                                                                           
                                                       "Local Written Blocks": 0,                                                                           
                                                       "Temp Read Blocks": 0,                                                                               
                                                       "Temp Written Blocks": 0,                                                                            
                                                       "Plans": [                                                                                           
                                                         {                                                                                                  
                                                           "Node Type": "Sort",                                                                             
                                                           "Parent Relationship": "Outer",                                                                  
                                                           "Parallel Aware": false,                                                                         
                                                           "Startup Cost": 0.03,                                                                            
                                                           "Total Cost": 0.03,                                                                              
                                                           "Plan Rows": 1,                                                                                  
                                                           "Plan Width": 16,                                                                                
                                                           "Actual Startup Time": 0.055,                                                                    
                                                           "Actual Total Time": 0.056,                                                                      
                                                           "Actual Rows": 2,                                                                                
                                                           "Actual Loops": 1,                                                                               
                                                           "Sort Key": ["lt.id"],                                                                           
                                                           "Sort Method": "quicksort",                                                                      
                                                           "Sort Space Used": 25,                                                                           
                                                           "Sort Space Type": "Memory",                                                                     
                                                           "Shared Hit Blocks": 1,                                                                          
                                                           "Shared Read Blocks": 0,                                                                         
                                                           "Shared Dirtied Blocks": 0,                                                                      
                                                           "Shared Written Blocks": 0,                                                                      
                                                           "Local Hit Blocks": 0,                                                                           
                                                           "Local Read Blocks": 0,                                                                          
                                                           "Local Dirtied Blocks": 0,                                                                       
                                                           "Local Written Blocks": 0,                                                                       
                                                           "Temp Read Blocks": 0,                                                                           
                                                           "Temp Written Blocks": 0,                                                                        
                                                           "Plans": [                                                                                       
                                                             {                                                                                              
                                                               "Node Type": "Seq Scan",                                                                     
                                                               "Parent Relationship": "Outer",                                                              
                                                               "Parallel Aware": false,                                                                     
                                                               "Relation Name": "link_type",                                                                
                                                               "Alias": "lt",                                                                               
                                                               "Startup Cost": 0.00,                                                                        
                                                               "Total Cost": 0.03,                                                                          
                                                               "Plan Rows": 1,                                                                              
                                                               "Plan Width": 16,                                                                            
                                                               "Actual Startup Time": 0.019,                                                                
                                                               "Actual Total Time": 0.034,                                                                  
                                                               "Actual Rows": 2,                                                                            
                                                               "Actual Loops": 1,                                                                           
                                                               "Filter": "((link)::text ~~ '%follow%'::text)",                                              
                                                               "Rows Removed by Filter": 16,                                                                
                                                               "Shared Hit Blocks": 1,                                                                      
                                                               "Shared Read Blocks": 0,                                                                     
                                                               "Shared Dirtied Blocks": 0,                                                                  
                                                               "Shared Written Blocks": 0,                                                                  
                                                               "Local Hit Blocks": 0,                                                                       
                                                               "Local Read Blocks": 0,                                                                      
                                                               "Local Dirtied Blocks": 0,                                                                   
                                                               "Local Written Blocks": 0,                                                                   
                                                               "Temp Read Blocks": 0,                                                                       
                                                               "Temp Written Blocks": 0                                                                     
                                                             }                                                                                              
                                                           ]                                                                                                
                                                         },                                                                                                 
                                                         {                                                                                                  
                                                           "Node Type": "Sort",                                                                             
                                                           "Parent Relationship": "Inner",                                                                  
                                                           "Parallel Aware": false,                                                                         
                                                           "Startup Cost": 76.46,                                                                           
                                                           "Total Cost": 78.79,                                                                             
                                                           "Plan Rows": 29997,                                                                              
                                                           "Plan Width": 8,                                                                                 
                                                           "Actual Startup Time": 47.517,                                                                   
                                                           "Actual Total Time": 47.720,                                                                     
                                                           "Actual Rows": 2316,                                                                             
                                                           "Actual Loops": 1,                                                                               
                                                           "Sort Key": ["ml.link_type_id"],                                                                 
                                                           "Sort Method": "quicksort",                                                                      
                                                           "Sort Space Used": 2175,                                                                         
                                                           "Sort Space Type": "Memory",                                                                     
                                                           "Shared Hit Blocks": 2,                                                                          
                                                           "Shared Read Blocks": 161,                                                                       
                                                           "Shared Dirtied Blocks": 0,                                                                      
                                                           "Shared Written Blocks": 0,                                                                      
                                                           "Local Hit Blocks": 0,                                                                           
                                                           "Local Read Blocks": 0,                                                                          
                                                           "Local Dirtied Blocks": 0,                                                                       
                                                           "Local Written Blocks": 0,                                                                       
                                                           "Temp Read Blocks": 0,                                                                           
                                                           "Temp Written Blocks": 0,                                                                        
                                                           "Plans": [                                                                                       
                                                             {                                                                                              
                                                               "Node Type": "Seq Scan",                                                                     
                                                               "Parent Relationship": "Outer",                                                              
                                                               "Parallel Aware": false,                                                                     
                                                               "Relation Name": "movie_link",                                                               
                                                               "Alias": "ml",                                                                               
                                                               "Startup Cost": 0.00,                                                                        
                                                               "Total Cost": 7.19,                                                                          
                                                               "Plan Rows": 29997,                                                                          
                                                               "Plan Width": 8,                                                                             
                                                               "Actual Startup Time": 0.015,                                                                
                                                               "Actual Total Time": 31.303,                                                                 
                                                               "Actual Rows": 29997,                                                                        
                                                               "Actual Loops": 1,                                                                           
                                                               "Shared Hit Blocks": 2,                                                                      
                                                               "Shared Read Blocks": 161,                                                                   
                                                               "Shared Dirtied Blocks": 0,                                                                  
                                                               "Shared Written Blocks": 0,                                                                  
                                                               "Local Hit Blocks": 0,                                                                       
                                                               "Local Read Blocks": 0,                                                                      
                                                               "Local Dirtied Blocks": 0,                                                                   
                                                               "Local Written Blocks": 0,                                                                   
                                                               "Temp Read Blocks": 0,                                                                       
                                                               "Temp Written Blocks": 0                                                                     
                                                             }                                                                                              
                                                           ]                                                                                                
                                                         }                                                                                                  
                                                       ]                                                                                                    
                                                     }                                                                                                      
                                                   ]                                                                                                        
                                                 },                                                                                                         
                                                 {                                                                                                          
                                                   "Node Type": "Sort",                                                                                     
                                                   "Parent Relationship": "Inner",                                                                          
                                                   "Parallel Aware": false,                                                                                 
                                                   "Startup Cost": 11124.49,                                                                                
                                                   "Total Cost": 11136.48,                                                                                  
                                                   "Plan Rows": 154416,                                                                                     
                                                   "Plan Width": 4,                                                                                         
                                                   "Actual Startup Time": 8412.836,                                                                         
                                                   "Actual Total Time": 8413.206,                                                                           
                                                   "Actual Rows": 6625,                                                                                     
                                                   "Actual Loops": 1,                                                                                       
                                                   "Sort Key": ["mi.movie_id"],                                                                             
                                                   "Sort Method": "quicksort",                                                                              
                                                   "Sort Space Used": 13358,                                                                                
                                                   "Sort Space Type": "Memory",                                                                             
                                                   "Shared Hit Blocks": 2,                                                                                  
                                                   "Shared Read Blocks": 161890,                                                                            
                                                   "Shared Dirtied Blocks": 0,                                                                              
                                                   "Shared Written Blocks": 0,                                                                              
                                                   "Local Hit Blocks": 0,                                                                                   
                                                   "Local Read Blocks": 0,                                                                                  
                                                   "Local Dirtied Blocks": 0,                                                                               
                                                   "Local Written Blocks": 0,                                                                               
                                                   "Temp Read Blocks": 0,                                                                                   
                                                   "Temp Written Blocks": 0,                                                                                
                                                   "Plans": [                                                                                               
                                                     {                                                                                                      
                                                       "Node Type": "Seq Scan",                                                                             
                                                       "Parent Relationship": "Outer",                                                                      
                                                       "Parallel Aware": false,                                                                             
                                                       "Relation Name": "movie_info",                                                                       
                                                       "Alias": "mi",                                                                                       
                                                       "Startup Cost": 0.00,                                                                                
                                                       "Total Cost": 10711.20,                                                                              
                                                       "Plan Rows": 154416,                                                                                 
                                                       "Plan Width": 4,                                                                                     
                                                       "Actual Startup Time": 31.110,                                                                       
                                                       "Actual Total Time": 8357.660,                                                                       
                                                       "Actual Rows": 153897,                                                                               
                                                       "Actual Loops": 1,                                                                                   
                                                       "Filter": "(info = ANY ('{Sweden,Norway,Germany,Denmark,Swedish,Denish,Norwegian,German}'::text[]))",
                                                       "Rows Removed by Filter": 14681823,                                                                  
                                                       "Shared Hit Blocks": 2,                                                                              
                                                       "Shared Read Blocks": 161890,                                                                        
                                                       "Shared Dirtied Blocks": 0,                                                                          
                                                       "Shared Written Blocks": 0,                                                                          
                                                       "Local Hit Blocks": 0,                                                                               
                                                       "Local Read Blocks": 0,                                                                              
                                                       "Local Dirtied Blocks": 0,                                                                           
                                                       "Local Written Blocks": 0,                                                                           
                                                       "Temp Read Blocks": 0,                                                                               
                                                       "Temp Written Blocks": 0                                                                             
                                                     }                                                                                                      
                                                   ]                                                                                                        
                                                 }                                                                                                          
                                               ]                                                                                                            
                                             },                                                                                                             
                                             {                                                                                                              
                                               "Node Type": "Sort",                                                                                         
                                               "Parent Relationship": "Inner",                                                                              
                                               "Parallel Aware": false,                                                                                     
                                               "Startup Cost": 4495.66,                                                                                     
                                               "Total Cost": 4566.36,                                                                                       
                                               "Plan Rows": 910581,                                                                                         
                                               "Plan Width": 21,                                                                                            
                                               "Actual Startup Time": 1930.287,                                                                             
                                               "Actual Total Time": 1938.334,                                                                               
                                               "Actual Rows": 59833,                                                                                        
                                               "Actual Loops": 1,                                                                                           
                                               "Sort Key": ["t.id"],                                                                                        
                                               "Sort Method": "quicksort",                                                                                  
                                               "Sort Space Used": 88345,                                                                                    
                                               "Sort Space Type": "Memory",                                                                                 
                                               "Shared Hit Blocks": 1,                                                                                      
                                               "Shared Read Blocks": 35997,                                                                                 
                                               "Shared Dirtied Blocks": 0,                                                                                  
                                               "Shared Written Blocks": 0,                                                                                  
                                               "Local Hit Blocks": 0,                                                                                       
                                               "Local Read Blocks": 0,                                                                                      
                                               "Local Dirtied Blocks": 0,                                                                                   
                                               "Local Written Blocks": 0,                                                                                   
                                               "Temp Read Blocks": 0,                                                                                       
                                               "Temp Written Blocks": 0,                                                                                    
                                               "Plans": [                                                                                                   
                                                 {                                                                                                          
                                                   "Node Type": "Seq Scan",                                                                                 
                                                   "Parent Relationship": "Outer",                                                                          
                                                   "Parallel Aware": false,                                                                                 
                                                   "Relation Name": "title",                                                                                
                                                   "Alias": "t",                                                                                            
                                                   "Startup Cost": 0.00,                                                                                    
                                                   "Total Cost": 1696.56,                                                                                   
                                                   "Plan Rows": 910581,                                                                                     
                                                   "Plan Width": 21,                                                                                        
                                                   "Actual Startup Time": 24.855,                                                                           
                                                   "Actual Total Time": 1382.615,                                                                           
                                                   "Actual Rows": 910581,                                                                                   
                                                   "Actual Loops": 1,                                                                                       
                                                   "Filter": "((production_year >= 1950) AND (production_year <= 2000))",                                   
                                                   "Rows Removed by Filter": 1617731,                                                                       
                                                   "Shared Hit Blocks": 1,                                                                                  
                                                   "Shared Read Blocks": 35997,                                                                             
                                                   "Shared Dirtied Blocks": 0,                                                                              
                                                   "Shared Written Blocks": 0,                                                                              
                                                   "Local Hit Blocks": 0,                                                                                   
                                                   "Local Read Blocks": 0,                                                                                  
                                                   "Local Dirtied Blocks": 0,                                                                               
                                                   "Local Written Blocks": 0,                                                                               
                                                   "Temp Read Blocks": 0,                                                                                   
                                                   "Temp Written Blocks": 0                                                                                 
                                                 }                                                                                                          
                                               ]                                                                                                            
                                             }                                                                                                              
                                           ]                                                                                                                
                                         },                                                                                                                 
                                         {                                                                                                                  
                                           "Node Type": "Sort",                                                                                             
                                           "Parent Relationship": "Inner",                                                                                  
                                           "Parallel Aware": false,                                                                                         
                                           "Startup Cost": 4775.07,                                                                                         
                                           "Total Cost": 4873.82,                                                                                           
                                           "Plan Rows": 1271989,                                                                                            
                                           "Plan Width": 12,                                                                                                
                                           "Actual Startup Time": 1257.759,                                                                                 
                                           "Actual Total Time": 1260.158,                                                                                   
                                           "Actual Rows": 47675,                                                                                            
                                           "Actual Loops": 1,                                                                                               
                                           "Sort Key": ["mc.movie_id"],                                                                                     
                                           "Sort Method": "quicksort",                                                                                      
                                           "Sort Space Used": 108777,                                                                                       
                                           "Sort Space Type": "Memory",                                                                                     
                                           "Shared Hit Blocks": 3,                                                                                          
                                           "Shared Read Blocks": 18786,                                                                                     
                                           "Shared Dirtied Blocks": 0,                                                                                      
                                           "Shared Written Blocks": 0,                                                                                      
                                           "Local Hit Blocks": 0,                                                                                           
                                           "Local Read Blocks": 0,                                                                                          
                                           "Local Dirtied Blocks": 0,                                                                                       
                                           "Local Written Blocks": 0,                                                                                       
                                           "Temp Read Blocks": 0,                                                                                           
                                           "Temp Written Blocks": 0,                                                                                        
                                           "Plans": [                                                                                                       
                                             {                                                                                                              
                                               "Node Type": "Seq Scan",                                                                                     
                                               "Parent Relationship": "Outer",                                                                              
                                               "Parallel Aware": false,                                                                                     
                                               "Relation Name": "movie_companies",                                                                          
                                               "Alias": "mc",                                                                                               
                                               "Startup Cost": 0.00,                                                                                        
                                               "Total Cost": 769.75,                                                                                        
                                               "Plan Rows": 1271989,                                                                                        
                                               "Plan Width": 12,                                                                                            
                                               "Actual Startup Time": 0.038,                                                                                
                                               "Actual Total Time": 784.274,                                                                                
                                               "Actual Rows": 1271989,                                                                                      
                                               "Actual Loops": 1,                                                                                           
                                               "Filter": "(note IS NULL)",                                                                                  
                                               "Rows Removed by Filter": 1337140,                                                                           
                                               "Shared Hit Blocks": 3,                                                                                      
                                               "Shared Read Blocks": 18786,                                                                                 
                                               "Shared Dirtied Blocks": 0,                                                                                  
                                               "Shared Written Blocks": 0,                                                                                  
                                               "Local Hit Blocks": 0,                                                                                       
                                               "Local Read Blocks": 0,                                                                                      
                                               "Local Dirtied Blocks": 0,                                                                                   
                                               "Local Written Blocks": 0,                                                                                   
                                               "Temp Read Blocks": 0,                                                                                       
                                               "Temp Written Blocks": 0                                                                                     
                                             }                                                                                                              
                                           ]                                                                                                                
                                         }                                                                                                                  
                                       ]                                                                                                                    
                                     },                                                                                                                     
                                     {                                                                                                                      
                                       "Node Type": "Sort",                                                                                                 
                                       "Parent Relationship": "Inner",                                                                                      
                                       "Parallel Aware": false,                                                                                             
                                       "Startup Cost": 16610.92,                                                                                            
                                       "Total Cost": 16962.16,                                                                                              
                                       "Plan Rows": 4523930,                                                                                                
                                       "Plan Width": 8,                                                                                                     
                                       "Actual Startup Time": 2129.072,                                                                                     
                                       "Actual Total Time": 2135.576,                                                                                       
                                       "Actual Rows": 135807,                                                                                               
                                       "Actual Loops": 1,                                                                                                   
                                       "Sort Key": ["mk.movie_id"],                                                                                         
                                       "Sort Method": "quicksort",                                                                                          
                                       "Sort Space Used": 408668,                                                                                           
                                       "Sort Space Type": "Memory",                                                                                         
                                       "Shared Hit Blocks": 3,                                                                                              
                                       "Shared Read Blocks": 24451,                                                                                         
                                       "Shared Dirtied Blocks": 0,                                                                                          
                                       "Shared Written Blocks": 0,                                                                                          
                                       "Local Hit Blocks": 0,                                                                                               
                                       "Local Read Blocks": 0,                                                                                              
                                       "Local Dirtied Blocks": 0,                                                                                           
                                       "Local Written Blocks": 0,                                                                                           
                                       "Temp Read Blocks": 0,                                                                                               
                                       "Temp Written Blocks": 0,                                                                                            
                                       "Plans": [                                                                                                           
                                         {                                                                                                                  
                                           "Node Type": "Seq Scan",                                                                                         
                                           "Parent Relationship": "Outer",                                                                                  
                                           "Parallel Aware": false,                                                                                         
                                           "Relation Name": "movie_keyword",                                                                                
                                           "Alias": "mk",                                                                                                   
                                           "Startup Cost": 0.00,                                                                                            
                                           "Total Cost": 1079.84,                                                                                           
                                           "Plan Rows": 4523930,                                                                                            
                                           "Plan Width": 8,                                                                                                 
                                           "Actual Startup Time": 0.013,                                                                                    
                                           "Actual Total Time": 768.087,                                                                                    
                                           "Actual Rows": 4523930,                                                                                          
                                           "Actual Loops": 1,                                                                                               
                                           "Shared Hit Blocks": 3,                                                                                          
                                           "Shared Read Blocks": 24451,                                                                                     
                                           "Shared Dirtied Blocks": 0,                                                                                      
                                           "Shared Written Blocks": 0,                                                                                      
                                           "Local Hit Blocks": 0,                                                                                           
                                           "Local Read Blocks": 0,                                                                                          
                                           "Local Dirtied Blocks": 0,                                                                                       
                                           "Local Written Blocks": 0,                                                                                       
                                           "Temp Read Blocks": 0,                                                                                           
                                           "Temp Written Blocks": 0                                                                                         
                                         }                                                                                                                  
                                       ]                                                                                                                    
                                     }                                                                                                                      
                                   ]                                                                                                                        
                                 }                                                                                                                          
                               ]                                                                                                                            
                             },                                                                                                                             
                             {                                                                                                                              
                               "Node Type": "Sort",                                                                                                         
                               "Parent Relationship": "Inner",                                                                                              
                               "Parallel Aware": false,                                                                                                     
                               "Startup Cost": 49.46,                                                                                                       
                               "Total Cost": 49.46,                                                                                                         
                               "Plan Rows": 1,                                                                                                              
                               "Plan Width": 4,                                                                                                             
                               "Actual Startup Time": 84.637,                                                                                               
                               "Actual Total Time": 84.637,                                                                                                 
                               "Actual Rows": 1,                                                                                                            
                               "Actual Loops": 1,                                                                                                           
                               "Sort Key": ["k.id"],                                                                                                        
                               "Sort Method": "quicksort",                                                                                                  
                               "Sort Space Used": 25,                                                                                                       
                               "Sort Space Type": "Memory",                                                                                                 
                               "Shared Hit Blocks": 2,                                                                                                      
                               "Shared Read Blocks": 947,                                                                                                   
                               "Shared Dirtied Blocks": 0,                                                                                                  
                               "Shared Written Blocks": 0,                                                                                                  
                               "Local Hit Blocks": 0,                                                                                                       
                               "Local Read Blocks": 0,                                                                                                      
                               "Local Dirtied Blocks": 0,                                                                                                   
                               "Local Written Blocks": 0,                                                                                                   
                               "Temp Read Blocks": 0,                                                                                                       
                               "Temp Written Blocks": 0,                                                                                                    
                               "Plans": [                                                                                                                   
                                 {                                                                                                                          
                                   "Node Type": "Seq Scan",                                                                                                 
                                   "Parent Relationship": "Outer",                                                                                          
                                   "Parallel Aware": false,                                                                                                 
                                   "Relation Name": "keyword",                                                                                              
                                   "Alias": "k",                                                                                                            
                                   "Startup Cost": 0.00,                                                                                                    
                                   "Total Cost": 49.46,                                                                                                     
                                   "Plan Rows": 1,                                                                                                          
                                   "Plan Width": 4,                                                                                                         
                                   "Actual Startup Time": 24.682,                                                                                           
                                   "Actual Total Time": 84.623,                                                                                             
                                   "Actual Rows": 1,                                                                                                        
                                   "Actual Loops": 1,                                                                                                       
                                   "Filter": "(keyword = 'sequel'::text)",                                                                                  
                                   "Rows Removed by Filter": 134169,                                                                                        
                                   "Shared Hit Blocks": 2,                                                                                                  
                                   "Shared Read Blocks": 947,                                                                                               
                                   "Shared Dirtied Blocks": 0,                                                                                              
                                   "Shared Written Blocks": 0,                                                                                              
                                   "Local Hit Blocks": 0,                                                                                                   
                                   "Local Read Blocks": 0,                                                                                                  
                                   "Local Dirtied Blocks": 0,                                                                                               
                                   "Local Written Blocks": 0,                                                                                               
                                   "Temp Read Blocks": 0,                                                                                                   
                                   "Temp Written Blocks": 0                                                                                                 
                                 }                                                                                                                          
                               ]                                                                                                                            
                             }                                                                                                                              
                           ]                                                                                                                                
                         }                                                                                                                                  
                       ]                                                                                                                                    
                     },                                                                                                                                     
                     {                                                                                                                                      
                       "Node Type": "Sort",                                                                                                                 
                       "Parent Relationship": "Inner",                                                                                                      
                       "Parallel Aware": false,                                                                                                             
                       "Startup Cost": 0.03,                                                                                                                
                       "Total Cost": 0.03,                                                                                                                  
                       "Plan Rows": 1,                                                                                                                      
                       "Plan Width": 4,                                                                                                                     
                       "Actual Startup Time": 0.020,                                                                                                        
                       "Actual Total Time": 0.021,                                                                                                          
                       "Actual Rows": 1,                                                                                                                    
                       "Actual Loops": 1,                                                                                                                   
                       "Sort Key": ["ct.id"],                                                                                                               
                       "Sort Method": "quicksort",                                                                                                          
                       "Sort Space Used": 25,                                                                                                               
                       "Sort Space Type": "Memory",                                                                                                         
                       "Shared Hit Blocks": 1,                                                                                                              
                       "Shared Read Blocks": 0,                                                                                                             
                       "Shared Dirtied Blocks": 0,                                                                                                          
                       "Shared Written Blocks": 0,                                                                                                          
                       "Local Hit Blocks": 0,                                                                                                               
                       "Local Read Blocks": 0,                                                                                                              
                       "Local Dirtied Blocks": 0,                                                                                                           
                       "Local Written Blocks": 0,                                                                                                           
                       "Temp Read Blocks": 0,                                                                                                               
                       "Temp Written Blocks": 0,                                                                                                            
                       "Plans": [                                                                                                                           
                         {                                                                                                                                  
                           "Node Type": "Seq Scan",                                                                                                         
                           "Parent Relationship": "Outer",                                                                                                  
                           "Parallel Aware": false,                                                                                                         
                           "Relation Name": "company_type",                                                                                                 
                           "Alias": "ct",                                                                                                                   
                           "Startup Cost": 0.00,                                                                                                            
                           "Total Cost": 0.03,                                                                                                              
                           "Plan Rows": 1,                                                                                                                  
                           "Plan Width": 4,                                                                                                                 
                           "Actual Startup Time": 0.011,                                                                                                    
                           "Actual Total Time": 0.013,                                                                                                      
                           "Actual Rows": 1,                                                                                                                
                           "Actual Loops": 1,                                                                                                               
                           "Filter": "((kind)::text = 'production companies'::text)",                                                                       
                           "Rows Removed by Filter": 3,                                                                                                     
                           "Shared Hit Blocks": 1,                                                                                                          
                           "Shared Read Blocks": 0,                                                                                                         
                           "Shared Dirtied Blocks": 0,                                                                                                      
                           "Shared Written Blocks": 0,                                                                                                      
                           "Local Hit Blocks": 0,                                                                                                           
                           "Local Read Blocks": 0,                                                                                                          
                           "Local Dirtied Blocks": 0,                                                                                                       
                           "Local Written Blocks": 0,                                                                                                       
                           "Temp Read Blocks": 0,                                                                                                           
                           "Temp Written Blocks": 0                                                                                                         
                         }                                                                                                                                  
                       ]                                                                                                                                    
                     }                                                                                                                                      
                   ]                                                                                                                                        
                 }                                                                                                                                          
               ]                                                                                                                                            
             },                                                                                                                                             
             {                                                                                                                                              
               "Node Type": "Sort",                                                                                                                         
               "Parent Relationship": "Inner",                                                                                                              
               "Parallel Aware": false,                                                                                                                     
               "Startup Cost": 283.87,                                                                                                                      
               "Total Cost": 287.69,                                                                                                                        
               "Plan Rows": 49161,                                                                                                                          
               "Plan Width": 23,                                                                                                                            
               "Actual Startup Time": 171.151,                                                                                                              
               "Actual Total Time": 174.562,                                                                                                                
               "Actual Rows": 14127,                                                                                                                        
               "Actual Loops": 1,                                                                                                                           
               "Sort Key": ["cn.id"],                                                                                                                       
               "Sort Method": "quicksort",                                                                                                                  
               "Sort Space Used": 5023,                                                                                                                     
               "Sort Space Type": "Memory",                                                                                                                 
               "Shared Hit Blocks": 2,                                                                                                                      
               "Shared Read Blocks": 2992,                                                                                                                  
               "Shared Dirtied Blocks": 0,                                                                                                                  
               "Shared Written Blocks": 0,                                                                                                                  
               "Local Hit Blocks": 0,                                                                                                                       
               "Local Read Blocks": 0,                                                                                                                      
               "Local Dirtied Blocks": 0,                                                                                                                   
               "Local Written Blocks": 0,                                                                                                                   
               "Temp Read Blocks": 0,                                                                                                                       
               "Temp Written Blocks": 0,                                                                                                                    
               "Plans": [                                                                                                                                   
                 {                                                                                                                                          
                   "Node Type": "Seq Scan",                                                                                                                 
                   "Parent Relationship": "Outer",                                                                                                          
                   "Parallel Aware": false,                                                                                                                 
                   "Relation Name": "company_name",                                                                                                         
                   "Alias": "cn",                                                                                                                           
                   "Startup Cost": 0.00,                                                                                                                    
                   "Total Cost": 164.90,                                                                                                                    
                   "Plan Rows": 49161,                                                                                                                      
                   "Plan Width": 23,                                                                                                                        
                   "Actual Startup Time": 26.526,                                                                                                           
                   "Actual Total Time": 146.382,                                                                                                            
                   "Actual Rows": 48302,                                                                                                                    
                   "Actual Loops": 1,                                                                                                                       
                   "Filter": "(((country_code)::text <> '[pl]'::text) AND ((name ~~ '%Film%'::text) OR (name ~~ '%Warner%'::text)))",                       
                   "Rows Removed by Filter": 186695,                                                                                                        
                   "Shared Hit Blocks": 2,                                                                                                                  
                   "Shared Read Blocks": 2992,                                                                                                              
                   "Shared Dirtied Blocks": 0,                                                                                                              
                   "Shared Written Blocks": 0,                                                                                                              
                   "Local Hit Blocks": 0,                                                                                                                   
                   "Local Read Blocks": 0,                                                                                                                  
                   "Local Dirtied Blocks": 0,                                                                                                               
                   "Local Written Blocks": 0,                                                                                                               
                   "Temp Read Blocks": 0,                                                                                                                   
                   "Temp Written Blocks": 0                                                                                                                 
                 }                                                                                                                                          
               ]                                                                                                                                            
             }                                                                                                                                              
           ]                                                                                                                                                
         }                                                                                                                                                  
       ]                                                                                                                                                    
     },                                                                                                                                                     
     "Planning Time": 5905.802,                                                                                                                             
     "Triggers": [                                                                                                                                          
     ],                                                                                                                                                     
     "Execution Time": 14215.696                                                                                                                            
   }                                                                                                                                                        
 ]
