     "Plan": {                                                                                                                       
       "Node Type": "Aggregate",                                                                                                     
       "Strategy": "Plain",                                                                                                          
       "Partial Mode": "Simple",                                                                                                     
       "Parallel Aware": false,                                                                                                      
       "Startup Cost": 34347.63,                                                                                                     
       "Total Cost": 34347.63,                                                                                                       
       "Plan Rows": 1,                                                                                                               
       "Plan Width": 96,                                                                                                             
       "Actual Startup Time": 14151.070,                                                                                             
       "Actual Total Time": 14151.070,                                                                                               
       "Actual Rows": 1,                                                                                                             
       "Actual Loops": 1,                                                                                                            
       "Shared Hit Blocks": 21,                                                                                                      
       "Shared Read Blocks": 245224,                                                                                                 
       "Shared Dirtied Blocks": 0,                                                                                                   
       "Shared Written Blocks": 0,                                                                                                   
       "Local Hit Blocks": 0,                                                                                                        
       "Local Read Blocks": 0,                                                                                                       
       "Local Dirtied Blocks": 0,                                                                                                    
       "Local Written Blocks": 0,                                                                                                    
       "Temp Read Blocks": 0,                                                                                                        
       "Temp Written Blocks": 0,                                                                                                     
       "Plans": [                                                                                                                    
         {                                                                                                                           
           "Node Type": "Merge Join",                                                                                                
           "Parent Relationship": "Outer",                                                                                           
           "Parallel Aware": false,                                                                                                  
           "Join Type": "Inner",                                                                                                     
           "Startup Cost": 34340.00,                                                                                                 
           "Total Cost": 34347.63,                                                                                                   
           "Plan Rows": 1,                                                                                                           
           "Plan Width": 48,                                                                                                         
           "Actual Startup Time": 14148.506,                                                                                         
           "Actual Total Time": 14151.014,                                                                                           
           "Actual Rows": 38,                                                                                                        
           "Actual Loops": 1,                                                                                                        
           "Inner Unique": true,                                                                                                     
           "Merge Cond": "(mc.company_id = cn.id)",                                                                                  
           "Shared Hit Blocks": 21,                                                                                                  
           "Shared Read Blocks": 245224,                                                                                             
           "Shared Dirtied Blocks": 0,                                                                                               
           "Shared Written Blocks": 0,                                                                                               
           "Local Hit Blocks": 0,                                                                                                    
           "Local Read Blocks": 0,                                                                                                   
           "Local Dirtied Blocks": 0,                                                                                                
           "Local Written Blocks": 0,                                                                                                
           "Temp Read Blocks": 0,                                                                                                    
           "Temp Written Blocks": 0,                                                                                                 
           "Plans": [                                                                                                                
             {                                                                                                                       
               "Node Type": "Sort",                                                                                                  
               "Parent Relationship": "Outer",                                                                                       
               "Parallel Aware": false,                                                                                              
               "Startup Cost": 34056.13,                                                                                             
               "Total Cost": 34056.13,                                                                                               
               "Plan Rows": 1,                                                                                                       
               "Plan Width": 33,                                                                                                     
               "Actual Startup Time": 13983.865,                                                                                     
               "Actual Total Time": 13983.884,                                                                                       
               "Actual Rows": 133,                                                                                                   
               "Actual Loops": 1,                                                                                                    
               "Sort Key": ["mc.company_id"],                                                                                        
               "Sort Method": "quicksort",                                                                                           
               "Sort Space Used": 35,                                                                                                
               "Sort Space Type": "Memory",                                                                                          
               "Shared Hit Blocks": 19,                                                                                              
               "Shared Read Blocks": 242232,                                                                                         
               "Shared Dirtied Blocks": 0,                                                                                           
               "Shared Written Blocks": 0,                                                                                           
               "Local Hit Blocks": 0,                                                                                                
               "Local Read Blocks": 0,                                                                                               
               "Local Dirtied Blocks": 0,                                                                                            
               "Local Written Blocks": 0,                                                                                            
               "Temp Read Blocks": 0,                                                                                                
               "Temp Written Blocks": 0,                                                                                             
               "Plans": [                                                                                                            
                 {                                                                                                                   
                   "Node Type": "Merge Join",                                                                                        
                   "Parent Relationship": "Outer",                                                                                   
                   "Parallel Aware": false,                                                                                          
                   "Join Type": "Inner",                                                                                             
                   "Startup Cost": 34056.13,                                                                                         
                   "Total Cost": 34056.13,                                                                                           
                   "Plan Rows": 1,                                                                                                   
                   "Plan Width": 33,                                                                                                 
                   "Actual Startup Time": 13974.539,                                                                                 
                   "Actual Total Time": 13974.576,                                                                                   
                   "Actual Rows": 133,                                                                                               
                   "Actual Loops": 1,                                                                                                
                   "Inner Unique": true,                                                                                             
                   "Merge Cond": "(mc.company_type_id = ct.id)",                                                                     
                   "Shared Hit Blocks": 15,                                                                                          
                   "Shared Read Blocks": 242232,                                                                                     
                   "Shared Dirtied Blocks": 0,                                                                                       
                   "Shared Written Blocks": 0,                                                                                       
                   "Local Hit Blocks": 0,                                                                                            
                   "Local Read Blocks": 0,                                                                                           
                   "Local Dirtied Blocks": 0,                                                                                        
                   "Local Written Blocks": 0,                                                                                        
                   "Temp Read Blocks": 0,                                                                                            
                   "Temp Written Blocks": 0,                                                                                         
                   "Plans": [                                                                                                        
                     {                                                                                                               
                       "Node Type": "Sort",                                                                                          
                       "Parent Relationship": "Outer",                                                                               
                       "Parallel Aware": false,                                                                                      
                       "Startup Cost": 34056.09,                                                                                     
                       "Total Cost": 34056.09,                                                                                       
                       "Plan Rows": 1,                                                                                               
                       "Plan Width": 37,                                                                                             
                       "Actual Startup Time": 13974.521,                                                                             
                       "Actual Total Time": 13974.527,                                                                               
                       "Actual Rows": 133,                                                                                           
                       "Actual Loops": 1,                                                                                            
                       "Sort Key": ["mc.company_type_id"],                                                                           
                       "Sort Method": "quicksort",                                                                                   
                       "Sort Space Used": 35,                                                                                        
                       "Sort Space Type": "Memory",                                                                                  
                       "Shared Hit Blocks": 14,                                                                                      
                       "Shared Read Blocks": 242232,                                                                                 
                       "Shared Dirtied Blocks": 0,                                                                                   
                       "Shared Written Blocks": 0,                                                                                   
                       "Local Hit Blocks": 0,                                                                                        
                       "Local Read Blocks": 0,                                                                                       
                       "Local Dirtied Blocks": 0,                                                                                    
                       "Local Written Blocks": 0,                                                                                    
                       "Temp Read Blocks": 0,                                                                                        
                       "Temp Written Blocks": 0,                                                                                     
                       "Plans": [                                                                                                    
                         {                                                                                                           
                           "Node Type": "Merge Join",                                                                                
                           "Parent Relationship": "Outer",                                                                           
                           "Parallel Aware": false,                                                                                  
                           "Join Type": "Inner",                                                                                     
                           "Startup Cost": 34055.60,                                                                                 
                           "Total Cost": 34056.09,                                                                                   
                           "Plan Rows": 1,                                                                                           
                           "Plan Width": 37,                                                                                         
                           "Actual Startup Time": 13974.425,                                                                         
                           "Actual Total Time": 13974.475,                                                                           
                           "Actual Rows": 133,                                                                                       
                           "Actual Loops": 1,                                                                                        
                           "Inner Unique": true,                                                                                     
                           "Merge Cond": "(mk.keyword_id = k.id)",                                                                   
                           "Shared Hit Blocks": 14,                                                                                  
                           "Shared Read Blocks": 242232,                                                                             
                           "Shared Dirtied Blocks": 0,                                                                               
                           "Shared Written Blocks": 0,                                                                               
                           "Local Hit Blocks": 0,                                                                                    
                           "Local Read Blocks": 0,                                                                                   
                           "Local Dirtied Blocks": 0,                                                                                
                           "Local Written Blocks": 0,                                                                                
                           "Temp Read Blocks": 0,                                                                                    
                           "Temp Written Blocks": 0,                                                                                 
                           "Plans": [                                                                                                
                             {                                                                                                       
                               "Node Type": "Sort",                                                                                  
                               "Parent Relationship": "Outer",                                                                       
                               "Parallel Aware": false,                                                                              
                               "Startup Cost": 34006.14,                                                                             
                               "Total Cost": 34006.39,                                                                               
                               "Plan Rows": 3168,                                                                                    
                               "Plan Width": 41,                                                                                     
                               "Actual Startup Time": 13896.411,                                                                     
                               "Actual Total Time": 13896.521,                                                                       
                               "Actual Rows": 1003,                                                                                  
                               "Actual Loops": 1,                                                                                    
                               "Sort Key": ["mk.keyword_id"],                                                                        
                               "Sort Method": "quicksort",                                                                           
                               "Sort Space Used": 662,                                                                               
                               "Sort Space Type": "Memory",                                                                          
                               "Shared Hit Blocks": 12,                                                                              
                               "Shared Read Blocks": 241285,                                                                         
                               "Shared Dirtied Blocks": 0,                                                                           
                               "Shared Written Blocks": 0,                                                                           
                               "Local Hit Blocks": 0,                                                                                
                               "Local Read Blocks": 0,                                                                               
                               "Local Dirtied Blocks": 0,                                                                            
                               "Local Written Blocks": 0,                                                                            
                               "Temp Read Blocks": 0,                                                                                
                               "Temp Written Blocks": 0,                                                                             
                               "Plans": [                                                                                            
                                 {                                                                                                   
                                   "Node Type": "Merge Join",                                                                        
                                   "Parent Relationship": "Outer",                                                                   
                                   "Parallel Aware": false,                                                                          
                                   "Join Type": "Inner",                                                                             
                                   "Startup Cost": 33964.57,                                                                         
                                   "Total Cost": 34000.42,                                                                           
                                   "Plan Rows": 3168,                                                                                
                                   "Plan Width": 41,                                                                                 
                                   "Actual Startup Time": 13851.424,                                                                 
                                   "Actual Total Time": 13894.623,                                                                   
                                   "Actual Rows": 5568,                                                                              
                                   "Actual Loops": 1,                                                                                
                                   "Inner Unique": false,                                                                            
                                   "Merge Cond": "(ml.movie_id = mk.movie_id)",                                                      
                                   "Shared Hit Blocks": 12,                                                                          
                                   "Shared Read Blocks": 241285,                                                                     
                                   "Shared Dirtied Blocks": 0,                                                                       
                                   "Shared Written Blocks": 0,                                                                       
                                   "Local Hit Blocks": 0,                                                                            
                                   "Local Read Blocks": 0,                                                                           
                                   "Local Dirtied Blocks": 0,                                                                        
                                   "Local Written Blocks": 0,                                                                        
                                   "Temp Read Blocks": 0,                                                                            
                                   "Temp Written Blocks": 0,                                                                         
                                   "Plans": [                                                                                        
                                     {                                                                                               
                                       "Node Type": "Merge Join",                                                                    
                                       "Parent Relationship": "Outer",                                                               
                                       "Parallel Aware": false,                                                                      
                                       "Join Type": "Inner",                                                                         
                                       "Startup Cost": 17353.64,                                                                     
                                       "Total Cost": 17374.11,                                                                       
                                       "Plan Rows": 315,                                                                             
                                       "Plan Width": 53,                                                                             
                                       "Actual Startup Time": 11723.940,                                                             
                                       "Actual Total Time": 11753.996,                                                               
                                       "Actual Rows": 1540,                                                                          
                                       "Actual Loops": 1,                                                                            
                                       "Inner Unique": false,                                                                        
                                       "Merge Cond": "(ml.movie_id = mc.movie_id)",                                                  
                                       "Shared Hit Blocks": 9,                                                                       
                                       "Shared Read Blocks": 216834,                                                                 
                                       "Shared Dirtied Blocks": 0,                                                                   
                                       "Shared Written Blocks": 0,                                                                   
                                       "Local Hit Blocks": 0,                                                                        
                                       "Local Read Blocks": 0,                                                                       
                                       "Local Dirtied Blocks": 0,                                                                    
                                       "Local Written Blocks": 0,                                                                    
                                       "Temp Read Blocks": 0,                                                                        
                                       "Temp Written Blocks": 0,                                                                     
                                       "Plans": [                                                                                    
                                         {                                                                                           
                                           "Node Type": "Merge Join",                                                                
                                           "Parent Relationship": "Outer",                                                           
                                           "Parallel Aware": false,                                                                  
                                           "Join Type": "Inner",                                                                     
                                           "Startup Cost": 12578.58,                                                                 
                                           "Total Cost": 12591.45,                                                                   
                                           "Plan Rows": 143,                                                                         
                                           "Plan Width": 41,                                                                         
                                           "Actual Startup Time": 10466.912,                                                         
                                           "Actual Total Time": 10490.562,                                                           
                                           "Actual Rows": 675,                                                                       
                                           "Actual Loops": 1,                                                                        
                                           "Inner Unique": true,                                                                     
                                           "Merge Cond": "(ml.movie_id = t.id)",                                                     
                                           "Shared Hit Blocks": 6,                                                                   
                                           "Shared Read Blocks": 198048,                                                             
                                           "Shared Dirtied Blocks": 0,                                                               
                                           "Shared Written Blocks": 0,                                                               
                                           "Local Hit Blocks": 0,                                                                    
                                           "Local Read Blocks": 0,                                                                   
                                           "Local Dirtied Blocks": 0,                                                                
                                           "Local Written Blocks": 0,                                                                
                                           "Temp Read Blocks": 0,                                                                    
                                           "Temp Written Blocks": 0,                                                                 
                                           "Plans": [                                                                                
                                             {                                                                                       
                                               "Node Type": "Merge Join",                                                            
                                               "Parent Relationship": "Outer",                                                       
                                               "Parallel Aware": false,                                                              
                                               "Join Type": "Inner",                                                                 
                                               "Startup Cost": 7644.80,                                                              
                                               "Total Cost": 7645.71,                                                                
                                               "Plan Rows": 347,                                                                     
                                               "Plan Width": 20,                                                                     
                                               "Actual Startup Time": 8511.258,                                                      
                                               "Actual Total Time": 8512.523,                                                        
                                               "Actual Rows": 1087,                                                                  
                                               "Actual Loops": 1,                                                                    
                                               "Inner Unique": false,                                                                
                                               "Merge Cond": "(ml.movie_id = mi.movie_id)",                                          
                                               "Shared Hit Blocks": 5,                                                               
                                               "Shared Read Blocks": 162051,                                                         
                                               "Shared Dirtied Blocks": 0,                                                           
                                               "Shared Written Blocks": 0,                                                           
                                               "Local Hit Blocks": 0,                                                                
                                               "Local Read Blocks": 0,                                                               
                                               "Local Dirtied Blocks": 0,                                                            
                                               "Local Written Blocks": 0,                                                            
                                               "Temp Read Blocks": 0,                                                                
                                               "Temp Written Blocks": 0,                                                             
                                               "Plans": [                                                                            
                                                 {                                                                                   
                                                   "Node Type": "Sort",                                                              
                                                   "Parent Relationship": "Outer",                                                   
                                                   "Parallel Aware": false,                                                          
                                                   "Startup Cost": 84.04,                                                            
                                                   "Total Cost": 84.17,                                                              
                                                   "Plan Rows": 1666,                                                                
                                                   "Plan Width": 16,                                                                 
                                                   "Actual Startup Time": 48.199,                                                    
                                                   "Actual Total Time": 48.417,                                                      
                                                   "Actual Rows": 2315,                                                              
                                                   "Actual Loops": 1,                                                                
                                                   "Sort Key": ["ml.movie_id"],                                                      
                                                   "Sort Method": "quicksort",                                                       
                                                   "Sort Space Used": 205,                                                           
                                                   "Sort Space Type": "Memory",                                                      
                                                   "Shared Hit Blocks": 3,                                                           
                                                   "Shared Read Blocks": 161,                                                        
                                                   "Shared Dirtied Blocks": 0,                                                       
                                                   "Shared Written Blocks": 0,                                                       
                                                   "Local Hit Blocks": 0,                                                            
                                                   "Local Read Blocks": 0,                                                           
                                                   "Local Dirtied Blocks": 0,                                                        
                                                   "Local Written Blocks": 0,                                                        
                                                   "Temp Read Blocks": 0,                                                            
                                                   "Temp Written Blocks": 0,                                                         
                                                   "Plans": [                                                                        
                                                     {                                                                               
                                                       "Node Type": "Merge Join",                                                    
                                                       "Parent Relationship": "Outer",                                               
                                                       "Parallel Aware": false,                                                      
                                                       "Join Type": "Inner",                                                         
                                                       "Startup Cost": 76.50,                                                        
                                                       "Total Cost": 81.27,                                                          
                                                       "Plan Rows": 1666,                                                            
                                                       "Plan Width": 16,                                                             
                                                       "Actual Startup Time": 45.625,                                                
                                                       "Actual Total Time": 46.937,                                                  
                                                       "Actual Rows": 2315,                                                          
                                                       "Actual Loops": 1,                                                            
                                                       "Inner Unique": false,                                                        
                                                       "Merge Cond": "(lt.id = ml.link_type_id)",                                    
                                                       "Shared Hit Blocks": 3,                                                       
                                                       "Shared Read Blocks": 161,                                                    
                                                       "Shared Dirtied Blocks": 0,                                                   
                                                       "Shared Written Blocks": 0,                                                   
                                                       "Local Hit Blocks": 0,                                                        
                                                       "Local Read Blocks": 0,                                                       
                                                       "Local Dirtied Blocks": 0,                                                    
                                                       "Local Written Blocks": 0,                                                    
                                                       "Temp Read Blocks": 0,                                                        
                                                       "Temp Written Blocks": 0,                                                     
                                                       "Plans": [                                                                    
                                                         {                                                                           
                                                           "Node Type": "Sort",                                                      
                                                           "Parent Relationship": "Outer",                                           
                                                           "Parallel Aware": false,                                                  
                                                           "Startup Cost": 0.03,                                                     
                                                           "Total Cost": 0.03,                                                       
                                                           "Plan Rows": 1,                                                           
                                                           "Plan Width": 16,                                                         
                                                           "Actual Startup Time": 0.054,                                             
                                                           "Actual Total Time": 0.055,                                               
                                                           "Actual Rows": 2,                                                         
                                                           "Actual Loops": 1,                                                        
                                                           "Sort Key": ["lt.id"],                                                    
                                                           "Sort Method": "quicksort",                                               
                                                           "Sort Space Used": 25,                                                    
                                                           "Sort Space Type": "Memory",                                              
                                                           "Shared Hit Blocks": 1,                                                   
                                                           "Shared Read Blocks": 0,                                                  
                                                           "Shared Dirtied Blocks": 0,                                               
                                                           "Shared Written Blocks": 0,                                               
                                                           "Local Hit Blocks": 0,                                                    
                                                           "Local Read Blocks": 0,                                                   
                                                           "Local Dirtied Blocks": 0,                                                
                                                           "Local Written Blocks": 0,                                                
                                                           "Temp Read Blocks": 0,                                                    
                                                           "Temp Written Blocks": 0,                                                 
                                                           "Plans": [                                                                
                                                             {                                                                       
                                                               "Node Type": "Seq Scan",                                              
                                                               "Parent Relationship": "Outer",                                       
                                                               "Parallel Aware": false,                                              
                                                               "Relation Name": "link_type",                                         
                                                               "Alias": "lt",                                                        
                                                               "Startup Cost": 0.00,                                                 
                                                               "Total Cost": 0.03,                                                   
                                                               "Plan Rows": 1,                                                       
                                                               "Plan Width": 16,                                                     
                                                               "Actual Startup Time": 0.019,                                         
                                                               "Actual Total Time": 0.033,                                           
                                                               "Actual Rows": 2,                                                     
                                                               "Actual Loops": 1,                                                    
                                                               "Filter": "((link)::text ~~ '%follow%'::text)",                       
                                                               "Rows Removed by Filter": 16,                                         
                                                               "Shared Hit Blocks": 1,                                               
                                                               "Shared Read Blocks": 0,                                              
                                                               "Shared Dirtied Blocks": 0,                                           
                                                               "Shared Written Blocks": 0,                                           
                                                               "Local Hit Blocks": 0,                                                
                                                               "Local Read Blocks": 0,                                               
                                                               "Local Dirtied Blocks": 0,                                            
                                                               "Local Written Blocks": 0,                                            
                                                               "Temp Read Blocks": 0,                                                
                                                               "Temp Written Blocks": 0                                              
                                                             }                                                                       
                                                           ]                                                                         
                                                         },                                                                          
                                                         {                                                                           
                                                           "Node Type": "Sort",                                                      
                                                           "Parent Relationship": "Inner",                                           
                                                           "Parallel Aware": false,                                                  
                                                           "Startup Cost": 76.46,                                                    
                                                           "Total Cost": 78.79,                                                      
                                                           "Plan Rows": 29997,                                                       
                                                           "Plan Width": 8,                                                          
                                                           "Actual Startup Time": 45.563,                                            
                                                           "Actual Total Time": 45.861,                                              
                                                           "Actual Rows": 2316,                                                      
                                                           "Actual Loops": 1,                                                        
                                                           "Sort Key": ["ml.link_type_id"],                                          
                                                           "Sort Method": "quicksort",                                               
                                                           "Sort Space Used": 2175,                                                  
                                                           "Sort Space Type": "Memory",                                              
                                                           "Shared Hit Blocks": 2,                                                   
                                                           "Shared Read Blocks": 161,                                                
                                                           "Shared Dirtied Blocks": 0,                                               
                                                           "Shared Written Blocks": 0,                                               
                                                           "Local Hit Blocks": 0,                                                    
                                                           "Local Read Blocks": 0,                                                   
                                                           "Local Dirtied Blocks": 0,                                                
                                                           "Local Written Blocks": 0,                                                
                                                           "Temp Read Blocks": 0,                                                    
                                                           "Temp Written Blocks": 0,                                                 
                                                           "Plans": [                                                                
                                                             {                                                                       
                                                               "Node Type": "Seq Scan",                                              
                                                               "Parent Relationship": "Outer",                                       
                                                               "Parallel Aware": false,                                              
                                                               "Relation Name": "movie_link",                                        
                                                               "Alias": "ml",                                                        
                                                               "Startup Cost": 0.00,                                                 
                                                               "Total Cost": 7.19,                                                   
                                                               "Plan Rows": 29997,                                                   
                                                               "Plan Width": 8,                                                      
                                                               "Actual Startup Time": 0.012,                                         
                                                               "Actual Total Time": 26.655,                                          
                                                               "Actual Rows": 29997,                                                 
                                                               "Actual Loops": 1,                                                    
                                                               "Shared Hit Blocks": 2,                                               
                                                               "Shared Read Blocks": 161,                                            
                                                               "Shared Dirtied Blocks": 0,                                           
                                                               "Shared Written Blocks": 0,                                           
                                                               "Local Hit Blocks": 0,                                                
                                                               "Local Read Blocks": 0,                                               
                                                               "Local Dirtied Blocks": 0,                                            
                                                               "Local Written Blocks": 0,                                            
                                                               "Temp Read Blocks": 0,                                                
                                                               "Temp Written Blocks": 0                                              
                                                             }                                                                       
                                                           ]                                                                         
                                                         }                                                                           
                                                       ]                                                                             
                                                     }                                                                               
                                                   ]                                                                                 
                                                 },                                                                                  
                                                 {                                                                                   
                                                   "Node Type": "Sort",                                                              
                                                   "Parent Relationship": "Inner",                                                   
                                                   "Parallel Aware": false,                                                          
                                                   "Startup Cost": 7560.76,                                                          
                                                   "Total Cost": 7569.83,                                                            
                                                   "Plan Rows": 116723,                                                              
                                                   "Plan Width": 4,                                                                  
                                                   "Actual Startup Time": 8463.011,                                                  
                                                   "Actual Total Time": 8463.259,                                                    
                                                   "Actual Rows": 3978,                                                              
                                                   "Actual Loops": 1,                                                                
                                                   "Sort Key": ["mi.movie_id"],                                                      
                                                   "Sort Method": "quicksort",                                                       
                                                   "Sort Space Used": 8536,                                                          
                                                   "Sort Space Type": "Memory",                                                      
                                                   "Shared Hit Blocks": 2,                                                           
                                                   "Shared Read Blocks": 161890,                                                     
                                                   "Shared Dirtied Blocks": 0,                                                       
                                                   "Shared Written Blocks": 0,                                                       
                                                   "Local Hit Blocks": 0,                                                            
                                                   "Local Read Blocks": 0,                                                           
                                                   "Local Dirtied Blocks": 0,                                                        
                                                   "Local Written Blocks": 0,                                                        
                                                   "Temp Read Blocks": 0,                                                            
                                                   "Temp Written Blocks": 0,                                                         
                                                   "Plans": [                                                                        
                                                     {                                                                               
                                                       "Node Type": "Seq Scan",                                                      
                                                       "Parent Relationship": "Outer",                                               
                                                       "Parallel Aware": false,                                                      
                                                       "Relation Name": "movie_info",                                                
                                                       "Alias": "mi",                                                                
                                                       "Startup Cost": 0.00,                                                         
                                                       "Total Cost": 7255.68,                                                        
                                                       "Plan Rows": 116723,                                                          
                                                       "Plan Width": 4,                                                              
                                                       "Actual Startup Time": 29.853,                                                
                                                       "Actual Total Time": 8412.339,                                                
                                                       "Actual Rows": 116559,                                                        
                                                       "Actual Loops": 1,                                                            
                                                       "Filter": "(info = ANY ('{Germany,German}'::text[]))",                        
                                                       "Rows Removed by Filter": 14719161,                                           
                                                       "Shared Hit Blocks": 2,                                                       
                                                       "Shared Read Blocks": 161890,                                                 
                                                       "Shared Dirtied Blocks": 0,                                                   
                                                       "Shared Written Blocks": 0,                                                   
                                                       "Local Hit Blocks": 0,                                                        
                                                       "Local Read Blocks": 0,                                                       
                                                       "Local Dirtied Blocks": 0,                                                    
                                                       "Local Written Blocks": 0,                                                    
                                                       "Temp Read Blocks": 0,                                                        
                                                       "Temp Written Blocks": 0                                                      
                                                     }                                                                               
                                                   ]                                                                                 
                                                 }                                                                                   
                                               ]                                                                                     
                                             },                                                                                      
                                             {                                                                                       
                                               "Node Type": "Sort",                                                                  
                                               "Parent Relationship": "Inner",                                                       
                                               "Parallel Aware": false,                                                              
                                               "Startup Cost": 4933.77,                                                              
                                               "Total Cost": 5014.74,                                                                
                                               "Plan Rows": 1042800,                                                                 
                                               "Plan Width": 21,                                                                     
                                               "Actual Startup Time": 1955.358,                                                      
                                               "Actual Total Time": 1966.216,                                                        
                                               "Actual Rows": 80772,                                                                 
                                               "Actual Loops": 1,                                                                    
                                               "Sort Key": ["t.id"],                                                                 
                                               "Sort Method": "quicksort",                                                           
                                               "Sort Space Used": 96914,                                                             
                                               "Sort Space Type": "Memory",                                                          
                                               "Shared Hit Blocks": 1,                                                               
                                               "Shared Read Blocks": 35997,                                                          
                                               "Shared Dirtied Blocks": 0,                                                           
                                               "Shared Written Blocks": 0,                                                           
                                               "Local Hit Blocks": 0,                                                                
                                               "Local Read Blocks": 0,                                                               
                                               "Local Dirtied Blocks": 0,                                                            
                                               "Local Written Blocks": 0,                                                            
                                               "Temp Read Blocks": 0,                                                                
                                               "Temp Written Blocks": 0,                                                             
                                               "Plans": [                                                                            
                                                 {                                                                                   
                                                   "Node Type": "Seq Scan",                                                          
                                                   "Parent Relationship": "Outer",                                                   
                                                   "Parallel Aware": false,                                                          
                                                   "Relation Name": "title",                                                         
                                                   "Alias": "t",                                                                     
                                                   "Startup Cost": 0.00,                                                             
                                                   "Total Cost": 1696.56,                                                            
                                                   "Plan Rows": 1042800,                                                             
                                                   "Plan Width": 21,                                                                 
                                                   "Actual Startup Time": 17.484,                                                    
                                                   "Actual Total Time": 1337.355,                                                    
                                                   "Actual Rows": 1042800,                                                           
                                                   "Actual Loops": 1,                                                                
                                                   "Filter": "((production_year >= 2000) AND (production_year <= 2010))",            
                                                   "Rows Removed by Filter": 1485512,                                                
                                                   "Shared Hit Blocks": 1,                                                           
                                                   "Shared Read Blocks": 35997,                                                      
                                                   "Shared Dirtied Blocks": 0,                                                       
                                                   "Shared Written Blocks": 0,                                                       
                                                   "Local Hit Blocks": 0,                                                            
                                                   "Local Read Blocks": 0,                                                           
                                                   "Local Dirtied Blocks": 0,                                                        
                                                   "Local Written Blocks": 0,                                                        
                                                   "Temp Read Blocks": 0,                                                            
                                                   "Temp Written Blocks": 0                                                          
                                                 }                                                                                   
                                               ]                                                                                     
                                             }                                                                                       
                                           ]                                                                                         
                                         },                                                                                          
                                         {                                                                                           
                                           "Node Type": "Sort",                                                                      
                                           "Parent Relationship": "Inner",                                                           
                                           "Parallel Aware": false,                                                                  
                                           "Startup Cost": 4775.07,                                                                  
                                           "Total Cost": 4873.82,                                                                    
                                           "Plan Rows": 1271989,                                                                     
                                           "Plan Width": 12,                                                                         
                                           "Actual Startup Time": 1256.935,                                                          
                                           "Actual Total Time": 1259.020,                                                            
                                           "Actual Rows": 43152,                                                                     
                                           "Actual Loops": 1,                                                                        
                                           "Sort Key": ["mc.movie_id"],                                                              
                                           "Sort Method": "quicksort",                                                               
                                           "Sort Space Used": 108777,                                                                
                                           "Sort Space Type": "Memory",                                                              
                                           "Shared Hit Blocks": 3,                                                                   
                                           "Shared Read Blocks": 18786,                                                              
                                           "Shared Dirtied Blocks": 0,                                                               
                                           "Shared Written Blocks": 0,                                                               
                                           "Local Hit Blocks": 0,                                                                    
                                           "Local Read Blocks": 0,                                                                   
                                           "Local Dirtied Blocks": 0,                                                                
                                           "Local Written Blocks": 0,                                                                
                                           "Temp Read Blocks": 0,                                                                    
                                           "Temp Written Blocks": 0,                                                                 
                                           "Plans": [                                                                                
                                             {                                                                                       
                                               "Node Type": "Seq Scan",                                                              
                                               "Parent Relationship": "Outer",                                                       
                                               "Parallel Aware": false,                                                              
                                               "Relation Name": "movie_companies",                                                   
                                               "Alias": "mc",                                                                        
                                               "Startup Cost": 0.00,                                                                 
                                               "Total Cost": 769.75,                                                                 
                                               "Plan Rows": 1271989,                                                                 
                                               "Plan Width": 12,                                                                     
                                               "Actual Startup Time": 0.026,                                                         
                                               "Actual Total Time": 780.734,                                                         
                                               "Actual Rows": 1271989,                                                               
                                               "Actual Loops": 1,                                                                    
                                               "Filter": "(note IS NULL)",                                                           
                                               "Rows Removed by Filter": 1337140,                                                    
                                               "Shared Hit Blocks": 3,                                                               
                                               "Shared Read Blocks": 18786,                                                          
                                               "Shared Dirtied Blocks": 0,                                                           
                                               "Shared Written Blocks": 0,                                                           
                                               "Local Hit Blocks": 0,                                                                
                                               "Local Read Blocks": 0,                                                               
                                               "Local Dirtied Blocks": 0,                                                            
                                               "Local Written Blocks": 0,                                                            
                                               "Temp Read Blocks": 0,                                                                
                                               "Temp Written Blocks": 0                                                              
                                             }                                                                                       
                                           ]                                                                                         
                                         }                                                                                           
                                       ]                                                                                             
                                     },                                                                                              
                                     {                                                                                               
                                       "Node Type": "Sort",                                                                          
                                       "Parent Relationship": "Inner",                                                               
                                       "Parallel Aware": false,                                                                      
                                       "Startup Cost": 16610.92,                                                                     
                                       "Total Cost": 16962.16,                                                                       
                                       "Plan Rows": 4523930,                                                                         
                                       "Plan Width": 8,                                                                              
                                       "Actual Startup Time": 2127.313,                                                              
                                       "Actual Total Time": 2131.603,                                                                
                                       "Actual Rows": 87415,                                                                         
                                       "Actual Loops": 1,                                                                            
                                       "Sort Key": ["mk.movie_id"],                                                                  
                                       "Sort Method": "quicksort",                                                                   
                                       "Sort Space Used": 408668,                                                                    
                                       "Sort Space Type": "Memory",                                                                  
                                       "Shared Hit Blocks": 3,                                                                       
                                       "Shared Read Blocks": 24451,                                                                  
                                       "Shared Dirtied Blocks": 0,                                                                   
                                       "Shared Written Blocks": 0,                                                                   
                                       "Local Hit Blocks": 0,                                                                        
                                       "Local Read Blocks": 0,                                                                       
                                       "Local Dirtied Blocks": 0,                                                                    
                                       "Local Written Blocks": 0,                                                                    
                                       "Temp Read Blocks": 0,                                                                        
                                       "Temp Written Blocks": 0,                                                                     
                                       "Plans": [                                                                                    
                                         {                                                                                           
                                           "Node Type": "Seq Scan",                                                                  
                                           "Parent Relationship": "Outer",                                                           
                                           "Parallel Aware": false,                                                                  
                                           "Relation Name": "movie_keyword",                                                         
                                           "Alias": "mk",                                                                            
                                           "Startup Cost": 0.00,                                                                     
                                           "Total Cost": 1079.84,                                                                    
                                           "Plan Rows": 4523930,                                                                     
                                           "Plan Width": 8,                                                                          
                                           "Actual Startup Time": 0.013,                                                             
                                           "Actual Total Time": 759.826,                                                             
                                           "Actual Rows": 4523930,                                                                   
                                           "Actual Loops": 1,                                                                        
                                           "Shared Hit Blocks": 3,                                                                   
                                           "Shared Read Blocks": 24451,                                                              
                                           "Shared Dirtied Blocks": 0,                                                               
                                           "Shared Written Blocks": 0,                                                               
                                           "Local Hit Blocks": 0,                                                                    
                                           "Local Read Blocks": 0,                                                                   
                                           "Local Dirtied Blocks": 0,                                                                
                                           "Local Written Blocks": 0,                                                                
                                           "Temp Read Blocks": 0,                                                                    
                                           "Temp Written Blocks": 0                                                                  
                                         }                                                                                           
                                       ]                                                                                             
                                     }                                                                                               
                                   ]                                                                                                 
                                 }                                                                                                   
                               ]                                                                                                     
                             },                                                                                                      
                             {                                                                                                       
                               "Node Type": "Sort",                                                                                  
                               "Parent Relationship": "Inner",                                                                       
                               "Parallel Aware": false,                                                                              
                               "Startup Cost": 49.46,                                                                                
                               "Total Cost": 49.46,                                                                                  
                               "Plan Rows": 1,                                                                                       
                               "Plan Width": 4,                                                                                      
                               "Actual Startup Time": 77.796,                                                                        
                               "Actual Total Time": 77.796,                                                                          
                               "Actual Rows": 1,                                                                                     
                               "Actual Loops": 1,                                                                                    
                               "Sort Key": ["k.id"],                                                                                 
                               "Sort Method": "quicksort",                                                                           
                               "Sort Space Used": 25,                                                                                
                               "Sort Space Type": "Memory",                                                                          
                               "Shared Hit Blocks": 2,                                                                               
                               "Shared Read Blocks": 947,                                                                            
                               "Shared Dirtied Blocks": 0,                                                                           
                               "Shared Written Blocks": 0,                                                                           
                               "Local Hit Blocks": 0,                                                                                
                               "Local Read Blocks": 0,                                                                               
                               "Local Dirtied Blocks": 0,                                                                            
                               "Local Written Blocks": 0,                                                                            
                               "Temp Read Blocks": 0,                                                                                
                               "Temp Written Blocks": 0,                                                                             
                               "Plans": [                                                                                            
                                 {                                                                                                   
                                   "Node Type": "Seq Scan",                                                                          
                                   "Parent Relationship": "Outer",                                                                   
                                   "Parallel Aware": false,                                                                          
                                   "Relation Name": "keyword",                                                                       
                                   "Alias": "k",                                                                                     
                                   "Startup Cost": 0.00,                                                                             
                                   "Total Cost": 49.46,                                                                              
                                   "Plan Rows": 1,                                                                                   
                                   "Plan Width": 4,                                                                                  
                                   "Actual Startup Time": 17.900,                                                                    
                                   "Actual Total Time": 77.786,                                                                      
                                   "Actual Rows": 1,                                                                                 
                                   "Actual Loops": 1,                                                                                
                                   "Filter": "(keyword = 'sequel'::text)",                                                           
                                   "Rows Removed by Filter": 134169,                                                                 
                                   "Shared Hit Blocks": 2,                                                                           
                                   "Shared Read Blocks": 947,                                                                        
                                   "Shared Dirtied Blocks": 0,                                                                       
                                   "Shared Written Blocks": 0,                                                                       
                                   "Local Hit Blocks": 0,                                                                            
                                   "Local Read Blocks": 0,                                                                           
                                   "Local Dirtied Blocks": 0,                                                                        
                                   "Local Written Blocks": 0,                                                                        
                                   "Temp Read Blocks": 0,                                                                            
                                   "Temp Written Blocks": 0                                                                          
                                 }                                                                                                   
                               ]                                                                                                     
                             }                                                                                                       
                           ]                                                                                                         
                         }                                                                                                           
                       ]                                                                                                             
                     },                                                                                                              
                     {                                                                                                               
                       "Node Type": "Sort",                                                                                          
                       "Parent Relationship": "Inner",                                                                               
                       "Parallel Aware": false,                                                                                      
                       "Startup Cost": 0.03,                                                                                         
                       "Total Cost": 0.03,                                                                                           
                       "Plan Rows": 1,                                                                                               
                       "Plan Width": 4,                                                                                              
                       "Actual Startup Time": 0.014,                                                                                 
                       "Actual Total Time": 0.014,                                                                                   
                       "Actual Rows": 1,                                                                                             
                       "Actual Loops": 1,                                                                                            
                       "Sort Key": ["ct.id"],                                                                                        
                       "Sort Method": "quicksort",                                                                                   
                       "Sort Space Used": 25,                                                                                        
                       "Sort Space Type": "Memory",                                                                                  
                       "Shared Hit Blocks": 1,                                                                                       
                       "Shared Read Blocks": 0,                                                                                      
                       "Shared Dirtied Blocks": 0,                                                                                   
                       "Shared Written Blocks": 0,                                                                                   
                       "Local Hit Blocks": 0,                                                                                        
                       "Local Read Blocks": 0,                                                                                       
                       "Local Dirtied Blocks": 0,                                                                                    
                       "Local Written Blocks": 0,                                                                                    
                       "Temp Read Blocks": 0,                                                                                        
                       "Temp Written Blocks": 0,                                                                                     
                       "Plans": [                                                                                                    
                         {                                                                                                           
                           "Node Type": "Seq Scan",                                                                                  
                           "Parent Relationship": "Outer",                                                                           
                           "Parallel Aware": false,                                                                                  
                           "Relation Name": "company_type",                                                                          
                           "Alias": "ct",                                                                                            
                           "Startup Cost": 0.00,                                                                                     
                           "Total Cost": 0.03,                                                                                       
                           "Plan Rows": 1,                                                                                           
                           "Plan Width": 4,                                                                                          
                           "Actual Startup Time": 0.007,                                                                             
                           "Actual Total Time": 0.008,                                                                               
                           "Actual Rows": 1,                                                                                         
                           "Actual Loops": 1,                                                                                        
                           "Filter": "((kind)::text = 'production companies'::text)",                                                
                           "Rows Removed by Filter": 3,                                                                              
                           "Shared Hit Blocks": 1,                                                                                   
                           "Shared Read Blocks": 0,                                                                                  
                           "Shared Dirtied Blocks": 0,                                                                               
                           "Shared Written Blocks": 0,                                                                               
                           "Local Hit Blocks": 0,                                                                                    
                           "Local Read Blocks": 0,                                                                                   
                           "Local Dirtied Blocks": 0,                                                                                
                           "Local Written Blocks": 0,                                                                                
                           "Temp Read Blocks": 0,                                                                                    
                           "Temp Written Blocks": 0                                                                                  
                         }                                                                                                           
                       ]                                                                                                             
                     }                                                                                                               
                   ]                                                                                                                 
                 }                                                                                                                   
               ]                                                                                                                     
             },                                                                                                                      
             {                                                                                                                       
               "Node Type": "Sort",                                                                                                  
               "Parent Relationship": "Inner",                                                                                       
               "Parallel Aware": false,                                                                                              
               "Startup Cost": 283.87,                                                                                               
               "Total Cost": 287.69,                                                                                                 
               "Plan Rows": 49161,                                                                                                   
               "Plan Width": 23,                                                                                                     
               "Actual Startup Time": 164.582,                                                                                       
               "Actual Total Time": 165.738,                                                                                         
               "Actual Rows": 9846,                                                                                                  
               "Actual Loops": 1,                                                                                                    
               "Sort Key": ["cn.id"],                                                                                                
               "Sort Method": "quicksort",                                                                                           
               "Sort Space Used": 5023,                                                                                              
               "Sort Space Type": "Memory",                                                                                          
               "Shared Hit Blocks": 2,                                                                                               
               "Shared Read Blocks": 2992,                                                                                           
               "Shared Dirtied Blocks": 0,                                                                                           
               "Shared Written Blocks": 0,                                                                                           
               "Local Hit Blocks": 0,                                                                                                
               "Local Read Blocks": 0,                                                                                               
               "Local Dirtied Blocks": 0,                                                                                            
               "Local Written Blocks": 0,                                                                                            
               "Temp Read Blocks": 0,                                                                                                
               "Temp Written Blocks": 0,                                                                                             
               "Plans": [                                                                                                            
                 {                                                                                                                   
                   "Node Type": "Seq Scan",                                                                                          
                   "Parent Relationship": "Outer",                                                                                   
                   "Parallel Aware": false,                                                                                          
                   "Relation Name": "company_name",                                                                                  
                   "Alias": "cn",                                                                                                    
                   "Startup Cost": 0.00,                                                                                             
                   "Total Cost": 164.90,                                                                                             
                   "Plan Rows": 49161,                                                                                               
                   "Plan Width": 23,                                                                                                 
                   "Actual Startup Time": 20.227,                                                                                    
                   "Actual Total Time": 139.013,                                                                                     
                   "Actual Rows": 48302,                                                                                             
                   "Actual Loops": 1,                                                                                                
                   "Filter": "(((country_code)::text <> '[pl]'::text) AND ((name ~~ '%Film%'::text) OR (name ~~ '%Warner%'::text)))",
                   "Rows Removed by Filter": 186695,                                                                                 
                   "Shared Hit Blocks": 2,                                                                                           
                   "Shared Read Blocks": 2992,                                                                                       
                   "Shared Dirtied Blocks": 0,                                                                                       
                   "Shared Written Blocks": 0,                                                                                       
                   "Local Hit Blocks": 0,                                                                                            
                   "Local Read Blocks": 0,                                                                                           
                   "Local Dirtied Blocks": 0,                                                                                        
                   "Local Written Blocks": 0,                                                                                        
                   "Temp Read Blocks": 0,                                                                                            
                   "Temp Written Blocks": 0                                                                                          
                 }                                                                                                                   
               ]                                                                                                                     
             }                                                                                                                       
           ]                                                                                                                         
         }                                                                                                                           
       ]                                                                                                                             
     },                                                                                                                              
     "Planning Time": 5768.919,                                                                                                      
     "Triggers": [                                                                                                                   
     ],                                                                                                                              
     "Execution Time": 14199.543                                                                                                     
