 [                                                                                                                                                                   
   {                                                                                                                                                                 
     "Plan": {                                                                                                                                                       
       "Node Type": "Aggregate",                                                                                                                                     
       "Strategy": "Plain",                                                                                                                                          
       "Partial Mode": "Simple",                                                                                                                                     
       "Parallel Aware": false,                                                                                                                                      
       "Startup Cost": 43899.00,                                                                                                                                     
       "Total Cost": 43899.00,                                                                                                                                       
       "Plan Rows": 1,                                                                                                                                               
       "Plan Width": 96,                                                                                                                                             
       "Actual Startup Time": 15821.425,                                                                                                                             
       "Actual Total Time": 15821.426,                                                                                                                               
       "Actual Rows": 1,                                                                                                                                             
       "Actual Loops": 1,                                                                                                                                            
       "Shared Hit Blocks": 21,                                                                                                                                      
       "Shared Read Blocks": 245224,                                                                                                                                 
       "Shared Dirtied Blocks": 0,                                                                                                                                   
       "Shared Written Blocks": 0,                                                                                                                                   
       "Local Hit Blocks": 0,                                                                                                                                        
       "Local Read Blocks": 0,                                                                                                                                       
       "Local Dirtied Blocks": 0,                                                                                                                                    
       "Local Written Blocks": 0,                                                                                                                                    
       "Temp Read Blocks": 0,                                                                                                                                        
       "Temp Written Blocks": 0,                                                                                                                                     
       "Plans": [                                                                                                                                                    
         {                                                                                                                                                           
           "Node Type": "Merge Join",                                                                                                                                
           "Parent Relationship": "Outer",                                                                                                                           
           "Parallel Aware": false,                                                                                                                                  
           "Join Type": "Inner",                                                                                                                                     
           "Startup Cost": 43898.64,                                                                                                                                 
           "Total Cost": 43899.00,                                                                                                                                   
           "Plan Rows": 1,                                                                                                                                           
           "Plan Width": 48,                                                                                                                                         
           "Actual Startup Time": 15793.723,                                                                                                                         
           "Actual Total Time": 15795.809,                                                                                                                           
           "Actual Rows": 1874,                                                                                                                                      
           "Actual Loops": 1,                                                                                                                                        
           "Inner Unique": true,                                                                                                                                     
           "Merge Cond": "(mk.keyword_id = k.id)",                                                                                                                   
           "Shared Hit Blocks": 21,                                                                                                                                  
           "Shared Read Blocks": 245224,                                                                                                                             
           "Shared Dirtied Blocks": 0,                                                                                                                               
           "Shared Written Blocks": 0,                                                                                                                               
           "Local Hit Blocks": 0,                                                                                                                                    
           "Local Read Blocks": 0,                                                                                                                                   
           "Local Dirtied Blocks": 0,                                                                                                                                
           "Local Written Blocks": 0,                                                                                                                                
           "Temp Read Blocks": 0,                                                                                                                                    
           "Temp Written Blocks": 0,                                                                                                                                 
           "Plans": [                                                                                                                                                
             {                                                                                                                                                       
               "Node Type": "Sort",                                                                                                                                  
               "Parent Relationship": "Outer",                                                                                                                       
               "Parallel Aware": false,                                                                                                                              
               "Startup Cost": 43849.18,                                                                                                                             
               "Total Cost": 43849.36,                                                                                                                               
               "Plan Rows": 2307,                                                                                                                                    
               "Plan Width": 52,                                                                                                                                     
               "Actual Startup Time": 15707.337,                                                                                                                     
               "Actual Total Time": 15708.689,                                                                                                                       
               "Actual Rows": 8490,                                                                                                                                  
               "Actual Loops": 1,                                                                                                                                    
               "Sort Key": ["mk.keyword_id"],                                                                                                                        
               "Sort Method": "quicksort",                                                                                                                           
               "Sort Space Used": 5795,                                                                                                                              
               "Sort Space Type": "Memory",                                                                                                                          
               "Shared Hit Blocks": 19,                                                                                                                              
               "Shared Read Blocks": 244277,                                                                                                                         
               "Shared Dirtied Blocks": 0,                                                                                                                           
               "Shared Written Blocks": 0,                                                                                                                           
               "Local Hit Blocks": 0,                                                                                                                                
               "Local Read Blocks": 0,                                                                                                                               
               "Local Dirtied Blocks": 0,                                                                                                                            
               "Local Written Blocks": 0,                                                                                                                            
               "Temp Read Blocks": 0,                                                                                                                                
               "Temp Written Blocks": 0,                                                                                                                             
               "Plans": [                                                                                                                                            
                 {                                                                                                                                                   
                   "Node Type": "Merge Join",                                                                                                                        
                   "Parent Relationship": "Outer",                                                                                                                   
                   "Parallel Aware": false,                                                                                                                          
                   "Join Type": "Inner",                                                                                                                             
                   "Startup Cost": 43803.05,                                                                                                                         
                   "Total Cost": 43845.17,                                                                                                                           
                   "Plan Rows": 2307,                                                                                                                                
                   "Plan Width": 52,                                                                                                                                 
                   "Actual Startup Time": 15626.124,                                                                                                                 
                   "Actual Total Time": 15687.770,                                                                                                                   
                   "Actual Rows": 33031,                                                                                                                             
                   "Actual Loops": 1,                                                                                                                                
                   "Inner Unique": false,                                                                                                                            
                   "Merge Cond": "(ml.movie_id = mk.movie_id)",                                                                                                      
                   "Shared Hit Blocks": 15,                                                                                                                          
                   "Shared Read Blocks": 244277,                                                                                                                     
                   "Shared Dirtied Blocks": 0,                                                                                                                       
                   "Shared Written Blocks": 0,                                                                                                                       
                   "Local Hit Blocks": 0,                                                                                                                            
                   "Local Read Blocks": 0,                                                                                                                           
                   "Local Dirtied Blocks": 0,                                                                                                                        
                   "Local Written Blocks": 0,                                                                                                                        
                   "Temp Read Blocks": 0,                                                                                                                            
                   "Temp Written Blocks": 0,                                                                                                                         
                   "Plans": [                                                                                                                                        
                     {                                                                                                                                               
                       "Node Type": "Merge Join",                                                                                                                    
                       "Parent Relationship": "Outer",                                                                                                               
                       "Parallel Aware": false,                                                                                                                      
                       "Join Type": "Inner",                                                                                                                         
                       "Startup Cost": 27192.12,                                                                                                                     
                       "Total Cost": 27218.97,                                                                                                                       
                       "Plan Rows": 186,                                                                                                                             
                       "Plan Width": 64,                                                                                                                             
                       "Actual Startup Time": 13312.245,                                                                                                             
                       "Actual Total Time": 13353.722,                                                                                                               
                       "Actual Rows": 3966,                                                                                                                          
                       "Actual Loops": 1,                                                                                                                            
                       "Inner Unique": false,                                                                                                                        
                       "Merge Cond": "(ml.movie_id = mi.movie_id)",                                                                                                  
                       "Shared Hit Blocks": 12,                                                                                                                      
                       "Shared Read Blocks": 219826,                                                                                                                 
                       "Shared Dirtied Blocks": 0,                                                                                                                   
                       "Shared Written Blocks": 0,                                                                                                                   
                       "Local Hit Blocks": 0,                                                                                                                        
                       "Local Read Blocks": 0,                                                                                                                       
                       "Local Dirtied Blocks": 0,                                                                                                                    
                       "Local Written Blocks": 0,                                                                                                                    
                       "Temp Read Blocks": 0,                                                                                                                        
                       "Temp Written Blocks": 0,                                                                                                                     
                       "Plans": [                                                                                                                                    
                         {                                                                                                                                           
                           "Node Type": "Merge Join",                                                                                                                
                           "Parent Relationship": "Outer",                                                                                                           
                           "Parallel Aware": false,                                                                                                                  
                           "Join Type": "Inner",                                                                                                                     
                           "Startup Cost": 13019.04,                                                                                                                 
                           "Total Cost": 13040.81,                                                                                                                   
                           "Plan Rows": 144,                                                                                                                         
                           "Plan Width": 60,                                                                                                                         
                           "Actual Startup Time": 3674.754,                                                                                                          
                           "Actual Total Time": 3710.930,                                                                                                            
                           "Actual Rows": 1130,                                                                                                                      
                           "Actual Loops": 1,                                                                                                                        
                           "Inner Unique": true,                                                                                                                     
                           "Merge Cond": "(ml.movie_id = t.id)",                                                                                                     
                           "Shared Hit Blocks": 10,                                                                                                                  
                           "Shared Read Blocks": 57936,                                                                                                              
                           "Shared Dirtied Blocks": 0,                                                                                                               
                           "Shared Written Blocks": 0,                                                                                                               
                           "Local Hit Blocks": 0,                                                                                                                    
                           "Local Read Blocks": 0,                                                                                                                   
                           "Local Dirtied Blocks": 0,                                                                                                                
                           "Local Written Blocks": 0,                                                                                                                
                           "Temp Read Blocks": 0,                                                                                                                    
                           "Temp Written Blocks": 0,                                                                                                                 
                           "Plans": [                                                                                                                                
                             {                                                                                                                                       
                               "Node Type": "Sort",                                                                                                                  
                               "Parent Relationship": "Outer",                                                                                                       
                               "Parallel Aware": false,                                                                                                              
                               "Startup Cost": 5167.59,                                                                                                              
                               "Total Cost": 5167.60,                                                                                                                
                               "Plan Rows": 192,                                                                                                                     
                               "Plan Width": 39,                                                                                                                     
                               "Actual Startup Time": 1503.574,                                                                                                      
                               "Actual Total Time": 1503.677,                                                                                                        
                               "Actual Rows": 1152,                                                                                                                  
                               "Actual Loops": 1,                                                                                                                    
                               "Sort Key": ["mc.movie_id"],                                                                                                          
                               "Sort Method": "quicksort",                                                                                                           
                               "Sort Space Used": 148,                                                                                                               
                               "Sort Space Type": "Memory",                                                                                                          
                               "Shared Hit Blocks": 9,                                                                                                               
                               "Shared Read Blocks": 21939,                                                                                                          
                               "Shared Dirtied Blocks": 0,                                                                                                           
                               "Shared Written Blocks": 0,                                                                                                           
                               "Local Hit Blocks": 0,                                                                                                                
                               "Local Read Blocks": 0,                                                                                                               
                               "Local Dirtied Blocks": 0,                                                                                                            
                               "Local Written Blocks": 0,                                                                                                            
                               "Temp Read Blocks": 0,                                                                                                                
                               "Temp Written Blocks": 0,                                                                                                             
                               "Plans": [                                                                                                                            
                                 {                                                                                                                                   
                                   "Node Type": "Merge Join",                                                                                                        
                                   "Parent Relationship": "Outer",                                                                                                   
                                   "Parallel Aware": false,                                                                                                          
                                   "Join Type": "Inner",                                                                                                             
                                   "Startup Cost": 5167.23,                                                                                                          
                                   "Total Cost": 5167.36,                                                                                                            
                                   "Plan Rows": 192,                                                                                                                 
                                   "Plan Width": 39,                                                                                                                 
                                   "Actual Startup Time": 1502.934,                                                                                                  
                                   "Actual Total Time": 1503.260,                                                                                                    
                                   "Actual Rows": 1152,                                                                                                              
                                   "Actual Loops": 1,                                                                                                                
                                   "Inner Unique": true,                                                                                                             
                                   "Merge Cond": "(mc.company_type_id = ct.id)",                                                                                     
                                   "Shared Hit Blocks": 9,                                                                                                           
                                   "Shared Read Blocks": 21939,                                                                                                      
                                   "Shared Dirtied Blocks": 0,                                                                                                       
                                   "Shared Written Blocks": 0,                                                                                                       
                                   "Local Hit Blocks": 0,                                                                                                            
                                   "Local Read Blocks": 0,                                                                                                           
                                   "Local Dirtied Blocks": 0,                                                                                                        
                                   "Local Written Blocks": 0,                                                                                                        
                                   "Temp Read Blocks": 0,                                                                                                            
                                   "Temp Written Blocks": 0,                                                                                                         
                                   "Plans": [                                                                                                                        
                                     {                                                                                                                               
                                       "Node Type": "Sort",                                                                                                          
                                       "Parent Relationship": "Outer",                                                                                               
                                       "Parallel Aware": false,                                                                                                      
                                       "Startup Cost": 5167.19,                                                                                                      
                                       "Total Cost": 5167.25,                                                                                                        
                                       "Plan Rows": 768,                                                                                                             
                                       "Plan Width": 43,                                                                                                             
                                       "Actual Startup Time": 1502.905,                                                                                              
                                       "Actual Total Time": 1502.962,                                                                                                
                                       "Actual Rows": 1200,                                                                                                          
                                       "Actual Loops": 1,                                                                                                            
                                       "Sort Key": ["mc.company_type_id"],                                                                                           
                                       "Sort Method": "quicksort",                                                                                                   
                                       "Sort Space Used": 166,                                                                                                       
                                       "Sort Space Type": "Memory",                                                                                                  
                                       "Shared Hit Blocks": 8,                                                                                                       
                                       "Shared Read Blocks": 21939,                                                                                                  
                                       "Shared Dirtied Blocks": 0,                                                                                                   
                                       "Shared Written Blocks": 0,                                                                                                   
                                       "Local Hit Blocks": 0,                                                                                                        
                                       "Local Read Blocks": 0,                                                                                                       
                                       "Local Dirtied Blocks": 0,                                                                                                    
                                       "Local Written Blocks": 0,                                                                                                    
                                       "Temp Read Blocks": 0,                                                                                                        
                                       "Temp Written Blocks": 0,                                                                                                     
                                       "Plans": [                                                                                                                    
                                         {                                                                                                                           
                                           "Node Type": "Merge Join",                                                                                                
                                           "Parent Relationship": "Outer",                                                                                           
                                           "Parallel Aware": false,                                                                                                  
                                           "Join Type": "Inner",                                                                                                     
                                           "Startup Cost": 5157.80,                                                                                                  
                                           "Total Cost": 5166.05,                                                                                                    
                                           "Plan Rows": 768,                                                                                                         
                                           "Plan Width": 43,                                                                                                         
                                           "Actual Startup Time": 1497.816,                                                                                          
                                           "Actual Total Time": 1502.582,                                                                                            
                                           "Actual Rows": 1200,                                                                                                      
                                           "Actual Loops": 1,                                                                                                        
                                           "Inner Unique": true,                                                                                                     
                                           "Merge Cond": "(mc.company_id = cn.id)",                                                                                  
                                           "Shared Hit Blocks": 8,                                                                                                   
                                           "Shared Read Blocks": 21939,                                                                                              
                                           "Shared Dirtied Blocks": 0,                                                                                               
                                           "Shared Written Blocks": 0,                                                                                               
                                           "Local Hit Blocks": 0,                                                                                                    
                                           "Local Read Blocks": 0,                                                                                                   
                                           "Local Dirtied Blocks": 0,                                                                                                
                                           "Local Written Blocks": 0,                                                                                                
                                           "Temp Read Blocks": 0,                                                                                                    
                                           "Temp Written Blocks": 0,                                                                                                 
                                           "Plans": [                                                                                                                
                                             {                                                                                                                       
                                               "Node Type": "Sort",                                                                                                  
                                               "Parent Relationship": "Outer",                                                                                       
                                               "Parallel Aware": false,                                                                                              
                                               "Startup Cost": 4873.93,                                                                                              
                                               "Total Cost": 4874.21,                                                                                                
                                               "Plan Rows": 3669,                                                                                                    
                                               "Plan Width": 28,                                                                                                     
                                               "Actual Startup Time": 1344.138,                                                                                      
                                               "Actual Total Time": 1344.566,                                                                                        
                                               "Actual Rows": 5069,                                                                                                  
                                               "Actual Loops": 1,                                                                                                    
                                               "Sort Key": ["mc.company_id"],                                                                                        
                                               "Sort Method": "quicksort",                                                                                           
                                               "Sort Space Used": 589,                                                                                               
                                               "Sort Space Type": "Memory",                                                                                          
                                               "Shared Hit Blocks": 6,                                                                                               
                                               "Shared Read Blocks": 18947,                                                                                          
                                               "Shared Dirtied Blocks": 0,                                                                                           
                                               "Shared Written Blocks": 0,                                                                                           
                                               "Local Hit Blocks": 0,                                                                                                
                                               "Local Read Blocks": 0,                                                                                               
                                               "Local Dirtied Blocks": 0,                                                                                            
                                               "Local Written Blocks": 0,                                                                                            
                                               "Temp Read Blocks": 0,                                                                                                
                                               "Temp Written Blocks": 0,                                                                                             
                                               "Plans": [                                                                                                            
                                                 {                                                                                                                   
                                                   "Node Type": "Merge Join",                                                                                        
                                                   "Parent Relationship": "Outer",                                                                                   
                                                   "Parallel Aware": false,                                                                                          
                                                   "Join Type": "Inner",                                                                                             
                                                   "Startup Cost": 4859.10,                                                                                          
                                                   "Total Cost": 4867.18,                                                                                            
                                                   "Plan Rows": 3669,                                                                                                
                                                   "Plan Width": 28,                                                                                                 
                                                   "Actual Startup Time": 1334.079,                                                                                  
                                                   "Actual Total Time": 1342.546,                                                                                    
                                                   "Actual Rows": 5069,                                                                                              
                                                   "Actual Loops": 1,                                                                                                
                                                   "Inner Unique": false,                                                                                            
                                                   "Merge Cond": "(ml.movie_id = mc.movie_id)",                                                                      
                                                   "Shared Hit Blocks": 6,                                                                                           
                                                   "Shared Read Blocks": 18947,                                                                                      
                                                   "Shared Dirtied Blocks": 0,                                                                                       
                                                   "Shared Written Blocks": 0,                                                                                       
                                                   "Local Hit Blocks": 0,                                                                                            
                                                   "Local Read Blocks": 0,                                                                                           
                                                   "Local Dirtied Blocks": 0,                                                                                        
                                                   "Local Written Blocks": 0,                                                                                        
                                                   "Temp Read Blocks": 0,                                                                                            
                                                   "Temp Written Blocks": 0,                                                                                         
                                                   "Plans": [                                                                                                        
                                                     {                                                                                                               
                                                       "Node Type": "Sort",                                                                                          
                                                       "Parent Relationship": "Outer",                                                                               
                                                       "Parallel Aware": false,                                                                                      
                                                       "Startup Cost": 84.04,                                                                                        
                                                       "Total Cost": 84.17,                                                                                          
                                                       "Plan Rows": 1666,                                                                                            
                                                       "Plan Width": 16,                                                                                             
                                                       "Actual Startup Time": 48.437,                                                                                
                                                       "Actual Total Time": 48.616,                                                                                  
                                                       "Actual Rows": 2315,                                                                                          
                                                       "Actual Loops": 1,                                                                                            
                                                       "Sort Key": ["ml.movie_id"],                                                                                  
                                                       "Sort Method": "quicksort",                                                                                   
                                                       "Sort Space Used": 205,                                                                                       
                                                       "Sort Space Type": "Memory",                                                                                  
                                                       "Shared Hit Blocks": 3,                                                                                       
                                                       "Shared Read Blocks": 161,                                                                                    
                                                       "Shared Dirtied Blocks": 0,                                                                                   
                                                       "Shared Written Blocks": 0,                                                                                   
                                                       "Local Hit Blocks": 0,                                                                                        
                                                       "Local Read Blocks": 0,                                                                                       
                                                       "Local Dirtied Blocks": 0,                                                                                    
                                                       "Local Written Blocks": 0,                                                                                    
                                                       "Temp Read Blocks": 0,                                                                                        
                                                       "Temp Written Blocks": 0,                                                                                     
                                                       "Plans": [                                                                                                    
                                                         {                                                                                                           
                                                           "Node Type": "Merge Join",                                                                                
                                                           "Parent Relationship": "Outer",                                                                           
                                                           "Parallel Aware": false,                                                                                  
                                                           "Join Type": "Inner",                                                                                     
                                                           "Startup Cost": 76.50,                                                                                    
                                                           "Total Cost": 81.27,                                                                                      
                                                           "Plan Rows": 1666,                                                                                        
                                                           "Plan Width": 16,                                                                                         
                                                           "Actual Startup Time": 46.501,                                                                            
                                                           "Actual Total Time": 47.430,                                                                              
                                                           "Actual Rows": 2315,                                                                                      
                                                           "Actual Loops": 1,                                                                                        
                                                           "Inner Unique": false,                                                                                    
                                                           "Merge Cond": "(lt.id = ml.link_type_id)",                                                                
                                                           "Shared Hit Blocks": 3,                                                                                   
                                                           "Shared Read Blocks": 161,                                                                                
                                                           "Shared Dirtied Blocks": 0,                                                                               
                                                           "Shared Written Blocks": 0,                                                                               
                                                           "Local Hit Blocks": 0,                                                                                    
                                                           "Local Read Blocks": 0,                                                                                   
                                                           "Local Dirtied Blocks": 0,                                                                                
                                                           "Local Written Blocks": 0,                                                                                
                                                           "Temp Read Blocks": 0,                                                                                    
                                                           "Temp Written Blocks": 0,                                                                                 
                                                           "Plans": [                                                                                                
                                                             {                                                                                                       
                                                               "Node Type": "Sort",                                                                                  
                                                               "Parent Relationship": "Outer",                                                                       
                                                               "Parallel Aware": false,                                                                              
                                                               "Startup Cost": 0.03,                                                                                 
                                                               "Total Cost": 0.03,                                                                                   
                                                               "Plan Rows": 1,                                                                                       
                                                               "Plan Width": 16,                                                                                     
                                                               "Actual Startup Time": 0.064,                                                                         
                                                               "Actual Total Time": 0.065,                                                                           
                                                               "Actual Rows": 2,                                                                                     
                                                               "Actual Loops": 1,                                                                                    
                                                               "Sort Key": ["lt.id"],                                                                                
                                                               "Sort Method": "quicksort",                                                                           
                                                               "Sort Space Used": 25,                                                                                
                                                               "Sort Space Type": "Memory",                                                                          
                                                               "Shared Hit Blocks": 1,                                                                               
                                                               "Shared Read Blocks": 0,                                                                              
                                                               "Shared Dirtied Blocks": 0,                                                                           
                                                               "Shared Written Blocks": 0,                                                                           
                                                               "Local Hit Blocks": 0,                                                                                
                                                               "Local Read Blocks": 0,                                                                               
                                                               "Local Dirtied Blocks": 0,                                                                            
                                                               "Local Written Blocks": 0,                                                                            
                                                               "Temp Read Blocks": 0,                                                                                
                                                               "Temp Written Blocks": 0,                                                                             
                                                               "Plans": [                                                                                            
                                                                 {                                                                                                   
                                                                   "Node Type": "Seq Scan",                                                                          
                                                                   "Parent Relationship": "Outer",                                                                   
                                                                   "Parallel Aware": false,                                                                          
                                                                   "Relation Name": "link_type",                                                                     
                                                                   "Alias": "lt",                                                                                    
                                                                   "Startup Cost": 0.00,                                                                             
                                                                   "Total Cost": 0.03,                                                                               
                                                                   "Plan Rows": 1,                                                                                   
                                                                   "Plan Width": 16,                                                                                 
                                                                   "Actual Startup Time": 0.019,                                                                     
                                                                   "Actual Total Time": 0.033,                                                                       
                                                                   "Actual Rows": 2,                                                                                 
                                                                   "Actual Loops": 1,                                                                                
                                                                   "Filter": "((link)::text ~~ '%follow%'::text)",                                                   
                                                                   "Rows Removed by Filter": 16,                                                                     
                                                                   "Shared Hit Blocks": 1,                                                                           
                                                                   "Shared Read Blocks": 0,                                                                          
                                                                   "Shared Dirtied Blocks": 0,                                                                       
                                                                   "Shared Written Blocks": 0,                                                                       
                                                                   "Local Hit Blocks": 0,                                                                            
                                                                   "Local Read Blocks": 0,                                                                           
                                                                   "Local Dirtied Blocks": 0,                                                                        
                                                                   "Local Written Blocks": 0,                                                                        
                                                                   "Temp Read Blocks": 0,                                                                            
                                                                   "Temp Written Blocks": 0                                                                          
                                                                 }                                                                                                   
                                                               ]                                                                                                     
                                                             },                                                                                                      
                                                             {                                                                                                       
                                                               "Node Type": "Sort",                                                                                  
                                                               "Parent Relationship": "Inner",                                                                       
                                                               "Parallel Aware": false,                                                                              
                                                               "Startup Cost": 76.46,                                                                                
                                                               "Total Cost": 78.79,                                                                                  
                                                               "Plan Rows": 29997,                                                                                   
                                                               "Plan Width": 8,                                                                                      
                                                               "Actual Startup Time": 46.429,                                                                        
                                                               "Actual Total Time": 46.641,                                                                          
                                                               "Actual Rows": 2316,                                                                                  
                                                               "Actual Loops": 1,                                                                                    
                                                               "Sort Key": ["ml.link_type_id"],                                                                      
                                                               "Sort Method": "quicksort",                                                                           
                                                               "Sort Space Used": 2175,                                                                              
                                                               "Sort Space Type": "Memory",                                                                          
                                                               "Shared Hit Blocks": 2,                                                                               
                                                               "Shared Read Blocks": 161,                                                                            
                                                               "Shared Dirtied Blocks": 0,                                                                           
                                                               "Shared Written Blocks": 0,                                                                           
                                                               "Local Hit Blocks": 0,                                                                                
                                                               "Local Read Blocks": 0,                                                                               
                                                               "Local Dirtied Blocks": 0,                                                                            
                                                               "Local Written Blocks": 0,                                                                            
                                                               "Temp Read Blocks": 0,                                                                                
                                                               "Temp Written Blocks": 0,                                                                             
                                                               "Plans": [                                                                                            
                                                                 {                                                                                                   
                                                                   "Node Type": "Seq Scan",                                                                          
                                                                   "Parent Relationship": "Outer",                                                                   
                                                                   "Parallel Aware": false,                                                                          
                                                                   "Relation Name": "movie_link",                                                                    
                                                                   "Alias": "ml",                                                                                    
                                                                   "Startup Cost": 0.00,                                                                             
                                                                   "Total Cost": 7.19,                                                                               
                                                                   "Plan Rows": 29997,                                                                               
                                                                   "Plan Width": 8,                                                                                  
                                                                   "Actual Startup Time": 0.012,                                                                     
                                                                   "Actual Total Time": 30.615,                                                                      
                                                                   "Actual Rows": 29997,                                                                             
                                                                   "Actual Loops": 1,                                                                                
                                                                   "Shared Hit Blocks": 2,                                                                           
                                                                   "Shared Read Blocks": 161,                                                                        
                                                                   "Shared Dirtied Blocks": 0,                                                                       
                                                                   "Shared Written Blocks": 0,                                                                       
                                                                   "Local Hit Blocks": 0,                                                                            
                                                                   "Local Read Blocks": 0,                                                                           
                                                                   "Local Dirtied Blocks": 0,                                                                        
                                                                   "Local Written Blocks": 0,                                                                        
                                                                   "Temp Read Blocks": 0,                                                                            
                                                                   "Temp Written Blocks": 0                                                                          
                                                                 }                                                                                                   
                                                               ]                                                                                                     
                                                             }                                                                                                       
                                                           ]                                                                                                         
                                                         }                                                                                                           
                                                       ]                                                                                                             
                                                     },                                                                                                              
                                                     {                                                                                                               
                                                       "Node Type": "Sort",                                                                                          
                                                       "Parent Relationship": "Inner",                                                                               
                                                       "Parallel Aware": false,                                                                                      
                                                       "Startup Cost": 4775.07,                                                                                      
                                                       "Total Cost": 4873.82,                                                                                        
                                                       "Plan Rows": 1271989,                                                                                         
                                                       "Plan Width": 12,                                                                                             
                                                       "Actual Startup Time": 1285.618,                                                                              
                                                       "Actual Total Time": 1288.027,                                                                                
                                                       "Actual Rows": 53197,                                                                                         
                                                       "Actual Loops": 1,                                                                                            
                                                       "Sort Key": ["mc.movie_id"],                                                                                  
                                                       "Sort Method": "quicksort",                                                                                   
                                                       "Sort Space Used": 108777,                                                                                    
                                                       "Sort Space Type": "Memory",                                                                                  
                                                       "Shared Hit Blocks": 3,                                                                                       
                                                       "Shared Read Blocks": 18786,                                                                                  
                                                       "Shared Dirtied Blocks": 0,                                                                                   
                                                       "Shared Written Blocks": 0,                                                                                   
                                                       "Local Hit Blocks": 0,                                                                                        
                                                       "Local Read Blocks": 0,                                                                                       
                                                       "Local Dirtied Blocks": 0,                                                                                    
                                                       "Local Written Blocks": 0,                                                                                    
                                                       "Temp Read Blocks": 0,                                                                                        
                                                       "Temp Written Blocks": 0,                                                                                     
                                                       "Plans": [                                                                                                    
                                                         {                                                                                                           
                                                           "Node Type": "Seq Scan",                                                                                  
                                                           "Parent Relationship": "Outer",                                                                           
                                                           "Parallel Aware": false,                                                                                  
                                                           "Relation Name": "movie_companies",                                                                       
                                                           "Alias": "mc",                                                                                            
                                                           "Startup Cost": 0.00,                                                                                     
                                                           "Total Cost": 769.75,                                                                                     
                                                           "Plan Rows": 1271989,                                                                                     
                                                           "Plan Width": 12,                                                                                         
                                                           "Actual Startup Time": 0.028,                                                                             
                                                           "Actual Total Time": 803.661,                                                                             
                                                           "Actual Rows": 1271989,                                                                                   
                                                           "Actual Loops": 1,                                                                                        
                                                           "Filter": "(note IS NULL)",                                                                               
                                                           "Rows Removed by Filter": 1337140,                                                                        
                                                           "Shared Hit Blocks": 3,                                                                                   
                                                           "Shared Read Blocks": 18786,                                                                              
                                                           "Shared Dirtied Blocks": 0,                                                                               
                                                           "Shared Written Blocks": 0,                                                                               
                                                           "Local Hit Blocks": 0,                                                                                    
                                                           "Local Read Blocks": 0,                                                                                   
                                                           "Local Dirtied Blocks": 0,                                                                                
                                                           "Local Written Blocks": 0,                                                                                
                                                           "Temp Read Blocks": 0,                                                                                    
                                                           "Temp Written Blocks": 0                                                                                  
                                                         }                                                                                                           
                                                       ]                                                                                                             
                                                     }                                                                                                               
                                                   ]                                                                                                                 
                                                 }                                                                                                                   
                                               ]                                                                                                                     
                                             },                                                                                                                      
                                             {                                                                                                                       
                                               "Node Type": "Sort",                                                                                                  
                                               "Parent Relationship": "Inner",                                                                                       
                                               "Parallel Aware": false,                                                                                              
                                               "Startup Cost": 283.87,                                                                                               
                                               "Total Cost": 287.69,                                                                                                 
                                               "Plan Rows": 49161,                                                                                                   
                                               "Plan Width": 23,                                                                                                     
                                               "Actual Startup Time": 153.664,                                                                                       
                                               "Actual Total Time": 155.241,                                                                                         
                                               "Actual Rows": 14201,                                                                                                 
                                               "Actual Loops": 1,                                                                                                    
                                               "Sort Key": ["cn.id"],                                                                                                
                                               "Sort Method": "quicksort",                                                                                           
                                               "Sort Space Used": 5023,                                                                                              
                                               "Sort Space Type": "Memory",                                                                                          
                                               "Shared Hit Blocks": 2,                                                                                               
                                               "Shared Read Blocks": 2992,                                                                                           
                                               "Shared Dirtied Blocks": 0,                                                                                           
                                               "Shared Written Blocks": 0,                                                                                           
                                               "Local Hit Blocks": 0,                                                                                                
                                               "Local Read Blocks": 0,                                                                                               
                                               "Local Dirtied Blocks": 0,                                                                                            
                                               "Local Written Blocks": 0,                                                                                            
                                               "Temp Read Blocks": 0,                                                                                                
                                               "Temp Written Blocks": 0,                                                                                             
                                               "Plans": [                                                                                                            
                                                 {                                                                                                                   
                                                   "Node Type": "Seq Scan",                                                                                          
                                                   "Parent Relationship": "Outer",                                                                                   
                                                   "Parallel Aware": false,                                                                                          
                                                   "Relation Name": "company_name",                                                                                  
                                                   "Alias": "cn",                                                                                                    
                                                   "Startup Cost": 0.00,                                                                                             
                                                   "Total Cost": 164.90,                                                                                             
                                                   "Plan Rows": 49161,                                                                                               
                                                   "Plan Width": 23,                                                                                                 
                                                   "Actual Startup Time": 9.733,                                                                                     
                                                   "Actual Total Time": 129.142,                                                                                     
                                                   "Actual Rows": 48302,                                                                                             
                                                   "Actual Loops": 1,                                                                                                
                                                   "Filter": "(((country_code)::text <> '[pl]'::text) AND ((name ~~ '%Film%'::text) OR (name ~~ '%Warner%'::text)))",
                                                   "Rows Removed by Filter": 186695,                                                                                 
                                                   "Shared Hit Blocks": 2,                                                                                           
                                                   "Shared Read Blocks": 2992,                                                                                       
                                                   "Shared Dirtied Blocks": 0,                                                                                       
                                                   "Shared Written Blocks": 0,                                                                                       
                                                   "Local Hit Blocks": 0,                                                                                            
                                                   "Local Read Blocks": 0,                                                                                           
                                                   "Local Dirtied Blocks": 0,                                                                                        
                                                   "Local Written Blocks": 0,                                                                                        
                                                   "Temp Read Blocks": 0,                                                                                            
                                                   "Temp Written Blocks": 0                                                                                          
                                                 }                                                                                                                   
                                               ]                                                                                                                     
                                             }                                                                                                                       
                                           ]                                                                                                                         
                                         }                                                                                                                           
                                       ]                                                                                                                             
                                     },                                                                                                                              
                                     {                                                                                                                               
                                       "Node Type": "Sort",                                                                                                          
                                       "Parent Relationship": "Inner",                                                                                               
                                       "Parallel Aware": false,                                                                                                      
                                       "Startup Cost": 0.03,                                                                                                         
                                       "Total Cost": 0.03,                                                                                                           
                                       "Plan Rows": 1,                                                                                                               
                                       "Plan Width": 4,                                                                                                              
                                       "Actual Startup Time": 0.016,                                                                                                 
                                       "Actual Total Time": 0.016,                                                                                                   
                                       "Actual Rows": 1,                                                                                                             
                                       "Actual Loops": 1,                                                                                                            
                                       "Sort Key": ["ct.id"],                                                                                                        
                                       "Sort Method": "quicksort",                                                                                                   
                                       "Sort Space Used": 25,                                                                                                        
                                       "Sort Space Type": "Memory",                                                                                                  
                                       "Shared Hit Blocks": 1,                                                                                                       
                                       "Shared Read Blocks": 0,                                                                                                      
                                       "Shared Dirtied Blocks": 0,                                                                                                   
                                       "Shared Written Blocks": 0,                                                                                                   
                                       "Local Hit Blocks": 0,                                                                                                        
                                       "Local Read Blocks": 0,                                                                                                       
                                       "Local Dirtied Blocks": 0,                                                                                                    
                                       "Local Written Blocks": 0,                                                                                                    
                                       "Temp Read Blocks": 0,                                                                                                        
                                       "Temp Written Blocks": 0,                                                                                                     
                                       "Plans": [                                                                                                                    
                                         {                                                                                                                           
                                           "Node Type": "Seq Scan",                                                                                                  
                                           "Parent Relationship": "Outer",                                                                                           
                                           "Parallel Aware": false,                                                                                                  
                                           "Relation Name": "company_type",                                                                                          
                                           "Alias": "ct",                                                                                                            
                                           "Startup Cost": 0.00,                                                                                                     
                                           "Total Cost": 0.03,                                                                                                       
                                           "Plan Rows": 1,                                                                                                           
                                           "Plan Width": 4,                                                                                                          
                                           "Actual Startup Time": 0.009,                                                                                             
                                           "Actual Total Time": 0.009,                                                                                               
                                           "Actual Rows": 1,                                                                                                         
                                           "Actual Loops": 1,                                                                                                        
                                           "Filter": "((kind)::text = 'production companies'::text)",                                                                
                                           "Rows Removed by Filter": 3,                                                                                              
                                           "Shared Hit Blocks": 1,                                                                                                   
                                           "Shared Read Blocks": 0,                                                                                                  
                                           "Shared Dirtied Blocks": 0,                                                                                               
                                           "Shared Written Blocks": 0,                                                                                               
                                           "Local Hit Blocks": 0,                                                                                                    
                                           "Local Read Blocks": 0,                                                                                                   
                                           "Local Dirtied Blocks": 0,                                                                                                
                                           "Local Written Blocks": 0,                                                                                                
                                           "Temp Read Blocks": 0,                                                                                                    
                                           "Temp Written Blocks": 0                                                                                                  
                                         }                                                                                                                           
                                       ]                                                                                                                             
                                     }                                                                                                                               
                                   ]                                                                                                                                 
                                 }                                                                                                                                   
                               ]                                                                                                                                     
                             },                                                                                                                                      
                             {                                                                                                                                       
                               "Node Type": "Sort",                                                                                                                  
                               "Parent Relationship": "Inner",                                                                                                       
                               "Parallel Aware": false,                                                                                                              
                               "Startup Cost": 7851.46,                                                                                                              
                               "Total Cost": 7999.00,                                                                                                                
                               "Plan Rows": 1900368,                                                                                                                 
                               "Plan Width": 21,                                                                                                                     
                               "Actual Startup Time": 2170.779,                                                                                                      
                               "Actual Total Time": 2188.355,                                                                                                        
                               "Actual Rows": 128419,                                                                                                                
                               "Actual Loops": 1,                                                                                                                    
                               "Sort Key": ["t.id"],                                                                                                                 
                               "Sort Method": "quicksort",                                                                                                           
                               "Sort Space Used": 181511,                                                                                                            
                               "Sort Space Type": "Memory",                                                                                                          
                               "Shared Hit Blocks": 1,                                                                                                               
                               "Shared Read Blocks": 35997,                                                                                                          
                               "Shared Dirtied Blocks": 0,                                                                                                           
                               "Shared Written Blocks": 0,                                                                                                           
                               "Local Hit Blocks": 0,                                                                                                                
                               "Local Read Blocks": 0,                                                                                                               
                               "Local Dirtied Blocks": 0,                                                                                                            
                               "Local Written Blocks": 0,                                                                                                            
                               "Temp Read Blocks": 0,                                                                                                                
                               "Temp Written Blocks": 0,                                                                                                             
                               "Plans": [                                                                                                                            
                                 {                                                                                                                                   
                                   "Node Type": "Seq Scan",                                                                                                          
                                   "Parent Relationship": "Outer",                                                                                                   
                                   "Parallel Aware": false,                                                                                                          
                                   "Relation Name": "title",                                                                                                         
                                   "Alias": "t",                                                                                                                     
                                   "Startup Cost": 0.00,                                                                                                             
                                   "Total Cost": 1696.56,                                                                                                            
                                   "Plan Rows": 1900368,                                                                                                             
                                   "Plan Width": 21,                                                                                                                 
                                   "Actual Startup Time": 8.936,                                                                                                     
                                   "Actual Total Time": 1168.266,                                                                                                    
                                   "Actual Rows": 1900368,                                                                                                           
                                   "Actual Loops": 1,                                                                                                                
                                   "Filter": "((production_year >= 1950) AND (production_year <= 2010))",                                                            
                                   "Rows Removed by Filter": 627944,                                                                                                 
                                   "Shared Hit Blocks": 1,                                                                                                           
                                   "Shared Read Blocks": 35997,                                                                                                      
                                   "Shared Dirtied Blocks": 0,                                                                                                       
                                   "Shared Written Blocks": 0,                                                                                                       
                                   "Local Hit Blocks": 0,                                                                                                            
                                   "Local Read Blocks": 0,                                                                                                           
                                   "Local Dirtied Blocks": 0,                                                                                                        
                                   "Local Written Blocks": 0,                                                                                                        
                                   "Temp Read Blocks": 0,                                                                                                            
                                   "Temp Written Blocks": 0                                                                                                          
                                 }                                                                                                                                   
                               ]                                                                                                                                     
                             }                                                                                                                                       
                           ]                                                                                                                                         
                         },                                                                                                                                          
                         {                                                                                                                                           
                           "Node Type": "Sort",                                                                                                                      
                           "Parent Relationship": "Inner",                                                                                                           
                           "Parallel Aware": false,                                                                                                                  
                           "Startup Cost": 14173.08,                                                                                                                 
                           "Total Cost": 14245.82,                                                                                                                   
                           "Plan Rows": 936891,                                                                                                                      
                           "Plan Width": 4,                                                                                                                          
                           "Actual Startup Time": 9637.391,                                                                                                          
                           "Actual Total Time": 9639.046,                                                                                                            
                           "Actual Rows": 32451,                                                                                                                     
                           "Actual Loops": 1,                                                                                                                        
                           "Sort Key": ["mi.movie_id"],                                                                                                              
                           "Sort Method": "quicksort",                                                                                                               
                           "Sort Space Used": 68462,                                                                                                                 
                           "Sort Space Type": "Memory",                                                                                                              
                           "Shared Hit Blocks": 2,                                                                                                                   
                           "Shared Read Blocks": 161890,                                                                                                             
                           "Shared Dirtied Blocks": 0,                                                                                                               
                           "Shared Written Blocks": 0,                                                                                                               
                           "Local Hit Blocks": 0,                                                                                                                    
                           "Local Read Blocks": 0,                                                                                                                   
                           "Local Dirtied Blocks": 0,                                                                                                                
                           "Local Written Blocks": 0,                                                                                                                
                           "Temp Read Blocks": 0,                                                                                                                    
                           "Temp Written Blocks": 0,                                                                                                                 
                           "Plans": [                                                                                                                                
                             {                                                                                                                                       
                               "Node Type": "Seq Scan",                                                                                                              
                               "Parent Relationship": "Outer",                                                                                                       
                               "Parallel Aware": false,                                                                                                              
                               "Relation Name": "movie_info",                                                                                                        
                               "Alias": "mi",                                                                                                                        
                               "Startup Cost": 0.00,                                                                                                                 
                               "Total Cost": 11287.12,                                                                                                               
                               "Plan Rows": 936891,                                                                                                                  
                               "Plan Width": 4,                                                                                                                      
                               "Actual Startup Time": 7.656,                                                                                                         
                               "Actual Total Time": 9315.611,                                                                                                        
                               "Actual Rows": 936223,                                                                                                                
                               "Actual Loops": 1,                                                                                                                    
                               "Filter": "(info = ANY ('{Sweden,Norway,Germany,Denmark,Swedish,Denish,Norwegian,German,English}'::text[]))",                         
                               "Rows Removed by Filter": 13899497,                                                                                                   
                               "Shared Hit Blocks": 2,                                                                                                               
                               "Shared Read Blocks": 161890,                                                                                                         
                               "Shared Dirtied Blocks": 0,                                                                                                           
                               "Shared Written Blocks": 0,                                                                                                           
                               "Local Hit Blocks": 0,                                                                                                                
                               "Local Read Blocks": 0,                                                                                                               
                               "Local Dirtied Blocks": 0,                                                                                                            
                               "Local Written Blocks": 0,                                                                                                            
                               "Temp Read Blocks": 0,                                                                                                                
                               "Temp Written Blocks": 0                                                                                                              
                             }                                                                                                                                       
                           ]                                                                                                                                         
                         }                                                                                                                                           
                       ]                                                                                                                                             
                     },                                                                                                                                              
                     {                                                                                                                                               
                       "Node Type": "Sort",                                                                                                                          
                       "Parent Relationship": "Inner",                                                                                                               
                       "Parallel Aware": false,                                                                                                                      
                       "Startup Cost": 16610.92,                                                                                                                     
                       "Total Cost": 16962.16,                                                                                                                       
                       "Plan Rows": 4523930,                                                                                                                         
                       "Plan Width": 8,                                                                                                                              
                       "Actual Startup Time": 2313.684,                                                                                                              
                       "Actual Total Time": 2319.428,                                                                                                                
                       "Actual Rows": 114638,                                                                                                                        
                       "Actual Loops": 1,                                                                                                                            
                       "Sort Key": ["mk.movie_id"],                                                                                                                  
                       "Sort Method": "quicksort",                                                                                                                   
                       "Sort Space Used": 408668,                                                                                                                    
                       "Sort Space Type": "Memory",                                                                                                                  
                       "Shared Hit Blocks": 3,                                                                                                                       
                       "Shared Read Blocks": 24451,                                                                                                                  
                       "Shared Dirtied Blocks": 0,                                                                                                                   
                       "Shared Written Blocks": 0,                                                                                                                   
                       "Local Hit Blocks": 0,                                                                                                                        
                       "Local Read Blocks": 0,                                                                                                                       
                       "Local Dirtied Blocks": 0,                                                                                                                    
                       "Local Written Blocks": 0,                                                                                                                    
                       "Temp Read Blocks": 0,                                                                                                                        
                       "Temp Written Blocks": 0,                                                                                                                     
                       "Plans": [                                                                                                                                    
                         {                                                                                                                                           
                           "Node Type": "Seq Scan",                                                                                                                  
                           "Parent Relationship": "Outer",                                                                                                           
                           "Parallel Aware": false,                                                                                                                  
                           "Relation Name": "movie_keyword",                                                                                                         
                           "Alias": "mk",                                                                                                                            
                           "Startup Cost": 0.00,                                                                                                                     
                           "Total Cost": 1079.84,                                                                                                                    
                           "Plan Rows": 4523930,                                                                                                                     
                           "Plan Width": 8,                                                                                                                          
                           "Actual Startup Time": 0.015,                                                                                                             
                           "Actual Total Time": 905.560,                                                                                                             
                           "Actual Rows": 4523930,                                                                                                                   
                           "Actual Loops": 1,                                                                                                                        
                           "Shared Hit Blocks": 3,                                                                                                                   
                           "Shared Read Blocks": 24451,                                                                                                              
                           "Shared Dirtied Blocks": 0,                                                                                                               
                           "Shared Written Blocks": 0,                                                                                                               
                           "Local Hit Blocks": 0,                                                                                                                    
                           "Local Read Blocks": 0,                                                                                                                   
                           "Local Dirtied Blocks": 0,                                                                                                                
                           "Local Written Blocks": 0,                                                                                                                
                           "Temp Read Blocks": 0,                                                                                                                    
                           "Temp Written Blocks": 0                                                                                                                  
                         }                                                                                                                                           
                       ]                                                                                                                                             
                     }                                                                                                                                               
                   ]                                                                                                                                                 
                 }                                                                                                                                                   
               ]                                                                                                                                                     
             },                                                                                                                                                      
             {                                                                                                                                                       
               "Node Type": "Sort",                                                                                                                                  
               "Parent Relationship": "Inner",                                                                                                                       
               "Parallel Aware": false,                                                                                                                              
               "Startup Cost": 49.46,                                                                                                                                
               "Total Cost": 49.46,                                                                                                                                  
               "Plan Rows": 1,                                                                                                                                       
               "Plan Width": 4,                                                                                                                                      
               "Actual Startup Time": 84.484,                                                                                                                        
               "Actual Total Time": 84.484,                                                                                                                          
               "Actual Rows": 1,                                                                                                                                     
               "Actual Loops": 1,                                                                                                                                    
               "Sort Key": ["k.id"],                                                                                                                                 
               "Sort Method": "quicksort",                                                                                                                           
               "Sort Space Used": 25,                                                                                                                                
               "Sort Space Type": "Memory",                                                                                                                          
               "Shared Hit Blocks": 2,                                                                                                                               
               "Shared Read Blocks": 947,                                                                                                                            
               "Shared Dirtied Blocks": 0,                                                                                                                           
               "Shared Written Blocks": 0,                                                                                                                           
               "Local Hit Blocks": 0,                                                                                                                                
               "Local Read Blocks": 0,                                                                                                                               
               "Local Dirtied Blocks": 0,                                                                                                                            
               "Local Written Blocks": 0,                                                                                                                            
               "Temp Read Blocks": 0,                                                                                                                                
               "Temp Written Blocks": 0,                                                                                                                             
               "Plans": [                                                                                                                                            
                 {                                                                                                                                                   
                   "Node Type": "Seq Scan",                                                                                                                          
                   "Parent Relationship": "Outer",                                                                                                                   
                   "Parallel Aware": false,                                                                                                                          
                   "Relation Name": "keyword",                                                                                                                       
                   "Alias": "k",                                                                                                                                     
                   "Startup Cost": 0.00,                                                                                                                             
                   "Total Cost": 49.46,                                                                                                                              
                   "Plan Rows": 1,                                                                                                                                   
                   "Plan Width": 4,                                                                                                                                  
                   "Actual Startup Time": 24.429,                                                                                                                    
                   "Actual Total Time": 84.473,                                                                                                                      
                   "Actual Rows": 1,                                                                                                                                 
                   "Actual Loops": 1,                                                                                                                                
                   "Filter": "(keyword = 'sequel'::text)",                                                                                                           
                   "Rows Removed by Filter": 134169,                                                                                                                 
                   "Shared Hit Blocks": 2,                                                                                                                           
                   "Shared Read Blocks": 947,                                                                                                                        
                   "Shared Dirtied Blocks": 0,                                                                                                                       
                   "Shared Written Blocks": 0,                                                                                                                       
                   "Local Hit Blocks": 0,                                                                                                                            
                   "Local Read Blocks": 0,                                                                                                                           
                   "Local Dirtied Blocks": 0,                                                                                                                        
                   "Local Written Blocks": 0,                                                                                                                        
                   "Temp Read Blocks": 0,                                                                                                                            
                   "Temp Written Blocks": 0                                                                                                                          
                 }                                                                                                                                                   
               ]                                                                                                                                                     
             }                                                                                                                                                       
           ]                                                                                                                                                         
         }                                                                                                                                                           
       ]                                                                                                                                                             
     },                                                                                                                                                              
     "Planning Time": 5831.463,                                                                                                                                      
     "Triggers": [                                                                                                                                                   
     ],                                                                                                                                                              
     "Execution Time": 15881.271                                                                                                                                     
   }                                                                                                                                                                 
 ]
