 [                                                                                                                                                             
   {                                                                                                                                                           
     "Plan": {                                                                                                                                                 
       "Node Type": "Aggregate",                                                                                                                               
       "Strategy": "Plain",                                                                                                                                    
       "Partial Mode": "Simple",                                                                                                                               
       "Parallel Aware": false,                                                                                                                                
       "Startup Cost": 37862.37,                                                                                                                               
       "Total Cost": 37862.37,                                                                                                                                 
       "Plan Rows": 1,                                                                                                                                         
       "Plan Width": 96,                                                                                                                                       
       "Actual Startup Time": 15568.171,                                                                                                                       
       "Actual Total Time": 15568.171,                                                                                                                         
       "Actual Rows": 1,                                                                                                                                       
       "Actual Loops": 1,                                                                                                                                      
       "Shared Hit Blocks": 23,                                                                                                                                
       "Shared Read Blocks": 253514,                                                                                                                           
       "Shared Dirtied Blocks": 0,                                                                                                                             
       "Shared Written Blocks": 0,                                                                                                                             
       "Local Hit Blocks": 0,                                                                                                                                  
       "Local Read Blocks": 0,                                                                                                                                 
       "Local Dirtied Blocks": 0,                                                                                                                              
       "Local Written Blocks": 0,                                                                                                                              
       "Temp Read Blocks": 0,                                                                                                                                  
       "Temp Written Blocks": 0,                                                                                                                               
       "Plans": [                                                                                                                                              
         {                                                                                                                                                     
           "Node Type": "Merge Join",                                                                                                                          
           "Parent Relationship": "Outer",                                                                                                                     
           "Parallel Aware": false,                                                                                                                            
           "Join Type": "Inner",                                                                                                                               
           "Startup Cost": 37842.76,                                                                                                                           
           "Total Cost": 37862.37,                                                                                                                             
           "Plan Rows": 1,                                                                                                                                     
           "Plan Width": 42,                                                                                                                                   
           "Actual Startup Time": 15556.486,                                                                                                                   
           "Actual Total Time": 15567.304,                                                                                                                     
           "Actual Rows": 2851,                                                                                                                                
           "Actual Loops": 1,                                                                                                                                  
           "Inner Unique": true,                                                                                                                               
           "Merge Cond": "(mc.company_id = cn.id)",                                                                                                            
           "Shared Hit Blocks": 23,                                                                                                                            
           "Shared Read Blocks": 253514,                                                                                                                       
           "Shared Dirtied Blocks": 0,                                                                                                                         
           "Shared Written Blocks": 0,                                                                                                                         
           "Local Hit Blocks": 0,                                                                                                                              
           "Local Read Blocks": 0,                                                                                                                             
           "Local Dirtied Blocks": 0,                                                                                                                          
           "Local Written Blocks": 0,                                                                                                                          
           "Temp Read Blocks": 0,                                                                                                                              
           "Temp Written Blocks": 0,                                                                                                                           
           "Plans": [                                                                                                                                          
             {                                                                                                                                                 
               "Node Type": "Sort",                                                                                                                            
               "Parent Relationship": "Outer",                                                                                                                 
               "Parallel Aware": false,                                                                                                                        
               "Startup Cost": 37382.21,                                                                                                                       
               "Total Cost": 37382.21,                                                                                                                         
               "Plan Rows": 1,                                                                                                                                 
               "Plan Width": 27,                                                                                                                               
               "Actual Startup Time": 15369.783,                                                                                                               
               "Actual Total Time": 15370.185,                                                                                                                 
               "Actual Rows": 3223,                                                                                                                            
               "Actual Loops": 1,                                                                                                                              
               "Sort Key": ["mc.company_id"],                                                                                                                  
               "Sort Method": "quicksort",                                                                                                                     
               "Sort Space Used": 335,                                                                                                                         
               "Sort Space Type": "Memory",                                                                                                                    
               "Shared Hit Blocks": 21,                                                                                                                        
               "Shared Read Blocks": 250522,                                                                                                                   
               "Shared Dirtied Blocks": 0,                                                                                                                     
               "Shared Written Blocks": 0,                                                                                                                     
               "Local Hit Blocks": 0,                                                                                                                          
               "Local Read Blocks": 0,                                                                                                                         
               "Local Dirtied Blocks": 0,                                                                                                                      
               "Local Written Blocks": 0,                                                                                                                      
               "Temp Read Blocks": 0,                                                                                                                          
               "Temp Written Blocks": 0,                                                                                                                       
               "Plans": [                                                                                                                                      
                 {                                                                                                                                             
                   "Node Type": "Merge Join",                                                                                                                  
                   "Parent Relationship": "Outer",                                                                                                             
                   "Parallel Aware": false,                                                                                                                    
                   "Join Type": "Inner",                                                                                                                       
                   "Startup Cost": 37382.21,                                                                                                                   
                   "Total Cost": 37382.21,                                                                                                                     
                   "Plan Rows": 1,                                                                                                                             
                   "Plan Width": 27,                                                                                                                           
                   "Actual Startup Time": 15358.819,                                                                                                           
                   "Actual Total Time": 15359.706,                                                                                                             
                   "Actual Rows": 3223,                                                                                                                        
                   "Actual Loops": 1,                                                                                                                          
                   "Inner Unique": true,                                                                                                                       
                   "Merge Cond": "(mc.company_type_id = ct.id)",                                                                                               
                   "Shared Hit Blocks": 17,                                                                                                                    
                   "Shared Read Blocks": 250522,                                                                                                               
                   "Shared Dirtied Blocks": 0,                                                                                                                 
                   "Shared Written Blocks": 0,                                                                                                                 
                   "Local Hit Blocks": 0,                                                                                                                      
                   "Local Read Blocks": 0,                                                                                                                     
                   "Local Dirtied Blocks": 0,                                                                                                                  
                   "Local Written Blocks": 0,                                                                                                                  
                   "Temp Read Blocks": 0,                                                                                                                      
                   "Temp Written Blocks": 0,                                                                                                                   
                   "Plans": [                                                                                                                                  
                     {                                                                                                                                         
                       "Node Type": "Sort",                                                                                                                    
                       "Parent Relationship": "Outer",                                                                                                         
                       "Parallel Aware": false,                                                                                                                
                       "Startup Cost": 37382.17,                                                                                                               
                       "Total Cost": 37382.17,                                                                                                                 
                       "Plan Rows": 1,                                                                                                                         
                       "Plan Width": 31,                                                                                                                       
                       "Actual Startup Time": 15358.808,                                                                                                       
                       "Actual Total Time": 15358.968,                                                                                                         
                       "Actual Rows": 3223,                                                                                                                    
                       "Actual Loops": 1,                                                                                                                      
                       "Sort Key": ["mc.company_type_id"],                                                                                                     
                       "Sort Method": "quicksort",                                                                                                             
                       "Sort Space Used": 355,                                                                                                                 
                       "Sort Space Type": "Memory",                                                                                                            
                       "Shared Hit Blocks": 16,                                                                                                                
                       "Shared Read Blocks": 250522,                                                                                                           
                       "Shared Dirtied Blocks": 0,                                                                                                             
                       "Shared Written Blocks": 0,                                                                                                             
                       "Local Hit Blocks": 0,                                                                                                                  
                       "Local Read Blocks": 0,                                                                                                                 
                       "Local Dirtied Blocks": 0,                                                                                                              
                       "Local Written Blocks": 0,                                                                                                              
                       "Temp Read Blocks": 0,                                                                                                                  
                       "Temp Written Blocks": 0,                                                                                                               
                       "Plans": [                                                                                                                              
                         {                                                                                                                                     
                           "Node Type": "Merge Join",                                                                                                          
                           "Parent Relationship": "Outer",                                                                                                     
                           "Parallel Aware": false,                                                                                                            
                           "Join Type": "Inner",                                                                                                               
                           "Startup Cost": 37382.17,                                                                                                           
                           "Total Cost": 37382.17,                                                                                                             
                           "Plan Rows": 1,                                                                                                                     
                           "Plan Width": 31,                                                                                                                   
                           "Actual Startup Time": 15357.160,                                                                                                   
                           "Actual Total Time": 15358.064,                                                                                                     
                           "Actual Rows": 3223,                                                                                                                
                           "Actual Loops": 1,                                                                                                                  
                           "Inner Unique": true,                                                                                                               
                           "Merge Cond": "(t.kind_id = kt.id)",                                                                                                
                           "Shared Hit Blocks": 16,                                                                                                            
                           "Shared Read Blocks": 250522,                                                                                                       
                           "Shared Dirtied Blocks": 0,                                                                                                         
                           "Shared Written Blocks": 0,                                                                                                         
                           "Local Hit Blocks": 0,                                                                                                              
                           "Local Read Blocks": 0,                                                                                                             
                           "Local Dirtied Blocks": 0,                                                                                                          
                           "Local Written Blocks": 0,                                                                                                          
                           "Temp Read Blocks": 0,                                                                                                              
                           "Temp Written Blocks": 0,                                                                                                           
                           "Plans": [                                                                                                                          
                             {                                                                                                                                 
                               "Node Type": "Sort",                                                                                                            
                               "Parent Relationship": "Outer",                                                                                                 
                               "Parallel Aware": false,                                                                                                        
                               "Startup Cost": 37382.14,                                                                                                       
                               "Total Cost": 37382.14,                                                                                                         
                               "Plan Rows": 1,                                                                                                                 
                               "Plan Width": 35,                                                                                                               
                               "Actual Startup Time": 15357.146,                                                                                               
                               "Actual Total Time": 15357.308,                                                                                                 
                               "Actual Rows": 3451,                                                                                                            
                               "Actual Loops": 1,                                                                                                              
                               "Sort Key": ["t.kind_id"],                                                                                                      
                               "Sort Method": "quicksort",                                                                                                     
                               "Sort Space Used": 374,                                                                                                         
                               "Sort Space Type": "Memory",                                                                                                    
                               "Shared Hit Blocks": 15,                                                                                                        
                               "Shared Read Blocks": 250522,                                                                                                   
                               "Shared Dirtied Blocks": 0,                                                                                                     
                               "Shared Written Blocks": 0,                                                                                                     
                               "Local Hit Blocks": 0,                                                                                                          
                               "Local Read Blocks": 0,                                                                                                         
                               "Local Dirtied Blocks": 0,                                                                                                      
                               "Local Written Blocks": 0,                                                                                                      
                               "Temp Read Blocks": 0,                                                                                                          
                               "Temp Written Blocks": 0,                                                                                                       
                               "Plans": [                                                                                                                      
                                 {                                                                                                                             
                                   "Node Type": "Merge Join",                                                                                                  
                                   "Parent Relationship": "Outer",                                                                                             
                                   "Parallel Aware": false,                                                                                                    
                                   "Join Type": "Inner",                                                                                                       
                                   "Startup Cost": 37382.14,                                                                                                   
                                   "Total Cost": 37382.14,                                                                                                     
                                   "Plan Rows": 1,                                                                                                             
                                   "Plan Width": 35,                                                                                                           
                                   "Actual Startup Time": 15355.167,                                                                                           
                                   "Actual Total Time": 15356.171,                                                                                             
                                   "Actual Rows": 3451,                                                                                                        
                                   "Actual Loops": 1,                                                                                                          
                                   "Inner Unique": true,                                                                                                       
                                   "Merge Cond": "(mi.info_type_id = it1.id)",                                                                                 
                                   "Shared Hit Blocks": 15,                                                                                                    
                                   "Shared Read Blocks": 250522,                                                                                               
                                   "Shared Dirtied Blocks": 0,                                                                                                 
                                   "Shared Written Blocks": 0,                                                                                                 
                                   "Local Hit Blocks": 0,                                                                                                      
                                   "Local Read Blocks": 0,                                                                                                     
                                   "Local Dirtied Blocks": 0,                                                                                                  
                                   "Local Written Blocks": 0,                                                                                                  
                                   "Temp Read Blocks": 0,                                                                                                      
                                   "Temp Written Blocks": 0,                                                                                                   
                                   "Plans": [                                                                                                                  
                                     {                                                                                                                         
                                       "Node Type": "Sort",                                                                                                    
                                       "Parent Relationship": "Outer",                                                                                         
                                       "Parallel Aware": false,                                                                                                
                                       "Startup Cost": 37382.09,                                                                                               
                                       "Total Cost": 37382.09,                                                                                                 
                                       "Plan Rows": 1,                                                                                                         
                                       "Plan Width": 39,                                                                                                       
                                       "Actual Startup Time": 15355.110,                                                                                       
                                       "Actual Total Time": 15355.280,                                                                                         
                                       "Actual Rows": 3635,                                                                                                    
                                       "Actual Loops": 1,                                                                                                      
                                       "Sort Key": ["mi.info_type_id"],                                                                                        
                                       "Sort Method": "quicksort",                                                                                             
                                       "Sort Space Used": 394,                                                                                                 
                                       "Sort Space Type": "Memory",                                                                                            
                                       "Shared Hit Blocks": 14,                                                                                                
                                       "Shared Read Blocks": 250522,                                                                                           
                                       "Shared Dirtied Blocks": 0,                                                                                             
                                       "Shared Written Blocks": 0,                                                                                             
                                       "Local Hit Blocks": 0,                                                                                                  
                                       "Local Read Blocks": 0,                                                                                                 
                                       "Local Dirtied Blocks": 0,                                                                                              
                                       "Local Written Blocks": 0,                                                                                              
                                       "Temp Read Blocks": 0,                                                                                                  
                                       "Temp Written Blocks": 0,                                                                                               
                                       "Plans": [                                                                                                              
                                         {                                                                                                                     
                                           "Node Type": "Merge Join",                                                                                          
                                           "Parent Relationship": "Outer",                                                                                     
                                           "Parallel Aware": false,                                                                                            
                                           "Join Type": "Inner",                                                                                               
                                           "Startup Cost": 37382.09,                                                                                           
                                           "Total Cost": 37382.09,                                                                                             
                                           "Plan Rows": 1,                                                                                                     
                                           "Plan Width": 39,                                                                                                   
                                           "Actual Startup Time": 15353.004,                                                                                   
                                           "Actual Total Time": 15354.136,                                                                                     
                                           "Actual Rows": 3655,                                                                                                
                                           "Actual Loops": 1,                                                                                                  
                                           "Inner Unique": true,                                                                                               
                                           "Merge Cond": "(mi_idx.info_type_id = it2.id)",                                                                     
                                           "Shared Hit Blocks": 14,                                                                                            
                                           "Shared Read Blocks": 250522,                                                                                       
                                           "Shared Dirtied Blocks": 0,                                                                                         
                                           "Shared Written Blocks": 0,                                                                                         
                                           "Local Hit Blocks": 0,                                                                                              
                                           "Local Read Blocks": 0,                                                                                             
                                           "Local Dirtied Blocks": 0,                                                                                          
                                           "Local Written Blocks": 0,                                                                                          
                                           "Temp Read Blocks": 0,                                                                                              
                                           "Temp Written Blocks": 0,                                                                                           
                                           "Plans": [                                                                                                          
                                             {                                                                                                                 
                                               "Node Type": "Sort",                                                                                            
                                               "Parent Relationship": "Outer",                                                                                 
                                               "Parallel Aware": false,                                                                                        
                                               "Startup Cost": 37382.04,                                                                                       
                                               "Total Cost": 37382.04,                                                                                         
                                               "Plan Rows": 14,                                                                                                
                                               "Plan Width": 43,                                                                                               
                                               "Actual Startup Time": 15351.205,                                                                               
                                               "Actual Total Time": 15351.973,                                                                                 
                                               "Actual Rows": 13207,                                                                                           
                                               "Actual Loops": 1,                                                                                              
                                               "Sort Key": ["mi_idx.info_type_id"],                                                                            
                                               "Sort Method": "quicksort",                                                                                     
                                               "Sort Space Used": 1689,                                                                                        
                                               "Sort Space Type": "Memory",                                                                                    
                                               "Shared Hit Blocks": 13,                                                                                        
                                               "Shared Read Blocks": 250522,                                                                                   
                                               "Shared Dirtied Blocks": 0,                                                                                     
                                               "Shared Written Blocks": 0,                                                                                     
                                               "Local Hit Blocks": 0,                                                                                          
                                               "Local Read Blocks": 0,                                                                                         
                                               "Local Dirtied Blocks": 0,                                                                                      
                                               "Local Written Blocks": 0,                                                                                      
                                               "Temp Read Blocks": 0,                                                                                          
                                               "Temp Written Blocks": 0,                                                                                       
                                               "Plans": [                                                                                                      
                                                 {                                                                                                             
                                                   "Node Type": "Merge Join",                                                                                  
                                                   "Parent Relationship": "Outer",                                                                             
                                                   "Parallel Aware": false,                                                                                    
                                                   "Join Type": "Inner",                                                                                       
                                                   "Startup Cost": 36971.22,                                                                                   
                                                   "Total Cost": 37382.03,                                                                                     
                                                   "Plan Rows": 14,                                                                                            
                                                   "Plan Width": 43,                                                                                           
                                                   "Actual Startup Time": 14862.366,                                                                           
                                                   "Actual Total Time": 15346.707,                                                                             
                                                   "Actual Rows": 13551,                                                                                       
                                                   "Actual Loops": 1,                                                                                          
                                                   "Inner Unique": false,                                                                                      
                                                   "Merge Cond": "(t.id = mi_idx.movie_id)",                                                                   
                                                   "Shared Hit Blocks": 13,                                                                                    
                                                   "Shared Read Blocks": 250522,                                                                               
                                                   "Shared Dirtied Blocks": 0,                                                                                 
                                                   "Shared Written Blocks": 0,                                                                                 
                                                   "Local Hit Blocks": 0,                                                                                      
                                                   "Local Read Blocks": 0,                                                                                     
                                                   "Local Dirtied Blocks": 0,                                                                                  
                                                   "Local Written Blocks": 0,                                                                                  
                                                   "Temp Read Blocks": 0,                                                                                      
                                                   "Temp Written Blocks": 0,                                                                                   
                                                   "Plans": [                                                                                                  
                                                     {                                                                                                         
                                                       "Node Type": "Merge Join",                                                                              
                                                       "Parent Relationship": "Outer",                                                                         
                                                       "Parallel Aware": false,                                                                                
                                                       "Join Type": "Inner",                                                                                   
                                                       "Startup Cost": 32831.72,                                                                               
                                                       "Total Cost": 33060.41,                                                                                 
                                                       "Plan Rows": 19,                                                                                        
                                                       "Plan Width": 49,                                                                                       
                                                       "Actual Startup Time": 14018.518,                                                                       
                                                       "Actual Total Time": 14351.632,                                                                         
                                                       "Actual Rows": 5117,                                                                                    
                                                       "Actual Loops": 1,                                                                                      
                                                       "Inner Unique": false,                                                                                  
                                                       "Merge Cond": "(t.id = mi.movie_id)",                                                                   
                                                       "Shared Hit Blocks": 11,                                                                                
                                                       "Shared Read Blocks": 242071,                                                                           
                                                       "Shared Dirtied Blocks": 0,                                                                             
                                                       "Shared Written Blocks": 0,                                                                             
                                                       "Local Hit Blocks": 0,                                                                                  
                                                       "Local Read Blocks": 0,                                                                                 
                                                       "Local Dirtied Blocks": 0,                                                                              
                                                       "Local Written Blocks": 0,                                                                              
                                                       "Temp Read Blocks": 0,                                                                                  
                                                       "Temp Written Blocks": 0,                                                                               
                                                       "Plans": [                                                                                              
                                                         {                                                                                                     
                                                           "Node Type": "Merge Join",                                                                          
                                                           "Parent Relationship": "Outer",                                                                     
                                                           "Parallel Aware": false,                                                                            
                                                           "Join Type": "Inner",                                                                               
                                                           "Startup Cost": 22417.52,                                                                           
                                                           "Total Cost": 22542.50,                                                                             
                                                           "Plan Rows": 11,                                                                                    
                                                           "Plan Width": 41,                                                                                   
                                                           "Actual Startup Time": 5526.008,                                                                    
                                                           "Actual Total Time": 5761.011,                                                                      
                                                           "Actual Rows": 5186,                                                                                
                                                           "Actual Loops": 1,                                                                                  
                                                           "Inner Unique": false,                                                                              
                                                           "Merge Cond": "(t.id = mc.movie_id)",                                                               
                                                           "Shared Hit Blocks": 9,                                                                             
                                                           "Shared Read Blocks": 80181,                                                                        
                                                           "Shared Dirtied Blocks": 0,                                                                         
                                                           "Shared Written Blocks": 0,                                                                         
                                                           "Local Hit Blocks": 0,                                                                              
                                                           "Local Read Blocks": 0,                                                                             
                                                           "Local Dirtied Blocks": 0,                                                                          
                                                           "Local Written Blocks": 0,                                                                          
                                                           "Temp Read Blocks": 0,                                                                              
                                                           "Temp Written Blocks": 0,                                                                           
                                                           "Plans": [                                                                                          
                                                             {                                                                                                 
                                                               "Node Type": "Merge Join",                                                                      
                                                               "Parent Relationship": "Outer",                                                                 
                                                               "Parallel Aware": false,                                                                        
                                                               "Join Type": "Inner",                                                                           
                                                               "Startup Cost": 20861.60,                                                                       
                                                               "Total Cost": 20964.33,                                                                         
                                                               "Plan Rows": 35,                                                                                
                                                               "Plan Width": 29,                                                                               
                                                               "Actual Startup Time": 4440.283,                                                                
                                                               "Actual Total Time": 4628.748,                                                                  
                                                               "Actual Rows": 5606,                                                                            
                                                               "Actual Loops": 1,                                                                              
                                                               "Inner Unique": true,                                                                           
                                                               "Merge Cond": "(mk.movie_id = t.id)",                                                           
                                                               "Shared Hit Blocks": 6,                                                                         
                                                               "Shared Read Blocks": 61395,                                                                    
                                                               "Shared Dirtied Blocks": 0,                                                                     
                                                               "Shared Written Blocks": 0,                                                                     
                                                               "Local Hit Blocks": 0,                                                                          
                                                               "Local Read Blocks": 0,                                                                         
                                                               "Local Dirtied Blocks": 0,                                                                      
                                                               "Local Written Blocks": 0,                                                                      
                                                               "Temp Read Blocks": 0,                                                                          
                                                               "Temp Written Blocks": 0,                                                                       
                                                               "Plans": [                                                                                      
                                                                 {                                                                                             
                                                                   "Node Type": "Sort",                                                                        
                                                                   "Parent Relationship": "Outer",                                                             
                                                                   "Parallel Aware": false,                                                                    
                                                                   "Startup Cost": 17373.43,                                                                   
                                                                   "Total Cost": 17373.44,                                                                     
                                                                   "Plan Rows": 135,                                                                           
                                                                   "Plan Width": 4,                                                                            
                                                                   "Actual Startup Time": 2573.046,                                                            
                                                                   "Actual Total Time": 2578.120,                                                              
                                                                   "Actual Rows": 37091,                                                                       
                                                                   "Actual Loops": 1,                                                                          
                                                                   "Sort Key": ["mk.movie_id"],                                                                
                                                                   "Sort Method": "quicksort",                                                                 
                                                                   "Sort Space Used": 3275,                                                                    
                                                                   "Sort Space Type": "Memory",                                                                
                                                                   "Shared Hit Blocks": 5,                                                                     
                                                                   "Shared Read Blocks": 25398,                                                                
                                                                   "Shared Dirtied Blocks": 0,                                                                 
                                                                   "Shared Written Blocks": 0,                                                                 
                                                                   "Local Hit Blocks": 0,                                                                      
                                                                   "Local Read Blocks": 0,                                                                     
                                                                   "Local Dirtied Blocks": 0,                                                                  
                                                                   "Local Written Blocks": 0,                                                                  
                                                                   "Temp Read Blocks": 0,                                                                      
                                                                   "Temp Written Blocks": 0,                                                                   
                                                                   "Plans": [                                                                                  
                                                                     {                                                                                         
                                                                       "Node Type": "Merge Join",                                                              
                                                                       "Parent Relationship": "Outer",                                                         
                                                                       "Parallel Aware": false,                                                                
                                                                       "Join Type": "Inner",                                                                   
                                                                       "Startup Cost": 16670.80,                                                               
                                                                       "Total Cost": 17373.28,                                                                 
                                                                       "Plan Rows": 135,                                                                       
                                                                       "Plan Width": 4,                                                                        
                                                                       "Actual Startup Time": 2353.652,                                                        
                                                                       "Actual Total Time": 2560.744,                                                          
                                                                       "Actual Rows": 37091,                                                                   
                                                                       "Actual Loops": 1,                                                                      
                                                                       "Inner Unique": false,                                                                  
                                                                       "Merge Cond": "(k.id = mk.keyword_id)",                                                 
                                                                       "Shared Hit Blocks": 5,                                                                 
                                                                       "Shared Read Blocks": 25398,                                                            
                                                                       "Shared Dirtied Blocks": 0,                                                             
                                                                       "Shared Written Blocks": 0,                                                             
                                                                       "Local Hit Blocks": 0,                                                                  
                                                                       "Local Read Blocks": 0,                                                                 
                                                                       "Local Dirtied Blocks": 0,                                                              
                                                                       "Local Written Blocks": 0,                                                              
                                                                       "Temp Read Blocks": 0,                                                                  
                                                                       "Temp Written Blocks": 0,                                                               
                                                                       "Plans": [                                                                              
                                                                         {                                                                                     
                                                                           "Node Type": "Sort",                                                                
                                                                           "Parent Relationship": "Outer",                                                     
                                                                           "Parallel Aware": false,                                                            
                                                                           "Startup Cost": 59.88,                                                              
                                                                           "Total Cost": 59.88,                                                                
                                                                           "Plan Rows": 4,                                                                     
                                                                           "Plan Width": 4,                                                                    
                                                                           "Actual Startup Time": 83.435,                                                      
                                                                           "Actual Total Time": 83.437,                                                        
                                                                           "Actual Rows": 3,                                                                   
                                                                           "Actual Loops": 1,                                                                  
                                                                           "Sort Key": ["k.id"],                                                               
                                                                           "Sort Method": "quicksort",                                                         
                                                                           "Sort Space Used": 25,                                                              
                                                                           "Sort Space Type": "Memory",                                                        
                                                                           "Shared Hit Blocks": 2,                                                             
                                                                           "Shared Read Blocks": 947,                                                          
                                                                           "Shared Dirtied Blocks": 0,                                                         
                                                                           "Shared Written Blocks": 0,                                                         
                                                                           "Local Hit Blocks": 0,                                                              
                                                                           "Local Read Blocks": 0,                                                             
                                                                           "Local Dirtied Blocks": 0,                                                          
                                                                           "Local Written Blocks": 0,                                                          
                                                                           "Temp Read Blocks": 0,                                                              
                                                                           "Temp Written Blocks": 0,                                                           
                                                                           "Plans": [                                                                          
                                                                             {                                                                                 
                                                                               "Node Type": "Seq Scan",                                                        
                                                                               "Parent Relationship": "Outer",                                                 
                                                                               "Parallel Aware": false,                                                        
                                                                               "Relation Name": "keyword",                                                     
                                                                               "Alias": "k",                                                                   
                                                                               "Startup Cost": 0.00,                                                           
                                                                               "Total Cost": 59.88,                                                            
                                                                               "Plan Rows": 4,                                                                 
                                                                               "Plan Width": 4,                                                                
                                                                               "Actual Startup Time": 23.614,                                                  
                                                                               "Actual Total Time": 83.412,                                                    
                                                                               "Actual Rows": 3,                                                               
                                                                               "Actual Loops": 1,                                                              
                                                                               "Filter": "(keyword = ANY ('{murder,murder-in-title,blood,violence}'::text[]))",
                                                                               "Rows Removed by Filter": 134167,                                               
                                                                               "Shared Hit Blocks": 2,                                                         
                                                                               "Shared Read Blocks": 947,                                                      
                                                                               "Shared Dirtied Blocks": 0,                                                     
                                                                               "Shared Written Blocks": 0,                                                     
                                                                               "Local Hit Blocks": 0,                                                          
                                                                               "Local Read Blocks": 0,                                                         
                                                                               "Local Dirtied Blocks": 0,                                                      
                                                                               "Local Written Blocks": 0,                                                      
                                                                               "Temp Read Blocks": 0,                                                          
                                                                               "Temp Written Blocks": 0                                                        
                                                                             }                                                                                 
                                                                           ]                                                                                   
                                                                         },                                                                                    
                                                                         {                                                                                     
                                                                           "Node Type": "Sort",                                                                
                                                                           "Parent Relationship": "Inner",                                                     
                                                                           "Parallel Aware": false,                                                            
                                                                           "Startup Cost": 16610.92,                                                           
                                                                           "Total Cost": 16962.16,                                                             
                                                                           "Plan Rows": 4523930,                                                               
                                                                           "Plan Width": 8,                                                                    
                                                                           "Actual Startup Time": 2219.274,                                                    
                                                                           "Actual Total Time": 2359.491,                                                      
                                                                           "Actual Rows": 943582,                                                              
                                                                           "Actual Loops": 1,                                                                  
                                                                           "Sort Key": ["mk.keyword_id"],                                                      
                                                                           "Sort Method": "quicksort",                                                         
                                                                           "Sort Space Used": 408668,                                                          
                                                                           "Sort Space Type": "Memory",                                                        
                                                                           "Shared Hit Blocks": 3,                                                             
                                                                           "Shared Read Blocks": 24451,                                                        
                                                                           "Shared Dirtied Blocks": 0,                                                         
                                                                           "Shared Written Blocks": 0,                                                         
                                                                           "Local Hit Blocks": 0,                                                              
                                                                           "Local Read Blocks": 0,                                                             
                                                                           "Local Dirtied Blocks": 0,                                                          
                                                                           "Local Written Blocks": 0,                                                          
                                                                           "Temp Read Blocks": 0,                                                              
                                                                           "Temp Written Blocks": 0,                                                           
                                                                           "Plans": [                                                                          
                                                                             {                                                                                 
                                                                               "Node Type": "Seq Scan",                                                        
                                                                               "Parent Relationship": "Outer",                                                 
                                                                               "Parallel Aware": false,                                                        
                                                                               "Relation Name": "movie_keyword",                                               
                                                                               "Alias": "mk",                                                                  
                                                                               "Startup Cost": 0.00,                                                           
                                                                               "Total Cost": 1079.84,                                                          
                                                                               "Plan Rows": 4523930,                                                           
                                                                               "Plan Width": 8,                                                                
                                                                               "Actual Startup Time": 0.006,                                                   
                                                                               "Actual Total Time": 784.097,                                                   
                                                                               "Actual Rows": 4523930,                                                         
                                                                               "Actual Loops": 1,                                                              
                                                                               "Shared Hit Blocks": 3,                                                         
                                                                               "Shared Read Blocks": 24451,                                                    
                                                                               "Shared Dirtied Blocks": 0,                                                     
                                                                               "Shared Written Blocks": 0,                                                     
                                                                               "Local Hit Blocks": 0,                                                          
                                                                               "Local Read Blocks": 0,                                                         
                                                                               "Local Dirtied Blocks": 0,                                                      
                                                                               "Local Written Blocks": 0,                                                      
                                                                               "Temp Read Blocks": 0,                                                          
                                                                               "Temp Written Blocks": 0                                                        
                                                                             }                                                                                 
                                                                           ]                                                                                   
                                                                         }                                                                                     
                                                                       ]                                                                                       
                                                                     }                                                                                         
                                                                   ]                                                                                           
                                                                 },                                                                                            
                                                                 {                                                                                             
                                                                   "Node Type": "Sort",                                                                        
                                                                   "Parent Relationship": "Inner",                                                             
                                                                   "Parallel Aware": false,                                                                    
                                                                   "Startup Cost": 3488.16,                                                                    
                                                                   "Total Cost": 3539.57,                                                                      
                                                                   "Plan Rows": 662066,                                                                        
                                                                   "Plan Width": 25,                                                                           
                                                                   "Actual Startup Time": 1866.232,                                                            
                                                                   "Actual Total Time": 1945.604,                                                              
                                                                   "Actual Rows": 661814,                                                                      
                                                                   "Actual Loops": 1,                                                                          
                                                                   "Sort Key": ["t.id"],                                                                       
                                                                   "Sort Method": "quicksort",                                                                 
                                                                   "Sort Space Used": 74955,                                                                   
                                                                   "Sort Space Type": "Memory",                                                                
                                                                   "Shared Hit Blocks": 1,                                                                     
                                                                   "Shared Read Blocks": 35997,                                                                
                                                                   "Shared Dirtied Blocks": 0,                                                                 
                                                                   "Shared Written Blocks": 0,                                                                 
                                                                   "Local Hit Blocks": 0,                                                                      
                                                                   "Local Read Blocks": 0,                                                                     
                                                                   "Local Dirtied Blocks": 0,                                                                  
                                                                   "Local Written Blocks": 0,                                                                  
                                                                   "Temp Read Blocks": 0,                                                                      
                                                                   "Temp Written Blocks": 0,                                                                   
                                                                   "Plans": [                                                                                  
                                                                     {                                                                                         
                                                                       "Node Type": "Seq Scan",                                                                
                                                                       "Parent Relationship": "Outer",                                                         
                                                                       "Parallel Aware": false,                                                                
                                                                       "Relation Name": "title",                                                               
                                                                       "Alias": "t",                                                                           
                                                                       "Startup Cost": 0.00,                                                                   
                                                                       "Total Cost": 1500.26,                                                                  
                                                                       "Plan Rows": 662066,                                                                    
                                                                       "Plan Width": 25,                                                                       
                                                                       "Actual Startup Time": 6.078,                                                           
                                                                       "Actual Total Time": 1414.379,                                                          
                                                                       "Actual Rows": 662065,                                                                  
                                                                       "Actual Loops": 1,                                                                      
                                                                       "Filter": "(production_year > 2008)",                                                   
                                                                       "Rows Removed by Filter": 1866247,                                                      
                                                                       "Shared Hit Blocks": 1,                                                                 
                                                                       "Shared Read Blocks": 35997,                                                            
                                                                       "Shared Dirtied Blocks": 0,                                                             
                                                                       "Shared Written Blocks": 0,                                                             
                                                                       "Local Hit Blocks": 0,                                                                  
                                                                       "Local Read Blocks": 0,                                                                 
                                                                       "Local Dirtied Blocks": 0,                                                              
                                                                       "Local Written Blocks": 0,                                                              
                                                                       "Temp Read Blocks": 0,                                                                  
                                                                       "Temp Written Blocks": 0                                                                
                                                                     }                                                                                         
                                                                   ]                                                                                           
                                                                 }                                                                                             
                                                               ]                                                                                               
                                                             },                                                                                                
                                                             {                                                                                                 
                                                               "Node Type": "Sort",                                                                            
                                                               "Parent Relationship": "Inner",                                                                 
                                                               "Parallel Aware": false,                                                                        
                                                               "Startup Cost": 1555.92,                                                                        
                                                               "Total Cost": 1567.04,                                                                          
                                                               "Plan Rows": 143259,                                                                            
                                                               "Plan Width": 12,                                                                               
                                                               "Actual Startup Time": 1083.242,                                                                
                                                               "Actual Total Time": 1100.918,                                                                  
                                                               "Actual Rows": 305462,                                                                          
                                                               "Actual Loops": 1,                                                                              
                                                               "Sort Key": ["mc.movie_id"],                                                                    
                                                               "Sort Method": "quicksort",                                                                     
                                                               "Sort Space Used": 26504,                                                                       
                                                               "Sort Space Type": "Memory",                                                                    
                                                               "Shared Hit Blocks": 3,                                                                         
                                                               "Shared Read Blocks": 18786,                                                                    
                                                               "Shared Dirtied Blocks": 0,                                                                     
                                                               "Shared Written Blocks": 0,                                                                     
                                                               "Local Hit Blocks": 0,                                                                          
                                                               "Local Read Blocks": 0,                                                                         
                                                               "Local Dirtied Blocks": 0,                                                                      
                                                               "Local Written Blocks": 0,                                                                      
                                                               "Temp Read Blocks": 0,                                                                          
                                                               "Temp Written Blocks": 0,                                                                       
                                                               "Plans": [                                                                                      
                                                                 {                                                                                             
                                                                   "Node Type": "Seq Scan",                                                                    
                                                                   "Parent Relationship": "Outer",                                                             
                                                                   "Parallel Aware": false,                                                                    
                                                                   "Relation Name": "movie_companies",                                                         
                                                                   "Alias": "mc",                                                                              
                                                                   "Startup Cost": 0.00,                                                                       
                                                                   "Total Cost": 1174.90,                                                                      
                                                                   "Plan Rows": 143259,                                                                        
                                                                   "Plan Width": 12,                                                                           
                                                                   "Actual Startup Time": 0.016,                                                               
                                                                   "Actual Total Time": 967.547,                                                               
                                                                   "Actual Rows": 303271,                                                                      
                                                                   "Actual Loops": 1,                                                                          
                                                                   "Filter": "((note !~~ '%(USA)%'::text) AND (note ~~ '%(200%)%'::text))",                    
                                                                   "Rows Removed by Filter": 2305858,                                                          
                                                                   "Shared Hit Blocks": 3,                                                                     
                                                                   "Shared Read Blocks": 18786,                                                                
                                                                   "Shared Dirtied Blocks": 0,                                                                 
                                                                   "Shared Written Blocks": 0,                                                                 
                                                                   "Local Hit Blocks": 0,                                                                      
                                                                   "Local Read Blocks": 0,                                                                     
                                                                   "Local Dirtied Blocks": 0,                                                                  
                                                                   "Local Written Blocks": 0,                                                                  
                                                                   "Temp Read Blocks": 0,                                                                      
                                                                   "Temp Written Blocks": 0                                                                    
                                                                 }                                                                                             
                                                               ]                                                                                               
                                                             }                                                                                                 
                                                           ]                                                                                                   
                                                         },                                                                                                    
                                                         {                                                                                                     
                                                           "Node Type": "Sort",                                                                                
                                                           "Parent Relationship": "Inner",                                                                     
                                                           "Parallel Aware": false,                                                                            
                                                           "Startup Cost": 10414.20,                                                                           
                                                           "Total Cost": 10466.06,                                                                             
                                                           "Plan Rows": 667885,                                                                                
                                                           "Plan Width": 8,                                                                                    
                                                           "Actual Startup Time": 8492.029,                                                                    
                                                           "Actual Total Time": 8524.783,                                                                      
                                                           "Actual Rows": 673666,                                                                              
                                                           "Actual Loops": 1,                                                                                  
                                                           "Sort Key": ["mi.movie_id"],                                                                        
                                                           "Sort Method": "quicksort",                                                                         
                                                           "Sort Space Used": 55952,                                                                           
                                                           "Sort Space Type": "Memory",                                                                        
                                                           "Shared Hit Blocks": 2,                                                                             
                                                           "Shared Read Blocks": 161890,                                                                       
                                                           "Shared Dirtied Blocks": 0,                                                                         
                                                           "Shared Written Blocks": 0,                                                                         
                                                           "Local Hit Blocks": 0,                                                                              
                                                           "Local Read Blocks": 0,                                                                             
                                                           "Local Dirtied Blocks": 0,                                                                          
                                                           "Local Written Blocks": 0,                                                                          
                                                           "Temp Read Blocks": 0,                                                                              
                                                           "Temp Written Blocks": 0,                                                                           
                                                           "Plans": [                                                                                          
                                                             {                                                                                                 
                                                               "Node Type": "Seq Scan",                                                                        
                                                               "Parent Relationship": "Outer",                                                                 
                                                               "Parallel Aware": false,                                                                        
                                                               "Relation Name": "movie_info",                                                                  
                                                               "Alias": "mi",                                                                                  
                                                               "Startup Cost": 0.00,                                                                           
                                                               "Total Cost": 8407.52,                                                                          
                                                               "Plan Rows": 667885,                                                                            
                                                               "Plan Width": 8,                                                                                
                                                               "Actual Startup Time": 9.458,                                                                   
                                                               "Actual Total Time": 8237.911,                                                                  
                                                               "Actual Rows": 669336,                                                                          
                                                               "Actual Loops": 1,                                                                              
                                                               "Filter": "(info = ANY ('{Germany,German,USA,American}'::text[]))",                             
                                                               "Rows Removed by Filter": 14166384,                                                             
                                                               "Shared Hit Blocks": 2,                                                                         
                                                               "Shared Read Blocks": 161890,                                                                   
                                                               "Shared Dirtied Blocks": 0,                                                                     
                                                               "Shared Written Blocks": 0,                                                                     
                                                               "Local Hit Blocks": 0,                                                                          
                                                               "Local Read Blocks": 0,                                                                         
                                                               "Local Dirtied Blocks": 0,                                                                      
                                                               "Local Written Blocks": 0,                                                                      
                                                               "Temp Read Blocks": 0,                                                                          
                                                               "Temp Written Blocks": 0                                                                        
                                                             }                                                                                                 
                                                           ]                                                                                                   
                                                         }                                                                                                     
                                                       ]                                                                                                       
                                                     },                                                                                                        
                                                     {                                                                                                         
                                                       "Node Type": "Sort",                                                                                    
                                                       "Parent Relationship": "Inner",                                                                         
                                                       "Parallel Aware": false,                                                                                
                                                       "Startup Cost": 4139.50,                                                                                
                                                       "Total Cost": 4230.56,                                                                                  
                                                       "Plan Rows": 1172842,                                                                                   
                                                       "Plan Width": 14,                                                                                       
                                                       "Actual Startup Time": 818.262,                                                                         
                                                       "Actual Total Time": 872.880,                                                                           
                                                       "Actual Rows": 1182478,                                                                                 
                                                       "Actual Loops": 1,                                                                                      
                                                       "Sort Key": ["mi_idx.movie_id"],                                                                        
                                                       "Sort Method": "quicksort",                                                                             
                                                       "Sort Space Used": 118412,                                                                              
                                                       "Sort Space Type": "Memory",                                                                            
                                                       "Shared Hit Blocks": 2,                                                                                 
                                                       "Shared Read Blocks": 8451,                                                                             
                                                       "Shared Dirtied Blocks": 0,                                                                             
                                                       "Shared Written Blocks": 0,                                                                             
                                                       "Local Hit Blocks": 0,                                                                                  
                                                       "Local Read Blocks": 0,                                                                                 
                                                       "Local Dirtied Blocks": 0,                                                                              
                                                       "Local Written Blocks": 0,                                                                              
                                                       "Temp Read Blocks": 0,                                                                                  
                                                       "Temp Written Blocks": 0,                                                                               
                                                       "Plans": [                                                                                              
                                                         {                                                                                                     
                                                           "Node Type": "Seq Scan",                                                                            
                                                           "Parent Relationship": "Outer",                                                                     
                                                           "Parallel Aware": false,                                                                            
                                                           "Relation Name": "movie_info_idx",                                                                  
                                                           "Alias": "mi_idx",                                                                                  
                                                           "Startup Cost": 0.00,                                                                               
                                                           "Total Cost": 467.71,                                                                               
                                                           "Plan Rows": 1172842,                                                                               
                                                           "Plan Width": 14,                                                                                   
                                                           "Actual Startup Time": 0.016,                                                                       
                                                           "Actual Total Time": 379.186,                                                                       
                                                           "Actual Rows": 1172832,                                                                             
                                                           "Actual Loops": 1,                                                                                  
                                                           "Filter": "(info < '7.0'::text)",                                                                   
                                                           "Rows Removed by Filter": 207203,                                                                   
                                                           "Shared Hit Blocks": 2,                                                                             
                                                           "Shared Read Blocks": 8451,                                                                         
                                                           "Shared Dirtied Blocks": 0,                                                                         
                                                           "Shared Written Blocks": 0,                                                                         
                                                           "Local Hit Blocks": 0,                                                                              
                                                           "Local Read Blocks": 0,                                                                             
                                                           "Local Dirtied Blocks": 0,                                                                          
                                                           "Local Written Blocks": 0,                                                                          
                                                           "Temp Read Blocks": 0,                                                                              
                                                           "Temp Written Blocks": 0                                                                            
                                                         }                                                                                                     
                                                       ]                                                                                                       
                                                     }                                                                                                         
                                                   ]                                                                                                           
                                                 }                                                                                                             
                                               ]                                                                                                               
                                             },                                                                                                                
                                             {                                                                                                                 
                                               "Node Type": "Sort",                                                                                            
                                               "Parent Relationship": "Inner",                                                                                 
                                               "Parallel Aware": false,                                                                                        
                                               "Startup Cost": 0.05,                                                                                           
                                               "Total Cost": 0.05,                                                                                             
                                               "Plan Rows": 1,                                                                                                 
                                               "Plan Width": 4,                                                                                                
                                               "Actual Startup Time": 0.035,                                                                                   
                                               "Actual Total Time": 0.035,                                                                                     
                                               "Actual Rows": 1,                                                                                               
                                               "Actual Loops": 1,                                                                                              
                                               "Sort Key": ["it2.id"],                                                                                         
                                               "Sort Method": "quicksort",                                                                                     
                                               "Sort Space Used": 25,                                                                                          
                                               "Sort Space Type": "Memory",                                                                                    
                                               "Shared Hit Blocks": 1,                                                                                         
                                               "Shared Read Blocks": 0,                                                                                        
                                               "Shared Dirtied Blocks": 0,                                                                                     
                                               "Shared Written Blocks": 0,                                                                                     
                                               "Local Hit Blocks": 0,                                                                                          
                                               "Local Read Blocks": 0,                                                                                         
                                               "Local Dirtied Blocks": 0,                                                                                      
                                               "Local Written Blocks": 0,                                                                                      
                                               "Temp Read Blocks": 0,                                                                                          
                                               "Temp Written Blocks": 0,                                                                                       
                                               "Plans": [                                                                                                      
                                                 {                                                                                                             
                                                   "Node Type": "Seq Scan",                                                                                    
                                                   "Parent Relationship": "Outer",                                                                             
                                                   "Parallel Aware": false,                                                                                    
                                                   "Relation Name": "info_type",                                                                               
                                                   "Alias": "it2",                                                                                             
                                                   "Startup Cost": 0.00,                                                                                       
                                                   "Total Cost": 0.05,                                                                                         
                                                   "Plan Rows": 1,                                                                                             
                                                   "Plan Width": 4,                                                                                            
                                                   "Actual Startup Time": 0.026,                                                                               
                                                   "Actual Total Time": 0.027,                                                                                 
                                                   "Actual Rows": 1,                                                                                           
                                                   "Actual Loops": 1,                                                                                          
                                                   "Filter": "((info)::text = 'rating'::text)",                                                                
                                                   "Rows Removed by Filter": 112,                                                                              
                                                   "Shared Hit Blocks": 1,                                                                                     
                                                   "Shared Read Blocks": 0,                                                                                    
                                                   "Shared Dirtied Blocks": 0,                                                                                 
                                                   "Shared Written Blocks": 0,                                                                                 
                                                   "Local Hit Blocks": 0,                                                                                      
                                                   "Local Read Blocks": 0,                                                                                     
                                                   "Local Dirtied Blocks": 0,                                                                                  
                                                   "Local Written Blocks": 0,                                                                                  
                                                   "Temp Read Blocks": 0,                                                                                      
                                                   "Temp Written Blocks": 0                                                                                    
                                                 }                                                                                                             
                                               ]                                                                                                               
                                             }                                                                                                                 
                                           ]                                                                                                                   
                                         }                                                                                                                     
                                       ]                                                                                                                       
                                     },                                                                                                                        
                                     {                                                                                                                         
                                       "Node Type": "Sort",                                                                                                    
                                       "Parent Relationship": "Inner",                                                                                         
                                       "Parallel Aware": false,                                                                                                
                                       "Startup Cost": 0.05,                                                                                                   
                                       "Total Cost": 0.05,                                                                                                     
                                       "Plan Rows": 1,                                                                                                         
                                       "Plan Width": 4,                                                                                                        
                                       "Actual Startup Time": 0.022,                                                                                           
                                       "Actual Total Time": 0.023,                                                                                             
                                       "Actual Rows": 1,                                                                                                       
                                       "Actual Loops": 1,                                                                                                      
                                       "Sort Key": ["it1.id"],                                                                                                 
                                       "Sort Method": "quicksort",                                                                                             
                                       "Sort Space Used": 25,                                                                                                  
                                       "Sort Space Type": "Memory",                                                                                            
                                       "Shared Hit Blocks": 1,                                                                                                 
                                       "Shared Read Blocks": 0,                                                                                                
                                       "Shared Dirtied Blocks": 0,                                                                                             
                                       "Shared Written Blocks": 0,                                                                                             
                                       "Local Hit Blocks": 0,                                                                                                  
                                       "Local Read Blocks": 0,                                                                                                 
                                       "Local Dirtied Blocks": 0,                                                                                              
                                       "Local Written Blocks": 0,                                                                                              
                                       "Temp Read Blocks": 0,                                                                                                  
                                       "Temp Written Blocks": 0,                                                                                               
                                       "Plans": [                                                                                                              
                                         {                                                                                                                     
                                           "Node Type": "Seq Scan",                                                                                            
                                           "Parent Relationship": "Outer",                                                                                     
                                           "Parallel Aware": false,                                                                                            
                                           "Relation Name": "info_type",                                                                                       
                                           "Alias": "it1",                                                                                                     
                                           "Startup Cost": 0.00,                                                                                               
                                           "Total Cost": 0.05,                                                                                                 
                                           "Plan Rows": 1,                                                                                                     
                                           "Plan Width": 4,                                                                                                    
                                           "Actual Startup Time": 0.009,                                                                                       
                                           "Actual Total Time": 0.019,                                                                                         
                                           "Actual Rows": 1,                                                                                                   
                                           "Actual Loops": 1,                                                                                                  
                                           "Filter": "((info)::text = 'countries'::text)",                                                                     
                                           "Rows Removed by Filter": 112,                                                                                      
                                           "Shared Hit Blocks": 1,                                                                                             
                                           "Shared Read Blocks": 0,                                                                                            
                                           "Shared Dirtied Blocks": 0,                                                                                         
                                           "Shared Written Blocks": 0,                                                                                         
                                           "Local Hit Blocks": 0,                                                                                              
                                           "Local Read Blocks": 0,                                                                                             
                                           "Local Dirtied Blocks": 0,                                                                                          
                                           "Local Written Blocks": 0,                                                                                          
                                           "Temp Read Blocks": 0,                                                                                              
                                           "Temp Written Blocks": 0                                                                                            
                                         }                                                                                                                     
                                       ]                                                                                                                       
                                     }                                                                                                                         
                                   ]                                                                                                                           
                                 }                                                                                                                             
                               ]                                                                                                                               
                             },                                                                                                                                
                             {                                                                                                                                 
                               "Node Type": "Sort",                                                                                                            
                               "Parent Relationship": "Inner",                                                                                                 
                               "Parallel Aware": false,                                                                                                        
                               "Startup Cost": 0.03,                                                                                                           
                               "Total Cost": 0.03,                                                                                                             
                               "Plan Rows": 2,                                                                                                                 
                               "Plan Width": 4,                                                                                                                
                               "Actual Startup Time": 0.011,                                                                                                   
                               "Actual Total Time": 0.011,                                                                                                     
                               "Actual Rows": 2,                                                                                                               
                               "Actual Loops": 1,                                                                                                              
                               "Sort Key": ["kt.id"],                                                                                                          
                               "Sort Method": "quicksort",                                                                                                     
                               "Sort Space Used": 25,                                                                                                          
                               "Sort Space Type": "Memory",                                                                                                    
                               "Shared Hit Blocks": 1,                                                                                                         
                               "Shared Read Blocks": 0,                                                                                                        
                               "Shared Dirtied Blocks": 0,                                                                                                     
                               "Shared Written Blocks": 0,                                                                                                     
                               "Local Hit Blocks": 0,                                                                                                          
                               "Local Read Blocks": 0,                                                                                                         
                               "Local Dirtied Blocks": 0,                                                                                                      
                               "Local Written Blocks": 0,                                                                                                      
                               "Temp Read Blocks": 0,                                                                                                          
                               "Temp Written Blocks": 0,                                                                                                       
                               "Plans": [                                                                                                                      
                                 {                                                                                                                             
                                   "Node Type": "Seq Scan",                                                                                                    
                                   "Parent Relationship": "Outer",                                                                                             
                                   "Parallel Aware": false,                                                                                                    
                                   "Relation Name": "kind_type",                                                                                               
                                   "Alias": "kt",                                                                                                              
                                   "Startup Cost": 0.00,                                                                                                       
                                   "Total Cost": 0.03,                                                                                                         
                                   "Plan Rows": 2,                                                                                                             
                                   "Plan Width": 4,                                                                                                            
                                   "Actual Startup Time": 0.007,                                                                                               
                                   "Actual Total Time": 0.009,                                                                                                 
                                   "Actual Rows": 2,                                                                                                           
                                   "Actual Loops": 1,                                                                                                          
                                   "Filter": "((kind)::text = ANY ('{movie,episode}'::text[]))",                                                               
                                   "Rows Removed by Filter": 5,                                                                                                
                                   "Shared Hit Blocks": 1,                                                                                                     
                                   "Shared Read Blocks": 0,                                                                                                    
                                   "Shared Dirtied Blocks": 0,                                                                                                 
                                   "Shared Written Blocks": 0,                                                                                                 
                                   "Local Hit Blocks": 0,                                                                                                      
                                   "Local Read Blocks": 0,                                                                                                     
                                   "Local Dirtied Blocks": 0,                                                                                                  
                                   "Local Written Blocks": 0,                                                                                                  
                                   "Temp Read Blocks": 0,                                                                                                      
                                   "Temp Written Blocks": 0                                                                                                    
                                 }                                                                                                                             
                               ]                                                                                                                               
                             }                                                                                                                                 
                           ]                                                                                                                                   
                         }                                                                                                                                     
                       ]                                                                                                                                       
                     },                                                                                                                                        
                     {                                                                                                                                         
                       "Node Type": "Sort",                                                                                                                    
                       "Parent Relationship": "Inner",                                                                                                         
                       "Parallel Aware": false,                                                                                                                
                       "Startup Cost": 0.03,                                                                                                                   
                       "Total Cost": 0.03,                                                                                                                     
                       "Plan Rows": 4,                                                                                                                         
                       "Plan Width": 4,                                                                                                                        
                       "Actual Startup Time": 0.007,                                                                                                           
                       "Actual Total Time": 0.007,                                                                                                             
                       "Actual Rows": 1,                                                                                                                       
                       "Actual Loops": 1,                                                                                                                      
                       "Sort Key": ["ct.id"],                                                                                                                  
                       "Sort Method": "quicksort",                                                                                                             
                       "Sort Space Used": 25,                                                                                                                  
                       "Sort Space Type": "Memory",                                                                                                            
                       "Shared Hit Blocks": 1,                                                                                                                 
                       "Shared Read Blocks": 0,                                                                                                                
                       "Shared Dirtied Blocks": 0,                                                                                                             
                       "Shared Written Blocks": 0,                                                                                                             
                       "Local Hit Blocks": 0,                                                                                                                  
                       "Local Read Blocks": 0,                                                                                                                 
                       "Local Dirtied Blocks": 0,                                                                                                              
                       "Local Written Blocks": 0,                                                                                                              
                       "Temp Read Blocks": 0,                                                                                                                  
                       "Temp Written Blocks": 0,                                                                                                               
                       "Plans": [                                                                                                                              
                         {                                                                                                                                     
                           "Node Type": "Seq Scan",                                                                                                            
                           "Parent Relationship": "Outer",                                                                                                     
                           "Parallel Aware": false,                                                                                                            
                           "Relation Name": "company_type",                                                                                                    
                           "Alias": "ct",                                                                                                                      
                           "Startup Cost": 0.00,                                                                                                               
                           "Total Cost": 0.03,                                                                                                                 
                           "Plan Rows": 4,                                                                                                                     
                           "Plan Width": 4,                                                                                                                    
                           "Actual Startup Time": 0.004,                                                                                                       
                           "Actual Total Time": 0.005,                                                                                                         
                           "Actual Rows": 4,                                                                                                                   
                           "Actual Loops": 1,                                                                                                                  
                           "Shared Hit Blocks": 1,                                                                                                             
                           "Shared Read Blocks": 0,                                                                                                            
                           "Shared Dirtied Blocks": 0,                                                                                                         
                           "Shared Written Blocks": 0,                                                                                                         
                           "Local Hit Blocks": 0,                                                                                                              
                           "Local Read Blocks": 0,                                                                                                             
                           "Local Dirtied Blocks": 0,                                                                                                          
                           "Local Written Blocks": 0,                                                                                                          
                           "Temp Read Blocks": 0,                                                                                                              
                           "Temp Written Blocks": 0                                                                                                            
                         }                                                                                                                                     
                       ]                                                                                                                                       
                     }                                                                                                                                         
                   ]                                                                                                                                           
                 }                                                                                                                                             
               ]                                                                                                                                               
             },                                                                                                                                                
             {                                                                                                                                                 
               "Node Type": "Sort",                                                                                                                            
               "Parent Relationship": "Inner",                                                                                                                 
               "Parallel Aware": false,                                                                                                                        
               "Startup Cost": 460.56,                                                                                                                         
               "Total Cost": 470.36,                                                                                                                           
               "Plan Rows": 126230,                                                                                                                            
               "Plan Width": 23,                                                                                                                               
               "Actual Startup Time": 186.689,                                                                                                                 
               "Actual Total Time": 190.980,                                                                                                                   
               "Actual Rows": 38546,                                                                                                                           
               "Actual Loops": 1,                                                                                                                              
               "Sort Key": ["cn.id"],                                                                                                                          
               "Sort Method": "quicksort",                                                                                                                     
               "Sort Space Used": 12077,                                                                                                                       
               "Sort Space Type": "Memory",                                                                                                                    
               "Shared Hit Blocks": 2,                                                                                                                         
               "Shared Read Blocks": 2992,                                                                                                                     
               "Shared Dirtied Blocks": 0,                                                                                                                     
               "Shared Written Blocks": 0,                                                                                                                     
               "Local Hit Blocks": 0,                                                                                                                          
               "Local Read Blocks": 0,                                                                                                                         
               "Local Dirtied Blocks": 0,                                                                                                                      
               "Local Written Blocks": 0,                                                                                                                      
               "Temp Read Blocks": 0,                                                                                                                          
               "Temp Written Blocks": 0,                                                                                                                       
               "Plans": [                                                                                                                                      
                 {                                                                                                                                             
                   "Node Type": "Seq Scan",                                                                                                                    
                   "Parent Relationship": "Outer",                                                                                                             
                   "Parallel Aware": false,                                                                                                                    
                   "Relation Name": "company_name",                                                                                                            
                   "Alias": "cn",                                                                                                                              
                   "Startup Cost": 0.00,                                                                                                                       
                   "Total Cost": 128.41,                                                                                                                       
                   "Plan Rows": 126230,                                                                                                                        
                   "Plan Width": 23,                                                                                                                           
                   "Actual Startup Time": 25.761,                                                                                                              
                   "Actual Total Time": 117.777,                                                                                                               
                   "Actual Rows": 126230,                                                                                                                      
                   "Actual Loops": 1,                                                                                                                          
                   "Filter": "((country_code)::text <> '[us]'::text)",                                                                                         
                   "Rows Removed by Filter": 108767,                                                                                                           
                   "Shared Hit Blocks": 2,                                                                                                                     
                   "Shared Read Blocks": 2992,                                                                                                                 
                   "Shared Dirtied Blocks": 0,                                                                                                                 
                   "Shared Written Blocks": 0,                                                                                                                 
                   "Local Hit Blocks": 0,                                                                                                                      
                   "Local Read Blocks": 0,                                                                                                                     
                   "Local Dirtied Blocks": 0,                                                                                                                  
                   "Local Written Blocks": 0,                                                                                                                  
                   "Temp Read Blocks": 0,                                                                                                                      
                   "Temp Written Blocks": 0                                                                                                                    
                 }                                                                                                                                             
               ]                                                                                                                                               
             }                                                                                                                                                 
           ]                                                                                                                                                   
         }                                                                                                                                                     
       ]                                                                                                                                                       
     },                                                                                                                                                        
     "Planning Time": 9322.674,                                                                                                                                
     "Triggers": [                                                                                                                                             
     ],                                                                                                                                                        
     "Execution Time": 15624.528                                                                                                                               
   }                                                                                                                                                           
 ]
