 [                                                                                                                                                             
   {                                                                                                                                                           
     "Plan": {                                                                                                                                                 
       "Node Type": "Aggregate",                                                                                                                               
       "Strategy": "Plain",                                                                                                                                    
       "Partial Mode": "Simple",                                                                                                                               
       "Parallel Aware": false,                                                                                                                                
       "Startup Cost": 37430.15,                                                                                                                               
       "Total Cost": 37430.15,                                                                                                                                 
       "Plan Rows": 1,                                                                                                                                         
       "Plan Width": 96,                                                                                                                                       
       "Actual Startup Time": 15630.046,                                                                                                                       
       "Actual Total Time": 15630.046,                                                                                                                         
       "Actual Rows": 1,                                                                                                                                       
       "Actual Loops": 1,                                                                                                                                      
       "Shared Hit Blocks": 23,                                                                                                                                
       "Shared Read Blocks": 253514,                                                                                                                           
       "Shared Dirtied Blocks": 0,                                                                                                                             
       "Shared Written Blocks": 0,                                                                                                                             
       "Local Hit Blocks": 0,                                                                                                                                  
       "Local Read Blocks": 0,                                                                                                                                 
       "Local Dirtied Blocks": 0,                                                                                                                              
       "Local Written Blocks": 0,                                                                                                                              
       "Temp Read Blocks": 0,                                                                                                                                  
       "Temp Written Blocks": 0,                                                                                                                               
       "Plans": [                                                                                                                                              
         {                                                                                                                                                     
           "Node Type": "Merge Join",                                                                                                                          
           "Parent Relationship": "Outer",                                                                                                                     
           "Parallel Aware": false,                                                                                                                            
           "Join Type": "Inner",                                                                                                                               
           "Startup Cost": 37410.55,                                                                                                                           
           "Total Cost": 37430.15,                                                                                                                             
           "Plan Rows": 1,                                                                                                                                     
           "Plan Width": 42,                                                                                                                                   
           "Actual Startup Time": 15623.022,                                                                                                                   
           "Actual Total Time": 15629.999,                                                                                                                     
           "Actual Rows": 31,                                                                                                                                  
           "Actual Loops": 1,                                                                                                                                  
           "Inner Unique": true,                                                                                                                               
           "Merge Cond": "(mc.company_id = cn.id)",                                                                                                            
           "Shared Hit Blocks": 23,                                                                                                                            
           "Shared Read Blocks": 253514,                                                                                                                       
           "Shared Dirtied Blocks": 0,                                                                                                                         
           "Shared Written Blocks": 0,                                                                                                                         
           "Local Hit Blocks": 0,                                                                                                                              
           "Local Read Blocks": 0,                                                                                                                             
           "Local Dirtied Blocks": 0,                                                                                                                          
           "Local Written Blocks": 0,                                                                                                                          
           "Temp Read Blocks": 0,                                                                                                                              
           "Temp Written Blocks": 0,                                                                                                                           
           "Plans": [                                                                                                                                          
             {                                                                                                                                                 
               "Node Type": "Sort",                                                                                                                            
               "Parent Relationship": "Outer",                                                                                                                 
               "Parallel Aware": false,                                                                                                                        
               "Startup Cost": 36949.99,                                                                                                                       
               "Total Cost": 36949.99,                                                                                                                         
               "Plan Rows": 1,                                                                                                                                 
               "Plan Width": 27,                                                                                                                               
               "Actual Startup Time": 15441.621,                                                                                                               
               "Actual Total Time": 15441.627,                                                                                                                 
               "Actual Rows": 39,                                                                                                                              
               "Actual Loops": 1,                                                                                                                              
               "Sort Key": ["mc.company_id"],                                                                                                                  
               "Sort Method": "quicksort",                                                                                                                     
               "Sort Space Used": 27,                                                                                                                          
               "Sort Space Type": "Memory",                                                                                                                    
               "Shared Hit Blocks": 21,                                                                                                                        
               "Shared Read Blocks": 250522,                                                                                                                   
               "Shared Dirtied Blocks": 0,                                                                                                                     
               "Shared Written Blocks": 0,                                                                                                                     
               "Local Hit Blocks": 0,                                                                                                                          
               "Local Read Blocks": 0,                                                                                                                         
               "Local Dirtied Blocks": 0,                                                                                                                      
               "Local Written Blocks": 0,                                                                                                                      
               "Temp Read Blocks": 0,                                                                                                                          
               "Temp Written Blocks": 0,                                                                                                                       
               "Plans": [                                                                                                                                      
                 {                                                                                                                                             
                   "Node Type": "Merge Join",                                                                                                                  
                   "Parent Relationship": "Outer",                                                                                                             
                   "Parallel Aware": false,                                                                                                                    
                   "Join Type": "Inner",                                                                                                                       
                   "Startup Cost": 36949.99,                                                                                                                   
                   "Total Cost": 36949.99,                                                                                                                     
                   "Plan Rows": 1,                                                                                                                             
                   "Plan Width": 27,                                                                                                                           
                   "Actual Startup Time": 15432.463,                                                                                                           
                   "Actual Total Time": 15432.473,                                                                                                             
                   "Actual Rows": 39,                                                                                                                          
                   "Actual Loops": 1,                                                                                                                          
                   "Inner Unique": true,                                                                                                                       
                   "Merge Cond": "(mc.company_type_id = ct.id)",                                                                                               
                   "Shared Hit Blocks": 17,                                                                                                                    
                   "Shared Read Blocks": 250522,                                                                                                               
                   "Shared Dirtied Blocks": 0,                                                                                                                 
                   "Shared Written Blocks": 0,                                                                                                                 
                   "Local Hit Blocks": 0,                                                                                                                      
                   "Local Read Blocks": 0,                                                                                                                     
                   "Local Dirtied Blocks": 0,                                                                                                                  
                   "Local Written Blocks": 0,                                                                                                                  
                   "Temp Read Blocks": 0,                                                                                                                      
                   "Temp Written Blocks": 0,                                                                                                                   
                   "Plans": [                                                                                                                                  
                     {                                                                                                                                         
                       "Node Type": "Sort",                                                                                                                    
                       "Parent Relationship": "Outer",                                                                                                         
                       "Parallel Aware": false,                                                                                                                
                       "Startup Cost": 36949.96,                                                                                                               
                       "Total Cost": 36949.96,                                                                                                                 
                       "Plan Rows": 1,                                                                                                                         
                       "Plan Width": 31,                                                                                                                       
                       "Actual Startup Time": 15432.452,                                                                                                       
                       "Actual Total Time": 15432.453,                                                                                                         
                       "Actual Rows": 39,                                                                                                                      
                       "Actual Loops": 1,                                                                                                                      
                       "Sort Key": ["mc.company_type_id"],                                                                                                     
                       "Sort Method": "quicksort",                                                                                                             
                       "Sort Space Used": 28,                                                                                                                  
                       "Sort Space Type": "Memory",                                                                                                            
                       "Shared Hit Blocks": 16,                                                                                                                
                       "Shared Read Blocks": 250522,                                                                                                           
                       "Shared Dirtied Blocks": 0,                                                                                                             
                       "Shared Written Blocks": 0,                                                                                                             
                       "Local Hit Blocks": 0,                                                                                                                  
                       "Local Read Blocks": 0,                                                                                                                 
                       "Local Dirtied Blocks": 0,                                                                                                              
                       "Local Written Blocks": 0,                                                                                                              
                       "Temp Read Blocks": 0,                                                                                                                  
                       "Temp Written Blocks": 0,                                                                                                               
                       "Plans": [                                                                                                                              
                         {                                                                                                                                     
                           "Node Type": "Merge Join",                                                                                                          
                           "Parent Relationship": "Outer",                                                                                                     
                           "Parallel Aware": false,                                                                                                            
                           "Join Type": "Inner",                                                                                                               
                           "Startup Cost": 36949.96,                                                                                                           
                           "Total Cost": 36949.96,                                                                                                             
                           "Plan Rows": 1,                                                                                                                     
                           "Plan Width": 31,                                                                                                                   
                           "Actual Startup Time": 15432.416,                                                                                                   
                           "Actual Total Time": 15432.428,                                                                                                     
                           "Actual Rows": 39,                                                                                                                  
                           "Actual Loops": 1,                                                                                                                  
                           "Inner Unique": true,                                                                                                               
                           "Merge Cond": "(t.kind_id = kt.id)",                                                                                                
                           "Shared Hit Blocks": 16,                                                                                                            
                           "Shared Read Blocks": 250522,                                                                                                       
                           "Shared Dirtied Blocks": 0,                                                                                                         
                           "Shared Written Blocks": 0,                                                                                                         
                           "Local Hit Blocks": 0,                                                                                                              
                           "Local Read Blocks": 0,                                                                                                             
                           "Local Dirtied Blocks": 0,                                                                                                          
                           "Local Written Blocks": 0,                                                                                                          
                           "Temp Read Blocks": 0,                                                                                                              
                           "Temp Written Blocks": 0,                                                                                                           
                           "Plans": [                                                                                                                          
                             {                                                                                                                                 
                               "Node Type": "Sort",                                                                                                            
                               "Parent Relationship": "Outer",                                                                                                 
                               "Parallel Aware": false,                                                                                                        
                               "Startup Cost": 36949.92,                                                                                                       
                               "Total Cost": 36949.92,                                                                                                         
                               "Plan Rows": 1,                                                                                                                 
                               "Plan Width": 35,                                                                                                               
                               "Actual Startup Time": 15432.402,                                                                                               
                               "Actual Total Time": 15432.404,                                                                                                 
                               "Actual Rows": 42,                                                                                                              
                               "Actual Loops": 1,                                                                                                              
                               "Sort Key": ["t.kind_id"],                                                                                                      
                               "Sort Method": "quicksort",                                                                                                     
                               "Sort Space Used": 28,                                                                                                          
                               "Sort Space Type": "Memory",                                                                                                    
                               "Shared Hit Blocks": 15,                                                                                                        
                               "Shared Read Blocks": 250522,                                                                                                   
                               "Shared Dirtied Blocks": 0,                                                                                                     
                               "Shared Written Blocks": 0,                                                                                                     
                               "Local Hit Blocks": 0,                                                                                                          
                               "Local Read Blocks": 0,                                                                                                         
                               "Local Dirtied Blocks": 0,                                                                                                      
                               "Local Written Blocks": 0,                                                                                                      
                               "Temp Read Blocks": 0,                                                                                                          
                               "Temp Written Blocks": 0,                                                                                                       
                               "Plans": [                                                                                                                      
                                 {                                                                                                                             
                                   "Node Type": "Merge Join",                                                                                                  
                                   "Parent Relationship": "Outer",                                                                                             
                                   "Parallel Aware": false,                                                                                                    
                                   "Join Type": "Inner",                                                                                                       
                                   "Startup Cost": 36949.92,                                                                                                   
                                   "Total Cost": 36949.92,                                                                                                     
                                   "Plan Rows": 1,                                                                                                             
                                   "Plan Width": 35,                                                                                                           
                                   "Actual Startup Time": 15432.353,                                                                                           
                                   "Actual Total Time": 15432.366,                                                                                             
                                   "Actual Rows": 42,                                                                                                          
                                   "Actual Loops": 1,                                                                                                          
                                   "Inner Unique": true,                                                                                                       
                                   "Merge Cond": "(mi.info_type_id = it1.id)",                                                                                 
                                   "Shared Hit Blocks": 15,                                                                                                    
                                   "Shared Read Blocks": 250522,                                                                                               
                                   "Shared Dirtied Blocks": 0,                                                                                                 
                                   "Shared Written Blocks": 0,                                                                                                 
                                   "Local Hit Blocks": 0,                                                                                                      
                                   "Local Read Blocks": 0,                                                                                                     
                                   "Local Dirtied Blocks": 0,                                                                                                  
                                   "Local Written Blocks": 0,                                                                                                  
                                   "Temp Read Blocks": 0,                                                                                                      
                                   "Temp Written Blocks": 0,                                                                                                   
                                   "Plans": [                                                                                                                  
                                     {                                                                                                                         
                                       "Node Type": "Sort",                                                                                                    
                                       "Parent Relationship": "Outer",                                                                                         
                                       "Parallel Aware": false,                                                                                                
                                       "Startup Cost": 36949.87,                                                                                               
                                       "Total Cost": 36949.87,                                                                                                 
                                       "Plan Rows": 1,                                                                                                         
                                       "Plan Width": 39,                                                                                                       
                                       "Actual Startup Time": 15432.332,                                                                                       
                                       "Actual Total Time": 15432.334,                                                                                         
                                       "Actual Rows": 45,                                                                                                      
                                       "Actual Loops": 1,                                                                                                      
                                       "Sort Key": ["mi.info_type_id"],                                                                                        
                                       "Sort Method": "quicksort",                                                                                             
                                       "Sort Space Used": 28,                                                                                                  
                                       "Sort Space Type": "Memory",                                                                                            
                                       "Shared Hit Blocks": 14,                                                                                                
                                       "Shared Read Blocks": 250522,                                                                                           
                                       "Shared Dirtied Blocks": 0,                                                                                             
                                       "Shared Written Blocks": 0,                                                                                             
                                       "Local Hit Blocks": 0,                                                                                                  
                                       "Local Read Blocks": 0,                                                                                                 
                                       "Local Dirtied Blocks": 0,                                                                                              
                                       "Local Written Blocks": 0,                                                                                              
                                       "Temp Read Blocks": 0,                                                                                                  
                                       "Temp Written Blocks": 0,                                                                                               
                                       "Plans": [                                                                                                              
                                         {                                                                                                                     
                                           "Node Type": "Merge Join",                                                                                          
                                           "Parent Relationship": "Outer",                                                                                     
                                           "Parallel Aware": false,                                                                                            
                                           "Join Type": "Inner",                                                                                               
                                           "Startup Cost": 36949.87,                                                                                           
                                           "Total Cost": 36949.87,                                                                                             
                                           "Plan Rows": 1,                                                                                                     
                                           "Plan Width": 39,                                                                                                   
                                           "Actual Startup Time": 15432.289,                                                                                   
                                           "Actual Total Time": 15432.304,                                                                                     
                                           "Actual Rows": 45,                                                                                                  
                                           "Actual Loops": 1,                                                                                                  
                                           "Inner Unique": true,                                                                                               
                                           "Merge Cond": "(mi_idx.info_type_id = it2.id)",                                                                     
                                           "Shared Hit Blocks": 14,                                                                                            
                                           "Shared Read Blocks": 250522,                                                                                       
                                           "Shared Dirtied Blocks": 0,                                                                                         
                                           "Shared Written Blocks": 0,                                                                                         
                                           "Local Hit Blocks": 0,                                                                                              
                                           "Local Read Blocks": 0,                                                                                             
                                           "Local Dirtied Blocks": 0,                                                                                          
                                           "Local Written Blocks": 0,                                                                                          
                                           "Temp Read Blocks": 0,                                                                                              
                                           "Temp Written Blocks": 0,                                                                                           
                                           "Plans": [                                                                                                          
                                             {                                                                                                                 
                                               "Node Type": "Sort",                                                                                            
                                               "Parent Relationship": "Outer",                                                                                 
                                               "Parallel Aware": false,                                                                                        
                                               "Startup Cost": 36949.82,                                                                                       
                                               "Total Cost": 36949.82,                                                                                         
                                               "Plan Rows": 11,                                                                                                
                                               "Plan Width": 43,                                                                                               
                                               "Actual Startup Time": 15432.229,                                                                               
                                               "Actual Total Time": 15432.240,                                                                                 
                                               "Actual Rows": 147,                                                                                             
                                               "Actual Loops": 1,                                                                                              
                                               "Sort Key": ["mi_idx.info_type_id"],                                                                            
                                               "Sort Method": "quicksort",                                                                                     
                                               "Sort Space Used": 40,                                                                                          
                                               "Sort Space Type": "Memory",                                                                                    
                                               "Shared Hit Blocks": 13,                                                                                        
                                               "Shared Read Blocks": 250522,                                                                                   
                                               "Shared Dirtied Blocks": 0,                                                                                     
                                               "Shared Written Blocks": 0,                                                                                     
                                               "Local Hit Blocks": 0,                                                                                          
                                               "Local Read Blocks": 0,                                                                                         
                                               "Local Dirtied Blocks": 0,                                                                                      
                                               "Local Written Blocks": 0,                                                                                      
                                               "Temp Read Blocks": 0,                                                                                          
                                               "Temp Written Blocks": 0,                                                                                       
                                               "Plans": [                                                                                                      
                                                 {                                                                                                             
                                                   "Node Type": "Merge Join",                                                                                  
                                                   "Parent Relationship": "Outer",                                                                             
                                                   "Parallel Aware": false,                                                                                    
                                                   "Join Type": "Inner",                                                                                       
                                                   "Startup Cost": 36558.97,                                                                                   
                                                   "Total Cost": 36949.82,                                                                                     
                                                   "Plan Rows": 11,                                                                                            
                                                   "Plan Width": 43,                                                                                           
                                                   "Actual Startup Time": 15183.555,                                                                           
                                                   "Actual Total Time": 15432.149,                                                                             
                                                   "Actual Rows": 147,                                                                                         
                                                   "Actual Loops": 1,                                                                                          
                                                   "Inner Unique": false,                                                                                      
                                                   "Merge Cond": "(t.id = mi_idx.movie_id)",                                                                   
                                                   "Shared Hit Blocks": 13,                                                                                    
                                                   "Shared Read Blocks": 250522,                                                                               
                                                   "Shared Dirtied Blocks": 0,                                                                                 
                                                   "Shared Written Blocks": 0,                                                                                 
                                                   "Local Hit Blocks": 0,                                                                                      
                                                   "Local Read Blocks": 0,                                                                                     
                                                   "Local Dirtied Blocks": 0,                                                                                  
                                                   "Local Written Blocks": 0,                                                                                  
                                                   "Temp Read Blocks": 0,                                                                                      
                                                   "Temp Written Blocks": 0,                                                                                   
                                                   "Plans": [                                                                                                  
                                                     {                                                                                                         
                                                       "Node Type": "Merge Join",                                                                              
                                                       "Parent Relationship": "Outer",                                                                         
                                                       "Parallel Aware": false,                                                                                
                                                       "Join Type": "Inner",                                                                                   
                                                       "Startup Cost": 32419.47,                                                                               
                                                       "Total Cost": 32628.20,                                                                                 
                                                       "Plan Rows": 15,                                                                                        
                                                       "Plan Width": 49,                                                                                       
                                                       "Actual Startup Time": 14142.490,                                                                       
                                                       "Actual Total Time": 14433.130,                                                                         
                                                       "Actual Rows": 57,                                                                                      
                                                       "Actual Loops": 1,                                                                                      
                                                       "Inner Unique": false,                                                                                  
                                                       "Merge Cond": "(t.id = mi.movie_id)",                                                                   
                                                       "Shared Hit Blocks": 11,                                                                                
                                                       "Shared Read Blocks": 242071,                                                                           
                                                       "Shared Dirtied Blocks": 0,                                                                             
                                                       "Shared Written Blocks": 0,                                                                             
                                                       "Local Hit Blocks": 0,                                                                                  
                                                       "Local Read Blocks": 0,                                                                                 
                                                       "Local Dirtied Blocks": 0,                                                                              
                                                       "Local Written Blocks": 0,                                                                              
                                                       "Temp Read Blocks": 0,                                                                                  
                                                       "Temp Written Blocks": 0,                                                                               
                                                       "Plans": [                                                                                              
                                                         {                                                                                                     
                                                           "Node Type": "Merge Join",                                                                          
                                                           "Parent Relationship": "Outer",                                                                     
                                                           "Parallel Aware": false,                                                                            
                                                           "Join Type": "Inner",                                                                               
                                                           "Startup Cost": 22005.27,                                                                           
                                                           "Total Cost": 22110.28,                                                                             
                                                           "Plan Rows": 9,                                                                                     
                                                           "Plan Width": 41,                                                                                   
                                                           "Actual Startup Time": 5443.191,                                                                    
                                                           "Actual Total Time": 5645.760,                                                                      
                                                           "Actual Rows": 123,                                                                                 
                                                           "Actual Loops": 1,                                                                                  
                                                           "Inner Unique": false,                                                                              
                                                           "Merge Cond": "(t.id = mc.movie_id)",                                                               
                                                           "Shared Hit Blocks": 9,                                                                             
                                                           "Shared Read Blocks": 80181,                                                                        
                                                           "Shared Dirtied Blocks": 0,                                                                         
                                                           "Shared Written Blocks": 0,                                                                         
                                                           "Local Hit Blocks": 0,                                                                              
                                                           "Local Read Blocks": 0,                                                                             
                                                           "Local Dirtied Blocks": 0,                                                                          
                                                           "Local Written Blocks": 0,                                                                          
                                                           "Temp Read Blocks": 0,                                                                              
                                                           "Temp Written Blocks": 0,                                                                           
                                                           "Plans": [                                                                                          
                                                             {                                                                                                 
                                                               "Node Type": "Merge Join",                                                                      
                                                               "Parent Relationship": "Outer",                                                                 
                                                               "Parallel Aware": false,                                                                        
                                                               "Join Type": "Inner",                                                                           
                                                               "Startup Cost": 20449.35,                                                                       
                                                               "Total Cost": 20532.12,                                                                         
                                                               "Plan Rows": 28,                                                                                
                                                               "Plan Width": 29,                                                                               
                                                               "Actual Startup Time": 4390.633,                                                                
                                                               "Actual Total Time": 4548.092,                                                                  
                                                               "Actual Rows": 4040,                                                                            
                                                               "Actual Loops": 1,                                                                              
                                                               "Inner Unique": true,                                                                           
                                                               "Merge Cond": "(mk.movie_id = t.id)",                                                           
                                                               "Shared Hit Blocks": 6,                                                                         
                                                               "Shared Read Blocks": 61395,                                                                    
                                                               "Shared Dirtied Blocks": 0,                                                                     
                                                               "Shared Written Blocks": 0,                                                                     
                                                               "Local Hit Blocks": 0,                                                                          
                                                               "Local Read Blocks": 0,                                                                         
                                                               "Local Dirtied Blocks": 0,                                                                      
                                                               "Local Written Blocks": 0,                                                                      
                                                               "Temp Read Blocks": 0,                                                                          
                                                               "Temp Written Blocks": 0,                                                                       
                                                               "Plans": [                                                                                      
                                                                 {                                                                                             
                                                                   "Node Type": "Sort",                                                                        
                                                                   "Parent Relationship": "Outer",                                                             
                                                                   "Parallel Aware": false,                                                                    
                                                                   "Startup Cost": 17373.43,                                                                   
                                                                   "Total Cost": 17373.44,                                                                     
                                                                   "Plan Rows": 135,                                                                           
                                                                   "Plan Width": 4,                                                                            
                                                                   "Actual Startup Time": 2563.545,                                                            
                                                                   "Actual Total Time": 2568.630,                                                              
                                                                   "Actual Rows": 37091,                                                                       
                                                                   "Actual Loops": 1,                                                                          
                                                                   "Sort Key": ["mk.movie_id"],                                                                
                                                                   "Sort Method": "quicksort",                                                                 
                                                                   "Sort Space Used": 3275,                                                                    
                                                                   "Sort Space Type": "Memory",                                                                
                                                                   "Shared Hit Blocks": 5,                                                                     
                                                                   "Shared Read Blocks": 25398,                                                                
                                                                   "Shared Dirtied Blocks": 0,                                                                 
                                                                   "Shared Written Blocks": 0,                                                                 
                                                                   "Local Hit Blocks": 0,                                                                      
                                                                   "Local Read Blocks": 0,                                                                     
                                                                   "Local Dirtied Blocks": 0,                                                                  
                                                                   "Local Written Blocks": 0,                                                                  
                                                                   "Temp Read Blocks": 0,                                                                      
                                                                   "Temp Written Blocks": 0,                                                                   
                                                                   "Plans": [                                                                                  
                                                                     {                                                                                         
                                                                       "Node Type": "Merge Join",                                                              
                                                                       "Parent Relationship": "Outer",                                                         
                                                                       "Parallel Aware": false,                                                                
                                                                       "Join Type": "Inner",                                                                   
                                                                       "Startup Cost": 16670.80,                                                               
                                                                       "Total Cost": 17373.28,                                                                 
                                                                       "Plan Rows": 135,                                                                       
                                                                       "Plan Width": 4,                                                                        
                                                                       "Actual Startup Time": 2348.988,                                                        
                                                                       "Actual Total Time": 2551.333,                                                          
                                                                       "Actual Rows": 37091,                                                                   
                                                                       "Actual Loops": 1,                                                                      
                                                                       "Inner Unique": false,                                                                  
                                                                       "Merge Cond": "(k.id = mk.keyword_id)",                                                 
                                                                       "Shared Hit Blocks": 5,                                                                 
                                                                       "Shared Read Blocks": 25398,                                                            
                                                                       "Shared Dirtied Blocks": 0,                                                             
                                                                       "Shared Written Blocks": 0,                                                             
                                                                       "Local Hit Blocks": 0,                                                                  
                                                                       "Local Read Blocks": 0,                                                                 
                                                                       "Local Dirtied Blocks": 0,                                                              
                                                                       "Local Written Blocks": 0,                                                              
                                                                       "Temp Read Blocks": 0,                                                                  
                                                                       "Temp Written Blocks": 0,                                                               
                                                                       "Plans": [                                                                              
                                                                         {                                                                                     
                                                                           "Node Type": "Sort",                                                                
                                                                           "Parent Relationship": "Outer",                                                     
                                                                           "Parallel Aware": false,                                                            
                                                                           "Startup Cost": 59.88,                                                              
                                                                           "Total Cost": 59.88,                                                                
                                                                           "Plan Rows": 4,                                                                     
                                                                           "Plan Width": 4,                                                                    
                                                                           "Actual Startup Time": 84.298,                                                      
                                                                           "Actual Total Time": 84.300,                                                        
                                                                           "Actual Rows": 3,                                                                   
                                                                           "Actual Loops": 1,                                                                  
                                                                           "Sort Key": ["k.id"],                                                               
                                                                           "Sort Method": "quicksort",                                                         
                                                                           "Sort Space Used": 25,                                                              
                                                                           "Sort Space Type": "Memory",                                                        
                                                                           "Shared Hit Blocks": 2,                                                             
                                                                           "Shared Read Blocks": 947,                                                          
                                                                           "Shared Dirtied Blocks": 0,                                                         
                                                                           "Shared Written Blocks": 0,                                                         
                                                                           "Local Hit Blocks": 0,                                                              
                                                                           "Local Read Blocks": 0,                                                             
                                                                           "Local Dirtied Blocks": 0,                                                          
                                                                           "Local Written Blocks": 0,                                                          
                                                                           "Temp Read Blocks": 0,                                                              
                                                                           "Temp Written Blocks": 0,                                                           
                                                                           "Plans": [                                                                          
                                                                             {                                                                                 
                                                                               "Node Type": "Seq Scan",                                                        
                                                                               "Parent Relationship": "Outer",                                                 
                                                                               "Parallel Aware": false,                                                        
                                                                               "Relation Name": "keyword",                                                     
                                                                               "Alias": "k",                                                                   
                                                                               "Startup Cost": 0.00,                                                           
                                                                               "Total Cost": 59.88,                                                            
                                                                               "Plan Rows": 4,                                                                 
                                                                               "Plan Width": 4,                                                                
                                                                               "Actual Startup Time": 23.526,                                                  
                                                                               "Actual Total Time": 84.276,                                                    
                                                                               "Actual Rows": 3,                                                               
                                                                               "Actual Loops": 1,                                                              
                                                                               "Filter": "(keyword = ANY ('{murder,murder-in-title,blood,violence}'::text[]))",
                                                                               "Rows Removed by Filter": 134167,                                               
                                                                               "Shared Hit Blocks": 2,                                                         
                                                                               "Shared Read Blocks": 947,                                                      
                                                                               "Shared Dirtied Blocks": 0,                                                     
                                                                               "Shared Written Blocks": 0,                                                     
                                                                               "Local Hit Blocks": 0,                                                          
                                                                               "Local Read Blocks": 0,                                                         
                                                                               "Local Dirtied Blocks": 0,                                                      
                                                                               "Local Written Blocks": 0,                                                      
                                                                               "Temp Read Blocks": 0,                                                          
                                                                               "Temp Written Blocks": 0                                                        
                                                                             }                                                                                 
                                                                           ]                                                                                   
                                                                         },                                                                                    
                                                                         {                                                                                     
                                                                           "Node Type": "Sort",                                                                
                                                                           "Parent Relationship": "Inner",                                                     
                                                                           "Parallel Aware": false,                                                            
                                                                           "Startup Cost": 16610.92,                                                           
                                                                           "Total Cost": 16962.16,                                                             
                                                                           "Plan Rows": 4523930,                                                               
                                                                           "Plan Width": 8,                                                                    
                                                                           "Actual Startup Time": 2214.025,                                                    
                                                                           "Actual Total Time": 2352.460,                                                      
                                                                           "Actual Rows": 943582,                                                              
                                                                           "Actual Loops": 1,                                                                  
                                                                           "Sort Key": ["mk.keyword_id"],                                                      
                                                                           "Sort Method": "quicksort",                                                         
                                                                           "Sort Space Used": 408668,                                                          
                                                                           "Sort Space Type": "Memory",                                                        
                                                                           "Shared Hit Blocks": 3,                                                             
                                                                           "Shared Read Blocks": 24451,                                                        
                                                                           "Shared Dirtied Blocks": 0,                                                         
                                                                           "Shared Written Blocks": 0,                                                         
                                                                           "Local Hit Blocks": 0,                                                              
                                                                           "Local Read Blocks": 0,                                                             
                                                                           "Local Dirtied Blocks": 0,                                                          
                                                                           "Local Written Blocks": 0,                                                          
                                                                           "Temp Read Blocks": 0,                                                              
                                                                           "Temp Written Blocks": 0,                                                           
                                                                           "Plans": [                                                                          
                                                                             {                                                                                 
                                                                               "Node Type": "Seq Scan",                                                        
                                                                               "Parent Relationship": "Outer",                                                 
                                                                               "Parallel Aware": false,                                                        
                                                                               "Relation Name": "movie_keyword",                                               
                                                                               "Alias": "mk",                                                                  
                                                                               "Startup Cost": 0.00,                                                           
                                                                               "Total Cost": 1079.84,                                                          
                                                                               "Plan Rows": 4523930,                                                           
                                                                               "Plan Width": 8,                                                                
                                                                               "Actual Startup Time": 0.006,                                                   
                                                                               "Actual Total Time": 780.905,                                                   
                                                                               "Actual Rows": 4523930,                                                         
                                                                               "Actual Loops": 1,                                                              
                                                                               "Shared Hit Blocks": 3,                                                         
                                                                               "Shared Read Blocks": 24451,                                                    
                                                                               "Shared Dirtied Blocks": 0,                                                     
                                                                               "Shared Written Blocks": 0,                                                     
                                                                               "Local Hit Blocks": 0,                                                          
                                                                               "Local Read Blocks": 0,                                                         
                                                                               "Local Dirtied Blocks": 0,                                                      
                                                                               "Local Written Blocks": 0,                                                      
                                                                               "Temp Read Blocks": 0,                                                          
                                                                               "Temp Written Blocks": 0                                                        
                                                                             }                                                                                 
                                                                           ]                                                                                   
                                                                         }                                                                                     
                                                                       ]                                                                                       
                                                                     }                                                                                         
                                                                   ]                                                                                           
                                                                 },                                                                                            
                                                                 {                                                                                             
                                                                   "Node Type": "Sort",                                                                        
                                                                   "Parent Relationship": "Inner",                                                             
                                                                   "Parallel Aware": false,                                                                    
                                                                   "Startup Cost": 3075.92,                                                                    
                                                                   "Total Cost": 3117.33,                                                                      
                                                                   "Plan Rows": 533370,                                                                        
                                                                   "Plan Width": 25,                                                                           
                                                                   "Actual Startup Time": 1826.303,                                                            
                                                                   "Actual Total Time": 1893.321,                                                              
                                                                   "Actual Rows": 533149,                                                                      
                                                                   "Actual Loops": 1,                                                                          
                                                                   "Sort Key": ["t.id"],                                                                       
                                                                   "Sort Method": "quicksort",                                                                 
                                                                   "Sort Space Used": 65282,                                                                   
                                                                   "Sort Space Type": "Memory",                                                                
                                                                   "Shared Hit Blocks": 1,                                                                     
                                                                   "Shared Read Blocks": 35997,                                                                
                                                                   "Shared Dirtied Blocks": 0,                                                                 
                                                                   "Shared Written Blocks": 0,                                                                 
                                                                   "Local Hit Blocks": 0,                                                                      
                                                                   "Local Read Blocks": 0,                                                                     
                                                                   "Local Dirtied Blocks": 0,                                                                  
                                                                   "Local Written Blocks": 0,                                                                  
                                                                   "Temp Read Blocks": 0,                                                                      
                                                                   "Temp Written Blocks": 0,                                                                   
                                                                   "Plans": [                                                                                  
                                                                     {                                                                                         
                                                                       "Node Type": "Seq Scan",                                                                
                                                                       "Parent Relationship": "Outer",                                                         
                                                                       "Parallel Aware": false,                                                                
                                                                       "Relation Name": "title",                                                               
                                                                       "Alias": "t",                                                                           
                                                                       "Startup Cost": 0.00,                                                                   
                                                                       "Total Cost": 1500.26,                                                                  
                                                                       "Plan Rows": 533370,                                                                    
                                                                       "Plan Width": 25,                                                                       
                                                                       "Actual Startup Time": 7.175,                                                           
                                                                       "Actual Total Time": 1458.946,                                                          
                                                                       "Actual Rows": 533369,                                                                  
                                                                       "Actual Loops": 1,                                                                      
                                                                       "Filter": "(production_year > 2009)",                                                   
                                                                       "Rows Removed by Filter": 1994943,                                                      
                                                                       "Shared Hit Blocks": 1,                                                                 
                                                                       "Shared Read Blocks": 35997,                                                            
                                                                       "Shared Dirtied Blocks": 0,                                                             
                                                                       "Shared Written Blocks": 0,                                                             
                                                                       "Local Hit Blocks": 0,                                                                  
                                                                       "Local Read Blocks": 0,                                                                 
                                                                       "Local Dirtied Blocks": 0,                                                              
                                                                       "Local Written Blocks": 0,                                                              
                                                                       "Temp Read Blocks": 0,                                                                  
                                                                       "Temp Written Blocks": 0                                                                
                                                                     }                                                                                         
                                                                   ]                                                                                           
                                                                 }                                                                                             
                                                               ]                                                                                               
                                                             },                                                                                                
                                                             {                                                                                                 
                                                               "Node Type": "Sort",                                                                            
                                                               "Parent Relationship": "Inner",                                                                 
                                                               "Parallel Aware": false,                                                                        
                                                               "Startup Cost": 1555.92,                                                                        
                                                               "Total Cost": 1567.04,                                                                          
                                                               "Plan Rows": 143259,                                                                            
                                                               "Plan Width": 12,                                                                               
                                                               "Actual Startup Time": 1050.347,                                                                
                                                               "Actual Total Time": 1067.729,                                                                  
                                                               "Actual Rows": 303299,                                                                          
                                                               "Actual Loops": 1,                                                                              
                                                               "Sort Key": ["mc.movie_id"],                                                                    
                                                               "Sort Method": "quicksort",                                                                     
                                                               "Sort Space Used": 26504,                                                                       
                                                               "Sort Space Type": "Memory",                                                                    
                                                               "Shared Hit Blocks": 3,                                                                         
                                                               "Shared Read Blocks": 18786,                                                                    
                                                               "Shared Dirtied Blocks": 0,                                                                     
                                                               "Shared Written Blocks": 0,                                                                     
                                                               "Local Hit Blocks": 0,                                                                          
                                                               "Local Read Blocks": 0,                                                                         
                                                               "Local Dirtied Blocks": 0,                                                                      
                                                               "Local Written Blocks": 0,                                                                      
                                                               "Temp Read Blocks": 0,                                                                          
                                                               "Temp Written Blocks": 0,                                                                       
                                                               "Plans": [                                                                                      
                                                                 {                                                                                             
                                                                   "Node Type": "Seq Scan",                                                                    
                                                                   "Parent Relationship": "Outer",                                                             
                                                                   "Parallel Aware": false,                                                                    
                                                                   "Relation Name": "movie_companies",                                                         
                                                                   "Alias": "mc",                                                                              
                                                                   "Startup Cost": 0.00,                                                                       
                                                                   "Total Cost": 1174.90,                                                                      
                                                                   "Plan Rows": 143259,                                                                        
                                                                   "Plan Width": 12,                                                                           
                                                                   "Actual Startup Time": 0.014,                                                               
                                                                   "Actual Total Time": 938.785,                                                               
                                                                   "Actual Rows": 303271,                                                                      
                                                                   "Actual Loops": 1,                                                                          
                                                                   "Filter": "((note !~~ '%(USA)%'::text) AND (note ~~ '%(200%)%'::text))",                    
                                                                   "Rows Removed by Filter": 2305858,                                                          
                                                                   "Shared Hit Blocks": 3,                                                                     
                                                                   "Shared Read Blocks": 18786,                                                                
                                                                   "Shared Dirtied Blocks": 0,                                                                 
                                                                   "Shared Written Blocks": 0,                                                                 
                                                                   "Local Hit Blocks": 0,                                                                      
                                                                   "Local Read Blocks": 0,                                                                     
                                                                   "Local Dirtied Blocks": 0,                                                                  
                                                                   "Local Written Blocks": 0,                                                                  
                                                                   "Temp Read Blocks": 0,                                                                      
                                                                   "Temp Written Blocks": 0                                                                    
                                                                 }                                                                                             
                                                               ]                                                                                               
                                                             }                                                                                                 
                                                           ]                                                                                                   
                                                         },                                                                                                    
                                                         {                                                                                                     
                                                           "Node Type": "Sort",                                                                                
                                                           "Parent Relationship": "Inner",                                                                     
                                                           "Parallel Aware": false,                                                                            
                                                           "Startup Cost": 10414.20,                                                                           
                                                           "Total Cost": 10466.06,                                                                             
                                                           "Plan Rows": 667885,                                                                                
                                                           "Plan Width": 8,                                                                                    
                                                           "Actual Startup Time": 8698.830,                                                                    
                                                           "Actual Total Time": 8727.823,                                                                      
                                                           "Actual Rows": 638196,                                                                              
                                                           "Actual Loops": 1,                                                                                  
                                                           "Sort Key": ["mi.movie_id"],                                                                        
                                                           "Sort Method": "quicksort",                                                                         
                                                           "Sort Space Used": 55952,                                                                           
                                                           "Sort Space Type": "Memory",                                                                        
                                                           "Shared Hit Blocks": 2,                                                                             
                                                           "Shared Read Blocks": 161890,                                                                       
                                                           "Shared Dirtied Blocks": 0,                                                                         
                                                           "Shared Written Blocks": 0,                                                                         
                                                           "Local Hit Blocks": 0,                                                                              
                                                           "Local Read Blocks": 0,                                                                             
                                                           "Local Dirtied Blocks": 0,                                                                          
                                                           "Local Written Blocks": 0,                                                                          
                                                           "Temp Read Blocks": 0,                                                                              
                                                           "Temp Written Blocks": 0,                                                                           
                                                           "Plans": [                                                                                          
                                                             {                                                                                                 
                                                               "Node Type": "Seq Scan",                                                                        
                                                               "Parent Relationship": "Outer",                                                                 
                                                               "Parallel Aware": false,                                                                        
                                                               "Relation Name": "movie_info",                                                                  
                                                               "Alias": "mi",                                                                                  
                                                               "Startup Cost": 0.00,                                                                           
                                                               "Total Cost": 8407.52,                                                                          
                                                               "Plan Rows": 667885,                                                                            
                                                               "Plan Width": 8,                                                                                
                                                               "Actual Startup Time": 9.391,                                                                   
                                                               "Actual Total Time": 8447.159,                                                                  
                                                               "Actual Rows": 669336,                                                                          
                                                               "Actual Loops": 1,                                                                              
                                                               "Filter": "(info = ANY ('{Germany,German,USA,American}'::text[]))",                             
                                                               "Rows Removed by Filter": 14166384,                                                             
                                                               "Shared Hit Blocks": 2,                                                                         
                                                               "Shared Read Blocks": 161890,                                                                   
                                                               "Shared Dirtied Blocks": 0,                                                                     
                                                               "Shared Written Blocks": 0,                                                                     
                                                               "Local Hit Blocks": 0,                                                                          
                                                               "Local Read Blocks": 0,                                                                         
                                                               "Local Dirtied Blocks": 0,                                                                      
                                                               "Local Written Blocks": 0,                                                                      
                                                               "Temp Read Blocks": 0,                                                                          
                                                               "Temp Written Blocks": 0                                                                        
                                                             }                                                                                                 
                                                           ]                                                                                                   
                                                         }                                                                                                     
                                                       ]                                                                                                       
                                                     },                                                                                                        
                                                     {                                                                                                         
                                                       "Node Type": "Sort",                                                                                    
                                                       "Parent Relationship": "Inner",                                                                         
                                                       "Parallel Aware": false,                                                                                
                                                       "Startup Cost": 4139.50,                                                                                
                                                       "Total Cost": 4230.56,                                                                                  
                                                       "Plan Rows": 1172842,                                                                                   
                                                       "Plan Width": 14,                                                                                       
                                                       "Actual Startup Time": 834.923,                                                                         
                                                       "Actual Total Time": 885.256,                                                                           
                                                       "Actual Rows": 1121659,                                                                                 
                                                       "Actual Loops": 1,                                                                                      
                                                       "Sort Key": ["mi_idx.movie_id"],                                                                        
                                                       "Sort Method": "quicksort",                                                                             
                                                       "Sort Space Used": 118412,                                                                              
                                                       "Sort Space Type": "Memory",                                                                            
                                                       "Shared Hit Blocks": 2,                                                                                 
                                                       "Shared Read Blocks": 8451,                                                                             
                                                       "Shared Dirtied Blocks": 0,                                                                             
                                                       "Shared Written Blocks": 0,                                                                             
                                                       "Local Hit Blocks": 0,                                                                                  
                                                       "Local Read Blocks": 0,                                                                                 
                                                       "Local Dirtied Blocks": 0,                                                                              
                                                       "Local Written Blocks": 0,                                                                              
                                                       "Temp Read Blocks": 0,                                                                                  
                                                       "Temp Written Blocks": 0,                                                                               
                                                       "Plans": [                                                                                              
                                                         {                                                                                                     
                                                           "Node Type": "Seq Scan",                                                                            
                                                           "Parent Relationship": "Outer",                                                                     
                                                           "Parallel Aware": false,                                                                            
                                                           "Relation Name": "movie_info_idx",                                                                  
                                                           "Alias": "mi_idx",                                                                                  
                                                           "Startup Cost": 0.00,                                                                               
                                                           "Total Cost": 467.71,                                                                               
                                                           "Plan Rows": 1172842,                                                                               
                                                           "Plan Width": 14,                                                                                   
                                                           "Actual Startup Time": 0.016,                                                                       
                                                           "Actual Total Time": 394.277,                                                                       
                                                           "Actual Rows": 1172832,                                                                             
                                                           "Actual Loops": 1,                                                                                  
                                                           "Filter": "(info < '7.0'::text)",                                                                   
                                                           "Rows Removed by Filter": 207203,                                                                   
                                                           "Shared Hit Blocks": 2,                                                                             
                                                           "Shared Read Blocks": 8451,                                                                         
                                                           "Shared Dirtied Blocks": 0,                                                                         
                                                           "Shared Written Blocks": 0,                                                                         
                                                           "Local Hit Blocks": 0,                                                                              
                                                           "Local Read Blocks": 0,                                                                             
                                                           "Local Dirtied Blocks": 0,                                                                          
                                                           "Local Written Blocks": 0,                                                                          
                                                           "Temp Read Blocks": 0,                                                                              
                                                           "Temp Written Blocks": 0                                                                            
                                                         }                                                                                                     
                                                       ]                                                                                                       
                                                     }                                                                                                         
                                                   ]                                                                                                           
                                                 }                                                                                                             
                                               ]                                                                                                               
                                             },                                                                                                                
                                             {                                                                                                                 
                                               "Node Type": "Sort",                                                                                            
                                               "Parent Relationship": "Inner",                                                                                 
                                               "Parallel Aware": false,                                                                                        
                                               "Startup Cost": 0.05,                                                                                           
                                               "Total Cost": 0.05,                                                                                             
                                               "Plan Rows": 1,                                                                                                 
                                               "Plan Width": 4,                                                                                                
                                               "Actual Startup Time": 0.034,                                                                                   
                                               "Actual Total Time": 0.034,                                                                                     
                                               "Actual Rows": 1,                                                                                               
                                               "Actual Loops": 1,                                                                                              
                                               "Sort Key": ["it2.id"],                                                                                         
                                               "Sort Method": "quicksort",                                                                                     
                                               "Sort Space Used": 25,                                                                                          
                                               "Sort Space Type": "Memory",                                                                                    
                                               "Shared Hit Blocks": 1,                                                                                         
                                               "Shared Read Blocks": 0,                                                                                        
                                               "Shared Dirtied Blocks": 0,                                                                                     
                                               "Shared Written Blocks": 0,                                                                                     
                                               "Local Hit Blocks": 0,                                                                                          
                                               "Local Read Blocks": 0,                                                                                         
                                               "Local Dirtied Blocks": 0,                                                                                      
                                               "Local Written Blocks": 0,                                                                                      
                                               "Temp Read Blocks": 0,                                                                                          
                                               "Temp Written Blocks": 0,                                                                                       
                                               "Plans": [                                                                                                      
                                                 {                                                                                                             
                                                   "Node Type": "Seq Scan",                                                                                    
                                                   "Parent Relationship": "Outer",                                                                             
                                                   "Parallel Aware": false,                                                                                    
                                                   "Relation Name": "info_type",                                                                               
                                                   "Alias": "it2",                                                                                             
                                                   "Startup Cost": 0.00,                                                                                       
                                                   "Total Cost": 0.05,                                                                                         
                                                   "Plan Rows": 1,                                                                                             
                                                   "Plan Width": 4,                                                                                            
                                                   "Actual Startup Time": 0.025,                                                                               
                                                   "Actual Total Time": 0.027,                                                                                 
                                                   "Actual Rows": 1,                                                                                           
                                                   "Actual Loops": 1,                                                                                          
                                                   "Filter": "((info)::text = 'rating'::text)",                                                                
                                                   "Rows Removed by Filter": 112,                                                                              
                                                   "Shared Hit Blocks": 1,                                                                                     
                                                   "Shared Read Blocks": 0,                                                                                    
                                                   "Shared Dirtied Blocks": 0,                                                                                 
                                                   "Shared Written Blocks": 0,                                                                                 
                                                   "Local Hit Blocks": 0,                                                                                      
                                                   "Local Read Blocks": 0,                                                                                     
                                                   "Local Dirtied Blocks": 0,                                                                                  
                                                   "Local Written Blocks": 0,                                                                                  
                                                   "Temp Read Blocks": 0,                                                                                      
                                                   "Temp Written Blocks": 0                                                                                    
                                                 }                                                                                                             
                                               ]                                                                                                               
                                             }                                                                                                                 
                                           ]                                                                                                                   
                                         }                                                                                                                     
                                       ]                                                                                                                       
                                     },                                                                                                                        
                                     {                                                                                                                         
                                       "Node Type": "Sort",                                                                                                    
                                       "Parent Relationship": "Inner",                                                                                         
                                       "Parallel Aware": false,                                                                                                
                                       "Startup Cost": 0.05,                                                                                                   
                                       "Total Cost": 0.05,                                                                                                     
                                       "Plan Rows": 1,                                                                                                         
                                       "Plan Width": 4,                                                                                                        
                                       "Actual Startup Time": 0.018,                                                                                           
                                       "Actual Total Time": 0.018,                                                                                             
                                       "Actual Rows": 1,                                                                                                       
                                       "Actual Loops": 1,                                                                                                      
                                       "Sort Key": ["it1.id"],                                                                                                 
                                       "Sort Method": "quicksort",                                                                                             
                                       "Sort Space Used": 25,                                                                                                  
                                       "Sort Space Type": "Memory",                                                                                            
                                       "Shared Hit Blocks": 1,                                                                                                 
                                       "Shared Read Blocks": 0,                                                                                                
                                       "Shared Dirtied Blocks": 0,                                                                                             
                                       "Shared Written Blocks": 0,                                                                                             
                                       "Local Hit Blocks": 0,                                                                                                  
                                       "Local Read Blocks": 0,                                                                                                 
                                       "Local Dirtied Blocks": 0,                                                                                              
                                       "Local Written Blocks": 0,                                                                                              
                                       "Temp Read Blocks": 0,                                                                                                  
                                       "Temp Written Blocks": 0,                                                                                               
                                       "Plans": [                                                                                                              
                                         {                                                                                                                     
                                           "Node Type": "Seq Scan",                                                                                            
                                           "Parent Relationship": "Outer",                                                                                     
                                           "Parallel Aware": false,                                                                                            
                                           "Relation Name": "info_type",                                                                                       
                                           "Alias": "it1",                                                                                                     
                                           "Startup Cost": 0.00,                                                                                               
                                           "Total Cost": 0.05,                                                                                                 
                                           "Plan Rows": 1,                                                                                                     
                                           "Plan Width": 4,                                                                                                    
                                           "Actual Startup Time": 0.006,                                                                                       
                                           "Actual Total Time": 0.015,                                                                                         
                                           "Actual Rows": 1,                                                                                                   
                                           "Actual Loops": 1,                                                                                                  
                                           "Filter": "((info)::text = 'countries'::text)",                                                                     
                                           "Rows Removed by Filter": 112,                                                                                      
                                           "Shared Hit Blocks": 1,                                                                                             
                                           "Shared Read Blocks": 0,                                                                                            
                                           "Shared Dirtied Blocks": 0,                                                                                         
                                           "Shared Written Blocks": 0,                                                                                         
                                           "Local Hit Blocks": 0,                                                                                              
                                           "Local Read Blocks": 0,                                                                                             
                                           "Local Dirtied Blocks": 0,                                                                                          
                                           "Local Written Blocks": 0,                                                                                          
                                           "Temp Read Blocks": 0,                                                                                              
                                           "Temp Written Blocks": 0                                                                                            
                                         }                                                                                                                     
                                       ]                                                                                                                       
                                     }                                                                                                                         
                                   ]                                                                                                                           
                                 }                                                                                                                             
                               ]                                                                                                                               
                             },                                                                                                                                
                             {                                                                                                                                 
                               "Node Type": "Sort",                                                                                                            
                               "Parent Relationship": "Inner",                                                                                                 
                               "Parallel Aware": false,                                                                                                        
                               "Startup Cost": 0.03,                                                                                                           
                               "Total Cost": 0.03,                                                                                                             
                               "Plan Rows": 2,                                                                                                                 
                               "Plan Width": 4,                                                                                                                
                               "Actual Startup Time": 0.011,                                                                                                   
                               "Actual Total Time": 0.011,                                                                                                     
                               "Actual Rows": 2,                                                                                                               
                               "Actual Loops": 1,                                                                                                              
                               "Sort Key": ["kt.id"],                                                                                                          
                               "Sort Method": "quicksort",                                                                                                     
                               "Sort Space Used": 25,                                                                                                          
                               "Sort Space Type": "Memory",                                                                                                    
                               "Shared Hit Blocks": 1,                                                                                                         
                               "Shared Read Blocks": 0,                                                                                                        
                               "Shared Dirtied Blocks": 0,                                                                                                     
                               "Shared Written Blocks": 0,                                                                                                     
                               "Local Hit Blocks": 0,                                                                                                          
                               "Local Read Blocks": 0,                                                                                                         
                               "Local Dirtied Blocks": 0,                                                                                                      
                               "Local Written Blocks": 0,                                                                                                      
                               "Temp Read Blocks": 0,                                                                                                          
                               "Temp Written Blocks": 0,                                                                                                       
                               "Plans": [                                                                                                                      
                                 {                                                                                                                             
                                   "Node Type": "Seq Scan",                                                                                                    
                                   "Parent Relationship": "Outer",                                                                                             
                                   "Parallel Aware": false,                                                                                                    
                                   "Relation Name": "kind_type",                                                                                               
                                   "Alias": "kt",                                                                                                              
                                   "Startup Cost": 0.00,                                                                                                       
                                   "Total Cost": 0.03,                                                                                                         
                                   "Plan Rows": 2,                                                                                                             
                                   "Plan Width": 4,                                                                                                            
                                   "Actual Startup Time": 0.007,                                                                                               
                                   "Actual Total Time": 0.008,                                                                                                 
                                   "Actual Rows": 2,                                                                                                           
                                   "Actual Loops": 1,                                                                                                          
                                   "Filter": "((kind)::text = ANY ('{movie,episode}'::text[]))",                                                               
                                   "Rows Removed by Filter": 5,                                                                                                
                                   "Shared Hit Blocks": 1,                                                                                                     
                                   "Shared Read Blocks": 0,                                                                                                    
                                   "Shared Dirtied Blocks": 0,                                                                                                 
                                   "Shared Written Blocks": 0,                                                                                                 
                                   "Local Hit Blocks": 0,                                                                                                      
                                   "Local Read Blocks": 0,                                                                                                     
                                   "Local Dirtied Blocks": 0,                                                                                                  
                                   "Local Written Blocks": 0,                                                                                                  
                                   "Temp Read Blocks": 0,                                                                                                      
                                   "Temp Written Blocks": 0                                                                                                    
                                 }                                                                                                                             
                               ]                                                                                                                               
                             }                                                                                                                                 
                           ]                                                                                                                                   
                         }                                                                                                                                     
                       ]                                                                                                                                       
                     },                                                                                                                                        
                     {                                                                                                                                         
                       "Node Type": "Sort",                                                                                                                    
                       "Parent Relationship": "Inner",                                                                                                         
                       "Parallel Aware": false,                                                                                                                
                       "Startup Cost": 0.03,                                                                                                                   
                       "Total Cost": 0.03,                                                                                                                     
                       "Plan Rows": 4,                                                                                                                         
                       "Plan Width": 4,                                                                                                                        
                       "Actual Startup Time": 0.007,                                                                                                           
                       "Actual Total Time": 0.007,                                                                                                             
                       "Actual Rows": 1,                                                                                                                       
                       "Actual Loops": 1,                                                                                                                      
                       "Sort Key": ["ct.id"],                                                                                                                  
                       "Sort Method": "quicksort",                                                                                                             
                       "Sort Space Used": 25,                                                                                                                  
                       "Sort Space Type": "Memory",                                                                                                            
                       "Shared Hit Blocks": 1,                                                                                                                 
                       "Shared Read Blocks": 0,                                                                                                                
                       "Shared Dirtied Blocks": 0,                                                                                                             
                       "Shared Written Blocks": 0,                                                                                                             
                       "Local Hit Blocks": 0,                                                                                                                  
                       "Local Read Blocks": 0,                                                                                                                 
                       "Local Dirtied Blocks": 0,                                                                                                              
                       "Local Written Blocks": 0,                                                                                                              
                       "Temp Read Blocks": 0,                                                                                                                  
                       "Temp Written Blocks": 0,                                                                                                               
                       "Plans": [                                                                                                                              
                         {                                                                                                                                     
                           "Node Type": "Seq Scan",                                                                                                            
                           "Parent Relationship": "Outer",                                                                                                     
                           "Parallel Aware": false,                                                                                                            
                           "Relation Name": "company_type",                                                                                                    
                           "Alias": "ct",                                                                                                                      
                           "Startup Cost": 0.00,                                                                                                               
                           "Total Cost": 0.03,                                                                                                                 
                           "Plan Rows": 4,                                                                                                                     
                           "Plan Width": 4,                                                                                                                    
                           "Actual Startup Time": 0.003,                                                                                                       
                           "Actual Total Time": 0.004,                                                                                                         
                           "Actual Rows": 4,                                                                                                                   
                           "Actual Loops": 1,                                                                                                                  
                           "Shared Hit Blocks": 1,                                                                                                             
                           "Shared Read Blocks": 0,                                                                                                            
                           "Shared Dirtied Blocks": 0,                                                                                                         
                           "Shared Written Blocks": 0,                                                                                                         
                           "Local Hit Blocks": 0,                                                                                                              
                           "Local Read Blocks": 0,                                                                                                             
                           "Local Dirtied Blocks": 0,                                                                                                          
                           "Local Written Blocks": 0,                                                                                                          
                           "Temp Read Blocks": 0,                                                                                                              
                           "Temp Written Blocks": 0                                                                                                            
                         }                                                                                                                                     
                       ]                                                                                                                                       
                     }                                                                                                                                         
                   ]                                                                                                                                           
                 }                                                                                                                                             
               ]                                                                                                                                               
             },                                                                                                                                                
             {                                                                                                                                                 
               "Node Type": "Sort",                                                                                                                            
               "Parent Relationship": "Inner",                                                                                                                 
               "Parallel Aware": false,                                                                                                                        
               "Startup Cost": 460.56,                                                                                                                         
               "Total Cost": 470.36,                                                                                                                           
               "Plan Rows": 126230,                                                                                                                            
               "Plan Width": 23,                                                                                                                               
               "Actual Startup Time": 180.916,                                                                                                                 
               "Actual Total Time": 184.274,                                                                                                                   
               "Actual Rows": 29841,                                                                                                                           
               "Actual Loops": 1,                                                                                                                              
               "Sort Key": ["cn.id"],                                                                                                                          
               "Sort Method": "quicksort",                                                                                                                     
               "Sort Space Used": 12077,                                                                                                                       
               "Sort Space Type": "Memory",                                                                                                                    
               "Shared Hit Blocks": 2,                                                                                                                         
               "Shared Read Blocks": 2992,                                                                                                                     
               "Shared Dirtied Blocks": 0,                                                                                                                     
               "Shared Written Blocks": 0,                                                                                                                     
               "Local Hit Blocks": 0,                                                                                                                          
               "Local Read Blocks": 0,                                                                                                                         
               "Local Dirtied Blocks": 0,                                                                                                                      
               "Local Written Blocks": 0,                                                                                                                      
               "Temp Read Blocks": 0,                                                                                                                          
               "Temp Written Blocks": 0,                                                                                                                       
               "Plans": [                                                                                                                                      
                 {                                                                                                                                             
                   "Node Type": "Seq Scan",                                                                                                                    
                   "Parent Relationship": "Outer",                                                                                                             
                   "Parallel Aware": false,                                                                                                                    
                   "Relation Name": "company_name",                                                                                                            
                   "Alias": "cn",                                                                                                                              
                   "Startup Cost": 0.00,                                                                                                                       
                   "Total Cost": 128.41,                                                                                                                       
                   "Plan Rows": 126230,                                                                                                                        
                   "Plan Width": 23,                                                                                                                           
                   "Actual Startup Time": 20.590,                                                                                                              
                   "Actual Total Time": 115.949,                                                                                                               
                   "Actual Rows": 126230,                                                                                                                      
                   "Actual Loops": 1,                                                                                                                          
                   "Filter": "((country_code)::text <> '[us]'::text)",                                                                                         
                   "Rows Removed by Filter": 108767,                                                                                                           
                   "Shared Hit Blocks": 2,                                                                                                                     
                   "Shared Read Blocks": 2992,                                                                                                                 
                   "Shared Dirtied Blocks": 0,                                                                                                                 
                   "Shared Written Blocks": 0,                                                                                                                 
                   "Local Hit Blocks": 0,                                                                                                                      
                   "Local Read Blocks": 0,                                                                                                                     
                   "Local Dirtied Blocks": 0,                                                                                                                  
                   "Local Written Blocks": 0,                                                                                                                  
                   "Temp Read Blocks": 0,                                                                                                                      
                   "Temp Written Blocks": 0                                                                                                                    
                 }                                                                                                                                             
               ]                                                                                                                                               
             }                                                                                                                                                 
           ]                                                                                                                                                   
         }                                                                                                                                                     
       ]                                                                                                                                                       
     },                                                                                                                                                        
     "Planning Time": 9293.918,                                                                                                                                
     "Triggers": [                                                                                                                                             
     ],                                                                                                                                                        
     "Execution Time": 15687.807                                                                                                                               
   }                                                                                                                                                           
 ]
