     "Plan": {                                                                                                                                                 
       "Node Type": "Aggregate",                                                                                                                               
       "Strategy": "Plain",                                                                                                                                    
       "Partial Mode": "Simple",                                                                                                                               
       "Parallel Aware": false,                                                                                                                                
       "Startup Cost": 42449.70,                                                                                                                               
       "Total Cost": 42449.70,                                                                                                                                 
       "Plan Rows": 1,                                                                                                                                         
       "Plan Width": 64,                                                                                                                                       
       "Actual Startup Time": 15917.132,                                                                                                                       
       "Actual Total Time": 15917.132,                                                                                                                         
       "Actual Rows": 1,                                                                                                                                       
       "Actual Loops": 1,                                                                                                                                      
       "Shared Hit Blocks": 24,                                                                                                                                
       "Shared Read Blocks": 245791,                                                                                                                           
       "Shared Dirtied Blocks": 0,                                                                                                                             
       "Shared Written Blocks": 0,                                                                                                                             
       "Local Hit Blocks": 0,                                                                                                                                  
       "Local Read Blocks": 0,                                                                                                                                 
       "Local Dirtied Blocks": 0,                                                                                                                              
       "Local Written Blocks": 0,                                                                                                                              
       "Temp Read Blocks": 0,                                                                                                                                  
       "Temp Written Blocks": 0,                                                                                                                               
       "Plans": [                                                                                                                                              
         {                                                                                                                                                     
           "Node Type": "Merge Join",                                                                                                                          
           "Parent Relationship": "Outer",                                                                                                                     
           "Parallel Aware": false,                                                                                                                            
           "Join Type": "Inner",                                                                                                                               
           "Startup Cost": 42449.70,                                                                                                                           
           "Total Cost": 42449.70,                                                                                                                             
           "Plan Rows": 1,                                                                                                                                     
           "Plan Width": 27,                                                                                                                                   
           "Actual Startup Time": 15917.090,                                                                                                                   
           "Actual Total Time": 15917.095,                                                                                                                     
           "Actual Rows": 16,                                                                                                                                  
           "Actual Loops": 1,                                                                                                                                  
           "Inner Unique": true,                                                                                                                               
           "Merge Cond": "(mc.company_type_id = ct.id)",                                                                                                       
           "Shared Hit Blocks": 24,                                                                                                                            
           "Shared Read Blocks": 245791,                                                                                                                       
           "Shared Dirtied Blocks": 0,                                                                                                                         
           "Shared Written Blocks": 0,                                                                                                                         
           "Local Hit Blocks": 0,                                                                                                                              
           "Local Read Blocks": 0,                                                                                                                             
           "Local Dirtied Blocks": 0,                                                                                                                          
           "Local Written Blocks": 0,                                                                                                                          
           "Temp Read Blocks": 0,                                                                                                                              
           "Temp Written Blocks": 0,                                                                                                                           
           "Plans": [                                                                                                                                          
             {                                                                                                                                                 
               "Node Type": "Sort",                                                                                                                            
               "Parent Relationship": "Outer",                                                                                                                 
               "Parallel Aware": false,                                                                                                                        
               "Startup Cost": 42449.67,                                                                                                                       
               "Total Cost": 42449.67,                                                                                                                         
               "Plan Rows": 1,                                                                                                                                 
               "Plan Width": 31,                                                                                                                               
               "Actual Startup Time": 15917.078,                                                                                                               
               "Actual Total Time": 15917.079,                                                                                                                 
               "Actual Rows": 16,                                                                                                                              
               "Actual Loops": 1,                                                                                                                              
               "Sort Key": ["mc.company_type_id"],                                                                                                             
               "Sort Method": "quicksort",                                                                                                                     
               "Sort Space Used": 26,                                                                                                                          
               "Sort Space Type": "Memory",                                                                                                                    
               "Shared Hit Blocks": 23,                                                                                                                        
               "Shared Read Blocks": 245791,                                                                                                                   
               "Shared Dirtied Blocks": 0,                                                                                                                     
               "Shared Written Blocks": 0,                                                                                                                     
               "Local Hit Blocks": 0,                                                                                                                          
               "Local Read Blocks": 0,                                                                                                                         
               "Local Dirtied Blocks": 0,                                                                                                                      
               "Local Written Blocks": 0,                                                                                                                      
               "Temp Read Blocks": 0,                                                                                                                          
               "Temp Written Blocks": 0,                                                                                                                       
               "Plans": [                                                                                                                                      
                 {                                                                                                                                             
                   "Node Type": "Merge Join",                                                                                                                  
                   "Parent Relationship": "Outer",                                                                                                             
                   "Parallel Aware": false,                                                                                                                    
                   "Join Type": "Inner",                                                                                                                       
                   "Startup Cost": 42449.67,                                                                                                                   
                   "Total Cost": 42449.67,                                                                                                                     
                   "Plan Rows": 1,                                                                                                                             
                   "Plan Width": 31,                                                                                                                           
                   "Actual Startup Time": 15907.964,                                                                                                           
                   "Actual Total Time": 15907.969,                                                                                                             
                   "Actual Rows": 16,                                                                                                                          
                   "Actual Loops": 1,                                                                                                                          
                   "Inner Unique": true,                                                                                                                       
                   "Merge Cond": "(t.kind_id = kt.id)",                                                                                                        
                   "Shared Hit Blocks": 19,                                                                                                                    
                   "Shared Read Blocks": 245791,                                                                                                               
                   "Shared Dirtied Blocks": 0,                                                                                                                 
                   "Shared Written Blocks": 0,                                                                                                                 
                   "Local Hit Blocks": 0,                                                                                                                      
                   "Local Read Blocks": 0,                                                                                                                     
                   "Local Dirtied Blocks": 0,                                                                                                                  
                   "Local Written Blocks": 0,                                                                                                                  
                   "Temp Read Blocks": 0,                                                                                                                      
                   "Temp Written Blocks": 0,                                                                                                                   
                   "Plans": [                                                                                                                                  
                     {                                                                                                                                         
                       "Node Type": "Sort",                                                                                                                    
                       "Parent Relationship": "Outer",                                                                                                         
                       "Parallel Aware": false,                                                                                                                
                       "Startup Cost": 42449.63,                                                                                                               
                       "Total Cost": 42449.64,                                                                                                                 
                       "Plan Rows": 1,                                                                                                                         
                       "Plan Width": 25,                                                                                                                       
                       "Actual Startup Time": 15907.952,                                                                                                       
                       "Actual Total Time": 15907.953,                                                                                                         
                       "Actual Rows": 16,                                                                                                                      
                       "Actual Loops": 1,                                                                                                                      
                       "Sort Key": ["t.kind_id"],                                                                                                              
                       "Sort Method": "quicksort",                                                                                                             
                       "Sort Space Used": 26,                                                                                                                  
                       "Sort Space Type": "Memory",                                                                                                            
                       "Shared Hit Blocks": 18,                                                                                                                
                       "Shared Read Blocks": 245791,                                                                                                           
                       "Shared Dirtied Blocks": 0,                                                                                                             
                       "Shared Written Blocks": 0,                                                                                                             
                       "Local Hit Blocks": 0,                                                                                                                  
                       "Local Read Blocks": 0,                                                                                                                 
                       "Local Dirtied Blocks": 0,                                                                                                              
                       "Local Written Blocks": 0,                                                                                                              
                       "Temp Read Blocks": 0,                                                                                                                  
                       "Temp Written Blocks": 0,                                                                                                               
                       "Plans": [                                                                                                                              
                         {                                                                                                                                     
                           "Node Type": "Merge Join",                                                                                                          
                           "Parent Relationship": "Outer",                                                                                                     
                           "Parallel Aware": false,                                                                                                            
                           "Join Type": "Inner",                                                                                                               
                           "Startup Cost": 42449.63,                                                                                                           
                           "Total Cost": 42449.63,                                                                                                             
                           "Plan Rows": 1,                                                                                                                     
                           "Plan Width": 25,                                                                                                                   
                           "Actual Startup Time": 15907.931,                                                                                                   
                           "Actual Total Time": 15907.936,                                                                                                     
                           "Actual Rows": 16,                                                                                                                  
                           "Actual Loops": 1,                                                                                                                  
                           "Inner Unique": true,                                                                                                               
                           "Merge Cond": "(cc.status_id = cct.id)",                                                                                           
                           "Shared Hit Blocks": 18,                                                                                                            
                           "Shared Read Blocks": 245791,                                                                                                       
                           "Shared Dirtied Blocks": 0,                                                                                                         
                           "Shared Written Blocks": 0,                                                                                                         
                           "Local Hit Blocks": 0,                                                                                                              
                           "Local Read Blocks": 0,                                                                                                             
                           "Local Dirtied Blocks": 0,                                                                                                          
                           "Local Written Blocks": 0,                                                                                                          
                           "Temp Read Blocks": 0,                                                                                                              
                           "Temp Written Blocks": 0,                                                                                                           
                           "Plans": [                                                                                                                          
                             {                                                                                                                                 
                               "Node Type": "Sort",                                                                                                            
                               "Parent Relationship": "Outer",                                                                                                 
                               "Parallel Aware": false,                                                                                                        
                               "Startup Cost": 42449.60,                                                                                                       
                               "Total Cost": 42449.60,                                                                                                         
                               "Plan Rows": 1,                                                                                                                 
                               "Plan Width": 29,                                                                                                               
                               "Actual Startup Time": 15907.915,                                                                                               
                               "Actual Total Time": 15907.916,                                                                                                 
                               "Actual Rows": 16,                                                                                                              
                               "Actual Loops": 1,                                                                                                              
                               "Sort Key": ["cc.status_id"],                                                                                                   
                               "Sort Method": "quicksort",                                                                                                     
                               "Sort Space Used": 26,                                                                                                          
                               "Sort Space Type": "Memory",                                                                                                    
                               "Shared Hit Blocks": 17,                                                                                                        
                               "Shared Read Blocks": 245791,                                                                                                   
                               "Shared Dirtied Blocks": 0,                                                                                                     
                               "Shared Written Blocks": 0,                                                                                                     
                               "Local Hit Blocks": 0,                                                                                                          
                               "Local Read Blocks": 0,                                                                                                         
                               "Local Dirtied Blocks": 0,                                                                                                      
                               "Local Written Blocks": 0,                                                                                                      
                               "Temp Read Blocks": 0,                                                                                                          
                               "Temp Written Blocks": 0,                                                                                                       
                               "Plans": [                                                                                                                      
                                 {                                                                                                                             
                                   "Node Type": "Merge Join",                                                                                                  
                                   "Parent Relationship": "Outer",                                                                                             
                                   "Parallel Aware": false,                                                                                                    
                                   "Join Type": "Inner",                                                                                                       
                                   "Startup Cost": 42449.60,                                                                                                   
                                   "Total Cost": 42449.60,                                                                                                     
                                   "Plan Rows": 1,                                                                                                             
                                   "Plan Width": 29,                                                                                                           
                                   "Actual Startup Time": 15907.726,                                                                                           
                                   "Actual Total Time": 15907.892,                                                                                             
                                   "Actual Rows": 16,                                                                                                          
                                   "Actual Loops": 1,                                                                                                          
                                   "Inner Unique": true,                                                                                                       
                                   "Merge Cond": "(mk.keyword_id = k.id)",                                                                                     
                                   "Shared Hit Blocks": 17,                                                                                                    
                                   "Shared Read Blocks": 245791,                                                                                               
                                   "Shared Dirtied Blocks": 0,                                                                                                 
                                   "Shared Written Blocks": 0,                                                                                                 
                                   "Local Hit Blocks": 0,                                                                                                      
                                   "Local Read Blocks": 0,                                                                                                     
                                   "Local Dirtied Blocks": 0,                                                                                                  
                                   "Local Written Blocks": 0,                                                                                                  
                                   "Temp Read Blocks": 0,                                                                                                      
                                   "Temp Written Blocks": 0,                                                                                                   
                                   "Plans": [                                                                                                                  
                                     {                                                                                                                         
                                       "Node Type": "Sort",                                                                                                    
                                       "Parent Relationship": "Outer",                                                                                         
                                       "Parallel Aware": false,                                                                                                
                                       "Startup Cost": 42389.72,                                                                                               
                                       "Total Cost": 42389.72,                                                                                                 
                                       "Plan Rows": 7,                                                                                                         
                                       "Plan Width": 33,                                                                                                       
                                       "Actual Startup Time": 15819.265,                                                                                       
                                       "Actual Total Time": 15819.336,                                                                                         
                                       "Actual Rows": 686,                                                                                                     
                                       "Actual Loops": 1,                                                                                                      
                                       "Sort Key": ["mk.keyword_id"],                                                                                          
                                       "Sort Method": "quicksort",                                                                                             
                                       "Sort Space Used": 90,                                                                                                  
                                       "Sort Space Type": "Memory",                                                                                            
                                       "Shared Hit Blocks": 15,                                                                                                
                                       "Shared Read Blocks": 244844,                                                                                           
                                       "Shared Dirtied Blocks": 0,                                                                                             
                                       "Shared Written Blocks": 0,                                                                                             
                                       "Local Hit Blocks": 0,                                                                                                  
                                       "Local Read Blocks": 0,                                                                                                 
                                       "Local Dirtied Blocks": 0,                                                                                              
                                       "Local Written Blocks": 0,                                                                                              
                                       "Temp Read Blocks": 0,                                                                                                  
                                       "Temp Written Blocks": 0,                                                                                               
                                       "Plans": [                                                                                                              
                                         {                                                                                                                     
                                           "Node Type": "Merge Join",                                                                                          
                                           "Parent Relationship": "Outer",                                                                                     
                                           "Parallel Aware": false,                                                                                            
                                           "Join Type": "Inner",                                                                                               
                                           "Startup Cost": 41452.32,                                                                                           
                                           "Total Cost": 42389.72,                                                                                             
                                           "Plan Rows": 7,                                                                                                     
                                           "Plan Width": 33,                                                                                                   
                                           "Actual Startup Time": 15219.754,                                                                                   
                                           "Actual Total Time": 15818.965,                                                                                     
                                           "Actual Rows": 839,                                                                                                 
                                           "Actual Loops": 1,                                                                                                  
                                           "Inner Unique": false,                                                                                              
                                           "Merge Cond": "(t.id = mk.movie_id)",                                                                               
                                           "Shared Hit Blocks": 15,                                                                                            
                                           "Shared Read Blocks": 244844,                                                                                       
                                           "Shared Dirtied Blocks": 0,                                                                                         
                                           "Shared Written Blocks": 0,                                                                                         
                                           "Local Hit Blocks": 0,                                                                                              
                                           "Local Read Blocks": 0,                                                                                             
                                           "Local Dirtied Blocks": 0,                                                                                          
                                           "Local Written Blocks": 0,                                                                                          
                                           "Temp Read Blocks": 0,                                                                                              
                                           "Temp Written Blocks": 0,                                                                                           
                                           "Plans": [                                                                                                          
                                             {                                                                                                                 
                                               "Node Type": "Merge Join",                                                                                      
                                               "Parent Relationship": "Outer",                                                                                 
                                               "Parallel Aware": false,                                                                                        
                                               "Join Type": "Inner",                                                                                           
                                               "Startup Cost": 24841.39,                                                                                       
                                               "Total Cost": 25076.32,                                                                                         
                                               "Plan Rows": 1,                                                                                                 
                                               "Plan Width": 45,                                                                                               
                                               "Actual Startup Time": 12947.208,                                                                               
                                               "Actual Total Time": 13061.410,                                                                                 
                                               "Actual Rows": 48,                                                                                              
                                               "Actual Loops": 1,                                                                                              
                                               "Inner Unique": true,                                                                                           
                                               "Merge Cond": "(mi.movie_id = t.id)",                                                                           
                                               "Shared Hit Blocks": 12,                                                                                        
                                               "Shared Read Blocks": 220393,                                                                                   
                                               "Shared Dirtied Blocks": 0,                                                                                     
                                               "Shared Written Blocks": 0,                                                                                     
                                               "Local Hit Blocks": 0,                                                                                          
                                               "Local Read Blocks": 0,                                                                                         
                                               "Local Dirtied Blocks": 0,                                                                                      
                                               "Local Written Blocks": 0,                                                                                      
                                               "Temp Read Blocks": 0,                                                                                          
                                               "Temp Written Blocks": 0,                                                                                       
                                               "Plans": [                                                                                                      
                                                 {                                                                                                             
                                                   "Node Type": "Merge Join",                                                                                  
                                                   "Parent Relationship": "Outer",                                                                             
                                                   "Parallel Aware": false,                                                                                    
                                                   "Join Type": "Inner",                                                                                       
                                                   "Startup Cost": 18965.59,                                                                                   
                                                   "Total Cost": 18986.16,                                                                                     
                                                   "Plan Rows": 1,                                                                                             
                                                   "Plan Width": 20,                                                                                           
                                                   "Actual Startup Time": 10522.899,                                                                           
                                                   "Actual Total Time": 10542.197,                                                                             
                                                   "Actual Rows": 50,                                                                                          
                                                   "Actual Loops": 1,                                                                                          
                                                   "Inner Unique": false,                                                                                      
                                                   "Merge Cond": "(mi.movie_id = cc.movie_id)",                                                                
                                                   "Shared Hit Blocks": 10,                                                                                    
                                                   "Shared Read Blocks": 184397,                                                                               
                                                   "Shared Dirtied Blocks": 0,                                                                                 
                                                   "Shared Written Blocks": 0,                                                                                 
                                                   "Local Hit Blocks": 0,                                                                                      
                                                   "Local Read Blocks": 0,                                                                                     
                                                   "Local Dirtied Blocks": 0,                                                                                  
                                                   "Local Written Blocks": 0,                                                                                  
                                                   "Temp Read Blocks": 0,                                                                                      
                                                   "Temp Written Blocks": 0,                                                                                   
                                                   "Plans": [                                                                                                  
                                                     {                                                                                                         
                                                       "Node Type": "Sort",                                                                                    
                                                       "Parent Relationship": "Outer",                                                                         
                                                       "Parallel Aware": false,                                                                                
                                                       "Startup Cost": 18575.81,                                                                               
                                                       "Total Cost": 18575.81,                                                                                 
                                                       "Plan Rows": 3,                                                                                         
                                                       "Plan Width": 12,                                                                                       
                                                       "Actual Startup Time": 10414.877,                                                                       
                                                       "Actual Total Time": 10415.137,                                                                         
                                                       "Actual Rows": 2633,                                                                                    
                                                       "Actual Loops": 1,                                                                                      
                                                       "Sort Key": ["mc.movie_id"],                                                                            
                                                       "Sort Method": "quicksort",                                                                             
                                                       "Sort Space Used": 220,                                                                                 
                                                       "Sort Space Type": "Memory",                                                                            
                                                       "Shared Hit Blocks": 8,                                                                                 
                                                       "Shared Read Blocks": 183668,                                                                           
                                                       "Shared Dirtied Blocks": 0,                                                                             
                                                       "Shared Written Blocks": 0,                                                                             
                                                       "Local Hit Blocks": 0,                                                                                  
                                                       "Local Read Blocks": 0,                                                                                 
                                                       "Local Dirtied Blocks": 0,                                                                              
                                                       "Local Written Blocks": 0,                                                                              
                                                       "Temp Read Blocks": 0,                                                                                  
                                                       "Temp Written Blocks": 0,                                                                               
                                                       "Plans": [                                                                                              
                                                         {                                                                                                     
                                                           "Node Type": "Merge Join",                                                                          
                                                           "Parent Relationship": "Outer",                                                                     
                                                           "Parallel Aware": false,                                                                            
                                                           "Join Type": "Inner",                                                                               
                                                           "Startup Cost": 18562.64,                                                                           
                                                           "Total Cost": 18575.81,                                                                             
                                                           "Plan Rows": 3,                                                                                     
                                                           "Plan Width": 12,                                                                                   
                                                           "Actual Startup Time": 10396.181,                                                                   
                                                           "Actual Total Time": 10414.019,                                                                     
                                                           "Actual Rows": 2633,                                                                                
                                                           "Actual Loops": 1,                                                                                  
                                                           "Inner Unique": true,                                                                               
                                                           "Merge Cond": "(mc.company_id = cn.id)",                                                            
                                                           "Shared Hit Blocks": 8,                                                                             
                                                           "Shared Read Blocks": 183668,                                                                       
                                                           "Shared Dirtied Blocks": 0,                                                                         
                                                           "Shared Written Blocks": 0,                                                                         
                                                           "Local Hit Blocks": 0,                                                                              
                                                           "Local Read Blocks": 0,                                                                             
                                                           "Local Dirtied Blocks": 0,                                                                          
                                                           "Local Written Blocks": 0,                                                                          
                                                           "Temp Read Blocks": 0,                                                                              
                                                           "Temp Written Blocks": 0,                                                                           
                                                           "Plans": [                                                                                          
                                                             {                                                                                                 
                                                               "Node Type": "Sort",                                                                            
                                                               "Parent Relationship": "Outer",                                                                 
                                                               "Parallel Aware": false,                                                                        
                                                               "Startup Cost": 18218.53,                                                                       
                                                               "Total Cost": 18218.53,                                                                         
                                                               "Plan Rows": 7,                                                                                 
                                                               "Plan Width": 16,                                                                               
                                                               "Actual Startup Time": 10242.386,                                                               
                                                               "Actual Total Time": 10242.707,                                                                 
                                                               "Actual Rows": 2867,                                                                            
                                                               "Actual Loops": 1,                                                                              
                                                               "Sort Key": ["mc.company_id"],                                                                  
                                                               "Sort Method": "quicksort",                                                                     
                                                               "Sort Space Used": 231,                                                                         
                                                               "Sort Space Type": "Memory",                                                                    
                                                               "Shared Hit Blocks": 6,                                                                         
                                                               "Shared Read Blocks": 180676,                                                                   
                                                               "Shared Dirtied Blocks": 0,                                                                     
                                                               "Shared Written Blocks": 0,                                                                     
                                                               "Local Hit Blocks": 0,                                                                          
                                                               "Local Read Blocks": 0,                                                                         
                                                               "Local Dirtied Blocks": 0,                                                                      
                                                               "Local Written Blocks": 0,                                                                      
                                                               "Temp Read Blocks": 0,                                                                          
                                                               "Temp Written Blocks": 0,                                                                       
                                                               "Plans": [                                                                                      
                                                                 {                                                                                             
                                                                   "Node Type": "Merge Join",                                                                  
                                                                   "Parent Relationship": "Outer",                                                             
                                                                   "Parallel Aware": false,                                                                    
                                                                   "Join Type": "Inner",                                                                       
                                                                   "Startup Cost": 17813.39,                                                                   
                                                                   "Total Cost": 18218.53,                                                                     
                                                                   "Plan Rows": 7,                                                                             
                                                                   "Plan Width": 16,                                                                           
                                                                   "Actual Startup Time": 9879.929,                                                            
                                                                   "Actual Total Time": 10241.422,                                                             
                                                                   "Actual Rows": 2867,                                                                        
                                                                   "Actual Loops": 1,                                                                          
                                                                   "Inner Unique": false,                                                                      
                                                                   "Merge Cond": "(mi.movie_id = mc.movie_id)",                                                
                                                                   "Shared Hit Blocks": 6,                                                                     
                                                                   "Shared Read Blocks": 180676,                                                               
                                                                   "Shared Dirtied Blocks": 0,                                                                 
                                                                   "Shared Written Blocks": 0,                                                                 
                                                                   "Local Hit Blocks": 0,                                                                      
                                                                   "Local Read Blocks": 0,                                                                     
                                                                   "Local Dirtied Blocks": 0,                                                                  
                                                                   "Local Written Blocks": 0,                                                                  
                                                                   "Temp Read Blocks": 0,                                                                      
                                                                   "Temp Written Blocks": 0,                                                                   
                                                                   "Plans": [                                                                                  
                                                                     {                                                                                         
                                                                       "Node Type": "Sort",                                                                    
                                                                       "Parent Relationship": "Outer",                                                         
                                                                       "Parallel Aware": false,                                                                
                                                                       "Startup Cost": 8407.93,                                                                
                                                                       "Total Cost": 8407.93,                                                                  
                                                                       "Plan Rows": 2,                                                                         
                                                                       "Plan Width": 4,                                                                        
                                                                       "Actual Startup Time": 8371.394,                                                        
                                                                       "Actual Total Time": 8371.532,                                                          
                                                                       "Actual Rows": 1771,                                                                    
                                                                       "Actual Loops": 1,                                                                      
                                                                       "Sort Key": ["mi.movie_id"],                                                            
                                                                       "Sort Method": "quicksort",                                                             
                                                                       "Sort Space Used": 132,                                                                 
                                                                       "Sort Space Type": "Memory",                                                            
                                                                       "Shared Hit Blocks": 3,                                                                 
                                                                       "Shared Read Blocks": 161890,                                                           
                                                                       "Shared Dirtied Blocks": 0,                                                             
                                                                       "Shared Written Blocks": 0,                                                             
                                                                       "Local Hit Blocks": 0,                                                                  
                                                                       "Local Read Blocks": 0,                                                                 
                                                                       "Local Dirtied Blocks": 0,                                                              
                                                                       "Local Written Blocks": 0,                                                              
                                                                       "Temp Read Blocks": 0,                                                                  
                                                                       "Temp Written Blocks": 0,                                                               
                                                                       "Plans": [                                                                              
                                                                         {                                                                                     
                                                                           "Node Type": "Merge Join",                                                          
                                                                           "Parent Relationship": "Outer",                                                     
                                                                           "Parallel Aware": false,                                                            
                                                                           "Join Type": "Inner",                                                               
                                                                           "Startup Cost": 8407.89,                                                            
                                                                           "Total Cost": 8407.93,                                                              
                                                                           "Plan Rows": 2,                                                                     
                                                                           "Plan Width": 4,                                                                    
                                                                           "Actual Startup Time": 8370.528,                                                    
                                                                           "Actual Total Time": 8370.900,                                                      
                                                                           "Actual Rows": 1771,                                                                
                                                                           "Actual Loops": 1,                                                                  
                                                                           "Inner Unique": false,                                                              
                                                                           "Merge Cond": "(it.id = mi.info_type_id)",                                         
                                                                           "Shared Hit Blocks": 3,                                                             
                                                                           "Shared Read Blocks": 161890,                                                       
                                                                           "Shared Dirtied Blocks": 0,                                                         
                                                                           "Shared Written Blocks": 0,                                                         
                                                                           "Local Hit Blocks": 0,                                                              
                                                                           "Local Read Blocks": 0,                                                             
                                                                           "Local Dirtied Blocks": 0,                                                          
                                                                           "Local Written Blocks": 0,                                                          
                                                                           "Temp Read Blocks": 0,                                                              
                                                                           "Temp Written Blocks": 0,                                                           
                                                                           "Plans": [                                                                          
                                                                             {                                                                                 
                                                                               "Node Type": "Sort",                                                            
                                                                               "Parent Relationship": "Outer",                                                 
                                                                               "Parallel Aware": false,                                                        
                                                                               "Startup Cost": 0.05,                                                           
                                                                               "Total Cost": 0.05,                                                             
                                                                               "Plan Rows": 1,                                                                 
                                                                               "Plan Width": 4,                                                                
                                                                               "Actual Startup Time": 0.080,                                                   
                                                                               "Actual Total Time": 0.080,                                                     
                                                                               "Actual Rows": 1,                                                               
                                                                               "Actual Loops": 1,                                                              
                                                                               "Sort Key": ["it.id"],                                                         
                                                                               "Sort Method": "quicksort",                                                     
                                                                               "Sort Space Used": 25,                                                          
                                                                               "Sort Space Type": "Memory",                                                    
                                                                               "Shared Hit Blocks": 1,                                                         
                                                                               "Shared Read Blocks": 0,                                                        
                                                                               "Shared Dirtied Blocks": 0,                                                     
                                                                               "Shared Written Blocks": 0,                                                     
                                                                               "Local Hit Blocks": 0,                                                          
                                                                               "Local Read Blocks": 0,                                                         
                                                                               "Local Dirtied Blocks": 0,                                                      
                                                                               "Local Written Blocks": 0,                                                      
                                                                               "Temp Read Blocks": 0,                                                          
                                                                               "Temp Written Blocks": 0,                                                       
                                                                               "Plans": [                                                                      
                                                                                 {                                                                             
                                                                                   "Node Type": "Seq Scan",                                                    
                                                                                   "Parent Relationship": "Outer",                                             
                                                                                   "Parallel Aware": false,                                                    
                                                                                   "Relation Name": "info_type",                                               
                                                                                   "Alias": "it",                                                             
                                                                                   "Startup Cost": 0.00,                                                       
                                                                                   "Total Cost": 0.05,                                                         
                                                                                   "Plan Rows": 1,                                                             
                                                                                   "Plan Width": 4,                                                            
                                                                                   "Actual Startup Time": 0.027,                                               
                                                                                   "Actual Total Time": 0.061,                                                 
                                                                                   "Actual Rows": 1,                                                           
                                                                                   "Actual Loops": 1,                                                          
                                                                                   "Filter": "((info)::text = 'release dates'::text)",                         
                                                                                   "Rows Removed by Filter": 112,                                              
                                                                                   "Shared Hit Blocks": 1,                                                     
                                                                                   "Shared Read Blocks": 0,                                                    
                                                                                   "Shared Dirtied Blocks": 0,                                                 
                                                                                   "Shared Written Blocks": 0,                                                 
                                                                                   "Local Hit Blocks": 0,                                                      
                                                                                   "Local Read Blocks": 0,                                                     
                                                                                   "Local Dirtied Blocks": 0,                                                  
                                                                                   "Local Written Blocks": 0,                                                  
                                                                                   "Temp Read Blocks": 0,                                                      
                                                                                   "Temp Written Blocks": 0                                                    
                                                                                 }                                                                             
                                                                               ]                                                                               
                                                                             },                                                                                
                                                                             {                                                                                 
                                                                               "Node Type": "Sort",                                                            
                                                                               "Parent Relationship": "Inner",                                                 
                                                                               "Parallel Aware": false,                                                        
                                                                               "Startup Cost": 8407.84,                                                        
                                                                               "Total Cost": 8407.86,                                                          
                                                                               "Plan Rows": 260,                                                               
                                                                               "Plan Width": 8,                                                                
                                                                               "Actual Startup Time": 8370.439,                                                
                                                                               "Actual Total Time": 8370.521,                                                  
                                                                               "Actual Rows": 1771,                                                            
                                                                               "Actual Loops": 1,                                                              
                                                                               "Sort Key": ["mi.info_type_id"],                                                
                                                                               "Sort Method": "quicksort",                                                     
                                                                               "Sort Space Used": 132,                                                         
                                                                               "Sort Space Type": "Memory",                                                    
                                                                               "Shared Hit Blocks": 2,                                                         
                                                                               "Shared Read Blocks": 161890,                                                   
                                                                               "Shared Dirtied Blocks": 0,                                                     
                                                                               "Shared Written Blocks": 0,                                                     
                                                                               "Local Hit Blocks": 0,                                                          
                                                                               "Local Read Blocks": 0,                                                         
                                                                               "Local Dirtied Blocks": 0,                                                      
                                                                               "Local Written Blocks": 0,                                                      
                                                                               "Temp Read Blocks": 0,                                                          
                                                                               "Temp Written Blocks": 0,                                                       
                                                                               "Plans": [                                                                      
                                                                                 {                                                                             
                                                                                   "Node Type": "Seq Scan",                                                    
                                                                                   "Parent Relationship": "Outer",                                             
                                                                                   "Parallel Aware": false,                                                    
                                                                                   "Relation Name": "movie_info",                                              
                                                                                   "Alias": "mi",                                                              
                                                                                   "Startup Cost": 0.00,                                                       
                                                                                   "Total Cost": 8407.52,                                                      
                                                                                   "Plan Rows": 260,                                                           
                                                                                   "Plan Width": 8,                                                            
                                                                                   "Actual Startup Time": 1522.381,                                            
                                                                                   "Actual Total Time": 8369.063,                                              
                                                                                   "Actual Rows": 1771,                                                        
                                                                                   "Actual Loops": 1,                                                          
                                                                                   "Filter": "((note ~~ '%internet%'::text) AND (info ~~ 'USA:% 200%'::text))",
                                                                                   "Rows Removed by Filter": 14833949,                                         
                                                                                   "Shared Hit Blocks": 2,                                                     
                                                                                   "Shared Read Blocks": 161890,                                               
                                                                                   "Shared Dirtied Blocks": 0,                                                 
                                                                                   "Shared Written Blocks": 0,                                                 
                                                                                   "Local Hit Blocks": 0,                                                      
                                                                                   "Local Read Blocks": 0,                                                     
                                                                                   "Local Dirtied Blocks": 0,                                                  
                                                                                   "Local Written Blocks": 0,                                                  
                                                                                   "Temp Read Blocks": 0,                                                      
                                                                                   "Temp Written Blocks": 0                                                    
                                                                                 }                                                                             
                                                                               ]                                                                               
                                                                             }                                                                                 
                                                                           ]                                                                                   
                                                                         }                                                                                     
                                                                       ]                                                                                       
                                                                     },                                                                                        
                                                                     {                                                                                         
                                                                       "Node Type": "Sort",                                                                    
                                                                       "Parent Relationship": "Inner",                                                         
                                                                       "Parallel Aware": false,                                                                
                                                                       "Startup Cost": 9405.45,                                                                
                                                                       "Total Cost": 9608.03,                                                                  
                                                                       "Plan Rows": 2609129,                                                                   
                                                                       "Plan Width": 12,                                                                       
                                                                       "Actual Startup Time": 1508.489,                                                        
                                                                       "Actual Total Time": 1626.128,                                                          
                                                                       "Actual Rows": 2602970,                                                                 
                                                                       "Actual Loops": 1,                                                                      
                                                                       "Sort Key": ["mc.movie_id"],                                                            
                                                                       "Sort Method": "quicksort",                                                             
                                                                       "Sort Space Used": 220607,                                                              
                                                                       "Sort Space Type": "Memory",                                                            
                                                                       "Shared Hit Blocks": 3,                                                                 
                                                                       "Shared Read Blocks": 18786,                                                            
                                                                       "Shared Dirtied Blocks": 0,                                                             
                                                                       "Shared Written Blocks": 0,                                                             
                                                                       "Local Hit Blocks": 0,                                                                  
                                                                       "Local Read Blocks": 0,                                                                 
                                                                       "Local Dirtied Blocks": 0,                                                              
                                                                       "Local Written Blocks": 0,                                                              
                                                                       "Temp Read Blocks": 0,                                                                  
                                                                       "Temp Written Blocks": 0,                                                               
                                                                       "Plans": [                                                                              
                                                                         {                                                                                     
                                                                           "Node Type": "Seq Scan",                                                            
                                                                           "Parent Relationship": "Outer",                                                     
                                                                           "Parallel Aware": false,                                                            
                                                                           "Relation Name": "movie_companies",                                                 
                                                                           "Alias": "mc",                                                                      
                                                                           "Startup Cost": 0.00,                                                               
                                                                           "Total Cost": 769.75,                                                               
                                                                           "Plan Rows": 2609129,                                                               
                                                                           "Plan Width": 12,                                                                   
                                                                           "Actual Startup Time": 0.009,                                                       
                                                                           "Actual Total Time": 548.119,                                                       
                                                                           "Actual Rows": 2609129,                                                             
                                                                           "Actual Loops": 1,                                                                  
                                                                           "Shared Hit Blocks": 3,                                                             
                                                                           "Shared Read Blocks": 18786,                                                        
                                                                           "Shared Dirtied Blocks": 0,                                                         
                                                                           "Shared Written Blocks": 0,                                                         
                                                                           "Local Hit Blocks": 0,                                                              
                                                                           "Local Read Blocks": 0,                                                             
                                                                           "Local Dirtied Blocks": 0,                                                          
                                                                           "Local Written Blocks": 0,                                                          
                                                                           "Temp Read Blocks": 0,                                                              
                                                                           "Temp Written Blocks": 0                                                            
                                                                         }                                                                                     
                                                                       ]                                                                                       
                                                                     }                                                                                         
                                                                   ]                                                                                           
                                                                 }                                                                                             
                                                               ]                                                                                               
                                                             },                                                                                                
                                                             {                                                                                                 
                                                               "Node Type": "Sort",                                                                            
                                                               "Parent Relationship": "Inner",                                                                 
                                                               "Parallel Aware": false,                                                                        
                                                               "Startup Cost": 344.10,                                                                         
                                                               "Total Cost": 350.69,                                                                           
                                                               "Plan Rows": 84843,                                                                             
                                                               "Plan Width": 4,                                                                                
                                                               "Actual Startup Time": 153.787,                                                                 
                                                               "Actual Total Time": 161.657,                                                                   
                                                               "Actual Rows": 84824,                                                                           
                                                               "Actual Loops": 1,                                                                              
                                                               "Sort Key": ["cn.id"],                                                                          
                                                               "Sort Method": "quicksort",                                                                     
                                                               "Sort Space Used": 7050,                                                                        
                                                               "Sort Space Type": "Memory",                                                                    
                                                               "Shared Hit Blocks": 2,                                                                         
                                                               "Shared Read Blocks": 2992,                                                                     
                                                               "Shared Dirtied Blocks": 0,                                                                     
                                                               "Shared Written Blocks": 0,                                                                     
                                                               "Local Hit Blocks": 0,                                                                          
                                                               "Local Read Blocks": 0,                                                                         
                                                               "Local Dirtied Blocks": 0,                                                                      
                                                               "Local Written Blocks": 0,                                                                      
                                                               "Temp Read Blocks": 0,                                                                          
                                                               "Temp Written Blocks": 0,                                                                       
                                                               "Plans": [                                                                                      
                                                                 {                                                                                             
                                                                   "Node Type": "Seq Scan",                                                                    
                                                                   "Parent Relationship": "Outer",                                                             
                                                                   "Parallel Aware": false,                                                                    
                                                                   "Relation Name": "company_name",                                                            
                                                                   "Alias": "cn",                                                                              
                                                                   "Startup Cost": 0.00,                                                                       
                                                                   "Total Cost": 128.41,                                                                       
                                                                   "Plan Rows": 84843,                                                                         
                                                                   "Plan Width": 4,                                                                            
                                                                   "Actual Startup Time": 2.664,                                                               
                                                                   "Actual Total Time": 116.465,                                                               
                                                                   "Actual Rows": 84843,                                                                       
                                                                   "Actual Loops": 1,                                                                          
                                                                   "Filter": "((country_code)::text = '[us]'::text)",                                          
                                                                   "Rows Removed by Filter": 150154,                                                           
                                                                   "Shared Hit Blocks": 2,                                                                     
                                                                   "Shared Read Blocks": 2992,                                                                 
                                                                   "Shared Dirtied Blocks": 0,                                                                 
                                                                   "Shared Written Blocks": 0,                                                                 
                                                                   "Local Hit Blocks": 0,                                                                      
                                                                   "Local Read Blocks": 0,                                                                     
                                                                   "Local Dirtied Blocks": 0,                                                                  
                                                                   "Local Written Blocks": 0,                                                                  
                                                                   "Temp Read Blocks": 0,                                                                      
                                                                   "Temp Written Blocks": 0                                                                    
                                                                 }                                                                                             
                                                               ]                                                                                               
                                                             }                                                                                                 
                                                           ]                                                                                                   
                                                         }                                                                                                     
                                                       ]                                                                                                       
                                                     },                                                                                                        
                                                     {                                                                                                         
                                                       "Node Type": "Sort",                                                                                    
                                                       "Parent Relationship": "Inner",                                                                         
                                                       "Parallel Aware": false,                                                                                
                                                       "Startup Cost": 389.78,                                                                                 
                                                       "Total Cost": 400.26,                                                                                   
                                                       "Plan Rows": 135086,                                                                                    
                                                       "Plan Width": 8,                                                                                        
                                                       "Actual Startup Time": 107.246,                                                                         
                                                       "Actual Total Time": 114.140,                                                                           
                                                       "Actual Rows": 132180,                                                                                  
                                                       "Actual Loops": 1,                                                                                      
                                                       "Sort Key": ["cc.movie_id"],                                                                            
                                                       "Sort Method": "quicksort",                                                                             
                                                       "Sort Space Used": 12477,                                                                               
                                                       "Sort Space Type": "Memory",                                                                            
                                                       "Shared Hit Blocks": 2,                                                                                 
                                                       "Shared Read Blocks": 729,                                                                              
                                                       "Shared Dirtied Blocks": 0,                                                                             
                                                       "Shared Written Blocks": 0,                                                                             
                                                       "Local Hit Blocks": 0,                                                                                  
                                                       "Local Read Blocks": 0,                                                                                 
                                                       "Local Dirtied Blocks": 0,                                                                              
                                                       "Local Written Blocks": 0,                                                                              
                                                       "Temp Read Blocks": 0,                                                                                  
                                                       "Temp Written Blocks": 0,                                                                               
                                                       "Plans": [                                                                                              
                                                         {                                                                                                     
                                                           "Node Type": "Seq Scan",                                                                            
                                                           "Parent Relationship": "Outer",                                                                     
                                                           "Parallel Aware": false,                                                                            
                                                           "Relation Name": "complete_cast",                                                                   
                                                           "Alias": "cc",                                                                                      
                                                           "Startup Cost": 0.00,                                                                               
                                                           "Total Cost": 32.27,                                                                                
                                                           "Plan Rows": 135086,                                                                                
                                                           "Plan Width": 8,                                                                                    
                                                           "Actual Startup Time": 20.130,                                                                      
                                                           "Actual Total Time": 52.664,                                                                        
                                                           "Actual Rows": 135086,                                                                              
                                                           "Actual Loops": 1,                                                                                  
                                                           "Shared Hit Blocks": 2,                                                                             
                                                           "Shared Read Blocks": 729,                                                                          
                                                           "Shared Dirtied Blocks": 0,                                                                         
                                                           "Shared Written Blocks": 0,                                                                         
                                                           "Local Hit Blocks": 0,                                                                              
                                                           "Local Read Blocks": 0,                                                                             
                                                           "Local Dirtied Blocks": 0,                                                                          
                                                           "Local Written Blocks": 0,                                                                          
                                                           "Temp Read Blocks": 0,                                                                              
                                                           "Temp Written Blocks": 0                                                                            
                                                         }                                                                                                     
                                                       ]                                                                                                       
                                                     }                                                                                                         
                                                   ]                                                                                                           
                                                 },                                                                                                            
                                                 {                                                                                                             
                                                   "Node Type": "Sort",                                                                                        
                                                   "Parent Relationship": "Inner",                                                                             
                                                   "Parallel Aware": false,                                                                                    
                                                   "Startup Cost": 5875.81,                                                                                    
                                                   "Total Cost": 5983.06,                                                                                      
                                                   "Plan Rows": 1381453,                                                                                       
                                                   "Plan Width": 25,                                                                                           
                                                   "Actual Startup Time": 2153.460,                                                                            
                                                   "Actual Total Time": 2318.577,                                                                              
                                                   "Actual Rows": 1350742,                                                                                     
                                                   "Actual Loops": 1,                                                                                          
                                                   "Sort Key": ["t.id"],                                                                                       
                                                   "Sort Method": "quicksort",                                                                                 
                                                   "Sort Space Used": 153732,                                                                                  
                                                   "Sort Space Type": "Memory",                                                                                
                                                   "Shared Hit Blocks": 2,                                                                                     
                                                   "Shared Read Blocks": 35996,                                                                                
                                                   "Shared Dirtied Blocks": 0,                                                                                 
                                                   "Shared Written Blocks": 0,                                                                                 
                                                   "Local Hit Blocks": 0,                                                                                      
                                                   "Local Read Blocks": 0,                                                                                     
                                                   "Local Dirtied Blocks": 0,                                                                                  
                                                   "Local Written Blocks": 0,                                                                                  
                                                   "Temp Read Blocks": 0,                                                                                      
                                                   "Temp Written Blocks": 0,                                                                                   
                                                   "Plans": [                                                                                                  
                                                     {                                                                                                         
                                                       "Node Type": "Seq Scan",                                                                                
                                                       "Parent Relationship": "Outer",                                                                         
                                                       "Parallel Aware": false,                                                                                
                                                       "Relation Name": "title",                                                                               
                                                       "Alias": "t",                                                                                           
                                                       "Startup Cost": 0.00,                                                                                   
                                                       "Total Cost": 1500.26,                                                                                  
                                                       "Plan Rows": 1381453,                                                                                   
                                                       "Plan Width": 25,                                                                                       
                                                       "Actual Startup Time": 22.436,                                                                          
                                                       "Actual Total Time": 1344.856,                                                                          
                                                       "Actual Rows": 1381453,                                                                                 
                                                       "Actual Loops": 1,                                                                                      
                                                       "Filter": "(production_year > 2000)",                                                                   
                                                       "Rows Removed by Filter": 1146859,                                                                      
                                                       "Shared Hit Blocks": 2,                                                                                 
                                                       "Shared Read Blocks": 35996,                                                                            
                                                       "Shared Dirtied Blocks": 0,                                                                             
                                                       "Shared Written Blocks": 0,                                                                             
                                                       "Local Hit Blocks": 0,                                                                                  
                                                       "Local Read Blocks": 0,                                                                                 
                                                       "Local Dirtied Blocks": 0,                                                                              
                                                       "Local Written Blocks": 0,                                                                              
                                                       "Temp Read Blocks": 0,                                                                                  
                                                       "Temp Written Blocks": 0                                                                                
                                                     }                                                                                                         
                                                   ]                                                                                                           
                                                 }                                                                                                             
                                               ]                                                                                                               
                                             },                                                                                                                
                                             {                                                                                                                 
                                               "Node Type": "Sort",                                                                                            
                                               "Parent Relationship": "Inner",                                                                                 
                                               "Parallel Aware": false,                                                                                        
                                               "Startup Cost": 16610.92,                                                                                       
                                               "Total Cost": 16962.16,                                                                                         
                                               "Plan Rows": 4523930,                                                                                           
                                               "Plan Width": 8,                                                                                                
                                               "Actual Startup Time": 2152.059,                                                                                
                                               "Actual Total Time": 2357.527,                                                                                  
                                               "Actual Rows": 4267169,                                                                                         
                                               "Actual Loops": 1,                                                                                              
                                               "Sort Key": ["mk.movie_id"],                                                                                    
                                               "Sort Method": "quicksort",                                                                                     
                                               "Sort Space Used": 408668,                                                                                      
                                               "Sort Space Type": "Memory",                                                                                    
                                               "Shared Hit Blocks": 3,                                                                                         
                                               "Shared Read Blocks": 24451,                                                                                    
                                               "Shared Dirtied Blocks": 0,                                                                                     
                                               "Shared Written Blocks": 0,                                                                                     
                                               "Local Hit Blocks": 0,                                                                                          
                                               "Local Read Blocks": 0,                                                                                         
                                               "Local Dirtied Blocks": 0,                                                                                      
                                               "Local Written Blocks": 0,                                                                                      
                                               "Temp Read Blocks": 0,                                                                                          
                                               "Temp Written Blocks": 0,                                                                                       
                                               "Plans": [                                                                                                      
                                                 {                                                                                                             
                                                   "Node Type": "Seq Scan",                                                                                    
                                                   "Parent Relationship": "Outer",                                                                             
                                                   "Parallel Aware": false,                                                                                    
                                                   "Relation Name": "movie_keyword",                                                                           
                                                   "Alias": "mk",                                                                                              
                                                   "Startup Cost": 0.00,                                                                                       
                                                   "Total Cost": 1079.84,                                                                                      
                                                   "Plan Rows": 4523930,                                                                                       
                                                   "Plan Width": 8,                                                                                            
                                                   "Actual Startup Time": 0.015,                                                                               
                                                   "Actual Total Time": 783.723,                                                                               
                                                   "Actual Rows": 4523930,                                                                                     
                                                   "Actual Loops": 1,                                                                                          
                                                   "Shared Hit Blocks": 3,                                                                                     
                                                   "Shared Read Blocks": 24451,                                                                                
                                                   "Shared Dirtied Blocks": 0,                                                                                 
                                                   "Shared Written Blocks": 0,                                                                                 
                                                   "Local Hit Blocks": 0,                                                                                      
                                                   "Local Read Blocks": 0,                                                                                     
                                                   "Local Dirtied Blocks": 0,                                                                                  
                                                   "Local Written Blocks": 0,                                                                                  
                                                   "Temp Read Blocks": 0,                                                                                      
                                                   "Temp Written Blocks": 0                                                                                    
                                                 }                                                                                                             
                                               ]                                                                                                               
                                             }                                                                                                                 
                                           ]                                                                                                                   
                                         }                                                                                                                     
                                       ]                                                                                                                       
                                     },                                                                                                                        
                                     {                                                                                                                         
                                       "Node Type": "Sort",                                                                                                    
                                       "Parent Relationship": "Inner",                                                                                         
                                       "Parallel Aware": false,                                                                                                
                                       "Startup Cost": 59.88,                                                                                                  
                                       "Total Cost": 59.88,                                                                                                    
                                       "Plan Rows": 4,                                                                                                         
                                       "Plan Width": 4,                                                                                                        
                                       "Actual Startup Time": 88.444,                                                                                          
                                       "Actual Total Time": 88.444,                                                                                            
                                       "Actual Rows": 4,                                                                                                       
                                       "Actual Loops": 1,                                                                                                      
                                       "Sort Key": ["k.id"],                                                                                                   
                                       "Sort Method": "quicksort",                                                                                             
                                       "Sort Space Used": 25,                                                                                                  
                                       "Sort Space Type": "Memory",                                                                                            
                                       "Shared Hit Blocks": 2,                                                                                                 
                                       "Shared Read Blocks": 947,                                                                                              
                                       "Shared Dirtied Blocks": 0,                                                                                             
                                       "Shared Written Blocks": 0,                                                                                             
                                       "Local Hit Blocks": 0,                                                                                                  
                                       "Local Read Blocks": 0,                                                                                                 
                                       "Local Dirtied Blocks": 0,                                                                                              
                                       "Local Written Blocks": 0,                                                                                              
                                       "Temp Read Blocks": 0,                                                                                                  
                                       "Temp Written Blocks": 0,                                                                                               
                                       "Plans": [                                                                                                              
                                         {                                                                                                                     
                                           "Node Type": "Seq Scan",                                                                                            
                                           "Parent Relationship": "Outer",                                                                                     
                                           "Parallel Aware": false,                                                                                            
                                           "Relation Name": "keyword",                                                                                         
                                           "Alias": "k",                                                                                                       
                                           "Startup Cost": 0.00,                                                                                               
                                           "Total Cost": 59.88,                                                                                                
                                           "Plan Rows": 4,                                                                                                     
                                           "Plan Width": 4,                                                                                                    
                                           "Actual Startup Time": 26.639,                                                                                      
                                           "Actual Total Time": 88.426,                                                                                        
                                           "Actual Rows": 4,                                                                                                   
                                           "Actual Loops": 1,                                                                                                  
                                           "Filter": "(keyword = ANY ('{nerd,loner,alienation,dignity}'::text[]))",                                            
                                           "Rows Removed by Filter": 134166,                                                                                   
                                           "Shared Hit Blocks": 2,                                                                                             
                                           "Shared Read Blocks": 947,                                                                                          
                                           "Shared Dirtied Blocks": 0,                                                                                         
                                           "Shared Written Blocks": 0,                                                                                         
                                           "Local Hit Blocks": 0,                                                                                              
                                           "Local Read Blocks": 0,                                                                                             
                                           "Local Dirtied Blocks": 0,                                                                                          
                                           "Local Written Blocks": 0,                                                                                          
                                           "Temp Read Blocks": 0,                                                                                              
                                           "Temp Written Blocks": 0                                                                                            
                                         }                                                                                                                     
                                       ]                                                                                                                       
                                     }                                                                                                                         
                                   ]                                                                                                                           
                                 }                                                                                                                             
                               ]                                                                                                                               
                             },                                                                                                                                
                             {                                                                                                                                 
                               "Node Type": "Sort",                                                                                                            
                               "Parent Relationship": "Inner",                                                                                                 
                               "Parallel Aware": false,                                                                                                        
                               "Startup Cost": 0.03,                                                                                                           
                               "Total Cost": 0.03,                                                                                                             
                               "Plan Rows": 1,                                                                                                                 
                               "Plan Width": 4,                                                                                                                
                               "Actual Startup Time": 0.013,                                                                                                   
                               "Actual Total Time": 0.013,                                                                                                     
                               "Actual Rows": 1,                                                                                                               
                               "Actual Loops": 1,                                                                                                              
                               "Sort Key": ["cct.id"],                                                                                                        
                               "Sort Method": "quicksort",                                                                                                     
                               "Sort Space Used": 25,                                                                                                          
                               "Sort Space Type": "Memory",                                                                                                    
                               "Shared Hit Blocks": 1,                                                                                                         
                               "Shared Read Blocks": 0,                                                                                                        
                               "Shared Dirtied Blocks": 0,                                                                                                     
                               "Shared Written Blocks": 0,                                                                                                     
                               "Local Hit Blocks": 0,                                                                                                          
                               "Local Read Blocks": 0,                                                                                                         
                               "Local Dirtied Blocks": 0,                                                                                                      
                               "Local Written Blocks": 0,                                                                                                      
                               "Temp Read Blocks": 0,                                                                                                          
                               "Temp Written Blocks": 0,                                                                                                       
                               "Plans": [                                                                                                                      
                                 {                                                                                                                             
                                   "Node Type": "Seq Scan",                                                                                                    
                                   "Parent Relationship": "Outer",                                                                                             
                                   "Parallel Aware": false,                                                                                                    
                                   "Relation Name": "comp_cast_type",                                                                                          
                                   "Alias": "cct",                                                                                                            
                                   "Startup Cost": 0.00,                                                                                                       
                                   "Total Cost": 0.03,                                                                                                         
                                   "Plan Rows": 1,                                                                                                             
                                   "Plan Width": 4,                                                                                                            
                                   "Actual Startup Time": 0.006,                                                                                               
                                   "Actual Total Time": 0.006,                                                                                                 
                                   "Actual Rows": 1,                                                                                                           
                                   "Actual Loops": 1,                                                                                                          
                                   "Filter": "((kind)::text = 'completeverified'::text)",                                                                     
                                   "Rows Removed by Filter": 3,                                                                                                
                                   "Shared Hit Blocks": 1,                                                                                                     
                                   "Shared Read Blocks": 0,                                                                                                    
                                   "Shared Dirtied Blocks": 0,                                                                                                 
                                   "Shared Written Blocks": 0,                                                                                                 
                                   "Local Hit Blocks": 0,                                                                                                      
                                   "Local Read Blocks": 0,                                                                                                     
                                   "Local Dirtied Blocks": 0,                                                                                                  
                                   "Local Written Blocks": 0,                                                                                                  
                                   "Temp Read Blocks": 0,                                                                                                      
                                   "Temp Written Blocks": 0                                                                                                    
                                 }                                                                                                                             
                               ]                                                                                                                               
                             }                                                                                                                                 
                           ]                                                                                                                                   
                         }                                                                                                                                     
                       ]                                                                                                                                       
                     },                                                                                                                                        
                     {                                                                                                                                         
                       "Node Type": "Sort",                                                                                                                    
                       "Parent Relationship": "Inner",                                                                                                         
                       "Parallel Aware": false,                                                                                                                
                       "Startup Cost": 0.03,                                                                                                                   
                       "Total Cost": 0.03,                                                                                                                     
                       "Plan Rows": 1,                                                                                                                         
                       "Plan Width": 14,                                                                                                                       
                       "Actual Startup Time": 0.008,                                                                                                           
                       "Actual Total Time": 0.008,                                                                                                             
                       "Actual Rows": 1,                                                                                                                       
                       "Actual Loops": 1,                                                                                                                      
                       "Sort Key": ["kt.id"],                                                                                                                  
                       "Sort Method": "quicksort",                                                                                                             
                       "Sort Space Used": 25,                                                                                                                  
                       "Sort Space Type": "Memory",                                                                                                            
                       "Shared Hit Blocks": 1,                                                                                                                 
                       "Shared Read Blocks": 0,                                                                                                                
                       "Shared Dirtied Blocks": 0,                                                                                                             
                       "Shared Written Blocks": 0,                                                                                                             
                       "Local Hit Blocks": 0,                                                                                                                  
                       "Local Read Blocks": 0,                                                                                                                 
                       "Local Dirtied Blocks": 0,                                                                                                              
                       "Local Written Blocks": 0,                                                                                                              
                       "Temp Read Blocks": 0,                                                                                                                  
                       "Temp Written Blocks": 0,                                                                                                               
                       "Plans": [                                                                                                                              
                         {                                                                                                                                     
                           "Node Type": "Seq Scan",                                                                                                            
                           "Parent Relationship": "Outer",                                                                                                     
                           "Parallel Aware": false,                                                                                                            
                           "Relation Name": "kind_type",                                                                                                       
                           "Alias": "kt",                                                                                                                      
                           "Startup Cost": 0.00,                                                                                                               
                           "Total Cost": 0.03,                                                                                                                 
                           "Plan Rows": 1,                                                                                                                     
                           "Plan Width": 14,                                                                                                                   
                           "Actual Startup Time": 0.005,                                                                                                       
                           "Actual Total Time": 0.006,                                                                                                         
                           "Actual Rows": 1,                                                                                                                   
                           "Actual Loops": 1,                                                                                                                  
                           "Filter": "((kind)::text = 'movie'::text)",                                                                                         
                           "Rows Removed by Filter": 6,                                                                                                        
                           "Shared Hit Blocks": 1,                                                                                                             
                           "Shared Read Blocks": 0,                                                                                                            
                           "Shared Dirtied Blocks": 0,                                                                                                         
                           "Shared Written Blocks": 0,                                                                                                         
                           "Local Hit Blocks": 0,                                                                                                              
                           "Local Read Blocks": 0,                                                                                                             
                           "Local Dirtied Blocks": 0,                                                                                                          
                           "Local Written Blocks": 0,                                                                                                          
                           "Temp Read Blocks": 0,                                                                                                              
                           "Temp Written Blocks": 0                                                                                                            
                         }                                                                                                                                     
                       ]                                                                                                                                       
                     }                                                                                                                                         
                   ]                                                                                                                                           
                 }                                                                                                                                             
               ]                                                                                                                                               
             },                                                                                                                                                
             {                                                                                                                                                 
               "Node Type": "Sort",                                                                                                                            
               "Parent Relationship": "Inner",                                                                                                                 
               "Parallel Aware": false,                                                                                                                        
               "Startup Cost": 0.03,                                                                                                                           
               "Total Cost": 0.03,                                                                                                                             
               "Plan Rows": 4,                                                                                                                                 
               "Plan Width": 4,                                                                                                                                
               "Actual Startup Time": 0.007,                                                                                                                   
               "Actual Total Time": 0.007,                                                                                                                     
               "Actual Rows": 2,                                                                                                                               
               "Actual Loops": 1,                                                                                                                              
               "Sort Key": ["ct.id"],                                                                                                                          
               "Sort Method": "quicksort",                                                                                                                     
               "Sort Space Used": 25,                                                                                                                          
               "Sort Space Type": "Memory",                                                                                                                    
               "Shared Hit Blocks": 1,                                                                                                                         
               "Shared Read Blocks": 0,                                                                                                                        
               "Shared Dirtied Blocks": 0,                                                                                                                     
               "Shared Written Blocks": 0,                                                                                                                     
               "Local Hit Blocks": 0,                                                                                                                          
               "Local Read Blocks": 0,                                                                                                                         
               "Local Dirtied Blocks": 0,                                                                                                                      
               "Local Written Blocks": 0,                                                                                                                      
               "Temp Read Blocks": 0,                                                                                                                          
               "Temp Written Blocks": 0,                                                                                                                       
               "Plans": [                                                                                                                                      
                 {                                                                                                                                             
                   "Node Type": "Seq Scan",                                                                                                                    
                   "Parent Relationship": "Outer",                                                                                                             
                   "Parallel Aware": false,                                                                                                                    
                   "Relation Name": "company_type",                                                                                                            
                   "Alias": "ct",                                                                                                                              
                   "Startup Cost": 0.00,                                                                                                                       
                   "Total Cost": 0.03,                                                                                                                         
                   "Plan Rows": 4,                                                                                                                             
                   "Plan Width": 4,                                                                                                                            
                   "Actual Startup Time": 0.003,                                                                                                               
                   "Actual Total Time": 0.004,                                                                                                                 
                   "Actual Rows": 4,                                                                                                                           
                   "Actual Loops": 1,                                                                                                                          
                   "Shared Hit Blocks": 1,                                                                                                                     
                   "Shared Read Blocks": 0,                                                                                                                    
                   "Shared Dirtied Blocks": 0,                                                                                                                 
                   "Shared Written Blocks": 0,                                                                                                                 
                   "Local Hit Blocks": 0,                                                                                                                      
                   "Local Read Blocks": 0,                                                                                                                     
                   "Local Dirtied Blocks": 0,                                                                                                                  
                   "Local Written Blocks": 0,                                                                                                                  
                   "Temp Read Blocks": 0,                                                                                                                      
                   "Temp Written Blocks": 0                                                                                                                    
                 }                                                                                                                                             
               ]                                                                                                                                               
             }                                                                                                                                                 
           ]                                                                                                                                                   
         }                                                                                                                                                     
       ]                                                                                                                                                       
     },                                                                                                                                                        
     "Planning Time": 9331.563,                                                                                                                                
     "Triggers": [                                                                                                                                             
     ],                                                                                                                                                        
     "Execution Time": 15970.482                                                                                                                               
