     "Plan": {                                                                                                                                           
       "Node Type": "Aggregate",                                                                                                                         
       "Strategy": "Plain",                                                                                                                              
       "Partial Mode": "Simple",                                                                                                                         
       "Parallel Aware": false,                                                                                                                          
       "Startup Cost": 69499.31,                                                                                                                         
       "Total Cost": 69499.31,                                                                                                                           
       "Plan Rows": 1,                                                                                                                                   
       "Plan Width": 128,                                                                                                                                
       "Actual Startup Time": 31304.252,                                                                                                                 
       "Actual Total Time": 31304.253,                                                                                                                   
       "Actual Rows": 1,                                                                                                                                 
       "Actual Loops": 1,                                                                                                                                
       "Shared Hit Blocks": 21,                                                                                                                          
       "Shared Read Blocks": 539998,                                                                                                                     
       "Shared Dirtied Blocks": 0,                                                                                                                       
       "Shared Written Blocks": 0,                                                                                                                       
       "Local Hit Blocks": 0,                                                                                                                            
       "Local Read Blocks": 0,                                                                                                                           
       "Local Dirtied Blocks": 0,                                                                                                                        
       "Local Written Blocks": 0,                                                                                                                        
       "Temp Read Blocks": 0,                                                                                                                            
       "Temp Written Blocks": 0,                                                                                                                         
       "Plans": [                                                                                                                                        
         {                                                                                                                                               
           "Node Type": "Merge Join",                                                                                                                    
           "Parent Relationship": "Outer",                                                                                                               
           "Parallel Aware": false,                                                                                                                      
           "Join Type": "Inner",                                                                                                                         
           "Startup Cost": 69236.06,                                                                                                                     
           "Total Cost": 69499.31,                                                                                                                       
           "Plan Rows": 1,                                                                                                                               
           "Plan Width": 80,                                                                                                                             
           "Actual Startup Time": 30844.542,                                                                                                             
           "Actual Total Time": 31288.443,                                                                                                               
           "Actual Rows": 4407,                                                                                                                          
           "Actual Loops": 1,                                                                                                                            
           "Inner Unique": true,                                                                                                                         
           "Merge Cond": "(ci.person_id = n.id)",                                                                                                        
           "Shared Hit Blocks": 21,                                                                                                                      
           "Shared Read Blocks": 539998,                                                                                                                 
           "Shared Dirtied Blocks": 0,                                                                                                                   
           "Shared Written Blocks": 0,                                                                                                                   
           "Local Hit Blocks": 0,                                                                                                                        
           "Local Read Blocks": 0,                                                                                                                       
           "Local Dirtied Blocks": 0,                                                                                                                    
           "Local Written Blocks": 0,                                                                                                                    
           "Temp Read Blocks": 0,                                                                                                                        
           "Temp Written Blocks": 0,                                                                                                                     
           "Plans": [                                                                                                                                    
             {                                                                                                                                           
               "Node Type": "Sort",                                                                                                                      
               "Parent Relationship": "Outer",                                                                                                           
               "Parallel Aware": false,                                                                                                                  
               "Startup Cost": 61280.73,                                                                                                                 
               "Total Cost": 61280.73,                                                                                                                   
               "Plan Rows": 1,                                                                                                                           
               "Plan Width": 69,                                                                                                                         
               "Actual Startup Time": 27868.963,                                                                                                         
               "Actual Total Time": 27869.659,                                                                                                           
               "Actual Rows": 4408,                                                                                                                      
               "Actual Loops": 1,                                                                                                                        
               "Sort Key": ["ci.person_id"],                                                                                                             
               "Sort Method": "quicksort",                                                                                                               
               "Sort Space Used": 778,                                                                                                                   
               "Sort Space Type": "Memory",                                                                                                              
               "Shared Hit Blocks": 20,                                                                                                                  
               "Shared Read Blocks": 484386,                                                                                                             
               "Shared Dirtied Blocks": 0,                                                                                                               
               "Shared Written Blocks": 0,                                                                                                               
               "Local Hit Blocks": 0,                                                                                                                    
               "Local Read Blocks": 0,                                                                                                                   
               "Local Dirtied Blocks": 0,                                                                                                                
               "Local Written Blocks": 0,                                                                                                                
               "Temp Read Blocks": 0,                                                                                                                    
               "Temp Written Blocks": 0,                                                                                                                 
               "Plans": [                                                                                                                                
                 {                                                                                                                                       
                   "Node Type": "Merge Join",                                                                                                            
                   "Parent Relationship": "Outer",                                                                                                       
                   "Parallel Aware": false,                                                                                                              
                   "Join Type": "Inner",                                                                                                                 
                   "Startup Cost": 61280.73,                                                                                                             
                   "Total Cost": 61280.73,                                                                                                               
                   "Plan Rows": 1,                                                                                                                       
                   "Plan Width": 69,                                                                                                                     
                   "Actual Startup Time": 27855.134,                                                                                                     
                   "Actual Total Time": 27857.116,                                                                                                       
                   "Actual Rows": 7112,                                                                                                                  
                   "Actual Loops": 1,                                                                                                                    
                   "Inner Unique": true,                                                                                                                 
                   "Merge Cond": "(mi.info_type_id = it.id)",                                                                                           
                   "Shared Hit Blocks": 16,                                                                                                              
                   "Shared Read Blocks": 484386,                                                                                                         
                   "Shared Dirtied Blocks": 0,                                                                                                           
                   "Shared Written Blocks": 0,                                                                                                           
                   "Local Hit Blocks": 0,                                                                                                                
                   "Local Read Blocks": 0,                                                                                                               
                   "Local Dirtied Blocks": 0,                                                                                                            
                   "Local Written Blocks": 0,                                                                                                            
                   "Temp Read Blocks": 0,                                                                                                                
                   "Temp Written Blocks": 0,                                                                                                             
                   "Plans": [                                                                                                                            
                     {                                                                                                                                   
                       "Node Type": "Sort",                                                                                                              
                       "Parent Relationship": "Outer",                                                                                                   
                       "Parallel Aware": false,                                                                                                          
                       "Startup Cost": 61280.68,                                                                                                         
                       "Total Cost": 61280.68,                                                                                                           
                       "Plan Rows": 1,                                                                                                                   
                       "Plan Width": 73,                                                                                                                 
                       "Actual Startup Time": 27855.107,                                                                                                 
                       "Actual Total Time": 27855.440,                                                                                                   
                       "Actual Rows": 7113,                                                                                                              
                       "Actual Loops": 1,                                                                                                                
                       "Sort Key": ["mi.info_type_id"],                                                                                                  
                       "Sort Method": "quicksort",                                                                                                       
                       "Sort Space Used": 859,                                                                                                           
                       "Sort Space Type": "Memory",                                                                                                      
                       "Shared Hit Blocks": 15,                                                                                                          
                       "Shared Read Blocks": 484386,                                                                                                     
                       "Shared Dirtied Blocks": 0,                                                                                                       
                       "Shared Written Blocks": 0,                                                                                                       
                       "Local Hit Blocks": 0,                                                                                                            
                       "Local Read Blocks": 0,                                                                                                           
                       "Local Dirtied Blocks": 0,                                                                                                        
                       "Local Written Blocks": 0,                                                                                                        
                       "Temp Read Blocks": 0,                                                                                                            
                       "Temp Written Blocks": 0,                                                                                                         
                       "Plans": [                                                                                                                        
                         {                                                                                                                               
                           "Node Type": "Merge Join",                                                                                                    
                           "Parent Relationship": "Outer",                                                                                               
                           "Parallel Aware": false,                                                                                                      
                           "Join Type": "Inner",                                                                                                         
                           "Startup Cost": 61280.68,                                                                                                     
                           "Total Cost": 61280.68,                                                                                                       
                           "Plan Rows": 1,                                                                                                               
                           "Plan Width": 73,                                                                                                             
                           "Actual Startup Time": 27850.764,                                                                                             
                           "Actual Total Time": 27853.166,                                                                                               
                           "Actual Rows": 7740,                                                                                                          
                           "Actual Loops": 1,                                                                                                            
                           "Inner Unique": true,                                                                                                         
                           "Merge Cond": "(mi_idx.info_type_id = it.id)",                                                                               
                           "Shared Hit Blocks": 15,                                                                                                      
                           "Shared Read Blocks": 484386,                                                                                                 
                           "Shared Dirtied Blocks": 0,                                                                                                   
                           "Shared Written Blocks": 0,                                                                                                   
                           "Local Hit Blocks": 0,                                                                                                        
                           "Local Read Blocks": 0,                                                                                                       
                           "Local Dirtied Blocks": 0,                                                                                                    
                           "Local Written Blocks": 0,                                                                                                    
                           "Temp Read Blocks": 0,                                                                                                        
                           "Temp Written Blocks": 0,                                                                                                     
                           "Plans": [                                                                                                                    
                             {                                                                                                                           
                               "Node Type": "Sort",                                                                                                      
                               "Parent Relationship": "Outer",                                                                                           
                               "Parallel Aware": false,                                                                                                  
                               "Startup Cost": 61280.63,                                                                                                 
                               "Total Cost": 61280.63,                                                                                                   
                               "Plan Rows": 12,                                                                                                          
                               "Plan Width": 77,                                                                                                         
                               "Actual Startup Time": 27849.148,                                                                                         
                               "Actual Total Time": 27850.205,                                                                                           
                               "Actual Rows": 15481,                                                                                                     
                               "Actual Loops": 1,                                                                                                        
                               "Sort Key": ["mi_idx.info_type_id"],                                                                                      
                               "Sort Method": "quicksort",                                                                                               
                               "Sort Space Used": 2981,                                                                                                  
                               "Sort Space Type": "Memory",                                                                                              
                               "Shared Hit Blocks": 14,                                                                                                  
                               "Shared Read Blocks": 484386,                                                                                             
                               "Shared Dirtied Blocks": 0,                                                                                               
                               "Shared Written Blocks": 0,                                                                                               
                               "Local Hit Blocks": 0,                                                                                                    
                               "Local Read Blocks": 0,                                                                                                   
                               "Local Dirtied Blocks": 0,                                                                                                
                               "Local Written Blocks": 0,                                                                                                
                               "Temp Read Blocks": 0,                                                                                                    
                               "Temp Written Blocks": 0,                                                                                                 
                               "Plans": [                                                                                                                
                                 {                                                                                                                       
                                   "Node Type": "Merge Join",                                                                                            
                                   "Parent Relationship": "Outer",                                                                                       
                                   "Parallel Aware": false,                                                                                              
                                   "Join Type": "Inner",                                                                                                 
                                   "Startup Cost": 60475.74,                                                                                             
                                   "Total Cost": 61280.62,                                                                                               
                                   "Plan Rows": 12,                                                                                                      
                                   "Plan Width": 77,                                                                                                     
                                   "Actual Startup Time": 26700.353,                                                                                     
                                   "Actual Total Time": 27841.374,                                                                                       
                                   "Actual Rows": 23252,                                                                                                 
                                   "Actual Loops": 1,                                                                                                    
                                   "Inner Unique": false,                                                                                                
                                   "Merge Cond": "(t.id = ci.movie_id)",                                                                                 
                                   "Shared Hit Blocks": 14,                                                                                              
                                   "Shared Read Blocks": 484386,                                                                                         
                                   "Shared Dirtied Blocks": 0,                                                                                           
                                   "Shared Written Blocks": 0,                                                                                           
                                   "Local Hit Blocks": 0,                                                                                                
                                   "Local Read Blocks": 0,                                                                                               
                                   "Local Dirtied Blocks": 0,                                                                                            
                                   "Local Written Blocks": 0,                                                                                            
                                   "Temp Read Blocks": 0,                                                                                                
                                   "Temp Written Blocks": 0,                                                                                             
                                   "Plans": [                                                                                                            
                                     {                                                                                                                   
                                       "Node Type": "Merge Join",                                                                                        
                                       "Parent Relationship": "Outer",                                                                                   
                                       "Parallel Aware": false,                                                                                          
                                       "Join Type": "Inner",                                                                                             
                                       "Startup Cost": 39092.53,                                                                                         
                                       "Total Cost": 39703.95,                                                                                           
                                       "Plan Rows": 12,                                                                                                  
                                       "Plan Width": 89,                                                                                                 
                                       "Actual Startup Time": 14204.980,                                                                                 
                                       "Actual Total Time": 15156.649,                                                                                   
                                       "Actual Rows": 36852,                                                                                             
                                       "Actual Loops": 1,                                                                                                
                                       "Inner Unique": false,                                                                                            
                                       "Merge Cond": "(t.id = mi_idx.movie_id)",                                                                         
                                       "Shared Hit Blocks": 10,                                                                                          
                                       "Shared Read Blocks": 231736,                                                                                     
                                       "Shared Dirtied Blocks": 0,                                                                                       
                                       "Shared Written Blocks": 0,                                                                                       
                                       "Local Hit Blocks": 0,                                                                                            
                                       "Local Read Blocks": 0,                                                                                           
                                       "Local Dirtied Blocks": 0,                                                                                        
                                       "Local Written Blocks": 0,                                                                                        
                                       "Temp Read Blocks": 0,                                                                                            
                                       "Temp Written Blocks": 0,                                                                                         
                                       "Plans": [                                                                                                        
                                         {                                                                                                               
                                           "Node Type": "Merge Join",                                                                                    
                                           "Parent Relationship": "Outer",                                                                               
                                           "Parallel Aware": false,                                                                                      
                                           "Join Type": "Inner",                                                                                         
                                           "Startup Cost": 34361.23,                                                                                     
                                           "Total Cost": 34758.36,                                                                                       
                                           "Plan Rows": 14,                                                                                              
                                           "Plan Width": 75,                                                                                             
                                           "Actual Startup Time": 13384.482,                                                                             
                                           "Actual Total Time": 14106.493,                                                                               
                                           "Actual Rows": 13309,                                                                                         
                                           "Actual Loops": 1,                                                                                            
                                           "Inner Unique": false,                                                                                        
                                           "Merge Cond": "(t.id = mi.movie_id)",                                                                         
                                           "Shared Hit Blocks": 8,                                                                                       
                                           "Shared Read Blocks": 223285,                                                                                 
                                           "Shared Dirtied Blocks": 0,                                                                                   
                                           "Shared Written Blocks": 0,                                                                                   
                                           "Local Hit Blocks": 0,                                                                                        
                                           "Local Read Blocks": 0,                                                                                       
                                           "Local Dirtied Blocks": 0,                                                                                    
                                           "Local Written Blocks": 0,                                                                                    
                                           "Temp Read Blocks": 0,                                                                                        
                                           "Temp Written Blocks": 0,                                                                                     
                                           "Plans": [                                                                                                    
                                             {                                                                                                           
                                               "Node Type": "Merge Join",                                                                                
                                               "Parent Relationship": "Outer",                                                                           
                                               "Parallel Aware": false,                                                                                  
                                               "Join Type": "Inner",                                                                                     
                                               "Startup Cost": 27033.04,                                                                                 
                                               "Total Cost": 27425.31,                                                                                   
                                               "Plan Rows": 169,                                                                                         
                                               "Plan Width": 25,                                                                                         
                                               "Actual Startup Time": 5000.570,                                                                          
                                               "Actual Total Time": 5707.131,                                                                            
                                               "Actual Rows": 62096,                                                                                     
                                               "Actual Loops": 1,                                                                                        
                                               "Inner Unique": true,                                                                                     
                                               "Merge Cond": "(mk.movie_id = t.id)",                                                                     
                                               "Shared Hit Blocks": 6,                                                                                   
                                               "Shared Read Blocks": 61395,                                                                              
                                               "Shared Dirtied Blocks": 0,                                                                               
                                               "Shared Written Blocks": 0,                                                                               
                                               "Local Hit Blocks": 0,                                                                                    
                                               "Local Read Blocks": 0,                                                                                   
                                               "Local Dirtied Blocks": 0,                                                                                
                                               "Local Written Blocks": 0,                                                                                
                                               "Temp Read Blocks": 0,                                                                                    
                                               "Temp Written Blocks": 0,                                                                                 
                                               "Plans": [                                                                                                
                                                 {                                                                                                       
                                                   "Node Type": "Sort",                                                                                  
                                                   "Parent Relationship": "Outer",                                                                       
                                                   "Parallel Aware": false,                                                                              
                                                   "Startup Cost": 17378.69,                                                                             
                                                   "Total Cost": 17378.70,                                                                               
                                                   "Plan Rows": 169,                                                                                     
                                                   "Plan Width": 4,                                                                                      
                                                   "Actual Startup Time": 2576.997,                                                                      
                                                   "Actual Total Time": 2586.057,                                                                        
                                                   "Actual Rows": 62096,                                                                                 
                                                   "Actual Loops": 1,                                                                                    
                                                   "Sort Key": ["mk.movie_id"],                                                                          
                                                   "Sort Method": "quicksort",                                                                           
                                                   "Sort Space Used": 4447,                                                                              
                                                   "Sort Space Type": "Memory",                                                                          
                                                   "Shared Hit Blocks": 5,                                                                               
                                                   "Shared Read Blocks": 25398,                                                                          
                                                   "Shared Dirtied Blocks": 0,                                                                           
                                                   "Shared Written Blocks": 0,                                                                           
                                                   "Local Hit Blocks": 0,                                                                                
                                                   "Local Read Blocks": 0,                                                                               
                                                   "Local Dirtied Blocks": 0,                                                                            
                                                   "Local Written Blocks": 0,                                                                            
                                                   "Temp Read Blocks": 0,                                                                                
                                                   "Temp Written Blocks": 0,                                                                             
                                                   "Plans": [                                                                                            
                                                     {                                                                                                   
                                                       "Node Type": "Merge Join",                                                                        
                                                       "Parent Relationship": "Outer",                                                                   
                                                       "Parallel Aware": false,                                                                          
                                                       "Join Type": "Inner",                                                                             
                                                       "Startup Cost": 16676.01,                                                                         
                                                       "Total Cost": 17378.50,                                                                           
                                                       "Plan Rows": 169,                                                                                 
                                                       "Plan Width": 4,                                                                                  
                                                       "Actual Startup Time": 2354.161,                                                                  
                                                       "Actual Total Time": 2556.063,                                                                    
                                                       "Actual Rows": 62096,                                                                             
                                                       "Actual Loops": 1,                                                                                
                                                       "Inner Unique": false,                                                                            
                                                       "Merge Cond": "(k.id = mk.keyword_id)",                                                           
                                                       "Shared Hit Blocks": 5,                                                                           
                                                       "Shared Read Blocks": 25398,                                                                      
                                                       "Shared Dirtied Blocks": 0,                                                                       
                                                       "Shared Written Blocks": 0,                                                                       
                                                       "Local Hit Blocks": 0,                                                                            
                                                       "Local Read Blocks": 0,                                                                           
                                                       "Local Dirtied Blocks": 0,                                                                        
                                                       "Local Written Blocks": 0,                                                                        
                                                       "Temp Read Blocks": 0,                                                                            
                                                       "Temp Written Blocks": 0,                                                                         
                                                       "Plans": [                                                                                        
                                                         {                                                                                               
                                                           "Node Type": "Sort",                                                                          
                                                           "Parent Relationship": "Outer",                                                               
                                                           "Parallel Aware": false,                                                                      
                                                           "Startup Cost": 65.09,                                                                        
                                                           "Total Cost": 65.09,                                                                          
                                                           "Plan Rows": 5,                                                                               
                                                           "Plan Width": 4,                                                                              
                                                           "Actual Startup Time": 85.561,                                                                
                                                           "Actual Total Time": 85.564,                                                                  
                                                           "Actual Rows": 5,                                                                             
                                                           "Actual Loops": 1,                                                                            
                                                           "Sort Key": ["k.id"],                                                                         
                                                           "Sort Method": "quicksort",                                                                   
                                                           "Sort Space Used": 25,                                                                        
                                                           "Sort Space Type": "Memory",                                                                  
                                                           "Shared Hit Blocks": 2,                                                                       
                                                           "Shared Read Blocks": 947,                                                                    
                                                           "Shared Dirtied Blocks": 0,                                                                   
                                                           "Shared Written Blocks": 0,                                                                   
                                                           "Local Hit Blocks": 0,                                                                        
                                                           "Local Read Blocks": 0,                                                                       
                                                           "Local Dirtied Blocks": 0,                                                                    
                                                           "Local Written Blocks": 0,                                                                    
                                                           "Temp Read Blocks": 0,                                                                        
                                                           "Temp Written Blocks": 0,                                                                     
                                                           "Plans": [                                                                                    
                                                             {                                                                                           
                                                               "Node Type": "Seq Scan",                                                                  
                                                               "Parent Relationship": "Outer",                                                           
                                                               "Parallel Aware": false,                                                                  
                                                               "Relation Name": "keyword",                                                               
                                                               "Alias": "k",                                                                             
                                                               "Startup Cost": 0.00,                                                                     
                                                               "Total Cost": 65.09,                                                                      
                                                               "Plan Rows": 5,                                                                           
                                                               "Plan Width": 4,                                                                          
                                                               "Actual Startup Time": 3.116,                                                             
                                                               "Actual Total Time": 85.531,                                                              
                                                               "Actual Rows": 5,                                                                         
                                                               "Actual Loops": 1,                                                                        
                                                               "Filter": "(keyword = ANY ('{murder,blood,gore,death,female-nudity}'::text[]))",          
                                                               "Rows Removed by Filter": 134165,                                                         
                                                               "Shared Hit Blocks": 2,                                                                   
                                                               "Shared Read Blocks": 947,                                                                
                                                               "Shared Dirtied Blocks": 0,                                                               
                                                               "Shared Written Blocks": 0,                                                               
                                                               "Local Hit Blocks": 0,                                                                    
                                                               "Local Read Blocks": 0,                                                                   
                                                               "Local Dirtied Blocks": 0,                                                                
                                                               "Local Written Blocks": 0,                                                                
                                                               "Temp Read Blocks": 0,                                                                    
                                                               "Temp Written Blocks": 0                                                                  
                                                             }                                                                                           
                                                           ]                                                                                             
                                                         },                                                                                              
                                                         {                                                                                               
                                                           "Node Type": "Sort",                                                                          
                                                           "Parent Relationship": "Inner",                                                               
                                                           "Parallel Aware": false,                                                                      
                                                           "Startup Cost": 16610.92,                                                                     
                                                           "Total Cost": 16962.16,                                                                       
                                                           "Plan Rows": 4523930,                                                                         
                                                           "Plan Width": 8,                                                                              
                                                           "Actual Startup Time": 2218.411,                                                              
                                                           "Actual Total Time": 2355.839,                                                                
                                                           "Actual Rows": 934111,                                                                        
                                                           "Actual Loops": 1,                                                                            
                                                           "Sort Key": ["mk.keyword_id"],                                                                
                                                           "Sort Method": "quicksort",                                                                   
                                                           "Sort Space Used": 408668,                                                                    
                                                           "Sort Space Type": "Memory",                                                                  
                                                           "Shared Hit Blocks": 3,                                                                       
                                                           "Shared Read Blocks": 24451,                                                                  
                                                           "Shared Dirtied Blocks": 0,                                                                   
                                                           "Shared Written Blocks": 0,                                                                   
                                                           "Local Hit Blocks": 0,                                                                        
                                                           "Local Read Blocks": 0,                                                                       
                                                           "Local Dirtied Blocks": 0,                                                                    
                                                           "Local Written Blocks": 0,                                                                    
                                                           "Temp Read Blocks": 0,                                                                        
                                                           "Temp Written Blocks": 0,                                                                     
                                                           "Plans": [                                                                                    
                                                             {                                                                                           
                                                               "Node Type": "Seq Scan",                                                                  
                                                               "Parent Relationship": "Outer",                                                           
                                                               "Parallel Aware": false,                                                                  
                                                               "Relation Name": "movie_keyword",                                                         
                                                               "Alias": "mk",                                                                            
                                                               "Startup Cost": 0.00,                                                                     
                                                               "Total Cost": 1079.84,                                                                    
                                                               "Plan Rows": 4523930,                                                                     
                                                               "Plan Width": 8,                                                                          
                                                               "Actual Startup Time": 0.012,                                                             
                                                               "Actual Total Time": 778.384,                                                             
                                                               "Actual Rows": 4523930,                                                                   
                                                               "Actual Loops": 1,                                                                        
                                                               "Shared Hit Blocks": 3,                                                                   
                                                               "Shared Read Blocks": 24451,                                                              
                                                               "Shared Dirtied Blocks": 0,                                                               
                                                               "Shared Written Blocks": 0,                                                               
                                                               "Local Hit Blocks": 0,                                                                    
                                                               "Local Read Blocks": 0,                                                                   
                                                               "Local Dirtied Blocks": 0,                                                                
                                                               "Local Written Blocks": 0,                                                                
                                                               "Temp Read Blocks": 0,                                                                    
                                                               "Temp Written Blocks": 0                                                                  
                                                             }                                                                                           
                                                           ]                                                                                             
                                                         }                                                                                               
                                                       ]                                                                                                 
                                                     }                                                                                                   
                                                   ]                                                                                                     
                                                 },                                                                                                      
                                                 {                                                                                                       
                                                   "Node Type": "Sort",                                                                                  
                                                   "Parent Relationship": "Inner",                                                                       
                                                   "Parallel Aware": false,                                                                              
                                                   "Startup Cost": 9654.35,                                                                              
                                                   "Total Cost": 9850.65,                                                                                
                                                   "Plan Rows": 2528312,                                                                                 
                                                   "Plan Width": 21,                                                                                     
                                                   "Actual Startup Time": 2423.370,                                                                      
                                                   "Actual Total Time": 2745.544,                                                                        
                                                   "Actual Rows": 2525735,                                                                               
                                                   "Actual Loops": 1,                                                                                    
                                                   "Sort Key": ["t.id"],                                                                                 
                                                   "Sort Method": "quicksort",                                                                           
                                                   "Sort Space Used": 275055,                                                                            
                                                   "Sort Space Type": "Memory",                                                                          
                                                   "Shared Hit Blocks": 1,                                                                               
                                                   "Shared Read Blocks": 35997,                                                                          
                                                   "Shared Dirtied Blocks": 0,                                                                           
                                                   "Shared Written Blocks": 0,                                                                           
                                                   "Local Hit Blocks": 0,                                                                                
                                                   "Local Read Blocks": 0,                                                                               
                                                   "Local Dirtied Blocks": 0,                                                                            
                                                   "Local Written Blocks": 0,                                                                            
                                                   "Temp Read Blocks": 0,                                                                                
                                                   "Temp Written Blocks": 0,                                                                             
                                                   "Plans": [                                                                                            
                                                     {                                                                                                   
                                                       "Node Type": "Seq Scan",                                                                          
                                                       "Parent Relationship": "Outer",                                                                   
                                                       "Parallel Aware": false,                                                                          
                                                       "Relation Name": "title",                                                                         
                                                       "Alias": "t",                                                                                     
                                                       "Startup Cost": 0.00,                                                                             
                                                       "Total Cost": 1303.96,                                                                            
                                                       "Plan Rows": 2528312,                                                                             
                                                       "Plan Width": 21,                                                                                 
                                                       "Actual Startup Time": 10.416,                                                                    
                                                       "Actual Total Time": 1113.231,                                                                    
                                                       "Actual Rows": 2528312,                                                                           
                                                       "Actual Loops": 1,                                                                                
                                                       "Shared Hit Blocks": 1,                                                                           
                                                       "Shared Read Blocks": 35997,                                                                      
                                                       "Shared Dirtied Blocks": 0,                                                                       
                                                       "Shared Written Blocks": 0,                                                                       
                                                       "Local Hit Blocks": 0,                                                                            
                                                       "Local Read Blocks": 0,                                                                           
                                                       "Local Dirtied Blocks": 0,                                                                        
                                                       "Local Written Blocks": 0,                                                                        
                                                       "Temp Read Blocks": 0,                                                                            
                                                       "Temp Written Blocks": 0                                                                          
                                                     }                                                                                                   
                                                   ]                                                                                                     
                                                 }                                                                                                       
                                               ]                                                                                                         
                                             },                                                                                                          
                                             {                                                                                                           
                                               "Node Type": "Sort",                                                                                      
                                               "Parent Relationship": "Inner",                                                                           
                                               "Parallel Aware": false,                                                                                  
                                               "Startup Cost": 7328.18,                                                                                  
                                               "Total Cost": 7330.61,                                                                                    
                                               "Plan Rows": 31269,                                                                                       
                                               "Plan Width": 50,                                                                                         
                                               "Actual Startup Time": 8383.049,                                                                          
                                               "Actual Total Time": 8386.149,                                                                            
                                               "Actual Rows": 37239,                                                                                     
                                               "Actual Loops": 1,                                                                                        
                                               "Sort Key": ["mi.movie_id"],                                                                              
                                               "Sort Method": "quicksort",                                                                               
                                               "Sort Space Used": 2212,                                                                                  
                                               "Sort Space Type": "Memory",                                                                              
                                               "Shared Hit Blocks": 2,                                                                                   
                                               "Shared Read Blocks": 161890,                                                                             
                                               "Shared Dirtied Blocks": 0,                                                                               
                                               "Shared Written Blocks": 0,                                                                               
                                               "Local Hit Blocks": 0,                                                                                    
                                               "Local Read Blocks": 0,                                                                                   
                                               "Local Dirtied Blocks": 0,                                                                                
                                               "Local Written Blocks": 0,                                                                                
                                               "Temp Read Blocks": 0,                                                                                    
                                               "Temp Written Blocks": 0,                                                                                 
                                               "Plans": [                                                                                                
                                                 {                                                                                                       
                                                   "Node Type": "Seq Scan",                                                                              
                                                   "Parent Relationship": "Outer",                                                                       
                                                   "Parallel Aware": false,                                                                              
                                                   "Relation Name": "movie_info",                                                                        
                                                   "Alias": "mi",                                                                                        
                                                   "Startup Cost": 0.00,                                                                                 
                                                   "Total Cost": 7255.68,                                                                                
                                                   "Plan Rows": 31269,                                                                                   
                                                   "Plan Width": 50,                                                                                     
                                                   "Actual Startup Time": 4889.603,                                                                      
                                                   "Actual Total Time": 8364.362,                                                                        
                                                   "Actual Rows": 30801,                                                                                 
                                                   "Actual Loops": 1,                                                                                    
                                                   "Filter": "(info = 'Horror'::text)",                                                                  
                                                   "Rows Removed by Filter": 14804919,                                                                   
                                                   "Shared Hit Blocks": 2,                                                                               
                                                   "Shared Read Blocks": 161890,                                                                         
                                                   "Shared Dirtied Blocks": 0,                                                                           
                                                   "Shared Written Blocks": 0,                                                                           
                                                   "Local Hit Blocks": 0,                                                                                
                                                   "Local Read Blocks": 0,                                                                               
                                                   "Local Dirtied Blocks": 0,                                                                            
                                                   "Local Written Blocks": 0,                                                                            
                                                   "Temp Read Blocks": 0,                                                                                
                                                   "Temp Written Blocks": 0                                                                              
                                                 }                                                                                                       
                                               ]                                                                                                         
                                             }                                                                                                           
                                           ]                                                                                                             
                                         },                                                                                                              
                                         {                                                                                                               
                                           "Node Type": "Sort",                                                                                          
                                           "Parent Relationship": "Inner",                                                                               
                                           "Parallel Aware": false,                                                                                      
                                           "Startup Cost": 4731.30,                                                                                      
                                           "Total Cost": 4838.45,                                                                                        
                                           "Plan Rows": 1380035,                                                                                         
                                           "Plan Width": 14,                                                                                             
                                           "Actual Startup Time": 820.247,                                                                               
                                           "Actual Total Time": 897.918,                                                                                 
                                           "Actual Rows": 1399344,                                                                                       
                                           "Actual Loops": 1,                                                                                            
                                           "Sort Key": ["mi_idx.movie_id"],                                                                              
                                           "Sort Method": "quicksort",                                                                                   
                                           "Sort Space Used": 128214,                                                                                    
                                           "Sort Space Type": "Memory",                                                                                  
                                           "Shared Hit Blocks": 2,                                                                                       
                                           "Shared Read Blocks": 8451,                                                                                   
                                           "Shared Dirtied Blocks": 0,                                                                                   
                                           "Shared Written Blocks": 0,                                                                                   
                                           "Local Hit Blocks": 0,                                                                                        
                                           "Local Read Blocks": 0,                                                                                       
                                           "Local Dirtied Blocks": 0,                                                                                    
                                           "Local Written Blocks": 0,                                                                                    
                                           "Temp Read Blocks": 0,                                                                                        
                                           "Temp Written Blocks": 0,                                                                                     
                                           "Plans": [                                                                                                    
                                             {                                                                                                           
                                               "Node Type": "Seq Scan",                                                                                  
                                               "Parent Relationship": "Outer",                                                                           
                                               "Parallel Aware": false,                                                                                  
                                               "Relation Name": "movie_info_idx",                                                                        
                                               "Alias": "mi_idx",                                                                                        
                                               "Startup Cost": 0.00,                                                                                     
                                               "Total Cost": 360.56,                                                                                     
                                               "Plan Rows": 1380035,                                                                                     
                                               "Plan Width": 14,                                                                                         
                                               "Actual Startup Time": 0.010,                                                                             
                                               "Actual Total Time": 299.516,                                                                             
                                               "Actual Rows": 1380035,                                                                                   
                                               "Actual Loops": 1,                                                                                        
                                               "Shared Hit Blocks": 2,                                                                                   
                                               "Shared Read Blocks": 8451,                                                                               
                                               "Shared Dirtied Blocks": 0,                                                                               
                                               "Shared Written Blocks": 0,                                                                               
                                               "Local Hit Blocks": 0,                                                                                    
                                               "Local Read Blocks": 0,                                                                                   
                                               "Local Dirtied Blocks": 0,                                                                                
                                               "Local Written Blocks": 0,                                                                                
                                               "Temp Read Blocks": 0,                                                                                    
                                               "Temp Written Blocks": 0                                                                                  
                                             }                                                                                                           
                                           ]                                                                                                             
                                         }                                                                                                               
                                       ]                                                                                                                 
                                     },                                                                                                                  
                                     {                                                                                                                   
                                       "Node Type": "Sort",                                                                                              
                                       "Parent Relationship": "Inner",                                                                                   
                                       "Parallel Aware": false,                                                                                          
                                       "Startup Cost": 21383.21,                                                                                         
                                       "Total Cost": 21479.94,                                                                                           
                                       "Plan Rows": 1245851,                                                                                             
                                       "Plan Width": 8,                                                                                                  
                                       "Actual Startup Time": 12426.183,                                                                                 
                                       "Actual Total Time": 12540.638,                                                                                   
                                       "Actual Rows": 1264362,                                                                                           
                                       "Actual Loops": 1,                                                                                                
                                       "Sort Key": ["ci.movie_id"],                                                                                      
                                       "Sort Method": "quicksort",                                                                                       
                                       "Sort Space Used": 107499,                                                                                        
                                       "Sort Space Type": "Memory",                                                                                      
                                       "Shared Hit Blocks": 4,                                                                                           
                                       "Shared Read Blocks": 252650,                                                                                     
                                       "Shared Dirtied Blocks": 0,                                                                                       
                                       "Shared Written Blocks": 0,                                                                                       
                                       "Local Hit Blocks": 0,                                                                                            
                                       "Local Read Blocks": 0,                                                                                           
                                       "Local Dirtied Blocks": 0,                                                                                        
                                       "Local Written Blocks": 0,                                                                                        
                                       "Temp Read Blocks": 0,                                                                                            
                                       "Temp Written Blocks": 0,                                                                                         
                                       "Plans": [                                                                                                        
                                         {                                                                                                               
                                           "Node Type": "Seq Scan",                                                                                      
                                           "Parent Relationship": "Outer",                                                                               
                                           "Parallel Aware": false,                                                                                      
                                           "Relation Name": "cast_info",                                                                                 
                                           "Alias": "ci",                                                                                                
                                           "Startup Cost": 0.00,                                                                                         
                                           "Total Cost": 17466.00,                                                                                       
                                           "Plan Rows": 1245851,                                                                                         
                                           "Plan Width": 8,                                                                                              
                                           "Actual Startup Time": 373.525,                                                                               
                                           "Actual Total Time": 11935.466,                                                                               
                                           "Actual Rows": 1244716,                                                                                       
                                           "Actual Loops": 1,                                                                                            
                                           "Filter": "(note = ANY ('{(writer),\"(head writer)\",\"(written by)\",(story),\"(story editor)\"}'::text[]))",
                                           "Rows Removed by Filter": 34999628,                                                                           
                                           "Shared Hit Blocks": 4,                                                                                       
                                           "Shared Read Blocks": 252650,                                                                                 
                                           "Shared Dirtied Blocks": 0,                                                                                   
                                           "Shared Written Blocks": 0,                                                                                   
                                           "Local Hit Blocks": 0,                                                                                        
                                           "Local Read Blocks": 0,                                                                                       
                                           "Local Dirtied Blocks": 0,                                                                                    
                                           "Local Written Blocks": 0,                                                                                    
                                           "Temp Read Blocks": 0,                                                                                        
                                           "Temp Written Blocks": 0                                                                                      
                                         }                                                                                                               
                                       ]                                                                                                                 
                                     }                                                                                                                   
                                   ]                                                                                                                     
                                 }                                                                                                                       
                               ]                                                                                                                         
                             },                                                                                                                          
                             {                                                                                                                           
                               "Node Type": "Sort",                                                                                                      
                               "Parent Relationship": "Inner",                                                                                           
                               "Parallel Aware": false,                                                                                                  
                               "Startup Cost": 0.05,                                                                                                     
                               "Total Cost": 0.05,                                                                                                       
                               "Plan Rows": 1,                                                                                                           
                               "Plan Width": 4,                                                                                                          
                               "Actual Startup Time": 0.040,                                                                                             
                               "Actual Total Time": 0.040,                                                                                               
                               "Actual Rows": 1,                                                                                                         
                               "Actual Loops": 1,                                                                                                        
                               "Sort Key": ["it.id"],                                                                                                   
                               "Sort Method": "quicksort",                                                                                               
                               "Sort Space Used": 25,                                                                                                    
                               "Sort Space Type": "Memory",                                                                                              
                               "Shared Hit Blocks": 1,                                                                                                   
                               "Shared Read Blocks": 0,                                                                                                  
                               "Shared Dirtied Blocks": 0,                                                                                               
                               "Shared Written Blocks": 0,                                                                                               
                               "Local Hit Blocks": 0,                                                                                                    
                               "Local Read Blocks": 0,                                                                                                   
                               "Local Dirtied Blocks": 0,                                                                                                
                               "Local Written Blocks": 0,                                                                                                
                               "Temp Read Blocks": 0,                                                                                                    
                               "Temp Written Blocks": 0,                                                                                                 
                               "Plans": [                                                                                                                
                                 {                                                                                                                       
                                   "Node Type": "Seq Scan",                                                                                              
                                   "Parent Relationship": "Outer",                                                                                       
                                   "Parallel Aware": false,                                                                                              
                                   "Relation Name": "info_type",                                                                                         
                                   "Alias": "it",                                                                                                       
                                   "Startup Cost": 0.00,                                                                                                 
                                   "Total Cost": 0.05,                                                                                                   
                                   "Plan Rows": 1,                                                                                                       
                                   "Plan Width": 4,                                                                                                      
                                   "Actual Startup Time": 0.028,                                                                                         
                                   "Actual Total Time": 0.031,                                                                                           
                                   "Actual Rows": 1,                                                                                                     
                                   "Actual Loops": 1,                                                                                                    
                                   "Filter": "((info)::text = 'votes'::text)",                                                                           
                                   "Rows Removed by Filter": 112,                                                                                        
                                   "Shared Hit Blocks": 1,                                                                                               
                                   "Shared Read Blocks": 0,                                                                                              
                                   "Shared Dirtied Blocks": 0,                                                                                           
                                   "Shared Written Blocks": 0,                                                                                           
                                   "Local Hit Blocks": 0,                                                                                                
                                   "Local Read Blocks": 0,                                                                                               
                                   "Local Dirtied Blocks": 0,                                                                                            
                                   "Local Written Blocks": 0,                                                                                            
                                   "Temp Read Blocks": 0,                                                                                                
                                   "Temp Written Blocks": 0                                                                                              
                                 }                                                                                                                       
                               ]                                                                                                                         
                             }                                                                                                                           
                           ]                                                                                                                             
                         }                                                                                                                               
                       ]                                                                                                                                 
                     },                                                                                                                                  
                     {                                                                                                                                   
                       "Node Type": "Sort",                                                                                                              
                       "Parent Relationship": "Inner",                                                                                                   
                       "Parallel Aware": false,                                                                                                          
                       "Startup Cost": 0.05,                                                                                                             
                       "Total Cost": 0.05,                                                                                                               
                       "Plan Rows": 1,                                                                                                                   
                       "Plan Width": 4,                                                                                                                  
                       "Actual Startup Time": 0.024,                                                                                                     
                       "Actual Total Time": 0.024,                                                                                                       
                       "Actual Rows": 1,                                                                                                                 
                       "Actual Loops": 1,                                                                                                                
                       "Sort Key": ["it.id"],                                                                                                           
                       "Sort Method": "quicksort",                                                                                                       
                       "Sort Space Used": 25,                                                                                                            
                       "Sort Space Type": "Memory",                                                                                                      
                       "Shared Hit Blocks": 1,                                                                                                           
                       "Shared Read Blocks": 0,                                                                                                          
                       "Shared Dirtied Blocks": 0,                                                                                                       
                       "Shared Written Blocks": 0,                                                                                                       
                       "Local Hit Blocks": 0,                                                                                                            
                       "Local Read Blocks": 0,                                                                                                           
                       "Local Dirtied Blocks": 0,                                                                                                        
                       "Local Written Blocks": 0,                                                                                                        
                       "Temp Read Blocks": 0,                                                                                                            
                       "Temp Written Blocks": 0,                                                                                                         
                       "Plans": [                                                                                                                        
                         {                                                                                                                               
                           "Node Type": "Seq Scan",                                                                                                      
                           "Parent Relationship": "Outer",                                                                                               
                           "Parallel Aware": false,                                                                                                      
                           "Relation Name": "info_type",                                                                                                 
                           "Alias": "it",                                                                                                               
                           "Startup Cost": 0.00,                                                                                                         
                           "Total Cost": 0.05,                                                                                                           
                           "Plan Rows": 1,                                                                                                               
                           "Plan Width": 4,                                                                                                              
                           "Actual Startup Time": 0.009,                                                                                                 
                           "Actual Total Time": 0.020,                                                                                                   
                           "Actual Rows": 1,                                                                                                             
                           "Actual Loops": 1,                                                                                                            
                           "Filter": "((info)::text = 'genres'::text)",                                                                                  
                           "Rows Removed by Filter": 112,                                                                                                
                           "Shared Hit Blocks": 1,                                                                                                       
                           "Shared Read Blocks": 0,                                                                                                      
                           "Shared Dirtied Blocks": 0,                                                                                                   
                           "Shared Written Blocks": 0,                                                                                                   
                           "Local Hit Blocks": 0,                                                                                                        
                           "Local Read Blocks": 0,                                                                                                       
                           "Local Dirtied Blocks": 0,                                                                                                    
                           "Local Written Blocks": 0,                                                                                                    
                           "Temp Read Blocks": 0,                                                                                                        
                           "Temp Written Blocks": 0                                                                                                      
                         }                                                                                                                               
                       ]                                                                                                                                 
                     }                                                                                                                                   
                   ]                                                                                                                                     
                 }                                                                                                                                       
               ]                                                                                                                                         
             },                                                                                                                                          
             {                                                                                                                                           
               "Node Type": "Sort",                                                                                                                      
               "Parent Relationship": "Inner",                                                                                                           
               "Parallel Aware": false,                                                                                                                  
               "Startup Cost": 7955.33,                                                                                                                  
               "Total Cost": 8090.37,                                                                                                                    
               "Plan Rows": 1739438,                                                                                                                     
               "Plan Width": 19,                                                                                                                         
               "Actual Startup Time": 2974.987,                                                                                                          
               "Actual Total Time": 3175.677,                                                                                                            
               "Actual Rows": 1739579,                                                                                                                   
               "Actual Loops": 1,                                                                                                                        
               "Sort Key": ["n.id"],                                                                                                                     
               "Sort Method": "quicksort",                                                                                                               
               "Sort Space Used": 176730,                                                                                                                
               "Sort Space Type": "Memory",                                                                                                              
               "Shared Hit Blocks": 1,                                                                                                                   
               "Shared Read Blocks": 55612,                                                                                                              
               "Shared Dirtied Blocks": 0,                                                                                                               
               "Shared Written Blocks": 0,                                                                                                               
               "Local Hit Blocks": 0,                                                                                                                    
               "Local Read Blocks": 0,                                                                                                                   
               "Local Dirtied Blocks": 0,                                                                                                                
               "Local Written Blocks": 0,                                                                                                                
               "Temp Read Blocks": 0,                                                                                                                    
               "Temp Written Blocks": 0,                                                                                                                 
               "Plans": [                                                                                                                                
                 {                                                                                                                                       
                   "Node Type": "Seq Scan",                                                                                                              
                   "Parent Relationship": "Outer",                                                                                                       
                   "Parallel Aware": false,                                                                                                              
                   "Relation Name": "name",                                                                                                              
                   "Alias": "n",                                                                                                                         
                   "Startup Cost": 0.00,                                                                                                                 
                   "Total Cost": 2356.12,                                                                                                                
                   "Plan Rows": 1739438,                                                                                                                 
                   "Plan Width": 19,                                                                                                                     
                   "Actual Startup Time": 19.847,                                                                                                        
                   "Actual Total Time": 2200.977,                                                                                                        
                   "Actual Rows": 1739579,                                                                                                               
                   "Actual Loops": 1,                                                                                                                    
                   "Filter": "((gender)::text = 'm'::text)",                                                                                             
                   "Rows Removed by Filter": 2427912,                                                                                                    
                   "Shared Hit Blocks": 1,                                                                                                               
                   "Shared Read Blocks": 55612,                                                                                                          
                   "Shared Dirtied Blocks": 0,                                                                                                           
                   "Shared Written Blocks": 0,                                                                                                           
                   "Local Hit Blocks": 0,                                                                                                                
                   "Local Read Blocks": 0,                                                                                                               
                   "Local Dirtied Blocks": 0,                                                                                                            
                   "Local Written Blocks": 0,                                                                                                            
                   "Temp Read Blocks": 0,                                                                                                                
                   "Temp Written Blocks": 0                                                                                                              
                 }                                                                                                                                       
               ]                                                                                                                                         
             }                                                                                                                                           
           ]                                                                                                                                             
         }                                                                                                                                               
       ]                                                                                                                                                 
     },                                                                                                                                                  
     "Planning Time": 9786.693,                                                                                                                          
     "Triggers": [                                                                                                                                       
     ],                                                                                                                                                  
     "Execution Time": 31375.881                                                                                                                         
