 [                                                                                                                                                               
   {                                                                                                                                                             
     "Plan": {                                                                                                                                                   
       "Node Type": "Aggregate",                                                                                                                                 
       "Strategy": "Plain",                                                                                                                                      
       "Partial Mode": "Simple",                                                                                                                                 
       "Parallel Aware": false,                                                                                                                                  
       "Startup Cost": 72279.79,                                                                                                                                 
       "Total Cost": 72279.79,                                                                                                                                   
       "Plan Rows": 1,                                                                                                                                           
       "Plan Width": 128,                                                                                                                                        
       "Actual Startup Time": 31706.385,                                                                                                                         
       "Actual Total Time": 31706.385,                                                                                                                           
       "Actual Rows": 1,                                                                                                                                         
       "Actual Loops": 1,                                                                                                                                        
       "Shared Hit Blocks": 21,                                                                                                                                  
       "Shared Read Blocks": 539998,                                                                                                                             
       "Shared Dirtied Blocks": 0,                                                                                                                               
       "Shared Written Blocks": 0,                                                                                                                               
       "Local Hit Blocks": 0,                                                                                                                                    
       "Local Read Blocks": 0,                                                                                                                                   
       "Local Dirtied Blocks": 0,                                                                                                                                
       "Local Written Blocks": 0,                                                                                                                                
       "Temp Read Blocks": 0,                                                                                                                                    
       "Temp Written Blocks": 0,                                                                                                                                 
       "Plans": [                                                                                                                                                
         {                                                                                                                                                       
           "Node Type": "Merge Join",                                                                                                                            
           "Parent Relationship": "Outer",                                                                                                                       
           "Parallel Aware": false,                                                                                                                              
           "Join Type": "Inner",                                                                                                                                 
           "Startup Cost": 72016.54,                                                                                                                             
           "Total Cost": 72279.79,                                                                                                                               
           "Plan Rows": 1,                                                                                                                                       
           "Plan Width": 80,                                                                                                                                     
           "Actual Startup Time": 31246.934,                                                                                                                     
           "Actual Total Time": 31683.666,                                                                                                                       
           "Actual Rows": 26153,                                                                                                                                 
           "Actual Loops": 1,                                                                                                                                    
           "Inner Unique": true,                                                                                                                                 
           "Merge Cond": "(ci.person_id = n.id)",                                                                                                                
           "Shared Hit Blocks": 21,                                                                                                                              
           "Shared Read Blocks": 539998,                                                                                                                         
           "Shared Dirtied Blocks": 0,                                                                                                                           
           "Shared Written Blocks": 0,                                                                                                                           
           "Local Hit Blocks": 0,                                                                                                                                
           "Local Read Blocks": 0,                                                                                                                               
           "Local Dirtied Blocks": 0,                                                                                                                            
           "Local Written Blocks": 0,                                                                                                                            
           "Temp Read Blocks": 0,                                                                                                                                
           "Temp Written Blocks": 0,                                                                                                                             
           "Plans": [                                                                                                                                            
             {                                                                                                                                                   
               "Node Type": "Sort",                                                                                                                              
               "Parent Relationship": "Outer",                                                                                                                   
               "Parallel Aware": false,                                                                                                                          
               "Startup Cost": 64061.21,                                                                                                                         
               "Total Cost": 64061.21,                                                                                                                           
               "Plan Rows": 1,                                                                                                                                   
               "Plan Width": 69,                                                                                                                                 
               "Actual Startup Time": 28281.577,                                                                                                                 
               "Actual Total Time": 28285.259,                                                                                                                   
               "Actual Rows": 26154,                                                                                                                             
               "Actual Loops": 1,                                                                                                                                
               "Sort Key": ["ci.person_id"],                                                                                                                     
               "Sort Method": "quicksort",                                                                                                                       
               "Sort Space Used": 5063,                                                                                                                          
               "Sort Space Type": "Memory",                                                                                                                      
               "Shared Hit Blocks": 20,                                                                                                                          
               "Shared Read Blocks": 484386,                                                                                                                     
               "Shared Dirtied Blocks": 0,                                                                                                                       
               "Shared Written Blocks": 0,                                                                                                                       
               "Local Hit Blocks": 0,                                                                                                                            
               "Local Read Blocks": 0,                                                                                                                           
               "Local Dirtied Blocks": 0,                                                                                                                        
               "Local Written Blocks": 0,                                                                                                                        
               "Temp Read Blocks": 0,                                                                                                                            
               "Temp Written Blocks": 0,                                                                                                                         
               "Plans": [                                                                                                                                        
                 {                                                                                                                                               
                   "Node Type": "Merge Join",                                                                                                                    
                   "Parent Relationship": "Outer",                                                                                                               
                   "Parallel Aware": false,                                                                                                                      
                   "Join Type": "Inner",                                                                                                                         
                   "Startup Cost": 64061.21,                                                                                                                     
                   "Total Cost": 64061.21,                                                                                                                       
                   "Plan Rows": 1,                                                                                                                               
                   "Plan Width": 69,                                                                                                                             
                   "Actual Startup Time": 28244.574,                                                                                                             
                   "Actual Total Time": 28256.727,                                                                                                               
                   "Actual Rows": 42900,                                                                                                                         
                   "Actual Loops": 1,                                                                                                                            
                   "Inner Unique": true,                                                                                                                         
                   "Merge Cond": "(mi.info_type_id = it1.id)",                                                                                                   
                   "Shared Hit Blocks": 16,                                                                                                                      
                   "Shared Read Blocks": 484386,                                                                                                                 
                   "Shared Dirtied Blocks": 0,                                                                                                                   
                   "Shared Written Blocks": 0,                                                                                                                   
                   "Local Hit Blocks": 0,                                                                                                                        
                   "Local Read Blocks": 0,                                                                                                                       
                   "Local Dirtied Blocks": 0,                                                                                                                    
                   "Local Written Blocks": 0,                                                                                                                    
                   "Temp Read Blocks": 0,                                                                                                                        
                   "Temp Written Blocks": 0,                                                                                                                     
                   "Plans": [                                                                                                                                    
                     {                                                                                                                                           
                       "Node Type": "Sort",                                                                                                                      
                       "Parent Relationship": "Outer",                                                                                                           
                       "Parallel Aware": false,                                                                                                                  
                       "Startup Cost": 64061.16,                                                                                                                 
                       "Total Cost": 64061.16,                                                                                                                   
                       "Plan Rows": 1,                                                                                                                           
                       "Plan Width": 73,                                                                                                                         
                       "Actual Startup Time": 28244.539,                                                                                                         
                       "Actual Total Time": 28246.544,                                                                                                           
                       "Actual Rows": 42901,                                                                                                                     
                       "Actual Loops": 1,                                                                                                                        
                       "Sort Key": ["mi.info_type_id"],                                                                                                          
                       "Sort Method": "quicksort",                                                                                                               
                       "Sort Space Used": 5553,                                                                                                                  
                       "Sort Space Type": "Memory",                                                                                                              
                       "Shared Hit Blocks": 15,                                                                                                                  
                       "Shared Read Blocks": 484386,                                                                                                             
                       "Shared Dirtied Blocks": 0,                                                                                                               
                       "Shared Written Blocks": 0,                                                                                                               
                       "Local Hit Blocks": 0,                                                                                                                    
                       "Local Read Blocks": 0,                                                                                                                   
                       "Local Dirtied Blocks": 0,                                                                                                                
                       "Local Written Blocks": 0,                                                                                                                
                       "Temp Read Blocks": 0,                                                                                                                    
                       "Temp Written Blocks": 0,                                                                                                                 
                       "Plans": [                                                                                                                                
                         {                                                                                                                                       
                           "Node Type": "Merge Join",                                                                                                            
                           "Parent Relationship": "Outer",                                                                                                       
                           "Parallel Aware": false,                                                                                                              
                           "Join Type": "Inner",                                                                                                                 
                           "Startup Cost": 64061.15,                                                                                                             
                           "Total Cost": 64061.16,                                                                                                               
                           "Plan Rows": 1,                                                                                                                       
                           "Plan Width": 73,                                                                                                                     
                           "Actual Startup Time": 28217.481,                                                                                                     
                           "Actual Total Time": 28232.060,                                                                                                       
                           "Actual Rows": 46694,                                                                                                                 
                           "Actual Loops": 1,                                                                                                                    
                           "Inner Unique": true,                                                                                                                 
                           "Merge Cond": "(mi_idx.info_type_id = it2.id)",                                                                                       
                           "Shared Hit Blocks": 15,                                                                                                              
                           "Shared Read Blocks": 484386,                                                                                                         
                           "Shared Dirtied Blocks": 0,                                                                                                           
                           "Shared Written Blocks": 0,                                                                                                           
                           "Local Hit Blocks": 0,                                                                                                                
                           "Local Read Blocks": 0,                                                                                                               
                           "Local Dirtied Blocks": 0,                                                                                                            
                           "Local Written Blocks": 0,                                                                                                            
                           "Temp Read Blocks": 0,                                                                                                                
                           "Temp Written Blocks": 0,                                                                                                             
                           "Plans": [                                                                                                                            
                             {                                                                                                                                   
                               "Node Type": "Sort",                                                                                                              
                               "Parent Relationship": "Outer",                                                                                                   
                               "Parallel Aware": false,                                                                                                          
                               "Startup Cost": 64061.10,                                                                                                         
                               "Total Cost": 64061.11,                                                                                                           
                               "Plan Rows": 104,                                                                                                                 
                               "Plan Width": 77,                                                                                                                 
                               "Actual Startup Time": 28208.207,                                                                                                 
                               "Actual Total Time": 28214.462,                                                                                                   
                               "Actual Rows": 93389,                                                                                                             
                               "Actual Loops": 1,                                                                                                                
                               "Sort Key": ["mi_idx.info_type_id"],                                                                                              
                               "Sort Method": "quicksort",                                                                                                       
                               "Sort Space Used": 19708,                                                                                                         
                               "Sort Space Type": "Memory",                                                                                                      
                               "Shared Hit Blocks": 14,                                                                                                          
                               "Shared Read Blocks": 484386,                                                                                                     
                               "Shared Dirtied Blocks": 0,                                                                                                       
                               "Shared Written Blocks": 0,                                                                                                       
                               "Local Hit Blocks": 0,                                                                                                            
                               "Local Read Blocks": 0,                                                                                                           
                               "Local Dirtied Blocks": 0,                                                                                                        
                               "Local Written Blocks": 0,                                                                                                        
                               "Temp Read Blocks": 0,                                                                                                            
                               "Temp Written Blocks": 0,                                                                                                         
                               "Plans": [                                                                                                                        
                                 {                                                                                                                               
                                   "Node Type": "Merge Join",                                                                                                    
                                   "Parent Relationship": "Outer",                                                                                               
                                   "Parallel Aware": false,                                                                                                      
                                   "Join Type": "Inner",                                                                                                         
                                   "Startup Cost": 63232.35,                                                                                                     
                                   "Total Cost": 64060.99,                                                                                                       
                                   "Plan Rows": 104,                                                                                                             
                                   "Plan Width": 77,                                                                                                             
                                   "Actual Startup Time": 26760.247,                                                                                             
                                   "Actual Total Time": 28162.914,                                                                                               
                                   "Actual Rows": 140982,                                                                                                        
                                   "Actual Loops": 1,                                                                                                            
                                   "Inner Unique": false,                                                                                                        
                                   "Merge Cond": "(t.id = ci.movie_id)",                                                                                         
                                   "Shared Hit Blocks": 14,                                                                                                      
                                   "Shared Read Blocks": 484386,                                                                                                 
                                   "Shared Dirtied Blocks": 0,                                                                                                   
                                   "Shared Written Blocks": 0,                                                                                                   
                                   "Local Hit Blocks": 0,                                                                                                        
                                   "Local Read Blocks": 0,                                                                                                       
                                   "Local Dirtied Blocks": 0,                                                                                                    
                                   "Local Written Blocks": 0,                                                                                                    
                                   "Temp Read Blocks": 0,                                                                                                        
                                   "Temp Written Blocks": 0,                                                                                                     
                                   "Plans": [                                                                                                                    
                                     {                                                                                                                           
                                       "Node Type": "Merge Join",                                                                                                
                                       "Parent Relationship": "Outer",                                                                                           
                                       "Parallel Aware": false,                                                                                                  
                                       "Join Type": "Inner",                                                                                                     
                                       "Startup Cost": 41849.13,                                                                                                 
                                       "Total Cost": 42484.31,                                                                                                   
                                       "Plan Rows": 102,                                                                                                         
                                       "Plan Width": 89,                                                                                                         
                                       "Actual Startup Time": 14366.689,                                                                                         
                                       "Actual Total Time": 15475.212,                                                                                           
                                       "Actual Rows": 204379,                                                                                                    
                                       "Actual Loops": 1,                                                                                                        
                                       "Inner Unique": false,                                                                                                    
                                       "Merge Cond": "(t.id = mi.movie_id)",                                                                                     
                                       "Shared Hit Blocks": 10,                                                                                                  
                                       "Shared Read Blocks": 231736,                                                                                             
                                       "Shared Dirtied Blocks": 0,                                                                                               
                                       "Shared Written Blocks": 0,                                                                                               
                                       "Local Hit Blocks": 0,                                                                                                    
                                       "Local Read Blocks": 0,                                                                                                   
                                       "Local Dirtied Blocks": 0,                                                                                                
                                       "Local Written Blocks": 0,                                                                                                
                                       "Temp Read Blocks": 0,                                                                                                    
                                       "Temp Written Blocks": 0,                                                                                                 
                                       "Plans": [                                                                                                                
                                         {                                                                                                                       
                                           "Node Type": "Merge Join",                                                                                            
                                           "Parent Relationship": "Outer",                                                                                       
                                           "Parallel Aware": false,                                                                                              
                                           "Join Type": "Inner",                                                                                                 
                                           "Startup Cost": 31774.86,                                                                                             
                                           "Total Cost": 32381.46,                                                                                               
                                           "Plan Rows": 710,                                                                                                     
                                           "Plan Width": 39,                                                                                                     
                                           "Actual Startup Time": 5963.588,                                                                                      
                                           "Actual Total Time": 6961.158,                                                                                        
                                           "Actual Rows": 191689,                                                                                                
                                           "Actual Loops": 1,                                                                                                    
                                           "Inner Unique": false,                                                                                                
                                           "Merge Cond": "(t.id = mi_idx.movie_id)",                                                                             
                                           "Shared Hit Blocks": 8,                                                                                               
                                           "Shared Read Blocks": 69846,                                                                                          
                                           "Shared Dirtied Blocks": 0,                                                                                           
                                           "Shared Written Blocks": 0,                                                                                           
                                           "Local Hit Blocks": 0,                                                                                                
                                           "Local Read Blocks": 0,                                                                                               
                                           "Local Dirtied Blocks": 0,                                                                                            
                                           "Local Written Blocks": 0,                                                                                            
                                           "Temp Read Blocks": 0,                                                                                                
                                           "Temp Written Blocks": 0,                                                                                             
                                           "Plans": [                                                                                                            
                                             {                                                                                                                   
                                               "Node Type": "Merge Join",                                                                                        
                                               "Parent Relationship": "Outer",                                                                                   
                                               "Parallel Aware": false,                                                                                          
                                               "Join Type": "Inner",                                                                                             
                                               "Startup Cost": 27043.56,                                                                                         
                                               "Total Cost": 27435.84,                                                                                           
                                               "Plan Rows": 236,                                                                                                 
                                               "Plan Width": 25,                                                                                                 
                                               "Actual Startup Time": 5118.673,                                                                                  
                                               "Actual Total Time": 5830.167,                                                                                    
                                               "Actual Rows": 76714,                                                                                             
                                               "Actual Loops": 1,                                                                                                
                                               "Inner Unique": true,                                                                                             
                                               "Merge Cond": "(mk.movie_id = t.id)",                                                                             
                                               "Shared Hit Blocks": 6,                                                                                           
                                               "Shared Read Blocks": 61395,                                                                                      
                                               "Shared Dirtied Blocks": 0,                                                                                       
                                               "Shared Written Blocks": 0,                                                                                       
                                               "Local Hit Blocks": 0,                                                                                            
                                               "Local Read Blocks": 0,                                                                                           
                                               "Local Dirtied Blocks": 0,                                                                                        
                                               "Local Written Blocks": 0,                                                                                        
                                               "Temp Read Blocks": 0,                                                                                            
                                               "Temp Written Blocks": 0,                                                                                         
                                               "Plans": [                                                                                                        
                                                 {                                                                                                               
                                                   "Node Type": "Sort",                                                                                          
                                                   "Parent Relationship": "Outer",                                                                               
                                                   "Parallel Aware": false,                                                                                      
                                                   "Startup Cost": 17389.21,                                                                                     
                                                   "Total Cost": 17389.23,                                                                                       
                                                   "Plan Rows": 236,                                                                                             
                                                   "Plan Width": 4,                                                                                              
                                                   "Actual Startup Time": 2598.232,                                                                              
                                                   "Actual Total Time": 2609.577,                                                                                
                                                   "Actual Rows": 76714,                                                                                         
                                                   "Actual Loops": 1,                                                                                            
                                                   "Sort Key": ["mk.movie_id"],                                                                                  
                                                   "Sort Method": "quicksort",                                                                                   
                                                   "Sort Space Used": 6668,                                                                                      
                                                   "Sort Space Type": "Memory",                                                                                  
                                                   "Shared Hit Blocks": 5,                                                                                       
                                                   "Shared Read Blocks": 25398,                                                                                  
                                                   "Shared Dirtied Blocks": 0,                                                                                   
                                                   "Shared Written Blocks": 0,                                                                                   
                                                   "Local Hit Blocks": 0,                                                                                        
                                                   "Local Read Blocks": 0,                                                                                       
                                                   "Local Dirtied Blocks": 0,                                                                                    
                                                   "Local Written Blocks": 0,                                                                                    
                                                   "Temp Read Blocks": 0,                                                                                        
                                                   "Temp Written Blocks": 0,                                                                                     
                                                   "Plans": [                                                                                                    
                                                     {                                                                                                           
                                                       "Node Type": "Merge Join",                                                                                
                                                       "Parent Relationship": "Outer",                                                                           
                                                       "Parallel Aware": false,                                                                                  
                                                       "Join Type": "Inner",                                                                                     
                                                       "Startup Cost": 16686.43,                                                                                 
                                                       "Total Cost": 17388.92,                                                                                   
                                                       "Plan Rows": 236,                                                                                         
                                                       "Plan Width": 4,                                                                                          
                                                       "Actual Startup Time": 2370.640,                                                                          
                                                       "Actual Total Time": 2572.196,                                                                            
                                                       "Actual Rows": 76714,                                                                                     
                                                       "Actual Loops": 1,                                                                                        
                                                       "Inner Unique": false,                                                                                    
                                                       "Merge Cond": "(k.id = mk.keyword_id)",                                                                   
                                                       "Shared Hit Blocks": 5,                                                                                   
                                                       "Shared Read Blocks": 25398,                                                                              
                                                       "Shared Dirtied Blocks": 0,                                                                               
                                                       "Shared Written Blocks": 0,                                                                               
                                                       "Local Hit Blocks": 0,                                                                                    
                                                       "Local Read Blocks": 0,                                                                                   
                                                       "Local Dirtied Blocks": 0,                                                                                
                                                       "Local Written Blocks": 0,                                                                                
                                                       "Temp Read Blocks": 0,                                                                                    
                                                       "Temp Written Blocks": 0,                                                                                 
                                                       "Plans": [                                                                                                
                                                         {                                                                                                       
                                                           "Node Type": "Sort",                                                                                  
                                                           "Parent Relationship": "Outer",                                                                       
                                                           "Parallel Aware": false,                                                                              
                                                           "Startup Cost": 75.51,                                                                                
                                                           "Total Cost": 75.51,                                                                                  
                                                           "Plan Rows": 7,                                                                                       
                                                           "Plan Width": 4,                                                                                      
                                                           "Actual Startup Time": 83.472,                                                                        
                                                           "Actual Total Time": 83.475,                                                                          
                                                           "Actual Rows": 7,                                                                                     
                                                           "Actual Loops": 1,                                                                                    
                                                           "Sort Key": ["k.id"],                                                                                 
                                                           "Sort Method": "quicksort",                                                                           
                                                           "Sort Space Used": 25,                                                                                
                                                           "Sort Space Type": "Memory",                                                                          
                                                           "Shared Hit Blocks": 2,                                                                               
                                                           "Shared Read Blocks": 947,                                                                            
                                                           "Shared Dirtied Blocks": 0,                                                                           
                                                           "Shared Written Blocks": 0,                                                                           
                                                           "Local Hit Blocks": 0,                                                                                
                                                           "Local Read Blocks": 0,                                                                               
                                                           "Local Dirtied Blocks": 0,                                                                            
                                                           "Local Written Blocks": 0,                                                                            
                                                           "Temp Read Blocks": 0,                                                                                
                                                           "Temp Written Blocks": 0,                                                                             
                                                           "Plans": [                                                                                            
                                                             {                                                                                                   
                                                               "Node Type": "Seq Scan",                                                                          
                                                               "Parent Relationship": "Outer",                                                                   
                                                               "Parallel Aware": false,                                                                          
                                                               "Relation Name": "keyword",                                                                       
                                                               "Alias": "k",                                                                                     
                                                               "Startup Cost": 0.00,                                                                             
                                                               "Total Cost": 75.50,                                                                              
                                                               "Plan Rows": 7,                                                                                   
                                                               "Plan Width": 4,                                                                                  
                                                               "Actual Startup Time": 3.565,                                                                     
                                                               "Actual Total Time": 83.429,                                                                      
                                                               "Actual Rows": 7,                                                                                 
                                                               "Actual Loops": 1,                                                                                
                                                               "Filter": "(keyword = ANY ('{murder,violence,blood,gore,death,female-nudity,hospital}'::text[]))",
                                                               "Rows Removed by Filter": 134163,                                                                 
                                                               "Shared Hit Blocks": 2,                                                                           
                                                               "Shared Read Blocks": 947,                                                                        
                                                               "Shared Dirtied Blocks": 0,                                                                       
                                                               "Shared Written Blocks": 0,                                                                       
                                                               "Local Hit Blocks": 0,                                                                            
                                                               "Local Read Blocks": 0,                                                                           
                                                               "Local Dirtied Blocks": 0,                                                                        
                                                               "Local Written Blocks": 0,                                                                        
                                                               "Temp Read Blocks": 0,                                                                            
                                                               "Temp Written Blocks": 0                                                                          
                                                             }                                                                                                   
                                                           ]                                                                                                     
                                                         },                                                                                                      
                                                         {                                                                                                       
                                                           "Node Type": "Sort",                                                                                  
                                                           "Parent Relationship": "Inner",                                                                       
                                                           "Parallel Aware": false,                                                                              
                                                           "Startup Cost": 16610.92,                                                                             
                                                           "Total Cost": 16962.16,                                                                               
                                                           "Plan Rows": 4523930,                                                                                 
                                                           "Plan Width": 8,                                                                                      
                                                           "Actual Startup Time": 2237.942,                                                                      
                                                           "Actual Total Time": 2371.051,                                                                        
                                                           "Actual Rows": 943582,                                                                                
                                                           "Actual Loops": 1,                                                                                    
                                                           "Sort Key": ["mk.keyword_id"],                                                                        
                                                           "Sort Method": "quicksort",                                                                           
                                                           "Sort Space Used": 408668,                                                                            
                                                           "Sort Space Type": "Memory",                                                                          
                                                           "Shared Hit Blocks": 3,                                                                               
                                                           "Shared Read Blocks": 24451,                                                                          
                                                           "Shared Dirtied Blocks": 0,                                                                           
                                                           "Shared Written Blocks": 0,                                                                           
                                                           "Local Hit Blocks": 0,                                                                                
                                                           "Local Read Blocks": 0,                                                                               
                                                           "Local Dirtied Blocks": 0,                                                                            
                                                           "Local Written Blocks": 0,                                                                            
                                                           "Temp Read Blocks": 0,                                                                                
                                                           "Temp Written Blocks": 0,                                                                             
                                                           "Plans": [                                                                                            
                                                             {                                                                                                   
                                                               "Node Type": "Seq Scan",                                                                          
                                                               "Parent Relationship": "Outer",                                                                   
                                                               "Parallel Aware": false,                                                                          
                                                               "Relation Name": "movie_keyword",                                                                 
                                                               "Alias": "mk",                                                                                    
                                                               "Startup Cost": 0.00,                                                                             
                                                               "Total Cost": 1079.84,                                                                            
                                                               "Plan Rows": 4523930,                                                                             
                                                               "Plan Width": 8,                                                                                  
                                                               "Actual Startup Time": 0.006,                                                                     
                                                               "Actual Total Time": 791.720,                                                                     
                                                               "Actual Rows": 4523930,                                                                           
                                                               "Actual Loops": 1,                                                                                
                                                               "Shared Hit Blocks": 3,                                                                           
                                                               "Shared Read Blocks": 24451,                                                                      
                                                               "Shared Dirtied Blocks": 0,                                                                       
                                                               "Shared Written Blocks": 0,                                                                       
                                                               "Local Hit Blocks": 0,                                                                            
                                                               "Local Read Blocks": 0,                                                                           
                                                               "Local Dirtied Blocks": 0,                                                                        
                                                               "Local Written Blocks": 0,                                                                        
                                                               "Temp Read Blocks": 0,                                                                            
                                                               "Temp Written Blocks": 0                                                                          
                                                             }                                                                                                   
                                                           ]                                                                                                     
                                                         }                                                                                                       
                                                       ]                                                                                                         
                                                     }                                                                                                           
                                                   ]                                                                                                             
                                                 },                                                                                                              
                                                 {                                                                                                               
                                                   "Node Type": "Sort",                                                                                          
                                                   "Parent Relationship": "Inner",                                                                               
                                                   "Parallel Aware": false,                                                                                      
                                                   "Startup Cost": 9654.35,                                                                                      
                                                   "Total Cost": 9850.65,                                                                                        
                                                   "Plan Rows": 2528312,                                                                                         
                                                   "Plan Width": 21,                                                                                             
                                                   "Actual Startup Time": 2520.235,                                                                              
                                                   "Actual Total Time": 2830.595,                                                                                
                                                   "Actual Rows": 2525735,                                                                                       
                                                   "Actual Loops": 1,                                                                                            
                                                   "Sort Key": ["t.id"],                                                                                         
                                                   "Sort Method": "quicksort",                                                                                   
                                                   "Sort Space Used": 275055,                                                                                    
                                                   "Sort Space Type": "Memory",                                                                                  
                                                   "Shared Hit Blocks": 1,                                                                                       
                                                   "Shared Read Blocks": 35997,                                                                                  
                                                   "Shared Dirtied Blocks": 0,                                                                                   
                                                   "Shared Written Blocks": 0,                                                                                   
                                                   "Local Hit Blocks": 0,                                                                                        
                                                   "Local Read Blocks": 0,                                                                                       
                                                   "Local Dirtied Blocks": 0,                                                                                    
                                                   "Local Written Blocks": 0,                                                                                    
                                                   "Temp Read Blocks": 0,                                                                                        
                                                   "Temp Written Blocks": 0,                                                                                     
                                                   "Plans": [                                                                                                    
                                                     {                                                                                                           
                                                       "Node Type": "Seq Scan",                                                                                  
                                                       "Parent Relationship": "Outer",                                                                           
                                                       "Parallel Aware": false,                                                                                  
                                                       "Relation Name": "title",                                                                                 
                                                       "Alias": "t",                                                                                             
                                                       "Startup Cost": 0.00,                                                                                     
                                                       "Total Cost": 1303.96,                                                                                    
                                                       "Plan Rows": 2528312,                                                                                     
                                                       "Plan Width": 21,                                                                                         
                                                       "Actual Startup Time": 5.828,                                                                             
                                                       "Actual Total Time": 1188.503,                                                                            
                                                       "Actual Rows": 2528312,                                                                                   
                                                       "Actual Loops": 1,                                                                                        
                                                       "Shared Hit Blocks": 1,                                                                                   
                                                       "Shared Read Blocks": 35997,                                                                              
                                                       "Shared Dirtied Blocks": 0,                                                                               
                                                       "Shared Written Blocks": 0,                                                                               
                                                       "Local Hit Blocks": 0,                                                                                    
                                                       "Local Read Blocks": 0,                                                                                   
                                                       "Local Dirtied Blocks": 0,                                                                                
                                                       "Local Written Blocks": 0,                                                                                
                                                       "Temp Read Blocks": 0,                                                                                    
                                                       "Temp Written Blocks": 0                                                                                  
                                                     }                                                                                                           
                                                   ]                                                                                                             
                                                 }                                                                                                               
                                               ]                                                                                                                 
                                             },                                                                                                                  
                                             {                                                                                                                   
                                               "Node Type": "Sort",                                                                                              
                                               "Parent Relationship": "Inner",                                                                                   
                                               "Parallel Aware": false,                                                                                          
                                               "Startup Cost": 4731.30,                                                                                          
                                               "Total Cost": 4838.45,                                                                                            
                                               "Plan Rows": 1380035,                                                                                             
                                               "Plan Width": 14,                                                                                                 
                                               "Actual Startup Time": 844.842,                                                                                   
                                               "Actual Total Time": 940.392,                                                                                     
                                               "Actual Rows": 1451165,                                                                                           
                                               "Actual Loops": 1,                                                                                                
                                               "Sort Key": ["mi_idx.movie_id"],                                                                                  
                                               "Sort Method": "quicksort",                                                                                       
                                               "Sort Space Used": 128214,                                                                                        
                                               "Sort Space Type": "Memory",                                                                                      
                                               "Shared Hit Blocks": 2,                                                                                           
                                               "Shared Read Blocks": 8451,                                                                                       
                                               "Shared Dirtied Blocks": 0,                                                                                       
                                               "Shared Written Blocks": 0,                                                                                       
                                               "Local Hit Blocks": 0,                                                                                            
                                               "Local Read Blocks": 0,                                                                                           
                                               "Local Dirtied Blocks": 0,                                                                                        
                                               "Local Written Blocks": 0,                                                                                        
                                               "Temp Read Blocks": 0,                                                                                            
                                               "Temp Written Blocks": 0,                                                                                         
                                               "Plans": [                                                                                                        
                                                 {                                                                                                               
                                                   "Node Type": "Seq Scan",                                                                                      
                                                   "Parent Relationship": "Outer",                                                                               
                                                   "Parallel Aware": false,                                                                                      
                                                   "Relation Name": "movie_info_idx",                                                                            
                                                   "Alias": "mi_idx",                                                                                            
                                                   "Startup Cost": 0.00,                                                                                         
                                                   "Total Cost": 360.56,                                                                                         
                                                   "Plan Rows": 1380035,                                                                                         
                                                   "Plan Width": 14,                                                                                             
                                                   "Actual Startup Time": 0.015,                                                                                 
                                                   "Actual Total Time": 320.989,                                                                                 
                                                   "Actual Rows": 1380035,                                                                                       
                                                   "Actual Loops": 1,                                                                                            
                                                   "Shared Hit Blocks": 2,                                                                                       
                                                   "Shared Read Blocks": 8451,                                                                                   
                                                   "Shared Dirtied Blocks": 0,                                                                                   
                                                   "Shared Written Blocks": 0,                                                                                   
                                                   "Local Hit Blocks": 0,                                                                                        
                                                   "Local Read Blocks": 0,                                                                                       
                                                   "Local Dirtied Blocks": 0,                                                                                    
                                                   "Local Written Blocks": 0,                                                                                    
                                                   "Temp Read Blocks": 0,                                                                                        
                                                   "Temp Written Blocks": 0                                                                                      
                                                 }                                                                                                               
                                               ]                                                                                                                 
                                             }                                                                                                                   
                                           ]                                                                                                                     
                                         },                                                                                                                      
                                         {                                                                                                                       
                                           "Node Type": "Sort",                                                                                                  
                                           "Parent Relationship": "Inner",                                                                                       
                                           "Parallel Aware": false,                                                                                              
                                           "Startup Cost": 10074.27,                                                                                             
                                           "Total Cost": 10088.96,                                                                                               
                                           "Plan Rows": 189170,                                                                                                  
                                           "Plan Width": 50,                                                                                                     
                                           "Actual Startup Time": 8403.091,                                                                                      
                                           "Actual Total Time": 8426.787,                                                                                        
                                           "Actual Rows": 360055,                                                                                                
                                           "Actual Loops": 1,                                                                                                    
                                           "Sort Key": ["mi.movie_id"],                                                                                          
                                           "Sort Method": "quicksort",                                                                                           
                                           "Sort Space Used": 16323,                                                                                             
                                           "Sort Space Type": "Memory",                                                                                          
                                           "Shared Hit Blocks": 2,                                                                                               
                                           "Shared Read Blocks": 161890,                                                                                         
                                           "Shared Dirtied Blocks": 0,                                                                                           
                                           "Shared Written Blocks": 0,                                                                                           
                                           "Local Hit Blocks": 0,                                                                                                
                                           "Local Read Blocks": 0,                                                                                               
                                           "Local Dirtied Blocks": 0,                                                                                            
                                           "Local Written Blocks": 0,                                                                                            
                                           "Temp Read Blocks": 0,                                                                                                
                                           "Temp Written Blocks": 0,                                                                                             
                                           "Plans": [                                                                                                            
                                             {                                                                                                                   
                                               "Node Type": "Seq Scan",                                                                                          
                                               "Parent Relationship": "Outer",                                                                                   
                                               "Parallel Aware": false,                                                                                          
                                               "Relation Name": "movie_info",                                                                                    
                                               "Alias": "mi",                                                                                                    
                                               "Startup Cost": 0.00,                                                                                             
                                               "Total Cost": 9559.36,                                                                                            
                                               "Plan Rows": 189170,                                                                                              
                                               "Plan Width": 50,                                                                                                 
                                               "Actual Startup Time": 2713.943,                                                                                  
                                               "Actual Total Time": 8317.057,                                                                                    
                                               "Actual Rows": 188971,                                                                                            
                                               "Actual Loops": 1,                                                                                                
                                               "Filter": "(info = ANY ('{Horror,Action,Sci-Fi,Thriller,Crime,War}'::text[]))",                                   
                                               "Rows Removed by Filter": 14646749,                                                                               
                                               "Shared Hit Blocks": 2,                                                                                           
                                               "Shared Read Blocks": 161890,                                                                                     
                                               "Shared Dirtied Blocks": 0,                                                                                       
                                               "Shared Written Blocks": 0,                                                                                       
                                               "Local Hit Blocks": 0,                                                                                            
                                               "Local Read Blocks": 0,                                                                                           
                                               "Local Dirtied Blocks": 0,                                                                                        
                                               "Local Written Blocks": 0,                                                                                        
                                               "Temp Read Blocks": 0,                                                                                            
                                               "Temp Written Blocks": 0                                                                                          
                                             }                                                                                                                   
                                           ]                                                                                                                     
                                         }                                                                                                                       
                                       ]                                                                                                                         
                                     },                                                                                                                          
                                     {                                                                                                                           
                                       "Node Type": "Sort",                                                                                                      
                                       "Parent Relationship": "Inner",                                                                                           
                                       "Parallel Aware": false,                                                                                                  
                                       "Startup Cost": 21383.21,                                                                                                 
                                       "Total Cost": 21479.94,                                                                                                   
                                       "Plan Rows": 1245851,                                                                                                     
                                       "Plan Width": 8,                                                                                                          
                                       "Actual Startup Time": 12388.896,                                                                                         
                                       "Actual Total Time": 12505.216,                                                                                           
                                       "Actual Rows": 1373087,                                                                                                   
                                       "Actual Loops": 1,                                                                                                        
                                       "Sort Key": ["ci.movie_id"],                                                                                              
                                       "Sort Method": "quicksort",                                                                                               
                                       "Sort Space Used": 107499,                                                                                                
                                       "Sort Space Type": "Memory",                                                                                              
                                       "Shared Hit Blocks": 4,                                                                                                   
                                       "Shared Read Blocks": 252650,                                                                                             
                                       "Shared Dirtied Blocks": 0,                                                                                               
                                       "Shared Written Blocks": 0,                                                                                               
                                       "Local Hit Blocks": 0,                                                                                                    
                                       "Local Read Blocks": 0,                                                                                                   
                                       "Local Dirtied Blocks": 0,                                                                                                
                                       "Local Written Blocks": 0,                                                                                                
                                       "Temp Read Blocks": 0,                                                                                                    
                                       "Temp Written Blocks": 0,                                                                                                 
                                       "Plans": [                                                                                                                
                                         {                                                                                                                       
                                           "Node Type": "Seq Scan",                                                                                              
                                           "Parent Relationship": "Outer",                                                                                       
                                           "Parallel Aware": false,                                                                                              
                                           "Relation Name": "cast_info",                                                                                         
                                           "Alias": "ci",                                                                                                        
                                           "Startup Cost": 0.00,                                                                                                 
                                           "Total Cost": 17466.00,                                                                                               
                                           "Plan Rows": 1245851,                                                                                                 
                                           "Plan Width": 8,                                                                                                      
                                           "Actual Startup Time": 378.258,                                                                                       
                                           "Actual Total Time": 11899.383,                                                                                       
                                           "Actual Rows": 1244716,                                                                                               
                                           "Actual Loops": 1,                                                                                                    
                                           "Filter": "(note = ANY ('{(writer),\"(head writer)\",\"(written by)\",(story),\"(story editor)\"}'::text[]))",        
                                           "Rows Removed by Filter": 34999628,                                                                                   
                                           "Shared Hit Blocks": 4,                                                                                               
                                           "Shared Read Blocks": 252650,                                                                                         
                                           "Shared Dirtied Blocks": 0,                                                                                           
                                           "Shared Written Blocks": 0,                                                                                           
                                           "Local Hit Blocks": 0,                                                                                                
                                           "Local Read Blocks": 0,                                                                                               
                                           "Local Dirtied Blocks": 0,                                                                                            
                                           "Local Written Blocks": 0,                                                                                            
                                           "Temp Read Blocks": 0,                                                                                                
                                           "Temp Written Blocks": 0                                                                                              
                                         }                                                                                                                       
                                       ]                                                                                                                         
                                     }                                                                                                                           
                                   ]                                                                                                                             
                                 }                                                                                                                               
                               ]                                                                                                                                 
                             },                                                                                                                                  
                             {                                                                                                                                   
                               "Node Type": "Sort",                                                                                                              
                               "Parent Relationship": "Inner",                                                                                                   
                               "Parallel Aware": false,                                                                                                          
                               "Startup Cost": 0.05,                                                                                                             
                               "Total Cost": 0.05,                                                                                                               
                               "Plan Rows": 1,                                                                                                                   
                               "Plan Width": 4,                                                                                                                  
                               "Actual Startup Time": 0.040,                                                                                                     
                               "Actual Total Time": 0.040,                                                                                                       
                               "Actual Rows": 1,                                                                                                                 
                               "Actual Loops": 1,                                                                                                                
                               "Sort Key": ["it2.id"],                                                                                                           
                               "Sort Method": "quicksort",                                                                                                       
                               "Sort Space Used": 25,                                                                                                            
                               "Sort Space Type": "Memory",                                                                                                      
                               "Shared Hit Blocks": 1,                                                                                                           
                               "Shared Read Blocks": 0,                                                                                                          
                               "Shared Dirtied Blocks": 0,                                                                                                       
                               "Shared Written Blocks": 0,                                                                                                       
                               "Local Hit Blocks": 0,                                                                                                            
                               "Local Read Blocks": 0,                                                                                                           
                               "Local Dirtied Blocks": 0,                                                                                                        
                               "Local Written Blocks": 0,                                                                                                        
                               "Temp Read Blocks": 0,                                                                                                            
                               "Temp Written Blocks": 0,                                                                                                         
                               "Plans": [                                                                                                                        
                                 {                                                                                                                               
                                   "Node Type": "Seq Scan",                                                                                                      
                                   "Parent Relationship": "Outer",                                                                                               
                                   "Parallel Aware": false,                                                                                                      
                                   "Relation Name": "info_type",                                                                                                 
                                   "Alias": "it2",                                                                                                               
                                   "Startup Cost": 0.00,                                                                                                         
                                   "Total Cost": 0.05,                                                                                                           
                                   "Plan Rows": 1,                                                                                                               
                                   "Plan Width": 4,                                                                                                              
                                   "Actual Startup Time": 0.029,                                                                                                 
                                   "Actual Total Time": 0.031,                                                                                                   
                                   "Actual Rows": 1,                                                                                                             
                                   "Actual Loops": 1,                                                                                                            
                                   "Filter": "((info)::text = 'votes'::text)",                                                                                   
                                   "Rows Removed by Filter": 112,                                                                                                
                                   "Shared Hit Blocks": 1,                                                                                                       
                                   "Shared Read Blocks": 0,                                                                                                      
                                   "Shared Dirtied Blocks": 0,                                                                                                   
                                   "Shared Written Blocks": 0,                                                                                                   
                                   "Local Hit Blocks": 0,                                                                                                        
                                   "Local Read Blocks": 0,                                                                                                       
                                   "Local Dirtied Blocks": 0,                                                                                                    
                                   "Local Written Blocks": 0,                                                                                                    
                                   "Temp Read Blocks": 0,                                                                                                        
                                   "Temp Written Blocks": 0                                                                                                      
                                 }                                                                                                                               
                               ]                                                                                                                                 
                             }                                                                                                                                   
                           ]                                                                                                                                     
                         }                                                                                                                                       
                       ]                                                                                                                                         
                     },                                                                                                                                          
                     {                                                                                                                                           
                       "Node Type": "Sort",                                                                                                                      
                       "Parent Relationship": "Inner",                                                                                                           
                       "Parallel Aware": false,                                                                                                                  
                       "Startup Cost": 0.05,                                                                                                                     
                       "Total Cost": 0.05,                                                                                                                       
                       "Plan Rows": 1,                                                                                                                           
                       "Plan Width": 4,                                                                                                                          
                       "Actual Startup Time": 0.030,                                                                                                             
                       "Actual Total Time": 0.031,                                                                                                               
                       "Actual Rows": 1,                                                                                                                         
                       "Actual Loops": 1,                                                                                                                        
                       "Sort Key": ["it1.id"],                                                                                                                   
                       "Sort Method": "quicksort",                                                                                                               
                       "Sort Space Used": 25,                                                                                                                    
                       "Sort Space Type": "Memory",                                                                                                              
                       "Shared Hit Blocks": 1,                                                                                                                   
                       "Shared Read Blocks": 0,                                                                                                                  
                       "Shared Dirtied Blocks": 0,                                                                                                               
                       "Shared Written Blocks": 0,                                                                                                               
                       "Local Hit Blocks": 0,                                                                                                                    
                       "Local Read Blocks": 0,                                                                                                                   
                       "Local Dirtied Blocks": 0,                                                                                                                
                       "Local Written Blocks": 0,                                                                                                                
                       "Temp Read Blocks": 0,                                                                                                                    
                       "Temp Written Blocks": 0,                                                                                                                 
                       "Plans": [                                                                                                                                
                         {                                                                                                                                       
                           "Node Type": "Seq Scan",                                                                                                              
                           "Parent Relationship": "Outer",                                                                                                       
                           "Parallel Aware": false,                                                                                                              
                           "Relation Name": "info_type",                                                                                                         
                           "Alias": "it1",                                                                                                                       
                           "Startup Cost": 0.00,                                                                                                                 
                           "Total Cost": 0.05,                                                                                                                   
                           "Plan Rows": 1,                                                                                                                       
                           "Plan Width": 4,                                                                                                                      
                           "Actual Startup Time": 0.013,                                                                                                         
                           "Actual Total Time": 0.025,                                                                                                           
                           "Actual Rows": 1,                                                                                                                     
                           "Actual Loops": 1,                                                                                                                    
                           "Filter": "((info)::text = 'genres'::text)",                                                                                          
                           "Rows Removed by Filter": 112,                                                                                                        
                           "Shared Hit Blocks": 1,                                                                                                               
                           "Shared Read Blocks": 0,                                                                                                              
                           "Shared Dirtied Blocks": 0,                                                                                                           
                           "Shared Written Blocks": 0,                                                                                                           
                           "Local Hit Blocks": 0,                                                                                                                
                           "Local Read Blocks": 0,                                                                                                               
                           "Local Dirtied Blocks": 0,                                                                                                            
                           "Local Written Blocks": 0,                                                                                                            
                           "Temp Read Blocks": 0,                                                                                                                
                           "Temp Written Blocks": 0                                                                                                              
                         }                                                                                                                                       
                       ]                                                                                                                                         
                     }                                                                                                                                           
                   ]                                                                                                                                             
                 }                                                                                                                                               
               ]                                                                                                                                                 
             },                                                                                                                                                  
             {                                                                                                                                                   
               "Node Type": "Sort",                                                                                                                              
               "Parent Relationship": "Inner",                                                                                                                   
               "Parallel Aware": false,                                                                                                                          
               "Startup Cost": 7955.33,                                                                                                                          
               "Total Cost": 8090.37,                                                                                                                            
               "Plan Rows": 1739438,                                                                                                                             
               "Plan Width": 19,                                                                                                                                 
               "Actual Startup Time": 2965.180,                                                                                                                  
               "Actual Total Time": 3156.807,                                                                                                                    
               "Actual Rows": 1739579,                                                                                                                           
               "Actual Loops": 1,                                                                                                                                
               "Sort Key": ["n.id"],                                                                                                                             
               "Sort Method": "quicksort",                                                                                                                       
               "Sort Space Used": 176730,                                                                                                                        
               "Sort Space Type": "Memory",                                                                                                                      
               "Shared Hit Blocks": 1,                                                                                                                           
               "Shared Read Blocks": 55612,                                                                                                                      
               "Shared Dirtied Blocks": 0,                                                                                                                       
               "Shared Written Blocks": 0,                                                                                                                       
               "Local Hit Blocks": 0,                                                                                                                            
               "Local Read Blocks": 0,                                                                                                                           
               "Local Dirtied Blocks": 0,                                                                                                                        
               "Local Written Blocks": 0,                                                                                                                        
               "Temp Read Blocks": 0,                                                                                                                            
               "Temp Written Blocks": 0,                                                                                                                         
               "Plans": [                                                                                                                                        
                 {                                                                                                                                               
                   "Node Type": "Seq Scan",                                                                                                                      
                   "Parent Relationship": "Outer",                                                                                                               
                   "Parallel Aware": false,                                                                                                                      
                   "Relation Name": "name",                                                                                                                      
                   "Alias": "n",                                                                                                                                 
                   "Startup Cost": 0.00,                                                                                                                         
                   "Total Cost": 2356.12,                                                                                                                        
                   "Plan Rows": 1739438,                                                                                                                         
                   "Plan Width": 19,                                                                                                                             
                   "Actual Startup Time": 15.464,                                                                                                                
                   "Actual Total Time": 2187.057,                                                                                                                
                   "Actual Rows": 1739579,                                                                                                                       
                   "Actual Loops": 1,                                                                                                                            
                   "Filter": "((gender)::text = 'm'::text)",                                                                                                     
                   "Rows Removed by Filter": 2427912,                                                                                                            
                   "Shared Hit Blocks": 1,                                                                                                                       
                   "Shared Read Blocks": 55612,                                                                                                                  
                   "Shared Dirtied Blocks": 0,                                                                                                                   
                   "Shared Written Blocks": 0,                                                                                                                   
                   "Local Hit Blocks": 0,                                                                                                                        
                   "Local Read Blocks": 0,                                                                                                                       
                   "Local Dirtied Blocks": 0,                                                                                                                    
                   "Local Written Blocks": 0,                                                                                                                    
                   "Temp Read Blocks": 0,                                                                                                                        
                   "Temp Written Blocks": 0                                                                                                                      
                 }                                                                                                                                               
               ]                                                                                                                                                 
             }                                                                                                                                                   
           ]                                                                                                                                                     
         }                                                                                                                                                       
       ]                                                                                                                                                         
     },                                                                                                                                                          
     "Planning Time": 9861.535,                                                                                                                                  
     "Triggers": [                                                                                                                                               
     ],                                                                                                                                                          
     "Execution Time": 31777.781                                                                                                                                 
   }                                                                                                                                                             
 ]
