     "Plan": {                                                                                                                                                               
       "Node Type": "Aggregate",                                                                                                                                             
       "Strategy": "Plain",                                                                                                                                                  
       "Partial Mode": "Simple",                                                                                                                                             
       "Parallel Aware": false,                                                                                                                                              
       "Startup Cost": 35491.50,                                                                                                                                             
       "Total Cost": 35491.50,                                                                                                                                               
       "Plan Rows": 1,                                                                                                                                                       
       "Plan Width": 96,                                                                                                                                                     
       "Actual Startup Time": 14384.732,                                                                                                                                     
       "Actual Total Time": 14384.733,                                                                                                                                       
       "Actual Rows": 1,                                                                                                                                                     
       "Actual Loops": 1,                                                                                                                                                    
       "Shared Hit Blocks": 26,                                                                                                                                              
       "Shared Read Blocks": 245952,                                                                                                                                         
       "Shared Dirtied Blocks": 0,                                                                                                                                           
       "Shared Written Blocks": 0,                                                                                                                                           
       "Local Hit Blocks": 0,                                                                                                                                                
       "Local Read Blocks": 0,                                                                                                                                               
       "Local Dirtied Blocks": 0,                                                                                                                                            
       "Local Written Blocks": 0,                                                                                                                                            
       "Temp Read Blocks": 0,                                                                                                                                                
       "Temp Written Blocks": 0,                                                                                                                                             
       "Plans": [                                                                                                                                                            
         {                                                                                                                                                                   
           "Node Type": "Merge Join",                                                                                                                                        
           "Parent Relationship": "Outer",                                                                                                                                   
           "Parallel Aware": false,                                                                                                                                          
           "Join Type": "Inner",                                                                                                                                             
           "Startup Cost": 35491.50,                                                                                                                                         
           "Total Cost": 35491.50,                                                                                                                                           
           "Plan Rows": 1,                                                                                                                                                   
           "Plan Width": 48,                                                                                                                                                 
           "Actual Startup Time": 14369.537,                                                                                                                                 
           "Actual Total Time": 14369.862,                                                                                                                                   
           "Actual Rows": 477,                                                                                                                                               
           "Actual Loops": 1,                                                                                                                                                
           "Inner Unique": true,                                                                                                                                             
           "Merge Cond": "(mc.company_type_id = ct.id)",                                                                                                                     
           "Shared Hit Blocks": 26,                                                                                                                                          
           "Shared Read Blocks": 245952,                                                                                                                                     
           "Shared Dirtied Blocks": 0,                                                                                                                                       
           "Shared Written Blocks": 0,                                                                                                                                       
           "Local Hit Blocks": 0,                                                                                                                                            
           "Local Read Blocks": 0,                                                                                                                                           
           "Local Dirtied Blocks": 0,                                                                                                                                        
           "Local Written Blocks": 0,                                                                                                                                        
           "Temp Read Blocks": 0,                                                                                                                                            
           "Temp Written Blocks": 0,                                                                                                                                         
           "Plans": [                                                                                                                                                        
             {                                                                                                                                                               
               "Node Type": "Sort",                                                                                                                                          
               "Parent Relationship": "Outer",                                                                                                                               
               "Parallel Aware": false,                                                                                                                                      
               "Startup Cost": 35491.47,                                                                                                                                     
               "Total Cost": 35491.47,                                                                                                                                       
               "Plan Rows": 1,                                                                                                                                               
               "Plan Width": 52,                                                                                                                                             
               "Actual Startup Time": 14369.501,                                                                                                                             
               "Actual Total Time": 14369.558,                                                                                                                               
               "Actual Rows": 534,                                                                                                                                           
               "Actual Loops": 1,                                                                                                                                            
               "Sort Key": ["mc.company_type_id"],                                                                                                                           
               "Sort Method": "quicksort",                                                                                                                                   
               "Sort Space Used": 96,                                                                                                                                        
               "Sort Space Type": "Memory",                                                                                                                                  
               "Shared Hit Blocks": 25,                                                                                                                                      
               "Shared Read Blocks": 245952,                                                                                                                                 
               "Shared Dirtied Blocks": 0,                                                                                                                                   
               "Shared Written Blocks": 0,                                                                                                                                   
               "Local Hit Blocks": 0,                                                                                                                                        
               "Local Read Blocks": 0,                                                                                                                                       
               "Local Dirtied Blocks": 0,                                                                                                                                    
               "Local Written Blocks": 0,                                                                                                                                    
               "Temp Read Blocks": 0,                                                                                                                                        
               "Temp Written Blocks": 0,                                                                                                                                     
               "Plans": [                                                                                                                                                    
                 {                                                                                                                                                           
                   "Node Type": "Merge Join",                                                                                                                                
                   "Parent Relationship": "Outer",                                                                                                                           
                   "Parallel Aware": false,                                                                                                                                  
                   "Join Type": "Inner",                                                                                                                                     
                   "Startup Cost": 35491.47,                                                                                                                                 
                   "Total Cost": 35491.47,                                                                                                                                   
                   "Plan Rows": 1,                                                                                                                                           
                   "Plan Width": 52,                                                                                                                                         
                   "Actual Startup Time": 14360.082,                                                                                                                         
                   "Actual Total Time": 14360.217,                                                                                                                           
                   "Actual Rows": 534,                                                                                                                                       
                   "Actual Loops": 1,                                                                                                                                        
                   "Inner Unique": false,                                                                                                                                    
                   "Merge Cond": "(k.id = mk.keyword_id)",                                                                                                                   
                   "Shared Hit Blocks": 21,                                                                                                                                  
                   "Shared Read Blocks": 245952,                                                                                                                             
                   "Shared Dirtied Blocks": 0,                                                                                                                               
                   "Shared Written Blocks": 0,                                                                                                                               
                   "Local Hit Blocks": 0,                                                                                                                                    
                   "Local Read Blocks": 0,                                                                                                                                   
                   "Local Dirtied Blocks": 0,                                                                                                                                
                   "Local Written Blocks": 0,                                                                                                                                
                   "Temp Read Blocks": 0,                                                                                                                                    
                   "Temp Written Blocks": 0,                                                                                                                                 
                   "Plans": [                                                                                                                                                
                     {                                                                                                                                                       
                       "Node Type": "Sort",                                                                                                                                  
                       "Parent Relationship": "Outer",                                                                                                                       
                       "Parallel Aware": false,                                                                                                                              
                       "Startup Cost": 49.46,                                                                                                                                
                       "Total Cost": 49.46,                                                                                                                                  
                       "Plan Rows": 1,                                                                                                                                       
                       "Plan Width": 4,                                                                                                                                      
                       "Actual Startup Time": 75.147,                                                                                                                        
                       "Actual Total Time": 75.148,                                                                                                                          
                       "Actual Rows": 1,                                                                                                                                     
                       "Actual Loops": 1,                                                                                                                                    
                       "Sort Key": ["k.id"],                                                                                                                                 
                       "Sort Method": "quicksort",                                                                                                                           
                       "Sort Space Used": 25,                                                                                                                                
                       "Sort Space Type": "Memory",                                                                                                                          
                       "Shared Hit Blocks": 2,                                                                                                                               
                       "Shared Read Blocks": 947,                                                                                                                            
                       "Shared Dirtied Blocks": 0,                                                                                                                           
                       "Shared Written Blocks": 0,                                                                                                                           
                       "Local Hit Blocks": 0,                                                                                                                                
                       "Local Read Blocks": 0,                                                                                                                               
                       "Local Dirtied Blocks": 0,                                                                                                                            
                       "Local Written Blocks": 0,                                                                                                                            
                       "Temp Read Blocks": 0,                                                                                                                                
                       "Temp Written Blocks": 0,                                                                                                                             
                       "Plans": [                                                                                                                                            
                         {                                                                                                                                                   
                           "Node Type": "Seq Scan",                                                                                                                          
                           "Parent Relationship": "Outer",                                                                                                                   
                           "Parallel Aware": false,                                                                                                                          
                           "Relation Name": "keyword",                                                                                                                       
                           "Alias": "k",                                                                                                                                     
                           "Startup Cost": 0.00,                                                                                                                             
                           "Total Cost": 49.46,                                                                                                                              
                           "Plan Rows": 1,                                                                                                                                   
                           "Plan Width": 4,                                                                                                                                  
                           "Actual Startup Time": 3.694,                                                                                                                     
                           "Actual Total Time": 75.131,                                                                                                                      
                           "Actual Rows": 1,                                                                                                                                 
                           "Actual Loops": 1,                                                                                                                                
                           "Filter": "(keyword = 'sequel'::text)",                                                                                                           
                           "Rows Removed by Filter": 134169,                                                                                                                 
                           "Shared Hit Blocks": 2,                                                                                                                           
                           "Shared Read Blocks": 947,                                                                                                                        
                           "Shared Dirtied Blocks": 0,                                                                                                                       
                           "Shared Written Blocks": 0,                                                                                                                       
                           "Local Hit Blocks": 0,                                                                                                                            
                           "Local Read Blocks": 0,                                                                                                                           
                           "Local Dirtied Blocks": 0,                                                                                                                        
                           "Local Written Blocks": 0,                                                                                                                        
                           "Temp Read Blocks": 0,                                                                                                                            
                           "Temp Written Blocks": 0                                                                                                                          
                         }                                                                                                                                                   
                       ]                                                                                                                                                     
                     },                                                                                                                                                      
                     {                                                                                                                                                       
                       "Node Type": "Sort",                                                                                                                                  
                       "Parent Relationship": "Inner",                                                                                                                       
                       "Parallel Aware": false,                                                                                                                              
                       "Startup Cost": 35442.01,                                                                                                                             
                       "Total Cost": 35442.01,                                                                                                                               
                       "Plan Rows": 2,                                                                                                                                       
                       "Plan Width": 56,                                                                                                                                     
                       "Actual Startup Time": 14284.622,                                                                                                                     
                       "Actual Total Time": 14284.745,                                                                                                                       
                       "Actual Rows": 1998,                                                                                                                                  
                       "Actual Loops": 1,                                                                                                                                    
                       "Sort Key": ["mk.keyword_id"],                                                                                                                        
                       "Sort Method": "quicksort",                                                                                                                           
                       "Sort Space Used": 1073,                                                                                                                              
                       "Sort Space Type": "Memory",                                                                                                                          
                       "Shared Hit Blocks": 19,                                                                                                                              
                       "Shared Read Blocks": 245005,                                                                                                                         
                       "Shared Dirtied Blocks": 0,                                                                                                                           
                       "Shared Written Blocks": 0,                                                                                                                           
                       "Local Hit Blocks": 0,                                                                                                                                
                       "Local Read Blocks": 0,                                                                                                                               
                       "Local Dirtied Blocks": 0,                                                                                                                            
                       "Local Written Blocks": 0,                                                                                                                            
                       "Temp Read Blocks": 0,                                                                                                                                
                       "Temp Written Blocks": 0,                                                                                                                             
                       "Plans": [                                                                                                                                            
                         {                                                                                                                                                   
                           "Node Type": "Merge Join",                                                                                                                        
                           "Parent Relationship": "Outer",                                                                                                                   
                           "Parallel Aware": false,                                                                                                                          
                           "Join Type": "Inner",                                                                                                                             
                           "Startup Cost": 35426.86,                                                                                                                         
                           "Total Cost": 35442.01,                                                                                                                           
                           "Plan Rows": 2,                                                                                                                                   
                           "Plan Width": 56,                                                                                                                                 
                           "Actual Startup Time": 14272.893,                                                                                                                 
                           "Actual Total Time": 14282.595,                                                                                                                   
                           "Actual Rows": 6768,                                                                                                                              
                           "Actual Loops": 1,                                                                                                                                
                           "Inner Unique": false,                                                                                                                            
                           "Merge Cond": "(ml.movie_id = mk.movie_id)",                                                                                                      
                           "Shared Hit Blocks": 19,                                                                                                                          
                           "Shared Read Blocks": 245005,                                                                                                                     
                           "Shared Dirtied Blocks": 0,                                                                                                                       
                           "Shared Written Blocks": 0,                                                                                                                       
                           "Local Hit Blocks": 0,                                                                                                                            
                           "Local Read Blocks": 0,                                                                                                                           
                           "Local Dirtied Blocks": 0,                                                                                                                        
                           "Local Written Blocks": 0,                                                                                                                        
                           "Temp Read Blocks": 0,                                                                                                                            
                           "Temp Written Blocks": 0,                                                                                                                         
                           "Plans": [                                                                                                                                        
                             {                                                                                                                                               
                               "Node Type": "Sort",                                                                                                                          
                               "Parent Relationship": "Outer",                                                                                                               
                               "Parallel Aware": false,                                                                                                                      
                               "Startup Cost": 18815.94,                                                                                                                     
                               "Total Cost": 18815.94,                                                                                                                       
                               "Plan Rows": 1,                                                                                                                               
                               "Plan Width": 72,                                                                                                                             
                               "Actual Startup Time": 12118.702,                                                                                                             
                               "Actual Total Time": 12118.754,                                                                                                               
                               "Actual Rows": 762,                                                                                                                           
                               "Actual Loops": 1,                                                                                                                            
                               "Sort Key": ["cc.movie_id"],                                                                                                                  
                               "Sort Method": "quicksort",                                                                                                                   
                               "Sort Space Used": 132,                                                                                                                       
                               "Sort Space Type": "Memory",                                                                                                                  
                               "Shared Hit Blocks": 16,                                                                                                                      
                               "Shared Read Blocks": 220554,                                                                                                                 
                               "Shared Dirtied Blocks": 0,                                                                                                                   
                               "Shared Written Blocks": 0,                                                                                                                   
                               "Local Hit Blocks": 0,                                                                                                                        
                               "Local Read Blocks": 0,                                                                                                                       
                               "Local Dirtied Blocks": 0,                                                                                                                    
                               "Local Written Blocks": 0,                                                                                                                    
                               "Temp Read Blocks": 0,                                                                                                                        
                               "Temp Written Blocks": 0,                                                                                                                     
                               "Plans": [                                                                                                                                    
                                 {                                                                                                                                           
                                   "Node Type": "Merge Join",                                                                                                                
                                   "Parent Relationship": "Outer",                                                                                                           
                                   "Parallel Aware": false,                                                                                                                  
                                   "Join Type": "Inner",                                                                                                                     
                                   "Startup Cost": 18815.94,                                                                                                                 
                                   "Total Cost": 18815.94,                                                                                                                   
                                   "Plan Rows": 1,                                                                                                                           
                                   "Plan Width": 72,                                                                                                                         
                                   "Actual Startup Time": 12118.177,                                                                                                         
                                   "Actual Total Time": 12118.452,                                                                                                           
                                   "Actual Rows": 762,                                                                                                                       
                                   "Actual Loops": 1,                                                                                                                        
                                   "Inner Unique": true,                                                                                                                     
                                   "Merge Cond": "(ml.link_type_id = lt.id)",                                                                                                
                                   "Shared Hit Blocks": 16,                                                                                                                  
                                   "Shared Read Blocks": 220554,                                                                                                             
                                   "Shared Dirtied Blocks": 0,                                                                                                               
                                   "Shared Written Blocks": 0,                                                                                                               
                                   "Local Hit Blocks": 0,                                                                                                                    
                                   "Local Read Blocks": 0,                                                                                                                   
                                   "Local Dirtied Blocks": 0,                                                                                                                
                                   "Local Written Blocks": 0,                                                                                                                
                                   "Temp Read Blocks": 0,                                                                                                                    
                                   "Temp Written Blocks": 0,                                                                                                                 
                                   "Plans": [                                                                                                                                
                                     {                                                                                                                                       
                                       "Node Type": "Sort",                                                                                                                  
                                       "Parent Relationship": "Outer",                                                                                                       
                                       "Parallel Aware": false,                                                                                                              
                                       "Startup Cost": 18815.90,                                                                                                             
                                       "Total Cost": 18815.90,                                                                                                               
                                       "Plan Rows": 3,                                                                                                                       
                                       "Plan Width": 64,                                                                                                                     
                                       "Actual Startup Time": 12118.163,                                                                                                     
                                       "Actual Total Time": 12118.200,                                                                                                       
                                       "Actual Rows": 763,                                                                                                                   
                                       "Actual Loops": 1,                                                                                                                    
                                       "Sort Key": ["ml.link_type_id"],                                                                                                      
                                       "Sort Method": "quicksort",                                                                                                           
                                       "Sort Space Used": 138,                                                                                                               
                                       "Sort Space Type": "Memory",                                                                                                          
                                       "Shared Hit Blocks": 15,                                                                                                              
                                       "Shared Read Blocks": 220554,                                                                                                         
                                       "Shared Dirtied Blocks": 0,                                                                                                           
                                       "Shared Written Blocks": 0,                                                                                                           
                                       "Local Hit Blocks": 0,                                                                                                                
                                       "Local Read Blocks": 0,                                                                                                               
                                       "Local Dirtied Blocks": 0,                                                                                                            
                                       "Local Written Blocks": 0,                                                                                                            
                                       "Temp Read Blocks": 0,                                                                                                                
                                       "Temp Written Blocks": 0,                                                                                                             
                                       "Plans": [                                                                                                                            
                                         {                                                                                                                                   
                                           "Node Type": "Merge Join",                                                                                                        
                                           "Parent Relationship": "Outer",                                                                                                   
                                           "Parallel Aware": false,                                                                                                          
                                           "Join Type": "Inner",                                                                                                             
                                           "Startup Cost": 18815.90,                                                                                                         
                                           "Total Cost": 18815.90,                                                                                                           
                                           "Plan Rows": 3,                                                                                                                   
                                           "Plan Width": 64,                                                                                                                 
                                           "Actual Startup Time": 12117.637,                                                                                                 
                                           "Actual Total Time": 12117.910,                                                                                                   
                                           "Actual Rows": 809,                                                                                                               
                                           "Actual Loops": 1,                                                                                                                
                                           "Inner Unique": true,                                                                                                             
                                           "Merge Cond": "(cc.subject_id = cct.id)",                                                                                        
                                           "Shared Hit Blocks": 15,                                                                                                          
                                           "Shared Read Blocks": 220554,                                                                                                     
                                           "Shared Dirtied Blocks": 0,                                                                                                       
                                           "Shared Written Blocks": 0,                                                                                                       
                                           "Local Hit Blocks": 0,                                                                                                            
                                           "Local Read Blocks": 0,                                                                                                           
                                           "Local Dirtied Blocks": 0,                                                                                                        
                                           "Local Written Blocks": 0,                                                                                                        
                                           "Temp Read Blocks": 0,                                                                                                            
                                           "Temp Written Blocks": 0,                                                                                                         
                                           "Plans": [                                                                                                                        
                                             {                                                                                                                               
                                               "Node Type": "Sort",                                                                                                          
                                               "Parent Relationship": "Outer",                                                                                               
                                               "Parallel Aware": false,                                                                                                      
                                               "Startup Cost": 18815.87,                                                                                                     
                                               "Total Cost": 18815.87,                                                                                                       
                                               "Plan Rows": 6,                                                                                                               
                                               "Plan Width": 68,                                                                                                             
                                               "Actual Startup Time": 12117.607,                                                                                             
                                               "Actual Total Time": 12117.647,                                                                                               
                                               "Actual Rows": 809,                                                                                                           
                                               "Actual Loops": 1,                                                                                                            
                                               "Sort Key": ["cc.subject_id"],                                                                                                
                                               "Sort Method": "quicksort",                                                                                                   
                                               "Sort Space Used": 138,                                                                                                       
                                               "Sort Space Type": "Memory",                                                                                                  
                                               "Shared Hit Blocks": 14,                                                                                                      
                                               "Shared Read Blocks": 220554,                                                                                                 
                                               "Shared Dirtied Blocks": 0,                                                                                                   
                                               "Shared Written Blocks": 0,                                                                                                   
                                               "Local Hit Blocks": 0,                                                                                                        
                                               "Local Read Blocks": 0,                                                                                                       
                                               "Local Dirtied Blocks": 0,                                                                                                    
                                               "Local Written Blocks": 0,                                                                                                    
                                               "Temp Read Blocks": 0,                                                                                                        
                                               "Temp Written Blocks": 0,                                                                                                     
                                               "Plans": [                                                                                                                    
                                                 {                                                                                                                           
                                                   "Node Type": "Merge Join",                                                                                                
                                                   "Parent Relationship": "Outer",                                                                                           
                                                   "Parallel Aware": false,                                                                                                  
                                                   "Join Type": "Inner",                                                                                                     
                                                   "Startup Cost": 18808.23,                                                                                                 
                                                   "Total Cost": 18815.87,                                                                                                   
                                                   "Plan Rows": 6,                                                                                                           
                                                   "Plan Width": 68,                                                                                                         
                                                   "Actual Startup Time": 12113.451,                                                                                         
                                                   "Actual Total Time": 12117.335,                                                                                           
                                                   "Actual Rows": 809,                                                                                                       
                                                   "Actual Loops": 1,                                                                                                        
                                                   "Inner Unique": false,                                                                                                    
                                                   "Merge Cond": "(cn.id = mc.company_id)",                                                                                  
                                                   "Shared Hit Blocks": 14,                                                                                                  
                                                   "Shared Read Blocks": 220554,                                                                                             
                                                   "Shared Dirtied Blocks": 0,                                                                                               
                                                   "Shared Written Blocks": 0,                                                                                               
                                                   "Local Hit Blocks": 0,                                                                                                    
                                                   "Local Read Blocks": 0,                                                                                                   
                                                   "Local Dirtied Blocks": 0,                                                                                                
                                                   "Local Written Blocks": 0,                                                                                                
                                                   "Temp Read Blocks": 0,                                                                                                    
                                                   "Temp Written Blocks": 0,                                                                                                 
                                                   "Plans": [                                                                                                                
                                                     {                                                                                                                       
                                                       "Node Type": "Sort",                                                                                                  
                                                       "Parent Relationship": "Outer",                                                                                       
                                                       "Parallel Aware": false,                                                                                              
                                                       "Startup Cost": 283.87,                                                                                               
                                                       "Total Cost": 287.69,                                                                                                 
                                                       "Plan Rows": 49161,                                                                                                   
                                                       "Plan Width": 23,                                                                                                     
                                                       "Actual Startup Time": 172.857,                                                                                       
                                                       "Actual Total Time": 174.485,                                                                                         
                                                       "Actual Rows": 14128,                                                                                                 
                                                       "Actual Loops": 1,                                                                                                    
                                                       "Sort Key": ["cn.id"],                                                                                                
                                                       "Sort Method": "quicksort",                                                                                           
                                                       "Sort Space Used": 5023,                                                                                              
                                                       "Sort Space Type": "Memory",                                                                                          
                                                       "Shared Hit Blocks": 2,                                                                                               
                                                       "Shared Read Blocks": 2992,                                                                                           
                                                       "Shared Dirtied Blocks": 0,                                                                                           
                                                       "Shared Written Blocks": 0,                                                                                           
                                                       "Local Hit Blocks": 0,                                                                                                
                                                       "Local Read Blocks": 0,                                                                                               
                                                       "Local Dirtied Blocks": 0,                                                                                            
                                                       "Local Written Blocks": 0,                                                                                            
                                                       "Temp Read Blocks": 0,                                                                                                
                                                       "Temp Written Blocks": 0,                                                                                             
                                                       "Plans": [                                                                                                            
                                                         {                                                                                                                   
                                                           "Node Type": "Seq Scan",                                                                                          
                                                           "Parent Relationship": "Outer",                                                                                   
                                                           "Parallel Aware": false,                                                                                          
                                                           "Relation Name": "company_name",                                                                                  
                                                           "Alias": "cn",                                                                                                    
                                                           "Startup Cost": 0.00,                                                                                             
                                                           "Total Cost": 164.90,                                                                                             
                                                           "Plan Rows": 49161,                                                                                               
                                                           "Plan Width": 23,                                                                                                 
                                                           "Actual Startup Time": 20.421,                                                                                    
                                                           "Actual Total Time": 140.136,                                                                                     
                                                           "Actual Rows": 48302,                                                                                             
                                                           "Actual Loops": 1,                                                                                                
                                                           "Filter": "(((country_code)::text <> '[pl]'::text) AND ((name ~~ '%Film%'::text) OR (name ~~ '%Warner%'::text)))",
                                                           "Rows Removed by Filter": 186695,                                                                                 
                                                           "Shared Hit Blocks": 2,                                                                                           
                                                           "Shared Read Blocks": 2992,                                                                                       
                                                           "Shared Dirtied Blocks": 0,                                                                                       
                                                           "Shared Written Blocks": 0,                                                                                       
                                                           "Local Hit Blocks": 0,                                                                                            
                                                           "Local Read Blocks": 0,                                                                                           
                                                           "Local Dirtied Blocks": 0,                                                                                        
                                                           "Local Written Blocks": 0,                                                                                        
                                                           "Temp Read Blocks": 0,                                                                                            
                                                           "Temp Written Blocks": 0                                                                                          
                                                         }                                                                                                                   
                                                       ]                                                                                                                     
                                                     },                                                                                                                      
                                                     {                                                                                                                       
                                                       "Node Type": "Sort",                                                                                                  
                                                       "Parent Relationship": "Inner",                                                                                       
                                                       "Parallel Aware": false,                                                                                              
                                                       "Startup Cost": 18524.36,                                                                                             
                                                       "Total Cost": 18524.36,                                                                                               
                                                       "Plan Rows": 27,                                                                                                      
                                                       "Plan Width": 53,                                                                                                     
                                                       "Actual Startup Time": 11940.421,                                                                                     
                                                       "Actual Total Time": 11940.544,                                                                                       
                                                       "Actual Rows": 1880,                                                                                                  
                                                       "Actual Loops": 1,                                                                                                    
                                                       "Sort Key": ["mc.company_id"],                                                                                        
                                                       "Sort Method": "quicksort",                                                                                           
                                                       "Sort Space Used": 272,                                                                                               
                                                       "Sort Space Type": "Memory",                                                                                          
                                                       "Shared Hit Blocks": 12,                                                                                              
                                                       "Shared Read Blocks": 217562,                                                                                         
                                                       "Shared Dirtied Blocks": 0,                                                                                           
                                                       "Shared Written Blocks": 0,                                                                                           
                                                       "Local Hit Blocks": 0,                                                                                                
                                                       "Local Read Blocks": 0,                                                                                               
                                                       "Local Dirtied Blocks": 0,                                                                                            
                                                       "Local Written Blocks": 0,                                                                                            
                                                       "Temp Read Blocks": 0,                                                                                                
                                                       "Temp Written Blocks": 0,                                                                                             
                                                       "Plans": [                                                                                                            
                                                         {                                                                                                                   
                                                           "Node Type": "Merge Join",                                                                                        
                                                           "Parent Relationship": "Outer",                                                                                   
                                                           "Parallel Aware": false,                                                                                          
                                                           "Join Type": "Inner",                                                                                             
                                                           "Startup Cost": 18516.76,                                                                                         
                                                           "Total Cost": 18524.34,                                                                                           
                                                           "Plan Rows": 27,                                                                                                  
                                                           "Plan Width": 53,                                                                                                 
                                                           "Actual Startup Time": 11935.340,                                                                                 
                                                           "Actual Total Time": 11939.759,                                                                                   
                                                           "Actual Rows": 1880,                                                                                              
                                                           "Actual Loops": 1,                                                                                                
                                                           "Inner Unique": false,                                                                                            
                                                           "Merge Cond": "(ml.movie_id = mc.movie_id)",                                                                      
                                                           "Shared Hit Blocks": 12,                                                                                          
                                                           "Shared Read Blocks": 217562,                                                                                     
                                                           "Shared Dirtied Blocks": 0,                                                                                       
                                                           "Shared Written Blocks": 0,                                                                                       
                                                           "Local Hit Blocks": 0,                                                                                            
                                                           "Local Read Blocks": 0,                                                                                           
                                                           "Local Dirtied Blocks": 0,                                                                                        
                                                           "Local Written Blocks": 0,                                                                                        
                                                           "Temp Read Blocks": 0,                                                                                            
                                                           "Temp Written Blocks": 0,                                                                                         
                                                           "Plans": [                                                                                                        
                                                             {                                                                                                               
                                                               "Node Type": "Sort",                                                                                          
                                                               "Parent Relationship": "Outer",                                                                               
                                                               "Parallel Aware": false,                                                                                      
                                                               "Startup Cost": 13741.69,                                                                                     
                                                               "Total Cost": 13741.70,                                                                                       
                                                               "Plan Rows": 54,                                                                                              
                                                               "Plan Width": 41,                                                                                             
                                                               "Actual Startup Time": 10667.631,                                                                             
                                                               "Actual Total Time": 10667.647,                                                                               
                                                               "Actual Rows": 267,                                                                                           
                                                               "Actual Loops": 1,                                                                                            
                                                               "Sort Key": ["cc.movie_id"],                                                                                  
                                                               "Sort Method": "quicksort",                                                                                   
                                                               "Sort Space Used": 46,                                                                                        
                                                               "Sort Space Type": "Memory",                                                                                  
                                                               "Shared Hit Blocks": 9,                                                                                       
                                                               "Shared Read Blocks": 198776,                                                                                 
                                                               "Shared Dirtied Blocks": 0,                                                                                   
                                                               "Shared Written Blocks": 0,                                                                                   
                                                               "Local Hit Blocks": 0,                                                                                        
                                                               "Local Read Blocks": 0,                                                                                       
                                                               "Local Dirtied Blocks": 0,                                                                                    
                                                               "Local Written Blocks": 0,                                                                                    
                                                               "Temp Read Blocks": 0,                                                                                        
                                                               "Temp Written Blocks": 0,                                                                                     
                                                               "Plans": [                                                                                                    
                                                                 {                                                                                                           
                                                                   "Node Type": "Merge Join",                                                                                
                                                                   "Parent Relationship": "Outer",                                                                           
                                                                   "Parallel Aware": false,                                                                                  
                                                                   "Join Type": "Inner",                                                                                     
                                                                   "Startup Cost": 13741.61,                                                                                 
                                                                   "Total Cost": 13741.65,                                                                                   
                                                                   "Plan Rows": 54,                                                                                          
                                                                   "Plan Width": 41,                                                                                         
                                                                   "Actual Startup Time": 10667.472,                                                                         
                                                                   "Actual Total Time": 10667.560,                                                                           
                                                                   "Actual Rows": 267,                                                                                       
                                                                   "Actual Loops": 1,                                                                                        
                                                                   "Inner Unique": true,                                                                                     
                                                                   "Merge Cond": "(cc.status_id = cct.id)",                                                                 
                                                                   "Shared Hit Blocks": 9,                                                                                   
                                                                   "Shared Read Blocks": 198776,                                                                             
                                                                   "Shared Dirtied Blocks": 0,                                                                               
                                                                   "Shared Written Blocks": 0,                                                                               
                                                                   "Local Hit Blocks": 0,                                                                                    
                                                                   "Local Read Blocks": 0,                                                                                   
                                                                   "Local Dirtied Blocks": 0,                                                                                
                                                                   "Local Written Blocks": 0,                                                                                
                                                                   "Temp Read Blocks": 0,                                                                                    
                                                                   "Temp Written Blocks": 0,                                                                                 
                                                                   "Plans": [                                                                                                
                                                                     {                                                                                                       
                                                                       "Node Type": "Sort",                                                                                  
                                                                       "Parent Relationship": "Outer",                                                                       
                                                                       "Parallel Aware": false,                                                                              
                                                                       "Startup Cost": 13741.58,                                                                             
                                                                       "Total Cost": 13741.59,                                                                               
                                                                       "Plan Rows": 216,                                                                                     
                                                                       "Plan Width": 45,                                                                                     
                                                                       "Actual Startup Time": 10667.437,                                                                     
                                                                       "Actual Total Time": 10667.450,                                                                       
                                                                       "Actual Rows": 268,                                                                                   
                                                                       "Actual Loops": 1,                                                                                    
                                                                       "Sort Key": ["cc.status_id"],                                                                         
                                                                       "Sort Method": "quicksort",                                                                           
                                                                       "Sort Space Used": 52,                                                                                
                                                                       "Sort Space Type": "Memory",                                                                          
                                                                       "Shared Hit Blocks": 8,                                                                               
                                                                       "Shared Read Blocks": 198776,                                                                         
                                                                       "Shared Dirtied Blocks": 0,                                                                           
                                                                       "Shared Written Blocks": 0,                                                                           
                                                                       "Local Hit Blocks": 0,                                                                                
                                                                       "Local Read Blocks": 0,                                                                               
                                                                       "Local Dirtied Blocks": 0,                                                                            
                                                                       "Local Written Blocks": 0,                                                                            
                                                                       "Temp Read Blocks": 0,                                                                                
                                                                       "Temp Written Blocks": 0,                                                                             
                                                                       "Plans": [                                                                                            
                                                                         {                                                                                                   
                                                                           "Node Type": "Merge Join",                                                                        
                                                                           "Parent Relationship": "Outer",                                                                   
                                                                           "Parallel Aware": false,                                                                          
                                                                           "Join Type": "Inner",                                                                             
                                                                           "Startup Cost": 13724.65,                                                                         
                                                                           "Total Cost": 13741.32,                                                                           
                                                                           "Plan Rows": 216,                                                                                 
                                                                           "Plan Width": 45,                                                                                 
                                                                           "Actual Startup Time": 10652.054,                                                                 
                                                                           "Actual Total Time": 10667.344,                                                                   
                                                                           "Actual Rows": 328,                                                                               
                                                                           "Actual Loops": 1,                                                                                
                                                                           "Inner Unique": true,                                                                             
                                                                           "Merge Cond": "(ml.movie_id = t.id)",                                                             
                                                                           "Shared Hit Blocks": 8,                                                                           
                                                                           "Shared Read Blocks": 198776,                                                                     
                                                                           "Shared Dirtied Blocks": 0,                                                                       
                                                                           "Shared Written Blocks": 0,                                                                       
                                                                           "Local Hit Blocks": 0,                                                                            
                                                                           "Local Read Blocks": 0,                                                                           
                                                                           "Local Dirtied Blocks": 0,                                                                        
                                                                           "Local Written Blocks": 0,                                                                        
                                                                           "Temp Read Blocks": 0,                                                                            
                                                                           "Temp Written Blocks": 0,                                                                         
                                                                           "Plans": [                                                                                        
                                                                             {                                                                                               
                                                                               "Node Type": "Merge Join",                                                                    
                                                                               "Parent Relationship": "Outer",                                                               
                                                                               "Parallel Aware": false,                                                                      
                                                                               "Join Type": "Inner",                                                                         
                                                                               "Startup Cost": 9228.99,                                                                      
                                                                               "Total Cost": 9235.18,                                                                        
                                                                               "Plan Rows": 601,                                                                             
                                                                               "Plan Width": 24,                                                                             
                                                                               "Actual Startup Time": 8706.568,                                                              
                                                                               "Actual Total Time": 8712.469,                                                                
                                                                               "Actual Rows": 350,                                                                           
                                                                               "Actual Loops": 1,                                                                            
                                                                               "Inner Unique": false,                                                                        
                                                                               "Merge Cond": "(mi.movie_id = ml.movie_id)",                                                  
                                                                               "Shared Hit Blocks": 6,                                                                       
                                                                               "Shared Read Blocks": 162780,                                                                 
                                                                               "Shared Dirtied Blocks": 0,                                                                   
                                                                               "Shared Written Blocks": 0,                                                                   
                                                                               "Local Hit Blocks": 0,                                                                        
                                                                               "Local Read Blocks": 0,                                                                       
                                                                               "Local Dirtied Blocks": 0,                                                                    
                                                                               "Local Written Blocks": 0,                                                                    
                                                                               "Temp Read Blocks": 0,                                                                        
                                                                               "Temp Written Blocks": 0,                                                                     
                                                                               "Plans": [                                                                                    
                                                                                 {                                                                                           
                                                                                   "Node Type": "Merge Join",                                                                
                                                                                   "Parent Relationship": "Outer",                                                           
                                                                                   "Parallel Aware": false,                                                                  
                                                                                   "Join Type": "Inner",                                                                     
                                                                                   "Startup Cost": 9152.53,                                                                  
                                                                                   "Total Cost": 9194.73,                                                                    
                                                                                   "Plan Rows": 11220,                                                                       
                                                                                   "Plan Width": 16,                                                                         
                                                                                   "Actual Startup Time": 8670.720,                                                          
                                                                                   "Actual Total Time": 8672.481,                                                            
                                                                                   "Actual Rows": 1013,                                                                      
                                                                                   "Actual Loops": 1,                                                                        
                                                                                   "Inner Unique": false,                                                                    
                                                                                   "Merge Cond": "(cc.movie_id = mi.movie_id)",                                              
                                                                                   "Shared Hit Blocks": 4,                                                                   
                                                                                   "Shared Read Blocks": 162619,                                                             
                                                                                   "Shared Dirtied Blocks": 0,                                                               
                                                                                   "Shared Written Blocks": 0,                                                               
                                                                                   "Local Hit Blocks": 0,                                                                    
                                                                                   "Local Read Blocks": 0,                                                                   
                                                                                   "Local Dirtied Blocks": 0,                                                                
                                                                                   "Local Written Blocks": 0,                                                                
                                                                                   "Temp Read Blocks": 0,                                                                    
                                                                                   "Temp Written Blocks": 0,                                                                 
                                                                                   "Plans": [                                                                                
                                                                                     {                                                                                       
                                                                                       "Node Type": "Sort",                                                                  
                                                                                       "Parent Relationship": "Outer",                                                       
                                                                                       "Parallel Aware": false,                                                              
                                                                                       "Startup Cost": 389.78,                                                               
                                                                                       "Total Cost": 400.26,                                                                 
                                                                                       "Plan Rows": 135086,                                                                  
                                                                                       "Plan Width": 12,                                                                     
                                                                                       "Actual Startup Time": 113.573,                                                       
                                                                                       "Actual Total Time": 113.947,                                                         
                                                                                       "Actual Rows": 6219,                                                                  
                                                                                       "Actual Loops": 1,                                                                    
                                                                                       "Sort Key": ["cc.movie_id"],                                                          
                                                                                       "Sort Method": "quicksort",                                                           
                                                                                       "Sort Space Used": 12477,                                                             
                                                                                       "Sort Space Type": "Memory",                                                          
                                                                                       "Shared Hit Blocks": 2,                                                               
                                                                                       "Shared Read Blocks": 729,                                                            
                                                                                       "Shared Dirtied Blocks": 0,                                                           
                                                                                       "Shared Written Blocks": 0,                                                           
                                                                                       "Local Hit Blocks": 0,                                                                
                                                                                       "Local Read Blocks": 0,                                                               
                                                                                       "Local Dirtied Blocks": 0,                                                            
                                                                                       "Local Written Blocks": 0,                                                            
                                                                                       "Temp Read Blocks": 0,                                                                
                                                                                       "Temp Written Blocks": 0,                                                             
                                                                                       "Plans": [                                                                            
                                                                                         {                                                                                   
                                                                                           "Node Type": "Seq Scan",                                                          
                                                                                           "Parent Relationship": "Outer",                                                   
                                                                                           "Parallel Aware": false,                                                          
                                                                                           "Relation Name": "complete_cast",                                                 
                                                                                           "Alias": "cc",                                                                    
                                                                                           "Startup Cost": 0.00,                                                             
                                                                                           "Total Cost": 32.27,                                                              
                                                                                           "Plan Rows": 135086,                                                              
                                                                                           "Plan Width": 12,                                                                 
                                                                                           "Actual Startup Time": 20.842,                                                    
                                                                                           "Actual Total Time": 55.520,                                                      
                                                                                           "Actual Rows": 135086,                                                            
                                                                                           "Actual Loops": 1,                                                                
                                                                                           "Shared Hit Blocks": 2,                                                           
                                                                                           "Shared Read Blocks": 729,                                                        
                                                                                           "Shared Dirtied Blocks": 0,                                                       
                                                                                           "Shared Written Blocks": 0,                                                       
                                                                                           "Local Hit Blocks": 0,                                                            
                                                                                           "Local Read Blocks": 0,                                                           
                                                                                           "Local Dirtied Blocks": 0,                                                        
                                                                                           "Local Written Blocks": 0,                                                        
                                                                                           "Temp Read Blocks": 0,                                                            
                                                                                           "Temp Written Blocks": 0                                                          
                                                                                         }                                                                                   
                                                                                       ]                                                                                     
                                                                                     },                                                                                      
                                                                                     {                                                                                       
                                                                                       "Node Type": "Sort",                                                                  
                                                                                       "Parent Relationship": "Inner",                                                       
                                                                                       "Parallel Aware": false,                                                              
                                                                                       "Startup Cost": 8762.75,                                                              
                                                                                       "Total Cost": 8773.17,                                                                
                                                                                       "Plan Rows": 134293,                                                                  
                                                                                       "Plan Width": 4,                                                                      
                                                                                       "Actual Startup Time": 8557.074,                                                      
                                                                                       "Actual Total Time": 8557.299,                                                        
                                                                                       "Actual Rows": 4084,                                                                  
                                                                                       "Actual Loops": 1,                                                                    
                                                                                       "Sort Key": ["mi.movie_id"],                                                          
                                                                                       "Sort Method": "quicksort",                                                           
                                                                                       "Sort Space Used": 12437,                                                             
                                                                                       "Sort Space Type": "Memory",                                                          
                                                                                       "Shared Hit Blocks": 2,                                                               
                                                                                       "Shared Read Blocks": 161890,                                                         
                                                                                       "Shared Dirtied Blocks": 0,                                                           
                                                                                       "Shared Written Blocks": 0,                                                           
                                                                                       "Local Hit Blocks": 0,                                                                
                                                                                       "Local Read Blocks": 0,                                                               
                                                                                       "Local Dirtied Blocks": 0,                                                            
                                                                                       "Local Written Blocks": 0,                                                            
                                                                                       "Temp Read Blocks": 0,                                                                
                                                                                       "Temp Written Blocks": 0,                                                             
                                                                                       "Plans": [                                                                            
                                                                                         {                                                                                   
                                                                                           "Node Type": "Seq Scan",                                                          
                                                                                           "Parent Relationship": "Outer",                                                   
                                                                                           "Parallel Aware": false,                                                          
                                                                                           "Relation Name": "movie_info",                                                    
                                                                                           "Alias": "mi",                                                                    
                                                                                           "Startup Cost": 0.00,                                                             
                                                                                           "Total Cost": 8407.52,                                                            
                                                                                           "Plan Rows": 134293,                                                              
                                                                                           "Plan Width": 4,                                                                  
                                                                                           "Actual Startup Time": 25.456,                                                    
                                                                                           "Actual Total Time": 8503.319,                                                    
                                                                                           "Actual Rows": 134239,                                                            
                                                                                           "Actual Loops": 1,                                                                
                                                                                           "Filter": "(info = ANY ('{Sweden,Germany,Swedish,German}'::text[]))",             
                                                                                           "Rows Removed by Filter": 14701481,                                               
                                                                                           "Shared Hit Blocks": 2,                                                           
                                                                                           "Shared Read Blocks": 161890,                                                     
                                                                                           "Shared Dirtied Blocks": 0,                                                       
                                                                                           "Shared Written Blocks": 0,                                                       
                                                                                           "Local Hit Blocks": 0,                                                            
                                                                                           "Local Read Blocks": 0,                                                           
                                                                                           "Local Dirtied Blocks": 0,                                                        
                                                                                           "Local Written Blocks": 0,                                                        
                                                                                           "Temp Read Blocks": 0,                                                            
                                                                                           "Temp Written Blocks": 0                                                          
                                                                                         }                                                                                   
                                                                                       ]                                                                                     
                                                                                     }                                                                                       
                                                                                   ]                                                                                         
                                                                                 },                                                                                          
                                                                                 {                                                                                           
                                                                                   "Node Type": "Sort",                                                                      
                                                                                   "Parent Relationship": "Inner",                                                           
                                                                                   "Parallel Aware": false,                                                                  
                                                                                   "Startup Cost": 76.46,                                                                    
                                                                                   "Total Cost": 78.79,                                                                      
                                                                                   "Plan Rows": 29997,                                                                       
                                                                                   "Plan Width": 8,                                                                          
                                                                                   "Actual Startup Time": 34.914,                                                            
                                                                                   "Actual Total Time": 36.545,                                                              
                                                                                   "Actual Rows": 30224,                                                                     
                                                                                   "Actual Loops": 1,                                                                        
                                                                                   "Sort Key": ["ml.movie_id"],                                                              
                                                                                   "Sort Method": "quicksort",                                                               
                                                                                   "Sort Space Used": 2175,                                                                  
                                                                                   "Sort Space Type": "Memory",                                                              
                                                                                   "Shared Hit Blocks": 2,                                                                   
                                                                                   "Shared Read Blocks": 161,                                                                
                                                                                   "Shared Dirtied Blocks": 0,                                                               
                                                                                   "Shared Written Blocks": 0,                                                               
                                                                                   "Local Hit Blocks": 0,                                                                    
                                                                                   "Local Read Blocks": 0,                                                                   
                                                                                   "Local Dirtied Blocks": 0,                                                                
                                                                                   "Local Written Blocks": 0,                                                                
                                                                                   "Temp Read Blocks": 0,                                                                    
                                                                                   "Temp Written Blocks": 0,                                                                 
                                                                                   "Plans": [                                                                                
                                                                                     {                                                                                       
                                                                                       "Node Type": "Seq Scan",                                                              
                                                                                       "Parent Relationship": "Outer",                                                       
                                                                                       "Parallel Aware": false,                                                              
                                                                                       "Relation Name": "movie_link",                                                        
                                                                                       "Alias": "ml",                                                                        
                                                                                       "Startup Cost": 0.00,                                                                 
                                                                                       "Total Cost": 7.19,                                                                   
                                                                                       "Plan Rows": 29997,                                                                   
                                                                                       "Plan Width": 8,                                                                      
                                                                                       "Actual Startup Time": 0.010,                                                         
                                                                                       "Actual Total Time": 18.490,                                                          
                                                                                       "Actual Rows": 29997,                                                                 
                                                                                       "Actual Loops": 1,                                                                    
                                                                                       "Shared Hit Blocks": 2,                                                               
                                                                                       "Shared Read Blocks": 161,                                                            
                                                                                       "Shared Dirtied Blocks": 0,                                                           
                                                                                       "Shared Written Blocks": 0,                                                           
                                                                                       "Local Hit Blocks": 0,                                                                
                                                                                       "Local Read Blocks": 0,                                                               
                                                                                       "Local Dirtied Blocks": 0,                                                            
                                                                                       "Local Written Blocks": 0,                                                            
                                                                                       "Temp Read Blocks": 0,                                                                
                                                                                       "Temp Written Blocks": 0                                                              
                                                                                     }                                                                                       
                                                                                   ]                                                                                         
                                                                                 }                                                                                           
                                                                               ]                                                                                             
                                                                             },                                                                                              
                                                                             {                                                                                               
                                                                               "Node Type": "Sort",                                                                          
                                                                               "Parent Relationship": "Inner",                                                               
                                                                               "Parallel Aware": false,                                                                      
                                                                               "Startup Cost": 4495.66,                                                                      
                                                                               "Total Cost": 4566.36,                                                                        
                                                                               "Plan Rows": 910581,                                                                          
                                                                               "Plan Width": 21,                                                                             
                                                                               "Actual Startup Time": 1941.901,                                                              
                                                                               "Actual Total Time": 1947.902,                                                                
                                                                               "Actual Rows": 49447,                                                                         
                                                                               "Actual Loops": 1,                                                                            
                                                                               "Sort Key": ["t.id"],                                                                         
                                                                               "Sort Method": "quicksort",                                                                   
                                                                               "Sort Space Used": 88345,                                                                     
                                                                               "Sort Space Type": "Memory",                                                                  
                                                                               "Shared Hit Blocks": 2,                                                                       
                                                                               "Shared Read Blocks": 35996,                                                                  
                                                                               "Shared Dirtied Blocks": 0,                                                                   
                                                                               "Shared Written Blocks": 0,                                                                   
                                                                               "Local Hit Blocks": 0,                                                                        
                                                                               "Local Read Blocks": 0,                                                                       
                                                                               "Local Dirtied Blocks": 0,                                                                    
                                                                               "Local Written Blocks": 0,                                                                    
                                                                               "Temp Read Blocks": 0,                                                                        
                                                                               "Temp Written Blocks": 0,                                                                     
                                                                               "Plans": [                                                                                    
                                                                                 {                                                                                           
                                                                                   "Node Type": "Seq Scan",                                                                  
                                                                                   "Parent Relationship": "Outer",                                                           
                                                                                   "Parallel Aware": false,                                                                  
                                                                                   "Relation Name": "title",                                                                 
                                                                                   "Alias": "t",                                                                             
                                                                                   "Startup Cost": 0.00,                                                                     
                                                                                   "Total Cost": 1696.56,                                                                    
                                                                                   "Plan Rows": 910581,                                                                      
                                                                                   "Plan Width": 21,                                                                         
                                                                                   "Actual Startup Time": 24.110,                                                            
                                                                                   "Actual Total Time": 1381.566,                                                            
                                                                                   "Actual Rows": 910581,                                                                    
                                                                                   "Actual Loops": 1,                                                                        
                                                                                   "Filter": "((production_year >= 1950) AND (production_year <= 2000))",                    
                                                                                   "Rows Removed by Filter": 1617731,                                                        
                                                                                   "Shared Hit Blocks": 2,                                                                   
                                                                                   "Shared Read Blocks": 35996,                                                              
                                                                                   "Shared Dirtied Blocks": 0,                                                               
                                                                                   "Shared Written Blocks": 0,                                                               
                                                                                   "Local Hit Blocks": 0,                                                                    
                                                                                   "Local Read Blocks": 0,                                                                   
                                                                                   "Local Dirtied Blocks": 0,                                                                
                                                                                   "Local Written Blocks": 0,                                                                
                                                                                   "Temp Read Blocks": 0,                                                                    
                                                                                   "Temp Written Blocks": 0                                                                  
                                                                                 }                                                                                           
                                                                               ]                                                                                             
                                                                             }                                                                                               
                                                                           ]                                                                                                 
                                                                         }                                                                                                   
                                                                       ]                                                                                                     
                                                                     },                                                                                                      
                                                                     {                                                                                                       
                                                                       "Node Type": "Sort",                                                                                  
                                                                       "Parent Relationship": "Inner",                                                                       
                                                                       "Parallel Aware": false,                                                                              
                                                                       "Startup Cost": 0.03,                                                                                 
                                                                       "Total Cost": 0.03,                                                                                   
                                                                       "Plan Rows": 1,                                                                                       
                                                                       "Plan Width": 4,                                                                                      
                                                                       "Actual Startup Time": 0.031,                                                                         
                                                                       "Actual Total Time": 0.031,                                                                           
                                                                       "Actual Rows": 1,                                                                                     
                                                                       "Actual Loops": 1,                                                                                    
                                                                       "Sort Key": ["cct.id"],                                                                              
                                                                       "Sort Method": "quicksort",                                                                           
                                                                       "Sort Space Used": 25,                                                                                
                                                                       "Sort Space Type": "Memory",                                                                          
                                                                       "Shared Hit Blocks": 1,                                                                               
                                                                       "Shared Read Blocks": 0,                                                                              
                                                                       "Shared Dirtied Blocks": 0,                                                                           
                                                                       "Shared Written Blocks": 0,                                                                           
                                                                       "Local Hit Blocks": 0,                                                                                
                                                                       "Local Read Blocks": 0,                                                                               
                                                                       "Local Dirtied Blocks": 0,                                                                            
                                                                       "Local Written Blocks": 0,                                                                            
                                                                       "Temp Read Blocks": 0,                                                                                
                                                                       "Temp Written Blocks": 0,                                                                             
                                                                       "Plans": [                                                                                            
                                                                         {                                                                                                   
                                                                           "Node Type": "Seq Scan",                                                                          
                                                                           "Parent Relationship": "Outer",                                                                   
                                                                           "Parallel Aware": false,                                                                          
                                                                           "Relation Name": "comp_cast_type",                                                                
                                                                           "Alias": "cct",                                                                                  
                                                                           "Startup Cost": 0.00,                                                                             
                                                                           "Total Cost": 0.03,                                                                               
                                                                           "Plan Rows": 1,                                                                                   
                                                                           "Plan Width": 4,                                                                                  
                                                                           "Actual Startup Time": 0.023,                                                                     
                                                                           "Actual Total Time": 0.023,                                                                       
                                                                           "Actual Rows": 1,                                                                                 
                                                                           "Actual Loops": 1,                                                                                
                                                                           "Filter": "((kind)::text = 'complete'::text)",                                                    
                                                                           "Rows Removed by Filter": 3,                                                                      
                                                                           "Shared Hit Blocks": 1,                                                                           
                                                                           "Shared Read Blocks": 0,                                                                          
                                                                           "Shared Dirtied Blocks": 0,                                                                       
                                                                           "Shared Written Blocks": 0,                                                                       
                                                                           "Local Hit Blocks": 0,                                                                            
                                                                           "Local Read Blocks": 0,                                                                           
                                                                           "Local Dirtied Blocks": 0,                                                                        
                                                                           "Local Written Blocks": 0,                                                                        
                                                                           "Temp Read Blocks": 0,                                                                            
                                                                           "Temp Written Blocks": 0                                                                          
                                                                         }                                                                                                   
                                                                       ]                                                                                                     
                                                                     }                                                                                                       
                                                                   ]                                                                                                         
                                                                 }                                                                                                           
                                                               ]                                                                                                             
                                                             },                                                                                                              
                                                             {                                                                                                               
                                                               "Node Type": "Sort",                                                                                          
                                                               "Parent Relationship": "Inner",                                                                               
                                                               "Parallel Aware": false,                                                                                      
                                                               "Startup Cost": 4775.07,                                                                                      
                                                               "Total Cost": 4873.82,                                                                                        
                                                               "Plan Rows": 1271989,                                                                                         
                                                               "Plan Width": 12,                                                                                             
                                                               "Actual Startup Time": 1266.675,                                                                              
                                                               "Actual Total Time": 1268.349,                                                                                
                                                               "Actual Rows": 36730,                                                                                         
                                                               "Actual Loops": 1,                                                                                            
                                                               "Sort Key": ["mc.movie_id"],                                                                                  
                                                               "Sort Method": "quicksort",                                                                                   
                                                               "Sort Space Used": 108777,                                                                                    
                                                               "Sort Space Type": "Memory",                                                                                  
                                                               "Shared Hit Blocks": 3,                                                                                       
                                                               "Shared Read Blocks": 18786,                                                                                  
                                                               "Shared Dirtied Blocks": 0,                                                                                   
                                                               "Shared Written Blocks": 0,                                                                                   
                                                               "Local Hit Blocks": 0,                                                                                        
                                                               "Local Read Blocks": 0,                                                                                       
                                                               "Local Dirtied Blocks": 0,                                                                                    
                                                               "Local Written Blocks": 0,                                                                                    
                                                               "Temp Read Blocks": 0,                                                                                        
                                                               "Temp Written Blocks": 0,                                                                                     
                                                               "Plans": [                                                                                                    
                                                                 {                                                                                                           
                                                                   "Node Type": "Seq Scan",                                                                                  
                                                                   "Parent Relationship": "Outer",                                                                           
                                                                   "Parallel Aware": false,                                                                                  
                                                                   "Relation Name": "movie_companies",                                                                       
                                                                   "Alias": "mc",                                                                                            
                                                                   "Startup Cost": 0.00,                                                                                     
                                                                   "Total Cost": 769.75,                                                                                     
                                                                   "Plan Rows": 1271989,                                                                                     
                                                                   "Plan Width": 12,                                                                                         
                                                                   "Actual Startup Time": 0.018,                                                                             
                                                                   "Actual Total Time": 787.068,                                                                             
                                                                   "Actual Rows": 1271989,                                                                                   
                                                                   "Actual Loops": 1,                                                                                        
                                                                   "Filter": "(note IS NULL)",                                                                               
                                                                   "Rows Removed by Filter": 1337140,                                                                        
                                                                   "Shared Hit Blocks": 3,                                                                                   
                                                                   "Shared Read Blocks": 18786,                                                                              
                                                                   "Shared Dirtied Blocks": 0,                                                                               
                                                                   "Shared Written Blocks": 0,                                                                               
                                                                   "Local Hit Blocks": 0,                                                                                    
                                                                   "Local Read Blocks": 0,                                                                                   
                                                                   "Local Dirtied Blocks": 0,                                                                                
                                                                   "Local Written Blocks": 0,                                                                                
                                                                   "Temp Read Blocks": 0,                                                                                    
                                                                   "Temp Written Blocks": 0                                                                                  
                                                                 }                                                                                                           
                                                               ]                                                                                                             
                                                             }                                                                                                               
                                                           ]                                                                                                                 
                                                         }                                                                                                                   
                                                       ]                                                                                                                     
                                                     }                                                                                                                       
                                                   ]                                                                                                                         
                                                 }                                                                                                                           
                                               ]                                                                                                                             
                                             },                                                                                                                              
                                             {                                                                                                                               
                                               "Node Type": "Sort",                                                                                                          
                                               "Parent Relationship": "Inner",                                                                                               
                                               "Parallel Aware": false,                                                                                                      
                                               "Startup Cost": 0.03,                                                                                                         
                                               "Total Cost": 0.03,                                                                                                           
                                               "Plan Rows": 2,                                                                                                               
                                               "Plan Width": 4,                                                                                                              
                                               "Actual Startup Time": 0.026,                                                                                                 
                                               "Actual Total Time": 0.026,                                                                                                   
                                               "Actual Rows": 2,                                                                                                             
                                               "Actual Loops": 1,                                                                                                            
                                               "Sort Key": ["cct.id"],                                                                                                      
                                               "Sort Method": "quicksort",                                                                                                   
                                               "Sort Space Used": 25,                                                                                                        
                                               "Sort Space Type": "Memory",                                                                                                  
                                               "Shared Hit Blocks": 1,                                                                                                       
                                               "Shared Read Blocks": 0,                                                                                                      
                                               "Shared Dirtied Blocks": 0,                                                                                                   
                                               "Shared Written Blocks": 0,                                                                                                   
                                               "Local Hit Blocks": 0,                                                                                                        
                                               "Local Read Blocks": 0,                                                                                                       
                                               "Local Dirtied Blocks": 0,                                                                                                    
                                               "Local Written Blocks": 0,                                                                                                    
                                               "Temp Read Blocks": 0,                                                                                                        
                                               "Temp Written Blocks": 0,                                                                                                     
                                               "Plans": [                                                                                                                    
                                                 {                                                                                                                           
                                                   "Node Type": "Seq Scan",                                                                                                  
                                                   "Parent Relationship": "Outer",                                                                                           
                                                   "Parallel Aware": false,                                                                                                  
                                                   "Relation Name": "comp_cast_type",                                                                                        
                                                   "Alias": "cct",                                                                                                          
                                                   "Startup Cost": 0.00,                                                                                                     
                                                   "Total Cost": 0.03,                                                                                                       
                                                   "Plan Rows": 2,                                                                                                           
                                                   "Plan Width": 4,                                                                                                          
                                                   "Actual Startup Time": 0.016,                                                                                             
                                                   "Actual Total Time": 0.018,                                                                                               
                                                   "Actual Rows": 2,                                                                                                         
                                                   "Actual Loops": 1,                                                                                                        
                                                   "Filter": "((kind)::text = ANY ('{cast,crew}'::text[]))",                                                                 
                                                   "Rows Removed by Filter": 2,                                                                                              
                                                   "Shared Hit Blocks": 1,                                                                                                   
                                                   "Shared Read Blocks": 0,                                                                                                  
                                                   "Shared Dirtied Blocks": 0,                                                                                               
                                                   "Shared Written Blocks": 0,                                                                                               
                                                   "Local Hit Blocks": 0,                                                                                                    
                                                   "Local Read Blocks": 0,                                                                                                   
                                                   "Local Dirtied Blocks": 0,                                                                                                
                                                   "Local Written Blocks": 0,                                                                                                
                                                   "Temp Read Blocks": 0,                                                                                                    
                                                   "Temp Written Blocks": 0                                                                                                  
                                                 }                                                                                                                           
                                               ]                                                                                                                             
                                             }                                                                                                                               
                                           ]                                                                                                                                 
                                         }                                                                                                                                   
                                       ]                                                                                                                                     
                                     },                                                                                                                                      
                                     {                                                                                                                                       
                                       "Node Type": "Sort",                                                                                                                  
                                       "Parent Relationship": "Inner",                                                                                                       
                                       "Parallel Aware": false,                                                                                                              
                                       "Startup Cost": 0.03,                                                                                                                 
                                       "Total Cost": 0.03,                                                                                                                   
                                       "Plan Rows": 1,                                                                                                                       
                                       "Plan Width": 16,                                                                                                                     
                                       "Actual Startup Time": 0.011,                                                                                                         
                                       "Actual Total Time": 0.011,                                                                                                           
                                       "Actual Rows": 2,                                                                                                                     
                                       "Actual Loops": 1,                                                                                                                    
                                       "Sort Key": ["lt.id"],                                                                                                                
                                       "Sort Method": "quicksort",                                                                                                           
                                       "Sort Space Used": 25,                                                                                                                
                                       "Sort Space Type": "Memory",                                                                                                          
                                       "Shared Hit Blocks": 1,                                                                                                               
                                       "Shared Read Blocks": 0,                                                                                                              
                                       "Shared Dirtied Blocks": 0,                                                                                                           
                                       "Shared Written Blocks": 0,                                                                                                           
                                       "Local Hit Blocks": 0,                                                                                                                
                                       "Local Read Blocks": 0,                                                                                                               
                                       "Local Dirtied Blocks": 0,                                                                                                            
                                       "Local Written Blocks": 0,                                                                                                            
                                       "Temp Read Blocks": 0,                                                                                                                
                                       "Temp Written Blocks": 0,                                                                                                             
                                       "Plans": [                                                                                                                            
                                         {                                                                                                                                   
                                           "Node Type": "Seq Scan",                                                                                                          
                                           "Parent Relationship": "Outer",                                                                                                   
                                           "Parallel Aware": false,                                                                                                          
                                           "Relation Name": "link_type",                                                                                                     
                                           "Alias": "lt",                                                                                                                    
                                           "Startup Cost": 0.00,                                                                                                             
                                           "Total Cost": 0.03,                                                                                                               
                                           "Plan Rows": 1,                                                                                                                   
                                           "Plan Width": 16,                                                                                                                 
                                           "Actual Startup Time": 0.005,                                                                                                     
                                           "Actual Total Time": 0.009,                                                                                                       
                                           "Actual Rows": 2,                                                                                                                 
                                           "Actual Loops": 1,                                                                                                                
                                           "Filter": "((link)::text ~~ '%follow%'::text)",                                                                                   
                                           "Rows Removed by Filter": 16,                                                                                                     
                                           "Shared Hit Blocks": 1,                                                                                                           
                                           "Shared Read Blocks": 0,                                                                                                          
                                           "Shared Dirtied Blocks": 0,                                                                                                       
                                           "Shared Written Blocks": 0,                                                                                                       
                                           "Local Hit Blocks": 0,                                                                                                            
                                           "Local Read Blocks": 0,                                                                                                           
                                           "Local Dirtied Blocks": 0,                                                                                                        
                                           "Local Written Blocks": 0,                                                                                                        
                                           "Temp Read Blocks": 0,                                                                                                            
                                           "Temp Written Blocks": 0                                                                                                          
                                         }                                                                                                                                   
                                       ]                                                                                                                                     
                                     }                                                                                                                                       
                                   ]                                                                                                                                         
                                 }                                                                                                                                           
                               ]                                                                                                                                             
                             },                                                                                                                                              
                             {                                                                                                                                               
                               "Node Type": "Sort",                                                                                                                          
                               "Parent Relationship": "Inner",                                                                                                               
                               "Parallel Aware": false,                                                                                                                      
                               "Startup Cost": 16610.92,                                                                                                                     
                               "Total Cost": 16962.16,                                                                                                                       
                               "Plan Rows": 4523930,                                                                                                                         
                               "Plan Width": 8,                                                                                                                              
                               "Actual Startup Time": 2152.111,                                                                                                              
                               "Actual Total Time": 2155.778,                                                                                                                
                               "Actual Rows": 76163,                                                                                                                         
                               "Actual Loops": 1,                                                                                                                            
                               "Sort Key": ["mk.movie_id"],                                                                                                                  
                               "Sort Method": "quicksort",                                                                                                                   
                               "Sort Space Used": 408668,                                                                                                                    
                               "Sort Space Type": "Memory",                                                                                                                  
                               "Shared Hit Blocks": 3,                                                                                                                       
                               "Shared Read Blocks": 24451,                                                                                                                  
                               "Shared Dirtied Blocks": 0,                                                                                                                   
                               "Shared Written Blocks": 0,                                                                                                                   
                               "Local Hit Blocks": 0,                                                                                                                        
                               "Local Read Blocks": 0,                                                                                                                       
                               "Local Dirtied Blocks": 0,                                                                                                                    
                               "Local Written Blocks": 0,                                                                                                                    
                               "Temp Read Blocks": 0,                                                                                                                        
                               "Temp Written Blocks": 0,                                                                                                                     
                               "Plans": [                                                                                                                                    
                                 {                                                                                                                                           
                                   "Node Type": "Seq Scan",                                                                                                                  
                                   "Parent Relationship": "Outer",                                                                                                           
                                   "Parallel Aware": false,                                                                                                                  
                                   "Relation Name": "movie_keyword",                                                                                                         
                                   "Alias": "mk",                                                                                                                            
                                   "Startup Cost": 0.00,                                                                                                                     
                                   "Total Cost": 1079.84,                                                                                                                    
                                   "Plan Rows": 4523930,                                                                                                                     
                                   "Plan Width": 8,                                                                                                                          
                                   "Actual Startup Time": 0.006,                                                                                                             
                                   "Actual Total Time": 784.290,                                                                                                             
                                   "Actual Rows": 4523930,                                                                                                                   
                                   "Actual Loops": 1,                                                                                                                        
                                   "Shared Hit Blocks": 3,                                                                                                                   
                                   "Shared Read Blocks": 24451,                                                                                                              
                                   "Shared Dirtied Blocks": 0,                                                                                                               
                                   "Shared Written Blocks": 0,                                                                                                               
                                   "Local Hit Blocks": 0,                                                                                                                    
                                   "Local Read Blocks": 0,                                                                                                                   
                                   "Local Dirtied Blocks": 0,                                                                                                                
                                   "Local Written Blocks": 0,                                                                                                                
                                   "Temp Read Blocks": 0,                                                                                                                    
                                   "Temp Written Blocks": 0                                                                                                                  
                                 }                                                                                                                                           
                               ]                                                                                                                                             
                             }                                                                                                                                               
                           ]                                                                                                                                                 
                         }                                                                                                                                                   
                       ]                                                                                                                                                     
                     }                                                                                                                                                       
                   ]                                                                                                                                                         
                 }                                                                                                                                                           
               ]                                                                                                                                                             
             },                                                                                                                                                              
             {                                                                                                                                                               
               "Node Type": "Sort",                                                                                                                                          
               "Parent Relationship": "Inner",                                                                                                                               
               "Parallel Aware": false,                                                                                                                                      
               "Startup Cost": 0.03,                                                                                                                                         
               "Total Cost": 0.03,                                                                                                                                           
               "Plan Rows": 1,                                                                                                                                               
               "Plan Width": 4,                                                                                                                                              
               "Actual Startup Time": 0.024,                                                                                                                                 
               "Actual Total Time": 0.024,                                                                                                                                   
               "Actual Rows": 1,                                                                                                                                             
               "Actual Loops": 1,                                                                                                                                            
               "Sort Key": ["ct.id"],                                                                                                                                        
               "Sort Method": "quicksort",                                                                                                                                   
               "Sort Space Used": 25,                                                                                                                                        
               "Sort Space Type": "Memory",                                                                                                                                  
               "Shared Hit Blocks": 1,                                                                                                                                       
               "Shared Read Blocks": 0,                                                                                                                                      
               "Shared Dirtied Blocks": 0,                                                                                                                                   
               "Shared Written Blocks": 0,                                                                                                                                   
               "Local Hit Blocks": 0,                                                                                                                                        
               "Local Read Blocks": 0,                                                                                                                                       
               "Local Dirtied Blocks": 0,                                                                                                                                    
               "Local Written Blocks": 0,                                                                                                                                    
               "Temp Read Blocks": 0,                                                                                                                                        
               "Temp Written Blocks": 0,                                                                                                                                     
               "Plans": [                                                                                                                                                    
                 {                                                                                                                                                           
                   "Node Type": "Seq Scan",                                                                                                                                  
                   "Parent Relationship": "Outer",                                                                                                                           
                   "Parallel Aware": false,                                                                                                                                  
                   "Relation Name": "company_type",                                                                                                                          
                   "Alias": "ct",                                                                                                                                            
                   "Startup Cost": 0.00,                                                                                                                                     
                   "Total Cost": 0.03,                                                                                                                                       
                   "Plan Rows": 1,                                                                                                                                           
                   "Plan Width": 4,                                                                                                                                          
                   "Actual Startup Time": 0.014,                                                                                                                             
                   "Actual Total Time": 0.015,                                                                                                                               
                   "Actual Rows": 1,                                                                                                                                         
                   "Actual Loops": 1,                                                                                                                                        
                   "Filter": "((kind)::text = 'production companies'::text)",                                                                                                
                   "Rows Removed by Filter": 3,                                                                                                                              
                   "Shared Hit Blocks": 1,                                                                                                                                   
                   "Shared Read Blocks": 0,                                                                                                                                  
                   "Shared Dirtied Blocks": 0,                                                                                                                               
                   "Shared Written Blocks": 0,                                                                                                                               
                   "Local Hit Blocks": 0,                                                                                                                                    
                   "Local Read Blocks": 0,                                                                                                                                   
                   "Local Dirtied Blocks": 0,                                                                                                                                
                   "Local Written Blocks": 0,                                                                                                                                
                   "Temp Read Blocks": 0,                                                                                                                                    
                   "Temp Written Blocks": 0                                                                                                                                  
                 }                                                                                                                                                           
               ]                                                                                                                                                             
             }                                                                                                                                                               
           ]                                                                                                                                                                 
         }                                                                                                                                                                   
       ]                                                                                                                                                                     
     },                                                                                                                                                                      
     "Planning Time": 11256.344,                                                                                                                                             
     "Triggers": [                                                                                                                                                           
     ],                                                                                                                                                                      
     "Execution Time": 14427.373                                                                                                                                             
