 [                                                                                                                                                          
   {                                                                                                                                                        
     "Plan": {                                                                                                                                              
       "Node Type": "Aggregate",                                                                                                                            
       "Strategy": "Plain",                                                                                                                                 
       "Partial Mode": "Simple",                                                                                                                            
       "Parallel Aware": false,                                                                                                                             
       "Startup Cost": 32598.15,                                                                                                                            
       "Total Cost": 32598.15,                                                                                                                              
       "Plan Rows": 1,                                                                                                                                      
       "Plan Width": 96,                                                                                                                                    
       "Actual Startup Time": 14176.368,                                                                                                                    
       "Actual Total Time": 14176.368,                                                                                                                      
       "Actual Rows": 1,                                                                                                                                    
       "Actual Loops": 1,                                                                                                                                   
       "Shared Hit Blocks": 26,                                                                                                                             
       "Shared Read Blocks": 245952,                                                                                                                        
       "Shared Dirtied Blocks": 0,                                                                                                                          
       "Shared Written Blocks": 0,                                                                                                                          
       "Local Hit Blocks": 0,                                                                                                                               
       "Local Read Blocks": 0,                                                                                                                              
       "Local Dirtied Blocks": 0,                                                                                                                           
       "Local Written Blocks": 0,                                                                                                                           
       "Temp Read Blocks": 0,                                                                                                                               
       "Temp Written Blocks": 0,                                                                                                                            
       "Plans": [                                                                                                                                           
         {                                                                                                                                                  
           "Node Type": "Merge Join",                                                                                                                       
           "Parent Relationship": "Outer",                                                                                                                  
           "Parallel Aware": false,                                                                                                                         
           "Join Type": "Inner",                                                                                                                            
           "Startup Cost": 32598.15,                                                                                                                        
           "Total Cost": 32598.15,                                                                                                                          
           "Plan Rows": 1,                                                                                                                                  
           "Plan Width": 48,                                                                                                                                
           "Actual Startup Time": 14150.085,                                                                                                                
           "Actual Total Time": 14150.342,                                                                                                                  
           "Actual Rows": 247,                                                                                                                              
           "Actual Loops": 1,                                                                                                                               
           "Inner Unique": true,                                                                                                                            
           "Merge Cond": "(mk.keyword_id = k.id)",                                                                                                          
           "Shared Hit Blocks": 26,                                                                                                                         
           "Shared Read Blocks": 245952,                                                                                                                    
           "Shared Dirtied Blocks": 0,                                                                                                                      
           "Shared Written Blocks": 0,                                                                                                                      
           "Local Hit Blocks": 0,                                                                                                                           
           "Local Read Blocks": 0,                                                                                                                          
           "Local Dirtied Blocks": 0,                                                                                                                       
           "Local Written Blocks": 0,                                                                                                                       
           "Temp Read Blocks": 0,                                                                                                                           
           "Temp Written Blocks": 0,                                                                                                                        
           "Plans": [                                                                                                                                       
             {                                                                                                                                              
               "Node Type": "Sort",                                                                                                                         
               "Parent Relationship": "Outer",                                                                                                              
               "Parallel Aware": false,                                                                                                                     
               "Startup Cost": 32548.69,                                                                                                                    
               "Total Cost": 32548.69,                                                                                                                      
               "Plan Rows": 2,                                                                                                                              
               "Plan Width": 52,                                                                                                                            
               "Actual Startup Time": 14060.820,                                                                                                            
               "Actual Total Time": 14060.941,                                                                                                              
               "Actual Rows": 742,                                                                                                                          
               "Actual Loops": 1,                                                                                                                           
               "Sort Key": ["mk.keyword_id"],                                                                                                               
               "Sort Method": "quicksort",                                                                                                                  
               "Sort Space Used": 318,                                                                                                                      
               "Sort Space Type": "Memory",                                                                                                                 
               "Shared Hit Blocks": 24,                                                                                                                     
               "Shared Read Blocks": 245005,                                                                                                                
               "Shared Dirtied Blocks": 0,                                                                                                                  
               "Shared Written Blocks": 0,                                                                                                                  
               "Local Hit Blocks": 0,                                                                                                                       
               "Local Read Blocks": 0,                                                                                                                      
               "Local Dirtied Blocks": 0,                                                                                                                   
               "Local Written Blocks": 0,                                                                                                                   
               "Temp Read Blocks": 0,                                                                                                                       
               "Temp Written Blocks": 0,                                                                                                                    
               "Plans": [                                                                                                                                   
                 {                                                                                                                                          
                   "Node Type": "Merge Join",                                                                                                               
                   "Parent Relationship": "Outer",                                                                                                          
                   "Parallel Aware": false,                                                                                                                 
                   "Join Type": "Inner",                                                                                                                    
                   "Startup Cost": 32533.55,                                                                                                                
                   "Total Cost": 32548.69,                                                                                                                  
                   "Plan Rows": 2,                                                                                                                          
                   "Plan Width": 52,                                                                                                                        
                   "Actual Startup Time": 14050.627,                                                                                                        
                   "Actual Total Time": 14051.141,                                                                                                          
                   "Actual Rows": 1919,                                                                                                                     
                   "Actual Loops": 1,                                                                                                                       
                   "Inner Unique": false,                                                                                                                   
                   "Merge Cond": "(ml.movie_id = mk.movie_id)",                                                                                             
                   "Shared Hit Blocks": 20,                                                                                                                 
                   "Shared Read Blocks": 245005,                                                                                                            
                   "Shared Dirtied Blocks": 0,                                                                                                              
                   "Shared Written Blocks": 0,                                                                                                              
                   "Local Hit Blocks": 0,                                                                                                                   
                   "Local Read Blocks": 0,                                                                                                                  
                   "Local Dirtied Blocks": 0,                                                                                                               
                   "Local Written Blocks": 0,                                                                                                               
                   "Temp Read Blocks": 0,                                                                                                                   
                   "Temp Written Blocks": 0,                                                                                                                
                   "Plans": [                                                                                                                               
                     {                                                                                                                                      
                       "Node Type": "Sort",                                                                                                                 
                       "Parent Relationship": "Outer",                                                                                                      
                       "Parallel Aware": false,                                                                                                             
                       "Startup Cost": 15922.62,                                                                                                            
                       "Total Cost": 15922.62,                                                                                                              
                       "Plan Rows": 1,                                                                                                                      
                       "Plan Width": 68,                                                                                                                    
                       "Actual Startup Time": 11905.525,                                                                                                    
                       "Actual Total Time": 11905.540,                                                                                                      
                       "Actual Rows": 247,                                                                                                                  
                       "Actual Loops": 1,                                                                                                                   
                       "Sort Key": ["ml.movie_id"],                                                                                                         
                       "Sort Method": "quicksort",                                                                                                          
                       "Sort Space Used": 59,                                                                                                               
                       "Sort Space Type": "Memory",                                                                                                         
                       "Shared Hit Blocks": 17,                                                                                                             
                       "Shared Read Blocks": 220554,                                                                                                        
                       "Shared Dirtied Blocks": 0,                                                                                                          
                       "Shared Written Blocks": 0,                                                                                                          
                       "Local Hit Blocks": 0,                                                                                                               
                       "Local Read Blocks": 0,                                                                                                              
                       "Local Dirtied Blocks": 0,                                                                                                           
                       "Local Written Blocks": 0,                                                                                                           
                       "Temp Read Blocks": 0,                                                                                                               
                       "Temp Written Blocks": 0,                                                                                                            
                       "Plans": [                                                                                                                           
                         {                                                                                                                                  
                           "Node Type": "Merge Join",                                                                                                       
                           "Parent Relationship": "Outer",                                                                                                  
                           "Parallel Aware": false,                                                                                                         
                           "Join Type": "Inner",                                                                                                            
                           "Startup Cost": 15914.99,                                                                                                        
                           "Total Cost": 15922.62,                                                                                                          
                           "Plan Rows": 1,                                                                                                                  
                           "Plan Width": 68,                                                                                                                
                           "Actual Startup Time": 11901.772,                                                                                                
                           "Actual Total Time": 11905.425,                                                                                                  
                           "Actual Rows": 247,                                                                                                              
                           "Actual Loops": 1,                                                                                                               
                           "Inner Unique": false,                                                                                                           
                           "Merge Cond": "(cn.id = mc.company_id)",                                                                                         
                           "Shared Hit Blocks": 17,                                                                                                         
                           "Shared Read Blocks": 220554,                                                                                                    
                           "Shared Dirtied Blocks": 0,                                                                                                      
                           "Shared Written Blocks": 0,                                                                                                      
                           "Local Hit Blocks": 0,                                                                                                           
                           "Local Read Blocks": 0,                                                                                                          
                           "Local Dirtied Blocks": 0,                                                                                                       
                           "Local Written Blocks": 0,                                                                                                       
                           "Temp Read Blocks": 0,                                                                                                           
                           "Temp Written Blocks": 0,                                                                                                        
                           "Plans": [                                                                                                                       
                             {                                                                                                                              
                               "Node Type": "Sort",                                                                                                         
                               "Parent Relationship": "Outer",                                                                                              
                               "Parallel Aware": false,                                                                                                     
                               "Startup Cost": 283.87,                                                                                                      
                               "Total Cost": 287.69,                                                                                                        
                               "Plan Rows": 49161,                                                                                                          
                               "Plan Width": 23,                                                                                                            
                               "Actual Startup Time": 173.167,                                                                                              
                               "Actual Total Time": 174.810,                                                                                                
                               "Actual Rows": 14128,                                                                                                        
                               "Actual Loops": 1,                                                                                                           
                               "Sort Key": ["cn.id"],                                                                                                       
                               "Sort Method": "quicksort",                                                                                                  
                               "Sort Space Used": 5023,                                                                                                     
                               "Sort Space Type": "Memory",                                                                                                 
                               "Shared Hit Blocks": 2,                                                                                                      
                               "Shared Read Blocks": 2992,                                                                                                  
                               "Shared Dirtied Blocks": 0,                                                                                                  
                               "Shared Written Blocks": 0,                                                                                                  
                               "Local Hit Blocks": 0,                                                                                                       
                               "Local Read Blocks": 0,                                                                                                      
                               "Local Dirtied Blocks": 0,                                                                                                   
                               "Local Written Blocks": 0,                                                                                                   
                               "Temp Read Blocks": 0,                                                                                                       
                               "Temp Written Blocks": 0,                                                                                                    
                               "Plans": [                                                                                                                   
                                 {                                                                                                                          
                                   "Node Type": "Seq Scan",                                                                                                 
                                   "Parent Relationship": "Outer",                                                                                          
                                   "Parallel Aware": false,                                                                                                 
                                   "Relation Name": "company_name",                                                                                         
                                   "Alias": "cn",                                                                                                           
                                   "Startup Cost": 0.00,                                                                                                    
                                   "Total Cost": 164.90,                                                                                                    
                                   "Plan Rows": 49161,                                                                                                      
                                   "Plan Width": 23,                                                                                                        
                                   "Actual Startup Time": 28.929,                                                                                           
                                   "Actual Total Time": 148.981,                                                                                            
                                   "Actual Rows": 48302,                                                                                                    
                                   "Actual Loops": 1,                                                                                                       
                                   "Filter": "(((country_code)::text <> '[pl]'::text) AND ((name ~~ '%Film%'::text) OR (name ~~ '%Warner%'::text)))",       
                                   "Rows Removed by Filter": 186695,                                                                                        
                                   "Shared Hit Blocks": 2,                                                                                                  
                                   "Shared Read Blocks": 2992,                                                                                              
                                   "Shared Dirtied Blocks": 0,                                                                                              
                                   "Shared Written Blocks": 0,                                                                                              
                                   "Local Hit Blocks": 0,                                                                                                   
                                   "Local Read Blocks": 0,                                                                                                  
                                   "Local Dirtied Blocks": 0,                                                                                               
                                   "Local Written Blocks": 0,                                                                                               
                                   "Temp Read Blocks": 0,                                                                                                   
                                   "Temp Written Blocks": 0                                                                                                 
                                 }                                                                                                                          
                               ]                                                                                                                            
                             },                                                                                                                             
                             {                                                                                                                              
                               "Node Type": "Sort",                                                                                                         
                               "Parent Relationship": "Inner",                                                                                              
                               "Parallel Aware": false,                                                                                                     
                               "Startup Cost": 15631.12,                                                                                                    
                               "Total Cost": 15631.12,                                                                                                      
                               "Plan Rows": 1,                                                                                                              
                               "Plan Width": 53,                                                                                                            
                               "Actual Startup Time": 11728.525,                                                                                            
                               "Actual Total Time": 11728.560,                                                                                              
                               "Actual Rows": 532,                                                                                                          
                               "Actual Loops": 1,                                                                                                           
                               "Sort Key": ["mc.company_id"],                                                                                               
                               "Sort Method": "quicksort",                                                                                                  
                               "Sort Space Used": 93,                                                                                                       
                               "Sort Space Type": "Memory",                                                                                                 
                               "Shared Hit Blocks": 15,                                                                                                     
                               "Shared Read Blocks": 217562,                                                                                                
                               "Shared Dirtied Blocks": 0,                                                                                                  
                               "Shared Written Blocks": 0,                                                                                                  
                               "Local Hit Blocks": 0,                                                                                                       
                               "Local Read Blocks": 0,                                                                                                      
                               "Local Dirtied Blocks": 0,                                                                                                   
                               "Local Written Blocks": 0,                                                                                                   
                               "Temp Read Blocks": 0,                                                                                                       
                               "Temp Written Blocks": 0,                                                                                                    
                               "Plans": [                                                                                                                   
                                 {                                                                                                                          
                                   "Node Type": "Merge Join",                                                                                               
                                   "Parent Relationship": "Outer",                                                                                          
                                   "Parallel Aware": false,                                                                                                 
                                   "Join Type": "Inner",                                                                                                    
                                   "Startup Cost": 15631.12,                                                                                                
                                   "Total Cost": 15631.12,                                                                                                  
                                   "Plan Rows": 1,                                                                                                          
                                   "Plan Width": 53,                                                                                                        
                                   "Actual Startup Time": 11728.196,                                                                                        
                                   "Actual Total Time": 11728.352,                                                                                          
                                   "Actual Rows": 532,                                                                                                      
                                   "Actual Loops": 1,                                                                                                       
                                   "Inner Unique": false,                                                                                                   
                                   "Merge Cond": "(ct.id = mc.company_type_id)",                                                                            
                                   "Shared Hit Blocks": 15,                                                                                                 
                                   "Shared Read Blocks": 217562,                                                                                            
                                   "Shared Dirtied Blocks": 0,                                                                                              
                                   "Shared Written Blocks": 0,                                                                                              
                                   "Local Hit Blocks": 0,                                                                                                   
                                   "Local Read Blocks": 0,                                                                                                  
                                   "Local Dirtied Blocks": 0,                                                                                               
                                   "Local Written Blocks": 0,                                                                                               
                                   "Temp Read Blocks": 0,                                                                                                   
                                   "Temp Written Blocks": 0,                                                                                                
                                   "Plans": [                                                                                                               
                                     {                                                                                                                      
                                       "Node Type": "Sort",                                                                                                 
                                       "Parent Relationship": "Outer",                                                                                      
                                       "Parallel Aware": false,                                                                                             
                                       "Startup Cost": 0.03,                                                                                                
                                       "Total Cost": 0.03,                                                                                                  
                                       "Plan Rows": 1,                                                                                                      
                                       "Plan Width": 4,                                                                                                     
                                       "Actual Startup Time": 0.011,                                                                                        
                                       "Actual Total Time": 0.011,                                                                                          
                                       "Actual Rows": 1,                                                                                                    
                                       "Actual Loops": 1,                                                                                                   
                                       "Sort Key": ["ct.id"],                                                                                               
                                       "Sort Method": "quicksort",                                                                                          
                                       "Sort Space Used": 25,                                                                                               
                                       "Sort Space Type": "Memory",                                                                                         
                                       "Shared Hit Blocks": 1,                                                                                              
                                       "Shared Read Blocks": 0,                                                                                             
                                       "Shared Dirtied Blocks": 0,                                                                                          
                                       "Shared Written Blocks": 0,                                                                                          
                                       "Local Hit Blocks": 0,                                                                                               
                                       "Local Read Blocks": 0,                                                                                              
                                       "Local Dirtied Blocks": 0,                                                                                           
                                       "Local Written Blocks": 0,                                                                                           
                                       "Temp Read Blocks": 0,                                                                                               
                                       "Temp Written Blocks": 0,                                                                                            
                                       "Plans": [                                                                                                           
                                         {                                                                                                                  
                                           "Node Type": "Seq Scan",                                                                                         
                                           "Parent Relationship": "Outer",                                                                                  
                                           "Parallel Aware": false,                                                                                         
                                           "Relation Name": "company_type",                                                                                 
                                           "Alias": "ct",                                                                                                   
                                           "Startup Cost": 0.00,                                                                                            
                                           "Total Cost": 0.03,                                                                                              
                                           "Plan Rows": 1,                                                                                                  
                                           "Plan Width": 4,                                                                                                 
                                           "Actual Startup Time": 0.008,                                                                                    
                                           "Actual Total Time": 0.008,                                                                                      
                                           "Actual Rows": 1,                                                                                                
                                           "Actual Loops": 1,                                                                                               
                                           "Filter": "((kind)::text = 'production companies'::text)",                                                       
                                           "Rows Removed by Filter": 3,                                                                                     
                                           "Shared Hit Blocks": 1,                                                                                          
                                           "Shared Read Blocks": 0,                                                                                         
                                           "Shared Dirtied Blocks": 0,                                                                                      
                                           "Shared Written Blocks": 0,                                                                                      
                                           "Local Hit Blocks": 0,                                                                                           
                                           "Local Read Blocks": 0,                                                                                          
                                           "Local Dirtied Blocks": 0,                                                                                       
                                           "Local Written Blocks": 0,                                                                                       
                                           "Temp Read Blocks": 0,                                                                                           
                                           "Temp Written Blocks": 0                                                                                         
                                         }                                                                                                                  
                                       ]                                                                                                                    
                                     },                                                                                                                     
                                     {                                                                                                                      
                                       "Node Type": "Sort",                                                                                                 
                                       "Parent Relationship": "Inner",                                                                                      
                                       "Parallel Aware": false,                                                                                             
                                       "Startup Cost": 15631.09,                                                                                            
                                       "Total Cost": 15631.09,                                                                                              
                                       "Plan Rows": 1,                                                                                                      
                                       "Plan Width": 57,                                                                                                    
                                       "Actual Startup Time": 11728.182,                                                                                    
                                       "Actual Total Time": 11728.206,                                                                                      
                                       "Actual Rows": 532,                                                                                                  
                                       "Actual Loops": 1,                                                                                                   
                                       "Sort Key": ["mc.company_type_id"],                                                                                  
                                       "Sort Method": "quicksort",                                                                                          
                                       "Sort Space Used": 99,                                                                                               
                                       "Sort Space Type": "Memory",                                                                                         
                                       "Shared Hit Blocks": 14,                                                                                             
                                       "Shared Read Blocks": 217562,                                                                                        
                                       "Shared Dirtied Blocks": 0,                                                                                          
                                       "Shared Written Blocks": 0,                                                                                          
                                       "Local Hit Blocks": 0,                                                                                               
                                       "Local Read Blocks": 0,                                                                                              
                                       "Local Dirtied Blocks": 0,                                                                                           
                                       "Local Written Blocks": 0,                                                                                           
                                       "Temp Read Blocks": 0,                                                                                               
                                       "Temp Written Blocks": 0,                                                                                            
                                       "Plans": [                                                                                                           
                                         {                                                                                                                  
                                           "Node Type": "Merge Join",                                                                                       
                                           "Parent Relationship": "Outer",                                                                                  
                                           "Parallel Aware": false,                                                                                         
                                           "Join Type": "Inner",                                                                                            
                                           "Startup Cost": 15623.52,                                                                                        
                                           "Total Cost": 15631.09,                                                                                          
                                           "Plan Rows": 1,                                                                                                  
                                           "Plan Width": 57,                                                                                                
                                           "Actual Startup Time": 11727.848,                                                                                
                                           "Actual Total Time": 11728.014,                                                                                  
                                           "Actual Rows": 532,                                                                                              
                                           "Actual Loops": 1,                                                                                               
                                           "Inner Unique": false,                                                                                           
                                           "Merge Cond": "(ml.movie_id = mc.movie_id)",                                                                     
                                           "Shared Hit Blocks": 14,                                                                                         
                                           "Shared Read Blocks": 217562,                                                                                    
                                           "Shared Dirtied Blocks": 0,                                                                                      
                                           "Shared Written Blocks": 0,                                                                                      
                                           "Local Hit Blocks": 0,                                                                                           
                                           "Local Read Blocks": 0,                                                                                          
                                           "Local Dirtied Blocks": 0,                                                                                       
                                           "Local Written Blocks": 0,                                                                                       
                                           "Temp Read Blocks": 0,                                                                                           
                                           "Temp Written Blocks": 0,                                                                                        
                                           "Plans": [                                                                                                       
                                             {                                                                                                              
                                               "Node Type": "Sort",                                                                                         
                                               "Parent Relationship": "Outer",                                                                              
                                               "Parallel Aware": false,                                                                                     
                                               "Startup Cost": 10848.46,                                                                                    
                                               "Total Cost": 10848.46,                                                                                      
                                               "Plan Rows": 1,                                                                                              
                                               "Plan Width": 45,                                                                                            
                                               "Actual Startup Time": 10456.706,                                                                            
                                               "Actual Total Time": 10456.712,                                                                              
                                               "Actual Rows": 95,                                                                                           
                                               "Actual Loops": 1,                                                                                           
                                               "Sort Key": ["ml.movie_id"],                                                                                 
                                               "Sort Method": "quicksort",                                                                                  
                                               "Sort Space Used": 32,                                                                                       
                                               "Sort Space Type": "Memory",                                                                                 
                                               "Shared Hit Blocks": 11,                                                                                     
                                               "Shared Read Blocks": 198776,                                                                                
                                               "Shared Dirtied Blocks": 0,                                                                                  
                                               "Shared Written Blocks": 0,                                                                                  
                                               "Local Hit Blocks": 0,                                                                                       
                                               "Local Read Blocks": 0,                                                                                      
                                               "Local Dirtied Blocks": 0,                                                                                   
                                               "Local Written Blocks": 0,                                                                                   
                                               "Temp Read Blocks": 0,                                                                                       
                                               "Temp Written Blocks": 0,                                                                                    
                                               "Plans": [                                                                                                   
                                                 {                                                                                                          
                                                   "Node Type": "Merge Join",                                                                               
                                                   "Parent Relationship": "Outer",                                                                          
                                                   "Parallel Aware": false,                                                                                 
                                                   "Join Type": "Inner",                                                                                    
                                                   "Startup Cost": 10848.46,                                                                                
                                                   "Total Cost": 10848.46,                                                                                  
                                                   "Plan Rows": 1,                                                                                          
                                                   "Plan Width": 45,                                                                                        
                                                   "Actual Startup Time": 10456.652,                                                                        
                                                   "Actual Total Time": 10456.681,                                                                          
                                                   "Actual Rows": 95,                                                                                       
                                                   "Actual Loops": 1,                                                                                       
                                                   "Inner Unique": true,                                                                                    
                                                   "Merge Cond": "(ml.link_type_id = lt.id)",                                                               
                                                   "Shared Hit Blocks": 11,                                                                                 
                                                   "Shared Read Blocks": 198776,                                                                            
                                                   "Shared Dirtied Blocks": 0,                                                                              
                                                   "Shared Written Blocks": 0,                                                                              
                                                   "Local Hit Blocks": 0,                                                                                   
                                                   "Local Read Blocks": 0,                                                                                  
                                                   "Local Dirtied Blocks": 0,                                                                               
                                                   "Local Written Blocks": 0,                                                                               
                                                   "Temp Read Blocks": 0,                                                                                   
                                                   "Temp Written Blocks": 0,                                                                                
                                                   "Plans": [                                                                                               
                                                     {                                                                                                      
                                                       "Node Type": "Sort",                                                                                 
                                                       "Parent Relationship": "Outer",                                                                      
                                                       "Parallel Aware": false,                                                                             
                                                       "Startup Cost": 10848.42,                                                                            
                                                       "Total Cost": 10848.42,                                                                              
                                                       "Plan Rows": 1,                                                                                      
                                                       "Plan Width": 37,                                                                                    
                                                       "Actual Startup Time": 10456.628,                                                                    
                                                       "Actual Total Time": 10456.633,                                                                      
                                                       "Actual Rows": 95,                                                                                   
                                                       "Actual Loops": 1,                                                                                   
                                                       "Sort Key": ["ml.link_type_id"],                                                                     
                                                       "Sort Method": "quicksort",                                                                          
                                                       "Sort Space Used": 32,                                                                               
                                                       "Sort Space Type": "Memory",                                                                         
                                                       "Shared Hit Blocks": 10,                                                                             
                                                       "Shared Read Blocks": 198776,                                                                        
                                                       "Shared Dirtied Blocks": 0,                                                                          
                                                       "Shared Written Blocks": 0,                                                                          
                                                       "Local Hit Blocks": 0,                                                                               
                                                       "Local Read Blocks": 0,                                                                              
                                                       "Local Dirtied Blocks": 0,                                                                           
                                                       "Local Written Blocks": 0,                                                                           
                                                       "Temp Read Blocks": 0,                                                                               
                                                       "Temp Written Blocks": 0,                                                                            
                                                       "Plans": [                                                                                           
                                                         {                                                                                                  
                                                           "Node Type": "Merge Join",                                                                       
                                                           "Parent Relationship": "Outer",                                                                  
                                                           "Parallel Aware": false,                                                                         
                                                           "Join Type": "Inner",                                                                            
                                                           "Startup Cost": 10848.42,                                                                        
                                                           "Total Cost": 10848.42,                                                                          
                                                           "Plan Rows": 1,                                                                                  
                                                           "Plan Width": 37,                                                                                
                                                           "Actual Startup Time": 10456.579,                                                                
                                                           "Actual Total Time": 10456.604,                                                                  
                                                           "Actual Rows": 95,                                                                               
                                                           "Actual Loops": 1,                                                                               
                                                           "Inner Unique": false,                                                                           
                                                           "Merge Cond": "(cct2.id = cc.status_id)",                                                        
                                                           "Shared Hit Blocks": 10,                                                                         
                                                           "Shared Read Blocks": 198776,                                                                    
                                                           "Shared Dirtied Blocks": 0,                                                                      
                                                           "Shared Written Blocks": 0,                                                                      
                                                           "Local Hit Blocks": 0,                                                                           
                                                           "Local Read Blocks": 0,                                                                          
                                                           "Local Dirtied Blocks": 0,                                                                       
                                                           "Local Written Blocks": 0,                                                                       
                                                           "Temp Read Blocks": 0,                                                                           
                                                           "Temp Written Blocks": 0,                                                                        
                                                           "Plans": [                                                                                       
                                                             {                                                                                              
                                                               "Node Type": "Sort",                                                                         
                                                               "Parent Relationship": "Outer",                                                              
                                                               "Parallel Aware": false,                                                                     
                                                               "Startup Cost": 0.03,                                                                        
                                                               "Total Cost": 0.03,                                                                          
                                                               "Plan Rows": 1,                                                                              
                                                               "Plan Width": 4,                                                                             
                                                               "Actual Startup Time": 0.010,                                                                
                                                               "Actual Total Time": 0.011,                                                                  
                                                               "Actual Rows": 1,                                                                            
                                                               "Actual Loops": 1,                                                                           
                                                               "Sort Key": ["cct2.id"],                                                                     
                                                               "Sort Method": "quicksort",                                                                  
                                                               "Sort Space Used": 25,                                                                       
                                                               "Sort Space Type": "Memory",                                                                 
                                                               "Shared Hit Blocks": 1,                                                                      
                                                               "Shared Read Blocks": 0,                                                                     
                                                               "Shared Dirtied Blocks": 0,                                                                  
                                                               "Shared Written Blocks": 0,                                                                  
                                                               "Local Hit Blocks": 0,                                                                       
                                                               "Local Read Blocks": 0,                                                                      
                                                               "Local Dirtied Blocks": 0,                                                                   
                                                               "Local Written Blocks": 0,                                                                   
                                                               "Temp Read Blocks": 0,                                                                       
                                                               "Temp Written Blocks": 0,                                                                    
                                                               "Plans": [                                                                                   
                                                                 {                                                                                          
                                                                   "Node Type": "Seq Scan",                                                                 
                                                                   "Parent Relationship": "Outer",                                                          
                                                                   "Parallel Aware": false,                                                                 
                                                                   "Relation Name": "comp_cast_type",                                                       
                                                                   "Alias": "cct2",                                                                         
                                                                   "Startup Cost": 0.00,                                                                    
                                                                   "Total Cost": 0.03,                                                                      
                                                                   "Plan Rows": 1,                                                                          
                                                                   "Plan Width": 4,                                                                         
                                                                   "Actual Startup Time": 0.008,                                                            
                                                                   "Actual Total Time": 0.009,                                                              
                                                                   "Actual Rows": 1,                                                                        
                                                                   "Actual Loops": 1,                                                                       
                                                                   "Filter": "((kind)::text = 'complete'::text)",                                           
                                                                   "Rows Removed by Filter": 3,                                                             
                                                                   "Shared Hit Blocks": 1,                                                                  
                                                                   "Shared Read Blocks": 0,                                                                 
                                                                   "Shared Dirtied Blocks": 0,                                                              
                                                                   "Shared Written Blocks": 0,                                                              
                                                                   "Local Hit Blocks": 0,                                                                   
                                                                   "Local Read Blocks": 0,                                                                  
                                                                   "Local Dirtied Blocks": 0,                                                               
                                                                   "Local Written Blocks": 0,                                                               
                                                                   "Temp Read Blocks": 0,                                                                   
                                                                   "Temp Written Blocks": 0                                                                 
                                                                 }                                                                                          
                                                               ]                                                                                            
                                                             },                                                                                             
                                                             {                                                                                              
                                                               "Node Type": "Sort",                                                                         
                                                               "Parent Relationship": "Inner",                                                              
                                                               "Parallel Aware": false,                                                                     
                                                               "Startup Cost": 10848.39,                                                                    
                                                               "Total Cost": 10848.39,                                                                      
                                                               "Plan Rows": 1,                                                                              
                                                               "Plan Width": 41,                                                                            
                                                               "Actual Startup Time": 10456.565,                                                            
                                                               "Actual Total Time": 10456.569,                                                              
                                                               "Actual Rows": 96,                                                                           
                                                               "Actual Loops": 1,                                                                           
                                                               "Sort Key": ["cc.status_id"],                                                                
                                                               "Sort Method": "quicksort",                                                                  
                                                               "Sort Space Used": 36,                                                                       
                                                               "Sort Space Type": "Memory",                                                                 
                                                               "Shared Hit Blocks": 9,                                                                      
                                                               "Shared Read Blocks": 198776,                                                                
                                                               "Shared Dirtied Blocks": 0,                                                                  
                                                               "Shared Written Blocks": 0,                                                                  
                                                               "Local Hit Blocks": 0,                                                                       
                                                               "Local Read Blocks": 0,                                                                      
                                                               "Local Dirtied Blocks": 0,                                                                   
                                                               "Local Written Blocks": 0,                                                                   
                                                               "Temp Read Blocks": 0,                                                                       
                                                               "Temp Written Blocks": 0,                                                                    
                                                               "Plans": [                                                                                   
                                                                 {                                                                                          
                                                                   "Node Type": "Merge Join",                                                               
                                                                   "Parent Relationship": "Outer",                                                          
                                                                   "Parallel Aware": false,                                                                 
                                                                   "Join Type": "Inner",                                                                    
                                                                   "Startup Cost": 10848.39,                                                                
                                                                   "Total Cost": 10848.39,                                                                  
                                                                   "Plan Rows": 1,                                                                          
                                                                   "Plan Width": 41,                                                                        
                                                                   "Actual Startup Time": 10456.475,                                                        
                                                                   "Actual Total Time": 10456.519,                                                          
                                                                   "Actual Rows": 152,                                                                      
                                                                   "Actual Loops": 1,                                                                       
                                                                   "Inner Unique": false,                                                                   
                                                                   "Merge Cond": "(cct1.id = cc.subject_id)",                                               
                                                                   "Shared Hit Blocks": 9,                                                                  
                                                                   "Shared Read Blocks": 198776,                                                            
                                                                   "Shared Dirtied Blocks": 0,                                                              
                                                                   "Shared Written Blocks": 0,                                                              
                                                                   "Local Hit Blocks": 0,                                                                   
                                                                   "Local Read Blocks": 0,                                                                  
                                                                   "Local Dirtied Blocks": 0,                                                               
                                                                   "Local Written Blocks": 0,                                                               
                                                                   "Temp Read Blocks": 0,                                                                   
                                                                   "Temp Written Blocks": 0,                                                                
                                                                   "Plans": [                                                                               
                                                                     {                                                                                      
                                                                       "Node Type": "Sort",                                                                 
                                                                       "Parent Relationship": "Outer",                                                      
                                                                       "Parallel Aware": false,                                                             
                                                                       "Startup Cost": 0.03,                                                                
                                                                       "Total Cost": 0.03,                                                                  
                                                                       "Plan Rows": 2,                                                                      
                                                                       "Plan Width": 4,                                                                     
                                                                       "Actual Startup Time": 0.007,                                                        
                                                                       "Actual Total Time": 0.008,                                                          
                                                                       "Actual Rows": 2,                                                                    
                                                                       "Actual Loops": 1,                                                                   
                                                                       "Sort Key": ["cct1.id"],                                                             
                                                                       "Sort Method": "quicksort",                                                          
                                                                       "Sort Space Used": 25,                                                               
                                                                       "Sort Space Type": "Memory",                                                         
                                                                       "Shared Hit Blocks": 1,                                                              
                                                                       "Shared Read Blocks": 0,                                                             
                                                                       "Shared Dirtied Blocks": 0,                                                          
                                                                       "Shared Written Blocks": 0,                                                          
                                                                       "Local Hit Blocks": 0,                                                               
                                                                       "Local Read Blocks": 0,                                                              
                                                                       "Local Dirtied Blocks": 0,                                                           
                                                                       "Local Written Blocks": 0,                                                           
                                                                       "Temp Read Blocks": 0,                                                               
                                                                       "Temp Written Blocks": 0,                                                            
                                                                       "Plans": [                                                                           
                                                                         {                                                                                  
                                                                           "Node Type": "Seq Scan",                                                         
                                                                           "Parent Relationship": "Outer",                                                  
                                                                           "Parallel Aware": false,                                                         
                                                                           "Relation Name": "comp_cast_type",                                               
                                                                           "Alias": "cct1",                                                                 
                                                                           "Startup Cost": 0.00,                                                            
                                                                           "Total Cost": 0.03,                                                              
                                                                           "Plan Rows": 2,                                                                  
                                                                           "Plan Width": 4,                                                                 
                                                                           "Actual Startup Time": 0.004,                                                    
                                                                           "Actual Total Time": 0.005,                                                      
                                                                           "Actual Rows": 2,                                                                
                                                                           "Actual Loops": 1,                                                               
                                                                           "Filter": "((kind)::text = ANY ('{cast,crew}'::text[]))",                        
                                                                           "Rows Removed by Filter": 2,                                                     
                                                                           "Shared Hit Blocks": 1,                                                          
                                                                           "Shared Read Blocks": 0,                                                         
                                                                           "Shared Dirtied Blocks": 0,                                                      
                                                                           "Shared Written Blocks": 0,                                                      
                                                                           "Local Hit Blocks": 0,                                                           
                                                                           "Local Read Blocks": 0,                                                          
                                                                           "Local Dirtied Blocks": 0,                                                       
                                                                           "Local Written Blocks": 0,                                                       
                                                                           "Temp Read Blocks": 0,                                                           
                                                                           "Temp Written Blocks": 0                                                         
                                                                         }                                                                                  
                                                                       ]                                                                                    
                                                                     },                                                                                     
                                                                     {                                                                                      
                                                                       "Node Type": "Sort",                                                                 
                                                                       "Parent Relationship": "Inner",                                                      
                                                                       "Parallel Aware": false,                                                             
                                                                       "Startup Cost": 10848.36,                                                            
                                                                       "Total Cost": 10848.36,                                                              
                                                                       "Plan Rows": 2,                                                                      
                                                                       "Plan Width": 45,                                                                    
                                                                       "Actual Startup Time": 10456.463,                                                    
                                                                       "Actual Total Time": 10456.470,                                                      
                                                                       "Actual Rows": 152,                                                                  
                                                                       "Actual Loops": 1,                                                                   
                                                                       "Sort Key": ["cc.subject_id"],                                                       
                                                                       "Sort Method": "quicksort",                                                          
                                                                       "Sort Space Used": 36,                                                               
                                                                       "Sort Space Type": "Memory",                                                         
                                                                       "Shared Hit Blocks": 8,                                                              
                                                                       "Shared Read Blocks": 198776,                                                        
                                                                       "Shared Dirtied Blocks": 0,                                                          
                                                                       "Shared Written Blocks": 0,                                                          
                                                                       "Local Hit Blocks": 0,                                                               
                                                                       "Local Read Blocks": 0,                                                              
                                                                       "Local Dirtied Blocks": 0,                                                           
                                                                       "Local Written Blocks": 0,                                                           
                                                                       "Temp Read Blocks": 0,                                                               
                                                                       "Temp Written Blocks": 0,                                                            
                                                                       "Plans": [                                                                           
                                                                         {                                                                                  
                                                                           "Node Type": "Merge Join",                                                       
                                                                           "Parent Relationship": "Outer",                                                  
                                                                           "Parallel Aware": false,                                                         
                                                                           "Join Type": "Inner",                                                            
                                                                           "Startup Cost": 10841.42,                                                        
                                                                           "Total Cost": 10848.36,                                                          
                                                                           "Plan Rows": 2,                                                                  
                                                                           "Plan Width": 45,                                                                
                                                                           "Actual Startup Time": 10455.267,                                                
                                                                           "Actual Total Time": 10456.413,                                                  
                                                                           "Actual Rows": 152,                                                              
                                                                           "Actual Loops": 1,                                                               
                                                                           "Inner Unique": false,                                                           
                                                                           "Merge Cond": "(ml.movie_id = cc.movie_id)",                                     
                                                                           "Shared Hit Blocks": 8,                                                          
                                                                           "Shared Read Blocks": 198776,                                                    
                                                                           "Shared Dirtied Blocks": 0,                                                      
                                                                           "Shared Written Blocks": 0,                                                      
                                                                           "Local Hit Blocks": 0,                                                           
                                                                           "Local Read Blocks": 0,                                                          
                                                                           "Local Dirtied Blocks": 0,                                                       
                                                                           "Local Written Blocks": 0,                                                       
                                                                           "Temp Read Blocks": 0,                                                           
                                                                           "Temp Written Blocks": 0,                                                        
                                                                           "Plans": [                                                                       
                                                                             {                                                                              
                                                                               "Node Type": "Merge Join",                                                   
                                                                               "Parent Relationship": "Outer",                                              
                                                                               "Parallel Aware": false,                                                     
                                                                               "Join Type": "Inner",                                                        
                                                                               "Startup Cost": 10451.64,                                                    
                                                                               "Total Cost": 10457.65,                                                      
                                                                               "Plan Rows": 29,                                                             
                                                                               "Plan Width": 33,                                                            
                                                                               "Actual Startup Time": 10370.313,                                            
                                                                               "Actual Total Time": 10374.514,                                              
                                                                               "Actual Rows": 308,                                                          
                                                                               "Actual Loops": 1,                                                           
                                                                               "Inner Unique": false,                                                       
                                                                               "Merge Cond": "(ml.movie_id = mi.movie_id)",                                 
                                                                               "Shared Hit Blocks": 6,                                                      
                                                                               "Shared Read Blocks": 198047,                                                
                                                                               "Shared Dirtied Blocks": 0,                                                  
                                                                               "Shared Written Blocks": 0,                                                  
                                                                               "Local Hit Blocks": 0,                                                       
                                                                               "Local Read Blocks": 0,                                                      
                                                                               "Local Dirtied Blocks": 0,                                                   
                                                                               "Local Written Blocks": 0,                                                   
                                                                               "Temp Read Blocks": 0,                                                       
                                                                               "Temp Written Blocks": 0,                                                    
                                                                               "Plans": [                                                                   
                                                                                 {                                                                          
                                                                                   "Node Type": "Merge Join",                                               
                                                                                   "Parent Relationship": "Outer",                                          
                                                                                   "Parallel Aware": false,                                                 
                                                                                   "Join Type": "Inner",                                                    
                                                                                   "Startup Cost": 1688.89,                                                 
                                                                                   "Total Cost": 1694.12,                                                   
                                                                                   "Plan Rows": 553,                                                        
                                                                                   "Plan Width": 29,                                                        
                                                                                   "Actual Startup Time": 1788.456,                                         
                                                                                   "Actual Total Time": 1794.204,                                           
                                                                                   "Actual Rows": 348,                                                      
                                                                                   "Actual Loops": 1,                                                       
                                                                                   "Inner Unique": true,                                                    
                                                                                   "Merge Cond": "(ml.movie_id = t.id)",                                    
                                                                                   "Shared Hit Blocks": 4,                                                  
                                                                                   "Shared Read Blocks": 36157,                                             
                                                                                   "Shared Dirtied Blocks": 0,                                              
                                                                                   "Shared Written Blocks": 0,                                              
                                                                                   "Local Hit Blocks": 0,                                                   
                                                                                   "Local Read Blocks": 0,                                                  
                                                                                   "Local Dirtied Blocks": 0,                                               
                                                                                   "Local Written Blocks": 0,                                               
                                                                                   "Temp Read Blocks": 0,                                                   
                                                                                   "Temp Written Blocks": 0,                                                
                                                                                   "Plans": [                                                               
                                                                                     {                                                                      
                                                                                       "Node Type": "Sort",                                                 
                                                                                       "Parent Relationship": "Outer",                                      
                                                                                       "Parallel Aware": false,                                             
                                                                                       "Startup Cost": 76.46,                                               
                                                                                       "Total Cost": 78.79,                                                 
                                                                                       "Plan Rows": 29997,                                                  
                                                                                       "Plan Width": 8,                                                     
                                                                                       "Actual Startup Time": 51.425,                                       
                                                                                       "Actual Total Time": 52.972,                                         
                                                                                       "Actual Rows": 29997,                                                
                                                                                       "Actual Loops": 1,                                                   
                                                                                       "Sort Key": ["ml.movie_id"],                                         
                                                                                       "Sort Method": "quicksort",                                          
                                                                                       "Sort Space Used": 2175,                                             
                                                                                       "Sort Space Type": "Memory",                                         
                                                                                       "Shared Hit Blocks": 2,                                              
                                                                                       "Shared Read Blocks": 161,                                           
                                                                                       "Shared Dirtied Blocks": 0,                                          
                                                                                       "Shared Written Blocks": 0,                                          
                                                                                       "Local Hit Blocks": 0,                                               
                                                                                       "Local Read Blocks": 0,                                              
                                                                                       "Local Dirtied Blocks": 0,                                           
                                                                                       "Local Written Blocks": 0,                                           
                                                                                       "Temp Read Blocks": 0,                                               
                                                                                       "Temp Written Blocks": 0,                                            
                                                                                       "Plans": [                                                           
                                                                                         {                                                                  
                                                                                           "Node Type": "Seq Scan",                                         
                                                                                           "Parent Relationship": "Outer",                                  
                                                                                           "Parallel Aware": false,                                         
                                                                                           "Relation Name": "movie_link",                                   
                                                                                           "Alias": "ml",                                                   
                                                                                           "Startup Cost": 0.00,                                            
                                                                                           "Total Cost": 7.19,                                              
                                                                                           "Plan Rows": 29997,                                              
                                                                                           "Plan Width": 8,                                                 
                                                                                           "Actual Startup Time": 0.007,                                    
                                                                                           "Actual Total Time": 32.912,                                     
                                                                                           "Actual Rows": 29997,                                            
                                                                                           "Actual Loops": 1,                                               
                                                                                           "Shared Hit Blocks": 2,                                          
                                                                                           "Shared Read Blocks": 161,                                       
                                                                                           "Shared Dirtied Blocks": 0,                                      
                                                                                           "Shared Written Blocks": 0,                                      
                                                                                           "Local Hit Blocks": 0,                                           
                                                                                           "Local Read Blocks": 0,                                          
                                                                                           "Local Dirtied Blocks": 0,                                       
                                                                                           "Local Written Blocks": 0,                                       
                                                                                           "Temp Read Blocks": 0,                                           
                                                                                           "Temp Written Blocks": 0                                         
                                                                                         }                                                                  
                                                                                       ]                                                                    
                                                                                     },                                                                     
                                                                                     {                                                                      
                                                                                       "Node Type": "Sort",                                                 
                                                                                       "Parent Relationship": "Inner",                                      
                                                                                       "Parallel Aware": false,                                             
                                                                                       "Startup Cost": 1612.43,                                             
                                                                                       "Total Cost": 1616.05,                                               
                                                                                       "Plan Rows": 46583,                                                  
                                                                                       "Plan Width": 21,                                                    
                                                                                       "Actual Startup Time": 1736.925,                                     
                                                                                       "Actual Total Time": 1737.447,                                       
                                                                                       "Actual Rows": 4216,                                                 
                                                                                       "Actual Loops": 1,                                                   
                                                                                       "Sort Key": ["t.id"],                                                
                                                                                       "Sort Method": "quicksort",                                          
                                                                                       "Sort Space Used": 4813,                                             
                                                                                       "Sort Space Type": "Memory",                                         
                                                                                       "Shared Hit Blocks": 2,                                              
                                                                                       "Shared Read Blocks": 35996,                                         
                                                                                       "Shared Dirtied Blocks": 0,                                          
                                                                                       "Shared Written Blocks": 0,                                          
                                                                                       "Local Hit Blocks": 0,                                               
                                                                                       "Local Read Blocks": 0,                                              
                                                                                       "Local Dirtied Blocks": 0,                                           
                                                                                       "Local Written Blocks": 0,                                           
                                                                                       "Temp Read Blocks": 0,                                               
                                                                                       "Temp Written Blocks": 0,                                            
                                                                                       "Plans": [                                                           
                                                                                         {                                                                  
                                                                                           "Node Type": "Seq Scan",                                         
                                                                                           "Parent Relationship": "Outer",                                  
                                                                                           "Parallel Aware": false,                                         
                                                                                           "Relation Name": "title",                                        
                                                                                           "Alias": "t",                                                    
                                                                                           "Startup Cost": 0.00,                                            
                                                                                           "Total Cost": 1500.26,                                           
                                                                                           "Plan Rows": 46583,                                              
                                                                                           "Plan Width": 21,                                                
                                                                                           "Actual Startup Time": 21.244,                                   
                                                                                           "Actual Total Time": 1702.411,                                   
                                                                                           "Actual Rows": 46583,                                            
                                                                                           "Actual Loops": 1,                                               
                                                                                           "Filter": "(production_year = 1998)",                            
                                                                                           "Rows Removed by Filter": 2481729,                               
                                                                                           "Shared Hit Blocks": 2,                                          
                                                                                           "Shared Read Blocks": 35996,                                     
                                                                                           "Shared Dirtied Blocks": 0,                                      
                                                                                           "Shared Written Blocks": 0,                                      
                                                                                           "Local Hit Blocks": 0,                                           
                                                                                           "Local Read Blocks": 0,                                          
                                                                                           "Local Dirtied Blocks": 0,                                       
                                                                                           "Local Written Blocks": 0,                                       
                                                                                           "Temp Read Blocks": 0,                                           
                                                                                           "Temp Written Blocks": 0                                         
                                                                                         }                                                                  
                                                                                       ]                                                                    
                                                                                     }                                                                      
                                                                                   ]                                                                        
                                                                                 },                                                                         
                                                                                 {                                                                          
                                                                                   "Node Type": "Sort",                                                     
                                                                                   "Parent Relationship": "Inner",                                          
                                                                                   "Parallel Aware": false,                                                 
                                                                                   "Startup Cost": 8762.75,                                                 
                                                                                   "Total Cost": 8773.17,                                                   
                                                                                   "Plan Rows": 134293,                                                     
                                                                                   "Plan Width": 4,                                                         
                                                                                   "Actual Startup Time": 8579.721,                                         
                                                                                   "Actual Total Time": 8579.897,                                           
                                                                                   "Actual Rows": 3538,                                                     
                                                                                   "Actual Loops": 1,                                                       
                                                                                   "Sort Key": ["mi.movie_id"],                                             
                                                                                   "Sort Method": "quicksort",                                              
                                                                                   "Sort Space Used": 12437,                                                
                                                                                   "Sort Space Type": "Memory",                                             
                                                                                   "Shared Hit Blocks": 2,                                                  
                                                                                   "Shared Read Blocks": 161890,                                            
                                                                                   "Shared Dirtied Blocks": 0,                                              
                                                                                   "Shared Written Blocks": 0,                                              
                                                                                   "Local Hit Blocks": 0,                                                   
                                                                                   "Local Read Blocks": 0,                                                  
                                                                                   "Local Dirtied Blocks": 0,                                               
                                                                                   "Local Written Blocks": 0,                                               
                                                                                   "Temp Read Blocks": 0,                                                   
                                                                                   "Temp Written Blocks": 0,                                                
                                                                                   "Plans": [                                                               
                                                                                     {                                                                      
                                                                                       "Node Type": "Seq Scan",                                             
                                                                                       "Parent Relationship": "Outer",                                      
                                                                                       "Parallel Aware": false,                                             
                                                                                       "Relation Name": "movie_info",                                       
                                                                                       "Alias": "mi",                                                       
                                                                                       "Startup Cost": 0.00,                                                
                                                                                       "Total Cost": 8407.52,                                               
                                                                                       "Plan Rows": 134293,                                                 
                                                                                       "Plan Width": 4,                                                     
                                                                                       "Actual Startup Time": 7.541,                                        
                                                                                       "Actual Total Time": 8528.643,                                       
                                                                                       "Actual Rows": 134239,                                               
                                                                                       "Actual Loops": 1,                                                   
                                                                                       "Filter": "(info = ANY ('{Sweden,Germany,Swedish,German}'::text[]))",
                                                                                       "Rows Removed by Filter": 14701481,                                  
                                                                                       "Shared Hit Blocks": 2,                                              
                                                                                       "Shared Read Blocks": 161890,                                        
                                                                                       "Shared Dirtied Blocks": 0,                                          
                                                                                       "Shared Written Blocks": 0,                                          
                                                                                       "Local Hit Blocks": 0,                                               
                                                                                       "Local Read Blocks": 0,                                              
                                                                                       "Local Dirtied Blocks": 0,                                           
                                                                                       "Local Written Blocks": 0,                                           
                                                                                       "Temp Read Blocks": 0,                                               
                                                                                       "Temp Written Blocks": 0                                             
                                                                                     }                                                                      
                                                                                   ]                                                                        
                                                                                 }                                                                          
                                                                               ]                                                                            
                                                                             },                                                                             
                                                                             {                                                                              
                                                                               "Node Type": "Sort",                                                         
                                                                               "Parent Relationship": "Inner",                                              
                                                                               "Parallel Aware": false,                                                     
                                                                               "Startup Cost": 389.78,                                                      
                                                                               "Total Cost": 400.26,                                                        
                                                                               "Plan Rows": 135086,                                                         
                                                                               "Plan Width": 12,                                                            
                                                                               "Actual Startup Time": 81.113,                                               
                                                                               "Actual Total Time": 81.382,                                                 
                                                                               "Actual Rows": 4854,                                                         
                                                                               "Actual Loops": 1,                                                           
                                                                               "Sort Key": ["cc.movie_id"],                                                 
                                                                               "Sort Method": "quicksort",                                                  
                                                                               "Sort Space Used": 12477,                                                    
                                                                               "Sort Space Type": "Memory",                                                 
                                                                               "Shared Hit Blocks": 2,                                                      
                                                                               "Shared Read Blocks": 729,                                                   
                                                                               "Shared Dirtied Blocks": 0,                                                  
                                                                               "Shared Written Blocks": 0,                                                  
                                                                               "Local Hit Blocks": 0,                                                       
                                                                               "Local Read Blocks": 0,                                                      
                                                                               "Local Dirtied Blocks": 0,                                                   
                                                                               "Local Written Blocks": 0,                                                   
                                                                               "Temp Read Blocks": 0,                                                       
                                                                               "Temp Written Blocks": 0,                                                    
                                                                               "Plans": [                                                                   
                                                                                 {                                                                          
                                                                                   "Node Type": "Seq Scan",                                                 
                                                                                   "Parent Relationship": "Outer",                                          
                                                                                   "Parallel Aware": false,                                                 
                                                                                   "Relation Name": "complete_cast",                                        
                                                                                   "Alias": "cc",                                                           
                                                                                   "Startup Cost": 0.00,                                                    
                                                                                   "Total Cost": 32.27,                                                     
                                                                                   "Plan Rows": 135086,                                                     
                                                                                   "Plan Width": 12,                                                        
                                                                                   "Actual Startup Time": 8.108,                                            
                                                                                   "Actual Total Time": 33.439,                                             
                                                                                   "Actual Rows": 135086,                                                   
                                                                                   "Actual Loops": 1,                                                       
                                                                                   "Shared Hit Blocks": 2,                                                  
                                                                                   "Shared Read Blocks": 729,                                               
                                                                                   "Shared Dirtied Blocks": 0,                                              
                                                                                   "Shared Written Blocks": 0,                                              
                                                                                   "Local Hit Blocks": 0,                                                   
                                                                                   "Local Read Blocks": 0,                                                  
                                                                                   "Local Dirtied Blocks": 0,                                               
                                                                                   "Local Written Blocks": 0,                                               
                                                                                   "Temp Read Blocks": 0,                                                   
                                                                                   "Temp Written Blocks": 0                                                 
                                                                                 }                                                                          
                                                                               ]                                                                            
                                                                             }                                                                              
                                                                           ]                                                                                
                                                                         }                                                                                  
                                                                       ]                                                                                    
                                                                     }                                                                                      
                                                                   ]                                                                                        
                                                                 }                                                                                          
                                                               ]                                                                                            
                                                             }                                                                                              
                                                           ]                                                                                                
                                                         }                                                                                                  
                                                       ]                                                                                                    
                                                     },                                                                                                     
                                                     {                                                                                                      
                                                       "Node Type": "Sort",                                                                                 
                                                       "Parent Relationship": "Inner",                                                                      
                                                       "Parallel Aware": false,                                                                             
                                                       "Startup Cost": 0.03,                                                                                
                                                       "Total Cost": 0.03,                                                                                  
                                                       "Plan Rows": 1,                                                                                      
                                                       "Plan Width": 16,                                                                                    
                                                       "Actual Startup Time": 0.021,                                                                        
                                                       "Actual Total Time": 0.021,                                                                          
                                                       "Actual Rows": 2,                                                                                    
                                                       "Actual Loops": 1,                                                                                   
                                                       "Sort Key": ["lt.id"],                                                                               
                                                       "Sort Method": "quicksort",                                                                          
                                                       "Sort Space Used": 25,                                                                               
                                                       "Sort Space Type": "Memory",                                                                         
                                                       "Shared Hit Blocks": 1,                                                                              
                                                       "Shared Read Blocks": 0,                                                                             
                                                       "Shared Dirtied Blocks": 0,                                                                          
                                                       "Shared Written Blocks": 0,                                                                          
                                                       "Local Hit Blocks": 0,                                                                               
                                                       "Local Read Blocks": 0,                                                                              
                                                       "Local Dirtied Blocks": 0,                                                                           
                                                       "Local Written Blocks": 0,                                                                           
                                                       "Temp Read Blocks": 0,                                                                               
                                                       "Temp Written Blocks": 0,                                                                            
                                                       "Plans": [                                                                                           
                                                         {                                                                                                  
                                                           "Node Type": "Seq Scan",                                                                         
                                                           "Parent Relationship": "Outer",                                                                  
                                                           "Parallel Aware": false,                                                                         
                                                           "Relation Name": "link_type",                                                                    
                                                           "Alias": "lt",                                                                                   
                                                           "Startup Cost": 0.00,                                                                            
                                                           "Total Cost": 0.03,                                                                              
                                                           "Plan Rows": 1,                                                                                  
                                                           "Plan Width": 16,                                                                                
                                                           "Actual Startup Time": 0.010,                                                                    
                                                           "Actual Total Time": 0.014,                                                                      
                                                           "Actual Rows": 2,                                                                                
                                                           "Actual Loops": 1,                                                                               
                                                           "Filter": "((link)::text ~~ '%follow%'::text)",                                                  
                                                           "Rows Removed by Filter": 16,                                                                    
                                                           "Shared Hit Blocks": 1,                                                                          
                                                           "Shared Read Blocks": 0,                                                                         
                                                           "Shared Dirtied Blocks": 0,                                                                      
                                                           "Shared Written Blocks": 0,                                                                      
                                                           "Local Hit Blocks": 0,                                                                           
                                                           "Local Read Blocks": 0,                                                                          
                                                           "Local Dirtied Blocks": 0,                                                                       
                                                           "Local Written Blocks": 0,                                                                       
                                                           "Temp Read Blocks": 0,                                                                           
                                                           "Temp Written Blocks": 0                                                                         
                                                         }                                                                                                  
                                                       ]                                                                                                    
                                                     }                                                                                                      
                                                   ]                                                                                                        
                                                 }                                                                                                          
                                               ]                                                                                                            
                                             },                                                                                                             
                                             {                                                                                                              
                                               "Node Type": "Sort",                                                                                         
                                               "Parent Relationship": "Inner",                                                                              
                                               "Parallel Aware": false,                                                                                     
                                               "Startup Cost": 4775.07,                                                                                     
                                               "Total Cost": 4873.82,                                                                                       
                                               "Plan Rows": 1271989,                                                                                        
                                               "Plan Width": 12,                                                                                            
                                               "Actual Startup Time": 1266.522,                                                                             
                                               "Actual Total Time": 1268.053,                                                                               
                                               "Actual Rows": 34024,                                                                                        
                                               "Actual Loops": 1,                                                                                           
                                               "Sort Key": ["mc.movie_id"],                                                                                 
                                               "Sort Method": "quicksort",                                                                                  
                                               "Sort Space Used": 108777,                                                                                   
                                               "Sort Space Type": "Memory",                                                                                 
                                               "Shared Hit Blocks": 3,                                                                                      
                                               "Shared Read Blocks": 18786,                                                                                 
                                               "Shared Dirtied Blocks": 0,                                                                                  
                                               "Shared Written Blocks": 0,                                                                                  
                                               "Local Hit Blocks": 0,                                                                                       
                                               "Local Read Blocks": 0,                                                                                      
                                               "Local Dirtied Blocks": 0,                                                                                   
                                               "Local Written Blocks": 0,                                                                                   
                                               "Temp Read Blocks": 0,                                                                                       
                                               "Temp Written Blocks": 0,                                                                                    
                                               "Plans": [                                                                                                   
                                                 {                                                                                                          
                                                   "Node Type": "Seq Scan",                                                                                 
                                                   "Parent Relationship": "Outer",                                                                          
                                                   "Parallel Aware": false,                                                                                 
                                                   "Relation Name": "movie_companies",                                                                      
                                                   "Alias": "mc",                                                                                           
                                                   "Startup Cost": 0.00,                                                                                    
                                                   "Total Cost": 769.75,                                                                                    
                                                   "Plan Rows": 1271989,                                                                                    
                                                   "Plan Width": 12,                                                                                        
                                                   "Actual Startup Time": 0.021,                                                                            
                                                   "Actual Total Time": 797.559,                                                                            
                                                   "Actual Rows": 1271989,                                                                                  
                                                   "Actual Loops": 1,                                                                                       
                                                   "Filter": "(note IS NULL)",                                                                              
                                                   "Rows Removed by Filter": 1337140,                                                                       
                                                   "Shared Hit Blocks": 3,                                                                                  
                                                   "Shared Read Blocks": 18786,                                                                             
                                                   "Shared Dirtied Blocks": 0,                                                                              
                                                   "Shared Written Blocks": 0,                                                                              
                                                   "Local Hit Blocks": 0,                                                                                   
                                                   "Local Read Blocks": 0,                                                                                  
                                                   "Local Dirtied Blocks": 0,                                                                               
                                                   "Local Written Blocks": 0,                                                                               
                                                   "Temp Read Blocks": 0,                                                                                   
                                                   "Temp Written Blocks": 0                                                                                 
                                                 }                                                                                                          
                                               ]                                                                                                            
                                             }                                                                                                              
                                           ]                                                                                                                
                                         }                                                                                                                  
                                       ]                                                                                                                    
                                     }                                                                                                                      
                                   ]                                                                                                                        
                                 }                                                                                                                          
                               ]                                                                                                                            
                             }                                                                                                                              
                           ]                                                                                                                                
                         }                                                                                                                                  
                       ]                                                                                                                                    
                     },                                                                                                                                     
                     {                                                                                                                                      
                       "Node Type": "Sort",                                                                                                                 
                       "Parent Relationship": "Inner",                                                                                                      
                       "Parallel Aware": false,                                                                                                             
                       "Startup Cost": 16610.92,                                                                                                            
                       "Total Cost": 16962.16,                                                                                                              
                       "Plan Rows": 4523930,                                                                                                                
                       "Plan Width": 8,                                                                                                                     
                       "Actual Startup Time": 2135.250,                                                                                                     
                       "Actual Total Time": 2138.635,                                                                                                       
                       "Actual Rows": 71336,                                                                                                                
                       "Actual Loops": 1,                                                                                                                   
                       "Sort Key": ["mk.movie_id"],                                                                                                         
                       "Sort Method": "quicksort",                                                                                                          
                       "Sort Space Used": 408668,                                                                                                           
                       "Sort Space Type": "Memory",                                                                                                         
                       "Shared Hit Blocks": 3,                                                                                                              
                       "Shared Read Blocks": 24451,                                                                                                         
                       "Shared Dirtied Blocks": 0,                                                                                                          
                       "Shared Written Blocks": 0,                                                                                                          
                       "Local Hit Blocks": 0,                                                                                                               
                       "Local Read Blocks": 0,                                                                                                              
                       "Local Dirtied Blocks": 0,                                                                                                           
                       "Local Written Blocks": 0,                                                                                                           
                       "Temp Read Blocks": 0,                                                                                                               
                       "Temp Written Blocks": 0,                                                                                                            
                       "Plans": [                                                                                                                           
                         {                                                                                                                                  
                           "Node Type": "Seq Scan",                                                                                                         
                           "Parent Relationship": "Outer",                                                                                                  
                           "Parallel Aware": false,                                                                                                         
                           "Relation Name": "movie_keyword",                                                                                                
                           "Alias": "mk",                                                                                                                   
                           "Startup Cost": 0.00,                                                                                                            
                           "Total Cost": 1079.84,                                                                                                           
                           "Plan Rows": 4523930,                                                                                                            
                           "Plan Width": 8,                                                                                                                 
                           "Actual Startup Time": 0.017,                                                                                                    
                           "Actual Total Time": 770.025,                                                                                                    
                           "Actual Rows": 4523930,                                                                                                          
                           "Actual Loops": 1,                                                                                                               
                           "Shared Hit Blocks": 3,                                                                                                          
                           "Shared Read Blocks": 24451,                                                                                                     
                           "Shared Dirtied Blocks": 0,                                                                                                      
                           "Shared Written Blocks": 0,                                                                                                      
                           "Local Hit Blocks": 0,                                                                                                           
                           "Local Read Blocks": 0,                                                                                                          
                           "Local Dirtied Blocks": 0,                                                                                                       
                           "Local Written Blocks": 0,                                                                                                       
                           "Temp Read Blocks": 0,                                                                                                           
                           "Temp Written Blocks": 0                                                                                                         
                         }                                                                                                                                  
                       ]                                                                                                                                    
                     }                                                                                                                                      
                   ]                                                                                                                                        
                 }                                                                                                                                          
               ]                                                                                                                                            
             },                                                                                                                                             
             {                                                                                                                                              
               "Node Type": "Sort",                                                                                                                         
               "Parent Relationship": "Inner",                                                                                                              
               "Parallel Aware": false,                                                                                                                     
               "Startup Cost": 49.46,                                                                                                                       
               "Total Cost": 49.46,                                                                                                                         
               "Plan Rows": 1,                                                                                                                              
               "Plan Width": 4,                                                                                                                             
               "Actual Startup Time": 89.104,                                                                                                               
               "Actual Total Time": 89.104,                                                                                                                 
               "Actual Rows": 1,                                                                                                                            
               "Actual Loops": 1,                                                                                                                           
               "Sort Key": ["k.id"],                                                                                                                        
               "Sort Method": "quicksort",                                                                                                                  
               "Sort Space Used": 25,                                                                                                                       
               "Sort Space Type": "Memory",                                                                                                                 
               "Shared Hit Blocks": 2,                                                                                                                      
               "Shared Read Blocks": 947,                                                                                                                   
               "Shared Dirtied Blocks": 0,                                                                                                                  
               "Shared Written Blocks": 0,                                                                                                                  
               "Local Hit Blocks": 0,                                                                                                                       
               "Local Read Blocks": 0,                                                                                                                      
               "Local Dirtied Blocks": 0,                                                                                                                   
               "Local Written Blocks": 0,                                                                                                                   
               "Temp Read Blocks": 0,                                                                                                                       
               "Temp Written Blocks": 0,                                                                                                                    
               "Plans": [                                                                                                                                   
                 {                                                                                                                                          
                   "Node Type": "Seq Scan",                                                                                                                 
                   "Parent Relationship": "Outer",                                                                                                          
                   "Parallel Aware": false,                                                                                                                 
                   "Relation Name": "keyword",                                                                                                              
                   "Alias": "k",                                                                                                                            
                   "Startup Cost": 0.00,                                                                                                                    
                   "Total Cost": 49.46,                                                                                                                     
                   "Plan Rows": 1,                                                                                                                          
                   "Plan Width": 4,                                                                                                                         
                   "Actual Startup Time": 29.358,                                                                                                           
                   "Actual Total Time": 89.092,                                                                                                             
                   "Actual Rows": 1,                                                                                                                        
                   "Actual Loops": 1,                                                                                                                       
                   "Filter": "(keyword = 'sequel'::text)",                                                                                                  
                   "Rows Removed by Filter": 134169,                                                                                                        
                   "Shared Hit Blocks": 2,                                                                                                                  
                   "Shared Read Blocks": 947,                                                                                                               
                   "Shared Dirtied Blocks": 0,                                                                                                              
                   "Shared Written Blocks": 0,                                                                                                              
                   "Local Hit Blocks": 0,                                                                                                                   
                   "Local Read Blocks": 0,                                                                                                                  
                   "Local Dirtied Blocks": 0,                                                                                                               
                   "Local Written Blocks": 0,                                                                                                               
                   "Temp Read Blocks": 0,                                                                                                                   
                   "Temp Written Blocks": 0                                                                                                                 
                 }                                                                                                                                          
               ]                                                                                                                                            
             }                                                                                                                                              
           ]                                                                                                                                                
         }                                                                                                                                                  
       ]                                                                                                                                                    
     },                                                                                                                                                     
     "Planning Time": 11293.572,                                                                                                                            
     "Triggers": [                                                                                                                                          
     ],                                                                                                                                                     
     "Execution Time": 14222.680                                                                                                                            
   }                                                                                                                                                        
 ]
